[276] processing ex_0277_label_0 …
start run time: 09:59:35
Network: /cs/labs/guykatz/maya.swisa/elbit/20_8/Marabou/resources/nnet/acasxu/ACASXU_experimental_v2a_1_1.nnet
Number of layers: 8. Input layer size: 5. Output layer size: 5. Number of ReLUs: 300
Total number of variables: 610
Property: /cs/labs/guykatz/maya.swisa/elbit/PROPERTY_1_08091/ex_0277_label_0/eps01.txt

Engine::processInputQuery: Input query (before preprocessing): 309 equations, 610 variables
Engine::processInputQuery: Input query (after preprocessing): 604 equations, 914 variables


Engine::solve: Initial statistics

09:59:35 Statistics update:
	--- Time Statistics ---
	Total time elapsed: 59 milli (00:00:00)
		Main loop: 0 milli (00:00:00)
		Preprocessing time: 38 milli (00:00:00)
		Unknown: 20 milli (00:00:00)
	Breakdown for main loop:
		[0.00%] Simplex steps: 0 milli
		[0.00%] Explicit-basis bound tightening: 0 milli
		[0.00%] Constraint-matrix bound tightening: 0 milli
		[0.00%] Degradation checking: 0 milli
		[0.00%] Precision restoration: 0 milli
		[0.00%] Statistics handling: 0 milli
		[0.00%] Constraint-fixing steps: 0 milli
		[0.00%] Valid case splits: 4 milli. Average per split: 0.00 milli
		[0.00%] Applying stored bound-tightening: 0 milli
		[0.00%] SMT core: 0 milli
		[0.00%] Symbolic Bound Tightening: 4 milli
		[0.00%] SoI-based local search: 0 milli
		[0.00%] SoI-based local search: 0 milli
		[0.00%] Unaccounted for: 0 milli
	--- Preprocessor Statistics ---
	Number of preprocessor bound-tightening loop iterations: 8
	Number of eliminated variables: 0
	Number of constraints removed due to variable elimination: 0
	Number of equations removed due to variable elimination: 0
	--- Engine Statistics ---
	Number of main loop iterations: 1
		0 iterations were simplex steps. Total time: 0 milli. Average: 0.00 milli.
		0 iterations were constraint-fixing steps. Total time: 0 milli. Average: 0.00 milli
	Number of active piecewise-linear constraints: 39 / 300
		Constraints disabled by valid splits: 261. By SMT-originated splits: 0
	Last reported degradation: 0.0000000000. Max degradation so far: 0.0000000000. Restorations so far: 0
	Number of simplex pivots we attempted to skip because of instability: 0.
	Unstable pivots performed anyway: 0
	--- Tableau Statistics ---
	Total number of pivots performed: 0
		Real pivots: 0. Degenerate: 0 (0.00%)
		Degenerate pivots by request (e.g., to fix a PL constraint): 0 (0.00%)
		Average time per pivot: 0.00 milli
	Total number of fake pivots performed: 0
	Total number of rows added: 0. Number of merged columns: 0
	Current tableau dimensions: M = 604, N = 1518
	--- SMT Core Statistics ---
	Total depth is 0. Total visited states: 1. Number of splits: 0. Number of pops: 0
	Max stack depth: 0
	--- Bound Tightening Statistics ---
	Number of tightened bounds: 0.
		Number of rows examined by row tightener: 0. Consequent tightenings: 0
		Number of explicit basis matrices examined by row tightener: 0. Consequent tightenings: 0
		Number of bound tightening rounds on the entire constraint matrix: 0. Consequent tightenings: 0
		Number of bound notifications sent to PL constraints: 1800. Tightenings proposed: 0
	--- Basis Factorization statistics ---
	Number of basis refactorizations: 2
	--- Projected Steepest Edge Statistics ---
	Number of iterations: 0.
	Number of resets to reference space: 1. Avg. iterations per reset: 0
	--- SBT ---
	Number of tightened bounds: 751
	--- SoI-based local search ---
	Number of proposed phase pattern update: 0. Number of accepted update: 0 [0.00%]
	Total time (% of local search time) updating SoI phase pattern : 0 milli [0.00%]
	Total time obtaining current assignment: 0 milli [0.00%]
	Total time getting SoI phase pattern : 0 milli [0.00%]
	--- Context dependent statistics ---
	Number of pushes / pops: 0 / 0
		[0.00%] Pre-Push hook: 0 milli
		[0.00%] Push : 0 milli
		[0.00%] Post-Pop hook: 0 milli
		[0.00%] Pop : 0 milli
		[0.00%] Total context-switching time: 0 milli
	--- Proof Certificate ---
	Number of certified leaves: 0
	Number of leaves to delegate: 0
	Number of lemmas: 0

---
start solving without an agent

Engine::solve: unsat query

09:59:35 Statistics update:
	--- Time Statistics ---
	Total time elapsed: 161 milli (00:00:00)
		Main loop: 101 milli (00:00:00)
		Preprocessing time: 38 milli (00:00:00)
		Unknown: 21 milli (00:00:00)
	Breakdown for main loop:
		[34.57%] Simplex steps: 35 milli
		[58.33%] Explicit-basis bound tightening: 59 milli
		[0.00%] Constraint-matrix bound tightening: 0 milli
		[0.30%] Degradation checking: 0 milli
		[0.00%] Precision restoration: 0 milli
		[0.02%] Statistics handling: 0 milli
		[0.00%] Constraint-fixing steps: 0 milli
		[4.79%] Valid case splits: 4 milli. Average per split: 0.00 milli
		[0.00%] Applying stored bound-tightening: 0 milli
		[0.00%] SMT core: 0 milli
		[8.86%] Symbolic Bound Tightening: 8 milli
		[0.00%] SoI-based local search: 0 milli
		[0.00%] SoI-based local search: 0 milli
		[18182910048900008.00%] Unaccounted for: 0 milli
	--- Preprocessor Statistics ---
	Number of preprocessor bound-tightening loop iterations: 8
	Number of eliminated variables: 0
	Number of constraints removed due to variable elimination: 0
	Number of equations removed due to variable elimination: 0
	--- Engine Statistics ---
	Number of main loop iterations: 243
		242 iterations were simplex steps. Total time: 35 milli. Average: 0.14 milli.
		0 iterations were constraint-fixing steps. Total time: 0 milli. Average: 0.00 milli
	Number of active piecewise-linear constraints: 36 / 300
		Constraints disabled by valid splits: 264. By SMT-originated splits: 0
	Last reported degradation: 0.0000000000. Max degradation so far: 0.0000000000. Restorations so far: 0
	Number of simplex pivots we attempted to skip because of instability: 0.
	Unstable pivots performed anyway: 0
	--- Tableau Statistics ---
	Total number of pivots performed: 235
		Real pivots: 221. Degenerate: 14 (5.96%)
		Degenerate pivots by request (e.g., to fix a PL constraint): 0 (0.00%)
		Average time per pivot: 0.03 milli
	Total number of fake pivots performed: 5
	Total number of rows added: 0. Number of merged columns: 0
	Current tableau dimensions: M = 604, N = 1518
	--- SMT Core Statistics ---
	Total depth is 0. Total visited states: 1. Number of splits: 0. Number of pops: 0
	Max stack depth: 0
	--- Bound Tightening Statistics ---
	Number of tightened bounds: 3.
		Number of rows examined by row tightener: 235. Consequent tightenings: 2
		Number of explicit basis matrices examined by row tightener: 3. Consequent tightenings: 409
		Number of bound tightening rounds on the entire constraint matrix: 0. Consequent tightenings: 0
		Number of bound notifications sent to PL constraints: 3750. Tightenings proposed: 0
	--- Basis Factorization statistics ---
	Number of basis refactorizations: 4
	--- Projected Steepest Edge Statistics ---
	Number of iterations: 240.
	Number of resets to reference space: 1. Avg. iterations per reset: 240
	--- SBT ---
	Number of tightened bounds: 754
	--- SoI-based local search ---
	Number of proposed phase pattern update: 0. Number of accepted update: 0 [0.00%]
	Total time (% of local search time) updating SoI phase pattern : 0 milli [0.00%]
	Total time obtaining current assignment: 0 milli [0.00%]
	Total time getting SoI phase pattern : 0 milli [0.00%]
	--- Context dependent statistics ---
	Number of pushes / pops: 0 / 0
		[0.00%] Pre-Push hook: 0 milli
		[0.00%] Push : 0 milli
		[0.00%] Post-Pop hook: 0 milli
		[0.00%] Pop : 0 milli
		[0.00%] Total context-switching time: 0 milli
	--- Proof Certificate ---
	Number of certified leaves: 0
	Number of leaves to delegate: 0
	Number of lemmas: 0
unsat
end run time: 09:59:35
DQN: Done solving. Time : 169 milli. 

start run time: 09:59:35
Network: /cs/labs/guykatz/maya.swisa/elbit/20_8/Marabou/resources/nnet/acasxu/ACASXU_experimental_v2a_1_1.nnet
Number of layers: 8. Input layer size: 5. Output layer size: 5. Number of ReLUs: 300
Total number of variables: 610
Property: /cs/labs/guykatz/maya.swisa/elbit/PROPERTY_1_08091/ex_0277_label_0/eps02.txt

Engine::processInputQuery: Input query (before preprocessing): 309 equations, 610 variables
Engine::processInputQuery: Input query (after preprocessing): 604 equations, 914 variables


Engine::solve: Initial statistics

09:59:35 Statistics update:
	--- Time Statistics ---
	Total time elapsed: 42 milli (00:00:00)
		Main loop: 0 milli (00:00:00)
		Preprocessing time: 29 milli (00:00:00)
		Unknown: 12 milli (00:00:00)
	Breakdown for main loop:
		[0.00%] Simplex steps: 0 milli
		[0.00%] Explicit-basis bound tightening: 0 milli
		[0.00%] Constraint-matrix bound tightening: 0 milli
		[0.00%] Degradation checking: 0 milli
		[0.00%] Precision restoration: 0 milli
		[0.00%] Statistics handling: 0 milli
		[0.00%] Constraint-fixing steps: 0 milli
		[0.00%] Valid case splits: 4 milli. Average per split: 0.00 milli
		[0.00%] Applying stored bound-tightening: 0 milli
		[0.00%] SMT core: 0 milli
		[0.00%] Symbolic Bound Tightening: 4 milli
		[0.00%] SoI-based local search: 0 milli
		[0.00%] SoI-based local search: 0 milli
		[0.00%] Unaccounted for: 0 milli
	--- Preprocessor Statistics ---
	Number of preprocessor bound-tightening loop iterations: 8
	Number of eliminated variables: 0
	Number of constraints removed due to variable elimination: 0
	Number of equations removed due to variable elimination: 0
	--- Engine Statistics ---
	Number of main loop iterations: 1
		0 iterations were simplex steps. Total time: 0 milli. Average: 0.00 milli.
		0 iterations were constraint-fixing steps. Total time: 0 milli. Average: 0.00 milli
	Number of active piecewise-linear constraints: 43 / 300
		Constraints disabled by valid splits: 257. By SMT-originated splits: 0
	Last reported degradation: 0.0000000000. Max degradation so far: 0.0000000000. Restorations so far: 0
	Number of simplex pivots we attempted to skip because of instability: 0.
	Unstable pivots performed anyway: 0
	--- Tableau Statistics ---
	Total number of pivots performed: 0
		Real pivots: 0. Degenerate: 0 (0.00%)
		Degenerate pivots by request (e.g., to fix a PL constraint): 0 (0.00%)
		Average time per pivot: 0.00 milli
	Total number of fake pivots performed: 0
	Total number of rows added: 0. Number of merged columns: 0
	Current tableau dimensions: M = 604, N = 1518
	--- SMT Core Statistics ---
	Total depth is 0. Total visited states: 1. Number of splits: 0. Number of pops: 0
	Max stack depth: 0
	--- Bound Tightening Statistics ---
	Number of tightened bounds: 0.
		Number of rows examined by row tightener: 0. Consequent tightenings: 0
		Number of explicit basis matrices examined by row tightener: 0. Consequent tightenings: 0
		Number of bound tightening rounds on the entire constraint matrix: 0. Consequent tightenings: 0
		Number of bound notifications sent to PL constraints: 1800. Tightenings proposed: 0
	--- Basis Factorization statistics ---
	Number of basis refactorizations: 2
	--- Projected Steepest Edge Statistics ---
	Number of iterations: 0.
	Number of resets to reference space: 1. Avg. iterations per reset: 0
	--- SBT ---
	Number of tightened bounds: 752
	--- SoI-based local search ---
	Number of proposed phase pattern update: 0. Number of accepted update: 0 [0.00%]
	Total time (% of local search time) updating SoI phase pattern : 0 milli [0.00%]
	Total time obtaining current assignment: 0 milli [0.00%]
	Total time getting SoI phase pattern : 0 milli [0.00%]
	--- Context dependent statistics ---
	Number of pushes / pops: 0 / 0
		[0.00%] Pre-Push hook: 0 milli
		[0.00%] Push : 0 milli
		[0.00%] Post-Pop hook: 0 milli
		[0.00%] Pop : 0 milli
		[0.00%] Total context-switching time: 0 milli
	--- Proof Certificate ---
	Number of certified leaves: 0
	Number of leaves to delegate: 0
	Number of lemmas: 0

---
start solving without an agent

Engine::solve: unsat query

09:59:35 Statistics update:
	--- Time Statistics ---
	Total time elapsed: 188 milli (00:00:00)
		Main loop: 146 milli (00:00:00)
		Preprocessing time: 29 milli (00:00:00)
		Unknown: 12 milli (00:00:00)
	Breakdown for main loop:
		[41.59%] Simplex steps: 60 milli
		[39.95%] Explicit-basis bound tightening: 58 milli
		[0.00%] Constraint-matrix bound tightening: 0 milli
		[0.21%] Degradation checking: 0 milli
		[0.00%] Precision restoration: 0 milli
		[0.05%] Statistics handling: 0 milli
		[0.00%] Constraint-fixing steps: 0 milli
		[3.86%] Valid case splits: 5 milli. Average per split: 0.00 milli
		[0.01%] Applying stored bound-tightening: 0 milli
		[0.48%] SMT core: 0 milli
		[17.93%] Symbolic Bound Tightening: 26 milli
		[19.61%] SoI-based local search: 28 milli
		[0.00%] SoI-based local search: 0 milli
		[12591892034450908.00%] Unaccounted for: 0 milli
	--- Preprocessor Statistics ---
	Number of preprocessor bound-tightening loop iterations: 8
	Number of eliminated variables: 0
	Number of constraints removed due to variable elimination: 0
	Number of equations removed due to variable elimination: 0
	--- Engine Statistics ---
	Number of main loop iterations: 280
		276 iterations were simplex steps. Total time: 60 milli. Average: 0.22 milli.
		0 iterations were constraint-fixing steps. Total time: 0 milli. Average: 0.00 milli
	Number of active piecewise-linear constraints: 25 / 300
		Constraints disabled by valid splits: 275. By SMT-originated splits: 0
	Last reported degradation: 0.0000000145. Max degradation so far: 0.0000000145. Restorations so far: 0
	Number of simplex pivots we attempted to skip because of instability: 0.
	Unstable pivots performed anyway: 0
	--- Tableau Statistics ---
	Total number of pivots performed: 260
		Real pivots: 245. Degenerate: 15 (5.77%)
		Degenerate pivots by request (e.g., to fix a PL constraint): 0 (0.00%)
		Average time per pivot: 0.03 milli
	Total number of fake pivots performed: 10
	Total number of rows added: 0. Number of merged columns: 0
	Current tableau dimensions: M = 604, N = 1518
	--- SMT Core Statistics ---
	Total depth is 1. Total visited states: 4. Number of splits: 1. Number of pops: 2
	Max stack depth: 1
	--- Bound Tightening Statistics ---
	Number of tightened bounds: 1247.
		Number of rows examined by row tightener: 260. Consequent tightenings: 3
		Number of explicit basis matrices examined by row tightener: 3. Consequent tightenings: 337
		Number of bound tightening rounds on the entire constraint matrix: 0. Consequent tightenings: 0
		Number of bound notifications sent to PL constraints: 5649. Tightenings proposed: 0
	--- Basis Factorization statistics ---
	Number of basis refactorizations: 4
	--- Projected Steepest Edge Statistics ---
	Number of iterations: 270.
	Number of resets to reference space: 2. Avg. iterations per reset: 135
	--- SBT ---
	Number of tightened bounds: 1999
	--- SoI-based local search ---
	Number of proposed phase pattern update: 1. Number of accepted update: 2 [200.00%]
	Total time (% of local search time) updating SoI phase pattern : 138 milli [0.48%]
	Total time obtaining current assignment: 178 milli [0.62%]
	Total time getting SoI phase pattern : 34 milli [0.02%]
	--- Context dependent statistics ---
	Number of pushes / pops: 2 / 2
		[0.02%] Pre-Push hook: 0 milli
		[0.00%] Push : 0 milli
		[0.04%] Post-Pop hook: 0 milli
		[0.01%] Pop : 0 milli
		[0.07%] Total context-switching time: 0 milli
	--- Proof Certificate ---
	Number of certified leaves: 0
	Number of leaves to delegate: 0
	Number of lemmas: 0
unsat
end run time: 09:59:35
DQN: Done solving. Time : 194 milli. 

start run time: 09:59:35
Network: /cs/labs/guykatz/maya.swisa/elbit/20_8/Marabou/resources/nnet/acasxu/ACASXU_experimental_v2a_1_1.nnet
Number of layers: 8. Input layer size: 5. Output layer size: 5. Number of ReLUs: 300
Total number of variables: 610
Property: /cs/labs/guykatz/maya.swisa/elbit/PROPERTY_1_08091/ex_0277_label_0/eps03.txt

Engine::processInputQuery: Input query (before preprocessing): 309 equations, 610 variables
Engine::processInputQuery: Input query (after preprocessing): 604 equations, 914 variables


Engine::solve: Initial statistics

09:59:35 Statistics update:
	--- Time Statistics ---
	Total time elapsed: 39 milli (00:00:00)
		Main loop: 0 milli (00:00:00)
		Preprocessing time: 29 milli (00:00:00)
		Unknown: 10 milli (00:00:00)
	Breakdown for main loop:
		[0.00%] Simplex steps: 0 milli
		[0.00%] Explicit-basis bound tightening: 0 milli
		[0.00%] Constraint-matrix bound tightening: 0 milli
		[0.00%] Degradation checking: 0 milli
		[0.00%] Precision restoration: 0 milli
		[0.00%] Statistics handling: 0 milli
		[0.00%] Constraint-fixing steps: 0 milli
		[0.00%] Valid case splits: 4 milli. Average per split: 0.00 milli
		[0.00%] Applying stored bound-tightening: 0 milli
		[0.00%] SMT core: 0 milli
		[0.00%] Symbolic Bound Tightening: 4 milli
		[0.00%] SoI-based local search: 0 milli
		[0.00%] SoI-based local search: 0 milli
		[0.00%] Unaccounted for: 0 milli
	--- Preprocessor Statistics ---
	Number of preprocessor bound-tightening loop iterations: 8
	Number of eliminated variables: 0
	Number of constraints removed due to variable elimination: 0
	Number of equations removed due to variable elimination: 0
	--- Engine Statistics ---
	Number of main loop iterations: 1
		0 iterations were simplex steps. Total time: 0 milli. Average: 0.00 milli.
		0 iterations were constraint-fixing steps. Total time: 0 milli. Average: 0.00 milli
	Number of active piecewise-linear constraints: 53 / 300
		Constraints disabled by valid splits: 247. By SMT-originated splits: 0
	Last reported degradation: 0.0000000000. Max degradation so far: 0.0000000000. Restorations so far: 0
	Number of simplex pivots we attempted to skip because of instability: 0.
	Unstable pivots performed anyway: 0
	--- Tableau Statistics ---
	Total number of pivots performed: 0
		Real pivots: 0. Degenerate: 0 (0.00%)
		Degenerate pivots by request (e.g., to fix a PL constraint): 0 (0.00%)
		Average time per pivot: 0.00 milli
	Total number of fake pivots performed: 0
	Total number of rows added: 0. Number of merged columns: 0
	Current tableau dimensions: M = 604, N = 1518
	--- SMT Core Statistics ---
	Total depth is 0. Total visited states: 1. Number of splits: 0. Number of pops: 0
	Max stack depth: 0
	--- Bound Tightening Statistics ---
	Number of tightened bounds: 0.
		Number of rows examined by row tightener: 0. Consequent tightenings: 0
		Number of explicit basis matrices examined by row tightener: 0. Consequent tightenings: 0
		Number of bound tightening rounds on the entire constraint matrix: 0. Consequent tightenings: 0
		Number of bound notifications sent to PL constraints: 1800. Tightenings proposed: 0
	--- Basis Factorization statistics ---
	Number of basis refactorizations: 2
	--- Projected Steepest Edge Statistics ---
	Number of iterations: 0.
	Number of resets to reference space: 1. Avg. iterations per reset: 0
	--- SBT ---
	Number of tightened bounds: 753
	--- SoI-based local search ---
	Number of proposed phase pattern update: 0. Number of accepted update: 0 [0.00%]
	Total time (% of local search time) updating SoI phase pattern : 0 milli [0.00%]
	Total time obtaining current assignment: 0 milli [0.00%]
	Total time getting SoI phase pattern : 0 milli [0.00%]
	--- Context dependent statistics ---
	Number of pushes / pops: 0 / 0
		[0.00%] Pre-Push hook: 0 milli
		[0.00%] Push : 0 milli
		[0.00%] Post-Pop hook: 0 milli
		[0.00%] Pop : 0 milli
		[0.00%] Total context-switching time: 0 milli
	--- Proof Certificate ---
	Number of certified leaves: 0
	Number of leaves to delegate: 0
	Number of lemmas: 0

---
start solving without an agent

Engine::solve: unsat query

09:59:35 Statistics update:
	--- Time Statistics ---
	Total time elapsed: 339 milli (00:00:00)
		Main loop: 299 milli (00:00:00)
		Preprocessing time: 29 milli (00:00:00)
		Unknown: 10 milli (00:00:00)
	Breakdown for main loop:
		[35.37%] Simplex steps: 106 milli
		[19.15%] Explicit-basis bound tightening: 57 milli
		[0.00%] Constraint-matrix bound tightening: 0 milli
		[0.16%] Degradation checking: 0 milli
		[0.00%] Precision restoration: 0 milli
		[0.03%] Statistics handling: 0 milli
		[0.00%] Constraint-fixing steps: 0 milli
		[2.26%] Valid case splits: 6 milli. Average per split: 0.00 milli
		[0.05%] Applying stored bound-tightening: 0 milli
		[1.95%] SMT core: 5 milli
		[41.65%] Symbolic Bound Tightening: 124 milli
		[23.65%] SoI-based local search: 70 milli
		[0.00%] SoI-based local search: 0 milli
		[6150739410594993.00%] Unaccounted for: 0 milli
	--- Preprocessor Statistics ---
	Number of preprocessor bound-tightening loop iterations: 8
	Number of eliminated variables: 0
	Number of constraints removed due to variable elimination: 0
	Number of equations removed due to variable elimination: 0
	--- Engine Statistics ---
	Number of main loop iterations: 391
		368 iterations were simplex steps. Total time: 106 milli. Average: 0.29 milli.
		0 iterations were constraint-fixing steps. Total time: 0 milli. Average: 0.00 milli
	Number of active piecewise-linear constraints: 25 / 300
		Constraints disabled by valid splits: 275. By SMT-originated splits: 0
	Last reported degradation: 0.0000000000. Max degradation so far: 0.0000000000. Restorations so far: 0
	Number of simplex pivots we attempted to skip because of instability: 0.
	Unstable pivots performed anyway: 0
	--- Tableau Statistics ---
	Total number of pivots performed: 331
		Real pivots: 319. Degenerate: 12 (3.63%)
		Degenerate pivots by request (e.g., to fix a PL constraint): 0 (0.00%)
		Average time per pivot: 0.03 milli
	Total number of fake pivots performed: 10
	Total number of rows added: 0. Number of merged columns: 0
	Current tableau dimensions: M = 604, N = 1518
	--- SMT Core Statistics ---
	Total depth is 3. Total visited states: 16. Number of splits: 7. Number of pops: 8
	Max stack depth: 4
	--- Bound Tightening Statistics ---
	Number of tightened bounds: 8530.
		Number of rows examined by row tightener: 331. Consequent tightenings: 1
		Number of explicit basis matrices examined by row tightener: 3. Consequent tightenings: 357
		Number of bound tightening rounds on the entire constraint matrix: 0. Consequent tightenings: 0
		Number of bound notifications sent to PL constraints: 14266. Tightenings proposed: 0
	--- Basis Factorization statistics ---
	Number of basis refactorizations: 4
	--- Projected Steepest Edge Statistics ---
	Number of iterations: 341.
	Number of resets to reference space: 8. Avg. iterations per reset: 42
	--- SBT ---
	Number of tightened bounds: 9283
	--- SoI-based local search ---
	Number of proposed phase pattern update: 7. Number of accepted update: 14 [200.00%]
	Total time (% of local search time) updating SoI phase pattern : 676 milli [0.95%]
	Total time obtaining current assignment: 1549 milli [2.18%]
	Total time getting SoI phase pattern : 190 milli [0.06%]
	--- Context dependent statistics ---
	Number of pushes / pops: 14 / 14
		[0.12%] Pre-Push hook: 0 milli
		[0.00%] Push : 0 milli
		[0.11%] Post-Pop hook: 0 milli
		[0.11%] Pop : 0 milli
		[0.34%] Total context-switching time: 1 milli
	--- Proof Certificate ---
	Number of certified leaves: 0
	Number of leaves to delegate: 0
	Number of lemmas: 0
unsat
end run time: 09:59:35
DQN: Done solving. Time : 345 milli. 

