[766] processing ex_0767_label_0 …
start run time: 10:22:38
Network: /cs/labs/guykatz/maya.swisa/elbit/20_8/Marabou/resources/nnet/acasxu/ACASXU_experimental_v2a_1_1.nnet
Number of layers: 8. Input layer size: 5. Output layer size: 5. Number of ReLUs: 300
Total number of variables: 610
Property: /cs/labs/guykatz/maya.swisa/elbit/PROPERTY_1_08091/ex_0767_label_0/eps01.txt

Engine::processInputQuery: Input query (before preprocessing): 309 equations, 610 variables
Engine::processInputQuery: Input query (after preprocessing): 604 equations, 914 variables


Engine::solve: Initial statistics

10:22:38 Statistics update:
	--- Time Statistics ---
	Total time elapsed: 53 milli (00:00:00)
		Main loop: 0 milli (00:00:00)
		Preprocessing time: 37 milli (00:00:00)
		Unknown: 15 milli (00:00:00)
	Breakdown for main loop:
		[0.00%] Simplex steps: 0 milli
		[0.00%] Explicit-basis bound tightening: 0 milli
		[0.00%] Constraint-matrix bound tightening: 0 milli
		[0.00%] Degradation checking: 0 milli
		[0.00%] Precision restoration: 0 milli
		[0.00%] Statistics handling: 0 milli
		[0.00%] Constraint-fixing steps: 0 milli
		[0.00%] Valid case splits: 3 milli. Average per split: 0.00 milli
		[0.00%] Applying stored bound-tightening: 0 milli
		[0.00%] SMT core: 0 milli
		[0.00%] Symbolic Bound Tightening: 4 milli
		[0.00%] SoI-based local search: 0 milli
		[0.00%] SoI-based local search: 0 milli
		[0.00%] Unaccounted for: 0 milli
	--- Preprocessor Statistics ---
	Number of preprocessor bound-tightening loop iterations: 8
	Number of eliminated variables: 0
	Number of constraints removed due to variable elimination: 0
	Number of equations removed due to variable elimination: 0
	--- Engine Statistics ---
	Number of main loop iterations: 1
		0 iterations were simplex steps. Total time: 0 milli. Average: 0.00 milli.
		0 iterations were constraint-fixing steps. Total time: 0 milli. Average: 0.00 milli
	Number of active piecewise-linear constraints: 113 / 300
		Constraints disabled by valid splits: 187. By SMT-originated splits: 0
	Last reported degradation: 0.0000000000. Max degradation so far: 0.0000000000. Restorations so far: 0
	Number of simplex pivots we attempted to skip because of instability: 0.
	Unstable pivots performed anyway: 0
	--- Tableau Statistics ---
	Total number of pivots performed: 0
		Real pivots: 0. Degenerate: 0 (0.00%)
		Degenerate pivots by request (e.g., to fix a PL constraint): 0 (0.00%)
		Average time per pivot: 0.00 milli
	Total number of fake pivots performed: 0
	Total number of rows added: 0. Number of merged columns: 0
	Current tableau dimensions: M = 604, N = 1518
	--- SMT Core Statistics ---
	Total depth is 0. Total visited states: 1. Number of splits: 0. Number of pops: 0
	Max stack depth: 0
	--- Bound Tightening Statistics ---
	Number of tightened bounds: 0.
		Number of rows examined by row tightener: 0. Consequent tightenings: 0
		Number of explicit basis matrices examined by row tightener: 0. Consequent tightenings: 0
		Number of bound tightening rounds on the entire constraint matrix: 0. Consequent tightenings: 0
		Number of bound notifications sent to PL constraints: 1800. Tightenings proposed: 0
	--- Basis Factorization statistics ---
	Number of basis refactorizations: 2
	--- Projected Steepest Edge Statistics ---
	Number of iterations: 0.
	Number of resets to reference space: 1. Avg. iterations per reset: 0
	--- SBT ---
	Number of tightened bounds: 745
	--- SoI-based local search ---
	Number of proposed phase pattern update: 0. Number of accepted update: 0 [0.00%]
	Total time (% of local search time) updating SoI phase pattern : 0 milli [0.00%]
	Total time obtaining current assignment: 0 milli [0.00%]
	Total time getting SoI phase pattern : 0 milli [0.00%]
	--- Context dependent statistics ---
	Number of pushes / pops: 0 / 0
		[0.00%] Pre-Push hook: 0 milli
		[0.00%] Push : 0 milli
		[0.00%] Post-Pop hook: 0 milli
		[0.00%] Pop : 0 milli
		[0.00%] Total context-switching time: 0 milli
	--- Proof Certificate ---
	Number of certified leaves: 0
	Number of leaves to delegate: 0
	Number of lemmas: 0

---
start solving without an agent

Engine::solve: unsat query

10:22:47 Statistics update:
	--- Time Statistics ---
	Total time elapsed: 9923 milli (00:00:09)
		Main loop: 9865 milli (00:00:09)
		Preprocessing time: 37 milli (00:00:00)
		Unknown: 19 milli (00:00:00)
	Breakdown for main loop:
		[39.90%] Simplex steps: 3936 milli
		[20.15%] Explicit-basis bound tightening: 1987 milli
		[0.00%] Constraint-matrix bound tightening: 0 milli
		[0.19%] Degradation checking: 18 milli
		[0.00%] Precision restoration: 0 milli
		[0.04%] Statistics handling: 3 milli
		[0.00%] Constraint-fixing steps: 0 milli
		[0.39%] Valid case splits: 38 milli. Average per split: 0.00 milli
		[0.04%] Applying stored bound-tightening: 3 milli
		[2.42%] SMT core: 239 milli
		[31.98%] Symbolic Bound Tightening: 3155 milli
		[24.72%] SoI-based local search: 2438 milli
		[0.00%] SoI-based local search: 0 milli
		[4.90%] Unaccounted for: 483 milli
	--- Preprocessor Statistics ---
	Number of preprocessor bound-tightening loop iterations: 8
	Number of eliminated variables: 0
	Number of constraints removed due to variable elimination: 0
	Number of equations removed due to variable elimination: 0
	--- Engine Statistics ---
	Number of main loop iterations: 11715
		11002 iterations were simplex steps. Total time: 3936 milli. Average: 0.36 milli.
		0 iterations were constraint-fixing steps. Total time: 0 milli. Average: 0.00 milli
	Number of active piecewise-linear constraints: 30 / 300
		Constraints disabled by valid splits: 269. By SMT-originated splits: 1
	Last reported degradation: 0.0000000000. Max degradation so far: 0.0000000026. Restorations so far: 0
	Number of simplex pivots we attempted to skip because of instability: 4.
	Unstable pivots performed anyway: 1
	--- Tableau Statistics ---
	Total number of pivots performed: 9528
		Real pivots: 9473. Degenerate: 55 (0.58%)
		Degenerate pivots by request (e.g., to fix a PL constraint): 0 (0.00%)
		Average time per pivot: 0.05 milli
	Total number of fake pivots performed: 307
	Total number of rows added: 0. Number of merged columns: 0
	Current tableau dimensions: M = 604, N = 1518
	--- SMT Core Statistics ---
	Total depth is 5. Total visited states: 462. Number of splits: 230. Number of pops: 231
	Max stack depth: 20
	--- Bound Tightening Statistics ---
	Number of tightened bounds: 171758.
		Number of rows examined by row tightener: 9528. Consequent tightenings: 2415
		Number of explicit basis matrices examined by row tightener: 109. Consequent tightenings: 33391
		Number of bound tightening rounds on the entire constraint matrix: 0. Consequent tightenings: 0
		Number of bound notifications sent to PL constraints: 294877. Tightenings proposed: 0
	--- Basis Factorization statistics ---
	Number of basis refactorizations: 89
	--- Projected Steepest Edge Statistics ---
	Number of iterations: 9838.
	Number of resets to reference space: 232. Avg. iterations per reset: 42
	--- SBT ---
	Number of tightened bounds: 172503
	--- SoI-based local search ---
	Number of proposed phase pattern update: 299. Number of accepted update: 463 [154.85%]
	Total time (% of local search time) updating SoI phase pattern : 25363 milli [1.04%]
	Total time obtaining current assignment: 67458 milli [2.77%]
	Total time getting SoI phase pattern : 5283 milli [0.05%]
	--- Context dependent statistics ---
	Number of pushes / pops: 460 / 460
		[0.12%] Pre-Push hook: 11 milli
		[0.00%] Push : 0 milli
		[0.12%] Post-Pop hook: 11 milli
		[0.12%] Pop : 11 milli
		[0.36%] Total context-switching time: 35 milli
	--- Proof Certificate ---
	Number of certified leaves: 0
	Number of leaves to delegate: 0
	Number of lemmas: 0
unsat
end run time: 10:22:47
DQN: Done solving. Time : 9932 milli. 

start run time: 10:22:47
Network: /cs/labs/guykatz/maya.swisa/elbit/20_8/Marabou/resources/nnet/acasxu/ACASXU_experimental_v2a_1_1.nnet
Number of layers: 8. Input layer size: 5. Output layer size: 5. Number of ReLUs: 300
Total number of variables: 610
Property: /cs/labs/guykatz/maya.swisa/elbit/PROPERTY_1_08091/ex_0767_label_0/eps02.txt

Engine::processInputQuery: Input query (before preprocessing): 309 equations, 610 variables
Engine::processInputQuery: Input query (after preprocessing): 604 equations, 914 variables


Engine::solve: Initial statistics

10:22:47 Statistics update:
	--- Time Statistics ---
	Total time elapsed: 38 milli (00:00:00)
		Main loop: 0 milli (00:00:00)
		Preprocessing time: 29 milli (00:00:00)
		Unknown: 9 milli (00:00:00)
	Breakdown for main loop:
		[0.00%] Simplex steps: 0 milli
		[0.00%] Explicit-basis bound tightening: 0 milli
		[0.00%] Constraint-matrix bound tightening: 0 milli
		[0.00%] Degradation checking: 0 milli
		[0.00%] Precision restoration: 0 milli
		[0.00%] Statistics handling: 0 milli
		[0.00%] Constraint-fixing steps: 0 milli
		[0.00%] Valid case splits: 2 milli. Average per split: 0.00 milli
		[0.00%] Applying stored bound-tightening: 0 milli
		[0.00%] SMT core: 0 milli
		[0.00%] Symbolic Bound Tightening: 4 milli
		[0.00%] SoI-based local search: 0 milli
		[0.00%] SoI-based local search: 0 milli
		[0.00%] Unaccounted for: 0 milli
	--- Preprocessor Statistics ---
	Number of preprocessor bound-tightening loop iterations: 8
	Number of eliminated variables: 0
	Number of constraints removed due to variable elimination: 0
	Number of equations removed due to variable elimination: 0
	--- Engine Statistics ---
	Number of main loop iterations: 1
		0 iterations were simplex steps. Total time: 0 milli. Average: 0.00 milli.
		0 iterations were constraint-fixing steps. Total time: 0 milli. Average: 0.00 milli
	Number of active piecewise-linear constraints: 139 / 300
		Constraints disabled by valid splits: 161. By SMT-originated splits: 0
	Last reported degradation: 0.0000000000. Max degradation so far: 0.0000000000. Restorations so far: 0
	Number of simplex pivots we attempted to skip because of instability: 0.
	Unstable pivots performed anyway: 0
	--- Tableau Statistics ---
	Total number of pivots performed: 0
		Real pivots: 0. Degenerate: 0 (0.00%)
		Degenerate pivots by request (e.g., to fix a PL constraint): 0 (0.00%)
		Average time per pivot: 0.00 milli
	Total number of fake pivots performed: 0
	Total number of rows added: 0. Number of merged columns: 0
	Current tableau dimensions: M = 604, N = 1518
	--- SMT Core Statistics ---
	Total depth is 0. Total visited states: 1. Number of splits: 0. Number of pops: 0
	Max stack depth: 0
	--- Bound Tightening Statistics ---
	Number of tightened bounds: 0.
		Number of rows examined by row tightener: 0. Consequent tightenings: 0
		Number of explicit basis matrices examined by row tightener: 0. Consequent tightenings: 0
		Number of bound tightening rounds on the entire constraint matrix: 0. Consequent tightenings: 0
		Number of bound notifications sent to PL constraints: 1800. Tightenings proposed: 0
	--- Basis Factorization statistics ---
	Number of basis refactorizations: 2
	--- Projected Steepest Edge Statistics ---
	Number of iterations: 0.
	Number of resets to reference space: 1. Avg. iterations per reset: 0
	--- SBT ---
	Number of tightened bounds: 745
	--- SoI-based local search ---
	Number of proposed phase pattern update: 0. Number of accepted update: 0 [0.00%]
	Total time (% of local search time) updating SoI phase pattern : 0 milli [0.00%]
	Total time obtaining current assignment: 0 milli [0.00%]
	Total time getting SoI phase pattern : 0 milli [0.00%]
	--- Context dependent statistics ---
	Number of pushes / pops: 0 / 0
		[0.00%] Pre-Push hook: 0 milli
		[0.00%] Push : 0 milli
		[0.00%] Post-Pop hook: 0 milli
		[0.00%] Pop : 0 milli
		[0.00%] Total context-switching time: 0 milli
	--- Proof Certificate ---
	Number of certified leaves: 0
	Number of leaves to delegate: 0
	Number of lemmas: 0

---
start solving without an agent

Engine::solve: unsat query

10:24:04 Statistics update:
	--- Time Statistics ---
	Total time elapsed: 76345 milli (00:01:16)
		Main loop: 76282 milli (00:01:16)
		Preprocessing time: 29 milli (00:00:00)
		Unknown: 33 milli (00:00:00)
	Breakdown for main loop:
		[34.08%] Simplex steps: 25999 milli
		[17.16%] Explicit-basis bound tightening: 13093 milli
		[0.00%] Constraint-matrix bound tightening: 0 milli
		[0.17%] Degradation checking: 128 milli
		[0.00%] Precision restoration: 0 milli
		[0.10%] Statistics handling: 75 milli
		[0.00%] Constraint-fixing steps: 0 milli
		[0.31%] Valid case splits: 236 milli. Average per split: 0.00 milli
		[0.05%] Applying stored bound-tightening: 38 milli
		[3.19%] SMT core: 2436 milli
		[37.54%] Symbolic Bound Tightening: 28637 milli
		[23.23%] SoI-based local search: 17719 milli
		[0.00%] SoI-based local search: 0 milli
		[7.39%] Unaccounted for: 5636 milli
	--- Preprocessor Statistics ---
	Number of preprocessor bound-tightening loop iterations: 8
	Number of eliminated variables: 0
	Number of constraints removed due to variable elimination: 0
	Number of equations removed due to variable elimination: 0
	--- Engine Statistics ---
	Number of main loop iterations: 80025
		73685 iterations were simplex steps. Total time: 25999 milli. Average: 0.35 milli.
		0 iterations were constraint-fixing steps. Total time: 0 milli. Average: 0.00 milli
	Number of active piecewise-linear constraints: 19 / 300
		Constraints disabled by valid splits: 277. By SMT-originated splits: 4
	Last reported degradation: 0.0000000000. Max degradation so far: 0.0000038863. Restorations so far: 0
	Number of simplex pivots we attempted to skip because of instability: 72.
	Unstable pivots performed anyway: 8
	--- Tableau Statistics ---
	Total number of pivots performed: 57596
		Real pivots: 57175. Degenerate: 421 (0.73%)
		Degenerate pivots by request (e.g., to fix a PL constraint): 0 (0.00%)
		Average time per pivot: 0.04 milli
	Total number of fake pivots performed: 3744
	Total number of rows added: 0. Number of merged columns: 0
	Current tableau dimensions: M = 604, N = 1518
	--- SMT Core Statistics ---
	Total depth is 8. Total visited states: 4565. Number of splits: 2282. Number of pops: 2282
	Max stack depth: 33
	--- Bound Tightening Statistics ---
	Number of tightened bounds: 1283407.
		Number of rows examined by row tightener: 57596. Consequent tightenings: 22592
		Number of explicit basis matrices examined by row tightener: 826. Consequent tightenings: 231369
		Number of bound tightening rounds on the entire constraint matrix: 0. Consequent tightenings: 0
		Number of bound notifications sent to PL constraints: 2205081. Tightenings proposed: 0
	--- Basis Factorization statistics ---
	Number of basis refactorizations: 501
	--- Projected Steepest Edge Statistics ---
	Number of iterations: 61404.
	Number of resets to reference space: 2283. Avg. iterations per reset: 26
	--- SBT ---
	Number of tightened bounds: 1284152
	--- SoI-based local search ---
	Number of proposed phase pattern update: 2863. Number of accepted update: 4527 [158.12%]
	Total time (% of local search time) updating SoI phase pattern : 229810 milli [1.30%]
	Total time obtaining current assignment: 635821 milli [3.59%]
	Total time getting SoI phase pattern : 41704 milli [0.05%]
	--- Context dependent statistics ---
	Number of pushes / pops: 4564 / 4564
		[0.13%] Pre-Push hook: 96 milli
		[0.00%] Push : 0 milli
		[0.13%] Post-Pop hook: 97 milli
		[0.14%] Pop : 104 milli
		[0.39%] Total context-switching time: 298 milli
	--- Proof Certificate ---
	Number of certified leaves: 0
	Number of leaves to delegate: 0
	Number of lemmas: 0
unsat
end run time: 10:24:04
DQN: Done solving. Time : 76350 milli. 

start run time: 10:24:04
Network: /cs/labs/guykatz/maya.swisa/elbit/20_8/Marabou/resources/nnet/acasxu/ACASXU_experimental_v2a_1_1.nnet
Number of layers: 8. Input layer size: 5. Output layer size: 5. Number of ReLUs: 300
Total number of variables: 610
Property: /cs/labs/guykatz/maya.swisa/elbit/PROPERTY_1_08091/ex_0767_label_0/eps03.txt

Engine::processInputQuery: Input query (before preprocessing): 309 equations, 610 variables
Engine::processInputQuery: Input query (after preprocessing): 604 equations, 914 variables


Engine::solve: Initial statistics

10:24:04 Statistics update:
	--- Time Statistics ---
	Total time elapsed: 73 milli (00:00:00)
		Main loop: 0 milli (00:00:00)
		Preprocessing time: 30 milli (00:00:00)
		Unknown: 43 milli (00:00:00)
	Breakdown for main loop:
		[0.00%] Simplex steps: 0 milli
		[0.00%] Explicit-basis bound tightening: 0 milli
		[0.00%] Constraint-matrix bound tightening: 0 milli
		[0.00%] Degradation checking: 0 milli
		[0.00%] Precision restoration: 0 milli
		[0.00%] Statistics handling: 0 milli
		[0.00%] Constraint-fixing steps: 0 milli
		[0.00%] Valid case splits: 2 milli. Average per split: 0.00 milli
		[0.00%] Applying stored bound-tightening: 0 milli
		[0.00%] SMT core: 0 milli
		[0.00%] Symbolic Bound Tightening: 4 milli
		[0.00%] SoI-based local search: 0 milli
		[0.00%] SoI-based local search: 0 milli
		[0.00%] Unaccounted for: 0 milli
	--- Preprocessor Statistics ---
	Number of preprocessor bound-tightening loop iterations: 8
	Number of eliminated variables: 0
	Number of constraints removed due to variable elimination: 0
	Number of equations removed due to variable elimination: 0
	--- Engine Statistics ---
	Number of main loop iterations: 1
		0 iterations were simplex steps. Total time: 0 milli. Average: 0.00 milli.
		0 iterations were constraint-fixing steps. Total time: 0 milli. Average: 0.00 milli
	Number of active piecewise-linear constraints: 161 / 300
		Constraints disabled by valid splits: 139. By SMT-originated splits: 0
	Last reported degradation: 0.0000000000. Max degradation so far: 0.0000000000. Restorations so far: 0
	Number of simplex pivots we attempted to skip because of instability: 0.
	Unstable pivots performed anyway: 0
	--- Tableau Statistics ---
	Total number of pivots performed: 0
		Real pivots: 0. Degenerate: 0 (0.00%)
		Degenerate pivots by request (e.g., to fix a PL constraint): 0 (0.00%)
		Average time per pivot: 0.00 milli
	Total number of fake pivots performed: 0
	Total number of rows added: 0. Number of merged columns: 0
	Current tableau dimensions: M = 604, N = 1518
	--- SMT Core Statistics ---
	Total depth is 0. Total visited states: 1. Number of splits: 0. Number of pops: 0
	Max stack depth: 0
	--- Bound Tightening Statistics ---
	Number of tightened bounds: 0.
		Number of rows examined by row tightener: 0. Consequent tightenings: 0
		Number of explicit basis matrices examined by row tightener: 0. Consequent tightenings: 0
		Number of bound tightening rounds on the entire constraint matrix: 0. Consequent tightenings: 0
		Number of bound notifications sent to PL constraints: 1800. Tightenings proposed: 0
	--- Basis Factorization statistics ---
	Number of basis refactorizations: 2
	--- Projected Steepest Edge Statistics ---
	Number of iterations: 0.
	Number of resets to reference space: 1. Avg. iterations per reset: 0
	--- SBT ---
	Number of tightened bounds: 744
	--- SoI-based local search ---
	Number of proposed phase pattern update: 0. Number of accepted update: 0 [0.00%]
	Total time (% of local search time) updating SoI phase pattern : 0 milli [0.00%]
	Total time obtaining current assignment: 0 milli [0.00%]
	Total time getting SoI phase pattern : 0 milli [0.00%]
	--- Context dependent statistics ---
	Number of pushes / pops: 0 / 0
		[0.00%] Pre-Push hook: 0 milli
		[0.00%] Push : 0 milli
		[0.00%] Post-Pop hook: 0 milli
		[0.00%] Pop : 0 milli
		[0.00%] Total context-switching time: 0 milli
	--- Proof Certificate ---
	Number of certified leaves: 0
	Number of leaves to delegate: 0
	Number of lemmas: 0

---
start solving without an agent

Engine::solve: unsat query

10:31:03 Statistics update:
	--- Time Statistics ---
	Total time elapsed: 418820 milli (00:06:58)
		Main loop: 418634 milli (00:06:58)
		Preprocessing time: 30 milli (00:00:00)
		Unknown: 156 milli (00:00:00)
	Breakdown for main loop:
		[30.48%] Simplex steps: 127581 milli
		[15.51%] Explicit-basis bound tightening: 64928 milli
		[0.00%] Constraint-matrix bound tightening: 0 milli
		[0.15%] Degradation checking: 614 milli
		[0.00%] Precision restoration: 0 milli
		[0.09%] Statistics handling: 356 milli
		[0.00%] Constraint-fixing steps: 0 milli
		[0.32%] Valid case splits: 1352 milli. Average per split: 0.00 milli
		[0.06%] Applying stored bound-tightening: 243 milli
		[3.68%] SMT core: 15396 milli
		[40.26%] Symbolic Bound Tightening: 168531 milli
		[22.21%] SoI-based local search: 92977 milli
		[0.00%] SoI-based local search: 0 milli
		[9.47%] Unaccounted for: 39629 milli
	--- Preprocessor Statistics ---
	Number of preprocessor bound-tightening loop iterations: 8
	Number of eliminated variables: 0
	Number of constraints removed due to variable elimination: 0
	Number of equations removed due to variable elimination: 0
	--- Engine Statistics ---
	Number of main loop iterations: 391787
		355586 iterations were simplex steps. Total time: 127581 milli. Average: 0.36 milli.
		0 iterations were constraint-fixing steps. Total time: 0 milli. Average: 0.00 milli
	Number of active piecewise-linear constraints: 44 / 300
		Constraints disabled by valid splits: 252. By SMT-originated splits: 4
	Last reported degradation: 0.0000000000. Max degradation so far: 0.0000039994. Restorations so far: 0
	Number of simplex pivots we attempted to skip because of instability: 333.
	Unstable pivots performed anyway: 33
	--- Tableau Statistics ---
	Total number of pivots performed: 262697
		Real pivots: 260490. Degenerate: 2207 (0.84%)
		Degenerate pivots by request (e.g., to fix a PL constraint): 0 (0.00%)
		Average time per pivot: 0.04 milli
	Total number of fake pivots performed: 15233
	Total number of rows added: 0. Number of merged columns: 0
	Current tableau dimensions: M = 604, N = 1518
	--- SMT Core Statistics ---
	Total depth is 8. Total visited states: 28768. Number of splits: 14383. Number of pops: 14384
	Max stack depth: 43
	--- Bound Tightening Statistics ---
	Number of tightened bounds: 6302067.
		Number of rows examined by row tightener: 262697. Consequent tightenings: 114946
		Number of explicit basis matrices examined by row tightener: 4643. Consequent tightenings: 1521663
		Number of bound tightening rounds on the entire constraint matrix: 0. Consequent tightenings: 0
		Number of bound notifications sent to PL constraints: 11207849. Tightenings proposed: 0
	--- Basis Factorization statistics ---
	Number of basis refactorizations: 2201
	--- Projected Steepest Edge Statistics ---
	Number of iterations: 278230.
	Number of resets to reference space: 14384. Avg. iterations per reset: 19
	--- SBT ---
	Number of tightened bounds: 6302811
	--- SoI-based local search ---
	Number of proposed phase pattern update: 17721. Number of accepted update: 28358 [160.02%]
	Total time (% of local search time) updating SoI phase pattern : 1338633 milli [1.44%]
	Total time obtaining current assignment: 3940300 milli [4.24%]
	Total time getting SoI phase pattern : 251464 milli [0.06%]
	--- Context dependent statistics ---
	Number of pushes / pops: 28766 / 28766
		[0.14%] Pre-Push hook: 585 milli
		[0.00%] Push : 0 milli
		[0.13%] Post-Pop hook: 560 milli
		[0.13%] Pop : 528 milli
		[0.40%] Total context-switching time: 1675 milli
	--- Proof Certificate ---
	Number of certified leaves: 0
	Number of leaves to delegate: 0
	Number of lemmas: 0
unsat
end run time: 10:31:03
DQN: Done solving. Time : 418828 milli. 

