[891] processing ex_0892_label_0 …
start run time: 10:40:36
Network: /cs/labs/guykatz/maya.swisa/elbit/20_8/Marabou/resources/nnet/acasxu/ACASXU_experimental_v2a_1_1.nnet
Number of layers: 8. Input layer size: 5. Output layer size: 5. Number of ReLUs: 300
Total number of variables: 610
Property: /cs/labs/guykatz/maya.swisa/elbit/PROPERTY_1_08091/ex_0892_label_0/eps01.txt

Engine::processInputQuery: Input query (before preprocessing): 309 equations, 610 variables
Engine::processInputQuery: Input query (after preprocessing): 604 equations, 914 variables


Engine::solve: Initial statistics

10:40:36 Statistics update:
	--- Time Statistics ---
	Total time elapsed: 55 milli (00:00:00)
		Main loop: 0 milli (00:00:00)
		Preprocessing time: 38 milli (00:00:00)
		Unknown: 16 milli (00:00:00)
	Breakdown for main loop:
		[0.00%] Simplex steps: 0 milli
		[0.00%] Explicit-basis bound tightening: 0 milli
		[0.00%] Constraint-matrix bound tightening: 0 milli
		[0.00%] Degradation checking: 0 milli
		[0.00%] Precision restoration: 0 milli
		[0.00%] Statistics handling: 0 milli
		[0.00%] Constraint-fixing steps: 0 milli
		[0.00%] Valid case splits: 2 milli. Average per split: 0.00 milli
		[0.00%] Applying stored bound-tightening: 0 milli
		[0.00%] SMT core: 0 milli
		[0.00%] Symbolic Bound Tightening: 4 milli
		[0.00%] SoI-based local search: 0 milli
		[0.00%] SoI-based local search: 0 milli
		[0.00%] Unaccounted for: 0 milli
	--- Preprocessor Statistics ---
	Number of preprocessor bound-tightening loop iterations: 8
	Number of eliminated variables: 0
	Number of constraints removed due to variable elimination: 0
	Number of equations removed due to variable elimination: 0
	--- Engine Statistics ---
	Number of main loop iterations: 1
		0 iterations were simplex steps. Total time: 0 milli. Average: 0.00 milli.
		0 iterations were constraint-fixing steps. Total time: 0 milli. Average: 0.00 milli
	Number of active piecewise-linear constraints: 148 / 300
		Constraints disabled by valid splits: 152. By SMT-originated splits: 0
	Last reported degradation: 0.0000000000. Max degradation so far: 0.0000000000. Restorations so far: 0
	Number of simplex pivots we attempted to skip because of instability: 0.
	Unstable pivots performed anyway: 0
	--- Tableau Statistics ---
	Total number of pivots performed: 0
		Real pivots: 0. Degenerate: 0 (0.00%)
		Degenerate pivots by request (e.g., to fix a PL constraint): 0 (0.00%)
		Average time per pivot: 0.00 milli
	Total number of fake pivots performed: 0
	Total number of rows added: 0. Number of merged columns: 0
	Current tableau dimensions: M = 604, N = 1518
	--- SMT Core Statistics ---
	Total depth is 0. Total visited states: 1. Number of splits: 0. Number of pops: 0
	Max stack depth: 0
	--- Bound Tightening Statistics ---
	Number of tightened bounds: 0.
		Number of rows examined by row tightener: 0. Consequent tightenings: 0
		Number of explicit basis matrices examined by row tightener: 0. Consequent tightenings: 0
		Number of bound tightening rounds on the entire constraint matrix: 0. Consequent tightenings: 0
		Number of bound notifications sent to PL constraints: 1800. Tightenings proposed: 0
	--- Basis Factorization statistics ---
	Number of basis refactorizations: 2
	--- Projected Steepest Edge Statistics ---
	Number of iterations: 0.
	Number of resets to reference space: 1. Avg. iterations per reset: 0
	--- SBT ---
	Number of tightened bounds: 743
	--- SoI-based local search ---
	Number of proposed phase pattern update: 0. Number of accepted update: 0 [0.00%]
	Total time (% of local search time) updating SoI phase pattern : 0 milli [0.00%]
	Total time obtaining current assignment: 0 milli [0.00%]
	Total time getting SoI phase pattern : 0 milli [0.00%]
	--- Context dependent statistics ---
	Number of pushes / pops: 0 / 0
		[0.00%] Pre-Push hook: 0 milli
		[0.00%] Push : 0 milli
		[0.00%] Post-Pop hook: 0 milli
		[0.00%] Pop : 0 milli
		[0.00%] Total context-switching time: 0 milli
	--- Proof Certificate ---
	Number of certified leaves: 0
	Number of leaves to delegate: 0
	Number of lemmas: 0

---
start solving without an agent

Engine::solve: unsat query

10:40:49 Statistics update:
	--- Time Statistics ---
	Total time elapsed: 13554 milli (00:00:13)
		Main loop: 13495 milli (00:00:13)
		Preprocessing time: 38 milli (00:00:00)
		Unknown: 20 milli (00:00:00)
	Breakdown for main loop:
		[38.33%] Simplex steps: 5172 milli
		[14.86%] Explicit-basis bound tightening: 2004 milli
		[0.00%] Constraint-matrix bound tightening: 0 milli
		[0.16%] Degradation checking: 22 milli
		[0.00%] Precision restoration: 0 milli
		[0.03%] Statistics handling: 3 milli
		[0.00%] Constraint-fixing steps: 0 milli
		[0.37%] Valid case splits: 50 milli. Average per split: 0.00 milli
		[0.06%] Applying stored bound-tightening: 8 milli
		[3.18%] SMT core: 429 milli
		[38.02%] Symbolic Bound Tightening: 5131 milli
		[29.87%] SoI-based local search: 4030 milli
		[0.00%] SoI-based local search: 0 milli
		[4.98%] Unaccounted for: 672 milli
	--- Preprocessor Statistics ---
	Number of preprocessor bound-tightening loop iterations: 8
	Number of eliminated variables: 0
	Number of constraints removed due to variable elimination: 0
	Number of equations removed due to variable elimination: 0
	--- Engine Statistics ---
	Number of main loop iterations: 13777
		12746 iterations were simplex steps. Total time: 5172 milli. Average: 0.41 milli.
		0 iterations were constraint-fixing steps. Total time: 0 milli. Average: 0.00 milli
	Number of active piecewise-linear constraints: 50 / 300
		Constraints disabled by valid splits: 250. By SMT-originated splits: 0
	Last reported degradation: 0.0000000000. Max degradation so far: 0.0000000002. Restorations so far: 0
	Number of simplex pivots we attempted to skip because of instability: 20.
	Unstable pivots performed anyway: 0
	--- Tableau Statistics ---
	Total number of pivots performed: 10017
		Real pivots: 9930. Degenerate: 87 (0.87%)
		Degenerate pivots by request (e.g., to fix a PL constraint): 0 (0.00%)
		Average time per pivot: 0.04 milli
	Total number of fake pivots performed: 737
	Total number of rows added: 0. Number of merged columns: 0
	Current tableau dimensions: M = 604, N = 1518
	--- SMT Core Statistics ---
	Total depth is 2. Total visited states: 770. Number of splits: 384. Number of pops: 385
	Max stack depth: 28
	--- Bound Tightening Statistics ---
	Number of tightened bounds: 234103.
		Number of rows examined by row tightener: 10017. Consequent tightenings: 2140
		Number of explicit basis matrices examined by row tightener: 112. Consequent tightenings: 23517
		Number of bound tightening rounds on the entire constraint matrix: 0. Consequent tightenings: 0
		Number of bound notifications sent to PL constraints: 350032. Tightenings proposed: 0
	--- Basis Factorization statistics ---
	Number of basis refactorizations: 89
	--- Projected Steepest Edge Statistics ---
	Number of iterations: 10774.
	Number of resets to reference space: 385. Avg. iterations per reset: 27
	--- SBT ---
	Number of tightened bounds: 234846
	--- SoI-based local search ---
	Number of proposed phase pattern update: 488. Number of accepted update: 761 [155.94%]
	Total time (% of local search time) updating SoI phase pattern : 37672 milli [0.93%]
	Total time obtaining current assignment: 119596 milli [2.97%]
	Total time getting SoI phase pattern : 8876 milli [0.07%]
	--- Context dependent statistics ---
	Number of pushes / pops: 768 / 768
		[0.16%] Pre-Push hook: 22 milli
		[0.00%] Push : 0 milli
		[0.14%] Post-Pop hook: 18 milli
		[0.17%] Pop : 23 milli
		[0.47%] Total context-switching time: 64 milli
	--- Proof Certificate ---
	Number of certified leaves: 0
	Number of leaves to delegate: 0
	Number of lemmas: 0
unsat
end run time: 10:40:49
DQN: Done solving. Time : 13564 milli. 

start run time: 10:40:49
Network: /cs/labs/guykatz/maya.swisa/elbit/20_8/Marabou/resources/nnet/acasxu/ACASXU_experimental_v2a_1_1.nnet
Number of layers: 8. Input layer size: 5. Output layer size: 5. Number of ReLUs: 300
Total number of variables: 610
Property: /cs/labs/guykatz/maya.swisa/elbit/PROPERTY_1_08091/ex_0892_label_0/eps02.txt

Engine::processInputQuery: Input query (before preprocessing): 309 equations, 610 variables
Engine::processInputQuery: Input query (after preprocessing): 604 equations, 914 variables


Engine::solve: Initial statistics

10:40:50 Statistics update:
	--- Time Statistics ---
	Total time elapsed: 40 milli (00:00:00)
		Main loop: 0 milli (00:00:00)
		Preprocessing time: 30 milli (00:00:00)
		Unknown: 10 milli (00:00:00)
	Breakdown for main loop:
		[0.00%] Simplex steps: 0 milli
		[0.00%] Explicit-basis bound tightening: 0 milli
		[0.00%] Constraint-matrix bound tightening: 0 milli
		[0.00%] Degradation checking: 0 milli
		[0.00%] Precision restoration: 0 milli
		[0.00%] Statistics handling: 0 milli
		[0.00%] Constraint-fixing steps: 0 milli
		[0.00%] Valid case splits: 2 milli. Average per split: 0.00 milli
		[0.00%] Applying stored bound-tightening: 0 milli
		[0.00%] SMT core: 0 milli
		[0.00%] Symbolic Bound Tightening: 4 milli
		[0.00%] SoI-based local search: 0 milli
		[0.00%] SoI-based local search: 0 milli
		[0.00%] Unaccounted for: 0 milli
	--- Preprocessor Statistics ---
	Number of preprocessor bound-tightening loop iterations: 8
	Number of eliminated variables: 0
	Number of constraints removed due to variable elimination: 0
	Number of equations removed due to variable elimination: 0
	--- Engine Statistics ---
	Number of main loop iterations: 1
		0 iterations were simplex steps. Total time: 0 milli. Average: 0.00 milli.
		0 iterations were constraint-fixing steps. Total time: 0 milli. Average: 0.00 milli
	Number of active piecewise-linear constraints: 174 / 300
		Constraints disabled by valid splits: 126. By SMT-originated splits: 0
	Last reported degradation: 0.0000000000. Max degradation so far: 0.0000000000. Restorations so far: 0
	Number of simplex pivots we attempted to skip because of instability: 0.
	Unstable pivots performed anyway: 0
	--- Tableau Statistics ---
	Total number of pivots performed: 0
		Real pivots: 0. Degenerate: 0 (0.00%)
		Degenerate pivots by request (e.g., to fix a PL constraint): 0 (0.00%)
		Average time per pivot: 0.00 milli
	Total number of fake pivots performed: 0
	Total number of rows added: 0. Number of merged columns: 0
	Current tableau dimensions: M = 604, N = 1518
	--- SMT Core Statistics ---
	Total depth is 0. Total visited states: 1. Number of splits: 0. Number of pops: 0
	Max stack depth: 0
	--- Bound Tightening Statistics ---
	Number of tightened bounds: 0.
		Number of rows examined by row tightener: 0. Consequent tightenings: 0
		Number of explicit basis matrices examined by row tightener: 0. Consequent tightenings: 0
		Number of bound tightening rounds on the entire constraint matrix: 0. Consequent tightenings: 0
		Number of bound notifications sent to PL constraints: 1800. Tightenings proposed: 0
	--- Basis Factorization statistics ---
	Number of basis refactorizations: 2
	--- Projected Steepest Edge Statistics ---
	Number of iterations: 0.
	Number of resets to reference space: 1. Avg. iterations per reset: 0
	--- SBT ---
	Number of tightened bounds: 739
	--- SoI-based local search ---
	Number of proposed phase pattern update: 0. Number of accepted update: 0 [0.00%]
	Total time (% of local search time) updating SoI phase pattern : 0 milli [0.00%]
	Total time obtaining current assignment: 0 milli [0.00%]
	Total time getting SoI phase pattern : 0 milli [0.00%]
	--- Context dependent statistics ---
	Number of pushes / pops: 0 / 0
		[0.00%] Pre-Push hook: 0 milli
		[0.00%] Push : 0 milli
		[0.00%] Post-Pop hook: 0 milli
		[0.00%] Pop : 0 milli
		[0.00%] Total context-switching time: 0 milli
	--- Proof Certificate ---
	Number of certified leaves: 0
	Number of leaves to delegate: 0
	Number of lemmas: 0

---
start solving without an agent

Engine::solve: unsat query

10:44:04 Statistics update:
	--- Time Statistics ---
	Total time elapsed: 194752 milli (00:03:14)
		Main loop: 194663 milli (00:03:14)
		Preprocessing time: 30 milli (00:00:00)
		Unknown: 57 milli (00:00:00)
	Breakdown for main loop:
		[33.61%] Simplex steps: 65428 milli
		[14.09%] Explicit-basis bound tightening: 27437 milli
		[0.00%] Constraint-matrix bound tightening: 0 milli
		[0.16%] Degradation checking: 303 milli
		[0.00%] Precision restoration: 0 milli
		[0.09%] Statistics handling: 169 milli
		[0.00%] Constraint-fixing steps: 0 milli
		[0.50%] Valid case splits: 971 milli. Average per split: 0.00 milli
		[0.06%] Applying stored bound-tightening: 114 milli
		[3.81%] SMT core: 7408 milli
		[39.79%] Symbolic Bound Tightening: 77455 milli
		[25.83%] SoI-based local search: 50273 milli
		[0.00%] SoI-based local search: 0 milli
		[7.90%] Unaccounted for: 15373 milli
	--- Preprocessor Statistics ---
	Number of preprocessor bound-tightening loop iterations: 8
	Number of eliminated variables: 0
	Number of constraints removed due to variable elimination: 0
	Number of equations removed due to variable elimination: 0
	--- Engine Statistics ---
	Number of main loop iterations: 178766
		163863 iterations were simplex steps. Total time: 65428 milli. Average: 0.40 milli.
		0 iterations were constraint-fixing steps. Total time: 0 milli. Average: 0.00 milli
	Number of active piecewise-linear constraints: 102 / 300
		Constraints disabled by valid splits: 198. By SMT-originated splits: 0
	Last reported degradation: 0.0000000000. Max degradation so far: 0.0000000401. Restorations so far: 0
	Number of simplex pivots we attempted to skip because of instability: 397.
	Unstable pivots performed anyway: 11
	--- Tableau Statistics ---
	Total number of pivots performed: 120979
		Real pivots: 120008. Degenerate: 971 (0.80%)
		Degenerate pivots by request (e.g., to fix a PL constraint): 0 (0.00%)
		Average time per pivot: 0.05 milli
	Total number of fake pivots performed: 11665
	Total number of rows added: 0. Number of merged columns: 0
	Current tableau dimensions: M = 604, N = 1518
	--- SMT Core Statistics ---
	Total depth is 2. Total visited states: 11534. Number of splits: 5767. Number of pops: 5766
	Max stack depth: 43
	--- Bound Tightening Statistics ---
	Number of tightened bounds: 2888076.
		Number of rows examined by row tightener: 120979. Consequent tightenings: 36161
		Number of explicit basis matrices examined by row tightener: 1837. Consequent tightenings: 447307
		Number of bound tightening rounds on the entire constraint matrix: 0. Consequent tightenings: 0
		Number of bound notifications sent to PL constraints: 4747390. Tightenings proposed: 0
	--- Basis Factorization statistics ---
	Number of basis refactorizations: 1014
	--- Projected Steepest Edge Statistics ---
	Number of iterations: 133030.
	Number of resets to reference space: 5768. Avg. iterations per reset: 23
	--- SBT ---
	Number of tightened bounds: 2888815
	--- SoI-based local search ---
	Number of proposed phase pattern update: 7249. Number of accepted update: 11218 [154.75%]
	Total time (% of local search time) updating SoI phase pattern : 583227 milli [1.16%]
	Total time obtaining current assignment: 1925818 milli [3.83%]
	Total time getting SoI phase pattern : 134559 milli [0.07%]
	--- Context dependent statistics ---
	Number of pushes / pops: 11534 / 11534
		[0.16%] Pre-Push hook: 307 milli
		[0.00%] Push : 0 milli
		[0.14%] Post-Pop hook: 267 milli
		[0.17%] Pop : 323 milli
		[0.46%] Total context-switching time: 897 milli
	--- Proof Certificate ---
	Number of certified leaves: 0
	Number of leaves to delegate: 0
	Number of lemmas: 0
unsat
end run time: 10:44:04
DQN: Done solving. Time : 194796 milli. 

start run time: 10:44:04
Network: /cs/labs/guykatz/maya.swisa/elbit/20_8/Marabou/resources/nnet/acasxu/ACASXU_experimental_v2a_1_1.nnet
Number of layers: 8. Input layer size: 5. Output layer size: 5. Number of ReLUs: 300
Total number of variables: 610
Property: /cs/labs/guykatz/maya.swisa/elbit/PROPERTY_1_08091/ex_0892_label_0/eps03.txt

Engine::processInputQuery: Input query (before preprocessing): 309 equations, 610 variables
Engine::processInputQuery: Input query (after preprocessing): 604 equations, 914 variables


Engine::solve: Initial statistics

10:44:04 Statistics update:
	--- Time Statistics ---
	Total time elapsed: 133 milli (00:00:00)
		Main loop: 0 milli (00:00:00)
		Preprocessing time: 30 milli (00:00:00)
		Unknown: 102 milli (00:00:00)
	Breakdown for main loop:
		[0.00%] Simplex steps: 0 milli
		[0.00%] Explicit-basis bound tightening: 0 milli
		[0.00%] Constraint-matrix bound tightening: 0 milli
		[0.00%] Degradation checking: 0 milli
		[0.00%] Precision restoration: 0 milli
		[0.00%] Statistics handling: 0 milli
		[0.00%] Constraint-fixing steps: 0 milli
		[0.00%] Valid case splits: 2 milli. Average per split: 0.00 milli
		[0.00%] Applying stored bound-tightening: 0 milli
		[0.00%] SMT core: 0 milli
		[0.00%] Symbolic Bound Tightening: 5 milli
		[0.00%] SoI-based local search: 0 milli
		[0.00%] SoI-based local search: 0 milli
		[0.00%] Unaccounted for: 0 milli
	--- Preprocessor Statistics ---
	Number of preprocessor bound-tightening loop iterations: 8
	Number of eliminated variables: 0
	Number of constraints removed due to variable elimination: 0
	Number of equations removed due to variable elimination: 0
	--- Engine Statistics ---
	Number of main loop iterations: 1
		0 iterations were simplex steps. Total time: 0 milli. Average: 0.00 milli.
		0 iterations were constraint-fixing steps. Total time: 0 milli. Average: 0.00 milli
	Number of active piecewise-linear constraints: 191 / 300
		Constraints disabled by valid splits: 109. By SMT-originated splits: 0
	Last reported degradation: 0.0000000000. Max degradation so far: 0.0000000000. Restorations so far: 0
	Number of simplex pivots we attempted to skip because of instability: 0.
	Unstable pivots performed anyway: 0
	--- Tableau Statistics ---
	Total number of pivots performed: 0
		Real pivots: 0. Degenerate: 0 (0.00%)
		Degenerate pivots by request (e.g., to fix a PL constraint): 0 (0.00%)
		Average time per pivot: 0.00 milli
	Total number of fake pivots performed: 0
	Total number of rows added: 0. Number of merged columns: 0
	Current tableau dimensions: M = 604, N = 1518
	--- SMT Core Statistics ---
	Total depth is 0. Total visited states: 1. Number of splits: 0. Number of pops: 0
	Max stack depth: 0
	--- Bound Tightening Statistics ---
	Number of tightened bounds: 0.
		Number of rows examined by row tightener: 0. Consequent tightenings: 0
		Number of explicit basis matrices examined by row tightener: 0. Consequent tightenings: 0
		Number of bound tightening rounds on the entire constraint matrix: 0. Consequent tightenings: 0
		Number of bound notifications sent to PL constraints: 1800. Tightenings proposed: 0
	--- Basis Factorization statistics ---
	Number of basis refactorizations: 2
	--- Projected Steepest Edge Statistics ---
	Number of iterations: 0.
	Number of resets to reference space: 1. Avg. iterations per reset: 0
	--- SBT ---
	Number of tightened bounds: 737
	--- SoI-based local search ---
	Number of proposed phase pattern update: 0. Number of accepted update: 0 [0.00%]
	Total time (% of local search time) updating SoI phase pattern : 0 milli [0.00%]
	Total time obtaining current assignment: 0 milli [0.00%]
	Total time getting SoI phase pattern : 0 milli [0.00%]
	--- Context dependent statistics ---
	Number of pushes / pops: 0 / 0
		[0.00%] Pre-Push hook: 0 milli
		[0.00%] Push : 0 milli
		[0.00%] Post-Pop hook: 0 milli
		[0.00%] Pop : 0 milli
		[0.00%] Total context-switching time: 0 milli
	--- Proof Certificate ---
	Number of certified leaves: 0
	Number of leaves to delegate: 0
	Number of lemmas: 0

---
start solving without an agent

Engine::solve: unsat query

11:01:50 Statistics update:
	--- Time Statistics ---
	Total time elapsed: 1065920 milli (00:17:45)
		Main loop: 1065557 milli (00:17:45)
		Preprocessing time: 30 milli (00:00:00)
		Unknown: 332 milli (00:00:00)
	Breakdown for main loop:
		[32.31%] Simplex steps: 344323 milli
		[13.41%] Explicit-basis bound tightening: 142857 milli
		[0.00%] Constraint-matrix bound tightening: 0 milli
		[0.15%] Degradation checking: 1613 milli
		[0.00%] Precision restoration: 0 milli
		[0.09%] Statistics handling: 972 milli
		[0.00%] Constraint-fixing steps: 0 milli
		[0.62%] Valid case splits: 6592 milli. Average per split: 0.00 milli
		[0.06%] Applying stored bound-tightening: 676 milli
		[4.35%] SMT core: 46348 milli
		[39.73%] Symbolic Bound Tightening: 423378 milli
		[25.40%] SoI-based local search: 270679 milli
		[0.00%] SoI-based local search: 0 milli
		[9.27%] Unaccounted for: 98794 milli
	--- Preprocessor Statistics ---
	Number of preprocessor bound-tightening loop iterations: 8
	Number of eliminated variables: 0
	Number of constraints removed due to variable elimination: 0
	Number of equations removed due to variable elimination: 0
	--- Engine Statistics ---
	Number of main loop iterations: 901622
		823154 iterations were simplex steps. Total time: 344323 milli. Average: 0.42 milli.
		0 iterations were constraint-fixing steps. Total time: 0 milli. Average: 0.00 milli
	Number of active piecewise-linear constraints: 46 / 300
		Constraints disabled by valid splits: 254. By SMT-originated splits: 0
	Last reported degradation: 0.0000000000. Max degradation so far: 0.0000007755. Restorations so far: 0
	Number of simplex pivots we attempted to skip because of instability: 1202.
	Unstable pivots performed anyway: 52
	--- Tableau Statistics ---
	Total number of pivots performed: 599659
		Real pivots: 594507. Degenerate: 5152 (0.86%)
		Degenerate pivots by request (e.g., to fix a PL constraint): 0 (0.00%)
		Average time per pivot: 0.05 milli
	Total number of fake pivots performed: 46455
	Total number of rows added: 0. Number of merged columns: 0
	Current tableau dimensions: M = 604, N = 1518
	--- SMT Core Statistics ---
	Total depth is 3. Total visited states: 63408. Number of splits: 31710. Number of pops: 31697
	Max stack depth: 56
	--- Bound Tightening Statistics ---
	Number of tightened bounds: 13829159.
		Number of rows examined by row tightener: 599659. Consequent tightenings: 225199
		Number of explicit basis matrices examined by row tightener: 9833. Consequent tightenings: 2647425
		Number of bound tightening rounds on the entire constraint matrix: 0. Consequent tightenings: 0
		Number of bound notifications sent to PL constraints: 24726704. Tightenings proposed: 0
	--- Basis Factorization statistics ---
	Number of basis refactorizations: 4948
	--- Projected Steepest Edge Statistics ---
	Number of iterations: 647264.
	Number of resets to reference space: 31712. Avg. iterations per reset: 20
	--- SBT ---
	Number of tightened bounds: 13829896
	--- SoI-based local search ---
	Number of proposed phase pattern update: 40774. Number of accepted update: 61223 [150.15%]
	Total time (% of local search time) updating SoI phase pattern : 3509300 milli [1.30%]
	Total time obtaining current assignment: 12490066 milli [4.61%]
	Total time getting SoI phase pattern : 849639 milli [0.08%]
	--- Context dependent statistics ---
	Number of pushes / pops: 63420 / 63420
		[0.18%] Pre-Push hook: 1970 milli
		[0.00%] Push : 0 milli
		[0.14%] Post-Pop hook: 1526 milli
		[0.19%] Pop : 1978 milli
		[0.51%] Total context-switching time: 5476 milli
	--- Proof Certificate ---
	Number of certified leaves: 0
	Number of leaves to delegate: 0
	Number of lemmas: 0
unsat
end run time: 11:01:50
DQN: Done solving. Time : 1065955 milli. 

