[966] processing ex_0967_label_0 …
start run time: 10:51:41
Network: /cs/labs/guykatz/maya.swisa/elbit/20_8/Marabou/resources/nnet/acasxu/ACASXU_experimental_v2a_1_1.nnet
Number of layers: 8. Input layer size: 5. Output layer size: 5. Number of ReLUs: 300
Total number of variables: 610
Property: /cs/labs/guykatz/maya.swisa/elbit/PROPERTY_1_08091/ex_0967_label_0/eps01.txt

Engine::processInputQuery: Input query (before preprocessing): 309 equations, 610 variables
Engine::processInputQuery: Input query (after preprocessing): 604 equations, 914 variables


Engine::solve: Initial statistics

10:51:42 Statistics update:
	--- Time Statistics ---
	Total time elapsed: 137 milli (00:00:00)
		Main loop: 0 milli (00:00:00)
		Preprocessing time: 61 milli (00:00:00)
		Unknown: 75 milli (00:00:00)
	Breakdown for main loop:
		[0.00%] Simplex steps: 0 milli
		[0.00%] Explicit-basis bound tightening: 0 milli
		[0.00%] Constraint-matrix bound tightening: 0 milli
		[0.00%] Degradation checking: 0 milli
		[0.00%] Precision restoration: 0 milli
		[0.00%] Statistics handling: 0 milli
		[0.00%] Constraint-fixing steps: 0 milli
		[0.00%] Valid case splits: 5 milli. Average per split: 0.00 milli
		[0.00%] Applying stored bound-tightening: 0 milli
		[0.00%] SMT core: 0 milli
		[0.00%] Symbolic Bound Tightening: 8 milli
		[0.00%] SoI-based local search: 0 milli
		[0.00%] SoI-based local search: 0 milli
		[0.00%] Unaccounted for: 0 milli
	--- Preprocessor Statistics ---
	Number of preprocessor bound-tightening loop iterations: 8
	Number of eliminated variables: 0
	Number of constraints removed due to variable elimination: 0
	Number of equations removed due to variable elimination: 0
	--- Engine Statistics ---
	Number of main loop iterations: 1
		0 iterations were simplex steps. Total time: 0 milli. Average: 0.00 milli.
		0 iterations were constraint-fixing steps. Total time: 0 milli. Average: 0.00 milli
	Number of active piecewise-linear constraints: 99 / 300
		Constraints disabled by valid splits: 201. By SMT-originated splits: 0
	Last reported degradation: 0.0000000000. Max degradation so far: 0.0000000000. Restorations so far: 0
	Number of simplex pivots we attempted to skip because of instability: 0.
	Unstable pivots performed anyway: 0
	--- Tableau Statistics ---
	Total number of pivots performed: 0
		Real pivots: 0. Degenerate: 0 (0.00%)
		Degenerate pivots by request (e.g., to fix a PL constraint): 0 (0.00%)
		Average time per pivot: 0.00 milli
	Total number of fake pivots performed: 0
	Total number of rows added: 0. Number of merged columns: 0
	Current tableau dimensions: M = 604, N = 1518
	--- SMT Core Statistics ---
	Total depth is 0. Total visited states: 1. Number of splits: 0. Number of pops: 0
	Max stack depth: 0
	--- Bound Tightening Statistics ---
	Number of tightened bounds: 0.
		Number of rows examined by row tightener: 0. Consequent tightenings: 0
		Number of explicit basis matrices examined by row tightener: 0. Consequent tightenings: 0
		Number of bound tightening rounds on the entire constraint matrix: 0. Consequent tightenings: 0
		Number of bound notifications sent to PL constraints: 1800. Tightenings proposed: 0
	--- Basis Factorization statistics ---
	Number of basis refactorizations: 2
	--- Projected Steepest Edge Statistics ---
	Number of iterations: 0.
	Number of resets to reference space: 1. Avg. iterations per reset: 0
	--- SBT ---
	Number of tightened bounds: 736
	--- SoI-based local search ---
	Number of proposed phase pattern update: 0. Number of accepted update: 0 [0.00%]
	Total time (% of local search time) updating SoI phase pattern : 0 milli [0.00%]
	Total time obtaining current assignment: 0 milli [0.00%]
	Total time getting SoI phase pattern : 0 milli [0.00%]
	--- Context dependent statistics ---
	Number of pushes / pops: 0 / 0
		[0.00%] Pre-Push hook: 0 milli
		[0.00%] Push : 0 milli
		[0.00%] Post-Pop hook: 0 milli
		[0.00%] Pop : 0 milli
		[0.00%] Total context-switching time: 0 milli
	--- Proof Certificate ---
	Number of certified leaves: 0
	Number of leaves to delegate: 0
	Number of lemmas: 0

---
start solving without an agent

Engine::solve: unsat query

10:52:03 Statistics update:
	--- Time Statistics ---
	Total time elapsed: 21851 milli (00:00:21)
		Main loop: 21712 milli (00:00:21)
		Preprocessing time: 61 milli (00:00:00)
		Unknown: 77 milli (00:00:00)
	Breakdown for main loop:
		[30.12%] Simplex steps: 6539 milli
		[14.68%] Explicit-basis bound tightening: 3186 milli
		[0.00%] Constraint-matrix bound tightening: 0 milli
		[0.15%] Degradation checking: 32 milli
		[0.00%] Precision restoration: 0 milli
		[0.06%] Statistics handling: 12 milli
		[0.00%] Constraint-fixing steps: 0 milli
		[0.76%] Valid case splits: 165 milli. Average per split: 0.00 milli
		[0.06%] Applying stored bound-tightening: 14 milli
		[2.95%] SMT core: 640 milli
		[42.23%] Symbolic Bound Tightening: 9169 milli
		[24.32%] SoI-based local search: 5280 milli
		[0.00%] SoI-based local search: 0 milli
		[8.99%] Unaccounted for: 1951 milli
	--- Preprocessor Statistics ---
	Number of preprocessor bound-tightening loop iterations: 8
	Number of eliminated variables: 0
	Number of constraints removed due to variable elimination: 0
	Number of equations removed due to variable elimination: 0
	--- Engine Statistics ---
	Number of main loop iterations: 11312
		10184 iterations were simplex steps. Total time: 6539 milli. Average: 0.64 milli.
		0 iterations were constraint-fixing steps. Total time: 0 milli. Average: 0.00 milli
	Number of active piecewise-linear constraints: 57 / 300
		Constraints disabled by valid splits: 243. By SMT-originated splits: 0
	Last reported degradation: 0.0000000000. Max degradation so far: 0.0000000584. Restorations so far: 0
	Number of simplex pivots we attempted to skip because of instability: 7.
	Unstable pivots performed anyway: 0
	--- Tableau Statistics ---
	Total number of pivots performed: 7590
		Real pivots: 7519. Degenerate: 71 (0.94%)
		Degenerate pivots by request (e.g., to fix a PL constraint): 0 (0.00%)
		Average time per pivot: 0.06 milli
	Total number of fake pivots performed: 669
	Total number of rows added: 0. Number of merged columns: 0
	Current tableau dimensions: M = 604, N = 1518
	--- SMT Core Statistics ---
	Total depth is 4. Total visited states: 784. Number of splits: 391. Number of pops: 392
	Max stack depth: 29
	--- Bound Tightening Statistics ---
	Number of tightened bounds: 221302.
		Number of rows examined by row tightener: 7590. Consequent tightenings: 1511
		Number of explicit basis matrices examined by row tightener: 160. Consequent tightenings: 34146
		Number of bound tightening rounds on the entire constraint matrix: 0. Consequent tightenings: 0
		Number of bound notifications sent to PL constraints: 330787. Tightenings proposed: 0
	--- Basis Factorization statistics ---
	Number of basis refactorizations: 64
	--- Projected Steepest Edge Statistics ---
	Number of iterations: 8266.
	Number of resets to reference space: 392. Avg. iterations per reset: 21
	--- SBT ---
	Number of tightened bounds: 222038
	--- SoI-based local search ---
	Number of proposed phase pattern update: 516. Number of accepted update: 753 [145.93%]
	Total time (% of local search time) updating SoI phase pattern : 58507 milli [1.11%]
	Total time obtaining current assignment: 180809 milli [3.42%]
	Total time getting SoI phase pattern : 19262 milli [0.09%]
	--- Context dependent statistics ---
	Number of pushes / pops: 782 / 782
		[0.12%] Pre-Push hook: 25 milli
		[0.00%] Push : 0 milli
		[0.15%] Post-Pop hook: 33 milli
		[0.11%] Pop : 24 milli
		[0.38%] Total context-switching time: 83 milli
	--- Proof Certificate ---
	Number of certified leaves: 0
	Number of leaves to delegate: 0
	Number of lemmas: 0
unsat
end run time: 10:52:03
DQN: Done solving. Time : 21875 milli. 

start run time: 10:52:03
Network: /cs/labs/guykatz/maya.swisa/elbit/20_8/Marabou/resources/nnet/acasxu/ACASXU_experimental_v2a_1_1.nnet
Number of layers: 8. Input layer size: 5. Output layer size: 5. Number of ReLUs: 300
Total number of variables: 610
Property: /cs/labs/guykatz/maya.swisa/elbit/PROPERTY_1_08091/ex_0967_label_0/eps02.txt

Engine::processInputQuery: Input query (before preprocessing): 309 equations, 610 variables
Engine::processInputQuery: Input query (after preprocessing): 604 equations, 914 variables


Engine::solve: Initial statistics

10:52:03 Statistics update:
	--- Time Statistics ---
	Total time elapsed: 170 milli (00:00:00)
		Main loop: 0 milli (00:00:00)
		Preprocessing time: 67 milli (00:00:00)
		Unknown: 102 milli (00:00:00)
	Breakdown for main loop:
		[0.00%] Simplex steps: 0 milli
		[0.00%] Explicit-basis bound tightening: 0 milli
		[0.00%] Constraint-matrix bound tightening: 0 milli
		[0.00%] Degradation checking: 0 milli
		[0.00%] Precision restoration: 0 milli
		[0.00%] Statistics handling: 0 milli
		[0.00%] Constraint-fixing steps: 0 milli
		[0.00%] Valid case splits: 5 milli. Average per split: 0.00 milli
		[0.00%] Applying stored bound-tightening: 0 milli
		[0.00%] SMT core: 0 milli
		[0.00%] Symbolic Bound Tightening: 8 milli
		[0.00%] SoI-based local search: 0 milli
		[0.00%] SoI-based local search: 0 milli
		[0.00%] Unaccounted for: 0 milli
	--- Preprocessor Statistics ---
	Number of preprocessor bound-tightening loop iterations: 8
	Number of eliminated variables: 0
	Number of constraints removed due to variable elimination: 0
	Number of equations removed due to variable elimination: 0
	--- Engine Statistics ---
	Number of main loop iterations: 1
		0 iterations were simplex steps. Total time: 0 milli. Average: 0.00 milli.
		0 iterations were constraint-fixing steps. Total time: 0 milli. Average: 0.00 milli
	Number of active piecewise-linear constraints: 119 / 300
		Constraints disabled by valid splits: 181. By SMT-originated splits: 0
	Last reported degradation: 0.0000000000. Max degradation so far: 0.0000000000. Restorations so far: 0
	Number of simplex pivots we attempted to skip because of instability: 0.
	Unstable pivots performed anyway: 0
	--- Tableau Statistics ---
	Total number of pivots performed: 0
		Real pivots: 0. Degenerate: 0 (0.00%)
		Degenerate pivots by request (e.g., to fix a PL constraint): 0 (0.00%)
		Average time per pivot: 0.00 milli
	Total number of fake pivots performed: 0
	Total number of rows added: 0. Number of merged columns: 0
	Current tableau dimensions: M = 604, N = 1518
	--- SMT Core Statistics ---
	Total depth is 0. Total visited states: 1. Number of splits: 0. Number of pops: 0
	Max stack depth: 0
	--- Bound Tightening Statistics ---
	Number of tightened bounds: 0.
		Number of rows examined by row tightener: 0. Consequent tightenings: 0
		Number of explicit basis matrices examined by row tightener: 0. Consequent tightenings: 0
		Number of bound tightening rounds on the entire constraint matrix: 0. Consequent tightenings: 0
		Number of bound notifications sent to PL constraints: 1800. Tightenings proposed: 0
	--- Basis Factorization statistics ---
	Number of basis refactorizations: 2
	--- Projected Steepest Edge Statistics ---
	Number of iterations: 0.
	Number of resets to reference space: 1. Avg. iterations per reset: 0
	--- SBT ---
	Number of tightened bounds: 738
	--- SoI-based local search ---
	Number of proposed phase pattern update: 0. Number of accepted update: 0 [0.00%]
	Total time (% of local search time) updating SoI phase pattern : 0 milli [0.00%]
	Total time obtaining current assignment: 0 milli [0.00%]
	Total time getting SoI phase pattern : 0 milli [0.00%]
	--- Context dependent statistics ---
	Number of pushes / pops: 0 / 0
		[0.00%] Pre-Push hook: 0 milli
		[0.00%] Push : 0 milli
		[0.00%] Post-Pop hook: 0 milli
		[0.00%] Pop : 0 milli
		[0.00%] Total context-switching time: 0 milli
	--- Proof Certificate ---
	Number of certified leaves: 0
	Number of leaves to delegate: 0
	Number of lemmas: 0

---
start solving without an agent

Engine::solve: unsat query

10:53:22 Statistics update:
	--- Time Statistics ---
	Total time elapsed: 78548 milli (00:01:18)
		Main loop: 78366 milli (00:01:18)
		Preprocessing time: 67 milli (00:00:00)
		Unknown: 114 milli (00:00:00)
	Breakdown for main loop:
		[32.78%] Simplex steps: 25691 milli
		[12.99%] Explicit-basis bound tightening: 10181 milli
		[0.00%] Constraint-matrix bound tightening: 0 milli
		[0.17%] Degradation checking: 135 milli
		[0.00%] Precision restoration: 0 milli
		[0.08%] Statistics handling: 60 milli
		[0.00%] Constraint-fixing steps: 0 milli
		[0.75%] Valid case splits: 588 milli. Average per split: 0.00 milli
		[0.06%] Applying stored bound-tightening: 47 milli
		[2.97%] SMT core: 2329 milli
		[42.23%] Symbolic Bound Tightening: 33097 milli
		[24.56%] SoI-based local search: 19246 milli
		[0.00%] SoI-based local search: 0 milli
		[7.96%] Unaccounted for: 6234 milli
	--- Preprocessor Statistics ---
	Number of preprocessor bound-tightening loop iterations: 8
	Number of eliminated variables: 0
	Number of constraints removed due to variable elimination: 0
	Number of equations removed due to variable elimination: 0
	--- Engine Statistics ---
	Number of main loop iterations: 46422
		42761 iterations were simplex steps. Total time: 25691 milli. Average: 0.60 milli.
		0 iterations were constraint-fixing steps. Total time: 0 milli. Average: 0.00 milli
	Number of active piecewise-linear constraints: 69 / 300
		Constraints disabled by valid splits: 228. By SMT-originated splits: 3
	Last reported degradation: 0.0000000000. Max degradation so far: 0.0000005726. Restorations so far: 0
	Number of simplex pivots we attempted to skip because of instability: 9.
	Unstable pivots performed anyway: 0
	--- Tableau Statistics ---
	Total number of pivots performed: 32259
		Real pivots: 32052. Degenerate: 207 (0.64%)
		Degenerate pivots by request (e.g., to fix a PL constraint): 0 (0.00%)
		Average time per pivot: 0.06 milli
	Total number of fake pivots performed: 3118
	Total number of rows added: 0. Number of merged columns: 0
	Current tableau dimensions: M = 604, N = 1518
	--- SMT Core Statistics ---
	Total depth is 7. Total visited states: 2782. Number of splits: 1390. Number of pops: 1391
	Max stack depth: 34
	--- Bound Tightening Statistics ---
	Number of tightened bounds: 704902.
		Number of rows examined by row tightener: 32259. Consequent tightenings: 6959
		Number of explicit basis matrices examined by row tightener: 478. Consequent tightenings: 99081
		Number of bound tightening rounds on the entire constraint matrix: 0. Consequent tightenings: 0
		Number of bound notifications sent to PL constraints: 1149069. Tightenings proposed: 0
	--- Basis Factorization statistics ---
	Number of basis refactorizations: 266
	--- Projected Steepest Edge Statistics ---
	Number of iterations: 35386.
	Number of resets to reference space: 1391. Avg. iterations per reset: 25
	--- SBT ---
	Number of tightened bounds: 705640
	--- SoI-based local search ---
	Number of proposed phase pattern update: 1850. Number of accepted update: 2650 [143.24%]
	Total time (% of local search time) updating SoI phase pattern : 208856 milli [1.09%]
	Total time obtaining current assignment: 688376 milli [3.58%]
	Total time getting SoI phase pattern : 75229 milli [0.10%]
	--- Context dependent statistics ---
	Number of pushes / pops: 2780 / 2780
		[0.11%] Pre-Push hook: 86 milli
		[0.00%] Push : 0 milli
		[0.15%] Post-Pop hook: 116 milli
		[0.10%] Pop : 80 milli
		[0.36%] Total context-switching time: 283 milli
	--- Proof Certificate ---
	Number of certified leaves: 0
	Number of leaves to delegate: 0
	Number of lemmas: 0
unsat
end run time: 10:53:22
DQN: Done solving. Time : 78570 milli. 

start run time: 10:53:22
Network: /cs/labs/guykatz/maya.swisa/elbit/20_8/Marabou/resources/nnet/acasxu/ACASXU_experimental_v2a_1_1.nnet
Number of layers: 8. Input layer size: 5. Output layer size: 5. Number of ReLUs: 300
Total number of variables: 610
Property: /cs/labs/guykatz/maya.swisa/elbit/PROPERTY_1_08091/ex_0967_label_0/eps03.txt

Engine::processInputQuery: Input query (before preprocessing): 309 equations, 610 variables
Engine::processInputQuery: Input query (after preprocessing): 604 equations, 914 variables


Engine::solve: Initial statistics

10:53:22 Statistics update:
	--- Time Statistics ---
	Total time elapsed: 78 milli (00:00:00)
		Main loop: 0 milli (00:00:00)
		Preprocessing time: 47 milli (00:00:00)
		Unknown: 30 milli (00:00:00)
	Breakdown for main loop:
		[0.00%] Simplex steps: 0 milli
		[0.00%] Explicit-basis bound tightening: 0 milli
		[0.00%] Constraint-matrix bound tightening: 0 milli
		[0.00%] Degradation checking: 0 milli
		[0.00%] Precision restoration: 0 milli
		[0.00%] Statistics handling: 0 milli
		[0.00%] Constraint-fixing steps: 0 milli
		[0.00%] Valid case splits: 4 milli. Average per split: 0.00 milli
		[0.00%] Applying stored bound-tightening: 0 milli
		[0.00%] SMT core: 0 milli
		[0.00%] Symbolic Bound Tightening: 8 milli
		[0.00%] SoI-based local search: 0 milli
		[0.00%] SoI-based local search: 0 milli
		[0.00%] Unaccounted for: 0 milli
	--- Preprocessor Statistics ---
	Number of preprocessor bound-tightening loop iterations: 8
	Number of eliminated variables: 0
	Number of constraints removed due to variable elimination: 0
	Number of equations removed due to variable elimination: 0
	--- Engine Statistics ---
	Number of main loop iterations: 1
		0 iterations were simplex steps. Total time: 0 milli. Average: 0.00 milli.
		0 iterations were constraint-fixing steps. Total time: 0 milli. Average: 0.00 milli
	Number of active piecewise-linear constraints: 140 / 300
		Constraints disabled by valid splits: 160. By SMT-originated splits: 0
	Last reported degradation: 0.0000000000. Max degradation so far: 0.0000000000. Restorations so far: 0
	Number of simplex pivots we attempted to skip because of instability: 0.
	Unstable pivots performed anyway: 0
	--- Tableau Statistics ---
	Total number of pivots performed: 0
		Real pivots: 0. Degenerate: 0 (0.00%)
		Degenerate pivots by request (e.g., to fix a PL constraint): 0 (0.00%)
		Average time per pivot: 0.00 milli
	Total number of fake pivots performed: 0
	Total number of rows added: 0. Number of merged columns: 0
	Current tableau dimensions: M = 604, N = 1518
	--- SMT Core Statistics ---
	Total depth is 0. Total visited states: 1. Number of splits: 0. Number of pops: 0
	Max stack depth: 0
	--- Bound Tightening Statistics ---
	Number of tightened bounds: 0.
		Number of rows examined by row tightener: 0. Consequent tightenings: 0
		Number of explicit basis matrices examined by row tightener: 0. Consequent tightenings: 0
		Number of bound tightening rounds on the entire constraint matrix: 0. Consequent tightenings: 0
		Number of bound notifications sent to PL constraints: 1800. Tightenings proposed: 0
	--- Basis Factorization statistics ---
	Number of basis refactorizations: 2
	--- Projected Steepest Edge Statistics ---
	Number of iterations: 0.
	Number of resets to reference space: 1. Avg. iterations per reset: 0
	--- SBT ---
	Number of tightened bounds: 740
	--- SoI-based local search ---
	Number of proposed phase pattern update: 0. Number of accepted update: 0 [0.00%]
	Total time (% of local search time) updating SoI phase pattern : 0 milli [0.00%]
	Total time obtaining current assignment: 0 milli [0.00%]
	Total time getting SoI phase pattern : 0 milli [0.00%]
	--- Context dependent statistics ---
	Number of pushes / pops: 0 / 0
		[0.00%] Pre-Push hook: 0 milli
		[0.00%] Push : 0 milli
		[0.00%] Post-Pop hook: 0 milli
		[0.00%] Pop : 0 milli
		[0.00%] Total context-switching time: 0 milli
	--- Proof Certificate ---
	Number of certified leaves: 0
	Number of leaves to delegate: 0
	Number of lemmas: 0

---
start solving without an agent
Performing precision restoration. Degradation before: 0.003903058350617. After: 0.000000000000166

Engine::solve: unsat query

10:55:18 Statistics update:
	--- Time Statistics ---
	Total time elapsed: 116335 milli (00:01:56)
		Main loop: 116236 milli (00:01:56)
		Preprocessing time: 47 milli (00:00:00)
		Unknown: 51 milli (00:00:00)
	Breakdown for main loop:
		[33.17%] Simplex steps: 38557 milli
		[12.82%] Explicit-basis bound tightening: 14907 milli
		[0.00%] Constraint-matrix bound tightening: 0 milli
		[0.18%] Degradation checking: 208 milli
		[0.01%] Precision restoration: 7 milli
		[0.09%] Statistics handling: 105 milli
		[0.00%] Constraint-fixing steps: 0 milli
		[0.78%] Valid case splits: 903 milli. Average per split: 0.00 milli
		[0.06%] Applying stored bound-tightening: 66 milli
		[2.85%] SMT core: 3312 milli
		[40.67%] Symbolic Bound Tightening: 47272 milli
		[23.40%] SoI-based local search: 27203 milli
		[0.00%] SoI-based local search: 0 milli
		[9.37%] Unaccounted for: 10894 milli
	--- Preprocessor Statistics ---
	Number of preprocessor bound-tightening loop iterations: 8
	Number of eliminated variables: 0
	Number of constraints removed due to variable elimination: 0
	Number of equations removed due to variable elimination: 0
	--- Engine Statistics ---
	Number of main loop iterations: 72273
		67039 iterations were simplex steps. Total time: 38557 milli. Average: 0.58 milli.
		0 iterations were constraint-fixing steps. Total time: 0 milli. Average: 0.00 milli
	Number of active piecewise-linear constraints: 90 / 300
		Constraints disabled by valid splits: 208. By SMT-originated splits: 2
	Last reported degradation: 0.0000000000. Max degradation so far: 0.0038913475. Restorations so far: 1
	Number of simplex pivots we attempted to skip because of instability: 38.
	Unstable pivots performed anyway: 5
	--- Tableau Statistics ---
	Total number of pivots performed: 52801
		Real pivots: 52536. Degenerate: 265 (0.50%)
		Degenerate pivots by request (e.g., to fix a PL constraint): 0 (0.00%)
		Average time per pivot: 0.06 milli
	Total number of fake pivots performed: 3886
	Total number of rows added: 0. Number of merged columns: 0
	Current tableau dimensions: M = 604, N = 1518
	--- SMT Core Statistics ---
	Total depth is 6. Total visited states: 3936. Number of splits: 1967. Number of pops: 1968
	Max stack depth: 36
	--- Bound Tightening Statistics ---
	Number of tightened bounds: 1007614.
		Number of rows examined by row tightener: 52801. Consequent tightenings: 10154
		Number of explicit basis matrices examined by row tightener: 730. Consequent tightenings: 145831
		Number of bound tightening rounds on the entire constraint matrix: 0. Consequent tightenings: 0
		Number of bound notifications sent to PL constraints: 1630337. Tightenings proposed: 0
	--- Basis Factorization statistics ---
	Number of basis refactorizations: 356
	--- Projected Steepest Edge Statistics ---
	Number of iterations: 56720.
	Number of resets to reference space: 1979. Avg. iterations per reset: 28
	--- SBT ---
	Number of tightened bounds: 1005318
	--- SoI-based local search ---
	Number of proposed phase pattern update: 2605. Number of accepted update: 3734 [143.34%]
	Total time (% of local search time) updating SoI phase pattern : 299864 milli [1.10%]
	Total time obtaining current assignment: 962373 milli [3.54%]
	Total time getting SoI phase pattern : 110567 milli [0.10%]
	--- Context dependent statistics ---
	Number of pushes / pops: 3934 / 3934
		[0.11%] Pre-Push hook: 126 milli
		[0.00%] Push : 0 milli
		[0.14%] Post-Pop hook: 165 milli
		[0.11%] Pop : 123 milli
		[0.36%] Total context-switching time: 414 milli
	--- Proof Certificate ---
	Number of certified leaves: 0
	Number of leaves to delegate: 0
	Number of lemmas: 0
unsat
end run time: 10:55:18
DQN: Done solving. Time : 116356 milli. 

