[278] processing ex_0279_label_0 …
start run time: 09:59:35
Network: /cs/labs/guykatz/maya.swisa/elbit/20_8/Marabou/resources/nnet/acasxu/ACASXU_experimental_v2a_1_1.nnet
Number of layers: 8. Input layer size: 5. Output layer size: 5. Number of ReLUs: 300
Total number of variables: 610
Property: /cs/labs/guykatz/maya.swisa/elbit/PROPERTY_1_08091/ex_0279_label_0/eps01.txt

Engine::processInputQuery: Input query (before preprocessing): 309 equations, 610 variables
Engine::processInputQuery: Input query (after preprocessing): 604 equations, 914 variables


Engine::solve: Initial statistics

09:59:35 Statistics update:
	--- Time Statistics ---
	Total time elapsed: 56 milli (00:00:00)
		Main loop: 0 milli (00:00:00)
		Preprocessing time: 38 milli (00:00:00)
		Unknown: 17 milli (00:00:00)
	Breakdown for main loop:
		[0.00%] Simplex steps: 0 milli
		[0.00%] Explicit-basis bound tightening: 0 milli
		[0.00%] Constraint-matrix bound tightening: 0 milli
		[0.00%] Degradation checking: 0 milli
		[0.00%] Precision restoration: 0 milli
		[0.00%] Statistics handling: 0 milli
		[0.00%] Constraint-fixing steps: 0 milli
		[0.00%] Valid case splits: 2 milli. Average per split: 0.00 milli
		[0.00%] Applying stored bound-tightening: 0 milli
		[0.00%] SMT core: 0 milli
		[0.00%] Symbolic Bound Tightening: 5 milli
		[0.00%] SoI-based local search: 0 milli
		[0.00%] SoI-based local search: 0 milli
		[0.00%] Unaccounted for: 0 milli
	--- Preprocessor Statistics ---
	Number of preprocessor bound-tightening loop iterations: 8
	Number of eliminated variables: 0
	Number of constraints removed due to variable elimination: 0
	Number of equations removed due to variable elimination: 0
	--- Engine Statistics ---
	Number of main loop iterations: 1
		0 iterations were simplex steps. Total time: 0 milli. Average: 0.00 milli.
		0 iterations were constraint-fixing steps. Total time: 0 milli. Average: 0.00 milli
	Number of active piecewise-linear constraints: 182 / 300
		Constraints disabled by valid splits: 118. By SMT-originated splits: 0
	Last reported degradation: 0.0000000000. Max degradation so far: 0.0000000000. Restorations so far: 0
	Number of simplex pivots we attempted to skip because of instability: 0.
	Unstable pivots performed anyway: 0
	--- Tableau Statistics ---
	Total number of pivots performed: 0
		Real pivots: 0. Degenerate: 0 (0.00%)
		Degenerate pivots by request (e.g., to fix a PL constraint): 0 (0.00%)
		Average time per pivot: 0.00 milli
	Total number of fake pivots performed: 0
	Total number of rows added: 0. Number of merged columns: 0
	Current tableau dimensions: M = 604, N = 1518
	--- SMT Core Statistics ---
	Total depth is 0. Total visited states: 1. Number of splits: 0. Number of pops: 0
	Max stack depth: 0
	--- Bound Tightening Statistics ---
	Number of tightened bounds: 0.
		Number of rows examined by row tightener: 0. Consequent tightenings: 0
		Number of explicit basis matrices examined by row tightener: 0. Consequent tightenings: 0
		Number of bound tightening rounds on the entire constraint matrix: 0. Consequent tightenings: 0
		Number of bound notifications sent to PL constraints: 1800. Tightenings proposed: 0
	--- Basis Factorization statistics ---
	Number of basis refactorizations: 2
	--- Projected Steepest Edge Statistics ---
	Number of iterations: 0.
	Number of resets to reference space: 1. Avg. iterations per reset: 0
	--- SBT ---
	Number of tightened bounds: 726
	--- SoI-based local search ---
	Number of proposed phase pattern update: 0. Number of accepted update: 0 [0.00%]
	Total time (% of local search time) updating SoI phase pattern : 0 milli [0.00%]
	Total time obtaining current assignment: 0 milli [0.00%]
	Total time getting SoI phase pattern : 0 milli [0.00%]
	--- Context dependent statistics ---
	Number of pushes / pops: 0 / 0
		[0.00%] Pre-Push hook: 0 milli
		[0.00%] Push : 0 milli
		[0.00%] Post-Pop hook: 0 milli
		[0.00%] Pop : 0 milli
		[0.00%] Total context-switching time: 0 milli
	--- Proof Certificate ---
	Number of certified leaves: 0
	Number of leaves to delegate: 0
	Number of lemmas: 0

---
start solving without an agent

Engine::solve: unsat query

10:00:03 Statistics update:
	--- Time Statistics ---
	Total time elapsed: 27976 milli (00:00:27)
		Main loop: 27914 milli (00:00:27)
		Preprocessing time: 38 milli (00:00:00)
		Unknown: 23 milli (00:00:00)
	Breakdown for main loop:
		[29.73%] Simplex steps: 8299 milli
		[13.52%] Explicit-basis bound tightening: 3773 milli
		[0.00%] Constraint-matrix bound tightening: 0 milli
		[0.13%] Degradation checking: 36 milli
		[0.00%] Precision restoration: 0 milli
		[0.02%] Statistics handling: 6 milli
		[0.00%] Constraint-fixing steps: 0 milli
		[0.58%] Valid case splits: 161 milli. Average per split: 0.00 milli
		[0.06%] Applying stored bound-tightening: 17 milli
		[3.94%] SMT core: 1099 milli
		[43.92%] Symbolic Bound Tightening: 12260 milli
		[24.46%] SoI-based local search: 6827 milli
		[0.00%] SoI-based local search: 0 milli
		[8.10%] Unaccounted for: 2259 milli
	--- Preprocessor Statistics ---
	Number of preprocessor bound-tightening loop iterations: 8
	Number of eliminated variables: 0
	Number of constraints removed due to variable elimination: 0
	Number of equations removed due to variable elimination: 0
	--- Engine Statistics ---
	Number of main loop iterations: 22966
		20561 iterations were simplex steps. Total time: 8299 milli. Average: 0.40 milli.
		0 iterations were constraint-fixing steps. Total time: 0 milli. Average: 0.00 milli
	Number of active piecewise-linear constraints: 55 / 300
		Constraints disabled by valid splits: 244. By SMT-originated splits: 1
	Last reported degradation: 0.0000000000. Max degradation so far: 0.0000001395. Restorations so far: 0
	Number of simplex pivots we attempted to skip because of instability: 11.
	Unstable pivots performed anyway: 2
	--- Tableau Statistics ---
	Total number of pivots performed: 14564
		Real pivots: 14413. Degenerate: 151 (1.04%)
		Degenerate pivots by request (e.g., to fix a PL constraint): 0 (0.00%)
		Average time per pivot: 0.04 milli
	Total number of fake pivots performed: 1336
	Total number of rows added: 0. Number of merged columns: 0
	Current tableau dimensions: M = 604, N = 1518
	--- SMT Core Statistics ---
	Total depth is 5. Total visited states: 1830. Number of splits: 914. Number of pops: 915
	Max stack depth: 33
	--- Bound Tightening Statistics ---
	Number of tightened bounds: 417454.
		Number of rows examined by row tightener: 14564. Consequent tightenings: 4357
		Number of explicit basis matrices examined by row tightener: 253. Consequent tightenings: 60837
		Number of bound tightening rounds on the entire constraint matrix: 0. Consequent tightenings: 0
		Number of bound notifications sent to PL constraints: 636767. Tightenings proposed: 0
	--- Basis Factorization statistics ---
	Number of basis refactorizations: 119
	--- Projected Steepest Edge Statistics ---
	Number of iterations: 15909.
	Number of resets to reference space: 915. Avg. iterations per reset: 17
	--- SBT ---
	Number of tightened bounds: 418180
	--- SoI-based local search ---
	Number of proposed phase pattern update: 1133. Number of accepted update: 1784 [157.46%]
	Total time (% of local search time) updating SoI phase pattern : 85941 milli [1.26%]
	Total time obtaining current assignment: 286006 milli [4.19%]
	Total time getting SoI phase pattern : 20801 milli [0.07%]
	--- Context dependent statistics ---
	Number of pushes / pops: 1828 / 1828
		[0.18%] Pre-Push hook: 51 milli
		[0.00%] Push : 0 milli
		[0.16%] Post-Pop hook: 45 milli
		[0.22%] Pop : 60 milli
		[0.56%] Total context-switching time: 157 milli
	--- Proof Certificate ---
	Number of certified leaves: 0
	Number of leaves to delegate: 0
	Number of lemmas: 0
unsat
end run time: 10:00:03
DQN: Done solving. Time : 27984 milli. 

start run time: 10:00:03
Network: /cs/labs/guykatz/maya.swisa/elbit/20_8/Marabou/resources/nnet/acasxu/ACASXU_experimental_v2a_1_1.nnet
Number of layers: 8. Input layer size: 5. Output layer size: 5. Number of ReLUs: 300
Total number of variables: 610
Property: /cs/labs/guykatz/maya.swisa/elbit/PROPERTY_1_08091/ex_0279_label_0/eps02.txt

Engine::processInputQuery: Input query (before preprocessing): 309 equations, 610 variables
Engine::processInputQuery: Input query (after preprocessing): 604 equations, 914 variables


Engine::solve: Initial statistics

10:00:03 Statistics update:
	--- Time Statistics ---
	Total time elapsed: 68 milli (00:00:00)
		Main loop: 0 milli (00:00:00)
		Preprocessing time: 30 milli (00:00:00)
		Unknown: 38 milli (00:00:00)
	Breakdown for main loop:
		[0.00%] Simplex steps: 0 milli
		[0.00%] Explicit-basis bound tightening: 0 milli
		[0.00%] Constraint-matrix bound tightening: 0 milli
		[0.00%] Degradation checking: 0 milli
		[0.00%] Precision restoration: 0 milli
		[0.00%] Statistics handling: 0 milli
		[0.00%] Constraint-fixing steps: 0 milli
		[0.00%] Valid case splits: 1 milli. Average per split: 0.00 milli
		[0.00%] Applying stored bound-tightening: 0 milli
		[0.00%] SMT core: 0 milli
		[0.00%] Symbolic Bound Tightening: 5 milli
		[0.00%] SoI-based local search: 0 milli
		[0.00%] SoI-based local search: 0 milli
		[0.00%] Unaccounted for: 0 milli
	--- Preprocessor Statistics ---
	Number of preprocessor bound-tightening loop iterations: 8
	Number of eliminated variables: 0
	Number of constraints removed due to variable elimination: 0
	Number of equations removed due to variable elimination: 0
	--- Engine Statistics ---
	Number of main loop iterations: 1
		0 iterations were simplex steps. Total time: 0 milli. Average: 0.00 milli.
		0 iterations were constraint-fixing steps. Total time: 0 milli. Average: 0.00 milli
	Number of active piecewise-linear constraints: 191 / 300
		Constraints disabled by valid splits: 109. By SMT-originated splits: 0
	Last reported degradation: 0.0000000000. Max degradation so far: 0.0000000000. Restorations so far: 0
	Number of simplex pivots we attempted to skip because of instability: 0.
	Unstable pivots performed anyway: 0
	--- Tableau Statistics ---
	Total number of pivots performed: 0
		Real pivots: 0. Degenerate: 0 (0.00%)
		Degenerate pivots by request (e.g., to fix a PL constraint): 0 (0.00%)
		Average time per pivot: 0.00 milli
	Total number of fake pivots performed: 0
	Total number of rows added: 0. Number of merged columns: 0
	Current tableau dimensions: M = 604, N = 1518
	--- SMT Core Statistics ---
	Total depth is 0. Total visited states: 1. Number of splits: 0. Number of pops: 0
	Max stack depth: 0
	--- Bound Tightening Statistics ---
	Number of tightened bounds: 0.
		Number of rows examined by row tightener: 0. Consequent tightenings: 0
		Number of explicit basis matrices examined by row tightener: 0. Consequent tightenings: 0
		Number of bound tightening rounds on the entire constraint matrix: 0. Consequent tightenings: 0
		Number of bound notifications sent to PL constraints: 1800. Tightenings proposed: 0
	--- Basis Factorization statistics ---
	Number of basis refactorizations: 2
	--- Projected Steepest Edge Statistics ---
	Number of iterations: 0.
	Number of resets to reference space: 1. Avg. iterations per reset: 0
	--- SBT ---
	Number of tightened bounds: 726
	--- SoI-based local search ---
	Number of proposed phase pattern update: 0. Number of accepted update: 0 [0.00%]
	Total time (% of local search time) updating SoI phase pattern : 0 milli [0.00%]
	Total time obtaining current assignment: 0 milli [0.00%]
	Total time getting SoI phase pattern : 0 milli [0.00%]
	--- Context dependent statistics ---
	Number of pushes / pops: 0 / 0
		[0.00%] Pre-Push hook: 0 milli
		[0.00%] Push : 0 milli
		[0.00%] Post-Pop hook: 0 milli
		[0.00%] Pop : 0 milli
		[0.00%] Total context-switching time: 0 milli
	--- Proof Certificate ---
	Number of certified leaves: 0
	Number of leaves to delegate: 0
	Number of lemmas: 0

---
start solving without an agent

Engine::solve: unsat query

10:00:41 Statistics update:
	--- Time Statistics ---
	Total time elapsed: 38215 milli (00:00:38)
		Main loop: 38139 milli (00:00:38)
		Preprocessing time: 30 milli (00:00:00)
		Unknown: 46 milli (00:00:00)
	Breakdown for main loop:
		[29.83%] Simplex steps: 11376 milli
		[13.55%] Explicit-basis bound tightening: 5166 milli
		[0.00%] Constraint-matrix bound tightening: 0 milli
		[0.13%] Degradation checking: 51 milli
		[0.00%] Precision restoration: 0 milli
		[0.08%] Statistics handling: 28 milli
		[0.00%] Constraint-fixing steps: 0 milli
		[0.56%] Valid case splits: 213 milli. Average per split: 0.00 milli
		[0.06%] Applying stored bound-tightening: 22 milli
		[4.07%] SMT core: 1553 milli
		[44.97%] Symbolic Bound Tightening: 17151 milli
		[23.88%] SoI-based local search: 9109 milli
		[0.00%] SoI-based local search: 0 milli
		[6.75%] Unaccounted for: 2574 milli
	--- Preprocessor Statistics ---
	Number of preprocessor bound-tightening loop iterations: 8
	Number of eliminated variables: 0
	Number of constraints removed due to variable elimination: 0
	Number of equations removed due to variable elimination: 0
	--- Engine Statistics ---
	Number of main loop iterations: 32142
		28822 iterations were simplex steps. Total time: 11376 milli. Average: 0.39 milli.
		0 iterations were constraint-fixing steps. Total time: 0 milli. Average: 0.00 milli
	Number of active piecewise-linear constraints: 46 / 300
		Constraints disabled by valid splits: 251. By SMT-originated splits: 3
	Last reported degradation: 0.0000000000. Max degradation so far: 0.0000012759. Restorations so far: 0
	Number of simplex pivots we attempted to skip because of instability: 3.
	Unstable pivots performed anyway: 0
	--- Tableau Statistics ---
	Total number of pivots performed: 20830
		Real pivots: 20615. Degenerate: 215 (1.03%)
		Degenerate pivots by request (e.g., to fix a PL constraint): 0 (0.00%)
		Average time per pivot: 0.04 milli
	Total number of fake pivots performed: 1732
	Total number of rows added: 0. Number of merged columns: 0
	Current tableau dimensions: M = 604, N = 1518
	--- SMT Core Statistics ---
	Total depth is 7. Total visited states: 2494. Number of splits: 1246. Number of pops: 1247
	Max stack depth: 28
	--- Bound Tightening Statistics ---
	Number of tightened bounds: 584157.
		Number of rows examined by row tightener: 20830. Consequent tightenings: 6182
		Number of explicit basis matrices examined by row tightener: 316. Consequent tightenings: 75819
		Number of bound tightening rounds on the entire constraint matrix: 0. Consequent tightenings: 0
		Number of bound notifications sent to PL constraints: 877453. Tightenings proposed: 0
	--- Basis Factorization statistics ---
	Number of basis refactorizations: 172
	--- Projected Steepest Edge Statistics ---
	Number of iterations: 22565.
	Number of resets to reference space: 1247. Avg. iterations per reset: 18
	--- SBT ---
	Number of tightened bounds: 584883
	--- SoI-based local search ---
	Number of proposed phase pattern update: 1507. Number of accepted update: 2443 [162.11%]
	Total time (% of local search time) updating SoI phase pattern : 120342 milli [1.32%]
	Total time obtaining current assignment: 383999 milli [4.22%]
	Total time getting SoI phase pattern : 31810 milli [0.08%]
	--- Context dependent statistics ---
	Number of pushes / pops: 2492 / 2492
		[0.17%] Pre-Push hook: 66 milli
		[0.00%] Push : 0 milli
		[0.16%] Post-Pop hook: 62 milli
		[0.18%] Pop : 67 milli
		[0.52%] Total context-switching time: 196 milli
	--- Proof Certificate ---
	Number of certified leaves: 0
	Number of leaves to delegate: 0
	Number of lemmas: 0
unsat
end run time: 10:00:41
DQN: Done solving. Time : 38224 milli. 

start run time: 10:00:41
Network: /cs/labs/guykatz/maya.swisa/elbit/20_8/Marabou/resources/nnet/acasxu/ACASXU_experimental_v2a_1_1.nnet
Number of layers: 8. Input layer size: 5. Output layer size: 5. Number of ReLUs: 300
Total number of variables: 610
Property: /cs/labs/guykatz/maya.swisa/elbit/PROPERTY_1_08091/ex_0279_label_0/eps03.txt

Engine::processInputQuery: Input query (before preprocessing): 309 equations, 610 variables
Engine::processInputQuery: Input query (after preprocessing): 604 equations, 914 variables


Engine::solve: Initial statistics

10:00:41 Statistics update:
	--- Time Statistics ---
	Total time elapsed: 58 milli (00:00:00)
		Main loop: 0 milli (00:00:00)
		Preprocessing time: 30 milli (00:00:00)
		Unknown: 28 milli (00:00:00)
	Breakdown for main loop:
		[0.00%] Simplex steps: 0 milli
		[0.00%] Explicit-basis bound tightening: 0 milli
		[0.00%] Constraint-matrix bound tightening: 0 milli
		[0.00%] Degradation checking: 0 milli
		[0.00%] Precision restoration: 0 milli
		[0.00%] Statistics handling: 0 milli
		[0.00%] Constraint-fixing steps: 0 milli
		[0.00%] Valid case splits: 1 milli. Average per split: 0.00 milli
		[0.00%] Applying stored bound-tightening: 0 milli
		[0.00%] SMT core: 0 milli
		[0.00%] Symbolic Bound Tightening: 5 milli
		[0.00%] SoI-based local search: 0 milli
		[0.00%] SoI-based local search: 0 milli
		[0.00%] Unaccounted for: 0 milli
	--- Preprocessor Statistics ---
	Number of preprocessor bound-tightening loop iterations: 8
	Number of eliminated variables: 0
	Number of constraints removed due to variable elimination: 0
	Number of equations removed due to variable elimination: 0
	--- Engine Statistics ---
	Number of main loop iterations: 1
		0 iterations were simplex steps. Total time: 0 milli. Average: 0.00 milli.
		0 iterations were constraint-fixing steps. Total time: 0 milli. Average: 0.00 milli
	Number of active piecewise-linear constraints: 195 / 300
		Constraints disabled by valid splits: 105. By SMT-originated splits: 0
	Last reported degradation: 0.0000000000. Max degradation so far: 0.0000000000. Restorations so far: 0
	Number of simplex pivots we attempted to skip because of instability: 0.
	Unstable pivots performed anyway: 0
	--- Tableau Statistics ---
	Total number of pivots performed: 0
		Real pivots: 0. Degenerate: 0 (0.00%)
		Degenerate pivots by request (e.g., to fix a PL constraint): 0 (0.00%)
		Average time per pivot: 0.00 milli
	Total number of fake pivots performed: 0
	Total number of rows added: 0. Number of merged columns: 0
	Current tableau dimensions: M = 604, N = 1518
	--- SMT Core Statistics ---
	Total depth is 0. Total visited states: 1. Number of splits: 0. Number of pops: 0
	Max stack depth: 0
	--- Bound Tightening Statistics ---
	Number of tightened bounds: 0.
		Number of rows examined by row tightener: 0. Consequent tightenings: 0
		Number of explicit basis matrices examined by row tightener: 0. Consequent tightenings: 0
		Number of bound tightening rounds on the entire constraint matrix: 0. Consequent tightenings: 0
		Number of bound notifications sent to PL constraints: 1800. Tightenings proposed: 0
	--- Basis Factorization statistics ---
	Number of basis refactorizations: 2
	--- Projected Steepest Edge Statistics ---
	Number of iterations: 0.
	Number of resets to reference space: 1. Avg. iterations per reset: 0
	--- SBT ---
	Number of tightened bounds: 725
	--- SoI-based local search ---
	Number of proposed phase pattern update: 0. Number of accepted update: 0 [0.00%]
	Total time (% of local search time) updating SoI phase pattern : 0 milli [0.00%]
	Total time obtaining current assignment: 0 milli [0.00%]
	Total time getting SoI phase pattern : 0 milli [0.00%]
	--- Context dependent statistics ---
	Number of pushes / pops: 0 / 0
		[0.00%] Pre-Push hook: 0 milli
		[0.00%] Push : 0 milli
		[0.00%] Post-Pop hook: 0 milli
		[0.00%] Pop : 0 milli
		[0.00%] Total context-switching time: 0 milli
	--- Proof Certificate ---
	Number of certified leaves: 0
	Number of leaves to delegate: 0
	Number of lemmas: 0

---
start solving without an agent

Engine::solve: unsat query

10:01:31 Statistics update:
	--- Time Statistics ---
	Total time elapsed: 49779 milli (00:00:49)
		Main loop: 49710 milli (00:00:49)
		Preprocessing time: 30 milli (00:00:00)
		Unknown: 38 milli (00:00:00)
	Breakdown for main loop:
		[30.41%] Simplex steps: 15116 milli
		[12.70%] Explicit-basis bound tightening: 6315 milli
		[0.00%] Constraint-matrix bound tightening: 0 milli
		[0.14%] Degradation checking: 69 milli
		[0.00%] Precision restoration: 0 milli
		[0.08%] Statistics handling: 37 milli
		[0.00%] Constraint-fixing steps: 0 milli
		[0.61%] Valid case splits: 302 milli. Average per split: 0.00 milli
		[0.06%] Applying stored bound-tightening: 30 milli
		[4.06%] SMT core: 2020 milli
		[43.90%] Symbolic Bound Tightening: 21824 milli
		[24.71%] SoI-based local search: 12283 milli
		[0.00%] SoI-based local search: 0 milli
		[8.03%] Unaccounted for: 3993 milli
	--- Preprocessor Statistics ---
	Number of preprocessor bound-tightening loop iterations: 8
	Number of eliminated variables: 0
	Number of constraints removed due to variable elimination: 0
	Number of equations removed due to variable elimination: 0
	--- Engine Statistics ---
	Number of main loop iterations: 41687
		37442 iterations were simplex steps. Total time: 15116 milli. Average: 0.40 milli.
		0 iterations were constraint-fixing steps. Total time: 0 milli. Average: 0.00 milli
	Number of active piecewise-linear constraints: 46 / 300
		Constraints disabled by valid splits: 251. By SMT-originated splits: 3
	Last reported degradation: 0.0000000000. Max degradation so far: 0.0000000034. Restorations so far: 0
	Number of simplex pivots we attempted to skip because of instability: 18.
	Unstable pivots performed anyway: 0
	--- Tableau Statistics ---
	Total number of pivots performed: 27177
		Real pivots: 26905. Degenerate: 272 (1.00%)
		Degenerate pivots by request (e.g., to fix a PL constraint): 0 (0.00%)
		Average time per pivot: 0.04 milli
	Total number of fake pivots performed: 2048
	Total number of rows added: 0. Number of merged columns: 0
	Current tableau dimensions: M = 604, N = 1518
	--- SMT Core Statistics ---
	Total depth is 7. Total visited states: 3212. Number of splits: 1605. Number of pops: 1606
	Max stack depth: 32
	--- Bound Tightening Statistics ---
	Number of tightened bounds: 768460.
		Number of rows examined by row tightener: 27177. Consequent tightenings: 7598
		Number of explicit basis matrices examined by row tightener: 436. Consequent tightenings: 97117
		Number of bound tightening rounds on the entire constraint matrix: 0. Consequent tightenings: 0
		Number of bound notifications sent to PL constraints: 1177912. Tightenings proposed: 0
	--- Basis Factorization statistics ---
	Number of basis refactorizations: 221
	--- Projected Steepest Edge Statistics ---
	Number of iterations: 29243.
	Number of resets to reference space: 1606. Avg. iterations per reset: 18
	--- SBT ---
	Number of tightened bounds: 769185
	--- SoI-based local search ---
	Number of proposed phase pattern update: 1987. Number of accepted update: 3124 [157.22%]
	Total time (% of local search time) updating SoI phase pattern : 160472 milli [1.31%]
	Total time obtaining current assignment: 520298 milli [4.24%]
	Total time getting SoI phase pattern : 40459 milli [0.08%]
	--- Context dependent statistics ---
	Number of pushes / pops: 3210 / 3210
		[0.20%] Pre-Push hook: 97 milli
		[0.00%] Push : 0 milli
		[0.16%] Post-Pop hook: 81 milli
		[0.21%] Pop : 105 milli
		[0.57%] Total context-switching time: 284 milli
	--- Proof Certificate ---
	Number of certified leaves: 0
	Number of leaves to delegate: 0
	Number of lemmas: 0
unsat
end run time: 10:01:31
DQN: Done solving. Time : 49786 milli. 

