[157] processing ex_0158_label_0 …
start run time: 09:59:15
Network: /cs/labs/guykatz/maya.swisa/elbit/20_8/Marabou/resources/nnet/acasxu/ACASXU_experimental_v2a_1_1.nnet
Number of layers: 8. Input layer size: 5. Output layer size: 5. Number of ReLUs: 300
Total number of variables: 610
Property: /cs/labs/guykatz/maya.swisa/elbit/PROPERTY_1_08091/ex_0158_label_0/eps01.txt

Engine::processInputQuery: Input query (before preprocessing): 309 equations, 610 variables
Engine::processInputQuery: Input query (after preprocessing): 604 equations, 914 variables


Engine::solve: Initial statistics

09:59:15 Statistics update:
	--- Time Statistics ---
	Total time elapsed: 54 milli (00:00:00)
		Main loop: 0 milli (00:00:00)
		Preprocessing time: 36 milli (00:00:00)
		Unknown: 17 milli (00:00:00)
	Breakdown for main loop:
		[0.00%] Simplex steps: 0 milli
		[0.00%] Explicit-basis bound tightening: 0 milli
		[0.00%] Constraint-matrix bound tightening: 0 milli
		[0.00%] Degradation checking: 0 milli
		[0.00%] Precision restoration: 0 milli
		[0.00%] Statistics handling: 0 milli
		[0.00%] Constraint-fixing steps: 0 milli
		[0.00%] Valid case splits: 4 milli. Average per split: 0.00 milli
		[0.00%] Applying stored bound-tightening: 0 milli
		[0.00%] SMT core: 0 milli
		[0.00%] Symbolic Bound Tightening: 4 milli
		[0.00%] SoI-based local search: 0 milli
		[0.00%] SoI-based local search: 0 milli
		[0.00%] Unaccounted for: 0 milli
	--- Preprocessor Statistics ---
	Number of preprocessor bound-tightening loop iterations: 8
	Number of eliminated variables: 0
	Number of constraints removed due to variable elimination: 0
	Number of equations removed due to variable elimination: 0
	--- Engine Statistics ---
	Number of main loop iterations: 1
		0 iterations were simplex steps. Total time: 0 milli. Average: 0.00 milli.
		0 iterations were constraint-fixing steps. Total time: 0 milli. Average: 0.00 milli
	Number of active piecewise-linear constraints: 60 / 300
		Constraints disabled by valid splits: 240. By SMT-originated splits: 0
	Last reported degradation: 0.0000000000. Max degradation so far: 0.0000000000. Restorations so far: 0
	Number of simplex pivots we attempted to skip because of instability: 0.
	Unstable pivots performed anyway: 0
	--- Tableau Statistics ---
	Total number of pivots performed: 0
		Real pivots: 0. Degenerate: 0 (0.00%)
		Degenerate pivots by request (e.g., to fix a PL constraint): 0 (0.00%)
		Average time per pivot: 0.00 milli
	Total number of fake pivots performed: 0
	Total number of rows added: 0. Number of merged columns: 0
	Current tableau dimensions: M = 604, N = 1518
	--- SMT Core Statistics ---
	Total depth is 0. Total visited states: 1. Number of splits: 0. Number of pops: 0
	Max stack depth: 0
	--- Bound Tightening Statistics ---
	Number of tightened bounds: 0.
		Number of rows examined by row tightener: 0. Consequent tightenings: 0
		Number of explicit basis matrices examined by row tightener: 0. Consequent tightenings: 0
		Number of bound tightening rounds on the entire constraint matrix: 0. Consequent tightenings: 0
		Number of bound notifications sent to PL constraints: 1800. Tightenings proposed: 0
	--- Basis Factorization statistics ---
	Number of basis refactorizations: 2
	--- Projected Steepest Edge Statistics ---
	Number of iterations: 0.
	Number of resets to reference space: 1. Avg. iterations per reset: 0
	--- SBT ---
	Number of tightened bounds: 747
	--- SoI-based local search ---
	Number of proposed phase pattern update: 0. Number of accepted update: 0 [0.00%]
	Total time (% of local search time) updating SoI phase pattern : 0 milli [0.00%]
	Total time obtaining current assignment: 0 milli [0.00%]
	Total time getting SoI phase pattern : 0 milli [0.00%]
	--- Context dependent statistics ---
	Number of pushes / pops: 0 / 0
		[0.00%] Pre-Push hook: 0 milli
		[0.00%] Push : 0 milli
		[0.00%] Post-Pop hook: 0 milli
		[0.00%] Pop : 0 milli
		[0.00%] Total context-switching time: 0 milli
	--- Proof Certificate ---
	Number of certified leaves: 0
	Number of leaves to delegate: 0
	Number of lemmas: 0

---
start solving without an agent

Engine::solve: unsat query

09:59:15 Statistics update:
	--- Time Statistics ---
	Total time elapsed: 203 milli (00:00:00)
		Main loop: 149 milli (00:00:00)
		Preprocessing time: 36 milli (00:00:00)
		Unknown: 17 milli (00:00:00)
	Breakdown for main loop:
		[42.89%] Simplex steps: 63 milli
		[26.43%] Explicit-basis bound tightening: 39 milli
		[0.00%] Constraint-matrix bound tightening: 0 milli
		[0.21%] Degradation checking: 0 milli
		[0.00%] Precision restoration: 0 milli
		[0.02%] Statistics handling: 0 milli
		[0.00%] Constraint-fixing steps: 0 milli
		[3.97%] Valid case splits: 5 milli. Average per split: 0.00 milli
		[0.02%] Applying stored bound-tightening: 0 milli
		[0.84%] SMT core: 1 milli
		[29.25%] Symbolic Bound Tightening: 43 milli
		[25.00%] SoI-based local search: 37 milli
		[0.00%] SoI-based local search: 0 milli
		[12372808602604816.00%] Unaccounted for: 0 milli
	--- Preprocessor Statistics ---
	Number of preprocessor bound-tightening loop iterations: 8
	Number of eliminated variables: 0
	Number of constraints removed due to variable elimination: 0
	Number of equations removed due to variable elimination: 0
	--- Engine Statistics ---
	Number of main loop iterations: 255
		247 iterations were simplex steps. Total time: 63 milli. Average: 0.26 milli.
		0 iterations were constraint-fixing steps. Total time: 0 milli. Average: 0.00 milli
	Number of active piecewise-linear constraints: 33 / 300
		Constraints disabled by valid splits: 267. By SMT-originated splits: 0
	Last reported degradation: 0.0000000000. Max degradation so far: 0.0000000000. Restorations so far: 0
	Number of simplex pivots we attempted to skip because of instability: 1.
	Unstable pivots performed anyway: 0
	--- Tableau Statistics ---
	Total number of pivots performed: 236
		Real pivots: 227. Degenerate: 9 (3.81%)
		Degenerate pivots by request (e.g., to fix a PL constraint): 0 (0.00%)
		Average time per pivot: 0.03 milli
	Total number of fake pivots performed: 3
	Total number of rows added: 0. Number of merged columns: 0
	Current tableau dimensions: M = 604, N = 1518
	--- SMT Core Statistics ---
	Total depth is 2. Total visited states: 6. Number of splits: 2. Number of pops: 3
	Max stack depth: 2
	--- Bound Tightening Statistics ---
	Number of tightened bounds: 2517.
		Number of rows examined by row tightener: 236. Consequent tightenings: 2
		Number of explicit basis matrices examined by row tightener: 2. Consequent tightenings: 268
		Number of bound tightening rounds on the entire constraint matrix: 0. Consequent tightenings: 0
		Number of bound notifications sent to PL constraints: 6888. Tightenings proposed: 0
	--- Basis Factorization statistics ---
	Number of basis refactorizations: 4
	--- Projected Steepest Edge Statistics ---
	Number of iterations: 240.
	Number of resets to reference space: 3. Avg. iterations per reset: 80
	--- SBT ---
	Number of tightened bounds: 3264
	--- SoI-based local search ---
	Number of proposed phase pattern update: 2. Number of accepted update: 4 [200.00%]
	Total time (% of local search time) updating SoI phase pattern : 229 milli [0.61%]
	Total time obtaining current assignment: 410 milli [1.10%]
	Total time getting SoI phase pattern : 86 milli [0.06%]
	--- Context dependent statistics ---
	Number of pushes / pops: 4 / 4
		[0.06%] Pre-Push hook: 0 milli
		[0.00%] Push : 0 milli
		[0.06%] Post-Pop hook: 0 milli
		[0.04%] Pop : 0 milli
		[0.15%] Total context-switching time: 0 milli
	--- Proof Certificate ---
	Number of certified leaves: 0
	Number of leaves to delegate: 0
	Number of lemmas: 0
unsat
end run time: 09:59:15
DQN: Done solving. Time : 209 milli. 

start run time: 09:59:15
Network: /cs/labs/guykatz/maya.swisa/elbit/20_8/Marabou/resources/nnet/acasxu/ACASXU_experimental_v2a_1_1.nnet
Number of layers: 8. Input layer size: 5. Output layer size: 5. Number of ReLUs: 300
Total number of variables: 610
Property: /cs/labs/guykatz/maya.swisa/elbit/PROPERTY_1_08091/ex_0158_label_0/eps02.txt

Engine::processInputQuery: Input query (before preprocessing): 309 equations, 610 variables
Engine::processInputQuery: Input query (after preprocessing): 604 equations, 914 variables


Engine::solve: Initial statistics

09:59:15 Statistics update:
	--- Time Statistics ---
	Total time elapsed: 42 milli (00:00:00)
		Main loop: 0 milli (00:00:00)
		Preprocessing time: 29 milli (00:00:00)
		Unknown: 12 milli (00:00:00)
	Breakdown for main loop:
		[0.00%] Simplex steps: 0 milli
		[0.00%] Explicit-basis bound tightening: 0 milli
		[0.00%] Constraint-matrix bound tightening: 0 milli
		[0.00%] Degradation checking: 0 milli
		[0.00%] Precision restoration: 0 milli
		[0.00%] Statistics handling: 0 milli
		[0.00%] Constraint-fixing steps: 0 milli
		[0.00%] Valid case splits: 3 milli. Average per split: 0.00 milli
		[0.00%] Applying stored bound-tightening: 0 milli
		[0.00%] SMT core: 0 milli
		[0.00%] Symbolic Bound Tightening: 4 milli
		[0.00%] SoI-based local search: 0 milli
		[0.00%] SoI-based local search: 0 milli
		[0.00%] Unaccounted for: 0 milli
	--- Preprocessor Statistics ---
	Number of preprocessor bound-tightening loop iterations: 8
	Number of eliminated variables: 0
	Number of constraints removed due to variable elimination: 0
	Number of equations removed due to variable elimination: 0
	--- Engine Statistics ---
	Number of main loop iterations: 1
		0 iterations were simplex steps. Total time: 0 milli. Average: 0.00 milli.
		0 iterations were constraint-fixing steps. Total time: 0 milli. Average: 0.00 milli
	Number of active piecewise-linear constraints: 88 / 300
		Constraints disabled by valid splits: 212. By SMT-originated splits: 0
	Last reported degradation: 0.0000000000. Max degradation so far: 0.0000000000. Restorations so far: 0
	Number of simplex pivots we attempted to skip because of instability: 0.
	Unstable pivots performed anyway: 0
	--- Tableau Statistics ---
	Total number of pivots performed: 0
		Real pivots: 0. Degenerate: 0 (0.00%)
		Degenerate pivots by request (e.g., to fix a PL constraint): 0 (0.00%)
		Average time per pivot: 0.00 milli
	Total number of fake pivots performed: 0
	Total number of rows added: 0. Number of merged columns: 0
	Current tableau dimensions: M = 604, N = 1518
	--- SMT Core Statistics ---
	Total depth is 0. Total visited states: 1. Number of splits: 0. Number of pops: 0
	Max stack depth: 0
	--- Bound Tightening Statistics ---
	Number of tightened bounds: 0.
		Number of rows examined by row tightener: 0. Consequent tightenings: 0
		Number of explicit basis matrices examined by row tightener: 0. Consequent tightenings: 0
		Number of bound tightening rounds on the entire constraint matrix: 0. Consequent tightenings: 0
		Number of bound notifications sent to PL constraints: 1800. Tightenings proposed: 0
	--- Basis Factorization statistics ---
	Number of basis refactorizations: 2
	--- Projected Steepest Edge Statistics ---
	Number of iterations: 0.
	Number of resets to reference space: 1. Avg. iterations per reset: 0
	--- SBT ---
	Number of tightened bounds: 744
	--- SoI-based local search ---
	Number of proposed phase pattern update: 0. Number of accepted update: 0 [0.00%]
	Total time (% of local search time) updating SoI phase pattern : 0 milli [0.00%]
	Total time obtaining current assignment: 0 milli [0.00%]
	Total time getting SoI phase pattern : 0 milli [0.00%]
	--- Context dependent statistics ---
	Number of pushes / pops: 0 / 0
		[0.00%] Pre-Push hook: 0 milli
		[0.00%] Push : 0 milli
		[0.00%] Post-Pop hook: 0 milli
		[0.00%] Pop : 0 milli
		[0.00%] Total context-switching time: 0 milli
	--- Proof Certificate ---
	Number of certified leaves: 0
	Number of leaves to delegate: 0
	Number of lemmas: 0

---
start solving without an agent

Engine::solve: unsat query

09:59:15 Statistics update:
	--- Time Statistics ---
	Total time elapsed: 456 milli (00:00:00)
		Main loop: 414 milli (00:00:00)
		Preprocessing time: 29 milli (00:00:00)
		Unknown: 12 milli (00:00:00)
	Breakdown for main loop:
		[36.98%] Simplex steps: 153 milli
		[32.67%] Explicit-basis bound tightening: 135 milli
		[0.00%] Constraint-matrix bound tightening: 0 milli
		[0.15%] Degradation checking: 0 milli
		[0.00%] Precision restoration: 0 milli
		[0.02%] Statistics handling: 0 milli
		[0.00%] Constraint-fixing steps: 0 milli
		[1.79%] Valid case splits: 7 milli. Average per split: 0.00 milli
		[0.03%] Applying stored bound-tightening: 0 milli
		[1.21%] SMT core: 5 milli
		[27.15%] Symbolic Bound Tightening: 112 milli
		[27.24%] SoI-based local search: 112 milli
		[0.00%] SoI-based local search: 0 milli
		[4453013997173117.00%] Unaccounted for: 0 milli
	--- Preprocessor Statistics ---
	Number of preprocessor bound-tightening loop iterations: 8
	Number of eliminated variables: 0
	Number of constraints removed due to variable elimination: 0
	Number of equations removed due to variable elimination: 0
	--- Engine Statistics ---
	Number of main loop iterations: 494
		474 iterations were simplex steps. Total time: 153 milli. Average: 0.32 milli.
		0 iterations were constraint-fixing steps. Total time: 0 milli. Average: 0.00 milli
	Number of active piecewise-linear constraints: 88 / 300
		Constraints disabled by valid splits: 212. By SMT-originated splits: 0
	Last reported degradation: 0.0000000000. Max degradation so far: 0.0000000000. Restorations so far: 0
	Number of simplex pivots we attempted to skip because of instability: 0.
	Unstable pivots performed anyway: 0
	--- Tableau Statistics ---
	Total number of pivots performed: 434
		Real pivots: 416. Degenerate: 18 (4.15%)
		Degenerate pivots by request (e.g., to fix a PL constraint): 0 (0.00%)
		Average time per pivot: 0.04 milli
	Total number of fake pivots performed: 11
	Total number of rows added: 0. Number of merged columns: 0
	Current tableau dimensions: M = 604, N = 1518
	--- SMT Core Statistics ---
	Total depth is 1. Total visited states: 14. Number of splits: 6. Number of pops: 7
	Max stack depth: 6
	--- Bound Tightening Statistics ---
	Number of tightened bounds: 7053.
		Number of rows examined by row tightener: 434. Consequent tightenings: 102
		Number of explicit basis matrices examined by row tightener: 7. Consequent tightenings: 2057
		Number of bound tightening rounds on the entire constraint matrix: 0. Consequent tightenings: 0
		Number of bound notifications sent to PL constraints: 14505. Tightenings proposed: 0
	--- Basis Factorization statistics ---
	Number of basis refactorizations: 5
	--- Projected Steepest Edge Statistics ---
	Number of iterations: 445.
	Number of resets to reference space: 7. Avg. iterations per reset: 63
	--- SBT ---
	Number of tightened bounds: 7797
	--- SoI-based local search ---
	Number of proposed phase pattern update: 8. Number of accepted update: 12 [150.00%]
	Total time (% of local search time) updating SoI phase pattern : 602 milli [0.53%]
	Total time obtaining current assignment: 1448 milli [1.28%]
	Total time getting SoI phase pattern : 238 milli [0.06%]
	--- Context dependent statistics ---
	Number of pushes / pops: 12 / 12
		[0.08%] Pre-Push hook: 0 milli
		[0.00%] Push : 0 milli
		[0.07%] Post-Pop hook: 0 milli
		[0.09%] Pop : 0 milli
		[0.24%] Total context-switching time: 0 milli
	--- Proof Certificate ---
	Number of certified leaves: 0
	Number of leaves to delegate: 0
	Number of lemmas: 0
unsat
end run time: 09:59:15
DQN: Done solving. Time : 461 milli. 

start run time: 09:59:15
Network: /cs/labs/guykatz/maya.swisa/elbit/20_8/Marabou/resources/nnet/acasxu/ACASXU_experimental_v2a_1_1.nnet
Number of layers: 8. Input layer size: 5. Output layer size: 5. Number of ReLUs: 300
Total number of variables: 610
Property: /cs/labs/guykatz/maya.swisa/elbit/PROPERTY_1_08091/ex_0158_label_0/eps03.txt

Engine::processInputQuery: Input query (before preprocessing): 309 equations, 610 variables
Engine::processInputQuery: Input query (after preprocessing): 604 equations, 914 variables


Engine::solve: Initial statistics

09:59:15 Statistics update:
	--- Time Statistics ---
	Total time elapsed: 38 milli (00:00:00)
		Main loop: 0 milli (00:00:00)
		Preprocessing time: 29 milli (00:00:00)
		Unknown: 8 milli (00:00:00)
	Breakdown for main loop:
		[0.00%] Simplex steps: 0 milli
		[0.00%] Explicit-basis bound tightening: 0 milli
		[0.00%] Constraint-matrix bound tightening: 0 milli
		[0.00%] Degradation checking: 0 milli
		[0.00%] Precision restoration: 0 milli
		[0.00%] Statistics handling: 0 milli
		[0.00%] Constraint-fixing steps: 0 milli
		[0.00%] Valid case splits: 3 milli. Average per split: 0.00 milli
		[0.00%] Applying stored bound-tightening: 0 milli
		[0.00%] SMT core: 0 milli
		[0.00%] Symbolic Bound Tightening: 4 milli
		[0.00%] SoI-based local search: 0 milli
		[0.00%] SoI-based local search: 0 milli
		[0.00%] Unaccounted for: 0 milli
	--- Preprocessor Statistics ---
	Number of preprocessor bound-tightening loop iterations: 8
	Number of eliminated variables: 0
	Number of constraints removed due to variable elimination: 0
	Number of equations removed due to variable elimination: 0
	--- Engine Statistics ---
	Number of main loop iterations: 1
		0 iterations were simplex steps. Total time: 0 milli. Average: 0.00 milli.
		0 iterations were constraint-fixing steps. Total time: 0 milli. Average: 0.00 milli
	Number of active piecewise-linear constraints: 112 / 300
		Constraints disabled by valid splits: 188. By SMT-originated splits: 0
	Last reported degradation: 0.0000000000. Max degradation so far: 0.0000000000. Restorations so far: 0
	Number of simplex pivots we attempted to skip because of instability: 0.
	Unstable pivots performed anyway: 0
	--- Tableau Statistics ---
	Total number of pivots performed: 0
		Real pivots: 0. Degenerate: 0 (0.00%)
		Degenerate pivots by request (e.g., to fix a PL constraint): 0 (0.00%)
		Average time per pivot: 0.00 milli
	Total number of fake pivots performed: 0
	Total number of rows added: 0. Number of merged columns: 0
	Current tableau dimensions: M = 604, N = 1518
	--- SMT Core Statistics ---
	Total depth is 0. Total visited states: 1. Number of splits: 0. Number of pops: 0
	Max stack depth: 0
	--- Bound Tightening Statistics ---
	Number of tightened bounds: 0.
		Number of rows examined by row tightener: 0. Consequent tightenings: 0
		Number of explicit basis matrices examined by row tightener: 0. Consequent tightenings: 0
		Number of bound tightening rounds on the entire constraint matrix: 0. Consequent tightenings: 0
		Number of bound notifications sent to PL constraints: 1800. Tightenings proposed: 0
	--- Basis Factorization statistics ---
	Number of basis refactorizations: 2
	--- Projected Steepest Edge Statistics ---
	Number of iterations: 0.
	Number of resets to reference space: 1. Avg. iterations per reset: 0
	--- SBT ---
	Number of tightened bounds: 744
	--- SoI-based local search ---
	Number of proposed phase pattern update: 0. Number of accepted update: 0 [0.00%]
	Total time (% of local search time) updating SoI phase pattern : 0 milli [0.00%]
	Total time obtaining current assignment: 0 milli [0.00%]
	Total time getting SoI phase pattern : 0 milli [0.00%]
	--- Context dependent statistics ---
	Number of pushes / pops: 0 / 0
		[0.00%] Pre-Push hook: 0 milli
		[0.00%] Push : 0 milli
		[0.00%] Post-Pop hook: 0 milli
		[0.00%] Pop : 0 milli
		[0.00%] Total context-switching time: 0 milli
	--- Proof Certificate ---
	Number of certified leaves: 0
	Number of leaves to delegate: 0
	Number of lemmas: 0

---
start solving without an agent

Engine::solve: unsat query

09:59:19 Statistics update:
	--- Time Statistics ---
	Total time elapsed: 3610 milli (00:00:03)
		Main loop: 3569 milli (00:00:03)
		Preprocessing time: 29 milli (00:00:00)
		Unknown: 11 milli (00:00:00)
	Breakdown for main loop:
		[44.33%] Simplex steps: 1582 milli
		[24.78%] Explicit-basis bound tightening: 884 milli
		[0.00%] Constraint-matrix bound tightening: 0 milli
		[0.23%] Degradation checking: 8 milli
		[0.00%] Precision restoration: 0 milli
		[0.07%] Statistics handling: 2 milli
		[0.00%] Constraint-fixing steps: 0 milli
		[0.37%] Valid case splits: 13 milli. Average per split: 0.00 milli
		[0.02%] Applying stored bound-tightening: 0 milli
		[1.48%] SMT core: 52 milli
		[24.42%] Symbolic Bound Tightening: 871 milli
		[21.83%] SoI-based local search: 779 milli
		[0.00%] SoI-based local search: 0 milli
		[4.29%] Unaccounted for: 153 milli
	--- Preprocessor Statistics ---
	Number of preprocessor bound-tightening loop iterations: 8
	Number of eliminated variables: 0
	Number of constraints removed due to variable elimination: 0
	Number of equations removed due to variable elimination: 0
	--- Engine Statistics ---
	Number of main loop iterations: 5218
		5017 iterations were simplex steps. Total time: 1582 milli. Average: 0.32 milli.
		0 iterations were constraint-fixing steps. Total time: 0 milli. Average: 0.00 milli
	Number of active piecewise-linear constraints: 33 / 300
		Constraints disabled by valid splits: 267. By SMT-originated splits: 0
	Last reported degradation: 0.0000000000. Max degradation so far: 0.0000000041. Restorations so far: 0
	Number of simplex pivots we attempted to skip because of instability: 4.
	Unstable pivots performed anyway: 0
	--- Tableau Statistics ---
	Total number of pivots performed: 4578
		Real pivots: 4535. Degenerate: 43 (0.94%)
		Degenerate pivots by request (e.g., to fix a PL constraint): 0 (0.00%)
		Average time per pivot: 0.04 milli
	Total number of fake pivots performed: 133
	Total number of rows added: 0. Number of merged columns: 0
	Current tableau dimensions: M = 604, N = 1518
	--- SMT Core Statistics ---
	Total depth is 1. Total visited states: 122. Number of splits: 60. Number of pops: 61
	Max stack depth: 15
	--- Bound Tightening Statistics ---
	Number of tightened bounds: 43005.
		Number of rows examined by row tightener: 4578. Consequent tightenings: 619
		Number of explicit basis matrices examined by row tightener: 48. Consequent tightenings: 5495
		Number of bound tightening rounds on the entire constraint matrix: 0. Consequent tightenings: 0
		Number of bound notifications sent to PL constraints: 72571. Tightenings proposed: 0
	--- Basis Factorization statistics ---
	Number of basis refactorizations: 44
	--- Projected Steepest Edge Statistics ---
	Number of iterations: 4715.
	Number of resets to reference space: 61. Avg. iterations per reset: 77
	--- SBT ---
	Number of tightened bounds: 43749
	--- SoI-based local search ---
	Number of proposed phase pattern update: 82. Number of accepted update: 116 [141.46%]
	Total time (% of local search time) updating SoI phase pattern : 6579 milli [0.84%]
	Total time obtaining current assignment: 15414 milli [1.98%]
	Total time getting SoI phase pattern : 1521 milli [0.04%]
	--- Context dependent statistics ---
	Number of pushes / pops: 120 / 120
		[0.08%] Pre-Push hook: 2 milli
		[0.00%] Push : 0 milli
		[0.09%] Post-Pop hook: 3 milli
		[0.07%] Pop : 2 milli
		[0.24%] Total context-switching time: 8 milli
	--- Proof Certificate ---
	Number of certified leaves: 0
	Number of leaves to delegate: 0
	Number of lemmas: 0
unsat
end run time: 09:59:19
DQN: Done solving. Time : 3616 milli. 

