[912] processing ex_0913_label_0 …
start run time: 10:42:17
Network: /cs/labs/guykatz/maya.swisa/elbit/20_8/Marabou/resources/nnet/acasxu/ACASXU_experimental_v2a_1_1.nnet
Number of layers: 8. Input layer size: 5. Output layer size: 5. Number of ReLUs: 300
Total number of variables: 610
Property: /cs/labs/guykatz/maya.swisa/elbit/PROPERTY_1_08091/ex_0913_label_0/eps01.txt

Engine::processInputQuery: Input query (before preprocessing): 309 equations, 610 variables
Engine::processInputQuery: Input query (after preprocessing): 604 equations, 914 variables


Engine::solve: Initial statistics

10:42:17 Statistics update:
	--- Time Statistics ---
	Total time elapsed: 62 milli (00:00:00)
		Main loop: 0 milli (00:00:00)
		Preprocessing time: 39 milli (00:00:00)
		Unknown: 22 milli (00:00:00)
	Breakdown for main loop:
		[0.00%] Simplex steps: 0 milli
		[0.00%] Explicit-basis bound tightening: 0 milli
		[0.00%] Constraint-matrix bound tightening: 0 milli
		[0.00%] Degradation checking: 0 milli
		[0.00%] Precision restoration: 0 milli
		[0.00%] Statistics handling: 0 milli
		[0.00%] Constraint-fixing steps: 0 milli
		[0.00%] Valid case splits: 2 milli. Average per split: 0.00 milli
		[0.00%] Applying stored bound-tightening: 0 milli
		[0.00%] SMT core: 0 milli
		[0.00%] Symbolic Bound Tightening: 4 milli
		[0.00%] SoI-based local search: 0 milli
		[0.00%] SoI-based local search: 0 milli
		[0.00%] Unaccounted for: 0 milli
	--- Preprocessor Statistics ---
	Number of preprocessor bound-tightening loop iterations: 8
	Number of eliminated variables: 0
	Number of constraints removed due to variable elimination: 0
	Number of equations removed due to variable elimination: 0
	--- Engine Statistics ---
	Number of main loop iterations: 1
		0 iterations were simplex steps. Total time: 0 milli. Average: 0.00 milli.
		0 iterations were constraint-fixing steps. Total time: 0 milli. Average: 0.00 milli
	Number of active piecewise-linear constraints: 146 / 300
		Constraints disabled by valid splits: 154. By SMT-originated splits: 0
	Last reported degradation: 0.0000000000. Max degradation so far: 0.0000000000. Restorations so far: 0
	Number of simplex pivots we attempted to skip because of instability: 0.
	Unstable pivots performed anyway: 0
	--- Tableau Statistics ---
	Total number of pivots performed: 0
		Real pivots: 0. Degenerate: 0 (0.00%)
		Degenerate pivots by request (e.g., to fix a PL constraint): 0 (0.00%)
		Average time per pivot: 0.00 milli
	Total number of fake pivots performed: 0
	Total number of rows added: 0. Number of merged columns: 0
	Current tableau dimensions: M = 604, N = 1518
	--- SMT Core Statistics ---
	Total depth is 0. Total visited states: 1. Number of splits: 0. Number of pops: 0
	Max stack depth: 0
	--- Bound Tightening Statistics ---
	Number of tightened bounds: 0.
		Number of rows examined by row tightener: 0. Consequent tightenings: 0
		Number of explicit basis matrices examined by row tightener: 0. Consequent tightenings: 0
		Number of bound tightening rounds on the entire constraint matrix: 0. Consequent tightenings: 0
		Number of bound notifications sent to PL constraints: 1800. Tightenings proposed: 0
	--- Basis Factorization statistics ---
	Number of basis refactorizations: 2
	--- Projected Steepest Edge Statistics ---
	Number of iterations: 0.
	Number of resets to reference space: 1. Avg. iterations per reset: 0
	--- SBT ---
	Number of tightened bounds: 740
	--- SoI-based local search ---
	Number of proposed phase pattern update: 0. Number of accepted update: 0 [0.00%]
	Total time (% of local search time) updating SoI phase pattern : 0 milli [0.00%]
	Total time obtaining current assignment: 0 milli [0.00%]
	Total time getting SoI phase pattern : 0 milli [0.00%]
	--- Context dependent statistics ---
	Number of pushes / pops: 0 / 0
		[0.00%] Pre-Push hook: 0 milli
		[0.00%] Push : 0 milli
		[0.00%] Post-Pop hook: 0 milli
		[0.00%] Pop : 0 milli
		[0.00%] Total context-switching time: 0 milli
	--- Proof Certificate ---
	Number of certified leaves: 0
	Number of leaves to delegate: 0
	Number of lemmas: 0

---
start solving without an agent

Engine::solve: unsat query

10:42:36 Statistics update:
	--- Time Statistics ---
	Total time elapsed: 18475 milli (00:00:18)
		Main loop: 18409 milli (00:00:18)
		Preprocessing time: 39 milli (00:00:00)
		Unknown: 26 milli (00:00:00)
	Breakdown for main loop:
		[32.45%] Simplex steps: 5973 milli
		[12.80%] Explicit-basis bound tightening: 2355 milli
		[0.00%] Constraint-matrix bound tightening: 0 milli
		[0.14%] Degradation checking: 25 milli
		[0.00%] Precision restoration: 0 milli
		[0.03%] Statistics handling: 5 milli
		[0.00%] Constraint-fixing steps: 0 milli
		[0.65%] Valid case splits: 119 milli. Average per split: 0.00 milli
		[0.07%] Applying stored bound-tightening: 12 milli
		[3.77%] SMT core: 693 milli
		[43.92%] Symbolic Bound Tightening: 8086 milli
		[26.91%] SoI-based local search: 4953 milli
		[0.00%] SoI-based local search: 0 milli
		[6.18%] Unaccounted for: 1137 milli
	--- Preprocessor Statistics ---
	Number of preprocessor bound-tightening loop iterations: 8
	Number of eliminated variables: 0
	Number of constraints removed due to variable elimination: 0
	Number of equations removed due to variable elimination: 0
	--- Engine Statistics ---
	Number of main loop iterations: 15857
		14291 iterations were simplex steps. Total time: 5973 milli. Average: 0.42 milli.
		0 iterations were constraint-fixing steps. Total time: 0 milli. Average: 0.00 milli
	Number of active piecewise-linear constraints: 71 / 300
		Constraints disabled by valid splits: 229. By SMT-originated splits: 0
	Last reported degradation: 0.0000000000. Max degradation so far: 0.0000000003. Restorations so far: 0
	Number of simplex pivots we attempted to skip because of instability: 7.
	Unstable pivots performed anyway: 0
	--- Tableau Statistics ---
	Total number of pivots performed: 10661
		Real pivots: 10561. Degenerate: 100 (0.94%)
		Degenerate pivots by request (e.g., to fix a PL constraint): 0 (0.00%)
		Average time per pivot: 0.04 milli
	Total number of fake pivots performed: 661
	Total number of rows added: 0. Number of merged columns: 0
	Current tableau dimensions: M = 604, N = 1518
	--- SMT Core Statistics ---
	Total depth is 4. Total visited states: 1168. Number of splits: 583. Number of pops: 584
	Max stack depth: 42
	--- Bound Tightening Statistics ---
	Number of tightened bounds: 321582.
		Number of rows examined by row tightener: 10661. Consequent tightenings: 3179
		Number of explicit basis matrices examined by row tightener: 148. Consequent tightenings: 37979
		Number of bound tightening rounds on the entire constraint matrix: 0. Consequent tightenings: 0
		Number of bound notifications sent to PL constraints: 499466. Tightenings proposed: 0
	--- Basis Factorization statistics ---
	Number of basis refactorizations: 89
	--- Projected Steepest Edge Statistics ---
	Number of iterations: 11329.
	Number of resets to reference space: 584. Avg. iterations per reset: 19
	--- SBT ---
	Number of tightened bounds: 322322
	--- SoI-based local search ---
	Number of proposed phase pattern update: 743. Number of accepted update: 1144 [153.97%]
	Total time (% of local search time) updating SoI phase pattern : 60911 milli [1.23%]
	Total time obtaining current assignment: 203634 milli [4.11%]
	Total time getting SoI phase pattern : 16775 milli [0.09%]
	--- Context dependent statistics ---
	Number of pushes / pops: 1166 / 1166
		[0.19%] Pre-Push hook: 34 milli
		[0.00%] Push : 0 milli
		[0.18%] Post-Pop hook: 33 milli
		[0.21%] Pop : 38 milli
		[0.58%] Total context-switching time: 106 milli
	--- Proof Certificate ---
	Number of certified leaves: 0
	Number of leaves to delegate: 0
	Number of lemmas: 0
unsat
end run time: 10:42:36
DQN: Done solving. Time : 18485 milli. 

start run time: 10:42:36
Network: /cs/labs/guykatz/maya.swisa/elbit/20_8/Marabou/resources/nnet/acasxu/ACASXU_experimental_v2a_1_1.nnet
Number of layers: 8. Input layer size: 5. Output layer size: 5. Number of ReLUs: 300
Total number of variables: 610
Property: /cs/labs/guykatz/maya.swisa/elbit/PROPERTY_1_08091/ex_0913_label_0/eps02.txt

Engine::processInputQuery: Input query (before preprocessing): 309 equations, 610 variables
Engine::processInputQuery: Input query (after preprocessing): 604 equations, 914 variables


Engine::solve: Initial statistics

10:42:36 Statistics update:
	--- Time Statistics ---
	Total time elapsed: 40 milli (00:00:00)
		Main loop: 0 milli (00:00:00)
		Preprocessing time: 29 milli (00:00:00)
		Unknown: 11 milli (00:00:00)
	Breakdown for main loop:
		[0.00%] Simplex steps: 0 milli
		[0.00%] Explicit-basis bound tightening: 0 milli
		[0.00%] Constraint-matrix bound tightening: 0 milli
		[0.00%] Degradation checking: 0 milli
		[0.00%] Precision restoration: 0 milli
		[0.00%] Statistics handling: 0 milli
		[0.00%] Constraint-fixing steps: 0 milli
		[0.00%] Valid case splits: 2 milli. Average per split: 0.00 milli
		[0.00%] Applying stored bound-tightening: 0 milli
		[0.00%] SMT core: 0 milli
		[0.00%] Symbolic Bound Tightening: 4 milli
		[0.00%] SoI-based local search: 0 milli
		[0.00%] SoI-based local search: 0 milli
		[0.00%] Unaccounted for: 0 milli
	--- Preprocessor Statistics ---
	Number of preprocessor bound-tightening loop iterations: 8
	Number of eliminated variables: 0
	Number of constraints removed due to variable elimination: 0
	Number of equations removed due to variable elimination: 0
	--- Engine Statistics ---
	Number of main loop iterations: 1
		0 iterations were simplex steps. Total time: 0 milli. Average: 0.00 milli.
		0 iterations were constraint-fixing steps. Total time: 0 milli. Average: 0.00 milli
	Number of active piecewise-linear constraints: 164 / 300
		Constraints disabled by valid splits: 136. By SMT-originated splits: 0
	Last reported degradation: 0.0000000000. Max degradation so far: 0.0000000000. Restorations so far: 0
	Number of simplex pivots we attempted to skip because of instability: 0.
	Unstable pivots performed anyway: 0
	--- Tableau Statistics ---
	Total number of pivots performed: 0
		Real pivots: 0. Degenerate: 0 (0.00%)
		Degenerate pivots by request (e.g., to fix a PL constraint): 0 (0.00%)
		Average time per pivot: 0.00 milli
	Total number of fake pivots performed: 0
	Total number of rows added: 0. Number of merged columns: 0
	Current tableau dimensions: M = 604, N = 1518
	--- SMT Core Statistics ---
	Total depth is 0. Total visited states: 1. Number of splits: 0. Number of pops: 0
	Max stack depth: 0
	--- Bound Tightening Statistics ---
	Number of tightened bounds: 0.
		Number of rows examined by row tightener: 0. Consequent tightenings: 0
		Number of explicit basis matrices examined by row tightener: 0. Consequent tightenings: 0
		Number of bound tightening rounds on the entire constraint matrix: 0. Consequent tightenings: 0
		Number of bound notifications sent to PL constraints: 1800. Tightenings proposed: 0
	--- Basis Factorization statistics ---
	Number of basis refactorizations: 2
	--- Projected Steepest Edge Statistics ---
	Number of iterations: 0.
	Number of resets to reference space: 1. Avg. iterations per reset: 0
	--- SBT ---
	Number of tightened bounds: 737
	--- SoI-based local search ---
	Number of proposed phase pattern update: 0. Number of accepted update: 0 [0.00%]
	Total time (% of local search time) updating SoI phase pattern : 0 milli [0.00%]
	Total time obtaining current assignment: 0 milli [0.00%]
	Total time getting SoI phase pattern : 0 milli [0.00%]
	--- Context dependent statistics ---
	Number of pushes / pops: 0 / 0
		[0.00%] Pre-Push hook: 0 milli
		[0.00%] Push : 0 milli
		[0.00%] Post-Pop hook: 0 milli
		[0.00%] Pop : 0 milli
		[0.00%] Total context-switching time: 0 milli
	--- Proof Certificate ---
	Number of certified leaves: 0
	Number of leaves to delegate: 0
	Number of lemmas: 0

---
start solving without an agent

Engine::solve: unsat query

10:44:21 Statistics update:
	--- Time Statistics ---
	Total time elapsed: 105156 milli (00:01:45)
		Main loop: 105091 milli (00:01:45)
		Preprocessing time: 29 milli (00:00:00)
		Unknown: 35 milli (00:00:00)
	Breakdown for main loop:
		[32.45%] Simplex steps: 34101 milli
		[13.54%] Explicit-basis bound tightening: 14234 milli
		[0.00%] Constraint-matrix bound tightening: 0 milli
		[0.15%] Degradation checking: 154 milli
		[0.00%] Precision restoration: 0 milli
		[0.08%] Statistics handling: 84 milli
		[0.00%] Constraint-fixing steps: 0 milli
		[0.73%] Valid case splits: 770 milli. Average per split: 0.00 milli
		[0.06%] Applying stored bound-tightening: 59 milli
		[3.75%] SMT core: 3937 milli
		[40.46%] Symbolic Bound Tightening: 42515 milli
		[25.60%] SoI-based local search: 26900 milli
		[0.00%] SoI-based local search: 0 milli
		[8.79%] Unaccounted for: 9235 milli
	--- Preprocessor Statistics ---
	Number of preprocessor bound-tightening loop iterations: 8
	Number of eliminated variables: 0
	Number of constraints removed due to variable elimination: 0
	Number of equations removed due to variable elimination: 0
	--- Engine Statistics ---
	Number of main loop iterations: 90564
		82782 iterations were simplex steps. Total time: 34101 milli. Average: 0.41 milli.
		0 iterations were constraint-fixing steps. Total time: 0 milli. Average: 0.00 milli
	Number of active piecewise-linear constraints: 40 / 300
		Constraints disabled by valid splits: 257. By SMT-originated splits: 3
	Last reported degradation: 0.0000000000. Max degradation so far: 0.0000015930. Restorations so far: 0
	Number of simplex pivots we attempted to skip because of instability: 45.
	Unstable pivots performed anyway: 0
	--- Tableau Statistics ---
	Total number of pivots performed: 63136
		Real pivots: 62682. Degenerate: 454 (0.72%)
		Degenerate pivots by request (e.g., to fix a PL constraint): 0 (0.00%)
		Average time per pivot: 0.05 milli
	Total number of fake pivots performed: 3577
	Total number of rows added: 0. Number of merged columns: 0
	Current tableau dimensions: M = 604, N = 1518
	--- SMT Core Statistics ---
	Total depth is 7. Total visited states: 6040. Number of splits: 3019. Number of pops: 3020
	Max stack depth: 47
	--- Bound Tightening Statistics ---
	Number of tightened bounds: 1565361.
		Number of rows examined by row tightener: 63136. Consequent tightenings: 19839
		Number of explicit basis matrices examined by row tightener: 1009. Consequent tightenings: 226275
		Number of bound tightening rounds on the entire constraint matrix: 0. Consequent tightenings: 0
		Number of bound notifications sent to PL constraints: 2693367. Tightenings proposed: 0
	--- Basis Factorization statistics ---
	Number of basis refactorizations: 529
	--- Projected Steepest Edge Statistics ---
	Number of iterations: 66758.
	Number of resets to reference space: 3020. Avg. iterations per reset: 22
	--- SBT ---
	Number of tightened bounds: 1566098
	--- SoI-based local search ---
	Number of proposed phase pattern update: 3891. Number of accepted update: 5843 [150.17%]
	Total time (% of local search time) updating SoI phase pattern : 319143 milli [1.19%]
	Total time obtaining current assignment: 1095807 milli [4.07%]
	Total time getting SoI phase pattern : 97107 milli [0.09%]
	--- Context dependent statistics ---
	Number of pushes / pops: 6038 / 6038
		[0.18%] Pre-Push hook: 188 milli
		[0.00%] Push : 0 milli
		[0.16%] Post-Pop hook: 165 milli
		[0.21%] Pop : 221 milli
		[0.55%] Total context-switching time: 574 milli
	--- Proof Certificate ---
	Number of certified leaves: 0
	Number of leaves to delegate: 0
	Number of lemmas: 0
unsat
end run time: 10:44:21
DQN: Done solving. Time : 105173 milli. 

start run time: 10:44:21
Network: /cs/labs/guykatz/maya.swisa/elbit/20_8/Marabou/resources/nnet/acasxu/ACASXU_experimental_v2a_1_1.nnet
Number of layers: 8. Input layer size: 5. Output layer size: 5. Number of ReLUs: 300
Total number of variables: 610
Property: /cs/labs/guykatz/maya.swisa/elbit/PROPERTY_1_08091/ex_0913_label_0/eps03.txt

Engine::processInputQuery: Input query (before preprocessing): 309 equations, 610 variables
Engine::processInputQuery: Input query (after preprocessing): 604 equations, 914 variables


Engine::solve: Initial statistics

10:44:21 Statistics update:
	--- Time Statistics ---
	Total time elapsed: 63 milli (00:00:00)
		Main loop: 0 milli (00:00:00)
		Preprocessing time: 30 milli (00:00:00)
		Unknown: 32 milli (00:00:00)
	Breakdown for main loop:
		[0.00%] Simplex steps: 0 milli
		[0.00%] Explicit-basis bound tightening: 0 milli
		[0.00%] Constraint-matrix bound tightening: 0 milli
		[0.00%] Degradation checking: 0 milli
		[0.00%] Precision restoration: 0 milli
		[0.00%] Statistics handling: 0 milli
		[0.00%] Constraint-fixing steps: 0 milli
		[0.00%] Valid case splits: 2 milli. Average per split: 0.00 milli
		[0.00%] Applying stored bound-tightening: 0 milli
		[0.00%] SMT core: 0 milli
		[0.00%] Symbolic Bound Tightening: 4 milli
		[0.00%] SoI-based local search: 0 milli
		[0.00%] SoI-based local search: 0 milli
		[0.00%] Unaccounted for: 0 milli
	--- Preprocessor Statistics ---
	Number of preprocessor bound-tightening loop iterations: 8
	Number of eliminated variables: 0
	Number of constraints removed due to variable elimination: 0
	Number of equations removed due to variable elimination: 0
	--- Engine Statistics ---
	Number of main loop iterations: 1
		0 iterations were simplex steps. Total time: 0 milli. Average: 0.00 milli.
		0 iterations were constraint-fixing steps. Total time: 0 milli. Average: 0.00 milli
	Number of active piecewise-linear constraints: 179 / 300
		Constraints disabled by valid splits: 121. By SMT-originated splits: 0
	Last reported degradation: 0.0000000000. Max degradation so far: 0.0000000000. Restorations so far: 0
	Number of simplex pivots we attempted to skip because of instability: 0.
	Unstable pivots performed anyway: 0
	--- Tableau Statistics ---
	Total number of pivots performed: 0
		Real pivots: 0. Degenerate: 0 (0.00%)
		Degenerate pivots by request (e.g., to fix a PL constraint): 0 (0.00%)
		Average time per pivot: 0.00 milli
	Total number of fake pivots performed: 0
	Total number of rows added: 0. Number of merged columns: 0
	Current tableau dimensions: M = 604, N = 1518
	--- SMT Core Statistics ---
	Total depth is 0. Total visited states: 1. Number of splits: 0. Number of pops: 0
	Max stack depth: 0
	--- Bound Tightening Statistics ---
	Number of tightened bounds: 0.
		Number of rows examined by row tightener: 0. Consequent tightenings: 0
		Number of explicit basis matrices examined by row tightener: 0. Consequent tightenings: 0
		Number of bound tightening rounds on the entire constraint matrix: 0. Consequent tightenings: 0
		Number of bound notifications sent to PL constraints: 1800. Tightenings proposed: 0
	--- Basis Factorization statistics ---
	Number of basis refactorizations: 2
	--- Projected Steepest Edge Statistics ---
	Number of iterations: 0.
	Number of resets to reference space: 1. Avg. iterations per reset: 0
	--- SBT ---
	Number of tightened bounds: 736
	--- SoI-based local search ---
	Number of proposed phase pattern update: 0. Number of accepted update: 0 [0.00%]
	Total time (% of local search time) updating SoI phase pattern : 0 milli [0.00%]
	Total time obtaining current assignment: 0 milli [0.00%]
	Total time getting SoI phase pattern : 0 milli [0.00%]
	--- Context dependent statistics ---
	Number of pushes / pops: 0 / 0
		[0.00%] Pre-Push hook: 0 milli
		[0.00%] Push : 0 milli
		[0.00%] Post-Pop hook: 0 milli
		[0.00%] Pop : 0 milli
		[0.00%] Total context-switching time: 0 milli
	--- Proof Certificate ---
	Number of certified leaves: 0
	Number of leaves to delegate: 0
	Number of lemmas: 0

---
start solving without an agent
Performing precision restoration. Degradation before: 0.001762024488141. After: 0.000000000000147
High degradation found!
Performing precision restoration. Degradation before: 0.114469724299280. After: 0.000000000000164

Engine::solve: unsat query

10:52:47 Statistics update:
	--- Time Statistics ---
	Total time elapsed: 505846 milli (00:08:25)
		Main loop: 505669 milli (00:08:25)
		Preprocessing time: 30 milli (00:00:00)
		Unknown: 146 milli (00:00:00)
	Breakdown for main loop:
		[31.69%] Simplex steps: 160238 milli
		[15.22%] Explicit-basis bound tightening: 76962 milli
		[0.00%] Constraint-matrix bound tightening: 0 milli
		[0.14%] Degradation checking: 713 milli
		[0.00%] Precision restoration: 13 milli
		[0.08%] Statistics handling: 408 milli
		[0.00%] Constraint-fixing steps: 0 milli
		[0.56%] Valid case splits: 2828 milli. Average per split: 0.00 milli
		[0.05%] Applying stored bound-tightening: 267 milli
		[3.74%] SMT core: 18932 milli
		[36.12%] Symbolic Bound Tightening: 182630 milli
		[23.33%] SoI-based local search: 117954 milli
		[0.00%] SoI-based local search: 0 milli
		[12.39%] Unaccounted for: 62673 milli
	--- Preprocessor Statistics ---
	Number of preprocessor bound-tightening loop iterations: 8
	Number of eliminated variables: 0
	Number of constraints removed due to variable elimination: 0
	Number of equations removed due to variable elimination: 0
	--- Engine Statistics ---
	Number of main loop iterations: 414694
		380398 iterations were simplex steps. Total time: 160238 milli. Average: 0.42 milli.
		0 iterations were constraint-fixing steps. Total time: 0 milli. Average: 0.00 milli
	Number of active piecewise-linear constraints: 54 / 300
		Constraints disabled by valid splits: 242. By SMT-originated splits: 4
	Last reported degradation: 0.0000000000. Max degradation so far: 0.1144697243. Restorations so far: 2
	Number of simplex pivots we attempted to skip because of instability: 124.
	Unstable pivots performed anyway: 4
	--- Tableau Statistics ---
	Total number of pivots performed: 289183
		Real pivots: 287456. Degenerate: 1727 (0.60%)
		Degenerate pivots by request (e.g., to fix a PL constraint): 0 (0.00%)
		Average time per pivot: 0.05 milli
	Total number of fake pivots performed: 15746
	Total number of rows added: 0. Number of merged columns: 0
	Current tableau dimensions: M = 604, N = 1518
	--- SMT Core Statistics ---
	Total depth is 8. Total visited states: 27830. Number of splits: 13919. Number of pops: 13910
	Max stack depth: 58
	--- Bound Tightening Statistics ---
	Number of tightened bounds: 5510480.
		Number of rows examined by row tightener: 289183. Consequent tightenings: 100987
		Number of explicit basis matrices examined by row tightener: 5203. Consequent tightenings: 1246089
		Number of bound tightening rounds on the entire constraint matrix: 0. Consequent tightenings: 0
		Number of bound notifications sent to PL constraints: 10288994. Tightenings proposed: 0
	--- Basis Factorization statistics ---
	Number of basis refactorizations: 2273
	--- Projected Steepest Edge Statistics ---
	Number of iterations: 305049.
	Number of resets to reference space: 13938. Avg. iterations per reset: 21
	--- SBT ---
	Number of tightened bounds: 5505144
	--- SoI-based local search ---
	Number of proposed phase pattern update: 17663. Number of accepted update: 26971 [152.70%]
	Total time (% of local search time) updating SoI phase pattern : 1478359 milli [1.25%]
	Total time obtaining current assignment: 5068992 milli [4.30%]
	Total time getting SoI phase pattern : 439153 milli [0.09%]
	--- Context dependent statistics ---
	Number of pushes / pops: 27838 / 27838
		[0.15%] Pre-Push hook: 779 milli
		[0.00%] Push : 0 milli
		[0.13%] Post-Pop hook: 664 milli
		[0.15%] Pop : 781 milli
		[0.44%] Total context-switching time: 2225 milli
	--- Proof Certificate ---
	Number of certified leaves: 0
	Number of leaves to delegate: 0
	Number of lemmas: 0
unsat
end run time: 10:52:47
DQN: Done solving. Time : 505868 milli. 

