[372] processing ex_0373_label_0 …
start run time: 10:00:30
Network: /cs/labs/guykatz/maya.swisa/elbit/20_8/Marabou/resources/nnet/acasxu/ACASXU_experimental_v2a_1_1.nnet
Number of layers: 8. Input layer size: 5. Output layer size: 5. Number of ReLUs: 300
Total number of variables: 610
Property: /cs/labs/guykatz/maya.swisa/elbit/PROPERTY_1_08091/ex_0373_label_0/eps01.txt

Engine::processInputQuery: Input query (before preprocessing): 309 equations, 610 variables
Engine::processInputQuery: Input query (after preprocessing): 604 equations, 914 variables


Engine::solve: Initial statistics

10:00:30 Statistics update:
	--- Time Statistics ---
	Total time elapsed: 57 milli (00:00:00)
		Main loop: 0 milli (00:00:00)
		Preprocessing time: 39 milli (00:00:00)
		Unknown: 18 milli (00:00:00)
	Breakdown for main loop:
		[0.00%] Simplex steps: 0 milli
		[0.00%] Explicit-basis bound tightening: 0 milli
		[0.00%] Constraint-matrix bound tightening: 0 milli
		[0.00%] Degradation checking: 0 milli
		[0.00%] Precision restoration: 0 milli
		[0.00%] Statistics handling: 0 milli
		[0.00%] Constraint-fixing steps: 0 milli
		[0.00%] Valid case splits: 2 milli. Average per split: 0.00 milli
		[0.00%] Applying stored bound-tightening: 0 milli
		[0.00%] SMT core: 0 milli
		[0.00%] Symbolic Bound Tightening: 5 milli
		[0.00%] SoI-based local search: 0 milli
		[0.00%] SoI-based local search: 0 milli
		[0.00%] Unaccounted for: 0 milli
	--- Preprocessor Statistics ---
	Number of preprocessor bound-tightening loop iterations: 8
	Number of eliminated variables: 0
	Number of constraints removed due to variable elimination: 0
	Number of equations removed due to variable elimination: 0
	--- Engine Statistics ---
	Number of main loop iterations: 1
		0 iterations were simplex steps. Total time: 0 milli. Average: 0.00 milli.
		0 iterations were constraint-fixing steps. Total time: 0 milli. Average: 0.00 milli
	Number of active piecewise-linear constraints: 157 / 300
		Constraints disabled by valid splits: 143. By SMT-originated splits: 0
	Last reported degradation: 0.0000000000. Max degradation so far: 0.0000000000. Restorations so far: 0
	Number of simplex pivots we attempted to skip because of instability: 0.
	Unstable pivots performed anyway: 0
	--- Tableau Statistics ---
	Total number of pivots performed: 0
		Real pivots: 0. Degenerate: 0 (0.00%)
		Degenerate pivots by request (e.g., to fix a PL constraint): 0 (0.00%)
		Average time per pivot: 0.00 milli
	Total number of fake pivots performed: 0
	Total number of rows added: 0. Number of merged columns: 0
	Current tableau dimensions: M = 604, N = 1518
	--- SMT Core Statistics ---
	Total depth is 0. Total visited states: 1. Number of splits: 0. Number of pops: 0
	Max stack depth: 0
	--- Bound Tightening Statistics ---
	Number of tightened bounds: 0.
		Number of rows examined by row tightener: 0. Consequent tightenings: 0
		Number of explicit basis matrices examined by row tightener: 0. Consequent tightenings: 0
		Number of bound tightening rounds on the entire constraint matrix: 0. Consequent tightenings: 0
		Number of bound notifications sent to PL constraints: 1800. Tightenings proposed: 0
	--- Basis Factorization statistics ---
	Number of basis refactorizations: 2
	--- Projected Steepest Edge Statistics ---
	Number of iterations: 0.
	Number of resets to reference space: 1. Avg. iterations per reset: 0
	--- SBT ---
	Number of tightened bounds: 743
	--- SoI-based local search ---
	Number of proposed phase pattern update: 0. Number of accepted update: 0 [0.00%]
	Total time (% of local search time) updating SoI phase pattern : 0 milli [0.00%]
	Total time obtaining current assignment: 0 milli [0.00%]
	Total time getting SoI phase pattern : 0 milli [0.00%]
	--- Context dependent statistics ---
	Number of pushes / pops: 0 / 0
		[0.00%] Pre-Push hook: 0 milli
		[0.00%] Push : 0 milli
		[0.00%] Post-Pop hook: 0 milli
		[0.00%] Pop : 0 milli
		[0.00%] Total context-switching time: 0 milli
	--- Proof Certificate ---
	Number of certified leaves: 0
	Number of leaves to delegate: 0
	Number of lemmas: 0

---
start solving without an agent

Engine::solve: sat assignment found

10:01:02 Statistics update:
	--- Time Statistics ---
	Total time elapsed: 32130 milli (00:00:32)
		Main loop: 32063 milli (00:00:32)
		Preprocessing time: 39 milli (00:00:00)
		Unknown: 27 milli (00:00:00)
	Breakdown for main loop:
		[29.83%] Simplex steps: 9564 milli
		[13.58%] Explicit-basis bound tightening: 4353 milli
		[0.00%] Constraint-matrix bound tightening: 0 milli
		[0.16%] Degradation checking: 51 milli
		[0.00%] Precision restoration: 0 milli
		[0.04%] Statistics handling: 13 milli
		[0.00%] Constraint-fixing steps: 0 milli
		[0.41%] Valid case splits: 130 milli. Average per split: 0.00 milli
		[0.06%] Applying stored bound-tightening: 19 milli
		[4.09%] SMT core: 1312 milli
		[39.36%] Symbolic Bound Tightening: 12621 milli
		[22.21%] SoI-based local search: 7121 milli
		[0.00%] SoI-based local search: 0 milli
		[12.47%] Unaccounted for: 3997 milli
	--- Preprocessor Statistics ---
	Number of preprocessor bound-tightening loop iterations: 8
	Number of eliminated variables: 0
	Number of constraints removed due to variable elimination: 0
	Number of equations removed due to variable elimination: 0
	--- Engine Statistics ---
	Number of main loop iterations: 29730
		27115 iterations were simplex steps. Total time: 9564 milli. Average: 0.35 milli.
		0 iterations were constraint-fixing steps. Total time: 0 milli. Average: 0.00 milli
	Number of active piecewise-linear constraints: 81 / 300
		Constraints disabled by valid splits: 211. By SMT-originated splits: 8
	Last reported degradation: 0.0000000000. Max degradation so far: 0.0000027582. Restorations so far: 0
	Number of simplex pivots we attempted to skip because of instability: 66.
	Unstable pivots performed anyway: 17
	--- Tableau Statistics ---
	Total number of pivots performed: 20137
		Real pivots: 19984. Degenerate: 153 (0.76%)
		Degenerate pivots by request (e.g., to fix a PL constraint): 0 (0.00%)
		Average time per pivot: 0.05 milli
	Total number of fake pivots performed: 1225
	Total number of rows added: 0. Number of merged columns: 0
	Current tableau dimensions: M = 604, N = 1518
	--- SMT Core Statistics ---
	Total depth is 12. Total visited states: 2127. Number of splits: 1067. Number of pops: 1059
	Max stack depth: 51
	--- Bound Tightening Statistics ---
	Number of tightened bounds: 377693.
		Number of rows examined by row tightener: 20137. Consequent tightenings: 7235
		Number of explicit basis matrices examined by row tightener: 381. Consequent tightenings: 96036
		Number of bound tightening rounds on the entire constraint matrix: 0. Consequent tightenings: 0
		Number of bound notifications sent to PL constraints: 679418. Tightenings proposed: 0
	--- Basis Factorization statistics ---
	Number of basis refactorizations: 182
	--- Projected Steepest Edge Statistics ---
	Number of iterations: 21411.
	Number of resets to reference space: 1061. Avg. iterations per reset: 20
	--- SBT ---
	Number of tightened bounds: 378436
	--- SoI-based local search ---
	Number of proposed phase pattern update: 1319. Number of accepted update: 2102 [159.36%]
	Total time (% of local search time) updating SoI phase pattern : 104368 milli [1.47%]
	Total time obtaining current assignment: 326393 milli [4.58%]
	Total time getting SoI phase pattern : 21542 milli [0.07%]
	--- Context dependent statistics ---
	Number of pushes / pops: 2126 / 2114
		[0.18%] Pre-Push hook: 57 milli
		[0.00%] Push : 0 milli
		[0.14%] Post-Pop hook: 43 milli
		[0.19%] Pop : 59 milli
		[0.50%] Total context-switching time: 161 milli
	--- Proof Certificate ---
	Number of certified leaves: 0
	Number of leaves to delegate: 0
	Number of lemmas: 0
sat
Input assignment:
	x0 = 0.533902
	x1 = 0.011458
	x2 = -0.201453
	x3 = 0.450367
	x4 = -0.408046

Output:
	y0 = -0.017533
	y1 = -0.017533
	y2 = -0.016226
	y3 = -0.017520
	y4 = -0.015152

end run time: 10:01:02
DQN: Done solving. Time : 32141 milli. 

start run time: 10:01:02
Network: /cs/labs/guykatz/maya.swisa/elbit/20_8/Marabou/resources/nnet/acasxu/ACASXU_experimental_v2a_1_1.nnet
Number of layers: 8. Input layer size: 5. Output layer size: 5. Number of ReLUs: 300
Total number of variables: 610
Property: /cs/labs/guykatz/maya.swisa/elbit/PROPERTY_1_08091/ex_0373_label_0/eps02.txt

Engine::processInputQuery: Input query (before preprocessing): 309 equations, 610 variables
Engine::processInputQuery: Input query (after preprocessing): 604 equations, 914 variables


Engine::solve: Initial statistics

10:01:02 Statistics update:
	--- Time Statistics ---
	Total time elapsed: 40 milli (00:00:00)
		Main loop: 0 milli (00:00:00)
		Preprocessing time: 31 milli (00:00:00)
		Unknown: 9 milli (00:00:00)
	Breakdown for main loop:
		[0.00%] Simplex steps: 0 milli
		[0.00%] Explicit-basis bound tightening: 0 milli
		[0.00%] Constraint-matrix bound tightening: 0 milli
		[0.00%] Degradation checking: 0 milli
		[0.00%] Precision restoration: 0 milli
		[0.00%] Statistics handling: 0 milli
		[0.00%] Constraint-fixing steps: 0 milli
		[0.00%] Valid case splits: 2 milli. Average per split: 0.00 milli
		[0.00%] Applying stored bound-tightening: 0 milli
		[0.00%] SMT core: 0 milli
		[0.00%] Symbolic Bound Tightening: 4 milli
		[0.00%] SoI-based local search: 0 milli
		[0.00%] SoI-based local search: 0 milli
		[0.00%] Unaccounted for: 0 milli
	--- Preprocessor Statistics ---
	Number of preprocessor bound-tightening loop iterations: 8
	Number of eliminated variables: 0
	Number of constraints removed due to variable elimination: 0
	Number of equations removed due to variable elimination: 0
	--- Engine Statistics ---
	Number of main loop iterations: 1
		0 iterations were simplex steps. Total time: 0 milli. Average: 0.00 milli.
		0 iterations were constraint-fixing steps. Total time: 0 milli. Average: 0.00 milli
	Number of active piecewise-linear constraints: 175 / 300
		Constraints disabled by valid splits: 125. By SMT-originated splits: 0
	Last reported degradation: 0.0000000000. Max degradation so far: 0.0000000000. Restorations so far: 0
	Number of simplex pivots we attempted to skip because of instability: 0.
	Unstable pivots performed anyway: 0
	--- Tableau Statistics ---
	Total number of pivots performed: 0
		Real pivots: 0. Degenerate: 0 (0.00%)
		Degenerate pivots by request (e.g., to fix a PL constraint): 0 (0.00%)
		Average time per pivot: 0.00 milli
	Total number of fake pivots performed: 0
	Total number of rows added: 0. Number of merged columns: 0
	Current tableau dimensions: M = 604, N = 1518
	--- SMT Core Statistics ---
	Total depth is 0. Total visited states: 1. Number of splits: 0. Number of pops: 0
	Max stack depth: 0
	--- Bound Tightening Statistics ---
	Number of tightened bounds: 0.
		Number of rows examined by row tightener: 0. Consequent tightenings: 0
		Number of explicit basis matrices examined by row tightener: 0. Consequent tightenings: 0
		Number of bound tightening rounds on the entire constraint matrix: 0. Consequent tightenings: 0
		Number of bound notifications sent to PL constraints: 1800. Tightenings proposed: 0
	--- Basis Factorization statistics ---
	Number of basis refactorizations: 2
	--- Projected Steepest Edge Statistics ---
	Number of iterations: 0.
	Number of resets to reference space: 1. Avg. iterations per reset: 0
	--- SBT ---
	Number of tightened bounds: 737
	--- SoI-based local search ---
	Number of proposed phase pattern update: 0. Number of accepted update: 0 [0.00%]
	Total time (% of local search time) updating SoI phase pattern : 0 milli [0.00%]
	Total time obtaining current assignment: 0 milli [0.00%]
	Total time getting SoI phase pattern : 0 milli [0.00%]
	--- Context dependent statistics ---
	Number of pushes / pops: 0 / 0
		[0.00%] Pre-Push hook: 0 milli
		[0.00%] Push : 0 milli
		[0.00%] Post-Pop hook: 0 milli
		[0.00%] Pop : 0 milli
		[0.00%] Total context-switching time: 0 milli
	--- Proof Certificate ---
	Number of certified leaves: 0
	Number of leaves to delegate: 0
	Number of lemmas: 0

---
start solving without an agent

Engine::solve: sat assignment found

10:02:57 Statistics update:
	--- Time Statistics ---
	Total time elapsed: 114504 milli (00:01:54)
		Main loop: 114435 milli (00:01:54)
		Preprocessing time: 31 milli (00:00:00)
		Unknown: 36 milli (00:00:00)
	Breakdown for main loop:
		[28.37%] Simplex steps: 32465 milli
		[13.18%] Explicit-basis bound tightening: 15084 milli
		[0.00%] Constraint-matrix bound tightening: 0 milli
		[0.15%] Degradation checking: 168 milli
		[0.00%] Precision restoration: 0 milli
		[0.09%] Statistics handling: 97 milli
		[0.00%] Constraint-fixing steps: 0 milli
		[0.46%] Valid case splits: 527 milli. Average per split: 0.00 milli
		[0.06%] Applying stored bound-tightening: 72 milli
		[4.38%] SMT core: 5012 milli
		[40.87%] Symbolic Bound Tightening: 46765 milli
		[21.25%] SoI-based local search: 24315 milli
		[0.00%] SoI-based local search: 0 milli
		[12.45%] Unaccounted for: 14242 milli
	--- Preprocessor Statistics ---
	Number of preprocessor bound-tightening loop iterations: 8
	Number of eliminated variables: 0
	Number of constraints removed due to variable elimination: 0
	Number of equations removed due to variable elimination: 0
	--- Engine Statistics ---
	Number of main loop iterations: 99511
		90188 iterations were simplex steps. Total time: 32465 milli. Average: 0.36 milli.
		0 iterations were constraint-fixing steps. Total time: 0 milli. Average: 0.00 milli
	Number of active piecewise-linear constraints: 21 / 300
		Constraints disabled by valid splits: 239. By SMT-originated splits: 40
	Last reported degradation: 0.0000000000. Max degradation so far: 0.0000000694. Restorations so far: 0
	Number of simplex pivots we attempted to skip because of instability: 64.
	Unstable pivots performed anyway: 7
	--- Tableau Statistics ---
	Total number of pivots performed: 65409
		Real pivots: 64900. Degenerate: 509 (0.78%)
		Degenerate pivots by request (e.g., to fix a PL constraint): 0 (0.00%)
		Average time per pivot: 0.05 milli
	Total number of fake pivots performed: 3638
	Total number of rows added: 0. Number of merged columns: 0
	Current tableau dimensions: M = 604, N = 1518
	--- SMT Core Statistics ---
	Total depth is 44. Total visited states: 7809. Number of splits: 3922. Number of pops: 3886
	Max stack depth: 65
	--- Bound Tightening Statistics ---
	Number of tightened bounds: 1253821.
		Number of rows examined by row tightener: 65409. Consequent tightenings: 28967
		Number of explicit basis matrices examined by row tightener: 1258. Consequent tightenings: 369570
		Number of bound tightening rounds on the entire constraint matrix: 0. Consequent tightenings: 0
		Number of bound notifications sent to PL constraints: 2377112. Tightenings proposed: 0
	--- Basis Factorization statistics ---
	Number of basis refactorizations: 535
	--- Projected Steepest Edge Statistics ---
	Number of iterations: 69104.
	Number of resets to reference space: 3889. Avg. iterations per reset: 17
	--- SBT ---
	Number of tightened bounds: 1254558
	--- SoI-based local search ---
	Number of proposed phase pattern update: 4806. Number of accepted update: 7674 [159.68%]
	Total time (% of local search time) updating SoI phase pattern : 389362 milli [1.60%]
	Total time obtaining current assignment: 1231572 milli [5.07%]
	Total time getting SoI phase pattern : 90773 milli [0.08%]
	--- Context dependent statistics ---
	Number of pushes / pops: 7810 / 7766
		[0.20%] Pre-Push hook: 223 milli
		[0.00%] Push : 0 milli
		[0.14%] Post-Pop hook: 162 milli
		[0.21%] Pop : 241 milli
		[0.55%] Total context-switching time: 628 milli
	--- Proof Certificate ---
	Number of certified leaves: 0
	Number of leaves to delegate: 0
	Number of lemmas: 0
sat
Input assignment:
	x0 = 0.523902
	x1 = 0.009575
	x2 = -0.187212
	x3 = 0.445366
	x4 = -0.411130

Output:
	y0 = -0.017339
	y1 = -0.017597
	y2 = -0.016022
	y3 = -0.017597
	y4 = -0.014870

end run time: 10:02:57
DQN: Done solving. Time : 114523 milli. 

start run time: 10:02:57
Network: /cs/labs/guykatz/maya.swisa/elbit/20_8/Marabou/resources/nnet/acasxu/ACASXU_experimental_v2a_1_1.nnet
Number of layers: 8. Input layer size: 5. Output layer size: 5. Number of ReLUs: 300
Total number of variables: 610
Property: /cs/labs/guykatz/maya.swisa/elbit/PROPERTY_1_08091/ex_0373_label_0/eps03.txt

Engine::processInputQuery: Input query (before preprocessing): 309 equations, 610 variables
Engine::processInputQuery: Input query (after preprocessing): 604 equations, 914 variables


Engine::solve: Initial statistics

10:02:57 Statistics update:
	--- Time Statistics ---
	Total time elapsed: 40 milli (00:00:00)
		Main loop: 0 milli (00:00:00)
		Preprocessing time: 30 milli (00:00:00)
		Unknown: 9 milli (00:00:00)
	Breakdown for main loop:
		[0.00%] Simplex steps: 0 milli
		[0.00%] Explicit-basis bound tightening: 0 milli
		[0.00%] Constraint-matrix bound tightening: 0 milli
		[0.00%] Degradation checking: 0 milli
		[0.00%] Precision restoration: 0 milli
		[0.00%] Statistics handling: 0 milli
		[0.00%] Constraint-fixing steps: 0 milli
		[0.00%] Valid case splits: 2 milli. Average per split: 0.00 milli
		[0.00%] Applying stored bound-tightening: 0 milli
		[0.00%] SMT core: 0 milli
		[0.00%] Symbolic Bound Tightening: 4 milli
		[0.00%] SoI-based local search: 0 milli
		[0.00%] SoI-based local search: 0 milli
		[0.00%] Unaccounted for: 0 milli
	--- Preprocessor Statistics ---
	Number of preprocessor bound-tightening loop iterations: 8
	Number of eliminated variables: 0
	Number of constraints removed due to variable elimination: 0
	Number of equations removed due to variable elimination: 0
	--- Engine Statistics ---
	Number of main loop iterations: 1
		0 iterations were simplex steps. Total time: 0 milli. Average: 0.00 milli.
		0 iterations were constraint-fixing steps. Total time: 0 milli. Average: 0.00 milli
	Number of active piecewise-linear constraints: 183 / 300
		Constraints disabled by valid splits: 117. By SMT-originated splits: 0
	Last reported degradation: 0.0000000000. Max degradation so far: 0.0000000000. Restorations so far: 0
	Number of simplex pivots we attempted to skip because of instability: 0.
	Unstable pivots performed anyway: 0
	--- Tableau Statistics ---
	Total number of pivots performed: 0
		Real pivots: 0. Degenerate: 0 (0.00%)
		Degenerate pivots by request (e.g., to fix a PL constraint): 0 (0.00%)
		Average time per pivot: 0.00 milli
	Total number of fake pivots performed: 0
	Total number of rows added: 0. Number of merged columns: 0
	Current tableau dimensions: M = 604, N = 1518
	--- SMT Core Statistics ---
	Total depth is 0. Total visited states: 1. Number of splits: 0. Number of pops: 0
	Max stack depth: 0
	--- Bound Tightening Statistics ---
	Number of tightened bounds: 0.
		Number of rows examined by row tightener: 0. Consequent tightenings: 0
		Number of explicit basis matrices examined by row tightener: 0. Consequent tightenings: 0
		Number of bound tightening rounds on the entire constraint matrix: 0. Consequent tightenings: 0
		Number of bound notifications sent to PL constraints: 1800. Tightenings proposed: 0
	--- Basis Factorization statistics ---
	Number of basis refactorizations: 2
	--- Projected Steepest Edge Statistics ---
	Number of iterations: 0.
	Number of resets to reference space: 1. Avg. iterations per reset: 0
	--- SBT ---
	Number of tightened bounds: 740
	--- SoI-based local search ---
	Number of proposed phase pattern update: 0. Number of accepted update: 0 [0.00%]
	Total time (% of local search time) updating SoI phase pattern : 0 milli [0.00%]
	Total time obtaining current assignment: 0 milli [0.00%]
	Total time getting SoI phase pattern : 0 milli [0.00%]
	--- Context dependent statistics ---
	Number of pushes / pops: 0 / 0
		[0.00%] Pre-Push hook: 0 milli
		[0.00%] Push : 0 milli
		[0.00%] Post-Pop hook: 0 milli
		[0.00%] Pop : 0 milli
		[0.00%] Total context-switching time: 0 milli
	--- Proof Certificate ---
	Number of certified leaves: 0
	Number of leaves to delegate: 0
	Number of lemmas: 0

---
start solving without an agent

Engine::solve: sat assignment found

10:03:17 Statistics update:
	--- Time Statistics ---
	Total time elapsed: 19963 milli (00:00:19)
		Main loop: 19917 milli (00:00:19)
		Preprocessing time: 30 milli (00:00:00)
		Unknown: 14 milli (00:00:00)
	Breakdown for main loop:
		[35.93%] Simplex steps: 7156 milli
		[15.93%] Explicit-basis bound tightening: 3173 milli
		[0.00%] Constraint-matrix bound tightening: 0 milli
		[0.17%] Degradation checking: 32 milli
		[0.00%] Precision restoration: 0 milli
		[0.09%] Statistics handling: 18 milli
		[0.00%] Constraint-fixing steps: 0 milli
		[0.43%] Valid case splits: 86 milli. Average per split: 0.00 milli
		[0.05%] Applying stored bound-tightening: 9 milli
		[3.29%] SMT core: 656 milli
		[34.75%] Symbolic Bound Tightening: 6920 milli
		[26.97%] SoI-based local search: 5371 milli
		[0.00%] SoI-based local search: 0 milli
		[9.35%] Unaccounted for: 1862 milli
	--- Preprocessor Statistics ---
	Number of preprocessor bound-tightening loop iterations: 8
	Number of eliminated variables: 0
	Number of constraints removed due to variable elimination: 0
	Number of equations removed due to variable elimination: 0
	--- Engine Statistics ---
	Number of main loop iterations: 19488
		18016 iterations were simplex steps. Total time: 7156 milli. Average: 0.40 milli.
		0 iterations were constraint-fixing steps. Total time: 0 milli. Average: 0.00 milli
	Number of active piecewise-linear constraints: 48 / 300
		Constraints disabled by valid splits: 207. By SMT-originated splits: 45
	Last reported degradation: 0.0000000000. Max degradation so far: 0.0000000810. Restorations so far: 0
	Number of simplex pivots we attempted to skip because of instability: 48.
	Unstable pivots performed anyway: 5
	--- Tableau Statistics ---
	Total number of pivots performed: 14380
		Real pivots: 14297. Degenerate: 83 (0.58%)
		Degenerate pivots by request (e.g., to fix a PL constraint): 0 (0.00%)
		Average time per pivot: 0.04 milli
	Total number of fake pivots performed: 507
	Total number of rows added: 0. Number of merged columns: 0
	Current tableau dimensions: M = 604, N = 1518
	--- SMT Core Statistics ---
	Total depth is 49. Total visited states: 1130. Number of splits: 585. Number of pops: 544
	Max stack depth: 77
	--- Bound Tightening Statistics ---
	Number of tightened bounds: 229746.
		Number of rows examined by row tightener: 14380. Consequent tightenings: 3731
		Number of explicit basis matrices examined by row tightener: 218. Consequent tightenings: 58388
		Number of bound tightening rounds on the entire constraint matrix: 0. Consequent tightenings: 0
		Number of bound notifications sent to PL constraints: 409485. Tightenings proposed: 0
	--- Basis Factorization statistics ---
	Number of basis refactorizations: 134
	--- Projected Steepest Edge Statistics ---
	Number of iterations: 14930.
	Number of resets to reference space: 545. Avg. iterations per reset: 27
	--- SBT ---
	Number of tightened bounds: 230486
	--- SoI-based local search ---
	Number of proposed phase pattern update: 749. Number of accepted update: 1130 [150.87%]
	Total time (% of local search time) updating SoI phase pattern : 58729 milli [1.09%]
	Total time obtaining current assignment: 188222 milli [3.50%]
	Total time getting SoI phase pattern : 17545 milli [0.09%]
	--- Context dependent statistics ---
	Number of pushes / pops: 1129 / 1080
		[0.19%] Pre-Push hook: 38 milli
		[0.00%] Push : 0 milli
		[0.13%] Post-Pop hook: 25 milli
		[0.22%] Pop : 44 milli
		[0.54%] Total context-switching time: 108 milli
	--- Proof Certificate ---
	Number of certified leaves: 0
	Number of leaves to delegate: 0
	Number of lemmas: 0
sat
Input assignment:
	x0 = 0.514145
	x1 = 0.007360
	x2 = -0.150549
	x3 = 0.440366
	x4 = -0.421788

Output:
	y0 = -0.017447
	y1 = -0.017447
	y2 = -0.015888
	y3 = -0.017447
	y4 = -0.014679

end run time: 10:03:17
DQN: Done solving. Time : 19981 milli. 

