[918] processing ex_0919_label_0 …
start run time: 10:43:06
Network: /cs/labs/guykatz/maya.swisa/elbit/20_8/Marabou/resources/nnet/acasxu/ACASXU_experimental_v2a_1_1.nnet
Number of layers: 8. Input layer size: 5. Output layer size: 5. Number of ReLUs: 300
Total number of variables: 610
Property: /cs/labs/guykatz/maya.swisa/elbit/PROPERTY_1_08091/ex_0919_label_0/eps01.txt

Engine::processInputQuery: Input query (before preprocessing): 309 equations, 610 variables
Engine::processInputQuery: Input query (after preprocessing): 604 equations, 914 variables


Engine::solve: Initial statistics

10:43:06 Statistics update:
	--- Time Statistics ---
	Total time elapsed: 52 milli (00:00:00)
		Main loop: 0 milli (00:00:00)
		Preprocessing time: 39 milli (00:00:00)
		Unknown: 13 milli (00:00:00)
	Breakdown for main loop:
		[0.00%] Simplex steps: 0 milli
		[0.00%] Explicit-basis bound tightening: 0 milli
		[0.00%] Constraint-matrix bound tightening: 0 milli
		[0.00%] Degradation checking: 0 milli
		[0.00%] Precision restoration: 0 milli
		[0.00%] Statistics handling: 0 milli
		[0.00%] Constraint-fixing steps: 0 milli
		[0.00%] Valid case splits: 1 milli. Average per split: 0.00 milli
		[0.00%] Applying stored bound-tightening: 0 milli
		[0.00%] SMT core: 0 milli
		[0.00%] Symbolic Bound Tightening: 5 milli
		[0.00%] SoI-based local search: 0 milli
		[0.00%] SoI-based local search: 0 milli
		[0.00%] Unaccounted for: 0 milli
	--- Preprocessor Statistics ---
	Number of preprocessor bound-tightening loop iterations: 8
	Number of eliminated variables: 0
	Number of constraints removed due to variable elimination: 0
	Number of equations removed due to variable elimination: 0
	--- Engine Statistics ---
	Number of main loop iterations: 1
		0 iterations were simplex steps. Total time: 0 milli. Average: 0.00 milli.
		0 iterations were constraint-fixing steps. Total time: 0 milli. Average: 0.00 milli
	Number of active piecewise-linear constraints: 197 / 300
		Constraints disabled by valid splits: 103. By SMT-originated splits: 0
	Last reported degradation: 0.0000000000. Max degradation so far: 0.0000000000. Restorations so far: 0
	Number of simplex pivots we attempted to skip because of instability: 0.
	Unstable pivots performed anyway: 0
	--- Tableau Statistics ---
	Total number of pivots performed: 0
		Real pivots: 0. Degenerate: 0 (0.00%)
		Degenerate pivots by request (e.g., to fix a PL constraint): 0 (0.00%)
		Average time per pivot: 0.00 milli
	Total number of fake pivots performed: 0
	Total number of rows added: 0. Number of merged columns: 0
	Current tableau dimensions: M = 604, N = 1518
	--- SMT Core Statistics ---
	Total depth is 0. Total visited states: 1. Number of splits: 0. Number of pops: 0
	Max stack depth: 0
	--- Bound Tightening Statistics ---
	Number of tightened bounds: 0.
		Number of rows examined by row tightener: 0. Consequent tightenings: 0
		Number of explicit basis matrices examined by row tightener: 0. Consequent tightenings: 0
		Number of bound tightening rounds on the entire constraint matrix: 0. Consequent tightenings: 0
		Number of bound notifications sent to PL constraints: 1800. Tightenings proposed: 0
	--- Basis Factorization statistics ---
	Number of basis refactorizations: 2
	--- Projected Steepest Edge Statistics ---
	Number of iterations: 0.
	Number of resets to reference space: 1. Avg. iterations per reset: 0
	--- SBT ---
	Number of tightened bounds: 732
	--- SoI-based local search ---
	Number of proposed phase pattern update: 0. Number of accepted update: 0 [0.00%]
	Total time (% of local search time) updating SoI phase pattern : 0 milli [0.00%]
	Total time obtaining current assignment: 0 milli [0.00%]
	Total time getting SoI phase pattern : 0 milli [0.00%]
	--- Context dependent statistics ---
	Number of pushes / pops: 0 / 0
		[0.00%] Pre-Push hook: 0 milli
		[0.00%] Push : 0 milli
		[0.00%] Post-Pop hook: 0 milli
		[0.00%] Pop : 0 milli
		[0.00%] Total context-switching time: 0 milli
	--- Proof Certificate ---
	Number of certified leaves: 0
	Number of leaves to delegate: 0
	Number of lemmas: 0

---
start solving without an agent
Performing precision restoration. Degradation before: 0.000000000136221. After: 0.000000000000228
Performing precision restoration. Degradation before: 0.000093233370840. After: 0.000000000000149
Performing precision restoration. Degradation before: 0.001302512649445. After: 0.000000000000057
Performing precision restoration. Degradation before: 0.000279019444095. After: 0.000000000000237


Engine: quitting due to timeout...

Final statistics:

11:43:06 Statistics update:
	--- Time Statistics ---
	Total time elapsed: 3600023 milli (01:00:00)
		Main loop: 3599342 milli (00:59:59)
		Preprocessing time: 39 milli (00:00:00)
		Unknown: 642 milli (00:00:00)
	Breakdown for main loop:
		[27.48%] Simplex steps: 988972 milli
		[16.72%] Explicit-basis bound tightening: 601848 milli
		[0.00%] Constraint-matrix bound tightening: 0 milli
		[0.11%] Degradation checking: 4026 milli
		[0.00%] Precision restoration: 27 milli
		[0.02%] Statistics handling: 560 milli
		[0.00%] Constraint-fixing steps: 0 milli
		[0.36%] Valid case splits: 12857 milli. Average per split: 0.00 milli
		[0.05%] Applying stored bound-tightening: 1777 milli
		[3.72%] SMT core: 133721 milli
		[32.85%] Symbolic Bound Tightening: 1182310 milli
		[20.92%] SoI-based local search: 752924 milli
		[0.00%] SoI-based local search: 0 milli
		[18.70%] Unaccounted for: 673240 milli
	--- Preprocessor Statistics ---
	Number of preprocessor bound-tightening loop iterations: 8
	Number of eliminated variables: 0
	Number of constraints removed due to variable elimination: 0
	Number of equations removed due to variable elimination: 0
	--- Engine Statistics ---
	Number of main loop iterations: 2423901
		2163728 iterations were simplex steps. Total time: 988972 milli. Average: 0.46 milli.
		0 iterations were constraint-fixing steps. Total time: 0 milli. Average: 0.00 milli
	Number of active piecewise-linear constraints: 36 / 300
		Constraints disabled by valid splits: 237. By SMT-originated splits: 27
	Last reported degradation: 0.0000000000. Max degradation so far: 0.0012915541. Restorations so far: 4
	Number of simplex pivots we attempted to skip because of instability: 398.
	Unstable pivots performed anyway: 31
	--- Tableau Statistics ---
	Total number of pivots performed: 1521023
		Real pivots: 1508460. Degenerate: 12563 (0.83%)
		Degenerate pivots by request (e.g., to fix a PL constraint): 0 (0.00%)
		Average time per pivot: 0.05 milli
	Total number of fake pivots performed: 89549
	Total number of rows added: 0. Number of merged columns: 0
	Current tableau dimensions: M = 604, N = 1518
	--- SMT Core Statistics ---
	Total depth is 31. Total visited states: 210825. Number of splits: 105430. Number of pops: 105394
	Max stack depth: 72
	--- Bound Tightening Statistics ---
	Number of tightened bounds: 29130112.
		Number of rows examined by row tightener: 1521023. Consequent tightenings: 603976
		Number of explicit basis matrices examined by row tightener: 39096. Consequent tightenings: 11143704
		Number of bound tightening rounds on the entire constraint matrix: 0. Consequent tightenings: 0
		Number of bound notifications sent to PL constraints: 55215440. Tightenings proposed: 0
	--- Basis Factorization statistics ---
	Number of basis refactorizations: 11589
	--- Projected Steepest Edge Statistics ---
	Number of iterations: 1610939.
	Number of resets to reference space: 105460. Avg. iterations per reset: 15
	--- SBT ---
	Number of tightened bounds: 29118700
	--- SoI-based local search ---
	Number of proposed phase pattern update: 129855. Number of accepted update: 206691 [159.17%]
	Total time (% of local search time) updating SoI phase pattern : 9970151 milli [1.32%]
	Total time obtaining current assignment: 31892739 milli [4.24%]
	Total time getting SoI phase pattern : 2035255 milli [0.06%]
	--- Context dependent statistics ---
	Number of pushes / pops: 210843 / 210812
		[0.14%] Pre-Push hook: 4877 milli
		[0.00%] Push : 0 milli
		[0.12%] Post-Pop hook: 4266 milli
		[0.14%] Pop : 5144 milli
		[0.40%] Total context-switching time: 14288 milli
	--- Proof Certificate ---
	Number of certified leaves: 0
	Number of leaves to delegate: 0
	Number of lemmas: 0
Timeout
end run time: 11:43:06
DQN: Done solving. Time : 3600043 milli. 

start run time: 11:43:06
Network: /cs/labs/guykatz/maya.swisa/elbit/20_8/Marabou/resources/nnet/acasxu/ACASXU_experimental_v2a_1_1.nnet
Number of layers: 8. Input layer size: 5. Output layer size: 5. Number of ReLUs: 300
Total number of variables: 610
Property: /cs/labs/guykatz/maya.swisa/elbit/PROPERTY_1_08091/ex_0919_label_0/eps02.txt

Engine::processInputQuery: Input query (before preprocessing): 309 equations, 610 variables
Engine::processInputQuery: Input query (after preprocessing): 604 equations, 914 variables


Engine::solve: Initial statistics

11:43:06 Statistics update:
	--- Time Statistics ---
	Total time elapsed: 38 milli (00:00:00)
		Main loop: 0 milli (00:00:00)
		Preprocessing time: 30 milli (00:00:00)
		Unknown: 8 milli (00:00:00)
	Breakdown for main loop:
		[0.00%] Simplex steps: 0 milli
		[0.00%] Explicit-basis bound tightening: 0 milli
		[0.00%] Constraint-matrix bound tightening: 0 milli
		[0.00%] Degradation checking: 0 milli
		[0.00%] Precision restoration: 0 milli
		[0.00%] Statistics handling: 0 milli
		[0.00%] Constraint-fixing steps: 0 milli
		[0.00%] Valid case splits: 1 milli. Average per split: 0.00 milli
		[0.00%] Applying stored bound-tightening: 0 milli
		[0.00%] SMT core: 0 milli
		[0.00%] Symbolic Bound Tightening: 5 milli
		[0.00%] SoI-based local search: 0 milli
		[0.00%] SoI-based local search: 0 milli
		[0.00%] Unaccounted for: 0 milli
	--- Preprocessor Statistics ---
	Number of preprocessor bound-tightening loop iterations: 8
	Number of eliminated variables: 0
	Number of constraints removed due to variable elimination: 0
	Number of equations removed due to variable elimination: 0
	--- Engine Statistics ---
	Number of main loop iterations: 1
		0 iterations were simplex steps. Total time: 0 milli. Average: 0.00 milli.
		0 iterations were constraint-fixing steps. Total time: 0 milli. Average: 0.00 milli
	Number of active piecewise-linear constraints: 206 / 300
		Constraints disabled by valid splits: 94. By SMT-originated splits: 0
	Last reported degradation: 0.0000000000. Max degradation so far: 0.0000000000. Restorations so far: 0
	Number of simplex pivots we attempted to skip because of instability: 0.
	Unstable pivots performed anyway: 0
	--- Tableau Statistics ---
	Total number of pivots performed: 0
		Real pivots: 0. Degenerate: 0 (0.00%)
		Degenerate pivots by request (e.g., to fix a PL constraint): 0 (0.00%)
		Average time per pivot: 0.00 milli
	Total number of fake pivots performed: 0
	Total number of rows added: 0. Number of merged columns: 0
	Current tableau dimensions: M = 604, N = 1518
	--- SMT Core Statistics ---
	Total depth is 0. Total visited states: 1. Number of splits: 0. Number of pops: 0
	Max stack depth: 0
	--- Bound Tightening Statistics ---
	Number of tightened bounds: 0.
		Number of rows examined by row tightener: 0. Consequent tightenings: 0
		Number of explicit basis matrices examined by row tightener: 0. Consequent tightenings: 0
		Number of bound tightening rounds on the entire constraint matrix: 0. Consequent tightenings: 0
		Number of bound notifications sent to PL constraints: 1800. Tightenings proposed: 0
	--- Basis Factorization statistics ---
	Number of basis refactorizations: 2
	--- Projected Steepest Edge Statistics ---
	Number of iterations: 0.
	Number of resets to reference space: 1. Avg. iterations per reset: 0
	--- SBT ---
	Number of tightened bounds: 729
	--- SoI-based local search ---
	Number of proposed phase pattern update: 0. Number of accepted update: 0 [0.00%]
	Total time (% of local search time) updating SoI phase pattern : 0 milli [0.00%]
	Total time obtaining current assignment: 0 milli [0.00%]
	Total time getting SoI phase pattern : 0 milli [0.00%]
	--- Context dependent statistics ---
	Number of pushes / pops: 0 / 0
		[0.00%] Pre-Push hook: 0 milli
		[0.00%] Push : 0 milli
		[0.00%] Post-Pop hook: 0 milli
		[0.00%] Pop : 0 milli
		[0.00%] Total context-switching time: 0 milli
	--- Proof Certificate ---
	Number of certified leaves: 0
	Number of leaves to delegate: 0
	Number of lemmas: 0

---
start solving without an agent
Performing precision restoration. Degradation before: 0.000000000000127. After: 0.000000000000125
Performing precision restoration. Degradation before: 0.000129614506128. After: 0.000000000000127
Performing precision restoration. Degradation before: 0.000007719588923. After: 0.000000000000089
Performing precision restoration. Degradation before: 0.000720019141367. After: 0.000000000000087
Performing precision restoration. Degradation before: 0.001791811248784. After: 0.000000000000113
Performing precision restoration. Degradation before: 0.000015319488481. After: 0.000000000000090
Performing precision restoration. Degradation before: 0.000007945618666. After: 0.000000000000120
Performing precision restoration. Degradation before: 0.000000000000463. After: 0.000000000000142
Performing precision restoration. Degradation before: 0.000006167279526. After: 0.000000000000097
Performing precision restoration. Degradation before: 0.000003374598879. After: 0.000000000000310


Engine: quitting due to timeout...

Final statistics:

12:43:06 Statistics update:
	--- Time Statistics ---
	Total time elapsed: 3600005 milli (01:00:00)
		Main loop: 3599361 milli (00:59:59)
		Preprocessing time: 30 milli (00:00:00)
		Unknown: 613 milli (00:00:00)
	Breakdown for main loop:
		[29.16%] Simplex steps: 1049664 milli
		[18.14%] Explicit-basis bound tightening: 653098 milli
		[0.00%] Constraint-matrix bound tightening: 0 milli
		[0.11%] Degradation checking: 3981 milli
		[0.00%] Precision restoration: 71 milli
		[0.07%] Statistics handling: 2599 milli
		[0.00%] Constraint-fixing steps: 0 milli
		[0.32%] Valid case splits: 11671 milli. Average per split: 0.00 milli
		[0.05%] Applying stored bound-tightening: 1639 milli
		[3.23%] SMT core: 116136 milli
		[30.29%] Symbolic Bound Tightening: 1090390 milli
		[21.42%] SoI-based local search: 771022 milli
		[0.00%] SoI-based local search: 0 milli
		[18.62%] Unaccounted for: 670108 milli
	--- Preprocessor Statistics ---
	Number of preprocessor bound-tightening loop iterations: 8
	Number of eliminated variables: 0
	Number of constraints removed due to variable elimination: 0
	Number of equations removed due to variable elimination: 0
	--- Engine Statistics ---
	Number of main loop iterations: 2324877
		2082114 iterations were simplex steps. Total time: 1049664 milli. Average: 0.50 milli.
		0 iterations were constraint-fixing steps. Total time: 0 milli. Average: 0.00 milli
	Number of active piecewise-linear constraints: 14 / 300
		Constraints disabled by valid splits: 233. By SMT-originated splits: 53
	Last reported degradation: 0.0000000000. Max degradation so far: 0.0017849688. Restorations so far: 10
	Number of simplex pivots we attempted to skip because of instability: 397.
	Unstable pivots performed anyway: 22
	--- Tableau Statistics ---
	Total number of pivots performed: 1482111
		Real pivots: 1467411. Degenerate: 14700 (0.99%)
		Degenerate pivots by request (e.g., to fix a PL constraint): 0 (0.00%)
		Average time per pivot: 0.05 milli
	Total number of fake pivots performed: 75054
	Total number of rows added: 0. Number of merged columns: 0
	Current tableau dimensions: M = 604, N = 1518
	--- SMT Core Statistics ---
	Total depth is 57. Total visited states: 195282. Number of splits: 97671. Number of pops: 97610
	Max stack depth: 78
	--- Bound Tightening Statistics ---
	Number of tightened bounds: 25550042.
		Number of rows examined by row tightener: 1482111. Consequent tightenings: 578126
		Number of explicit basis matrices examined by row tightener: 32612. Consequent tightenings: 10202691
		Number of bound tightening rounds on the entire constraint matrix: 0. Consequent tightenings: 0
		Number of bound notifications sent to PL constraints: 49505052. Tightenings proposed: 0
	--- Basis Factorization statistics ---
	Number of basis refactorizations: 10966
	--- Projected Steepest Edge Statistics ---
	Number of iterations: 1557540.
	Number of resets to reference space: 97725. Avg. iterations per reset: 15
	--- SBT ---
	Number of tightened bounds: 25520411
	--- SoI-based local search ---
	Number of proposed phase pattern update: 124446. Number of accepted update: 192659 [154.81%]
	Total time (% of local search time) updating SoI phase pattern : 9477388 milli [1.23%]
	Total time obtaining current assignment: 29500072 milli [3.83%]
	Total time getting SoI phase pattern : 2098399 milli [0.06%]
	--- Context dependent statistics ---
	Number of pushes / pops: 195298 / 195241
		[0.14%] Pre-Push hook: 4925 milli
		[0.00%] Push : 0 milli
		[0.11%] Post-Pop hook: 3804 milli
		[0.14%] Pop : 5090 milli
		[0.38%] Total context-switching time: 13820 milli
	--- Proof Certificate ---
	Number of certified leaves: 0
	Number of leaves to delegate: 0
	Number of lemmas: 0
Timeout
end run time: 12:43:06
DQN: Done solving. Time : 3600027 milli. 

start run time: 12:43:06
Network: /cs/labs/guykatz/maya.swisa/elbit/20_8/Marabou/resources/nnet/acasxu/ACASXU_experimental_v2a_1_1.nnet
Number of layers: 8. Input layer size: 5. Output layer size: 5. Number of ReLUs: 300
Total number of variables: 610
Property: /cs/labs/guykatz/maya.swisa/elbit/PROPERTY_1_08091/ex_0919_label_0/eps03.txt

Engine::processInputQuery: Input query (before preprocessing): 309 equations, 610 variables
Engine::processInputQuery: Input query (after preprocessing): 604 equations, 914 variables


Engine::solve: Initial statistics

12:43:06 Statistics update:
	--- Time Statistics ---
	Total time elapsed: 36 milli (00:00:00)
		Main loop: 0 milli (00:00:00)
		Preprocessing time: 28 milli (00:00:00)
		Unknown: 7 milli (00:00:00)
	Breakdown for main loop:
		[0.00%] Simplex steps: 0 milli
		[0.00%] Explicit-basis bound tightening: 0 milli
		[0.00%] Constraint-matrix bound tightening: 0 milli
		[0.00%] Degradation checking: 0 milli
		[0.00%] Precision restoration: 0 milli
		[0.00%] Statistics handling: 0 milli
		[0.00%] Constraint-fixing steps: 0 milli
		[0.00%] Valid case splits: 1 milli. Average per split: 0.00 milli
		[0.00%] Applying stored bound-tightening: 0 milli
		[0.00%] SMT core: 0 milli
		[0.00%] Symbolic Bound Tightening: 5 milli
		[0.00%] SoI-based local search: 0 milli
		[0.00%] SoI-based local search: 0 milli
		[0.00%] Unaccounted for: 0 milli
	--- Preprocessor Statistics ---
	Number of preprocessor bound-tightening loop iterations: 8
	Number of eliminated variables: 0
	Number of constraints removed due to variable elimination: 0
	Number of equations removed due to variable elimination: 0
	--- Engine Statistics ---
	Number of main loop iterations: 1
		0 iterations were simplex steps. Total time: 0 milli. Average: 0.00 milli.
		0 iterations were constraint-fixing steps. Total time: 0 milli. Average: 0.00 milli
	Number of active piecewise-linear constraints: 217 / 300
		Constraints disabled by valid splits: 83. By SMT-originated splits: 0
	Last reported degradation: 0.0000000000. Max degradation so far: 0.0000000000. Restorations so far: 0
	Number of simplex pivots we attempted to skip because of instability: 0.
	Unstable pivots performed anyway: 0
	--- Tableau Statistics ---
	Total number of pivots performed: 0
		Real pivots: 0. Degenerate: 0 (0.00%)
		Degenerate pivots by request (e.g., to fix a PL constraint): 0 (0.00%)
		Average time per pivot: 0.00 milli
	Total number of fake pivots performed: 0
	Total number of rows added: 0. Number of merged columns: 0
	Current tableau dimensions: M = 604, N = 1518
	--- SMT Core Statistics ---
	Total depth is 0. Total visited states: 1. Number of splits: 0. Number of pops: 0
	Max stack depth: 0
	--- Bound Tightening Statistics ---
	Number of tightened bounds: 0.
		Number of rows examined by row tightener: 0. Consequent tightenings: 0
		Number of explicit basis matrices examined by row tightener: 0. Consequent tightenings: 0
		Number of bound tightening rounds on the entire constraint matrix: 0. Consequent tightenings: 0
		Number of bound notifications sent to PL constraints: 1800. Tightenings proposed: 0
	--- Basis Factorization statistics ---
	Number of basis refactorizations: 2
	--- Projected Steepest Edge Statistics ---
	Number of iterations: 0.
	Number of resets to reference space: 1. Avg. iterations per reset: 0
	--- SBT ---
	Number of tightened bounds: 728
	--- SoI-based local search ---
	Number of proposed phase pattern update: 0. Number of accepted update: 0 [0.00%]
	Total time (% of local search time) updating SoI phase pattern : 0 milli [0.00%]
	Total time obtaining current assignment: 0 milli [0.00%]
	Total time getting SoI phase pattern : 0 milli [0.00%]
	--- Context dependent statistics ---
	Number of pushes / pops: 0 / 0
		[0.00%] Pre-Push hook: 0 milli
		[0.00%] Push : 0 milli
		[0.00%] Post-Pop hook: 0 milli
		[0.00%] Pop : 0 milli
		[0.00%] Total context-switching time: 0 milli
	--- Proof Certificate ---
	Number of certified leaves: 0
	Number of leaves to delegate: 0
	Number of lemmas: 0

---
start solving without an agent
Performing precision restoration. Degradation before: 0.000140199041031. After: 0.000000000000107
Performing precision restoration. Degradation before: 0.000000236528052. After: 0.000000000000166
Performing precision restoration. Degradation before: 0.000072144223850. After: 0.000000000000177
Performing precision restoration. Degradation before: 0.000059206211803. After: 0.000000000000103
Performing precision restoration. Degradation before: 0.000001533521335. After: 0.000000000000120


Engine: quitting due to timeout...

Final statistics:

13:43:06 Statistics update:
	--- Time Statistics ---
	Total time elapsed: 3600004 milli (01:00:00)
		Main loop: 3599339 milli (00:59:59)
		Preprocessing time: 28 milli (00:00:00)
		Unknown: 636 milli (00:00:00)
	Breakdown for main loop:
		[28.42%] Simplex steps: 1022915 milli
		[16.35%] Explicit-basis bound tightening: 588462 milli
		[0.00%] Constraint-matrix bound tightening: 0 milli
		[0.12%] Degradation checking: 4258 milli
		[0.00%] Precision restoration: 33 milli
		[0.07%] Statistics handling: 2673 milli
		[0.00%] Constraint-fixing steps: 0 milli
		[0.35%] Valid case splits: 12697 milli. Average per split: 0.00 milli
		[0.05%] Applying stored bound-tightening: 1727 milli
		[3.35%] SMT core: 120549 milli
		[33.42%] Symbolic Bound Tightening: 1202748 milli
		[21.60%] SoI-based local search: 777534 milli
		[0.00%] SoI-based local search: 0 milli
		[17.87%] Unaccounted for: 643273 milli
	--- Preprocessor Statistics ---
	Number of preprocessor bound-tightening loop iterations: 8
	Number of eliminated variables: 0
	Number of constraints removed due to variable elimination: 0
	Number of equations removed due to variable elimination: 0
	--- Engine Statistics ---
	Number of main loop iterations: 2471734
		2204941 iterations were simplex steps. Total time: 1022915 milli. Average: 0.46 milli.
		0 iterations were constraint-fixing steps. Total time: 0 milli. Average: 0.00 milli
	Number of active piecewise-linear constraints: 50 / 300
		Constraints disabled by valid splits: 204. By SMT-originated splits: 46
	Last reported degradation: 0.0000000000. Max degradation so far: 0.0001393437. Restorations so far: 5
	Number of simplex pivots we attempted to skip because of instability: 431.
	Unstable pivots performed anyway: 36
	--- Tableau Statistics ---
	Total number of pivots performed: 1551151
		Real pivots: 1537463. Degenerate: 13688 (0.88%)
		Degenerate pivots by request (e.g., to fix a PL constraint): 0 (0.00%)
		Average time per pivot: 0.05 milli
	Total number of fake pivots performed: 68734
	Total number of rows added: 0. Number of merged columns: 0
	Current tableau dimensions: M = 604, N = 1518
	--- SMT Core Statistics ---
	Total depth is 50. Total visited states: 219607. Number of splits: 109839. Number of pops: 109767
	Max stack depth: 88
	--- Bound Tightening Statistics ---
	Number of tightened bounds: 25685325.
		Number of rows examined by row tightener: 1551152. Consequent tightenings: 613896
		Number of explicit basis matrices examined by row tightener: 36282. Consequent tightenings: 11566894
		Number of bound tightening rounds on the entire constraint matrix: 0. Consequent tightenings: 0
		Number of bound notifications sent to PL constraints: 51207650. Tightenings proposed: 0
	--- Basis Factorization statistics ---
	Number of basis refactorizations: 11733
	--- Projected Steepest Edge Statistics ---
	Number of iterations: 1620281.
	Number of resets to reference space: 109864. Avg. iterations per reset: 14
	--- SBT ---
	Number of tightened bounds: 25670873
	--- SoI-based local search ---
	Number of proposed phase pattern update: 140184. Number of accepted update: 212288 [151.44%]
	Total time (% of local search time) updating SoI phase pattern : 10547580 milli [1.36%]
	Total time obtaining current assignment: 31684842 milli [4.08%]
	Total time getting SoI phase pattern : 2402285 milli [0.07%]
	--- Context dependent statistics ---
	Number of pushes / pops: 219642 / 219592
		[0.14%] Pre-Push hook: 4990 milli
		[0.00%] Push : 0 milli
		[0.12%] Post-Pop hook: 4243 milli
		[0.15%] Pop : 5223 milli
		[0.40%] Total context-switching time: 14458 milli
	--- Proof Certificate ---
	Number of certified leaves: 0
	Number of leaves to delegate: 0
	Number of lemmas: 0
Timeout
end run time: 13:43:06
DQN: Done solving. Time : 3600025 milli. 

