[324] processing ex_0325_label_0 …
start run time: 09:59:53
Network: /cs/labs/guykatz/maya.swisa/elbit/20_8/Marabou/resources/nnet/acasxu/ACASXU_experimental_v2a_1_1.nnet
Number of layers: 8. Input layer size: 5. Output layer size: 5. Number of ReLUs: 300
Total number of variables: 610
Property: /cs/labs/guykatz/maya.swisa/elbit/PROPERTY_1_08091/ex_0325_label_0/eps01.txt

Engine::processInputQuery: Input query (before preprocessing): 309 equations, 610 variables
Engine::processInputQuery: Input query (after preprocessing): 604 equations, 914 variables


Engine::solve: Initial statistics

09:59:53 Statistics update:
	--- Time Statistics ---
	Total time elapsed: 53 milli (00:00:00)
		Main loop: 0 milli (00:00:00)
		Preprocessing time: 39 milli (00:00:00)
		Unknown: 14 milli (00:00:00)
	Breakdown for main loop:
		[0.00%] Simplex steps: 0 milli
		[0.00%] Explicit-basis bound tightening: 0 milli
		[0.00%] Constraint-matrix bound tightening: 0 milli
		[0.00%] Degradation checking: 0 milli
		[0.00%] Precision restoration: 0 milli
		[0.00%] Statistics handling: 0 milli
		[0.00%] Constraint-fixing steps: 0 milli
		[0.00%] Valid case splits: 1 milli. Average per split: 0.00 milli
		[0.00%] Applying stored bound-tightening: 0 milli
		[0.00%] SMT core: 0 milli
		[0.00%] Symbolic Bound Tightening: 5 milli
		[0.00%] SoI-based local search: 0 milli
		[0.00%] SoI-based local search: 0 milli
		[0.00%] Unaccounted for: 0 milli
	--- Preprocessor Statistics ---
	Number of preprocessor bound-tightening loop iterations: 8
	Number of eliminated variables: 0
	Number of constraints removed due to variable elimination: 0
	Number of equations removed due to variable elimination: 0
	--- Engine Statistics ---
	Number of main loop iterations: 1
		0 iterations were simplex steps. Total time: 0 milli. Average: 0.00 milli.
		0 iterations were constraint-fixing steps. Total time: 0 milli. Average: 0.00 milli
	Number of active piecewise-linear constraints: 194 / 300
		Constraints disabled by valid splits: 106. By SMT-originated splits: 0
	Last reported degradation: 0.0000000000. Max degradation so far: 0.0000000000. Restorations so far: 0
	Number of simplex pivots we attempted to skip because of instability: 0.
	Unstable pivots performed anyway: 0
	--- Tableau Statistics ---
	Total number of pivots performed: 0
		Real pivots: 0. Degenerate: 0 (0.00%)
		Degenerate pivots by request (e.g., to fix a PL constraint): 0 (0.00%)
		Average time per pivot: 0.00 milli
	Total number of fake pivots performed: 0
	Total number of rows added: 0. Number of merged columns: 0
	Current tableau dimensions: M = 604, N = 1518
	--- SMT Core Statistics ---
	Total depth is 0. Total visited states: 1. Number of splits: 0. Number of pops: 0
	Max stack depth: 0
	--- Bound Tightening Statistics ---
	Number of tightened bounds: 0.
		Number of rows examined by row tightener: 0. Consequent tightenings: 0
		Number of explicit basis matrices examined by row tightener: 0. Consequent tightenings: 0
		Number of bound tightening rounds on the entire constraint matrix: 0. Consequent tightenings: 0
		Number of bound notifications sent to PL constraints: 1800. Tightenings proposed: 0
	--- Basis Factorization statistics ---
	Number of basis refactorizations: 2
	--- Projected Steepest Edge Statistics ---
	Number of iterations: 0.
	Number of resets to reference space: 1. Avg. iterations per reset: 0
	--- SBT ---
	Number of tightened bounds: 733
	--- SoI-based local search ---
	Number of proposed phase pattern update: 0. Number of accepted update: 0 [0.00%]
	Total time (% of local search time) updating SoI phase pattern : 0 milli [0.00%]
	Total time obtaining current assignment: 0 milli [0.00%]
	Total time getting SoI phase pattern : 0 milli [0.00%]
	--- Context dependent statistics ---
	Number of pushes / pops: 0 / 0
		[0.00%] Pre-Push hook: 0 milli
		[0.00%] Push : 0 milli
		[0.00%] Post-Pop hook: 0 milli
		[0.00%] Pop : 0 milli
		[0.00%] Total context-switching time: 0 milli
	--- Proof Certificate ---
	Number of certified leaves: 0
	Number of leaves to delegate: 0
	Number of lemmas: 0

---
start solving without an agent
Performing precision restoration. Degradation before: 0.000000000046677. After: 0.000000000000125

Engine::solve: unsat query

10:32:58 Statistics update:
	--- Time Statistics ---
	Total time elapsed: 1984572 milli (00:33:04)
		Main loop: 1984118 milli (00:33:04)
		Preprocessing time: 39 milli (00:00:00)
		Unknown: 414 milli (00:00:00)
	Breakdown for main loop:
		[29.75%] Simplex steps: 590358 milli
		[15.42%] Explicit-basis bound tightening: 305858 milli
		[0.00%] Constraint-matrix bound tightening: 0 milli
		[0.13%] Degradation checking: 2600 milli
		[0.00%] Precision restoration: 8 milli
		[0.04%] Statistics handling: 714 milli
		[0.00%] Constraint-fixing steps: 0 milli
		[0.45%] Valid case splits: 8983 milli. Average per split: 0.00 milli
		[0.06%] Applying stored bound-tightening: 1105 milli
		[4.56%] SMT core: 90439 milli
		[36.05%] Symbolic Bound Tightening: 715330 milli
		[22.55%] SoI-based local search: 447482 milli
		[0.00%] SoI-based local search: 0 milli
		[13.54%] Unaccounted for: 268717 milli
	--- Preprocessor Statistics ---
	Number of preprocessor bound-tightening loop iterations: 8
	Number of eliminated variables: 0
	Number of constraints removed due to variable elimination: 0
	Number of equations removed due to variable elimination: 0
	--- Engine Statistics ---
	Number of main loop iterations: 1536262
		1382325 iterations were simplex steps. Total time: 590358 milli. Average: 0.43 milli.
		0 iterations were constraint-fixing steps. Total time: 0 milli. Average: 0.00 milli
	Number of active piecewise-linear constraints: 35 / 300
		Constraints disabled by valid splits: 260. By SMT-originated splits: 5
	Last reported degradation: 0.0000000000. Max degradation so far: 0.0000225667. Restorations so far: 1
	Number of simplex pivots we attempted to skip because of instability: 339.
	Unstable pivots performed anyway: 6
	--- Tableau Statistics ---
	Total number of pivots performed: 1006878
		Real pivots: 997963. Degenerate: 8915 (0.89%)
		Degenerate pivots by request (e.g., to fix a PL constraint): 0 (0.00%)
		Average time per pivot: 0.05 milli
	Total number of fake pivots performed: 52262
	Total number of rows added: 0. Number of merged columns: 0
	Current tableau dimensions: M = 604, N = 1518
	--- SMT Core Statistics ---
	Total depth is 9. Total visited states: 122599. Number of splits: 61309. Number of pops: 61289
	Max stack depth: 69
	--- Bound Tightening Statistics ---
	Number of tightened bounds: 18563934.
		Number of rows examined by row tightener: 1006878. Consequent tightenings: 367331
		Number of explicit basis matrices examined by row tightener: 21691. Consequent tightenings: 5669933
		Number of bound tightening rounds on the entire constraint matrix: 0. Consequent tightenings: 0
		Number of bound notifications sent to PL constraints: 33898003. Tightenings proposed: 0
	--- Basis Factorization statistics ---
	Number of basis refactorizations: 8106
	--- Projected Steepest Edge Statistics ---
	Number of iterations: 1059473.
	Number of resets to reference space: 61318. Avg. iterations per reset: 17
	--- SBT ---
	Number of tightened bounds: 18561631
	--- SoI-based local search ---
	Number of proposed phase pattern update: 78325. Number of accepted update: 118441 [151.22%]
	Total time (% of local search time) updating SoI phase pattern : 6172496 milli [1.38%]
	Total time obtaining current assignment: 21653425 milli [4.84%]
	Total time getting SoI phase pattern : 1344718 milli [0.07%]
	--- Context dependent statistics ---
	Number of pushes / pops: 122618 / 122618
		[0.19%] Pre-Push hook: 3851 milli
		[0.00%] Push : 0 milli
		[0.14%] Post-Pop hook: 2808 milli
		[0.22%] Pop : 4395 milli
		[0.56%] Total context-switching time: 11055 milli
	--- Proof Certificate ---
	Number of certified leaves: 0
	Number of leaves to delegate: 0
	Number of lemmas: 0
unsat
end run time: 10:32:58
DQN: Done solving. Time : 1984583 milli. 

start run time: 10:32:58
Network: /cs/labs/guykatz/maya.swisa/elbit/20_8/Marabou/resources/nnet/acasxu/ACASXU_experimental_v2a_1_1.nnet
Number of layers: 8. Input layer size: 5. Output layer size: 5. Number of ReLUs: 300
Total number of variables: 610
Property: /cs/labs/guykatz/maya.swisa/elbit/PROPERTY_1_08091/ex_0325_label_0/eps02.txt

Engine::processInputQuery: Input query (before preprocessing): 309 equations, 610 variables
Engine::processInputQuery: Input query (after preprocessing): 604 equations, 914 variables


Engine::solve: Initial statistics

10:32:58 Statistics update:
	--- Time Statistics ---
	Total time elapsed: 49 milli (00:00:00)
		Main loop: 0 milli (00:00:00)
		Preprocessing time: 31 milli (00:00:00)
		Unknown: 17 milli (00:00:00)
	Breakdown for main loop:
		[0.00%] Simplex steps: 0 milli
		[0.00%] Explicit-basis bound tightening: 0 milli
		[0.00%] Constraint-matrix bound tightening: 0 milli
		[0.00%] Degradation checking: 0 milli
		[0.00%] Precision restoration: 0 milli
		[0.00%] Statistics handling: 0 milli
		[0.00%] Constraint-fixing steps: 0 milli
		[0.00%] Valid case splits: 1 milli. Average per split: 0.00 milli
		[0.00%] Applying stored bound-tightening: 0 milli
		[0.00%] SMT core: 0 milli
		[0.00%] Symbolic Bound Tightening: 5 milli
		[0.00%] SoI-based local search: 0 milli
		[0.00%] SoI-based local search: 0 milli
		[0.00%] Unaccounted for: 0 milli
	--- Preprocessor Statistics ---
	Number of preprocessor bound-tightening loop iterations: 8
	Number of eliminated variables: 0
	Number of constraints removed due to variable elimination: 0
	Number of equations removed due to variable elimination: 0
	--- Engine Statistics ---
	Number of main loop iterations: 1
		0 iterations were simplex steps. Total time: 0 milli. Average: 0.00 milli.
		0 iterations were constraint-fixing steps. Total time: 0 milli. Average: 0.00 milli
	Number of active piecewise-linear constraints: 203 / 300
		Constraints disabled by valid splits: 97. By SMT-originated splits: 0
	Last reported degradation: 0.0000000000. Max degradation so far: 0.0000000000. Restorations so far: 0
	Number of simplex pivots we attempted to skip because of instability: 0.
	Unstable pivots performed anyway: 0
	--- Tableau Statistics ---
	Total number of pivots performed: 0
		Real pivots: 0. Degenerate: 0 (0.00%)
		Degenerate pivots by request (e.g., to fix a PL constraint): 0 (0.00%)
		Average time per pivot: 0.00 milli
	Total number of fake pivots performed: 0
	Total number of rows added: 0. Number of merged columns: 0
	Current tableau dimensions: M = 604, N = 1518
	--- SMT Core Statistics ---
	Total depth is 0. Total visited states: 1. Number of splits: 0. Number of pops: 0
	Max stack depth: 0
	--- Bound Tightening Statistics ---
	Number of tightened bounds: 0.
		Number of rows examined by row tightener: 0. Consequent tightenings: 0
		Number of explicit basis matrices examined by row tightener: 0. Consequent tightenings: 0
		Number of bound tightening rounds on the entire constraint matrix: 0. Consequent tightenings: 0
		Number of bound notifications sent to PL constraints: 1800. Tightenings proposed: 0
	--- Basis Factorization statistics ---
	Number of basis refactorizations: 2
	--- Projected Steepest Edge Statistics ---
	Number of iterations: 0.
	Number of resets to reference space: 1. Avg. iterations per reset: 0
	--- SBT ---
	Number of tightened bounds: 735
	--- SoI-based local search ---
	Number of proposed phase pattern update: 0. Number of accepted update: 0 [0.00%]
	Total time (% of local search time) updating SoI phase pattern : 0 milli [0.00%]
	Total time obtaining current assignment: 0 milli [0.00%]
	Total time getting SoI phase pattern : 0 milli [0.00%]
	--- Context dependent statistics ---
	Number of pushes / pops: 0 / 0
		[0.00%] Pre-Push hook: 0 milli
		[0.00%] Push : 0 milli
		[0.00%] Post-Pop hook: 0 milli
		[0.00%] Pop : 0 milli
		[0.00%] Total context-switching time: 0 milli
	--- Proof Certificate ---
	Number of certified leaves: 0
	Number of leaves to delegate: 0
	Number of lemmas: 0

---
start solving without an agent
Performing precision restoration. Degradation before: 0.000000107137370. After: 0.000000000000104
Performing precision restoration. Degradation before: 0.000000676935097. After: 0.000000000000095
Performing precision restoration. Degradation before: 0.001474486166280. After: 0.000000000000111
Performing precision restoration. Degradation before: 0.007442343971089. After: 0.000000000000105


Engine: quitting due to timeout...

Final statistics:

11:32:58 Statistics update:
	--- Time Statistics ---
	Total time elapsed: 3600029 milli (01:00:00)
		Main loop: 3599356 milli (00:59:59)
		Preprocessing time: 31 milli (00:00:00)
		Unknown: 641 milli (00:00:00)
	Breakdown for main loop:
		[28.74%] Simplex steps: 1034488 milli
		[17.16%] Explicit-basis bound tightening: 617633 milli
		[0.00%] Constraint-matrix bound tightening: 0 milli
		[0.12%] Degradation checking: 4143 milli
		[0.00%] Precision restoration: 29 milli
		[0.07%] Statistics handling: 2618 milli
		[0.00%] Constraint-fixing steps: 0 milli
		[0.41%] Valid case splits: 14719 milli. Average per split: 0.00 milli
		[0.05%] Applying stored bound-tightening: 1929 milli
		[4.04%] SMT core: 145253 milli
		[31.82%] Symbolic Bound Tightening: 1145228 milli
		[21.39%] SoI-based local search: 769908 milli
		[0.00%] SoI-based local search: 0 milli
		[17.60%] Unaccounted for: 633313 milli
	--- Preprocessor Statistics ---
	Number of preprocessor bound-tightening loop iterations: 8
	Number of eliminated variables: 0
	Number of constraints removed due to variable elimination: 0
	Number of equations removed due to variable elimination: 0
	--- Engine Statistics ---
	Number of main loop iterations: 2397343
		2155262 iterations were simplex steps. Total time: 1034488 milli. Average: 0.48 milli.
		0 iterations were constraint-fixing steps. Total time: 0 milli. Average: 0.00 milli
	Number of active piecewise-linear constraints: 11 / 300
		Constraints disabled by valid splits: 238. By SMT-originated splits: 51
	Last reported degradation: 0.0000000000. Max degradation so far: 0.0073737931. Restorations so far: 4
	Number of simplex pivots we attempted to skip because of instability: 469.
	Unstable pivots performed anyway: 23
	--- Tableau Statistics ---
	Total number of pivots performed: 1546774
		Real pivots: 1535554. Degenerate: 11220 (0.73%)
		Degenerate pivots by request (e.g., to fix a PL constraint): 0 (0.00%)
		Average time per pivot: 0.05 milli
	Total number of fake pivots performed: 86378
	Total number of rows added: 0. Number of merged columns: 0
	Current tableau dimensions: M = 604, N = 1518
	--- SMT Core Statistics ---
	Total depth is 54. Total visited states: 198232. Number of splits: 99151. Number of pops: 99080
	Max stack depth: 88
	--- Bound Tightening Statistics ---
	Number of tightened bounds: 27935306.
		Number of rows examined by row tightener: 1546774. Consequent tightenings: 551242
		Number of explicit basis matrices examined by row tightener: 35102. Consequent tightenings: 9090105
		Number of bound tightening rounds on the entire constraint matrix: 0. Consequent tightenings: 0
		Number of bound notifications sent to PL constraints: 52088058. Tightenings proposed: 0
	--- Basis Factorization statistics ---
	Number of basis refactorizations: 12059
	--- Projected Steepest Edge Statistics ---
	Number of iterations: 1633598.
	Number of resets to reference space: 99144. Avg. iterations per reset: 16
	--- SBT ---
	Number of tightened bounds: 27923897
	--- SoI-based local search ---
	Number of proposed phase pattern update: 125976. Number of accepted update: 191638 [152.12%]
	Total time (% of local search time) updating SoI phase pattern : 10012708 milli [1.30%]
	Total time obtaining current assignment: 35941307 milli [4.67%]
	Total time getting SoI phase pattern : 2633567 milli [0.07%]
	--- Context dependent statistics ---
	Number of pushes / pops: 198259 / 198205
		[0.16%] Pre-Push hook: 5630 milli
		[0.00%] Push : 0 milli
		[0.12%] Post-Pop hook: 4384 milli
		[0.15%] Pop : 5265 milli
		[0.42%] Total context-switching time: 15281 milli
	--- Proof Certificate ---
	Number of certified leaves: 0
	Number of leaves to delegate: 0
	Number of lemmas: 0
Timeout
end run time: 11:32:58
DQN: Done solving. Time : 3600092 milli. 

start run time: 11:32:58
Network: /cs/labs/guykatz/maya.swisa/elbit/20_8/Marabou/resources/nnet/acasxu/ACASXU_experimental_v2a_1_1.nnet
Number of layers: 8. Input layer size: 5. Output layer size: 5. Number of ReLUs: 300
Total number of variables: 610
Property: /cs/labs/guykatz/maya.swisa/elbit/PROPERTY_1_08091/ex_0325_label_0/eps03.txt

Engine::processInputQuery: Input query (before preprocessing): 309 equations, 610 variables
Engine::processInputQuery: Input query (after preprocessing): 604 equations, 914 variables


Engine::solve: Initial statistics

11:32:58 Statistics update:
	--- Time Statistics ---
	Total time elapsed: 159 milli (00:00:00)
		Main loop: 0 milli (00:00:00)
		Preprocessing time: 32 milli (00:00:00)
		Unknown: 127 milli (00:00:00)
	Breakdown for main loop:
		[0.00%] Simplex steps: 0 milli
		[0.00%] Explicit-basis bound tightening: 0 milli
		[0.00%] Constraint-matrix bound tightening: 0 milli
		[0.00%] Degradation checking: 0 milli
		[0.00%] Precision restoration: 0 milli
		[0.00%] Statistics handling: 0 milli
		[0.00%] Constraint-fixing steps: 0 milli
		[0.00%] Valid case splits: 1 milli. Average per split: 0.00 milli
		[0.00%] Applying stored bound-tightening: 0 milli
		[0.00%] SMT core: 0 milli
		[0.00%] Symbolic Bound Tightening: 5 milli
		[0.00%] SoI-based local search: 0 milli
		[0.00%] SoI-based local search: 0 milli
		[0.00%] Unaccounted for: 0 milli
	--- Preprocessor Statistics ---
	Number of preprocessor bound-tightening loop iterations: 8
	Number of eliminated variables: 0
	Number of constraints removed due to variable elimination: 0
	Number of equations removed due to variable elimination: 0
	--- Engine Statistics ---
	Number of main loop iterations: 1
		0 iterations were simplex steps. Total time: 0 milli. Average: 0.00 milli.
		0 iterations were constraint-fixing steps. Total time: 0 milli. Average: 0.00 milli
	Number of active piecewise-linear constraints: 205 / 300
		Constraints disabled by valid splits: 95. By SMT-originated splits: 0
	Last reported degradation: 0.0000000000. Max degradation so far: 0.0000000000. Restorations so far: 0
	Number of simplex pivots we attempted to skip because of instability: 0.
	Unstable pivots performed anyway: 0
	--- Tableau Statistics ---
	Total number of pivots performed: 0
		Real pivots: 0. Degenerate: 0 (0.00%)
		Degenerate pivots by request (e.g., to fix a PL constraint): 0 (0.00%)
		Average time per pivot: 0.00 milli
	Total number of fake pivots performed: 0
	Total number of rows added: 0. Number of merged columns: 0
	Current tableau dimensions: M = 604, N = 1518
	--- SMT Core Statistics ---
	Total depth is 0. Total visited states: 1. Number of splits: 0. Number of pops: 0
	Max stack depth: 0
	--- Bound Tightening Statistics ---
	Number of tightened bounds: 0.
		Number of rows examined by row tightener: 0. Consequent tightenings: 0
		Number of explicit basis matrices examined by row tightener: 0. Consequent tightenings: 0
		Number of bound tightening rounds on the entire constraint matrix: 0. Consequent tightenings: 0
		Number of bound notifications sent to PL constraints: 1800. Tightenings proposed: 0
	--- Basis Factorization statistics ---
	Number of basis refactorizations: 2
	--- Projected Steepest Edge Statistics ---
	Number of iterations: 0.
	Number of resets to reference space: 1. Avg. iterations per reset: 0
	--- SBT ---
	Number of tightened bounds: 735
	--- SoI-based local search ---
	Number of proposed phase pattern update: 0. Number of accepted update: 0 [0.00%]
	Total time (% of local search time) updating SoI phase pattern : 0 milli [0.00%]
	Total time obtaining current assignment: 0 milli [0.00%]
	Total time getting SoI phase pattern : 0 milli [0.00%]
	--- Context dependent statistics ---
	Number of pushes / pops: 0 / 0
		[0.00%] Pre-Push hook: 0 milli
		[0.00%] Push : 0 milli
		[0.00%] Post-Pop hook: 0 milli
		[0.00%] Pop : 0 milli
		[0.00%] Total context-switching time: 0 milli
	--- Proof Certificate ---
	Number of certified leaves: 0
	Number of leaves to delegate: 0
	Number of lemmas: 0

---
start solving without an agent
Performing precision restoration. Degradation before: 0.000000112560900. After: 0.000000000000193
Performing precision restoration. Degradation before: 0.000019220983700. After: 0.000000000000100
Performing precision restoration. Degradation before: 0.000000277043416. After: 0.000000000000170
Performing precision restoration. Degradation before: 0.000008612298359. After: 0.000000000000108
Performing precision restoration. Degradation before: 0.000000346009813. After: 0.000000000000131
Performing precision restoration. Degradation before: 0.000884209390461. After: 0.000000000000129
Performing precision restoration. Degradation before: 0.000000509605942. After: 0.000000000000144
Performing precision restoration. Degradation before: 0.000000257684416. After: 0.000000000000097
Performing precision restoration. Degradation before: 0.000127328035322. After: 0.000000000000171


Engine: quitting due to timeout...

Final statistics:

12:32:58 Statistics update:
	--- Time Statistics ---
	Total time elapsed: 3600053 milli (01:00:00)
		Main loop: 3599235 milli (00:59:59)
		Preprocessing time: 32 milli (00:00:00)
		Unknown: 786 milli (00:00:00)
	Breakdown for main loop:
		[28.94%] Simplex steps: 1041708 milli
		[15.51%] Explicit-basis bound tightening: 558249 milli
		[0.00%] Constraint-matrix bound tightening: 0 milli
		[0.12%] Degradation checking: 4372 milli
		[0.00%] Precision restoration: 69 milli
		[0.07%] Statistics handling: 2632 milli
		[0.00%] Constraint-fixing steps: 0 milli
		[0.42%] Valid case splits: 14968 milli. Average per split: 0.00 milli
		[0.05%] Applying stored bound-tightening: 1861 milli
		[3.89%] SMT core: 140035 milli
		[33.23%] Symbolic Bound Tightening: 1196127 milli
		[21.59%] SoI-based local search: 776984 milli
		[0.00%] SoI-based local search: 0 milli
		[17.76%] Unaccounted for: 639209 milli
	--- Preprocessor Statistics ---
	Number of preprocessor bound-tightening loop iterations: 8
	Number of eliminated variables: 0
	Number of constraints removed due to variable elimination: 0
	Number of equations removed due to variable elimination: 0
	--- Engine Statistics ---
	Number of main loop iterations: 2518238
		2269021 iterations were simplex steps. Total time: 1041708 milli. Average: 0.46 milli.
		0 iterations were constraint-fixing steps. Total time: 0 milli. Average: 0.00 milli
	Number of active piecewise-linear constraints: 19 / 300
		Constraints disabled by valid splits: 231. By SMT-originated splits: 50
	Last reported degradation: 0.0000000000. Max degradation so far: 0.0008833227. Restorations so far: 9
	Number of simplex pivots we attempted to skip because of instability: 620.
	Unstable pivots performed anyway: 25
	--- Tableau Statistics ---
	Total number of pivots performed: 1649789
		Real pivots: 1638924. Degenerate: 10865 (0.66%)
		Degenerate pivots by request (e.g., to fix a PL constraint): 0 (0.00%)
		Average time per pivot: 0.05 milli
	Total number of fake pivots performed: 75127
	Total number of rows added: 0. Number of merged columns: 0
	Current tableau dimensions: M = 604, N = 1518
	--- SMT Core Statistics ---
	Total depth is 53. Total visited states: 205558. Number of splits: 102807. Number of pops: 102750
	Max stack depth: 77
	--- Bound Tightening Statistics ---
	Number of tightened bounds: 28219952.
		Number of rows examined by row tightener: 1649790. Consequent tightenings: 560624
		Number of explicit basis matrices examined by row tightener: 36287. Consequent tightenings: 9178768
		Number of bound tightening rounds on the entire constraint matrix: 0. Consequent tightenings: 0
		Number of bound notifications sent to PL constraints: 52949458. Tightenings proposed: 0
	--- Basis Factorization statistics ---
	Number of basis refactorizations: 12388
	--- Projected Steepest Edge Statistics ---
	Number of iterations: 1725512.
	Number of resets to reference space: 102870. Avg. iterations per reset: 16
	--- SBT ---
	Number of tightened bounds: 28193363
	--- SoI-based local search ---
	Number of proposed phase pattern update: 130087. Number of accepted update: 199044 [153.01%]
	Total time (% of local search time) updating SoI phase pattern : 10117512 milli [1.30%]
	Total time obtaining current assignment: 32839410 milli [4.23%]
	Total time getting SoI phase pattern : 2788082 milli [0.08%]
	--- Context dependent statistics ---
	Number of pushes / pops: 205578 / 205525
		[0.16%] Pre-Push hook: 5902 milli
		[0.00%] Push : 0 milli
		[0.12%] Post-Pop hook: 4331 milli
		[0.17%] Pop : 6088 milli
		[0.45%] Total context-switching time: 16323 milli
	--- Proof Certificate ---
	Number of certified leaves: 0
	Number of leaves to delegate: 0
	Number of lemmas: 0
Timeout
end run time: 12:32:58
DQN: Done solving. Time : 3600080 milli. 

