[263] processing ex_0264_label_0 …
start run time: 09:59:33
Network: /cs/labs/guykatz/maya.swisa/elbit/20_8/Marabou/resources/nnet/acasxu/ACASXU_experimental_v2a_1_1.nnet
Number of layers: 8. Input layer size: 5. Output layer size: 5. Number of ReLUs: 300
Total number of variables: 610
Property: /cs/labs/guykatz/maya.swisa/elbit/PROPERTY_1_08091/ex_0264_label_0/eps01.txt

Engine::processInputQuery: Input query (before preprocessing): 309 equations, 610 variables
Engine::processInputQuery: Input query (after preprocessing): 604 equations, 914 variables


Engine::solve: Initial statistics

09:59:33 Statistics update:
	--- Time Statistics ---
	Total time elapsed: 54 milli (00:00:00)
		Main loop: 0 milli (00:00:00)
		Preprocessing time: 39 milli (00:00:00)
		Unknown: 15 milli (00:00:00)
	Breakdown for main loop:
		[0.00%] Simplex steps: 0 milli
		[0.00%] Explicit-basis bound tightening: 0 milli
		[0.00%] Constraint-matrix bound tightening: 0 milli
		[0.00%] Degradation checking: 0 milli
		[0.00%] Precision restoration: 0 milli
		[0.00%] Statistics handling: 0 milli
		[0.00%] Constraint-fixing steps: 0 milli
		[0.00%] Valid case splits: 2 milli. Average per split: 0.00 milli
		[0.00%] Applying stored bound-tightening: 0 milli
		[0.00%] SMT core: 0 milli
		[0.00%] Symbolic Bound Tightening: 5 milli
		[0.00%] SoI-based local search: 0 milli
		[0.00%] SoI-based local search: 0 milli
		[0.00%] Unaccounted for: 0 milli
	--- Preprocessor Statistics ---
	Number of preprocessor bound-tightening loop iterations: 8
	Number of eliminated variables: 0
	Number of constraints removed due to variable elimination: 0
	Number of equations removed due to variable elimination: 0
	--- Engine Statistics ---
	Number of main loop iterations: 1
		0 iterations were simplex steps. Total time: 0 milli. Average: 0.00 milli.
		0 iterations were constraint-fixing steps. Total time: 0 milli. Average: 0.00 milli
	Number of active piecewise-linear constraints: 185 / 300
		Constraints disabled by valid splits: 115. By SMT-originated splits: 0
	Last reported degradation: 0.0000000000. Max degradation so far: 0.0000000000. Restorations so far: 0
	Number of simplex pivots we attempted to skip because of instability: 0.
	Unstable pivots performed anyway: 0
	--- Tableau Statistics ---
	Total number of pivots performed: 0
		Real pivots: 0. Degenerate: 0 (0.00%)
		Degenerate pivots by request (e.g., to fix a PL constraint): 0 (0.00%)
		Average time per pivot: 0.00 milli
	Total number of fake pivots performed: 0
	Total number of rows added: 0. Number of merged columns: 0
	Current tableau dimensions: M = 604, N = 1518
	--- SMT Core Statistics ---
	Total depth is 0. Total visited states: 1. Number of splits: 0. Number of pops: 0
	Max stack depth: 0
	--- Bound Tightening Statistics ---
	Number of tightened bounds: 0.
		Number of rows examined by row tightener: 0. Consequent tightenings: 0
		Number of explicit basis matrices examined by row tightener: 0. Consequent tightenings: 0
		Number of bound tightening rounds on the entire constraint matrix: 0. Consequent tightenings: 0
		Number of bound notifications sent to PL constraints: 1800. Tightenings proposed: 0
	--- Basis Factorization statistics ---
	Number of basis refactorizations: 2
	--- Projected Steepest Edge Statistics ---
	Number of iterations: 0.
	Number of resets to reference space: 1. Avg. iterations per reset: 0
	--- SBT ---
	Number of tightened bounds: 734
	--- SoI-based local search ---
	Number of proposed phase pattern update: 0. Number of accepted update: 0 [0.00%]
	Total time (% of local search time) updating SoI phase pattern : 0 milli [0.00%]
	Total time obtaining current assignment: 0 milli [0.00%]
	Total time getting SoI phase pattern : 0 milli [0.00%]
	--- Context dependent statistics ---
	Number of pushes / pops: 0 / 0
		[0.00%] Pre-Push hook: 0 milli
		[0.00%] Push : 0 milli
		[0.00%] Post-Pop hook: 0 milli
		[0.00%] Pop : 0 milli
		[0.00%] Total context-switching time: 0 milli
	--- Proof Certificate ---
	Number of certified leaves: 0
	Number of leaves to delegate: 0
	Number of lemmas: 0

---
start solving without an agent
Performing precision restoration. Degradation before: 0.000322013481097. After: 0.000000000000166
Performing precision restoration. Degradation before: 0.000824238682305. After: 0.000000000000085
Performing precision restoration. Degradation before: 0.027635947395232. After: 0.000000000000139
Performing precision restoration. Degradation before: 0.000366712126849. After: 0.000000000000104
Performing precision restoration. Degradation before: 0.000000665267623. After: 0.000000000000520
Performing precision restoration. Degradation before: 0.004721670616140. After: 0.000000000000277
Performing precision restoration. Degradation before: 0.007844957996888. After: 0.000000000000087
Performing precision restoration. Degradation before: 0.005492248731184. After: 0.000000000000137
Performing precision restoration. Degradation before: 0.000000000161591. After: 0.000000000000135

Engine::solve: unsat query

10:55:40 Statistics update:
	--- Time Statistics ---
	Total time elapsed: 3367100 milli (00:56:07)
		Main loop: 3366466 milli (00:56:06)
		Preprocessing time: 39 milli (00:00:00)
		Unknown: 595 milli (00:00:00)
	Breakdown for main loop:
		[28.70%] Simplex steps: 966045 milli
		[19.96%] Explicit-basis bound tightening: 672019 milli
		[0.00%] Constraint-matrix bound tightening: 0 milli
		[0.11%] Degradation checking: 3673 milli
		[0.00%] Precision restoration: 78 milli
		[0.02%] Statistics handling: 787 milli
		[0.00%] Constraint-fixing steps: 0 milli
		[0.36%] Valid case splits: 11962 milli. Average per split: 0.00 milli
		[0.05%] Applying stored bound-tightening: 1575 milli
		[3.80%] SMT core: 128059 milli
		[29.76%] Symbolic Bound Tightening: 1001764 milli
		[20.41%] SoI-based local search: 687133 milli
		[0.00%] SoI-based local search: 0 milli
		[17.24%] Unaccounted for: 580499 milli
	--- Preprocessor Statistics ---
	Number of preprocessor bound-tightening loop iterations: 8
	Number of eliminated variables: 0
	Number of constraints removed due to variable elimination: 0
	Number of equations removed due to variable elimination: 0
	--- Engine Statistics ---
	Number of main loop iterations: 2166054
		1949229 iterations were simplex steps. Total time: 966045 milli. Average: 0.50 milli.
		0 iterations were constraint-fixing steps. Total time: 0 milli. Average: 0.00 milli
	Number of active piecewise-linear constraints: 47 / 300
		Constraints disabled by valid splits: 250. By SMT-originated splits: 3
	Last reported degradation: 0.0000000000. Max degradation so far: 0.0274755180. Restorations so far: 9
	Number of simplex pivots we attempted to skip because of instability: 803.
	Unstable pivots performed anyway: 34
	--- Tableau Statistics ---
	Total number of pivots performed: 1410249
		Real pivots: 1399049. Degenerate: 11200 (0.79%)
		Degenerate pivots by request (e.g., to fix a PL constraint): 0 (0.00%)
		Average time per pivot: 0.05 milli
	Total number of fake pivots performed: 80473
	Total number of rows added: 0. Number of merged columns: 0
	Current tableau dimensions: M = 604, N = 1518
	--- SMT Core Statistics ---
	Total depth is 7. Total visited states: 174491. Number of splits: 87260. Number of pops: 87230
	Max stack depth: 82
	--- Bound Tightening Statistics ---
	Number of tightened bounds: 24282126.
		Number of rows examined by row tightener: 1410249. Consequent tightenings: 499346
		Number of explicit basis matrices examined by row tightener: 31940. Consequent tightenings: 9442371
		Number of bound tightening rounds on the entire constraint matrix: 0. Consequent tightenings: 0
		Number of bound notifications sent to PL constraints: 46246122. Tightenings proposed: 0
	--- Basis Factorization statistics ---
	Number of basis refactorizations: 10525
	--- Projected Steepest Edge Statistics ---
	Number of iterations: 1491491.
	Number of resets to reference space: 87361. Avg. iterations per reset: 17
	--- SBT ---
	Number of tightened bounds: 24255536
	--- SoI-based local search ---
	Number of proposed phase pattern update: 111086. Number of accepted update: 169252 [152.36%]
	Total time (% of local search time) updating SoI phase pattern : 8810940 milli [1.28%]
	Total time obtaining current assignment: 30953687 milli [4.50%]
	Total time getting SoI phase pattern : 1779916 milli [0.05%]
	--- Context dependent statistics ---
	Number of pushes / pops: 174520 / 174520
		[0.13%] Pre-Push hook: 4498 milli
		[0.00%] Push : 0 milli
		[0.12%] Post-Pop hook: 3952 milli
		[0.14%] Pop : 4736 milli
		[0.39%] Total context-switching time: 13187 milli
	--- Proof Certificate ---
	Number of certified leaves: 0
	Number of leaves to delegate: 0
	Number of lemmas: 0
unsat
end run time: 10:55:40
DQN: Done solving. Time : 3367116 milli. 

start run time: 10:55:40
Network: /cs/labs/guykatz/maya.swisa/elbit/20_8/Marabou/resources/nnet/acasxu/ACASXU_experimental_v2a_1_1.nnet
Number of layers: 8. Input layer size: 5. Output layer size: 5. Number of ReLUs: 300
Total number of variables: 610
Property: /cs/labs/guykatz/maya.swisa/elbit/PROPERTY_1_08091/ex_0264_label_0/eps02.txt

Engine::processInputQuery: Input query (before preprocessing): 309 equations, 610 variables
Engine::processInputQuery: Input query (after preprocessing): 604 equations, 914 variables


Engine::solve: Initial statistics

10:55:40 Statistics update:
	--- Time Statistics ---
	Total time elapsed: 52 milli (00:00:00)
		Main loop: 0 milli (00:00:00)
		Preprocessing time: 29 milli (00:00:00)
		Unknown: 23 milli (00:00:00)
	Breakdown for main loop:
		[0.00%] Simplex steps: 0 milli
		[0.00%] Explicit-basis bound tightening: 0 milli
		[0.00%] Constraint-matrix bound tightening: 0 milli
		[0.00%] Degradation checking: 0 milli
		[0.00%] Precision restoration: 0 milli
		[0.00%] Statistics handling: 0 milli
		[0.00%] Constraint-fixing steps: 0 milli
		[0.00%] Valid case splits: 1 milli. Average per split: 0.00 milli
		[0.00%] Applying stored bound-tightening: 0 milli
		[0.00%] SMT core: 0 milli
		[0.00%] Symbolic Bound Tightening: 5 milli
		[0.00%] SoI-based local search: 0 milli
		[0.00%] SoI-based local search: 0 milli
		[0.00%] Unaccounted for: 0 milli
	--- Preprocessor Statistics ---
	Number of preprocessor bound-tightening loop iterations: 8
	Number of eliminated variables: 0
	Number of constraints removed due to variable elimination: 0
	Number of equations removed due to variable elimination: 0
	--- Engine Statistics ---
	Number of main loop iterations: 1
		0 iterations were simplex steps. Total time: 0 milli. Average: 0.00 milli.
		0 iterations were constraint-fixing steps. Total time: 0 milli. Average: 0.00 milli
	Number of active piecewise-linear constraints: 197 / 300
		Constraints disabled by valid splits: 103. By SMT-originated splits: 0
	Last reported degradation: 0.0000000000. Max degradation so far: 0.0000000000. Restorations so far: 0
	Number of simplex pivots we attempted to skip because of instability: 0.
	Unstable pivots performed anyway: 0
	--- Tableau Statistics ---
	Total number of pivots performed: 0
		Real pivots: 0. Degenerate: 0 (0.00%)
		Degenerate pivots by request (e.g., to fix a PL constraint): 0 (0.00%)
		Average time per pivot: 0.00 milli
	Total number of fake pivots performed: 0
	Total number of rows added: 0. Number of merged columns: 0
	Current tableau dimensions: M = 604, N = 1518
	--- SMT Core Statistics ---
	Total depth is 0. Total visited states: 1. Number of splits: 0. Number of pops: 0
	Max stack depth: 0
	--- Bound Tightening Statistics ---
	Number of tightened bounds: 0.
		Number of rows examined by row tightener: 0. Consequent tightenings: 0
		Number of explicit basis matrices examined by row tightener: 0. Consequent tightenings: 0
		Number of bound tightening rounds on the entire constraint matrix: 0. Consequent tightenings: 0
		Number of bound notifications sent to PL constraints: 1800. Tightenings proposed: 0
	--- Basis Factorization statistics ---
	Number of basis refactorizations: 2
	--- Projected Steepest Edge Statistics ---
	Number of iterations: 0.
	Number of resets to reference space: 1. Avg. iterations per reset: 0
	--- SBT ---
	Number of tightened bounds: 730
	--- SoI-based local search ---
	Number of proposed phase pattern update: 0. Number of accepted update: 0 [0.00%]
	Total time (% of local search time) updating SoI phase pattern : 0 milli [0.00%]
	Total time obtaining current assignment: 0 milli [0.00%]
	Total time getting SoI phase pattern : 0 milli [0.00%]
	--- Context dependent statistics ---
	Number of pushes / pops: 0 / 0
		[0.00%] Pre-Push hook: 0 milli
		[0.00%] Push : 0 milli
		[0.00%] Post-Pop hook: 0 milli
		[0.00%] Pop : 0 milli
		[0.00%] Total context-switching time: 0 milli
	--- Proof Certificate ---
	Number of certified leaves: 0
	Number of leaves to delegate: 0
	Number of lemmas: 0

---
start solving without an agent
Performing precision restoration. Degradation before: 0.000021527217978. After: 0.000000000000078
High degradation found!
Performing precision restoration. Degradation before: 0.100263374857584. After: 0.000000000000119


Engine: quitting due to timeout...

Final statistics:

11:55:40 Statistics update:
	--- Time Statistics ---
	Total time elapsed: 3600000 milli (01:00:00)
		Main loop: 3599324 milli (00:59:59)
		Preprocessing time: 29 milli (00:00:00)
		Unknown: 646 milli (00:00:00)
	Breakdown for main loop:
		[27.88%] Simplex steps: 1003439 milli
		[17.82%] Explicit-basis bound tightening: 641362 milli
		[0.00%] Constraint-matrix bound tightening: 0 milli
		[0.13%] Degradation checking: 4549 milli
		[0.00%] Precision restoration: 14 milli
		[0.11%] Statistics handling: 3861 milli
		[0.00%] Constraint-fixing steps: 0 milli
		[0.43%] Valid case splits: 15556 milli. Average per split: 0.00 milli
		[0.06%] Applying stored bound-tightening: 2079 milli
		[4.40%] SMT core: 158344 milli
		[32.47%] Symbolic Bound Tightening: 1168598 milli
		[21.06%] SoI-based local search: 758183 milli
		[0.00%] SoI-based local search: 0 milli
		[16.71%] Unaccounted for: 601516 milli
	--- Preprocessor Statistics ---
	Number of preprocessor bound-tightening loop iterations: 8
	Number of eliminated variables: 0
	Number of constraints removed due to variable elimination: 0
	Number of equations removed due to variable elimination: 0
	--- Engine Statistics ---
	Number of main loop iterations: 2439003
		2182468 iterations were simplex steps. Total time: 1003439 milli. Average: 0.46 milli.
		0 iterations were constraint-fixing steps. Total time: 0 milli. Average: 0.00 milli
	Number of active piecewise-linear constraints: 59 / 300
		Constraints disabled by valid splits: 217. By SMT-originated splits: 24
	Last reported degradation: 0.0000000000. Max degradation so far: 0.1002633749. Restorations so far: 2
	Number of simplex pivots we attempted to skip because of instability: 553.
	Unstable pivots performed anyway: 35
	--- Tableau Statistics ---
	Total number of pivots performed: 1559034
		Real pivots: 1546901. Degenerate: 12133 (0.78%)
		Degenerate pivots by request (e.g., to fix a PL constraint): 0 (0.00%)
		Average time per pivot: 0.06 milli
	Total number of fake pivots performed: 80383
	Total number of rows added: 0. Number of merged columns: 0
	Current tableau dimensions: M = 604, N = 1518
	--- SMT Core Statistics ---
	Total depth is 28. Total visited states: 207477. Number of splits: 103760. Number of pops: 103716
	Max stack depth: 93
	--- Bound Tightening Statistics ---
	Number of tightened bounds: 25488452.
		Number of rows examined by row tightener: 1559034. Consequent tightenings: 553567
		Number of explicit basis matrices examined by row tightener: 40255. Consequent tightenings: 12362392
		Number of bound tightening rounds on the entire constraint matrix: 0. Consequent tightenings: 0
		Number of bound notifications sent to PL constraints: 51364518. Tightenings proposed: 0
	--- Basis Factorization statistics ---
	Number of basis refactorizations: 12282
	--- Projected Steepest Edge Statistics ---
	Number of iterations: 1639935.
	Number of resets to reference space: 103762. Avg. iterations per reset: 15
	--- SBT ---
	Number of tightened bounds: 25483110
	--- SoI-based local search ---
	Number of proposed phase pattern update: 133402. Number of accepted update: 200014 [149.93%]
	Total time (% of local search time) updating SoI phase pattern : 11313868 milli [1.49%]
	Total time obtaining current assignment: 41115785 milli [5.42%]
	Total time getting SoI phase pattern : 2575060 milli [0.07%]
	--- Context dependent statistics ---
	Number of pushes / pops: 207501 / 207473
		[0.17%] Pre-Push hook: 6109 milli
		[0.00%] Push : 0 milli
		[0.14%] Post-Pop hook: 4980 milli
		[0.18%] Pop : 6583 milli
		[0.49%] Total context-switching time: 17673 milli
	--- Proof Certificate ---
	Number of certified leaves: 0
	Number of leaves to delegate: 0
	Number of lemmas: 0
Timeout
end run time: 11:55:40
DQN: Done solving. Time : 3600035 milli. 

start run time: 11:55:40
Network: /cs/labs/guykatz/maya.swisa/elbit/20_8/Marabou/resources/nnet/acasxu/ACASXU_experimental_v2a_1_1.nnet
Number of layers: 8. Input layer size: 5. Output layer size: 5. Number of ReLUs: 300
Total number of variables: 610
Property: /cs/labs/guykatz/maya.swisa/elbit/PROPERTY_1_08091/ex_0264_label_0/eps03.txt

Engine::processInputQuery: Input query (before preprocessing): 309 equations, 610 variables
Engine::processInputQuery: Input query (after preprocessing): 604 equations, 914 variables


Engine::solve: Initial statistics

11:55:40 Statistics update:
	--- Time Statistics ---
	Total time elapsed: 111 milli (00:00:00)
		Main loop: 0 milli (00:00:00)
		Preprocessing time: 31 milli (00:00:00)
		Unknown: 80 milli (00:00:00)
	Breakdown for main loop:
		[0.00%] Simplex steps: 0 milli
		[0.00%] Explicit-basis bound tightening: 0 milli
		[0.00%] Constraint-matrix bound tightening: 0 milli
		[0.00%] Degradation checking: 0 milli
		[0.00%] Precision restoration: 0 milli
		[0.00%] Statistics handling: 0 milli
		[0.00%] Constraint-fixing steps: 0 milli
		[0.00%] Valid case splits: 1 milli. Average per split: 0.00 milli
		[0.00%] Applying stored bound-tightening: 0 milli
		[0.00%] SMT core: 0 milli
		[0.00%] Symbolic Bound Tightening: 5 milli
		[0.00%] SoI-based local search: 0 milli
		[0.00%] SoI-based local search: 0 milli
		[0.00%] Unaccounted for: 0 milli
	--- Preprocessor Statistics ---
	Number of preprocessor bound-tightening loop iterations: 8
	Number of eliminated variables: 0
	Number of constraints removed due to variable elimination: 0
	Number of equations removed due to variable elimination: 0
	--- Engine Statistics ---
	Number of main loop iterations: 1
		0 iterations were simplex steps. Total time: 0 milli. Average: 0.00 milli.
		0 iterations were constraint-fixing steps. Total time: 0 milli. Average: 0.00 milli
	Number of active piecewise-linear constraints: 205 / 300
		Constraints disabled by valid splits: 95. By SMT-originated splits: 0
	Last reported degradation: 0.0000000000. Max degradation so far: 0.0000000000. Restorations so far: 0
	Number of simplex pivots we attempted to skip because of instability: 0.
	Unstable pivots performed anyway: 0
	--- Tableau Statistics ---
	Total number of pivots performed: 0
		Real pivots: 0. Degenerate: 0 (0.00%)
		Degenerate pivots by request (e.g., to fix a PL constraint): 0 (0.00%)
		Average time per pivot: 0.00 milli
	Total number of fake pivots performed: 0
	Total number of rows added: 0. Number of merged columns: 0
	Current tableau dimensions: M = 604, N = 1518
	--- SMT Core Statistics ---
	Total depth is 0. Total visited states: 1. Number of splits: 0. Number of pops: 0
	Max stack depth: 0
	--- Bound Tightening Statistics ---
	Number of tightened bounds: 0.
		Number of rows examined by row tightener: 0. Consequent tightenings: 0
		Number of explicit basis matrices examined by row tightener: 0. Consequent tightenings: 0
		Number of bound tightening rounds on the entire constraint matrix: 0. Consequent tightenings: 0
		Number of bound notifications sent to PL constraints: 1800. Tightenings proposed: 0
	--- Basis Factorization statistics ---
	Number of basis refactorizations: 2
	--- Projected Steepest Edge Statistics ---
	Number of iterations: 0.
	Number of resets to reference space: 1. Avg. iterations per reset: 0
	--- SBT ---
	Number of tightened bounds: 729
	--- SoI-based local search ---
	Number of proposed phase pattern update: 0. Number of accepted update: 0 [0.00%]
	Total time (% of local search time) updating SoI phase pattern : 0 milli [0.00%]
	Total time obtaining current assignment: 0 milli [0.00%]
	Total time getting SoI phase pattern : 0 milli [0.00%]
	--- Context dependent statistics ---
	Number of pushes / pops: 0 / 0
		[0.00%] Pre-Push hook: 0 milli
		[0.00%] Push : 0 milli
		[0.00%] Post-Pop hook: 0 milli
		[0.00%] Pop : 0 milli
		[0.00%] Total context-switching time: 0 milli
	--- Proof Certificate ---
	Number of certified leaves: 0
	Number of leaves to delegate: 0
	Number of lemmas: 0

---
start solving without an agent
Performing precision restoration. Degradation before: 0.000558464814858. After: 0.000000000000135
Performing precision restoration. Degradation before: 0.000528017400398. After: 0.000000000000105
Performing precision restoration. Degradation before: 0.000338188754470. After: 0.000000000000166
Performing precision restoration. Degradation before: 0.000507495815971. After: 0.000000000000095
Performing precision restoration. Degradation before: 0.000157415909031. After: 0.000000000000145
Performing precision restoration. Degradation before: 0.000000628034191. After: 0.000000000000231
Performing precision restoration. Degradation before: 0.000081440911067. After: 0.000000000000109
Performing precision restoration. Degradation before: 0.001034222239169. After: 0.000000000000140


Engine: quitting due to timeout...

Final statistics:

12:55:40 Statistics update:
	--- Time Statistics ---
	Total time elapsed: 3600012 milli (01:00:00)
		Main loop: 3599323 milli (00:59:59)
		Preprocessing time: 31 milli (00:00:00)
		Unknown: 657 milli (00:00:00)
	Breakdown for main loop:
		[27.92%] Simplex steps: 1005009 milli
		[19.86%] Explicit-basis bound tightening: 714905 milli
		[0.00%] Constraint-matrix bound tightening: 0 milli
		[0.12%] Degradation checking: 4235 milli
		[0.00%] Precision restoration: 59 milli
		[0.12%] Statistics handling: 4196 milli
		[0.00%] Constraint-fixing steps: 0 milli
		[0.40%] Valid case splits: 14531 milli. Average per split: 0.00 milli
		[0.04%] Applying stored bound-tightening: 1603 milli
		[3.54%] SMT core: 127263 milli
		[28.83%] Symbolic Bound Tightening: 1037778 milli
		[20.25%] SoI-based local search: 728956 milli
		[0.00%] SoI-based local search: 0 milli
		[19.16%] Unaccounted for: 689740 milli
	--- Preprocessor Statistics ---
	Number of preprocessor bound-tightening loop iterations: 8
	Number of eliminated variables: 0
	Number of constraints removed due to variable elimination: 0
	Number of equations removed due to variable elimination: 0
	--- Engine Statistics ---
	Number of main loop iterations: 2237040
		2012608 iterations were simplex steps. Total time: 1005009 milli. Average: 0.50 milli.
		0 iterations were constraint-fixing steps. Total time: 0 milli. Average: 0.00 milli
	Number of active piecewise-linear constraints: 37 / 300
		Constraints disabled by valid splits: 219. By SMT-originated splits: 44
	Last reported degradation: 0.0000000000. Max degradation so far: 0.0010319437. Restorations so far: 8
	Number of simplex pivots we attempted to skip because of instability: 530.
	Unstable pivots performed anyway: 24
	--- Tableau Statistics ---
	Total number of pivots performed: 1473281
		Real pivots: 1463451. Degenerate: 9830 (0.67%)
		Degenerate pivots by request (e.g., to fix a PL constraint): 0 (0.00%)
		Average time per pivot: 0.06 milli
	Total number of fake pivots performed: 65341
	Total number of rows added: 0. Number of merged columns: 0
	Current tableau dimensions: M = 604, N = 1518
	--- SMT Core Statistics ---
	Total depth is 47. Total visited states: 181248. Number of splits: 90654. Number of pops: 90593
	Max stack depth: 90
	--- Bound Tightening Statistics ---
	Number of tightened bounds: 23194442.
		Number of rows examined by row tightener: 1473281. Consequent tightenings: 465148
		Number of explicit basis matrices examined by row tightener: 36556. Consequent tightenings: 10944027
		Number of bound tightening rounds on the entire constraint matrix: 0. Consequent tightenings: 0
		Number of bound notifications sent to PL constraints: 46761780. Tightenings proposed: 0
	--- Basis Factorization statistics ---
	Number of basis refactorizations: 11175
	--- Projected Steepest Edge Statistics ---
	Number of iterations: 1539128.
	Number of resets to reference space: 90714. Avg. iterations per reset: 16
	--- SBT ---
	Number of tightened bounds: 23170883
	--- SoI-based local search ---
	Number of proposed phase pattern update: 116883. Number of accepted update: 174344 [149.16%]
	Total time (% of local search time) updating SoI phase pattern : 9783867 milli [1.34%]
	Total time obtaining current assignment: 30159241 milli [4.14%]
	Total time getting SoI phase pattern : 2803588 milli [0.08%]
	--- Context dependent statistics ---
	Number of pushes / pops: 181277 / 181230
		[0.15%] Pre-Push hook: 5381 milli
		[0.00%] Push : 0 milli
		[0.11%] Post-Pop hook: 3961 milli
		[0.17%] Pop : 5983 milli
		[0.43%] Total context-switching time: 15326 milli
	--- Proof Certificate ---
	Number of certified leaves: 0
	Number of leaves to delegate: 0
	Number of lemmas: 0
Timeout
end run time: 12:55:40
DQN: Done solving. Time : 3600035 milli. 

