[73] processing ex_0074_label_0 …
start run time: 09:58:28
Network: /cs/labs/guykatz/maya.swisa/elbit/20_8/Marabou/resources/nnet/acasxu/ACASXU_experimental_v2a_1_1.nnet
Number of layers: 8. Input layer size: 5. Output layer size: 5. Number of ReLUs: 300
Total number of variables: 610
Property: /cs/labs/guykatz/maya.swisa/elbit/PROPERTY_1_08091/ex_0074_label_0/eps01.txt

Engine::processInputQuery: Input query (before preprocessing): 309 equations, 610 variables
Engine::processInputQuery: Input query (after preprocessing): 604 equations, 914 variables


Engine::solve: Initial statistics

09:58:28 Statistics update:
	--- Time Statistics ---
	Total time elapsed: 54 milli (00:00:00)
		Main loop: 0 milli (00:00:00)
		Preprocessing time: 39 milli (00:00:00)
		Unknown: 14 milli (00:00:00)
	Breakdown for main loop:
		[0.00%] Simplex steps: 0 milli
		[0.00%] Explicit-basis bound tightening: 0 milli
		[0.00%] Constraint-matrix bound tightening: 0 milli
		[0.00%] Degradation checking: 0 milli
		[0.00%] Precision restoration: 0 milli
		[0.00%] Statistics handling: 0 milli
		[0.00%] Constraint-fixing steps: 0 milli
		[0.00%] Valid case splits: 3 milli. Average per split: 0.00 milli
		[0.00%] Applying stored bound-tightening: 0 milli
		[0.00%] SMT core: 0 milli
		[0.00%] Symbolic Bound Tightening: 4 milli
		[0.00%] SoI-based local search: 0 milli
		[0.00%] SoI-based local search: 0 milli
		[0.00%] Unaccounted for: 0 milli
	--- Preprocessor Statistics ---
	Number of preprocessor bound-tightening loop iterations: 8
	Number of eliminated variables: 0
	Number of constraints removed due to variable elimination: 0
	Number of equations removed due to variable elimination: 0
	--- Engine Statistics ---
	Number of main loop iterations: 1
		0 iterations were simplex steps. Total time: 0 milli. Average: 0.00 milli.
		0 iterations were constraint-fixing steps. Total time: 0 milli. Average: 0.00 milli
	Number of active piecewise-linear constraints: 131 / 300
		Constraints disabled by valid splits: 169. By SMT-originated splits: 0
	Last reported degradation: 0.0000000000. Max degradation so far: 0.0000000000. Restorations so far: 0
	Number of simplex pivots we attempted to skip because of instability: 0.
	Unstable pivots performed anyway: 0
	--- Tableau Statistics ---
	Total number of pivots performed: 0
		Real pivots: 0. Degenerate: 0 (0.00%)
		Degenerate pivots by request (e.g., to fix a PL constraint): 0 (0.00%)
		Average time per pivot: 0.00 milli
	Total number of fake pivots performed: 0
	Total number of rows added: 0. Number of merged columns: 0
	Current tableau dimensions: M = 604, N = 1518
	--- SMT Core Statistics ---
	Total depth is 0. Total visited states: 1. Number of splits: 0. Number of pops: 0
	Max stack depth: 0
	--- Bound Tightening Statistics ---
	Number of tightened bounds: 0.
		Number of rows examined by row tightener: 0. Consequent tightenings: 0
		Number of explicit basis matrices examined by row tightener: 0. Consequent tightenings: 0
		Number of bound tightening rounds on the entire constraint matrix: 0. Consequent tightenings: 0
		Number of bound notifications sent to PL constraints: 1800. Tightenings proposed: 0
	--- Basis Factorization statistics ---
	Number of basis refactorizations: 2
	--- Projected Steepest Edge Statistics ---
	Number of iterations: 0.
	Number of resets to reference space: 1. Avg. iterations per reset: 0
	--- SBT ---
	Number of tightened bounds: 743
	--- SoI-based local search ---
	Number of proposed phase pattern update: 0. Number of accepted update: 0 [0.00%]
	Total time (% of local search time) updating SoI phase pattern : 0 milli [0.00%]
	Total time obtaining current assignment: 0 milli [0.00%]
	Total time getting SoI phase pattern : 0 milli [0.00%]
	--- Context dependent statistics ---
	Number of pushes / pops: 0 / 0
		[0.00%] Pre-Push hook: 0 milli
		[0.00%] Push : 0 milli
		[0.00%] Post-Pop hook: 0 milli
		[0.00%] Pop : 0 milli
		[0.00%] Total context-switching time: 0 milli
	--- Proof Certificate ---
	Number of certified leaves: 0
	Number of leaves to delegate: 0
	Number of lemmas: 0

---
start solving without an agent

Engine::solve: unsat query

09:58:28 Statistics update:
	--- Time Statistics ---
	Total time elapsed: 324 milli (00:00:00)
		Main loop: 269 milli (00:00:00)
		Preprocessing time: 39 milli (00:00:00)
		Unknown: 15 milli (00:00:00)
	Breakdown for main loop:
		[51.77%] Simplex steps: 139 milli
		[21.71%] Explicit-basis bound tightening: 58 milli
		[0.00%] Constraint-matrix bound tightening: 0 milli
		[0.23%] Degradation checking: 0 milli
		[0.00%] Precision restoration: 0 milli
		[0.05%] Statistics handling: 0 milli
		[0.00%] Constraint-fixing steps: 0 milli
		[3.11%] Valid case splits: 8 milli. Average per split: 0.00 milli
		[0.02%] Applying stored bound-tightening: 0 milli
		[0.81%] SMT core: 2 milli
		[22.68%] Symbolic Bound Tightening: 61 milli
		[35.51%] SoI-based local search: 95 milli
		[0.00%] SoI-based local search: 0 milli
		[6849784657379598.00%] Unaccounted for: 0 milli
	--- Preprocessor Statistics ---
	Number of preprocessor bound-tightening loop iterations: 8
	Number of eliminated variables: 0
	Number of constraints removed due to variable elimination: 0
	Number of equations removed due to variable elimination: 0
	--- Engine Statistics ---
	Number of main loop iterations: 437
		427 iterations were simplex steps. Total time: 139 milli. Average: 0.33 milli.
		0 iterations were constraint-fixing steps. Total time: 0 milli. Average: 0.00 milli
	Number of active piecewise-linear constraints: 47 / 300
		Constraints disabled by valid splits: 253. By SMT-originated splits: 0
	Last reported degradation: 0.0000000000. Max degradation so far: 0.0000000000. Restorations so far: 0
	Number of simplex pivots we attempted to skip because of instability: 0.
	Unstable pivots performed anyway: 0
	--- Tableau Statistics ---
	Total number of pivots performed: 403
		Real pivots: 394. Degenerate: 9 (2.23%)
		Degenerate pivots by request (e.g., to fix a PL constraint): 0 (0.00%)
		Average time per pivot: 0.03 milli
	Total number of fake pivots performed: 8
	Total number of rows added: 0. Number of merged columns: 0
	Current tableau dimensions: M = 604, N = 1518
	--- SMT Core Statistics ---
	Total depth is 2. Total visited states: 8. Number of splits: 3. Number of pops: 4
	Max stack depth: 2
	--- Bound Tightening Statistics ---
	Number of tightened bounds: 3716.
		Number of rows examined by row tightener: 403. Consequent tightenings: 8
		Number of explicit basis matrices examined by row tightener: 3. Consequent tightenings: 250
		Number of bound tightening rounds on the entire constraint matrix: 0. Consequent tightenings: 0
		Number of bound notifications sent to PL constraints: 9082. Tightenings proposed: 0
	--- Basis Factorization statistics ---
	Number of basis refactorizations: 5
	--- Projected Steepest Edge Statistics ---
	Number of iterations: 411.
	Number of resets to reference space: 4. Avg. iterations per reset: 102
	--- SBT ---
	Number of tightened bounds: 4459
	--- SoI-based local search ---
	Number of proposed phase pattern update: 4. Number of accepted update: 6 [150.00%]
	Total time (% of local search time) updating SoI phase pattern : 454 milli [0.47%]
	Total time obtaining current assignment: 837 milli [0.88%]
	Total time getting SoI phase pattern : 244 milli [0.09%]
	--- Context dependent statistics ---
	Number of pushes / pops: 6 / 6
		[0.04%] Pre-Push hook: 0 milli
		[0.00%] Push : 0 milli
		[0.05%] Post-Pop hook: 0 milli
		[0.04%] Pop : 0 milli
		[0.13%] Total context-switching time: 0 milli
	--- Proof Certificate ---
	Number of certified leaves: 0
	Number of leaves to delegate: 0
	Number of lemmas: 0
unsat
end run time: 09:58:28
DQN: Done solving. Time : 332 milli. 

start run time: 09:58:28
Network: /cs/labs/guykatz/maya.swisa/elbit/20_8/Marabou/resources/nnet/acasxu/ACASXU_experimental_v2a_1_1.nnet
Number of layers: 8. Input layer size: 5. Output layer size: 5. Number of ReLUs: 300
Total number of variables: 610
Property: /cs/labs/guykatz/maya.swisa/elbit/PROPERTY_1_08091/ex_0074_label_0/eps02.txt

Engine::processInputQuery: Input query (before preprocessing): 309 equations, 610 variables
Engine::processInputQuery: Input query (after preprocessing): 604 equations, 914 variables


Engine::solve: Initial statistics

09:58:28 Statistics update:
	--- Time Statistics ---
	Total time elapsed: 38 milli (00:00:00)
		Main loop: 0 milli (00:00:00)
		Preprocessing time: 29 milli (00:00:00)
		Unknown: 9 milli (00:00:00)
	Breakdown for main loop:
		[0.00%] Simplex steps: 0 milli
		[0.00%] Explicit-basis bound tightening: 0 milli
		[0.00%] Constraint-matrix bound tightening: 0 milli
		[0.00%] Degradation checking: 0 milli
		[0.00%] Precision restoration: 0 milli
		[0.00%] Statistics handling: 0 milli
		[0.00%] Constraint-fixing steps: 0 milli
		[0.00%] Valid case splits: 2 milli. Average per split: 0.00 milli
		[0.00%] Applying stored bound-tightening: 0 milli
		[0.00%] SMT core: 0 milli
		[0.00%] Symbolic Bound Tightening: 4 milli
		[0.00%] SoI-based local search: 0 milli
		[0.00%] SoI-based local search: 0 milli
		[0.00%] Unaccounted for: 0 milli
	--- Preprocessor Statistics ---
	Number of preprocessor bound-tightening loop iterations: 8
	Number of eliminated variables: 0
	Number of constraints removed due to variable elimination: 0
	Number of equations removed due to variable elimination: 0
	--- Engine Statistics ---
	Number of main loop iterations: 1
		0 iterations were simplex steps. Total time: 0 milli. Average: 0.00 milli.
		0 iterations were constraint-fixing steps. Total time: 0 milli. Average: 0.00 milli
	Number of active piecewise-linear constraints: 167 / 300
		Constraints disabled by valid splits: 133. By SMT-originated splits: 0
	Last reported degradation: 0.0000000000. Max degradation so far: 0.0000000000. Restorations so far: 0
	Number of simplex pivots we attempted to skip because of instability: 0.
	Unstable pivots performed anyway: 0
	--- Tableau Statistics ---
	Total number of pivots performed: 0
		Real pivots: 0. Degenerate: 0 (0.00%)
		Degenerate pivots by request (e.g., to fix a PL constraint): 0 (0.00%)
		Average time per pivot: 0.00 milli
	Total number of fake pivots performed: 0
	Total number of rows added: 0. Number of merged columns: 0
	Current tableau dimensions: M = 604, N = 1518
	--- SMT Core Statistics ---
	Total depth is 0. Total visited states: 1. Number of splits: 0. Number of pops: 0
	Max stack depth: 0
	--- Bound Tightening Statistics ---
	Number of tightened bounds: 0.
		Number of rows examined by row tightener: 0. Consequent tightenings: 0
		Number of explicit basis matrices examined by row tightener: 0. Consequent tightenings: 0
		Number of bound tightening rounds on the entire constraint matrix: 0. Consequent tightenings: 0
		Number of bound notifications sent to PL constraints: 1800. Tightenings proposed: 0
	--- Basis Factorization statistics ---
	Number of basis refactorizations: 2
	--- Projected Steepest Edge Statistics ---
	Number of iterations: 0.
	Number of resets to reference space: 1. Avg. iterations per reset: 0
	--- SBT ---
	Number of tightened bounds: 741
	--- SoI-based local search ---
	Number of proposed phase pattern update: 0. Number of accepted update: 0 [0.00%]
	Total time (% of local search time) updating SoI phase pattern : 0 milli [0.00%]
	Total time obtaining current assignment: 0 milli [0.00%]
	Total time getting SoI phase pattern : 0 milli [0.00%]
	--- Context dependent statistics ---
	Number of pushes / pops: 0 / 0
		[0.00%] Pre-Push hook: 0 milli
		[0.00%] Push : 0 milli
		[0.00%] Post-Pop hook: 0 milli
		[0.00%] Pop : 0 milli
		[0.00%] Total context-switching time: 0 milli
	--- Proof Certificate ---
	Number of certified leaves: 0
	Number of leaves to delegate: 0
	Number of lemmas: 0

---
start solving without an agent

Engine::solve: unsat query

09:58:29 Statistics update:
	--- Time Statistics ---
	Total time elapsed: 851 milli (00:00:00)
		Main loop: 811 milli (00:00:00)
		Preprocessing time: 29 milli (00:00:00)
		Unknown: 9 milli (00:00:00)
	Breakdown for main loop:
		[53.35%] Simplex steps: 433 milli
		[26.38%] Explicit-basis bound tightening: 214 milli
		[0.00%] Constraint-matrix bound tightening: 0 milli
		[0.26%] Degradation checking: 2 milli
		[0.00%] Precision restoration: 0 milli
		[0.05%] Statistics handling: 0 milli
		[0.00%] Constraint-fixing steps: 0 milli
		[1.46%] Valid case splits: 11 milli. Average per split: 0.00 milli
		[0.01%] Applying stored bound-tightening: 0 milli
		[0.64%] SMT core: 5 milli
		[14.31%] Symbolic Bound Tightening: 116 milli
		[25.88%] SoI-based local search: 210 milli
		[0.00%] SoI-based local search: 0 milli
		[3.54%] Unaccounted for: 28 milli
	--- Preprocessor Statistics ---
	Number of preprocessor bound-tightening loop iterations: 8
	Number of eliminated variables: 0
	Number of constraints removed due to variable elimination: 0
	Number of equations removed due to variable elimination: 0
	--- Engine Statistics ---
	Number of main loop iterations: 1335
		1317 iterations were simplex steps. Total time: 433 milli. Average: 0.33 milli.
		0 iterations were constraint-fixing steps. Total time: 0 milli. Average: 0.00 milli
	Number of active piecewise-linear constraints: 52 / 300
		Constraints disabled by valid splits: 248. By SMT-originated splits: 0
	Last reported degradation: 0.0000000000. Max degradation so far: 0.0000000000. Restorations so far: 0
	Number of simplex pivots we attempted to skip because of instability: 0.
	Unstable pivots performed anyway: 0
	--- Tableau Statistics ---
	Total number of pivots performed: 1239
		Real pivots: 1230. Degenerate: 9 (0.73%)
		Degenerate pivots by request (e.g., to fix a PL constraint): 0 (0.00%)
		Average time per pivot: 0.04 milli
	Total number of fake pivots performed: 40
	Total number of rows added: 0. Number of merged columns: 0
	Current tableau dimensions: M = 604, N = 1518
	--- SMT Core Statistics ---
	Total depth is 3. Total visited states: 14. Number of splits: 6. Number of pops: 7
	Max stack depth: 4
	--- Bound Tightening Statistics ---
	Number of tightened bounds: 7354.
		Number of rows examined by row tightener: 1239. Consequent tightenings: 91
		Number of explicit basis matrices examined by row tightener: 11. Consequent tightenings: 735
		Number of bound tightening rounds on the entire constraint matrix: 0. Consequent tightenings: 0
		Number of bound notifications sent to PL constraints: 19048. Tightenings proposed: 0
	--- Basis Factorization statistics ---
	Number of basis refactorizations: 13
	--- Projected Steepest Edge Statistics ---
	Number of iterations: 1279.
	Number of resets to reference space: 7. Avg. iterations per reset: 182
	--- SBT ---
	Number of tightened bounds: 8095
	--- SoI-based local search ---
	Number of proposed phase pattern update: 9. Number of accepted update: 11 [122.22%]
	Total time (% of local search time) updating SoI phase pattern : 1008 milli [0.48%]
	Total time obtaining current assignment: 1804 milli [0.86%]
	Total time getting SoI phase pattern : 602 milli [0.07%]
	--- Context dependent statistics ---
	Number of pushes / pops: 12 / 12
		[0.04%] Pre-Push hook: 0 milli
		[0.00%] Push : 0 milli
		[0.04%] Post-Pop hook: 0 milli
		[0.06%] Pop : 0 milli
		[0.14%] Total context-switching time: 1 milli
	--- Proof Certificate ---
	Number of certified leaves: 0
	Number of leaves to delegate: 0
	Number of lemmas: 0
unsat
end run time: 09:58:29
DQN: Done solving. Time : 855 milli. 

start run time: 09:58:29
Network: /cs/labs/guykatz/maya.swisa/elbit/20_8/Marabou/resources/nnet/acasxu/ACASXU_experimental_v2a_1_1.nnet
Number of layers: 8. Input layer size: 5. Output layer size: 5. Number of ReLUs: 300
Total number of variables: 610
Property: /cs/labs/guykatz/maya.swisa/elbit/PROPERTY_1_08091/ex_0074_label_0/eps03.txt

Engine::processInputQuery: Input query (before preprocessing): 309 equations, 610 variables
Engine::processInputQuery: Input query (after preprocessing): 604 equations, 914 variables


Engine::solve: Initial statistics

09:58:29 Statistics update:
	--- Time Statistics ---
	Total time elapsed: 37 milli (00:00:00)
		Main loop: 0 milli (00:00:00)
		Preprocessing time: 30 milli (00:00:00)
		Unknown: 7 milli (00:00:00)
	Breakdown for main loop:
		[0.00%] Simplex steps: 0 milli
		[0.00%] Explicit-basis bound tightening: 0 milli
		[0.00%] Constraint-matrix bound tightening: 0 milli
		[0.00%] Degradation checking: 0 milli
		[0.00%] Precision restoration: 0 milli
		[0.00%] Statistics handling: 0 milli
		[0.00%] Constraint-fixing steps: 0 milli
		[0.00%] Valid case splits: 2 milli. Average per split: 0.00 milli
		[0.00%] Applying stored bound-tightening: 0 milli
		[0.00%] SMT core: 0 milli
		[0.00%] Symbolic Bound Tightening: 5 milli
		[0.00%] SoI-based local search: 0 milli
		[0.00%] SoI-based local search: 0 milli
		[0.00%] Unaccounted for: 0 milli
	--- Preprocessor Statistics ---
	Number of preprocessor bound-tightening loop iterations: 8
	Number of eliminated variables: 0
	Number of constraints removed due to variable elimination: 0
	Number of equations removed due to variable elimination: 0
	--- Engine Statistics ---
	Number of main loop iterations: 1
		0 iterations were simplex steps. Total time: 0 milli. Average: 0.00 milli.
		0 iterations were constraint-fixing steps. Total time: 0 milli. Average: 0.00 milli
	Number of active piecewise-linear constraints: 185 / 300
		Constraints disabled by valid splits: 115. By SMT-originated splits: 0
	Last reported degradation: 0.0000000000. Max degradation so far: 0.0000000000. Restorations so far: 0
	Number of simplex pivots we attempted to skip because of instability: 0.
	Unstable pivots performed anyway: 0
	--- Tableau Statistics ---
	Total number of pivots performed: 0
		Real pivots: 0. Degenerate: 0 (0.00%)
		Degenerate pivots by request (e.g., to fix a PL constraint): 0 (0.00%)
		Average time per pivot: 0.00 milli
	Total number of fake pivots performed: 0
	Total number of rows added: 0. Number of merged columns: 0
	Current tableau dimensions: M = 604, N = 1518
	--- SMT Core Statistics ---
	Total depth is 0. Total visited states: 1. Number of splits: 0. Number of pops: 0
	Max stack depth: 0
	--- Bound Tightening Statistics ---
	Number of tightened bounds: 0.
		Number of rows examined by row tightener: 0. Consequent tightenings: 0
		Number of explicit basis matrices examined by row tightener: 0. Consequent tightenings: 0
		Number of bound tightening rounds on the entire constraint matrix: 0. Consequent tightenings: 0
		Number of bound notifications sent to PL constraints: 1800. Tightenings proposed: 0
	--- Basis Factorization statistics ---
	Number of basis refactorizations: 2
	--- Projected Steepest Edge Statistics ---
	Number of iterations: 0.
	Number of resets to reference space: 1. Avg. iterations per reset: 0
	--- SBT ---
	Number of tightened bounds: 740
	--- SoI-based local search ---
	Number of proposed phase pattern update: 0. Number of accepted update: 0 [0.00%]
	Total time (% of local search time) updating SoI phase pattern : 0 milli [0.00%]
	Total time obtaining current assignment: 0 milli [0.00%]
	Total time getting SoI phase pattern : 0 milli [0.00%]
	--- Context dependent statistics ---
	Number of pushes / pops: 0 / 0
		[0.00%] Pre-Push hook: 0 milli
		[0.00%] Push : 0 milli
		[0.00%] Post-Pop hook: 0 milli
		[0.00%] Pop : 0 milli
		[0.00%] Total context-switching time: 0 milli
	--- Proof Certificate ---
	Number of certified leaves: 0
	Number of leaves to delegate: 0
	Number of lemmas: 0

---
start solving without an agent

Engine::solve: unsat query

09:58:32 Statistics update:
	--- Time Statistics ---
	Total time elapsed: 3470 milli (00:00:03)
		Main loop: 3431 milli (00:00:03)
		Preprocessing time: 30 milli (00:00:00)
		Unknown: 8 milli (00:00:00)
	Breakdown for main loop:
		[47.06%] Simplex steps: 1614 milli
		[17.46%] Explicit-basis bound tightening: 598 milli
		[0.00%] Constraint-matrix bound tightening: 0 milli
		[0.21%] Degradation checking: 7 milli
		[0.00%] Precision restoration: 0 milli
		[0.11%] Statistics handling: 3 milli
		[0.00%] Constraint-fixing steps: 0 milli
		[0.96%] Valid case splits: 33 milli. Average per split: 0.00 milli
		[0.03%] Applying stored bound-tightening: 1 milli
		[1.71%] SMT core: 58 milli
		[27.64%] Symbolic Bound Tightening: 948 milli
		[32.39%] SoI-based local search: 1111 milli
		[0.00%] SoI-based local search: 0 milli
		[4.82%] Unaccounted for: 165 milli
	--- Preprocessor Statistics ---
	Number of preprocessor bound-tightening loop iterations: 8
	Number of eliminated variables: 0
	Number of constraints removed due to variable elimination: 0
	Number of equations removed due to variable elimination: 0
	--- Engine Statistics ---
	Number of main loop iterations: 4203
		4038 iterations were simplex steps. Total time: 1614 milli. Average: 0.40 milli.
		0 iterations were constraint-fixing steps. Total time: 0 milli. Average: 0.00 milli
	Number of active piecewise-linear constraints: 59 / 300
		Constraints disabled by valid splits: 240. By SMT-originated splits: 1
	Last reported degradation: 0.0000000000. Max degradation so far: 0.0000000239. Restorations so far: 0
	Number of simplex pivots we attempted to skip because of instability: 5.
	Unstable pivots performed anyway: 0
	--- Tableau Statistics ---
	Total number of pivots performed: 3418
		Real pivots: 3394. Degenerate: 24 (0.70%)
		Degenerate pivots by request (e.g., to fix a PL constraint): 0 (0.00%)
		Average time per pivot: 0.04 milli
	Total number of fake pivots performed: 283
	Total number of rows added: 0. Number of merged columns: 0
	Current tableau dimensions: M = 604, N = 1518
	--- SMT Core Statistics ---
	Total depth is 5. Total visited states: 118. Number of splits: 58. Number of pops: 59
	Max stack depth: 13
	--- Bound Tightening Statistics ---
	Number of tightened bounds: 55188.
		Number of rows examined by row tightener: 3418. Consequent tightenings: 410
		Number of explicit basis matrices examined by row tightener: 32. Consequent tightenings: 3648
		Number of bound tightening rounds on the entire constraint matrix: 0. Consequent tightenings: 0
		Number of bound notifications sent to PL constraints: 104993. Tightenings proposed: 0
	--- Basis Factorization statistics ---
	Number of basis refactorizations: 32
	--- Projected Steepest Edge Statistics ---
	Number of iterations: 3706.
	Number of resets to reference space: 59. Avg. iterations per reset: 62
	--- SBT ---
	Number of tightened bounds: 55928
	--- SoI-based local search ---
	Number of proposed phase pattern update: 82. Number of accepted update: 108 [131.71%]
	Total time (% of local search time) updating SoI phase pattern : 7485 milli [0.67%]
	Total time obtaining current assignment: 17649 milli [1.59%]
	Total time getting SoI phase pattern : 3299 milli [0.10%]
	--- Context dependent statistics ---
	Number of pushes / pops: 116 / 116
		[0.10%] Pre-Push hook: 3 milli
		[0.00%] Push : 0 milli
		[0.08%] Post-Pop hook: 2 milli
		[0.11%] Pop : 3 milli
		[0.29%] Total context-switching time: 9 milli
	--- Proof Certificate ---
	Number of certified leaves: 0
	Number of leaves to delegate: 0
	Number of lemmas: 0
unsat
end run time: 09:58:32
DQN: Done solving. Time : 3477 milli. 

