[580] processing ex_0581_label_0 …
start run time: 10:05:43
Network: /cs/labs/guykatz/maya.swisa/elbit/20_8/Marabou/resources/nnet/acasxu/ACASXU_experimental_v2a_1_1.nnet
Number of layers: 8. Input layer size: 5. Output layer size: 5. Number of ReLUs: 300
Total number of variables: 610
Property: /cs/labs/guykatz/maya.swisa/elbit/PROPERTY_1_08091/ex_0581_label_0/eps01.txt

Engine::processInputQuery: Input query (before preprocessing): 309 equations, 610 variables
Engine::processInputQuery: Input query (after preprocessing): 604 equations, 914 variables


Engine::solve: Initial statistics

10:05:43 Statistics update:
	--- Time Statistics ---
	Total time elapsed: 53 milli (00:00:00)
		Main loop: 0 milli (00:00:00)
		Preprocessing time: 39 milli (00:00:00)
		Unknown: 14 milli (00:00:00)
	Breakdown for main loop:
		[0.00%] Simplex steps: 0 milli
		[0.00%] Explicit-basis bound tightening: 0 milli
		[0.00%] Constraint-matrix bound tightening: 0 milli
		[0.00%] Degradation checking: 0 milli
		[0.00%] Precision restoration: 0 milli
		[0.00%] Statistics handling: 0 milli
		[0.00%] Constraint-fixing steps: 0 milli
		[0.00%] Valid case splits: 2 milli. Average per split: 0.00 milli
		[0.00%] Applying stored bound-tightening: 0 milli
		[0.00%] SMT core: 0 milli
		[0.00%] Symbolic Bound Tightening: 4 milli
		[0.00%] SoI-based local search: 0 milli
		[0.00%] SoI-based local search: 0 milli
		[0.00%] Unaccounted for: 0 milli
	--- Preprocessor Statistics ---
	Number of preprocessor bound-tightening loop iterations: 8
	Number of eliminated variables: 0
	Number of constraints removed due to variable elimination: 0
	Number of equations removed due to variable elimination: 0
	--- Engine Statistics ---
	Number of main loop iterations: 1
		0 iterations were simplex steps. Total time: 0 milli. Average: 0.00 milli.
		0 iterations were constraint-fixing steps. Total time: 0 milli. Average: 0.00 milli
	Number of active piecewise-linear constraints: 154 / 300
		Constraints disabled by valid splits: 146. By SMT-originated splits: 0
	Last reported degradation: 0.0000000000. Max degradation so far: 0.0000000000. Restorations so far: 0
	Number of simplex pivots we attempted to skip because of instability: 0.
	Unstable pivots performed anyway: 0
	--- Tableau Statistics ---
	Total number of pivots performed: 0
		Real pivots: 0. Degenerate: 0 (0.00%)
		Degenerate pivots by request (e.g., to fix a PL constraint): 0 (0.00%)
		Average time per pivot: 0.00 milli
	Total number of fake pivots performed: 0
	Total number of rows added: 0. Number of merged columns: 0
	Current tableau dimensions: M = 604, N = 1518
	--- SMT Core Statistics ---
	Total depth is 0. Total visited states: 1. Number of splits: 0. Number of pops: 0
	Max stack depth: 0
	--- Bound Tightening Statistics ---
	Number of tightened bounds: 0.
		Number of rows examined by row tightener: 0. Consequent tightenings: 0
		Number of explicit basis matrices examined by row tightener: 0. Consequent tightenings: 0
		Number of bound tightening rounds on the entire constraint matrix: 0. Consequent tightenings: 0
		Number of bound notifications sent to PL constraints: 1800. Tightenings proposed: 0
	--- Basis Factorization statistics ---
	Number of basis refactorizations: 2
	--- Projected Steepest Edge Statistics ---
	Number of iterations: 0.
	Number of resets to reference space: 1. Avg. iterations per reset: 0
	--- SBT ---
	Number of tightened bounds: 744
	--- SoI-based local search ---
	Number of proposed phase pattern update: 0. Number of accepted update: 0 [0.00%]
	Total time (% of local search time) updating SoI phase pattern : 0 milli [0.00%]
	Total time obtaining current assignment: 0 milli [0.00%]
	Total time getting SoI phase pattern : 0 milli [0.00%]
	--- Context dependent statistics ---
	Number of pushes / pops: 0 / 0
		[0.00%] Pre-Push hook: 0 milli
		[0.00%] Push : 0 milli
		[0.00%] Post-Pop hook: 0 milli
		[0.00%] Pop : 0 milli
		[0.00%] Total context-switching time: 0 milli
	--- Proof Certificate ---
	Number of certified leaves: 0
	Number of leaves to delegate: 0
	Number of lemmas: 0

---
start solving without an agent
Performing precision restoration. Degradation before: 0.000153562583105. After: 0.000000000000127

Engine::solve: unsat query

10:09:27 Statistics update:
	--- Time Statistics ---
	Total time elapsed: 224383 milli (00:03:44)
		Main loop: 224272 milli (00:03:44)
		Preprocessing time: 39 milli (00:00:00)
		Unknown: 71 milli (00:00:00)
	Breakdown for main loop:
		[32.67%] Simplex steps: 73259 milli
		[16.34%] Explicit-basis bound tightening: 36646 milli
		[0.00%] Constraint-matrix bound tightening: 0 milli
		[0.15%] Degradation checking: 331 milli
		[0.00%] Precision restoration: 7 milli
		[0.04%] Statistics handling: 83 milli
		[0.00%] Constraint-fixing steps: 0 milli
		[0.41%] Valid case splits: 922 milli. Average per split: 0.00 milli
		[0.05%] Applying stored bound-tightening: 123 milli
		[3.96%] SMT core: 8876 milli
		[37.49%] Symbolic Bound Tightening: 84086 milli
		[24.09%] SoI-based local search: 54023 milli
		[0.00%] SoI-based local search: 0 milli
		[8.89%] Unaccounted for: 19933 milli
	--- Preprocessor Statistics ---
	Number of preprocessor bound-tightening loop iterations: 8
	Number of eliminated variables: 0
	Number of constraints removed due to variable elimination: 0
	Number of equations removed due to variable elimination: 0
	--- Engine Statistics ---
	Number of main loop iterations: 200858
		184085 iterations were simplex steps. Total time: 73259 milli. Average: 0.40 milli.
		0 iterations were constraint-fixing steps. Total time: 0 milli. Average: 0.00 milli
	Number of active piecewise-linear constraints: 43 / 300
		Constraints disabled by valid splits: 252. By SMT-originated splits: 5
	Last reported degradation: 0.0000000000. Max degradation so far: 0.0001528966. Restorations so far: 1
	Number of simplex pivots we attempted to skip because of instability: 512.
	Unstable pivots performed anyway: 75
	--- Tableau Statistics ---
	Total number of pivots performed: 143381
		Real pivots: 142234. Degenerate: 1147 (0.80%)
		Degenerate pivots by request (e.g., to fix a PL constraint): 0 (0.00%)
		Average time per pivot: 0.05 milli
	Total number of fake pivots performed: 6485
	Total number of rows added: 0. Number of merged columns: 0
	Current tableau dimensions: M = 604, N = 1518
	--- SMT Core Statistics ---
	Total depth is 9. Total visited states: 12895. Number of splits: 6447. Number of pops: 6447
	Max stack depth: 38
	--- Bound Tightening Statistics ---
	Number of tightened bounds: 2957609.
		Number of rows examined by row tightener: 143381. Consequent tightenings: 38190
		Number of explicit basis matrices examined by row tightener: 2183. Consequent tightenings: 615821
		Number of bound tightening rounds on the entire constraint matrix: 0. Consequent tightenings: 0
		Number of bound notifications sent to PL constraints: 5063012. Tightenings proposed: 0
	--- Basis Factorization statistics ---
	Number of basis refactorizations: 1209
	--- Projected Steepest Edge Statistics ---
	Number of iterations: 150303.
	Number of resets to reference space: 6462. Avg. iterations per reset: 23
	--- SBT ---
	Number of tightened bounds: 2955317
	--- SoI-based local search ---
	Number of proposed phase pattern update: 8204. Number of accepted update: 12519 [152.60%]
	Total time (% of local search time) updating SoI phase pattern : 669643 milli [1.24%]
	Total time obtaining current assignment: 2383650 milli [4.41%]
	Total time getting SoI phase pattern : 144464 milli [0.06%]
	--- Context dependent statistics ---
	Number of pushes / pops: 12894 / 12894
		[0.17%] Pre-Push hook: 388 milli
		[0.00%] Push : 0 milli
		[0.16%] Post-Pop hook: 351 milli
		[0.19%] Pop : 418 milli
		[0.52%] Total context-switching time: 1158 milli
	--- Proof Certificate ---
	Number of certified leaves: 0
	Number of leaves to delegate: 0
	Number of lemmas: 0
unsat
end run time: 10:09:27
DQN: Done solving. Time : 224392 milli. 

start run time: 10:09:27
Network: /cs/labs/guykatz/maya.swisa/elbit/20_8/Marabou/resources/nnet/acasxu/ACASXU_experimental_v2a_1_1.nnet
Number of layers: 8. Input layer size: 5. Output layer size: 5. Number of ReLUs: 300
Total number of variables: 610
Property: /cs/labs/guykatz/maya.swisa/elbit/PROPERTY_1_08091/ex_0581_label_0/eps02.txt

Engine::processInputQuery: Input query (before preprocessing): 309 equations, 610 variables
Engine::processInputQuery: Input query (after preprocessing): 604 equations, 914 variables


Engine::solve: Initial statistics

10:09:27 Statistics update:
	--- Time Statistics ---
	Total time elapsed: 76 milli (00:00:00)
		Main loop: 0 milli (00:00:00)
		Preprocessing time: 32 milli (00:00:00)
		Unknown: 43 milli (00:00:00)
	Breakdown for main loop:
		[0.00%] Simplex steps: 0 milli
		[0.00%] Explicit-basis bound tightening: 0 milli
		[0.00%] Constraint-matrix bound tightening: 0 milli
		[0.00%] Degradation checking: 0 milli
		[0.00%] Precision restoration: 0 milli
		[0.00%] Statistics handling: 0 milli
		[0.00%] Constraint-fixing steps: 0 milli
		[0.00%] Valid case splits: 2 milli. Average per split: 0.00 milli
		[0.00%] Applying stored bound-tightening: 0 milli
		[0.00%] SMT core: 0 milli
		[0.00%] Symbolic Bound Tightening: 4 milli
		[0.00%] SoI-based local search: 0 milli
		[0.00%] SoI-based local search: 0 milli
		[0.00%] Unaccounted for: 0 milli
	--- Preprocessor Statistics ---
	Number of preprocessor bound-tightening loop iterations: 8
	Number of eliminated variables: 0
	Number of constraints removed due to variable elimination: 0
	Number of equations removed due to variable elimination: 0
	--- Engine Statistics ---
	Number of main loop iterations: 1
		0 iterations were simplex steps. Total time: 0 milli. Average: 0.00 milli.
		0 iterations were constraint-fixing steps. Total time: 0 milli. Average: 0.00 milli
	Number of active piecewise-linear constraints: 173 / 300
		Constraints disabled by valid splits: 127. By SMT-originated splits: 0
	Last reported degradation: 0.0000000000. Max degradation so far: 0.0000000000. Restorations so far: 0
	Number of simplex pivots we attempted to skip because of instability: 0.
	Unstable pivots performed anyway: 0
	--- Tableau Statistics ---
	Total number of pivots performed: 0
		Real pivots: 0. Degenerate: 0 (0.00%)
		Degenerate pivots by request (e.g., to fix a PL constraint): 0 (0.00%)
		Average time per pivot: 0.00 milli
	Total number of fake pivots performed: 0
	Total number of rows added: 0. Number of merged columns: 0
	Current tableau dimensions: M = 604, N = 1518
	--- SMT Core Statistics ---
	Total depth is 0. Total visited states: 1. Number of splits: 0. Number of pops: 0
	Max stack depth: 0
	--- Bound Tightening Statistics ---
	Number of tightened bounds: 0.
		Number of rows examined by row tightener: 0. Consequent tightenings: 0
		Number of explicit basis matrices examined by row tightener: 0. Consequent tightenings: 0
		Number of bound tightening rounds on the entire constraint matrix: 0. Consequent tightenings: 0
		Number of bound notifications sent to PL constraints: 1800. Tightenings proposed: 0
	--- Basis Factorization statistics ---
	Number of basis refactorizations: 2
	--- Projected Steepest Edge Statistics ---
	Number of iterations: 0.
	Number of resets to reference space: 1. Avg. iterations per reset: 0
	--- SBT ---
	Number of tightened bounds: 738
	--- SoI-based local search ---
	Number of proposed phase pattern update: 0. Number of accepted update: 0 [0.00%]
	Total time (% of local search time) updating SoI phase pattern : 0 milli [0.00%]
	Total time obtaining current assignment: 0 milli [0.00%]
	Total time getting SoI phase pattern : 0 milli [0.00%]
	--- Context dependent statistics ---
	Number of pushes / pops: 0 / 0
		[0.00%] Pre-Push hook: 0 milli
		[0.00%] Push : 0 milli
		[0.00%] Post-Pop hook: 0 milli
		[0.00%] Pop : 0 milli
		[0.00%] Total context-switching time: 0 milli
	--- Proof Certificate ---
	Number of certified leaves: 0
	Number of leaves to delegate: 0
	Number of lemmas: 0

---
start solving without an agent
High degradation found!
Performing precision restoration. Degradation before: 0.249397929776245. After: 0.000000000000217
Performing precision restoration. Degradation before: 0.000074758495871. After: 0.000000000000102
Performing precision restoration. Degradation before: 0.000850748540816. After: 0.000000000000121

Engine::solve: unsat query

10:40:06 Statistics update:
	--- Time Statistics ---
	Total time elapsed: 1839045 milli (00:30:39)
		Main loop: 1838611 milli (00:30:38)
		Preprocessing time: 32 milli (00:00:00)
		Unknown: 401 milli (00:00:00)
	Breakdown for main loop:
		[29.98%] Simplex steps: 551263 milli
		[17.47%] Explicit-basis bound tightening: 321270 milli
		[0.00%] Constraint-matrix bound tightening: 0 milli
		[0.13%] Degradation checking: 2428 milli
		[0.00%] Precision restoration: 20 milli
		[0.08%] Statistics handling: 1553 milli
		[0.00%] Constraint-fixing steps: 0 milli
		[0.33%] Valid case splits: 5998 milli. Average per split: 0.00 milli
		[0.06%] Applying stored bound-tightening: 1146 milli
		[4.46%] SMT core: 81929 milli
		[33.74%] Symbolic Bound Tightening: 620288 milli
		[22.31%] SoI-based local search: 410247 milli
		[0.00%] SoI-based local search: 0 milli
		[13.74%] Unaccounted for: 252710 milli
	--- Preprocessor Statistics ---
	Number of preprocessor bound-tightening loop iterations: 8
	Number of eliminated variables: 0
	Number of constraints removed due to variable elimination: 0
	Number of equations removed due to variable elimination: 0
	--- Engine Statistics ---
	Number of main loop iterations: 1337383
		1203488 iterations were simplex steps. Total time: 551263 milli. Average: 0.46 milli.
		0 iterations were constraint-fixing steps. Total time: 0 milli. Average: 0.00 milli
	Number of active piecewise-linear constraints: 86 / 300
		Constraints disabled by valid splits: 211. By SMT-originated splits: 3
	Last reported degradation: 0.0000000000. Max degradation so far: 0.2493979298. Restorations so far: 3
	Number of simplex pivots we attempted to skip because of instability: 1273.
	Unstable pivots performed anyway: 203
	--- Tableau Statistics ---
	Total number of pivots performed: 867053
		Real pivots: 858936. Degenerate: 8117 (0.94%)
		Degenerate pivots by request (e.g., to fix a PL constraint): 0 (0.00%)
		Average time per pivot: 0.05 milli
	Total number of fake pivots performed: 46604
	Total number of rows added: 0. Number of merged columns: 0
	Current tableau dimensions: M = 604, N = 1518
	--- SMT Core Statistics ---
	Total depth is 7. Total visited states: 108410. Number of splits: 54207. Number of pops: 54202
	Max stack depth: 59
	--- Bound Tightening Statistics ---
	Number of tightened bounds: 16762860.
		Number of rows examined by row tightener: 867053. Consequent tightenings: 339702
		Number of explicit basis matrices examined by row tightener: 16885. Consequent tightenings: 5281220
		Number of bound tightening rounds on the entire constraint matrix: 0. Consequent tightenings: 0
		Number of bound notifications sent to PL constraints: 30689228. Tightenings proposed: 0
	--- Basis Factorization statistics ---
	Number of basis refactorizations: 7024
	--- Projected Steepest Edge Statistics ---
	Number of iterations: 914727.
	Number of resets to reference space: 54244. Avg. iterations per reset: 16
	--- SBT ---
	Number of tightened bounds: 16754490
	--- SoI-based local search ---
	Number of proposed phase pattern update: 67256. Number of accepted update: 106197 [157.90%]
	Total time (% of local search time) updating SoI phase pattern : 6073507 milli [1.48%]
	Total time obtaining current assignment: 21759666 milli [5.30%]
	Total time getting SoI phase pattern : 1021393 milli [0.06%]
	--- Context dependent statistics ---
	Number of pushes / pops: 108414 / 108414
		[0.17%] Pre-Push hook: 3208 milli
		[0.00%] Push : 0 milli
		[0.14%] Post-Pop hook: 2571 milli
		[0.17%] Pop : 3128 milli
		[0.48%] Total context-switching time: 8909 milli
	--- Proof Certificate ---
	Number of certified leaves: 0
	Number of leaves to delegate: 0
	Number of lemmas: 0
unsat
end run time: 10:40:06
DQN: Done solving. Time : 1839056 milli. 

start run time: 10:40:06
Network: /cs/labs/guykatz/maya.swisa/elbit/20_8/Marabou/resources/nnet/acasxu/ACASXU_experimental_v2a_1_1.nnet
Number of layers: 8. Input layer size: 5. Output layer size: 5. Number of ReLUs: 300
Total number of variables: 610
Property: /cs/labs/guykatz/maya.swisa/elbit/PROPERTY_1_08091/ex_0581_label_0/eps03.txt

Engine::processInputQuery: Input query (before preprocessing): 309 equations, 610 variables
Engine::processInputQuery: Input query (after preprocessing): 604 equations, 914 variables


Engine::solve: Initial statistics

10:40:06 Statistics update:
	--- Time Statistics ---
	Total time elapsed: 41 milli (00:00:00)
		Main loop: 0 milli (00:00:00)
		Preprocessing time: 32 milli (00:00:00)
		Unknown: 9 milli (00:00:00)
	Breakdown for main loop:
		[0.00%] Simplex steps: 0 milli
		[0.00%] Explicit-basis bound tightening: 0 milli
		[0.00%] Constraint-matrix bound tightening: 0 milli
		[0.00%] Degradation checking: 0 milli
		[0.00%] Precision restoration: 0 milli
		[0.00%] Statistics handling: 0 milli
		[0.00%] Constraint-fixing steps: 0 milli
		[0.00%] Valid case splits: 2 milli. Average per split: 0.00 milli
		[0.00%] Applying stored bound-tightening: 0 milli
		[0.00%] SMT core: 0 milli
		[0.00%] Symbolic Bound Tightening: 5 milli
		[0.00%] SoI-based local search: 0 milli
		[0.00%] SoI-based local search: 0 milli
		[0.00%] Unaccounted for: 0 milli
	--- Preprocessor Statistics ---
	Number of preprocessor bound-tightening loop iterations: 8
	Number of eliminated variables: 0
	Number of constraints removed due to variable elimination: 0
	Number of equations removed due to variable elimination: 0
	--- Engine Statistics ---
	Number of main loop iterations: 1
		0 iterations were simplex steps. Total time: 0 milli. Average: 0.00 milli.
		0 iterations were constraint-fixing steps. Total time: 0 milli. Average: 0.00 milli
	Number of active piecewise-linear constraints: 186 / 300
		Constraints disabled by valid splits: 114. By SMT-originated splits: 0
	Last reported degradation: 0.0000000000. Max degradation so far: 0.0000000000. Restorations so far: 0
	Number of simplex pivots we attempted to skip because of instability: 0.
	Unstable pivots performed anyway: 0
	--- Tableau Statistics ---
	Total number of pivots performed: 0
		Real pivots: 0. Degenerate: 0 (0.00%)
		Degenerate pivots by request (e.g., to fix a PL constraint): 0 (0.00%)
		Average time per pivot: 0.00 milli
	Total number of fake pivots performed: 0
	Total number of rows added: 0. Number of merged columns: 0
	Current tableau dimensions: M = 604, N = 1518
	--- SMT Core Statistics ---
	Total depth is 0. Total visited states: 1. Number of splits: 0. Number of pops: 0
	Max stack depth: 0
	--- Bound Tightening Statistics ---
	Number of tightened bounds: 0.
		Number of rows examined by row tightener: 0. Consequent tightenings: 0
		Number of explicit basis matrices examined by row tightener: 0. Consequent tightenings: 0
		Number of bound tightening rounds on the entire constraint matrix: 0. Consequent tightenings: 0
		Number of bound notifications sent to PL constraints: 1800. Tightenings proposed: 0
	--- Basis Factorization statistics ---
	Number of basis refactorizations: 2
	--- Projected Steepest Edge Statistics ---
	Number of iterations: 0.
	Number of resets to reference space: 1. Avg. iterations per reset: 0
	--- SBT ---
	Number of tightened bounds: 739
	--- SoI-based local search ---
	Number of proposed phase pattern update: 0. Number of accepted update: 0 [0.00%]
	Total time (% of local search time) updating SoI phase pattern : 0 milli [0.00%]
	Total time obtaining current assignment: 0 milli [0.00%]
	Total time getting SoI phase pattern : 0 milli [0.00%]
	--- Context dependent statistics ---
	Number of pushes / pops: 0 / 0
		[0.00%] Pre-Push hook: 0 milli
		[0.00%] Push : 0 milli
		[0.00%] Post-Pop hook: 0 milli
		[0.00%] Pop : 0 milli
		[0.00%] Total context-switching time: 0 milli
	--- Proof Certificate ---
	Number of certified leaves: 0
	Number of leaves to delegate: 0
	Number of lemmas: 0

---
start solving without an agent

Engine::solve: sat assignment found

10:48:47 Statistics update:
	--- Time Statistics ---
	Total time elapsed: 521369 milli (00:08:41)
		Main loop: 521209 milli (00:08:41)
		Preprocessing time: 32 milli (00:00:00)
		Unknown: 127 milli (00:00:00)
	Breakdown for main loop:
		[29.46%] Simplex steps: 153560 milli
		[13.60%] Explicit-basis bound tightening: 70865 milli
		[0.00%] Constraint-matrix bound tightening: 0 milli
		[0.17%] Degradation checking: 907 milli
		[0.00%] Precision restoration: 0 milli
		[0.17%] Statistics handling: 902 milli
		[0.00%] Constraint-fixing steps: 0 milli
		[0.35%] Valid case splits: 1824 milli. Average per split: 0.00 milli
		[0.07%] Applying stored bound-tightening: 381 milli
		[5.48%] SMT core: 28546 milli
		[39.19%] Symbolic Bound Tightening: 204252 milli
		[22.80%] SoI-based local search: 118845 milli
		[0.00%] SoI-based local search: 0 milli
		[11.51%] Unaccounted for: 59967 milli
	--- Preprocessor Statistics ---
	Number of preprocessor bound-tightening loop iterations: 8
	Number of eliminated variables: 0
	Number of constraints removed due to variable elimination: 0
	Number of equations removed due to variable elimination: 0
	--- Engine Statistics ---
	Number of main loop iterations: 440165
		394704 iterations were simplex steps. Total time: 153560 milli. Average: 0.39 milli.
		0 iterations were constraint-fixing steps. Total time: 0 milli. Average: 0.00 milli
	Number of active piecewise-linear constraints: 99 / 300
		Constraints disabled by valid splits: 192. By SMT-originated splits: 9
	Last reported degradation: 0.0000000000. Max degradation so far: 0.0000361532. Restorations so far: 0
	Number of simplex pivots we attempted to skip because of instability: 382.
	Unstable pivots performed anyway: 58
	--- Tableau Statistics ---
	Total number of pivots performed: 277400
		Real pivots: 274366. Degenerate: 3034 (1.09%)
		Degenerate pivots by request (e.g., to fix a PL constraint): 0 (0.00%)
		Average time per pivot: 0.05 milli
	Total number of fake pivots performed: 16321
	Total number of rows added: 0. Number of merged columns: 0
	Current tableau dimensions: M = 604, N = 1518
	--- SMT Core Statistics ---
	Total depth is 13. Total visited states: 37625. Number of splits: 18818. Number of pops: 18806
	Max stack depth: 68
	--- Bound Tightening Statistics ---
	Number of tightened bounds: 5095404.
		Number of rows examined by row tightener: 277400. Consequent tightenings: 130562
		Number of explicit basis matrices examined by row tightener: 5362. Consequent tightenings: 1626423
		Number of bound tightening rounds on the entire constraint matrix: 0. Consequent tightenings: 0
		Number of bound notifications sent to PL constraints: 9436602. Tightenings proposed: 0
	--- Basis Factorization statistics ---
	Number of basis refactorizations: 2300
	--- Projected Steepest Edge Statistics ---
	Number of iterations: 294045.
	Number of resets to reference space: 18815. Avg. iterations per reset: 15
	--- SBT ---
	Number of tightened bounds: 5096143
	--- SoI-based local search ---
	Number of proposed phase pattern update: 23696. Number of accepted update: 36583 [154.38%]
	Total time (% of local search time) updating SoI phase pattern : 2221683 milli [1.87%]
	Total time obtaining current assignment: 7189262 milli [6.05%]
	Total time getting SoI phase pattern : 329858 milli [0.06%]
	--- Context dependent statistics ---
	Number of pushes / pops: 37629 / 37616
		[0.23%] Pre-Push hook: 1218 milli
		[0.00%] Push : 0 milli
		[0.17%] Post-Pop hook: 876 milli
		[0.22%] Pop : 1167 milli
		[0.63%] Total context-switching time: 3263 milli
	--- Proof Certificate ---
	Number of certified leaves: 0
	Number of leaves to delegate: 0
	Number of lemmas: 0
sat
Input assignment:
	x0 = 0.543544
	x1 = 0.023589
	x2 = -0.225195
	x3 = 0.462970
	x4 = -0.394629

Output:
	y0 = -0.018274
	y1 = -0.015655
	y2 = -0.018586
	y3 = -0.015117
	y4 = -0.017999

end run time: 10:48:47
DQN: Done solving. Time : 521395 milli. 

