[666] processing ex_0667_label_0 …
start run time: 10:11:14
Network: /cs/labs/guykatz/maya.swisa/elbit/20_8/Marabou/resources/nnet/acasxu/ACASXU_experimental_v2a_1_1.nnet
Number of layers: 8. Input layer size: 5. Output layer size: 5. Number of ReLUs: 300
Total number of variables: 610
Property: /cs/labs/guykatz/maya.swisa/elbit/PROPERTY_1_08091/ex_0667_label_0/eps01.txt

Engine::processInputQuery: Input query (before preprocessing): 309 equations, 610 variables
Engine::processInputQuery: Input query (after preprocessing): 604 equations, 914 variables


Engine::solve: Initial statistics

10:11:14 Statistics update:
	--- Time Statistics ---
	Total time elapsed: 58 milli (00:00:00)
		Main loop: 0 milli (00:00:00)
		Preprocessing time: 38 milli (00:00:00)
		Unknown: 19 milli (00:00:00)
	Breakdown for main loop:
		[0.00%] Simplex steps: 0 milli
		[0.00%] Explicit-basis bound tightening: 0 milli
		[0.00%] Constraint-matrix bound tightening: 0 milli
		[0.00%] Degradation checking: 0 milli
		[0.00%] Precision restoration: 0 milli
		[0.00%] Statistics handling: 0 milli
		[0.00%] Constraint-fixing steps: 0 milli
		[0.00%] Valid case splits: 2 milli. Average per split: 0.00 milli
		[0.00%] Applying stored bound-tightening: 0 milli
		[0.00%] SMT core: 0 milli
		[0.00%] Symbolic Bound Tightening: 5 milli
		[0.00%] SoI-based local search: 0 milli
		[0.00%] SoI-based local search: 0 milli
		[0.00%] Unaccounted for: 0 milli
	--- Preprocessor Statistics ---
	Number of preprocessor bound-tightening loop iterations: 8
	Number of eliminated variables: 0
	Number of constraints removed due to variable elimination: 0
	Number of equations removed due to variable elimination: 0
	--- Engine Statistics ---
	Number of main loop iterations: 1
		0 iterations were simplex steps. Total time: 0 milli. Average: 0.00 milli.
		0 iterations were constraint-fixing steps. Total time: 0 milli. Average: 0.00 milli
	Number of active piecewise-linear constraints: 155 / 300
		Constraints disabled by valid splits: 145. By SMT-originated splits: 0
	Last reported degradation: 0.0000000000. Max degradation so far: 0.0000000000. Restorations so far: 0
	Number of simplex pivots we attempted to skip because of instability: 0.
	Unstable pivots performed anyway: 0
	--- Tableau Statistics ---
	Total number of pivots performed: 0
		Real pivots: 0. Degenerate: 0 (0.00%)
		Degenerate pivots by request (e.g., to fix a PL constraint): 0 (0.00%)
		Average time per pivot: 0.00 milli
	Total number of fake pivots performed: 0
	Total number of rows added: 0. Number of merged columns: 0
	Current tableau dimensions: M = 604, N = 1518
	--- SMT Core Statistics ---
	Total depth is 0. Total visited states: 1. Number of splits: 0. Number of pops: 0
	Max stack depth: 0
	--- Bound Tightening Statistics ---
	Number of tightened bounds: 0.
		Number of rows examined by row tightener: 0. Consequent tightenings: 0
		Number of explicit basis matrices examined by row tightener: 0. Consequent tightenings: 0
		Number of bound tightening rounds on the entire constraint matrix: 0. Consequent tightenings: 0
		Number of bound notifications sent to PL constraints: 1800. Tightenings proposed: 0
	--- Basis Factorization statistics ---
	Number of basis refactorizations: 2
	--- Projected Steepest Edge Statistics ---
	Number of iterations: 0.
	Number of resets to reference space: 1. Avg. iterations per reset: 0
	--- SBT ---
	Number of tightened bounds: 738
	--- SoI-based local search ---
	Number of proposed phase pattern update: 0. Number of accepted update: 0 [0.00%]
	Total time (% of local search time) updating SoI phase pattern : 0 milli [0.00%]
	Total time obtaining current assignment: 0 milli [0.00%]
	Total time getting SoI phase pattern : 0 milli [0.00%]
	--- Context dependent statistics ---
	Number of pushes / pops: 0 / 0
		[0.00%] Pre-Push hook: 0 milli
		[0.00%] Push : 0 milli
		[0.00%] Post-Pop hook: 0 milli
		[0.00%] Pop : 0 milli
		[0.00%] Total context-switching time: 0 milli
	--- Proof Certificate ---
	Number of certified leaves: 0
	Number of leaves to delegate: 0
	Number of lemmas: 0

---
start solving without an agent

Engine::solve: unsat query

10:13:26 Statistics update:
	--- Time Statistics ---
	Total time elapsed: 132444 milli (00:02:12)
		Main loop: 132351 milli (00:02:12)
		Preprocessing time: 38 milli (00:00:00)
		Unknown: 54 milli (00:00:00)
	Breakdown for main loop:
		[30.51%] Simplex steps: 40374 milli
		[15.66%] Explicit-basis bound tightening: 20727 milli
		[0.00%] Constraint-matrix bound tightening: 0 milli
		[0.15%] Degradation checking: 198 milli
		[0.00%] Precision restoration: 0 milli
		[0.02%] Statistics handling: 29 milli
		[0.00%] Constraint-fixing steps: 0 milli
		[0.43%] Valid case splits: 572 milli. Average per split: 0.00 milli
		[0.05%] Applying stored bound-tightening: 65 milli
		[3.28%] SMT core: 4347 milli
		[41.95%] Symbolic Bound Tightening: 55525 milli
		[22.20%] SoI-based local search: 29381 milli
		[0.00%] SoI-based local search: 0 milli
		[7.94%] Unaccounted for: 10510 milli
	--- Preprocessor Statistics ---
	Number of preprocessor bound-tightening loop iterations: 8
	Number of eliminated variables: 0
	Number of constraints removed due to variable elimination: 0
	Number of equations removed due to variable elimination: 0
	--- Engine Statistics ---
	Number of main loop iterations: 126298
		115109 iterations were simplex steps. Total time: 40374 milli. Average: 0.35 milli.
		0 iterations were constraint-fixing steps. Total time: 0 milli. Average: 0.00 milli
	Number of active piecewise-linear constraints: 25 / 300
		Constraints disabled by valid splits: 272. By SMT-originated splits: 3
	Last reported degradation: 0.0000000000. Max degradation so far: 0.0000000140. Restorations so far: 0
	Number of simplex pivots we attempted to skip because of instability: 67.
	Unstable pivots performed anyway: 3
	--- Tableau Statistics ---
	Total number of pivots performed: 84637
		Real pivots: 83822. Degenerate: 815 (0.96%)
		Degenerate pivots by request (e.g., to fix a PL constraint): 0 (0.00%)
		Average time per pivot: 0.05 milli
	Total number of fake pivots performed: 7532
	Total number of rows added: 0. Number of merged columns: 0
	Current tableau dimensions: M = 604, N = 1518
	--- SMT Core Statistics ---
	Total depth is 7. Total visited states: 8544. Number of splits: 4273. Number of pops: 4270
	Max stack depth: 39
	--- Bound Tightening Statistics ---
	Number of tightened bounds: 2123016.
		Number of rows examined by row tightener: 84637. Consequent tightenings: 30278
		Number of explicit basis matrices examined by row tightener: 1383. Consequent tightenings: 409849
		Number of bound tightening rounds on the entire constraint matrix: 0. Consequent tightenings: 0
		Number of bound notifications sent to PL constraints: 3676969. Tightenings proposed: 0
	--- Basis Factorization statistics ---
	Number of basis refactorizations: 700
	--- Projected Steepest Edge Statistics ---
	Number of iterations: 92233.
	Number of resets to reference space: 4274. Avg. iterations per reset: 21
	--- SBT ---
	Number of tightened bounds: 2123754
	--- SoI-based local search ---
	Number of proposed phase pattern update: 5408. Number of accepted update: 8367 [154.72%]
	Total time (% of local search time) updating SoI phase pattern : 406967 milli [1.39%]
	Total time obtaining current assignment: 1167074 milli [3.97%]
	Total time getting SoI phase pattern : 86489 milli [0.07%]
	--- Context dependent statistics ---
	Number of pushes / pops: 8546 / 8546
		[0.14%] Pre-Push hook: 184 milli
		[0.00%] Push : 0 milli
		[0.14%] Post-Pop hook: 189 milli
		[0.16%] Pop : 207 milli
		[0.44%] Total context-switching time: 580 milli
	--- Proof Certificate ---
	Number of certified leaves: 0
	Number of leaves to delegate: 0
	Number of lemmas: 0
unsat
end run time: 10:13:26
DQN: Done solving. Time : 132452 milli. 

start run time: 10:13:26
Network: /cs/labs/guykatz/maya.swisa/elbit/20_8/Marabou/resources/nnet/acasxu/ACASXU_experimental_v2a_1_1.nnet
Number of layers: 8. Input layer size: 5. Output layer size: 5. Number of ReLUs: 300
Total number of variables: 610
Property: /cs/labs/guykatz/maya.swisa/elbit/PROPERTY_1_08091/ex_0667_label_0/eps02.txt

Engine::processInputQuery: Input query (before preprocessing): 309 equations, 610 variables
Engine::processInputQuery: Input query (after preprocessing): 604 equations, 914 variables


Engine::solve: Initial statistics

10:13:26 Statistics update:
	--- Time Statistics ---
	Total time elapsed: 39 milli (00:00:00)
		Main loop: 0 milli (00:00:00)
		Preprocessing time: 30 milli (00:00:00)
		Unknown: 8 milli (00:00:00)
	Breakdown for main loop:
		[0.00%] Simplex steps: 0 milli
		[0.00%] Explicit-basis bound tightening: 0 milli
		[0.00%] Constraint-matrix bound tightening: 0 milli
		[0.00%] Degradation checking: 0 milli
		[0.00%] Precision restoration: 0 milli
		[0.00%] Statistics handling: 0 milli
		[0.00%] Constraint-fixing steps: 0 milli
		[0.00%] Valid case splits: 2 milli. Average per split: 0.00 milli
		[0.00%] Applying stored bound-tightening: 0 milli
		[0.00%] SMT core: 0 milli
		[0.00%] Symbolic Bound Tightening: 5 milli
		[0.00%] SoI-based local search: 0 milli
		[0.00%] SoI-based local search: 0 milli
		[0.00%] Unaccounted for: 0 milli
	--- Preprocessor Statistics ---
	Number of preprocessor bound-tightening loop iterations: 8
	Number of eliminated variables: 0
	Number of constraints removed due to variable elimination: 0
	Number of equations removed due to variable elimination: 0
	--- Engine Statistics ---
	Number of main loop iterations: 1
		0 iterations were simplex steps. Total time: 0 milli. Average: 0.00 milli.
		0 iterations were constraint-fixing steps. Total time: 0 milli. Average: 0.00 milli
	Number of active piecewise-linear constraints: 171 / 300
		Constraints disabled by valid splits: 129. By SMT-originated splits: 0
	Last reported degradation: 0.0000000000. Max degradation so far: 0.0000000000. Restorations so far: 0
	Number of simplex pivots we attempted to skip because of instability: 0.
	Unstable pivots performed anyway: 0
	--- Tableau Statistics ---
	Total number of pivots performed: 0
		Real pivots: 0. Degenerate: 0 (0.00%)
		Degenerate pivots by request (e.g., to fix a PL constraint): 0 (0.00%)
		Average time per pivot: 0.00 milli
	Total number of fake pivots performed: 0
	Total number of rows added: 0. Number of merged columns: 0
	Current tableau dimensions: M = 604, N = 1518
	--- SMT Core Statistics ---
	Total depth is 0. Total visited states: 1. Number of splits: 0. Number of pops: 0
	Max stack depth: 0
	--- Bound Tightening Statistics ---
	Number of tightened bounds: 0.
		Number of rows examined by row tightener: 0. Consequent tightenings: 0
		Number of explicit basis matrices examined by row tightener: 0. Consequent tightenings: 0
		Number of bound tightening rounds on the entire constraint matrix: 0. Consequent tightenings: 0
		Number of bound notifications sent to PL constraints: 1800. Tightenings proposed: 0
	--- Basis Factorization statistics ---
	Number of basis refactorizations: 2
	--- Projected Steepest Edge Statistics ---
	Number of iterations: 0.
	Number of resets to reference space: 1. Avg. iterations per reset: 0
	--- SBT ---
	Number of tightened bounds: 738
	--- SoI-based local search ---
	Number of proposed phase pattern update: 0. Number of accepted update: 0 [0.00%]
	Total time (% of local search time) updating SoI phase pattern : 0 milli [0.00%]
	Total time obtaining current assignment: 0 milli [0.00%]
	Total time getting SoI phase pattern : 0 milli [0.00%]
	--- Context dependent statistics ---
	Number of pushes / pops: 0 / 0
		[0.00%] Pre-Push hook: 0 milli
		[0.00%] Push : 0 milli
		[0.00%] Post-Pop hook: 0 milli
		[0.00%] Pop : 0 milli
		[0.00%] Total context-switching time: 0 milli
	--- Proof Certificate ---
	Number of certified leaves: 0
	Number of leaves to delegate: 0
	Number of lemmas: 0

---
start solving without an agent
Performing precision restoration. Degradation before: 0.000045850531873. After: 0.000000000000095
Performing precision restoration. Degradation before: 0.000000698221615. After: 0.000000000000150
Performing precision restoration. Degradation before: 0.000016646429590. After: 0.000000000000169

Engine::solve: unsat query

10:24:03 Statistics update:
	--- Time Statistics ---
	Total time elapsed: 637064 milli (00:10:37)
		Main loop: 636870 milli (00:10:36)
		Preprocessing time: 30 milli (00:00:00)
		Unknown: 163 milli (00:00:00)
	Breakdown for main loop:
		[29.37%] Simplex steps: 187059 milli
		[17.32%] Explicit-basis bound tightening: 110335 milli
		[0.00%] Constraint-matrix bound tightening: 0 milli
		[0.15%] Degradation checking: 923 milli
		[0.00%] Precision restoration: 21 milli
		[0.08%] Statistics handling: 509 milli
		[0.00%] Constraint-fixing steps: 0 milli
		[0.38%] Valid case splits: 2431 milli. Average per split: 0.00 milli
		[0.05%] Applying stored bound-tightening: 342 milli
		[4.08%] SMT core: 25959 milli
		[35.91%] Symbolic Bound Tightening: 228724 milli
		[20.61%] SoI-based local search: 131253 milli
		[0.00%] SoI-based local search: 0 milli
		[12.65%] Unaccounted for: 80561 milli
	--- Preprocessor Statistics ---
	Number of preprocessor bound-tightening loop iterations: 8
	Number of eliminated variables: 0
	Number of constraints removed due to variable elimination: 0
	Number of equations removed due to variable elimination: 0
	--- Engine Statistics ---
	Number of main loop iterations: 532747
		485652 iterations were simplex steps. Total time: 187059 milli. Average: 0.39 milli.
		0 iterations were constraint-fixing steps. Total time: 0 milli. Average: 0.00 milli
	Number of active piecewise-linear constraints: 113 / 300
		Constraints disabled by valid splits: 186. By SMT-originated splits: 1
	Last reported degradation: 0.0000000000. Max degradation so far: 0.0000455114. Restorations so far: 3
	Number of simplex pivots we attempted to skip because of instability: 187.
	Unstable pivots performed anyway: 21
	--- Tableau Statistics ---
	Total number of pivots performed: 359845
		Real pivots: 357190. Degenerate: 2655 (0.74%)
		Degenerate pivots by request (e.g., to fix a PL constraint): 0 (0.00%)
		Average time per pivot: 0.05 milli
	Total number of fake pivots performed: 23760
	Total number of rows added: 0. Number of merged columns: 0
	Current tableau dimensions: M = 604, N = 1518
	--- SMT Core Statistics ---
	Total depth is 5. Total visited states: 37794. Number of splits: 18897. Number of pops: 18896
	Max stack depth: 48
	--- Bound Tightening Statistics ---
	Number of tightened bounds: 7512469.
		Number of rows examined by row tightener: 359845. Consequent tightenings: 128567
		Number of explicit basis matrices examined by row tightener: 6881. Consequent tightenings: 2039685
		Number of bound tightening rounds on the entire constraint matrix: 0. Consequent tightenings: 0
		Number of bound notifications sent to PL constraints: 13733315. Tightenings proposed: 0
	--- Basis Factorization statistics ---
	Number of basis refactorizations: 2684
	--- Projected Steepest Edge Statistics ---
	Number of iterations: 383771.
	Number of resets to reference space: 18931. Avg. iterations per reset: 20
	--- SBT ---
	Number of tightened bounds: 7504099
	--- SoI-based local search ---
	Number of proposed phase pattern update: 23492. Number of accepted update: 37045 [157.69%]
	Total time (% of local search time) updating SoI phase pattern : 1953213 milli [1.49%]
	Total time obtaining current assignment: 6354753 milli [4.84%]
	Total time getting SoI phase pattern : 365716 milli [0.06%]
	--- Context dependent statistics ---
	Number of pushes / pops: 37794 / 37794
		[0.15%] Pre-Push hook: 987 milli
		[0.00%] Push : 0 milli
		[0.13%] Post-Pop hook: 855 milli
		[0.16%] Pop : 993 milli
		[0.45%] Total context-switching time: 2836 milli
	--- Proof Certificate ---
	Number of certified leaves: 0
	Number of leaves to delegate: 0
	Number of lemmas: 0
unsat
end run time: 10:24:03
DQN: Done solving. Time : 637075 milli. 

start run time: 10:24:03
Network: /cs/labs/guykatz/maya.swisa/elbit/20_8/Marabou/resources/nnet/acasxu/ACASXU_experimental_v2a_1_1.nnet
Number of layers: 8. Input layer size: 5. Output layer size: 5. Number of ReLUs: 300
Total number of variables: 610
Property: /cs/labs/guykatz/maya.swisa/elbit/PROPERTY_1_08091/ex_0667_label_0/eps03.txt

Engine::processInputQuery: Input query (before preprocessing): 309 equations, 610 variables
Engine::processInputQuery: Input query (after preprocessing): 604 equations, 914 variables


Engine::solve: Initial statistics

10:24:03 Statistics update:
	--- Time Statistics ---
	Total time elapsed: 37 milli (00:00:00)
		Main loop: 0 milli (00:00:00)
		Preprocessing time: 29 milli (00:00:00)
		Unknown: 8 milli (00:00:00)
	Breakdown for main loop:
		[0.00%] Simplex steps: 0 milli
		[0.00%] Explicit-basis bound tightening: 0 milli
		[0.00%] Constraint-matrix bound tightening: 0 milli
		[0.00%] Degradation checking: 0 milli
		[0.00%] Precision restoration: 0 milli
		[0.00%] Statistics handling: 0 milli
		[0.00%] Constraint-fixing steps: 0 milli
		[0.00%] Valid case splits: 2 milli. Average per split: 0.00 milli
		[0.00%] Applying stored bound-tightening: 0 milli
		[0.00%] SMT core: 0 milli
		[0.00%] Symbolic Bound Tightening: 4 milli
		[0.00%] SoI-based local search: 0 milli
		[0.00%] SoI-based local search: 0 milli
		[0.00%] Unaccounted for: 0 milli
	--- Preprocessor Statistics ---
	Number of preprocessor bound-tightening loop iterations: 8
	Number of eliminated variables: 0
	Number of constraints removed due to variable elimination: 0
	Number of equations removed due to variable elimination: 0
	--- Engine Statistics ---
	Number of main loop iterations: 1
		0 iterations were simplex steps. Total time: 0 milli. Average: 0.00 milli.
		0 iterations were constraint-fixing steps. Total time: 0 milli. Average: 0.00 milli
	Number of active piecewise-linear constraints: 184 / 300
		Constraints disabled by valid splits: 116. By SMT-originated splits: 0
	Last reported degradation: 0.0000000000. Max degradation so far: 0.0000000000. Restorations so far: 0
	Number of simplex pivots we attempted to skip because of instability: 0.
	Unstable pivots performed anyway: 0
	--- Tableau Statistics ---
	Total number of pivots performed: 0
		Real pivots: 0. Degenerate: 0 (0.00%)
		Degenerate pivots by request (e.g., to fix a PL constraint): 0 (0.00%)
		Average time per pivot: 0.00 milli
	Total number of fake pivots performed: 0
	Total number of rows added: 0. Number of merged columns: 0
	Current tableau dimensions: M = 604, N = 1518
	--- SMT Core Statistics ---
	Total depth is 0. Total visited states: 1. Number of splits: 0. Number of pops: 0
	Max stack depth: 0
	--- Bound Tightening Statistics ---
	Number of tightened bounds: 0.
		Number of rows examined by row tightener: 0. Consequent tightenings: 0
		Number of explicit basis matrices examined by row tightener: 0. Consequent tightenings: 0
		Number of bound tightening rounds on the entire constraint matrix: 0. Consequent tightenings: 0
		Number of bound notifications sent to PL constraints: 1800. Tightenings proposed: 0
	--- Basis Factorization statistics ---
	Number of basis refactorizations: 2
	--- Projected Steepest Edge Statistics ---
	Number of iterations: 0.
	Number of resets to reference space: 1. Avg. iterations per reset: 0
	--- SBT ---
	Number of tightened bounds: 733
	--- SoI-based local search ---
	Number of proposed phase pattern update: 0. Number of accepted update: 0 [0.00%]
	Total time (% of local search time) updating SoI phase pattern : 0 milli [0.00%]
	Total time obtaining current assignment: 0 milli [0.00%]
	Total time getting SoI phase pattern : 0 milli [0.00%]
	--- Context dependent statistics ---
	Number of pushes / pops: 0 / 0
		[0.00%] Pre-Push hook: 0 milli
		[0.00%] Push : 0 milli
		[0.00%] Post-Pop hook: 0 milli
		[0.00%] Pop : 0 milli
		[0.00%] Total context-switching time: 0 milli
	--- Proof Certificate ---
	Number of certified leaves: 0
	Number of leaves to delegate: 0
	Number of lemmas: 0

---
start solving without an agent
Performing precision restoration. Degradation before: 0.000319090236147. After: 0.000000000000101
Performing precision restoration. Degradation before: 0.001939407585735. After: 0.000000000000148

Engine::solve: unsat query

10:59:04 Statistics update:
	--- Time Statistics ---
	Total time elapsed: 2101047 milli (00:35:01)
		Main loop: 2100543 milli (00:35:00)
		Preprocessing time: 29 milli (00:00:00)
		Unknown: 474 milli (00:00:00)
	Breakdown for main loop:
		[29.74%] Simplex steps: 624658 milli
		[15.04%] Explicit-basis bound tightening: 315962 milli
		[0.00%] Constraint-matrix bound tightening: 0 milli
		[0.14%] Degradation checking: 2969 milli
		[0.00%] Precision restoration: 13 milli
		[0.09%] Statistics handling: 1826 milli
		[0.00%] Constraint-fixing steps: 0 milli
		[0.40%] Valid case splits: 8505 milli. Average per split: 0.00 milli
		[0.06%] Applying stored bound-tightening: 1262 milli
		[4.56%] SMT core: 95687 milli
		[37.35%] Symbolic Bound Tightening: 784568 milli
		[21.67%] SoI-based local search: 455285 milli
		[0.00%] SoI-based local search: 0 milli
		[12.62%] Unaccounted for: 265089 milli
	--- Preprocessor Statistics ---
	Number of preprocessor bound-tightening loop iterations: 8
	Number of eliminated variables: 0
	Number of constraints removed due to variable elimination: 0
	Number of equations removed due to variable elimination: 0
	--- Engine Statistics ---
	Number of main loop iterations: 1691688
		1533158 iterations were simplex steps. Total time: 624658 milli. Average: 0.41 milli.
		0 iterations were constraint-fixing steps. Total time: 0 milli. Average: 0.00 milli
	Number of active piecewise-linear constraints: 98 / 300
		Constraints disabled by valid splits: 195. By SMT-originated splits: 7
	Last reported degradation: 0.0000000000. Max degradation so far: 0.0019269992. Restorations so far: 2
	Number of simplex pivots we attempted to skip because of instability: 1073.
	Unstable pivots performed anyway: 169
	--- Tableau Statistics ---
	Total number of pivots performed: 1107163
		Real pivots: 1097497. Degenerate: 9666 (0.87%)
		Degenerate pivots by request (e.g., to fix a PL constraint): 0 (0.00%)
		Average time per pivot: 0.05 milli
	Total number of fake pivots performed: 68377
	Total number of rows added: 0. Number of merged columns: 0
	Current tableau dimensions: M = 604, N = 1518
	--- SMT Core Statistics ---
	Total depth is 11. Total visited states: 131223. Number of splits: 65622. Number of pops: 65600
	Max stack depth: 67
	--- Bound Tightening Statistics ---
	Number of tightened bounds: 21903398.
		Number of rows examined by row tightener: 1107164. Consequent tightenings: 445883
		Number of explicit basis matrices examined by row tightener: 20457. Consequent tightenings: 6163456
		Number of bound tightening rounds on the entire constraint matrix: 0. Consequent tightenings: 0
		Number of bound notifications sent to PL constraints: 41201384. Tightenings proposed: 0
	--- Basis Factorization statistics ---
	Number of basis refactorizations: 8890
	--- Projected Steepest Edge Statistics ---
	Number of iterations: 1176445.
	Number of resets to reference space: 65648. Avg. iterations per reset: 17
	--- SBT ---
	Number of tightened bounds: 21898059
	--- SoI-based local search ---
	Number of proposed phase pattern update: 82038. Number of accepted update: 128521 [156.66%]
	Total time (% of local search time) updating SoI phase pattern : 6838924 milli [1.50%]
	Total time obtaining current assignment: 23115725 milli [5.08%]
	Total time getting SoI phase pattern : 1559012 milli [0.07%]
	--- Context dependent statistics ---
	Number of pushes / pops: 131244 / 131244
		[0.18%] Pre-Push hook: 3685 milli
		[0.00%] Push : 1 milli
		[0.14%] Post-Pop hook: 2919 milli
		[0.20%] Pop : 4269 milli
		[0.52%] Total context-switching time: 10875 milli
	--- Proof Certificate ---
	Number of certified leaves: 0
	Number of leaves to delegate: 0
	Number of lemmas: 0
unsat
end run time: 10:59:04
DQN: Done solving. Time : 2101058 milli. 

