[456] processing ex_0457_label_0 …
start run time: 10:03:36
Network: /cs/labs/guykatz/maya.swisa/elbit/20_8/Marabou/resources/nnet/acasxu/ACASXU_experimental_v2a_1_1.nnet
Number of layers: 8. Input layer size: 5. Output layer size: 5. Number of ReLUs: 300
Total number of variables: 610
Property: /cs/labs/guykatz/maya.swisa/elbit/PROPERTY_1_08091/ex_0457_label_0/eps01.txt

Engine::processInputQuery: Input query (before preprocessing): 309 equations, 610 variables
Engine::processInputQuery: Input query (after preprocessing): 604 equations, 914 variables


Engine::solve: Initial statistics

10:03:36 Statistics update:
	--- Time Statistics ---
	Total time elapsed: 54 milli (00:00:00)
		Main loop: 0 milli (00:00:00)
		Preprocessing time: 39 milli (00:00:00)
		Unknown: 15 milli (00:00:00)
	Breakdown for main loop:
		[0.00%] Simplex steps: 0 milli
		[0.00%] Explicit-basis bound tightening: 0 milli
		[0.00%] Constraint-matrix bound tightening: 0 milli
		[0.00%] Degradation checking: 0 milli
		[0.00%] Precision restoration: 0 milli
		[0.00%] Statistics handling: 0 milli
		[0.00%] Constraint-fixing steps: 0 milli
		[0.00%] Valid case splits: 3 milli. Average per split: 0.00 milli
		[0.00%] Applying stored bound-tightening: 0 milli
		[0.00%] SMT core: 0 milli
		[0.00%] Symbolic Bound Tightening: 4 milli
		[0.00%] SoI-based local search: 0 milli
		[0.00%] SoI-based local search: 0 milli
		[0.00%] Unaccounted for: 0 milli
	--- Preprocessor Statistics ---
	Number of preprocessor bound-tightening loop iterations: 8
	Number of eliminated variables: 0
	Number of constraints removed due to variable elimination: 0
	Number of equations removed due to variable elimination: 0
	--- Engine Statistics ---
	Number of main loop iterations: 1
		0 iterations were simplex steps. Total time: 0 milli. Average: 0.00 milli.
		0 iterations were constraint-fixing steps. Total time: 0 milli. Average: 0.00 milli
	Number of active piecewise-linear constraints: 131 / 300
		Constraints disabled by valid splits: 169. By SMT-originated splits: 0
	Last reported degradation: 0.0000000000. Max degradation so far: 0.0000000000. Restorations so far: 0
	Number of simplex pivots we attempted to skip because of instability: 0.
	Unstable pivots performed anyway: 0
	--- Tableau Statistics ---
	Total number of pivots performed: 0
		Real pivots: 0. Degenerate: 0 (0.00%)
		Degenerate pivots by request (e.g., to fix a PL constraint): 0 (0.00%)
		Average time per pivot: 0.00 milli
	Total number of fake pivots performed: 0
	Total number of rows added: 0. Number of merged columns: 0
	Current tableau dimensions: M = 604, N = 1518
	--- SMT Core Statistics ---
	Total depth is 0. Total visited states: 1. Number of splits: 0. Number of pops: 0
	Max stack depth: 0
	--- Bound Tightening Statistics ---
	Number of tightened bounds: 0.
		Number of rows examined by row tightener: 0. Consequent tightenings: 0
		Number of explicit basis matrices examined by row tightener: 0. Consequent tightenings: 0
		Number of bound tightening rounds on the entire constraint matrix: 0. Consequent tightenings: 0
		Number of bound notifications sent to PL constraints: 1800. Tightenings proposed: 0
	--- Basis Factorization statistics ---
	Number of basis refactorizations: 2
	--- Projected Steepest Edge Statistics ---
	Number of iterations: 0.
	Number of resets to reference space: 1. Avg. iterations per reset: 0
	--- SBT ---
	Number of tightened bounds: 747
	--- SoI-based local search ---
	Number of proposed phase pattern update: 0. Number of accepted update: 0 [0.00%]
	Total time (% of local search time) updating SoI phase pattern : 0 milli [0.00%]
	Total time obtaining current assignment: 0 milli [0.00%]
	Total time getting SoI phase pattern : 0 milli [0.00%]
	--- Context dependent statistics ---
	Number of pushes / pops: 0 / 0
		[0.00%] Pre-Push hook: 0 milli
		[0.00%] Push : 0 milli
		[0.00%] Post-Pop hook: 0 milli
		[0.00%] Pop : 0 milli
		[0.00%] Total context-switching time: 0 milli
	--- Proof Certificate ---
	Number of certified leaves: 0
	Number of leaves to delegate: 0
	Number of lemmas: 0

---
start solving without an agent

Engine::solve: unsat query

10:06:39 Statistics update:
	--- Time Statistics ---
	Total time elapsed: 183062 milli (00:03:03)
		Main loop: 182965 milli (00:03:02)
		Preprocessing time: 39 milli (00:00:00)
		Unknown: 58 milli (00:00:00)
	Breakdown for main loop:
		[32.03%] Simplex steps: 58598 milli
		[16.14%] Explicit-basis bound tightening: 29522 milli
		[0.00%] Constraint-matrix bound tightening: 0 milli
		[0.15%] Degradation checking: 269 milli
		[0.00%] Precision restoration: 0 milli
		[0.03%] Statistics handling: 58 milli
		[0.00%] Constraint-fixing steps: 0 milli
		[0.66%] Valid case splits: 1209 milli. Average per split: 0.00 milli
		[0.05%] Applying stored bound-tightening: 89 milli
		[3.74%] SMT core: 6841 milli
		[38.30%] Symbolic Bound Tightening: 70069 milli
		[24.08%] SoI-based local search: 44063 milli
		[0.00%] SoI-based local search: 0 milli
		[8.91%] Unaccounted for: 16306 milli
	--- Preprocessor Statistics ---
	Number of preprocessor bound-tightening loop iterations: 8
	Number of eliminated variables: 0
	Number of constraints removed due to variable elimination: 0
	Number of equations removed due to variable elimination: 0
	--- Engine Statistics ---
	Number of main loop iterations: 161916
		148430 iterations were simplex steps. Total time: 58598 milli. Average: 0.39 milli.
		0 iterations were constraint-fixing steps. Total time: 0 milli. Average: 0.00 milli
	Number of active piecewise-linear constraints: 60 / 300
		Constraints disabled by valid splits: 240. By SMT-originated splits: 0
	Last reported degradation: 0.0000000000. Max degradation so far: 0.0000001204. Restorations so far: 0
	Number of simplex pivots we attempted to skip because of instability: 38.
	Unstable pivots performed anyway: 1
	--- Tableau Statistics ---
	Total number of pivots performed: 113933
		Real pivots: 113083. Degenerate: 850 (0.75%)
		Degenerate pivots by request (e.g., to fix a PL constraint): 0 (0.00%)
		Average time per pivot: 0.05 milli
	Total number of fake pivots performed: 7336
	Total number of rows added: 0. Number of merged columns: 0
	Current tableau dimensions: M = 604, N = 1518
	--- SMT Core Statistics ---
	Total depth is 2. Total visited states: 10231. Number of splits: 5115. Number of pops: 5115
	Max stack depth: 48
	--- Bound Tightening Statistics ---
	Number of tightened bounds: 2416456.
		Number of rows examined by row tightener: 113933. Consequent tightenings: 32279
		Number of explicit basis matrices examined by row tightener: 2028. Consequent tightenings: 555043
		Number of bound tightening rounds on the entire constraint matrix: 0. Consequent tightenings: 0
		Number of bound notifications sent to PL constraints: 4189677. Tightenings proposed: 0
	--- Basis Factorization statistics ---
	Number of basis refactorizations: 954
	--- Projected Steepest Edge Statistics ---
	Number of iterations: 121306.
	Number of resets to reference space: 5116. Avg. iterations per reset: 23
	--- SBT ---
	Number of tightened bounds: 2417203
	--- SoI-based local search ---
	Number of proposed phase pattern update: 6916. Number of accepted update: 9644 [139.44%]
	Total time (% of local search time) updating SoI phase pattern : 526376 milli [1.19%]
	Total time obtaining current assignment: 1858265 milli [4.22%]
	Total time getting SoI phase pattern : 144313 milli [0.08%]
	--- Context dependent statistics ---
	Number of pushes / pops: 10230 / 10230
		[0.16%] Pre-Push hook: 298 milli
		[0.00%] Push : 0 milli
		[0.15%] Post-Pop hook: 275 milli
		[0.20%] Pop : 374 milli
		[0.52%] Total context-switching time: 948 milli
	--- Proof Certificate ---
	Number of certified leaves: 0
	Number of leaves to delegate: 0
	Number of lemmas: 0
unsat
end run time: 10:06:39
DQN: Done solving. Time : 183073 milli. 

start run time: 10:06:39
Network: /cs/labs/guykatz/maya.swisa/elbit/20_8/Marabou/resources/nnet/acasxu/ACASXU_experimental_v2a_1_1.nnet
Number of layers: 8. Input layer size: 5. Output layer size: 5. Number of ReLUs: 300
Total number of variables: 610
Property: /cs/labs/guykatz/maya.swisa/elbit/PROPERTY_1_08091/ex_0457_label_0/eps02.txt

Engine::processInputQuery: Input query (before preprocessing): 309 equations, 610 variables
Engine::processInputQuery: Input query (after preprocessing): 604 equations, 914 variables


Engine::solve: Initial statistics

10:06:39 Statistics update:
	--- Time Statistics ---
	Total time elapsed: 39 milli (00:00:00)
		Main loop: 0 milli (00:00:00)
		Preprocessing time: 30 milli (00:00:00)
		Unknown: 8 milli (00:00:00)
	Breakdown for main loop:
		[0.00%] Simplex steps: 0 milli
		[0.00%] Explicit-basis bound tightening: 0 milli
		[0.00%] Constraint-matrix bound tightening: 0 milli
		[0.00%] Degradation checking: 0 milli
		[0.00%] Precision restoration: 0 milli
		[0.00%] Statistics handling: 0 milli
		[0.00%] Constraint-fixing steps: 0 milli
		[0.00%] Valid case splits: 2 milli. Average per split: 0.00 milli
		[0.00%] Applying stored bound-tightening: 0 milli
		[0.00%] SMT core: 0 milli
		[0.00%] Symbolic Bound Tightening: 4 milli
		[0.00%] SoI-based local search: 0 milli
		[0.00%] SoI-based local search: 0 milli
		[0.00%] Unaccounted for: 0 milli
	--- Preprocessor Statistics ---
	Number of preprocessor bound-tightening loop iterations: 8
	Number of eliminated variables: 0
	Number of constraints removed due to variable elimination: 0
	Number of equations removed due to variable elimination: 0
	--- Engine Statistics ---
	Number of main loop iterations: 1
		0 iterations were simplex steps. Total time: 0 milli. Average: 0.00 milli.
		0 iterations were constraint-fixing steps. Total time: 0 milli. Average: 0.00 milli
	Number of active piecewise-linear constraints: 156 / 300
		Constraints disabled by valid splits: 144. By SMT-originated splits: 0
	Last reported degradation: 0.0000000000. Max degradation so far: 0.0000000000. Restorations so far: 0
	Number of simplex pivots we attempted to skip because of instability: 0.
	Unstable pivots performed anyway: 0
	--- Tableau Statistics ---
	Total number of pivots performed: 0
		Real pivots: 0. Degenerate: 0 (0.00%)
		Degenerate pivots by request (e.g., to fix a PL constraint): 0 (0.00%)
		Average time per pivot: 0.00 milli
	Total number of fake pivots performed: 0
	Total number of rows added: 0. Number of merged columns: 0
	Current tableau dimensions: M = 604, N = 1518
	--- SMT Core Statistics ---
	Total depth is 0. Total visited states: 1. Number of splits: 0. Number of pops: 0
	Max stack depth: 0
	--- Bound Tightening Statistics ---
	Number of tightened bounds: 0.
		Number of rows examined by row tightener: 0. Consequent tightenings: 0
		Number of explicit basis matrices examined by row tightener: 0. Consequent tightenings: 0
		Number of bound tightening rounds on the entire constraint matrix: 0. Consequent tightenings: 0
		Number of bound notifications sent to PL constraints: 1800. Tightenings proposed: 0
	--- Basis Factorization statistics ---
	Number of basis refactorizations: 2
	--- Projected Steepest Edge Statistics ---
	Number of iterations: 0.
	Number of resets to reference space: 1. Avg. iterations per reset: 0
	--- SBT ---
	Number of tightened bounds: 744
	--- SoI-based local search ---
	Number of proposed phase pattern update: 0. Number of accepted update: 0 [0.00%]
	Total time (% of local search time) updating SoI phase pattern : 0 milli [0.00%]
	Total time obtaining current assignment: 0 milli [0.00%]
	Total time getting SoI phase pattern : 0 milli [0.00%]
	--- Context dependent statistics ---
	Number of pushes / pops: 0 / 0
		[0.00%] Pre-Push hook: 0 milli
		[0.00%] Push : 0 milli
		[0.00%] Post-Pop hook: 0 milli
		[0.00%] Pop : 0 milli
		[0.00%] Total context-switching time: 0 milli
	--- Proof Certificate ---
	Number of certified leaves: 0
	Number of leaves to delegate: 0
	Number of lemmas: 0

---
start solving without an agent
Performing precision restoration. Degradation before: 0.002950573047935. After: 0.000000000000102
Performing precision restoration. Degradation before: 0.000010464987829. After: 0.000000000000116
Performing precision restoration. Degradation before: 0.005183133957343. After: 0.000000000000141

Engine::solve: unsat query

10:24:53 Statistics update:
	--- Time Statistics ---
	Total time elapsed: 1094183 milli (00:18:14)
		Main loop: 1093922 milli (00:18:13)
		Preprocessing time: 30 milli (00:00:00)
		Unknown: 230 milli (00:00:00)
	Breakdown for main loop:
		[31.07%] Simplex steps: 339919 milli
		[19.46%] Explicit-basis bound tightening: 212891 milli
		[0.00%] Constraint-matrix bound tightening: 0 milli
		[0.13%] Degradation checking: 1397 milli
		[0.00%] Precision restoration: 20 milli
		[0.07%] Statistics handling: 794 milli
		[0.00%] Constraint-fixing steps: 0 milli
		[0.49%] Valid case splits: 5317 milli. Average per split: 0.00 milli
		[0.05%] Applying stored bound-tightening: 505 milli
		[3.59%] SMT core: 39238 milli
		[32.05%] Symbolic Bound Tightening: 350607 milli
		[21.74%] SoI-based local search: 237858 milli
		[0.00%] SoI-based local search: 0 milli
		[13.09%] Unaccounted for: 143229 milli
	--- Preprocessor Statistics ---
	Number of preprocessor bound-tightening loop iterations: 8
	Number of eliminated variables: 0
	Number of constraints removed due to variable elimination: 0
	Number of equations removed due to variable elimination: 0
	--- Engine Statistics ---
	Number of main loop iterations: 809168
		739025 iterations were simplex steps. Total time: 339919 milli. Average: 0.46 milli.
		0 iterations were constraint-fixing steps. Total time: 0 milli. Average: 0.00 milli
	Number of active piecewise-linear constraints: 65 / 300
		Constraints disabled by valid splits: 235. By SMT-originated splits: 0
	Last reported degradation: 0.0000000000. Max degradation so far: 0.0051415861. Restorations so far: 3
	Number of simplex pivots we attempted to skip because of instability: 183.
	Unstable pivots performed anyway: 17
	--- Tableau Statistics ---
	Total number of pivots performed: 555512
		Real pivots: 551571. Degenerate: 3941 (0.71%)
		Degenerate pivots by request (e.g., to fix a PL constraint): 0 (0.00%)
		Average time per pivot: 0.05 milli
	Total number of fake pivots performed: 34906
	Total number of rows added: 0. Number of merged columns: 0
	Current tableau dimensions: M = 604, N = 1518
	--- SMT Core Statistics ---
	Total depth is 2. Total visited states: 55221. Number of splits: 27616. Number of pops: 27604
	Max stack depth: 68
	--- Bound Tightening Statistics ---
	Number of tightened bounds: 9903234.
		Number of rows examined by row tightener: 555512. Consequent tightenings: 185766
		Number of explicit basis matrices examined by row tightener: 10606. Consequent tightenings: 3135382
		Number of bound tightening rounds on the entire constraint matrix: 0. Consequent tightenings: 0
		Number of bound notifications sent to PL constraints: 18485436. Tightenings proposed: 0
	--- Basis Factorization statistics ---
	Number of basis refactorizations: 4330
	--- Projected Steepest Edge Statistics ---
	Number of iterations: 590584.
	Number of resets to reference space: 27650. Avg. iterations per reset: 21
	--- SBT ---
	Number of tightened bounds: 9894870
	--- SoI-based local search ---
	Number of proposed phase pattern update: 37108. Number of accepted update: 52413 [141.24%]
	Total time (% of local search time) updating SoI phase pattern : 2839037 milli [1.19%]
	Total time obtaining current assignment: 10346823 milli [4.35%]
	Total time getting SoI phase pattern : 712194 milli [0.07%]
	--- Context dependent statistics ---
	Number of pushes / pops: 55232 / 55232
		[0.14%] Pre-Push hook: 1551 milli
		[0.00%] Push : 0 milli
		[0.13%] Post-Pop hook: 1375 milli
		[0.16%] Pop : 1735 milli
		[0.43%] Total context-switching time: 4662 milli
	--- Proof Certificate ---
	Number of certified leaves: 0
	Number of leaves to delegate: 0
	Number of lemmas: 0
unsat
end run time: 10:24:53
DQN: Done solving. Time : 1094196 milli. 

start run time: 10:24:53
Network: /cs/labs/guykatz/maya.swisa/elbit/20_8/Marabou/resources/nnet/acasxu/ACASXU_experimental_v2a_1_1.nnet
Number of layers: 8. Input layer size: 5. Output layer size: 5. Number of ReLUs: 300
Total number of variables: 610
Property: /cs/labs/guykatz/maya.swisa/elbit/PROPERTY_1_08091/ex_0457_label_0/eps03.txt

Engine::processInputQuery: Input query (before preprocessing): 309 equations, 610 variables
Engine::processInputQuery: Input query (after preprocessing): 604 equations, 914 variables


Engine::solve: Initial statistics

10:24:53 Statistics update:
	--- Time Statistics ---
	Total time elapsed: 51 milli (00:00:00)
		Main loop: 0 milli (00:00:00)
		Preprocessing time: 30 milli (00:00:00)
		Unknown: 21 milli (00:00:00)
	Breakdown for main loop:
		[0.00%] Simplex steps: 0 milli
		[0.00%] Explicit-basis bound tightening: 0 milli
		[0.00%] Constraint-matrix bound tightening: 0 milli
		[0.00%] Degradation checking: 0 milli
		[0.00%] Precision restoration: 0 milli
		[0.00%] Statistics handling: 0 milli
		[0.00%] Constraint-fixing steps: 0 milli
		[0.00%] Valid case splits: 2 milli. Average per split: 0.00 milli
		[0.00%] Applying stored bound-tightening: 0 milli
		[0.00%] SMT core: 0 milli
		[0.00%] Symbolic Bound Tightening: 5 milli
		[0.00%] SoI-based local search: 0 milli
		[0.00%] SoI-based local search: 0 milli
		[0.00%] Unaccounted for: 0 milli
	--- Preprocessor Statistics ---
	Number of preprocessor bound-tightening loop iterations: 8
	Number of eliminated variables: 0
	Number of constraints removed due to variable elimination: 0
	Number of equations removed due to variable elimination: 0
	--- Engine Statistics ---
	Number of main loop iterations: 1
		0 iterations were simplex steps. Total time: 0 milli. Average: 0.00 milli.
		0 iterations were constraint-fixing steps. Total time: 0 milli. Average: 0.00 milli
	Number of active piecewise-linear constraints: 173 / 300
		Constraints disabled by valid splits: 127. By SMT-originated splits: 0
	Last reported degradation: 0.0000000000. Max degradation so far: 0.0000000000. Restorations so far: 0
	Number of simplex pivots we attempted to skip because of instability: 0.
	Unstable pivots performed anyway: 0
	--- Tableau Statistics ---
	Total number of pivots performed: 0
		Real pivots: 0. Degenerate: 0 (0.00%)
		Degenerate pivots by request (e.g., to fix a PL constraint): 0 (0.00%)
		Average time per pivot: 0.00 milli
	Total number of fake pivots performed: 0
	Total number of rows added: 0. Number of merged columns: 0
	Current tableau dimensions: M = 604, N = 1518
	--- SMT Core Statistics ---
	Total depth is 0. Total visited states: 1. Number of splits: 0. Number of pops: 0
	Max stack depth: 0
	--- Bound Tightening Statistics ---
	Number of tightened bounds: 0.
		Number of rows examined by row tightener: 0. Consequent tightenings: 0
		Number of explicit basis matrices examined by row tightener: 0. Consequent tightenings: 0
		Number of bound tightening rounds on the entire constraint matrix: 0. Consequent tightenings: 0
		Number of bound notifications sent to PL constraints: 1800. Tightenings proposed: 0
	--- Basis Factorization statistics ---
	Number of basis refactorizations: 2
	--- Projected Steepest Edge Statistics ---
	Number of iterations: 0.
	Number of resets to reference space: 1. Avg. iterations per reset: 0
	--- SBT ---
	Number of tightened bounds: 742
	--- SoI-based local search ---
	Number of proposed phase pattern update: 0. Number of accepted update: 0 [0.00%]
	Total time (% of local search time) updating SoI phase pattern : 0 milli [0.00%]
	Total time obtaining current assignment: 0 milli [0.00%]
	Total time getting SoI phase pattern : 0 milli [0.00%]
	--- Context dependent statistics ---
	Number of pushes / pops: 0 / 0
		[0.00%] Pre-Push hook: 0 milli
		[0.00%] Push : 0 milli
		[0.00%] Post-Pop hook: 0 milli
		[0.00%] Pop : 0 milli
		[0.00%] Total context-switching time: 0 milli
	--- Proof Certificate ---
	Number of certified leaves: 0
	Number of leaves to delegate: 0
	Number of lemmas: 0

---
start solving without an agent
Performing precision restoration. Degradation before: 0.001544330323338. After: 0.000000000000123
Performing precision restoration. Degradation before: 0.000035145374335. After: 0.000000000000220

Engine::solve: unsat query

11:06:42 Statistics update:
	--- Time Statistics ---
	Total time elapsed: 2509244 milli (00:41:49)
		Main loop: 2508733 milli (00:41:48)
		Preprocessing time: 30 milli (00:00:00)
		Unknown: 480 milli (00:00:00)
	Breakdown for main loop:
		[30.49%] Simplex steps: 764979 milli
		[16.73%] Explicit-basis bound tightening: 419663 milli
		[0.00%] Constraint-matrix bound tightening: 0 milli
		[0.13%] Degradation checking: 3189 milli
		[0.00%] Precision restoration: 13 milli
		[0.08%] Statistics handling: 1891 milli
		[0.00%] Constraint-fixing steps: 0 milli
		[0.45%] Valid case splits: 11386 milli. Average per split: 0.00 milli
		[0.06%] Applying stored bound-tightening: 1390 milli
		[4.13%] SMT core: 103585 milli
		[32.63%] Symbolic Bound Tightening: 818537 milli
		[22.50%] SoI-based local search: 564427 milli
		[0.00%] SoI-based local search: 0 milli
		[15.31%] Unaccounted for: 384095 milli
	--- Preprocessor Statistics ---
	Number of preprocessor bound-tightening loop iterations: 8
	Number of eliminated variables: 0
	Number of constraints removed due to variable elimination: 0
	Number of equations removed due to variable elimination: 0
	--- Engine Statistics ---
	Number of main loop iterations: 1771037
		1605264 iterations were simplex steps. Total time: 764979 milli. Average: 0.48 milli.
		0 iterations were constraint-fixing steps. Total time: 0 milli. Average: 0.00 milli
	Number of active piecewise-linear constraints: 50 / 300
		Constraints disabled by valid splits: 250. By SMT-originated splits: 0
	Last reported degradation: 0.0000000000. Max degradation so far: 0.0015433325. Restorations so far: 2
	Number of simplex pivots we attempted to skip because of instability: 494.
	Unstable pivots performed anyway: 40
	--- Tableau Statistics ---
	Total number of pivots performed: 1171566
		Real pivots: 1163019. Degenerate: 8547 (0.73%)
		Degenerate pivots by request (e.g., to fix a PL constraint): 0 (0.00%)
		Average time per pivot: 0.06 milli
	Total number of fake pivots performed: 75622
	Total number of rows added: 0. Number of merged columns: 0
	Current tableau dimensions: M = 604, N = 1518
	--- SMT Core Statistics ---
	Total depth is 3. Total visited states: 132989. Number of splits: 66506. Number of pops: 66482
	Max stack depth: 85
	--- Bound Tightening Statistics ---
	Number of tightened bounds: 21491552.
		Number of rows examined by row tightener: 1171566. Consequent tightenings: 429284
		Number of explicit basis matrices examined by row tightener: 24406. Consequent tightenings: 6614659
		Number of bound tightening rounds on the entire constraint matrix: 0. Consequent tightenings: 0
		Number of bound notifications sent to PL constraints: 40102888. Tightenings proposed: 0
	--- Basis Factorization statistics ---
	Number of basis refactorizations: 9340
	--- Projected Steepest Edge Statistics ---
	Number of iterations: 1247642.
	Number of resets to reference space: 66529. Avg. iterations per reset: 18
	--- SBT ---
	Number of tightened bounds: 21486222
	--- SoI-based local search ---
	Number of proposed phase pattern update: 86768. Number of accepted update: 127728 [147.21%]
	Total time (% of local search time) updating SoI phase pattern : 7138722 milli [1.26%]
	Total time obtaining current assignment: 27873343 milli [4.94%]
	Total time getting SoI phase pattern : 1895881 milli [0.08%]
	--- Context dependent statistics ---
	Number of pushes / pops: 133012 / 133012
		[0.17%] Pre-Push hook: 4271 milli
		[0.00%] Push : 0 milli
		[0.14%] Post-Pop hook: 3427 milli
		[0.18%] Pop : 4418 milli
		[0.48%] Total context-switching time: 12118 milli
	--- Proof Certificate ---
	Number of certified leaves: 0
	Number of leaves to delegate: 0
	Number of lemmas: 0
unsat
end run time: 11:06:42
DQN: Done solving. Time : 2509258 milli. 

