[346] processing ex_0347_label_0 …
start run time: 09:59:59
Network: /cs/labs/guykatz/maya.swisa/elbit/20_8/Marabou/resources/nnet/acasxu/ACASXU_experimental_v2a_1_1.nnet
Number of layers: 8. Input layer size: 5. Output layer size: 5. Number of ReLUs: 300
Total number of variables: 610
Property: /cs/labs/guykatz/maya.swisa/elbit/PROPERTY_1_08091/ex_0347_label_0/eps01.txt

Engine::processInputQuery: Input query (before preprocessing): 309 equations, 610 variables
Engine::processInputQuery: Input query (after preprocessing): 604 equations, 914 variables


Engine::solve: Initial statistics

09:59:59 Statistics update:
	--- Time Statistics ---
	Total time elapsed: 55 milli (00:00:00)
		Main loop: 0 milli (00:00:00)
		Preprocessing time: 38 milli (00:00:00)
		Unknown: 16 milli (00:00:00)
	Breakdown for main loop:
		[0.00%] Simplex steps: 0 milli
		[0.00%] Explicit-basis bound tightening: 0 milli
		[0.00%] Constraint-matrix bound tightening: 0 milli
		[0.00%] Degradation checking: 0 milli
		[0.00%] Precision restoration: 0 milli
		[0.00%] Statistics handling: 0 milli
		[0.00%] Constraint-fixing steps: 0 milli
		[0.00%] Valid case splits: 3 milli. Average per split: 0.00 milli
		[0.00%] Applying stored bound-tightening: 0 milli
		[0.00%] SMT core: 0 milli
		[0.00%] Symbolic Bound Tightening: 4 milli
		[0.00%] SoI-based local search: 0 milli
		[0.00%] SoI-based local search: 0 milli
		[0.00%] Unaccounted for: 0 milli
	--- Preprocessor Statistics ---
	Number of preprocessor bound-tightening loop iterations: 8
	Number of eliminated variables: 0
	Number of constraints removed due to variable elimination: 0
	Number of equations removed due to variable elimination: 0
	--- Engine Statistics ---
	Number of main loop iterations: 1
		0 iterations were simplex steps. Total time: 0 milli. Average: 0.00 milli.
		0 iterations were constraint-fixing steps. Total time: 0 milli. Average: 0.00 milli
	Number of active piecewise-linear constraints: 118 / 300
		Constraints disabled by valid splits: 182. By SMT-originated splits: 0
	Last reported degradation: 0.0000000000. Max degradation so far: 0.0000000000. Restorations so far: 0
	Number of simplex pivots we attempted to skip because of instability: 0.
	Unstable pivots performed anyway: 0
	--- Tableau Statistics ---
	Total number of pivots performed: 0
		Real pivots: 0. Degenerate: 0 (0.00%)
		Degenerate pivots by request (e.g., to fix a PL constraint): 0 (0.00%)
		Average time per pivot: 0.00 milli
	Total number of fake pivots performed: 0
	Total number of rows added: 0. Number of merged columns: 0
	Current tableau dimensions: M = 604, N = 1518
	--- SMT Core Statistics ---
	Total depth is 0. Total visited states: 1. Number of splits: 0. Number of pops: 0
	Max stack depth: 0
	--- Bound Tightening Statistics ---
	Number of tightened bounds: 0.
		Number of rows examined by row tightener: 0. Consequent tightenings: 0
		Number of explicit basis matrices examined by row tightener: 0. Consequent tightenings: 0
		Number of bound tightening rounds on the entire constraint matrix: 0. Consequent tightenings: 0
		Number of bound notifications sent to PL constraints: 1800. Tightenings proposed: 0
	--- Basis Factorization statistics ---
	Number of basis refactorizations: 2
	--- Projected Steepest Edge Statistics ---
	Number of iterations: 0.
	Number of resets to reference space: 1. Avg. iterations per reset: 0
	--- SBT ---
	Number of tightened bounds: 746
	--- SoI-based local search ---
	Number of proposed phase pattern update: 0. Number of accepted update: 0 [0.00%]
	Total time (% of local search time) updating SoI phase pattern : 0 milli [0.00%]
	Total time obtaining current assignment: 0 milli [0.00%]
	Total time getting SoI phase pattern : 0 milli [0.00%]
	--- Context dependent statistics ---
	Number of pushes / pops: 0 / 0
		[0.00%] Pre-Push hook: 0 milli
		[0.00%] Push : 0 milli
		[0.00%] Post-Pop hook: 0 milli
		[0.00%] Pop : 0 milli
		[0.00%] Total context-switching time: 0 milli
	--- Proof Certificate ---
	Number of certified leaves: 0
	Number of leaves to delegate: 0
	Number of lemmas: 0

---
start solving without an agent

Engine::solve: unsat query

10:01:38 Statistics update:
	--- Time Statistics ---
	Total time elapsed: 98967 milli (00:01:38)
		Main loop: 98888 milli (00:01:38)
		Preprocessing time: 38 milli (00:00:00)
		Unknown: 40 milli (00:00:00)
	Breakdown for main loop:
		[29.97%] Simplex steps: 29632 milli
		[19.09%] Explicit-basis bound tightening: 18882 milli
		[0.00%] Constraint-matrix bound tightening: 0 milli
		[0.15%] Degradation checking: 144 milli
		[0.00%] Precision restoration: 0 milli
		[0.03%] Statistics handling: 31 milli
		[0.00%] Constraint-fixing steps: 0 milli
		[0.43%] Valid case splits: 428 milli. Average per split: 0.00 milli
		[0.05%] Applying stored bound-tightening: 53 milli
		[3.82%] SMT core: 3776 milli
		[36.92%] Symbolic Bound Tightening: 36507 milli
		[22.28%] SoI-based local search: 22037 milli
		[0.00%] SoI-based local search: 0 milli
		[9.54%] Unaccounted for: 9430 milli
	--- Preprocessor Statistics ---
	Number of preprocessor bound-tightening loop iterations: 8
	Number of eliminated variables: 0
	Number of constraints removed due to variable elimination: 0
	Number of equations removed due to variable elimination: 0
	--- Engine Statistics ---
	Number of main loop iterations: 85391
		77664 iterations were simplex steps. Total time: 29632 milli. Average: 0.38 milli.
		0 iterations were constraint-fixing steps. Total time: 0 milli. Average: 0.00 milli
	Number of active piecewise-linear constraints: 37 / 300
		Constraints disabled by valid splits: 263. By SMT-originated splits: 0
	Last reported degradation: 0.0000000000. Max degradation so far: 0.0000005516. Restorations so far: 0
	Number of simplex pivots we attempted to skip because of instability: 44.
	Unstable pivots performed anyway: 2
	--- Tableau Statistics ---
	Total number of pivots performed: 58062
		Real pivots: 57609. Degenerate: 453 (0.78%)
		Degenerate pivots by request (e.g., to fix a PL constraint): 0 (0.00%)
		Average time per pivot: 0.05 milli
	Total number of fake pivots performed: 4197
	Total number of rows added: 0. Number of merged columns: 0
	Current tableau dimensions: M = 604, N = 1518
	--- SMT Core Statistics ---
	Total depth is 2. Total visited states: 5894. Number of splits: 2947. Number of pops: 2946
	Max stack depth: 40
	--- Bound Tightening Statistics ---
	Number of tightened bounds: 1344206.
		Number of rows examined by row tightener: 58062. Consequent tightenings: 17603
		Number of explicit basis matrices examined by row tightener: 1269. Consequent tightenings: 366820
		Number of bound tightening rounds on the entire constraint matrix: 0. Consequent tightenings: 0
		Number of bound notifications sent to PL constraints: 2311113. Tightenings proposed: 0
	--- Basis Factorization statistics ---
	Number of basis refactorizations: 488
	--- Projected Steepest Edge Statistics ---
	Number of iterations: 62301.
	Number of resets to reference space: 2948. Avg. iterations per reset: 21
	--- SBT ---
	Number of tightened bounds: 1344952
	--- SoI-based local search ---
	Number of proposed phase pattern update: 3811. Number of accepted update: 5739 [150.59%]
	Total time (% of local search time) updating SoI phase pattern : 281029 milli [1.28%]
	Total time obtaining current assignment: 987273 milli [4.48%]
	Total time getting SoI phase pattern : 49094 milli [0.05%]
	--- Context dependent statistics ---
	Number of pushes / pops: 5894 / 5894
		[0.19%] Pre-Push hook: 190 milli
		[0.00%] Push : 0 milli
		[0.14%] Post-Pop hook: 143 milli
		[0.24%] Pop : 240 milli
		[0.58%] Total context-switching time: 574 milli
	--- Proof Certificate ---
	Number of certified leaves: 0
	Number of leaves to delegate: 0
	Number of lemmas: 0
unsat
end run time: 10:01:38
DQN: Done solving. Time : 98974 milli. 

start run time: 10:01:38
Network: /cs/labs/guykatz/maya.swisa/elbit/20_8/Marabou/resources/nnet/acasxu/ACASXU_experimental_v2a_1_1.nnet
Number of layers: 8. Input layer size: 5. Output layer size: 5. Number of ReLUs: 300
Total number of variables: 610
Property: /cs/labs/guykatz/maya.swisa/elbit/PROPERTY_1_08091/ex_0347_label_0/eps02.txt

Engine::processInputQuery: Input query (before preprocessing): 309 equations, 610 variables
Engine::processInputQuery: Input query (after preprocessing): 604 equations, 914 variables


Engine::solve: Initial statistics

10:01:38 Statistics update:
	--- Time Statistics ---
	Total time elapsed: 39 milli (00:00:00)
		Main loop: 0 milli (00:00:00)
		Preprocessing time: 31 milli (00:00:00)
		Unknown: 8 milli (00:00:00)
	Breakdown for main loop:
		[0.00%] Simplex steps: 0 milli
		[0.00%] Explicit-basis bound tightening: 0 milli
		[0.00%] Constraint-matrix bound tightening: 0 milli
		[0.00%] Degradation checking: 0 milli
		[0.00%] Precision restoration: 0 milli
		[0.00%] Statistics handling: 0 milli
		[0.00%] Constraint-fixing steps: 0 milli
		[0.00%] Valid case splits: 3 milli. Average per split: 0.00 milli
		[0.00%] Applying stored bound-tightening: 0 milli
		[0.00%] SMT core: 0 milli
		[0.00%] Symbolic Bound Tightening: 4 milli
		[0.00%] SoI-based local search: 0 milli
		[0.00%] SoI-based local search: 0 milli
		[0.00%] Unaccounted for: 0 milli
	--- Preprocessor Statistics ---
	Number of preprocessor bound-tightening loop iterations: 8
	Number of eliminated variables: 0
	Number of constraints removed due to variable elimination: 0
	Number of equations removed due to variable elimination: 0
	--- Engine Statistics ---
	Number of main loop iterations: 1
		0 iterations were simplex steps. Total time: 0 milli. Average: 0.00 milli.
		0 iterations were constraint-fixing steps. Total time: 0 milli. Average: 0.00 milli
	Number of active piecewise-linear constraints: 135 / 300
		Constraints disabled by valid splits: 165. By SMT-originated splits: 0
	Last reported degradation: 0.0000000000. Max degradation so far: 0.0000000000. Restorations so far: 0
	Number of simplex pivots we attempted to skip because of instability: 0.
	Unstable pivots performed anyway: 0
	--- Tableau Statistics ---
	Total number of pivots performed: 0
		Real pivots: 0. Degenerate: 0 (0.00%)
		Degenerate pivots by request (e.g., to fix a PL constraint): 0 (0.00%)
		Average time per pivot: 0.00 milli
	Total number of fake pivots performed: 0
	Total number of rows added: 0. Number of merged columns: 0
	Current tableau dimensions: M = 604, N = 1518
	--- SMT Core Statistics ---
	Total depth is 0. Total visited states: 1. Number of splits: 0. Number of pops: 0
	Max stack depth: 0
	--- Bound Tightening Statistics ---
	Number of tightened bounds: 0.
		Number of rows examined by row tightener: 0. Consequent tightenings: 0
		Number of explicit basis matrices examined by row tightener: 0. Consequent tightenings: 0
		Number of bound tightening rounds on the entire constraint matrix: 0. Consequent tightenings: 0
		Number of bound notifications sent to PL constraints: 1800. Tightenings proposed: 0
	--- Basis Factorization statistics ---
	Number of basis refactorizations: 2
	--- Projected Steepest Edge Statistics ---
	Number of iterations: 0.
	Number of resets to reference space: 1. Avg. iterations per reset: 0
	--- SBT ---
	Number of tightened bounds: 750
	--- SoI-based local search ---
	Number of proposed phase pattern update: 0. Number of accepted update: 0 [0.00%]
	Total time (% of local search time) updating SoI phase pattern : 0 milli [0.00%]
	Total time obtaining current assignment: 0 milli [0.00%]
	Total time getting SoI phase pattern : 0 milli [0.00%]
	--- Context dependent statistics ---
	Number of pushes / pops: 0 / 0
		[0.00%] Pre-Push hook: 0 milli
		[0.00%] Push : 0 milli
		[0.00%] Post-Pop hook: 0 milli
		[0.00%] Pop : 0 milli
		[0.00%] Total context-switching time: 0 milli
	--- Proof Certificate ---
	Number of certified leaves: 0
	Number of leaves to delegate: 0
	Number of lemmas: 0

---
start solving without an agent

Engine::solve: unsat query

10:06:26 Statistics update:
	--- Time Statistics ---
	Total time elapsed: 288735 milli (00:04:48)
		Main loop: 288626 milli (00:04:48)
		Preprocessing time: 31 milli (00:00:00)
		Unknown: 78 milli (00:00:00)
	Breakdown for main loop:
		[29.44%] Simplex steps: 84977 milli
		[16.39%] Explicit-basis bound tightening: 47307 milli
		[0.00%] Constraint-matrix bound tightening: 0 milli
		[0.15%] Degradation checking: 428 milli
		[0.00%] Precision restoration: 0 milli
		[0.08%] Statistics handling: 232 milli
		[0.00%] Constraint-fixing steps: 0 milli
		[0.42%] Valid case splits: 1213 milli. Average per split: 0.00 milli
		[0.06%] Applying stored bound-tightening: 162 milli
		[4.10%] SMT core: 11826 milli
		[38.96%] Symbolic Bound Tightening: 112438 milli
		[21.87%] SoI-based local search: 63122 milli
		[0.00%] SoI-based local search: 0 milli
		[10.41%] Unaccounted for: 30038 milli
	--- Preprocessor Statistics ---
	Number of preprocessor bound-tightening loop iterations: 8
	Number of eliminated variables: 0
	Number of constraints removed due to variable elimination: 0
	Number of equations removed due to variable elimination: 0
	--- Engine Statistics ---
	Number of main loop iterations: 249203
		225938 iterations were simplex steps. Total time: 84977 milli. Average: 0.38 milli.
		0 iterations were constraint-fixing steps. Total time: 0 milli. Average: 0.00 milli
	Number of active piecewise-linear constraints: 59 / 300
		Constraints disabled by valid splits: 241. By SMT-originated splits: 0
	Last reported degradation: 0.0000000000. Max degradation so far: 0.0000007197. Restorations so far: 0
	Number of simplex pivots we attempted to skip because of instability: 107.
	Unstable pivots performed anyway: 5
	--- Tableau Statistics ---
	Total number of pivots performed: 165967
		Real pivots: 164598. Degenerate: 1369 (0.82%)
		Degenerate pivots by request (e.g., to fix a PL constraint): 0 (0.00%)
		Average time per pivot: 0.05 milli
	Total number of fake pivots performed: 11338
	Total number of rows added: 0. Number of merged columns: 0
	Current tableau dimensions: M = 604, N = 1518
	--- SMT Core Statistics ---
	Total depth is 2. Total visited states: 18221. Number of splits: 9111. Number of pops: 9109
	Max stack depth: 42
	--- Bound Tightening Statistics ---
	Number of tightened bounds: 3690888.
		Number of rows examined by row tightener: 165967. Consequent tightenings: 62800
		Number of explicit basis matrices examined by row tightener: 3437. Consequent tightenings: 952012
		Number of bound tightening rounds on the entire constraint matrix: 0. Consequent tightenings: 0
		Number of bound notifications sent to PL constraints: 6538246. Tightenings proposed: 0
	--- Basis Factorization statistics ---
	Number of basis refactorizations: 1375
	--- Projected Steepest Edge Statistics ---
	Number of iterations: 177407.
	Number of resets to reference space: 9112. Avg. iterations per reset: 19
	--- SBT ---
	Number of tightened bounds: 3691638
	--- SoI-based local search ---
	Number of proposed phase pattern update: 11851. Number of accepted update: 17634 [148.80%]
	Total time (% of local search time) updating SoI phase pattern : 882555 milli [1.40%]
	Total time obtaining current assignment: 3050148 milli [4.83%]
	Total time getting SoI phase pattern : 175841 milli [0.06%]
	--- Context dependent statistics ---
	Number of pushes / pops: 18222 / 18222
		[0.20%] Pre-Push hook: 563 milli
		[0.00%] Push : 0 milli
		[0.14%] Post-Pop hook: 415 milli
		[0.22%] Pop : 640 milli
		[0.56%] Total context-switching time: 1619 milli
	--- Proof Certificate ---
	Number of certified leaves: 0
	Number of leaves to delegate: 0
	Number of lemmas: 0
unsat
end run time: 10:06:26
DQN: Done solving. Time : 288742 milli. 

start run time: 10:06:26
Network: /cs/labs/guykatz/maya.swisa/elbit/20_8/Marabou/resources/nnet/acasxu/ACASXU_experimental_v2a_1_1.nnet
Number of layers: 8. Input layer size: 5. Output layer size: 5. Number of ReLUs: 300
Total number of variables: 610
Property: /cs/labs/guykatz/maya.swisa/elbit/PROPERTY_1_08091/ex_0347_label_0/eps03.txt

Engine::processInputQuery: Input query (before preprocessing): 309 equations, 610 variables
Engine::processInputQuery: Input query (after preprocessing): 604 equations, 914 variables


Engine::solve: Initial statistics

10:06:26 Statistics update:
	--- Time Statistics ---
	Total time elapsed: 55 milli (00:00:00)
		Main loop: 0 milli (00:00:00)
		Preprocessing time: 30 milli (00:00:00)
		Unknown: 24 milli (00:00:00)
	Breakdown for main loop:
		[0.00%] Simplex steps: 0 milli
		[0.00%] Explicit-basis bound tightening: 0 milli
		[0.00%] Constraint-matrix bound tightening: 0 milli
		[0.00%] Degradation checking: 0 milli
		[0.00%] Precision restoration: 0 milli
		[0.00%] Statistics handling: 0 milli
		[0.00%] Constraint-fixing steps: 0 milli
		[0.00%] Valid case splits: 2 milli. Average per split: 0.00 milli
		[0.00%] Applying stored bound-tightening: 0 milli
		[0.00%] SMT core: 0 milli
		[0.00%] Symbolic Bound Tightening: 4 milli
		[0.00%] SoI-based local search: 0 milli
		[0.00%] SoI-based local search: 0 milli
		[0.00%] Unaccounted for: 0 milli
	--- Preprocessor Statistics ---
	Number of preprocessor bound-tightening loop iterations: 8
	Number of eliminated variables: 0
	Number of constraints removed due to variable elimination: 0
	Number of equations removed due to variable elimination: 0
	--- Engine Statistics ---
	Number of main loop iterations: 1
		0 iterations were simplex steps. Total time: 0 milli. Average: 0.00 milli.
		0 iterations were constraint-fixing steps. Total time: 0 milli. Average: 0.00 milli
	Number of active piecewise-linear constraints: 153 / 300
		Constraints disabled by valid splits: 147. By SMT-originated splits: 0
	Last reported degradation: 0.0000000000. Max degradation so far: 0.0000000000. Restorations so far: 0
	Number of simplex pivots we attempted to skip because of instability: 0.
	Unstable pivots performed anyway: 0
	--- Tableau Statistics ---
	Total number of pivots performed: 0
		Real pivots: 0. Degenerate: 0 (0.00%)
		Degenerate pivots by request (e.g., to fix a PL constraint): 0 (0.00%)
		Average time per pivot: 0.00 milli
	Total number of fake pivots performed: 0
	Total number of rows added: 0. Number of merged columns: 0
	Current tableau dimensions: M = 604, N = 1518
	--- SMT Core Statistics ---
	Total depth is 0. Total visited states: 1. Number of splits: 0. Number of pops: 0
	Max stack depth: 0
	--- Bound Tightening Statistics ---
	Number of tightened bounds: 0.
		Number of rows examined by row tightener: 0. Consequent tightenings: 0
		Number of explicit basis matrices examined by row tightener: 0. Consequent tightenings: 0
		Number of bound tightening rounds on the entire constraint matrix: 0. Consequent tightenings: 0
		Number of bound notifications sent to PL constraints: 1800. Tightenings proposed: 0
	--- Basis Factorization statistics ---
	Number of basis refactorizations: 2
	--- Projected Steepest Edge Statistics ---
	Number of iterations: 0.
	Number of resets to reference space: 1. Avg. iterations per reset: 0
	--- SBT ---
	Number of tightened bounds: 751
	--- SoI-based local search ---
	Number of proposed phase pattern update: 0. Number of accepted update: 0 [0.00%]
	Total time (% of local search time) updating SoI phase pattern : 0 milli [0.00%]
	Total time obtaining current assignment: 0 milli [0.00%]
	Total time getting SoI phase pattern : 0 milli [0.00%]
	--- Context dependent statistics ---
	Number of pushes / pops: 0 / 0
		[0.00%] Pre-Push hook: 0 milli
		[0.00%] Push : 0 milli
		[0.00%] Post-Pop hook: 0 milli
		[0.00%] Pop : 0 milli
		[0.00%] Total context-switching time: 0 milli
	--- Proof Certificate ---
	Number of certified leaves: 0
	Number of leaves to delegate: 0
	Number of lemmas: 0

---
start solving without an agent
Performing precision restoration. Degradation before: 0.001035686169297. After: 0.000000000000144

Engine::solve: unsat query

10:20:30 Statistics update:
	--- Time Statistics ---
	Total time elapsed: 843833 milli (00:14:03)
		Main loop: 843581 milli (00:14:03)
		Preprocessing time: 30 milli (00:00:00)
		Unknown: 221 milli (00:00:00)
	Breakdown for main loop:
		[29.79%] Simplex steps: 251302 milli
		[15.18%] Explicit-basis bound tightening: 128018 milli
		[0.00%] Constraint-matrix bound tightening: 0 milli
		[0.15%] Degradation checking: 1262 milli
		[0.00%] Precision restoration: 6 milli
		[0.08%] Statistics handling: 715 milli
		[0.00%] Constraint-fixing steps: 0 milli
		[0.51%] Valid case splits: 4260 milli. Average per split: 0.00 milli
		[0.06%] Applying stored bound-tightening: 523 milli
		[4.25%] SMT core: 35881 milli
		[39.22%] Symbolic Bound Tightening: 330883 milli
		[22.19%] SoI-based local search: 187224 milli
		[0.00%] SoI-based local search: 0 milli
		[10.75%] Unaccounted for: 90727 milli
	--- Preprocessor Statistics ---
	Number of preprocessor bound-tightening loop iterations: 8
	Number of eliminated variables: 0
	Number of constraints removed due to variable elimination: 0
	Number of equations removed due to variable elimination: 0
	--- Engine Statistics ---
	Number of main loop iterations: 715831
		649780 iterations were simplex steps. Total time: 251302 milli. Average: 0.39 milli.
		0 iterations were constraint-fixing steps. Total time: 0 milli. Average: 0.00 milli
	Number of active piecewise-linear constraints: 32 / 300
		Constraints disabled by valid splits: 268. By SMT-originated splits: 0
	Last reported degradation: 0.0000000000. Max degradation so far: 0.0010342438. Restorations so far: 1
	Number of simplex pivots we attempted to skip because of instability: 198.
	Unstable pivots performed anyway: 6
	--- Tableau Statistics ---
	Total number of pivots performed: 478463
		Real pivots: 474627. Degenerate: 3836 (0.80%)
		Degenerate pivots by request (e.g., to fix a PL constraint): 0 (0.00%)
		Average time per pivot: 0.05 milli
	Total number of fake pivots performed: 28852
	Total number of rows added: 0. Number of merged columns: 0
	Current tableau dimensions: M = 604, N = 1518
	--- SMT Core Statistics ---
	Total depth is 4. Total visited states: 52960. Number of splits: 26486. Number of pops: 26473
	Max stack depth: 58
	--- Bound Tightening Statistics ---
	Number of tightened bounds: 10048195.
		Number of rows examined by row tightener: 478463. Consequent tightenings: 196996
		Number of explicit basis matrices examined by row tightener: 9475. Consequent tightenings: 2717568
		Number of bound tightening rounds on the entire constraint matrix: 0. Consequent tightenings: 0
		Number of bound notifications sent to PL constraints: 18358266. Tightenings proposed: 0
	--- Basis Factorization statistics ---
	Number of basis refactorizations: 3847
	--- Projected Steepest Edge Statistics ---
	Number of iterations: 507507.
	Number of resets to reference space: 26498. Avg. iterations per reset: 19
	--- SBT ---
	Number of tightened bounds: 10045910
	--- SoI-based local search ---
	Number of proposed phase pattern update: 34508. Number of accepted update: 51043 [147.92%]
	Total time (% of local search time) updating SoI phase pattern : 2663806 milli [1.42%]
	Total time obtaining current assignment: 9688872 milli [5.18%]
	Total time getting SoI phase pattern : 527725 milli [0.06%]
	--- Context dependent statistics ---
	Number of pushes / pops: 52972 / 52972
		[0.19%] Pre-Push hook: 1574 milli
		[0.00%] Push : 0 milli
		[0.15%] Post-Pop hook: 1246 milli
		[0.20%] Pop : 1706 milli
		[0.54%] Total context-switching time: 4526 milli
	--- Proof Certificate ---
	Number of certified leaves: 0
	Number of leaves to delegate: 0
	Number of lemmas: 0
unsat
end run time: 10:20:30
DQN: Done solving. Time : 843841 milli. 

