[650] processing ex_0651_label_0 …
start run time: 10:09:32
Network: /cs/labs/guykatz/maya.swisa/elbit/20_8/Marabou/resources/nnet/acasxu/ACASXU_experimental_v2a_1_1.nnet
Number of layers: 8. Input layer size: 5. Output layer size: 5. Number of ReLUs: 300
Total number of variables: 610
Property: /cs/labs/guykatz/maya.swisa/elbit/PROPERTY_1_08091/ex_0651_label_0/eps01.txt

Engine::processInputQuery: Input query (before preprocessing): 309 equations, 610 variables
Engine::processInputQuery: Input query (after preprocessing): 604 equations, 914 variables


Engine::solve: Initial statistics

10:09:32 Statistics update:
	--- Time Statistics ---
	Total time elapsed: 61 milli (00:00:00)
		Main loop: 0 milli (00:00:00)
		Preprocessing time: 42 milli (00:00:00)
		Unknown: 18 milli (00:00:00)
	Breakdown for main loop:
		[0.00%] Simplex steps: 0 milli
		[0.00%] Explicit-basis bound tightening: 0 milli
		[0.00%] Constraint-matrix bound tightening: 0 milli
		[0.00%] Degradation checking: 0 milli
		[0.00%] Precision restoration: 0 milli
		[0.00%] Statistics handling: 0 milli
		[0.00%] Constraint-fixing steps: 0 milli
		[0.00%] Valid case splits: 3 milli. Average per split: 0.00 milli
		[0.00%] Applying stored bound-tightening: 0 milli
		[0.00%] SMT core: 0 milli
		[0.00%] Symbolic Bound Tightening: 5 milli
		[0.00%] SoI-based local search: 0 milli
		[0.00%] SoI-based local search: 0 milli
		[0.00%] Unaccounted for: 0 milli
	--- Preprocessor Statistics ---
	Number of preprocessor bound-tightening loop iterations: 8
	Number of eliminated variables: 0
	Number of constraints removed due to variable elimination: 0
	Number of equations removed due to variable elimination: 0
	--- Engine Statistics ---
	Number of main loop iterations: 1
		0 iterations were simplex steps. Total time: 0 milli. Average: 0.00 milli.
		0 iterations were constraint-fixing steps. Total time: 0 milli. Average: 0.00 milli
	Number of active piecewise-linear constraints: 140 / 300
		Constraints disabled by valid splits: 160. By SMT-originated splits: 0
	Last reported degradation: 0.0000000000. Max degradation so far: 0.0000000000. Restorations so far: 0
	Number of simplex pivots we attempted to skip because of instability: 0.
	Unstable pivots performed anyway: 0
	--- Tableau Statistics ---
	Total number of pivots performed: 0
		Real pivots: 0. Degenerate: 0 (0.00%)
		Degenerate pivots by request (e.g., to fix a PL constraint): 0 (0.00%)
		Average time per pivot: 0.00 milli
	Total number of fake pivots performed: 0
	Total number of rows added: 0. Number of merged columns: 0
	Current tableau dimensions: M = 604, N = 1518
	--- SMT Core Statistics ---
	Total depth is 0. Total visited states: 1. Number of splits: 0. Number of pops: 0
	Max stack depth: 0
	--- Bound Tightening Statistics ---
	Number of tightened bounds: 0.
		Number of rows examined by row tightener: 0. Consequent tightenings: 0
		Number of explicit basis matrices examined by row tightener: 0. Consequent tightenings: 0
		Number of bound tightening rounds on the entire constraint matrix: 0. Consequent tightenings: 0
		Number of bound notifications sent to PL constraints: 1800. Tightenings proposed: 0
	--- Basis Factorization statistics ---
	Number of basis refactorizations: 2
	--- Projected Steepest Edge Statistics ---
	Number of iterations: 0.
	Number of resets to reference space: 1. Avg. iterations per reset: 0
	--- SBT ---
	Number of tightened bounds: 732
	--- SoI-based local search ---
	Number of proposed phase pattern update: 0. Number of accepted update: 0 [0.00%]
	Total time (% of local search time) updating SoI phase pattern : 0 milli [0.00%]
	Total time obtaining current assignment: 0 milli [0.00%]
	Total time getting SoI phase pattern : 0 milli [0.00%]
	--- Context dependent statistics ---
	Number of pushes / pops: 0 / 0
		[0.00%] Pre-Push hook: 0 milli
		[0.00%] Push : 0 milli
		[0.00%] Post-Pop hook: 0 milli
		[0.00%] Pop : 0 milli
		[0.00%] Total context-switching time: 0 milli
	--- Proof Certificate ---
	Number of certified leaves: 0
	Number of leaves to delegate: 0
	Number of lemmas: 0

---
start solving without an agent

Engine::solve: unsat query

10:10:01 Statistics update:
	--- Time Statistics ---
	Total time elapsed: 29124 milli (00:00:29)
		Main loop: 29056 milli (00:00:29)
		Preprocessing time: 42 milli (00:00:00)
		Unknown: 25 milli (00:00:00)
	Breakdown for main loop:
		[32.77%] Simplex steps: 9520 milli
		[13.00%] Explicit-basis bound tightening: 3776 milli
		[0.00%] Constraint-matrix bound tightening: 0 milli
		[0.15%] Degradation checking: 44 milli
		[0.00%] Precision restoration: 0 milli
		[0.03%] Statistics handling: 9 milli
		[0.00%] Constraint-fixing steps: 0 milli
		[0.90%] Valid case splits: 261 milli. Average per split: 0.00 milli
		[0.06%] Applying stored bound-tightening: 18 milli
		[3.83%] SMT core: 1111 milli
		[41.61%] Symbolic Bound Tightening: 12090 milli
		[26.41%] SoI-based local search: 7673 milli
		[0.00%] SoI-based local search: 0 milli
		[7.65%] Unaccounted for: 2223 milli
	--- Preprocessor Statistics ---
	Number of preprocessor bound-tightening loop iterations: 8
	Number of eliminated variables: 0
	Number of constraints removed due to variable elimination: 0
	Number of equations removed due to variable elimination: 0
	--- Engine Statistics ---
	Number of main loop iterations: 25680
		23434 iterations were simplex steps. Total time: 9520 milli. Average: 0.41 milli.
		0 iterations were constraint-fixing steps. Total time: 0 milli. Average: 0.00 milli
	Number of active piecewise-linear constraints: 47 / 300
		Constraints disabled by valid splits: 253. By SMT-originated splits: 0
	Last reported degradation: 0.0000000000. Max degradation so far: 0.0000000005. Restorations so far: 0
	Number of simplex pivots we attempted to skip because of instability: 34.
	Unstable pivots performed anyway: 0
	--- Tableau Statistics ---
	Total number of pivots performed: 16985
		Real pivots: 16848. Degenerate: 137 (0.81%)
		Degenerate pivots by request (e.g., to fix a PL constraint): 0 (0.00%)
		Average time per pivot: 0.04 milli
	Total number of fake pivots performed: 1950
	Total number of rows added: 0. Number of merged columns: 0
	Current tableau dimensions: M = 604, N = 1518
	--- SMT Core Statistics ---
	Total depth is 2. Total visited states: 1711. Number of splits: 855. Number of pops: 855
	Max stack depth: 34
	--- Bound Tightening Statistics ---
	Number of tightened bounds: 461028.
		Number of rows examined by row tightener: 16985. Consequent tightenings: 4081
		Number of explicit basis matrices examined by row tightener: 253. Consequent tightenings: 56837
		Number of bound tightening rounds on the entire constraint matrix: 0. Consequent tightenings: 0
		Number of bound notifications sent to PL constraints: 724694. Tightenings proposed: 0
	--- Basis Factorization statistics ---
	Number of basis refactorizations: 138
	--- Projected Steepest Edge Statistics ---
	Number of iterations: 18969.
	Number of resets to reference space: 856. Avg. iterations per reset: 22
	--- SBT ---
	Number of tightened bounds: 461760
	--- SoI-based local search ---
	Number of proposed phase pattern update: 1120. Number of accepted update: 1639 [146.34%]
	Total time (% of local search time) updating SoI phase pattern : 89357 milli [1.16%]
	Total time obtaining current assignment: 303988 milli [3.96%]
	Total time getting SoI phase pattern : 28619 milli [0.10%]
	--- Context dependent statistics ---
	Number of pushes / pops: 1710 / 1710
		[0.19%] Pre-Push hook: 55 milli
		[0.00%] Push : 0 milli
		[0.16%] Post-Pop hook: 45 milli
		[0.20%] Pop : 58 milli
		[0.55%] Total context-switching time: 159 milli
	--- Proof Certificate ---
	Number of certified leaves: 0
	Number of leaves to delegate: 0
	Number of lemmas: 0
unsat
end run time: 10:10:01
DQN: Done solving. Time : 29133 milli. 

start run time: 10:10:01
Network: /cs/labs/guykatz/maya.swisa/elbit/20_8/Marabou/resources/nnet/acasxu/ACASXU_experimental_v2a_1_1.nnet
Number of layers: 8. Input layer size: 5. Output layer size: 5. Number of ReLUs: 300
Total number of variables: 610
Property: /cs/labs/guykatz/maya.swisa/elbit/PROPERTY_1_08091/ex_0651_label_0/eps02.txt

Engine::processInputQuery: Input query (before preprocessing): 309 equations, 610 variables
Engine::processInputQuery: Input query (after preprocessing): 604 equations, 914 variables


Engine::solve: Initial statistics

10:10:01 Statistics update:
	--- Time Statistics ---
	Total time elapsed: 41 milli (00:00:00)
		Main loop: 0 milli (00:00:00)
		Preprocessing time: 32 milli (00:00:00)
		Unknown: 8 milli (00:00:00)
	Breakdown for main loop:
		[0.00%] Simplex steps: 0 milli
		[0.00%] Explicit-basis bound tightening: 0 milli
		[0.00%] Constraint-matrix bound tightening: 0 milli
		[0.00%] Degradation checking: 0 milli
		[0.00%] Precision restoration: 0 milli
		[0.00%] Statistics handling: 0 milli
		[0.00%] Constraint-fixing steps: 0 milli
		[0.00%] Valid case splits: 2 milli. Average per split: 0.00 milli
		[0.00%] Applying stored bound-tightening: 0 milli
		[0.00%] SMT core: 0 milli
		[0.00%] Symbolic Bound Tightening: 5 milli
		[0.00%] SoI-based local search: 0 milli
		[0.00%] SoI-based local search: 0 milli
		[0.00%] Unaccounted for: 0 milli
	--- Preprocessor Statistics ---
	Number of preprocessor bound-tightening loop iterations: 8
	Number of eliminated variables: 0
	Number of constraints removed due to variable elimination: 0
	Number of equations removed due to variable elimination: 0
	--- Engine Statistics ---
	Number of main loop iterations: 1
		0 iterations were simplex steps. Total time: 0 milli. Average: 0.00 milli.
		0 iterations were constraint-fixing steps. Total time: 0 milli. Average: 0.00 milli
	Number of active piecewise-linear constraints: 167 / 300
		Constraints disabled by valid splits: 133. By SMT-originated splits: 0
	Last reported degradation: 0.0000000000. Max degradation so far: 0.0000000000. Restorations so far: 0
	Number of simplex pivots we attempted to skip because of instability: 0.
	Unstable pivots performed anyway: 0
	--- Tableau Statistics ---
	Total number of pivots performed: 0
		Real pivots: 0. Degenerate: 0 (0.00%)
		Degenerate pivots by request (e.g., to fix a PL constraint): 0 (0.00%)
		Average time per pivot: 0.00 milli
	Total number of fake pivots performed: 0
	Total number of rows added: 0. Number of merged columns: 0
	Current tableau dimensions: M = 604, N = 1518
	--- SMT Core Statistics ---
	Total depth is 0. Total visited states: 1. Number of splits: 0. Number of pops: 0
	Max stack depth: 0
	--- Bound Tightening Statistics ---
	Number of tightened bounds: 0.
		Number of rows examined by row tightener: 0. Consequent tightenings: 0
		Number of explicit basis matrices examined by row tightener: 0. Consequent tightenings: 0
		Number of bound tightening rounds on the entire constraint matrix: 0. Consequent tightenings: 0
		Number of bound notifications sent to PL constraints: 1800. Tightenings proposed: 0
	--- Basis Factorization statistics ---
	Number of basis refactorizations: 2
	--- Projected Steepest Edge Statistics ---
	Number of iterations: 0.
	Number of resets to reference space: 1. Avg. iterations per reset: 0
	--- SBT ---
	Number of tightened bounds: 732
	--- SoI-based local search ---
	Number of proposed phase pattern update: 0. Number of accepted update: 0 [0.00%]
	Total time (% of local search time) updating SoI phase pattern : 0 milli [0.00%]
	Total time obtaining current assignment: 0 milli [0.00%]
	Total time getting SoI phase pattern : 0 milli [0.00%]
	--- Context dependent statistics ---
	Number of pushes / pops: 0 / 0
		[0.00%] Pre-Push hook: 0 milli
		[0.00%] Push : 0 milli
		[0.00%] Post-Pop hook: 0 milli
		[0.00%] Pop : 0 milli
		[0.00%] Total context-switching time: 0 milli
	--- Proof Certificate ---
	Number of certified leaves: 0
	Number of leaves to delegate: 0
	Number of lemmas: 0

---
start solving without an agent

Engine::solve: unsat query

10:10:39 Statistics update:
	--- Time Statistics ---
	Total time elapsed: 38381 milli (00:00:38)
		Main loop: 38332 milli (00:00:38)
		Preprocessing time: 32 milli (00:00:00)
		Unknown: 16 milli (00:00:00)
	Breakdown for main loop:
		[31.60%] Simplex steps: 12114 milli
		[11.23%] Explicit-basis bound tightening: 4306 milli
		[0.00%] Constraint-matrix bound tightening: 0 milli
		[0.15%] Degradation checking: 57 milli
		[0.00%] Precision restoration: 0 milli
		[0.08%] Statistics handling: 29 milli
		[0.00%] Constraint-fixing steps: 0 milli
		[0.88%] Valid case splits: 336 milli. Average per split: 0.00 milli
		[0.06%] Applying stored bound-tightening: 24 milli
		[3.95%] SMT core: 1515 milli
		[41.14%] Symbolic Bound Tightening: 15768 milli
		[25.49%] SoI-based local search: 9771 milli
		[0.00%] SoI-based local search: 0 milli
		[10.90%] Unaccounted for: 4178 milli
	--- Preprocessor Statistics ---
	Number of preprocessor bound-tightening loop iterations: 8
	Number of eliminated variables: 0
	Number of constraints removed due to variable elimination: 0
	Number of equations removed due to variable elimination: 0
	--- Engine Statistics ---
	Number of main loop iterations: 31910
		28863 iterations were simplex steps. Total time: 12114 milli. Average: 0.42 milli.
		0 iterations were constraint-fixing steps. Total time: 0 milli. Average: 0.00 milli
	Number of active piecewise-linear constraints: 56 / 300
		Constraints disabled by valid splits: 244. By SMT-originated splits: 0
	Last reported degradation: 0.0000000000. Max degradation so far: 0.0000000014. Restorations so far: 0
	Number of simplex pivots we attempted to skip because of instability: 15.
	Unstable pivots performed anyway: 0
	--- Tableau Statistics ---
	Total number of pivots performed: 21034
		Real pivots: 20885. Degenerate: 149 (0.71%)
		Degenerate pivots by request (e.g., to fix a PL constraint): 0 (0.00%)
		Average time per pivot: 0.04 milli
	Total number of fake pivots performed: 2045
	Total number of rows added: 0. Number of merged columns: 0
	Current tableau dimensions: M = 604, N = 1518
	--- SMT Core Statistics ---
	Total depth is 2. Total visited states: 2270. Number of splits: 1134. Number of pops: 1135
	Max stack depth: 38
	--- Bound Tightening Statistics ---
	Number of tightened bounds: 578283.
		Number of rows examined by row tightener: 21034. Consequent tightenings: 5356
		Number of explicit basis matrices examined by row tightener: 368. Consequent tightenings: 70305
		Number of bound tightening rounds on the entire constraint matrix: 0. Consequent tightenings: 0
		Number of bound notifications sent to PL constraints: 907629. Tightenings proposed: 0
	--- Basis Factorization statistics ---
	Number of basis refactorizations: 168
	--- Projected Steepest Edge Statistics ---
	Number of iterations: 23094.
	Number of resets to reference space: 1135. Avg. iterations per reset: 20
	--- SBT ---
	Number of tightened bounds: 579015
	--- SoI-based local search ---
	Number of proposed phase pattern update: 1453. Number of accepted update: 2178 [149.90%]
	Total time (% of local search time) updating SoI phase pattern : 122931 milli [1.26%]
	Total time obtaining current assignment: 409594 milli [4.19%]
	Total time getting SoI phase pattern : 43536 milli [0.11%]
	--- Context dependent statistics ---
	Number of pushes / pops: 2268 / 2268
		[0.18%] Pre-Push hook: 70 milli
		[0.00%] Push : 0 milli
		[0.16%] Post-Pop hook: 59 milli
		[0.21%] Pop : 79 milli
		[0.55%] Total context-switching time: 208 milli
	--- Proof Certificate ---
	Number of certified leaves: 0
	Number of leaves to delegate: 0
	Number of lemmas: 0
unsat
end run time: 10:10:39
DQN: Done solving. Time : 38390 milli. 

start run time: 10:10:39
Network: /cs/labs/guykatz/maya.swisa/elbit/20_8/Marabou/resources/nnet/acasxu/ACASXU_experimental_v2a_1_1.nnet
Number of layers: 8. Input layer size: 5. Output layer size: 5. Number of ReLUs: 300
Total number of variables: 610
Property: /cs/labs/guykatz/maya.swisa/elbit/PROPERTY_1_08091/ex_0651_label_0/eps03.txt

Engine::processInputQuery: Input query (before preprocessing): 309 equations, 610 variables
Engine::processInputQuery: Input query (after preprocessing): 604 equations, 914 variables


Engine::solve: Initial statistics

10:10:39 Statistics update:
	--- Time Statistics ---
	Total time elapsed: 40 milli (00:00:00)
		Main loop: 0 milli (00:00:00)
		Preprocessing time: 32 milli (00:00:00)
		Unknown: 8 milli (00:00:00)
	Breakdown for main loop:
		[0.00%] Simplex steps: 0 milli
		[0.00%] Explicit-basis bound tightening: 0 milli
		[0.00%] Constraint-matrix bound tightening: 0 milli
		[0.00%] Degradation checking: 0 milli
		[0.00%] Precision restoration: 0 milli
		[0.00%] Statistics handling: 0 milli
		[0.00%] Constraint-fixing steps: 0 milli
		[0.00%] Valid case splits: 2 milli. Average per split: 0.00 milli
		[0.00%] Applying stored bound-tightening: 0 milli
		[0.00%] SMT core: 0 milli
		[0.00%] Symbolic Bound Tightening: 5 milli
		[0.00%] SoI-based local search: 0 milli
		[0.00%] SoI-based local search: 0 milli
		[0.00%] Unaccounted for: 0 milli
	--- Preprocessor Statistics ---
	Number of preprocessor bound-tightening loop iterations: 8
	Number of eliminated variables: 0
	Number of constraints removed due to variable elimination: 0
	Number of equations removed due to variable elimination: 0
	--- Engine Statistics ---
	Number of main loop iterations: 1
		0 iterations were simplex steps. Total time: 0 milli. Average: 0.00 milli.
		0 iterations were constraint-fixing steps. Total time: 0 milli. Average: 0.00 milli
	Number of active piecewise-linear constraints: 187 / 300
		Constraints disabled by valid splits: 113. By SMT-originated splits: 0
	Last reported degradation: 0.0000000000. Max degradation so far: 0.0000000000. Restorations so far: 0
	Number of simplex pivots we attempted to skip because of instability: 0.
	Unstable pivots performed anyway: 0
	--- Tableau Statistics ---
	Total number of pivots performed: 0
		Real pivots: 0. Degenerate: 0 (0.00%)
		Degenerate pivots by request (e.g., to fix a PL constraint): 0 (0.00%)
		Average time per pivot: 0.00 milli
	Total number of fake pivots performed: 0
	Total number of rows added: 0. Number of merged columns: 0
	Current tableau dimensions: M = 604, N = 1518
	--- SMT Core Statistics ---
	Total depth is 0. Total visited states: 1. Number of splits: 0. Number of pops: 0
	Max stack depth: 0
	--- Bound Tightening Statistics ---
	Number of tightened bounds: 0.
		Number of rows examined by row tightener: 0. Consequent tightenings: 0
		Number of explicit basis matrices examined by row tightener: 0. Consequent tightenings: 0
		Number of bound tightening rounds on the entire constraint matrix: 0. Consequent tightenings: 0
		Number of bound notifications sent to PL constraints: 1800. Tightenings proposed: 0
	--- Basis Factorization statistics ---
	Number of basis refactorizations: 2
	--- Projected Steepest Edge Statistics ---
	Number of iterations: 0.
	Number of resets to reference space: 1. Avg. iterations per reset: 0
	--- SBT ---
	Number of tightened bounds: 723
	--- SoI-based local search ---
	Number of proposed phase pattern update: 0. Number of accepted update: 0 [0.00%]
	Total time (% of local search time) updating SoI phase pattern : 0 milli [0.00%]
	Total time obtaining current assignment: 0 milli [0.00%]
	Total time getting SoI phase pattern : 0 milli [0.00%]
	--- Context dependent statistics ---
	Number of pushes / pops: 0 / 0
		[0.00%] Pre-Push hook: 0 milli
		[0.00%] Push : 0 milli
		[0.00%] Post-Pop hook: 0 milli
		[0.00%] Pop : 0 milli
		[0.00%] Total context-switching time: 0 milli
	--- Proof Certificate ---
	Number of certified leaves: 0
	Number of leaves to delegate: 0
	Number of lemmas: 0

---
start solving without an agent

Engine::solve: unsat query

10:11:25 Statistics update:
	--- Time Statistics ---
	Total time elapsed: 45717 milli (00:00:45)
		Main loop: 45667 milli (00:00:45)
		Preprocessing time: 32 milli (00:00:00)
		Unknown: 17 milli (00:00:00)
	Breakdown for main loop:
		[33.16%] Simplex steps: 15143 milli
		[13.38%] Explicit-basis bound tightening: 6110 milli
		[0.00%] Constraint-matrix bound tightening: 0 milli
		[0.16%] Degradation checking: 71 milli
		[0.00%] Precision restoration: 0 milli
		[0.08%] Statistics handling: 36 milli
		[0.00%] Constraint-fixing steps: 0 milli
		[0.95%] Valid case splits: 432 milli. Average per split: 0.00 milli
		[0.06%] Applying stored bound-tightening: 26 milli
		[3.76%] SMT core: 1718 milli
		[38.84%] Symbolic Bound Tightening: 17738 milli
		[26.39%] SoI-based local search: 12050 milli
		[0.00%] SoI-based local search: 0 milli
		[9.61%] Unaccounted for: 4389 milli
	--- Preprocessor Statistics ---
	Number of preprocessor bound-tightening loop iterations: 8
	Number of eliminated variables: 0
	Number of constraints removed due to variable elimination: 0
	Number of equations removed due to variable elimination: 0
	--- Engine Statistics ---
	Number of main loop iterations: 37928
		34631 iterations were simplex steps. Total time: 15143 milli. Average: 0.44 milli.
		0 iterations were constraint-fixing steps. Total time: 0 milli. Average: 0.00 milli
	Number of active piecewise-linear constraints: 42 / 300
		Constraints disabled by valid splits: 258. By SMT-originated splits: 0
	Last reported degradation: 0.0000000000. Max degradation so far: 0.0000000689. Restorations so far: 0
	Number of simplex pivots we attempted to skip because of instability: 18.
	Unstable pivots performed anyway: 0
	--- Tableau Statistics ---
	Total number of pivots performed: 25917
		Real pivots: 25773. Degenerate: 144 (0.56%)
		Degenerate pivots by request (e.g., to fix a PL constraint): 0 (0.00%)
		Average time per pivot: 0.04 milli
	Total number of fake pivots performed: 2319
	Total number of rows added: 0. Number of merged columns: 0
	Current tableau dimensions: M = 604, N = 1518
	--- SMT Core Statistics ---
	Total depth is 3. Total visited states: 2484. Number of splits: 1241. Number of pops: 1242
	Max stack depth: 46
	--- Bound Tightening Statistics ---
	Number of tightened bounds: 646336.
		Number of rows examined by row tightener: 25917. Consequent tightenings: 5169
		Number of explicit basis matrices examined by row tightener: 447. Consequent tightenings: 90508
		Number of bound tightening rounds on the entire constraint matrix: 0. Consequent tightenings: 0
		Number of bound notifications sent to PL constraints: 1035980. Tightenings proposed: 0
	--- Basis Factorization statistics ---
	Number of basis refactorizations: 212
	--- Projected Steepest Edge Statistics ---
	Number of iterations: 28254.
	Number of resets to reference space: 1242. Avg. iterations per reset: 22
	--- SBT ---
	Number of tightened bounds: 647059
	--- SoI-based local search ---
	Number of proposed phase pattern update: 1634. Number of accepted update: 2358 [144.31%]
	Total time (% of local search time) updating SoI phase pattern : 133527 milli [1.11%]
	Total time obtaining current assignment: 453406 milli [3.76%]
	Total time getting SoI phase pattern : 51840 milli [0.11%]
	--- Context dependent statistics ---
	Number of pushes / pops: 2482 / 2482
		[0.19%] Pre-Push hook: 85 milli
		[0.00%] Push : 0 milli
		[0.14%] Post-Pop hook: 65 milli
		[0.24%] Pop : 111 milli
		[0.57%] Total context-switching time: 262 milli
	--- Proof Certificate ---
	Number of certified leaves: 0
	Number of leaves to delegate: 0
	Number of lemmas: 0
unsat
end run time: 10:11:25
DQN: Done solving. Time : 45727 milli. 

