[] ex=acas_property_2.txt net=ACASXU_experimental_v2a_3_3.onnx …
[65] processing acas_property_2.txt …
start run time: 14:30:11
Network: /cs/labs/guykatz/maya.swisa/elbit/20_8/Marabou/resources/onnx/acasxu/ACASXU_experimental_v2a_3_3.onnx
Property: /cs/labs/guykatz/maya.swisa/elbit/20_8/Marabou/resources/properties/acas_property_2.txt

Engine::processInputQuery: Input query (before preprocessing): 314 equations, 615 variables
Engine::processInputQuery: Input query (after preprocessing): 604 equations, 919 variables


Engine::solve: Initial statistics

14:30:11 Statistics update:
	--- Time Statistics ---
	Total time elapsed: 60 milli (00:00:00)
		Main loop: 0 milli (00:00:00)
		Preprocessing time: 38 milli (00:00:00)
		Unknown: 22 milli (00:00:00)
	Breakdown for main loop:
		[0.00%] Simplex steps: 0 milli
		[0.00%] Explicit-basis bound tightening: 0 milli
		[0.00%] Constraint-matrix bound tightening: 0 milli
		[0.00%] Degradation checking: 0 milli
		[0.00%] Precision restoration: 0 milli
		[0.00%] Statistics handling: 0 milli
		[0.00%] Constraint-fixing steps: 0 milli
		[0.00%] Valid case splits: 0 milli. Average per split: 0.00 milli
		[0.00%] Applying stored bound-tightening: 0 milli
		[0.00%] SMT core: 0 milli
		[0.00%] Symbolic Bound Tightening: 5 milli
		[0.00%] SoI-based local search: 0 milli
		[0.00%] SoI-based local search: 0 milli
		[0.00%] Unaccounted for: 0 milli
	--- Preprocessor Statistics ---
	Number of preprocessor bound-tightening loop iterations: 8
	Number of eliminated variables: 0
	Number of constraints removed due to variable elimination: 0
	Number of equations removed due to variable elimination: 0
	--- Engine Statistics ---
	Number of main loop iterations: 1
		0 iterations were simplex steps. Total time: 0 milli. Average: 0.00 milli.
		0 iterations were constraint-fixing steps. Total time: 0 milli. Average: 0.00 milli
	Number of active piecewise-linear constraints: 266 / 300
		Constraints disabled by valid splits: 34. By SMT-originated splits: 0
	Last reported degradation: 0.0000000000. Max degradation so far: 0.0000000000. Restorations so far: 0
	Number of simplex pivots we attempted to skip because of instability: 0.
	Unstable pivots performed anyway: 0
	--- Tableau Statistics ---
	Total number of pivots performed: 0
		Real pivots: 0. Degenerate: 0 (0.00%)
		Degenerate pivots by request (e.g., to fix a PL constraint): 0 (0.00%)
		Average time per pivot: 0.00 milli
	Total number of fake pivots performed: 0
	Total number of rows added: 0. Number of merged columns: 0
	Current tableau dimensions: M = 604, N = 1523
	--- SMT Core Statistics ---
	Total depth is 0. Total visited states: 1. Number of splits: 0. Number of pops: 0
	Max stack depth: 0
	--- Bound Tightening Statistics ---
	Number of tightened bounds: 0.
		Number of rows examined by row tightener: 0. Consequent tightenings: 0
		Number of explicit basis matrices examined by row tightener: 0. Consequent tightenings: 0
		Number of bound tightening rounds on the entire constraint matrix: 0. Consequent tightenings: 0
		Number of bound notifications sent to PL constraints: 1800. Tightenings proposed: 0
	--- Basis Factorization statistics ---
	Number of basis refactorizations: 2
	--- Projected Steepest Edge Statistics ---
	Number of iterations: 0.
	Number of resets to reference space: 1. Avg. iterations per reset: 0
	--- SBT ---
	Number of tightened bounds: 739
	--- SoI-based local search ---
	Number of proposed phase pattern update: 0. Number of accepted update: 0 [0.00%]
	Total time (% of local search time) updating SoI phase pattern : 0 milli [0.00%]
	Total time obtaining current assignment: 0 milli [0.00%]
	Total time getting SoI phase pattern : 0 milli [0.00%]
	--- Context dependent statistics ---
	Number of pushes / pops: 0 / 0
		[0.00%] Pre-Push hook: 0 milli
		[0.00%] Push : 0 milli
		[0.00%] Post-Pop hook: 0 milli
		[0.00%] Pop : 0 milli
		[0.00%] Total context-switching time: 0 milli
	--- Proof Certificate ---
	Number of certified leaves: 0
	Number of leaves to delegate: 0
	Number of lemmas: 0

---
start solving without an agent


Engine: quitting due to timeout...

Final statistics:

15:30:11 Statistics update:
	--- Time Statistics ---
	Total time elapsed: 3600000 milli (01:00:00)
		Main loop: 3599282 milli (00:59:59)
		Preprocessing time: 38 milli (00:00:00)
		Unknown: 680 milli (00:00:00)
	Breakdown for main loop:
		[25.34%] Simplex steps: 911899 milli
		[14.55%] Explicit-basis bound tightening: 523852 milli
		[0.00%] Constraint-matrix bound tightening: 0 milli
		[0.12%] Degradation checking: 4489 milli
		[0.00%] Precision restoration: 0 milli
		[0.02%] Statistics handling: 576 milli
		[0.00%] Constraint-fixing steps: 0 milli
		[0.43%] Valid case splits: 15586 milli. Average per split: 0.00 milli
		[0.06%] Applying stored bound-tightening: 2256 milli
		[5.45%] SMT core: 196188 milli
		[39.62%] Symbolic Bound Tightening: 1426103 milli
		[20.53%] SoI-based local search: 738857 milli
		[0.00%] SoI-based local search: 0 milli
		[14.40%] Unaccounted for: 518330 milli
	--- Preprocessor Statistics ---
	Number of preprocessor bound-tightening loop iterations: 8
	Number of eliminated variables: 0
	Number of constraints removed due to variable elimination: 0
	Number of equations removed due to variable elimination: 0
	--- Engine Statistics ---
	Number of main loop iterations: 2597033
		2260767 iterations were simplex steps. Total time: 911899 milli. Average: 0.40 milli.
		0 iterations were constraint-fixing steps. Total time: 0 milli. Average: 0.00 milli
	Number of active piecewise-linear constraints: 49 / 300
		Constraints disabled by valid splits: 189. By SMT-originated splits: 62
	Last reported degradation: 0.0000000000. Max degradation so far: 0.0000006091. Restorations so far: 0
	Number of simplex pivots we attempted to skip because of instability: 175.
	Unstable pivots performed anyway: 6
	--- Tableau Statistics ---
	Total number of pivots performed: 1502251
		Real pivots: 1487086. Degenerate: 15165 (1.01%)
		Degenerate pivots by request (e.g., to fix a PL constraint): 0 (0.00%)
		Average time per pivot: 0.05 milli
	Total number of fake pivots performed: 84065
	Total number of rows added: 0. Number of merged columns: 0
	Current tableau dimensions: M = 604, N = 1523
	--- SMT Core Statistics ---
	Total depth is 66. Total visited states: 273249. Number of splits: 136685. Number of pops: 136563
	Max stack depth: 118
	--- Bound Tightening Statistics ---
	Number of tightened bounds: 24008426.
		Number of rows examined by row tightener: 1502251. Consequent tightenings: 596824
		Number of explicit basis matrices examined by row tightener: 44929. Consequent tightenings: 14790934
		Number of bound tightening rounds on the entire constraint matrix: 0. Consequent tightenings: 0
		Number of bound notifications sent to PL constraints: 50910490. Tightenings proposed: 0
	--- Basis Factorization statistics ---
	Number of basis refactorizations: 11395
	--- Projected Steepest Edge Statistics ---
	Number of iterations: 1586485.
	Number of resets to reference space: 136654. Avg. iterations per reset: 11
	--- SBT ---
	Number of tightened bounds: 24009165
	--- SoI-based local search ---
	Number of proposed phase pattern update: 170626. Number of accepted update: 263650 [154.52%]
	Total time (% of local search time) updating SoI phase pattern : 13210116 milli [1.79%]
	Total time obtaining current assignment: 45077639 milli [6.10%]
	Total time getting SoI phase pattern : 2746964 milli [0.08%]
	--- Context dependent statistics ---
	Number of pushes / pops: 273335 / 273269
		[0.22%] Pre-Push hook: 8029 milli
		[0.00%] Push : 0 milli
		[0.18%] Post-Pop hook: 6608 milli
		[0.25%] Pop : 9100 milli
		[0.66%] Total context-switching time: 23738 milli
	--- Proof Certificate ---
	Number of certified leaves: 0
	Number of leaves to delegate: 0
	Number of lemmas: 0
Timeout
end run time: 15:30:11
