[] ex=acas_property_2.txt net=ACASXU_experimental_v2a_2_9.onnx …
[62] processing acas_property_2.txt …
start run time: 14:40:25
Network: /cs/labs/guykatz/maya.swisa/elbit/20_8/Marabou/resources/onnx/acasxu/ACASXU_experimental_v2a_2_9.onnx
Property: /cs/labs/guykatz/maya.swisa/elbit/20_8/Marabou/resources/properties/acas_property_2.txt

Engine::processInputQuery: Input query (before preprocessing): 314 equations, 615 variables
Engine::processInputQuery: Input query (after preprocessing): 604 equations, 919 variables


Engine::solve: Initial statistics

14:40:26 Statistics update:
	--- Time Statistics ---
	Total time elapsed: 191 milli (00:00:00)
		Main loop: 0 milli (00:00:00)
		Preprocessing time: 90 milli (00:00:00)
		Unknown: 100 milli (00:00:00)
	Breakdown for main loop:
		[0.00%] Simplex steps: 0 milli
		[0.00%] Explicit-basis bound tightening: 0 milli
		[0.00%] Constraint-matrix bound tightening: 0 milli
		[0.00%] Degradation checking: 0 milli
		[0.00%] Precision restoration: 0 milli
		[0.00%] Statistics handling: 0 milli
		[0.00%] Constraint-fixing steps: 0 milli
		[0.00%] Valid case splits: 0 milli. Average per split: 0.00 milli
		[0.00%] Applying stored bound-tightening: 0 milli
		[0.00%] SMT core: 0 milli
		[0.00%] Symbolic Bound Tightening: 8 milli
		[0.00%] SoI-based local search: 0 milli
		[0.00%] SoI-based local search: 0 milli
		[0.00%] Unaccounted for: 0 milli
	--- Preprocessor Statistics ---
	Number of preprocessor bound-tightening loop iterations: 8
	Number of eliminated variables: 0
	Number of constraints removed due to variable elimination: 0
	Number of equations removed due to variable elimination: 0
	--- Engine Statistics ---
	Number of main loop iterations: 1
		0 iterations were simplex steps. Total time: 0 milli. Average: 0.00 milli.
		0 iterations were constraint-fixing steps. Total time: 0 milli. Average: 0.00 milli
	Number of active piecewise-linear constraints: 285 / 300
		Constraints disabled by valid splits: 15. By SMT-originated splits: 0
	Last reported degradation: 0.0000000000. Max degradation so far: 0.0000000000. Restorations so far: 0
	Number of simplex pivots we attempted to skip because of instability: 0.
	Unstable pivots performed anyway: 0
	--- Tableau Statistics ---
	Total number of pivots performed: 0
		Real pivots: 0. Degenerate: 0 (0.00%)
		Degenerate pivots by request (e.g., to fix a PL constraint): 0 (0.00%)
		Average time per pivot: 0.00 milli
	Total number of fake pivots performed: 0
	Total number of rows added: 0. Number of merged columns: 0
	Current tableau dimensions: M = 604, N = 1523
	--- SMT Core Statistics ---
	Total depth is 0. Total visited states: 1. Number of splits: 0. Number of pops: 0
	Max stack depth: 0
	--- Bound Tightening Statistics ---
	Number of tightened bounds: 0.
		Number of rows examined by row tightener: 0. Consequent tightenings: 0
		Number of explicit basis matrices examined by row tightener: 0. Consequent tightenings: 0
		Number of bound tightening rounds on the entire constraint matrix: 0. Consequent tightenings: 0
		Number of bound notifications sent to PL constraints: 1800. Tightenings proposed: 0
	--- Basis Factorization statistics ---
	Number of basis refactorizations: 2
	--- Projected Steepest Edge Statistics ---
	Number of iterations: 0.
	Number of resets to reference space: 1. Avg. iterations per reset: 0
	--- SBT ---
	Number of tightened bounds: 736
	--- SoI-based local search ---
	Number of proposed phase pattern update: 0. Number of accepted update: 0 [0.00%]
	Total time (% of local search time) updating SoI phase pattern : 0 milli [0.00%]
	Total time obtaining current assignment: 0 milli [0.00%]
	Total time getting SoI phase pattern : 0 milli [0.00%]
	--- Context dependent statistics ---
	Number of pushes / pops: 0 / 0
		[0.00%] Pre-Push hook: 0 milli
		[0.00%] Push : 0 milli
		[0.00%] Post-Pop hook: 0 milli
		[0.00%] Pop : 0 milli
		[0.00%] Total context-switching time: 0 milli
	--- Proof Certificate ---
	Number of certified leaves: 0
	Number of leaves to delegate: 0
	Number of lemmas: 0

---
start solving without an agent
MalformedBasisException caught!
Performing precision restoration. Degradation before: 0.001164790746796. After: 0.000000000000098
MalformedBasisException caught!
Performing precision restoration. Degradation before: 0.000001109988930. After: 0.000000000000649
High degradation found!
Performing precision restoration. Degradation before: 0.368876083275164. After: 0.000000000005534
High degradation found!
Performing precision restoration. Degradation before: 0.188567992128145. After: 0.000000000003930
MalformedBasisException caught!
Performing precision restoration. Degradation before: 0.000008578699332. After: 0.000000000000584
High degradation found!
Performing precision restoration. Degradation before: 0.114226777816826. After: 0.000000000019942
MalformedBasisException caught!
Performing precision restoration. Degradation before: 0.000127288337170. After: 0.000000000000071
MalformedBasisException caught!
Performing precision restoration. Degradation before: 0.000000376084204. After: 0.000000000000099
MalformedBasisException caught!
Performing precision restoration. Degradation before: 0.000004994440664. After: 0.000000000000077
MalformedBasisException caught!
Performing precision restoration. Degradation before: 0.000012024780682. After: 0.000000000000077
MalformedBasisException caught!
Performing precision restoration. Degradation before: 0.000000243106920. After: 0.000000000000352
Performing precision restoration. Degradation before: 0.033074355201781. After: 0.000000000009403
High degradation found!
Performing precision restoration. Degradation before: 0.109186283989564. After: 0.000000000006392
MalformedBasisException caught!
Performing precision restoration. Degradation before: 0.000000017003342. After: 0.000000000000076
Performing precision restoration. Degradation before: 0.007146495280330. After: 0.000000000003465
MalformedBasisException caught!
Performing precision restoration. Degradation before: 0.000003748944819. After: 0.000000000000090
MalformedBasisException caught!
Performing precision restoration. Degradation before: 0.000001263223147. After: 0.000000000000087
Performing precision restoration. Degradation before: 0.037498460310797. After: 0.000000000006285
Performing precision restoration. Degradation before: 0.010826323119506. After: 0.000000000012890
MalformedBasisException caught!
Performing precision restoration. Degradation before: 0.000041091569336. After: 0.000000000000137
MalformedBasisException caught!
Performing precision restoration. Degradation before: 0.000000953667751. After: 0.000000000000137
High degradation found!
Performing precision restoration. Degradation before: 0.101855472363242. After: 0.000000000031101


Engine: quitting due to timeout...

Final statistics:

15:40:26 Statistics update:
	--- Time Statistics ---
	Total time elapsed: 3600046 milli (01:00:00)
		Main loop: 3598946 milli (00:59:58)
		Preprocessing time: 90 milli (00:00:00)
		Unknown: 1009 milli (00:00:01)
	Breakdown for main loop:
		[63.30%] Simplex steps: 2278088 milli
		[22.26%] Explicit-basis bound tightening: 800981 milli
		[0.00%] Constraint-matrix bound tightening: 0 milli
		[0.22%] Degradation checking: 7962 milli
		[0.01%] Precision restoration: 218 milli
		[0.10%] Statistics handling: 3682 milli
		[0.00%] Constraint-fixing steps: 0 milli
		[0.10%] Valid case splits: 3517 milli. Average per split: 0.00 milli
		[0.01%] Applying stored bound-tightening: 433 milli
		[0.78%] SMT core: 28061 milli
		[10.25%] Symbolic Bound Tightening: 368929 milli
		[42.55%] SoI-based local search: 1531508 milli
		[0.00%] SoI-based local search: 0 milli
		[2.98%] Unaccounted for: 107071 milli
	--- Preprocessor Statistics ---
	Number of preprocessor bound-tightening loop iterations: 8
	Number of eliminated variables: 0
	Number of constraints removed due to variable elimination: 0
	Number of equations removed due to variable elimination: 0
	--- Engine Statistics ---
	Number of main loop iterations: 2984656
		2942207 iterations were simplex steps. Total time: 2278088 milli. Average: 0.77 milli.
		0 iterations were constraint-fixing steps. Total time: 0 milli. Average: 0.00 milli
	Number of active piecewise-linear constraints: 101 / 300
		Constraints disabled by valid splits: 163. By SMT-originated splits: 36
	Last reported degradation: 0.0000000000. Max degradation so far: 0.3688760833. Restorations so far: 22
	Number of simplex pivots we attempted to skip because of instability: 5055.
	Unstable pivots performed anyway: 46
	--- Tableau Statistics ---
	Total number of pivots performed: 2800443
		Real pivots: 2783170. Degenerate: 17273 (0.62%)
		Degenerate pivots by request (e.g., to fix a PL constraint): 0 (0.00%)
		Average time per pivot: 0.09 milli
	Total number of fake pivots performed: 45939
	Total number of rows added: 0. Number of merged columns: 0
	Current tableau dimensions: M = 604, N = 1523
	--- SMT Core Statistics ---
	Total depth is 40. Total visited states: 34060. Number of splits: 17046. Number of pops: 17013
	Max stack depth: 73
	--- Bound Tightening Statistics ---
	Number of tightened bounds: 4507601.
		Number of rows examined by row tightener: 2800443. Consequent tightenings: 219861
		Number of explicit basis matrices examined by row tightener: 18563. Consequent tightenings: 433753
		Number of bound tightening rounds on the entire constraint matrix: 0. Consequent tightenings: 0
		Number of bound notifications sent to PL constraints: 8940892. Tightenings proposed: 0
	--- Basis Factorization statistics ---
	Number of basis refactorizations: 25489
	--- Projected Steepest Edge Statistics ---
	Number of iterations: 2851391.
	Number of resets to reference space: 17262. Avg. iterations per reset: 165
	--- SBT ---
	Number of tightened bounds: 4441325
	--- SoI-based local search ---
	Number of proposed phase pattern update: 19940. Number of accepted update: 33931 [170.17%]
	Total time (% of local search time) updating SoI phase pattern : 3320625 milli [0.22%]
	Total time obtaining current assignment: 9013469 milli [0.59%]
	Total time getting SoI phase pattern : 1942042 milli [0.05%]
	--- Context dependent statistics ---
	Number of pushes / pops: 34060 / 34020
		[0.03%] Pre-Push hook: 1018 milli
		[0.00%] Push : 0 milli
		[0.04%] Post-Pop hook: 1550 milli
		[0.02%] Pop : 620 milli
		[0.09%] Total context-switching time: 3188 milli
	--- Proof Certificate ---
	Number of certified leaves: 0
	Number of leaves to delegate: 0
	Number of lemmas: 0
Timeout
end run time: 15:40:26
