[] ex=acas_property_1.txt net=ACASXU_experimental_v2a_2_6.onnx …
[14] processing acas_property_1.txt …
start run time: 14:26:56
Network: /cs/labs/guykatz/maya.swisa/elbit/20_8/Marabou/resources/onnx/acasxu/ACASXU_experimental_v2a_2_6.onnx
Property: /cs/labs/guykatz/maya.swisa/elbit/20_8/Marabou/resources/properties/acas_property_1.txt

Engine::processInputQuery: Input query (before preprocessing): 310 equations, 615 variables
Engine::processInputQuery: Input query (after preprocessing): 605 equations, 915 variables


Engine::solve: Initial statistics

14:26:56 Statistics update:
	--- Time Statistics ---
	Total time elapsed: 72 milli (00:00:00)
		Main loop: 0 milli (00:00:00)
		Preprocessing time: 46 milli (00:00:00)
		Unknown: 26 milli (00:00:00)
	Breakdown for main loop:
		[0.00%] Simplex steps: 0 milli
		[0.00%] Explicit-basis bound tightening: 0 milli
		[0.00%] Constraint-matrix bound tightening: 0 milli
		[0.00%] Degradation checking: 0 milli
		[0.00%] Precision restoration: 0 milli
		[0.00%] Statistics handling: 0 milli
		[0.00%] Constraint-fixing steps: 0 milli
		[0.00%] Valid case splits: 0 milli. Average per split: 0.00 milli
		[0.00%] Applying stored bound-tightening: 0 milli
		[0.00%] SMT core: 0 milli
		[0.00%] Symbolic Bound Tightening: 6 milli
		[0.00%] SoI-based local search: 0 milli
		[0.00%] SoI-based local search: 0 milli
		[0.00%] Unaccounted for: 0 milli
	--- Preprocessor Statistics ---
	Number of preprocessor bound-tightening loop iterations: 9
	Number of eliminated variables: 0
	Number of constraints removed due to variable elimination: 0
	Number of equations removed due to variable elimination: 0
	--- Engine Statistics ---
	Number of main loop iterations: 1
		0 iterations were simplex steps. Total time: 0 milli. Average: 0.00 milli.
		0 iterations were constraint-fixing steps. Total time: 0 milli. Average: 0.00 milli
	Number of active piecewise-linear constraints: 274 / 300
		Constraints disabled by valid splits: 26. By SMT-originated splits: 0
	Last reported degradation: 0.0000000000. Max degradation so far: 0.0000000000. Restorations so far: 0
	Number of simplex pivots we attempted to skip because of instability: 0.
	Unstable pivots performed anyway: 0
	--- Tableau Statistics ---
	Total number of pivots performed: 0
		Real pivots: 0. Degenerate: 0 (0.00%)
		Degenerate pivots by request (e.g., to fix a PL constraint): 0 (0.00%)
		Average time per pivot: 0.00 milli
	Total number of fake pivots performed: 0
	Total number of rows added: 0. Number of merged columns: 0
	Current tableau dimensions: M = 605, N = 1520
	--- SMT Core Statistics ---
	Total depth is 0. Total visited states: 1. Number of splits: 0. Number of pops: 0
	Max stack depth: 0
	--- Bound Tightening Statistics ---
	Number of tightened bounds: 0.
		Number of rows examined by row tightener: 0. Consequent tightenings: 0
		Number of explicit basis matrices examined by row tightener: 0. Consequent tightenings: 0
		Number of bound tightening rounds on the entire constraint matrix: 0. Consequent tightenings: 0
		Number of bound notifications sent to PL constraints: 1800. Tightenings proposed: 0
	--- Basis Factorization statistics ---
	Number of basis refactorizations: 2
	--- Projected Steepest Edge Statistics ---
	Number of iterations: 0.
	Number of resets to reference space: 1. Avg. iterations per reset: 0
	--- SBT ---
	Number of tightened bounds: 758
	--- SoI-based local search ---
	Number of proposed phase pattern update: 0. Number of accepted update: 0 [0.00%]
	Total time (% of local search time) updating SoI phase pattern : 0 milli [0.00%]
	Total time obtaining current assignment: 0 milli [0.00%]
	Total time getting SoI phase pattern : 0 milli [0.00%]
	--- Context dependent statistics ---
	Number of pushes / pops: 0 / 0
		[0.00%] Pre-Push hook: 0 milli
		[0.00%] Push : 0 milli
		[0.00%] Post-Pop hook: 0 milli
		[0.00%] Pop : 0 milli
		[0.00%] Total context-switching time: 0 milli
	--- Proof Certificate ---
	Number of certified leaves: 0
	Number of leaves to delegate: 0
	Number of lemmas: 0

---
start solving without an agent
High degradation found!
Performing precision restoration. Degradation before: 0.102200221645108. After: 0.000000000001769
High degradation found!
Performing precision restoration. Degradation before: 0.100029112182000. After: 0.000000000001492
Performing precision restoration. Degradation before: 0.000000000001492. After: 0.000000000001492
MalformedBasisException caught!
Performing precision restoration. Degradation before: 0.000784381981810. After: 0.000000000000291
Performing precision restoration. Degradation before: 0.000000001370038. After: 0.000000000010057


Engine: quitting due to timeout...

Final statistics:

15:26:56 Statistics update:
	--- Time Statistics ---
	Total time elapsed: 3600000 milli (01:00:00)
		Main loop: 3599462 milli (00:59:59)
		Preprocessing time: 46 milli (00:00:00)
		Unknown: 491 milli (00:00:00)
	Breakdown for main loop:
		[61.84%] Simplex steps: 2225831 milli
		[12.07%] Explicit-basis bound tightening: 434286 milli
		[0.00%] Constraint-matrix bound tightening: 0 milli
		[0.17%] Degradation checking: 6178 milli
		[0.00%] Precision restoration: 41 milli
		[0.06%] Statistics handling: 2241 milli
		[0.00%] Constraint-fixing steps: 0 milli
		[0.40%] Valid case splits: 14395 milli. Average per split: 0.00 milli
		[0.02%] Applying stored bound-tightening: 674 milli
		[1.44%] SMT core: 51665 milli
		[16.97%] Symbolic Bound Tightening: 610654 milli
		[35.70%] SoI-based local search: 1285091 milli
		[0.00%] SoI-based local search: 0 milli
		[7.04%] Unaccounted for: 253492 milli
	--- Preprocessor Statistics ---
	Number of preprocessor bound-tightening loop iterations: 9
	Number of eliminated variables: 0
	Number of constraints removed due to variable elimination: 0
	Number of equations removed due to variable elimination: 0
	--- Engine Statistics ---
	Number of main loop iterations: 3162754
		3068101 iterations were simplex steps. Total time: 2225831 milli. Average: 0.73 milli.
		0 iterations were constraint-fixing steps. Total time: 0 milli. Average: 0.00 milli
	Number of active piecewise-linear constraints: 91 / 300
		Constraints disabled by valid splits: 157. By SMT-originated splits: 52
	Last reported degradation: 0.0000000000. Max degradation so far: 0.1022002216. Restorations so far: 5
	Number of simplex pivots we attempted to skip because of instability: 1041.
	Unstable pivots performed anyway: 18
	--- Tableau Statistics ---
	Total number of pivots performed: 2566987
		Real pivots: 2561103. Degenerate: 5884 (0.23%)
		Degenerate pivots by request (e.g., to fix a PL constraint): 0 (0.00%)
		Average time per pivot: 0.06 milli
	Total number of fake pivots performed: 283874
	Total number of rows added: 0. Number of merged columns: 0
	Current tableau dimensions: M = 605, N = 1520
	--- SMT Core Statistics ---
	Total depth is 56. Total visited states: 67899. Number of splits: 33967. Number of pops: 33931
	Max stack depth: 106
	--- Bound Tightening Statistics ---
	Number of tightened bounds: 17386965.
		Number of rows examined by row tightener: 2566987. Consequent tightenings: 137284
		Number of explicit basis matrices examined by row tightener: 16124. Consequent tightenings: 3012511
		Number of bound tightening rounds on the entire constraint matrix: 0. Consequent tightenings: 0
		Number of bound notifications sent to PL constraints: 35115548. Tightenings proposed: 0
	--- Basis Factorization statistics ---
	Number of basis refactorizations: 19170
	--- Projected Steepest Edge Statistics ---
	Number of iterations: 2851884.
	Number of resets to reference space: 34307. Avg. iterations per reset: 83
	--- SBT ---
	Number of tightened bounds: 17372523
	--- SoI-based local search ---
	Number of proposed phase pattern update: 58735. Number of accepted update: 52845 [89.97%]
	Total time (% of local search time) updating SoI phase pattern : 5315248 milli [0.41%]
	Total time obtaining current assignment: 14484861 milli [1.13%]
	Total time getting SoI phase pattern : 3925550 milli [0.11%]
	--- Context dependent statistics ---
	Number of pushes / pops: 67901 / 67845
		[0.06%] Pre-Push hook: 2124 milli
		[0.00%] Push : 0 milli
		[0.05%] Post-Pop hook: 1628 milli
		[0.08%] Pop : 2783 milli
		[0.18%] Total context-switching time: 6536 milli
	--- Proof Certificate ---
	Number of certified leaves: 0
	Number of leaves to delegate: 0
	Number of lemmas: 0
Timeout
end run time: 15:26:56
