[636] processing ex_0637_label_0 …
start run time: 11:13:36
Network: /cs/labs/guykatz/maya.swisa/elbit/20_8/Marabou/resources/nnet/acasxu/ACASXU_experimental_v2a_1_1.nnet
Number of layers: 8. Input layer size: 5. Output layer size: 5. Number of ReLUs: 300
Total number of variables: 610
Property: /cs/labs/guykatz/maya.swisa/elbit/PROPERTY_1_08091/ex_0637_label_0/eps01.txt

Engine::processInputQuery: Input query (before preprocessing): 309 equations, 610 variables
Engine::processInputQuery: Input query (after preprocessing): 604 equations, 914 variables


Engine::solve: Initial statistics

11:13:36 Statistics update:
	--- Time Statistics ---
	Total time elapsed: 56 milli (00:00:00)
		Main loop: 0 milli (00:00:00)
		Preprocessing time: 38 milli (00:00:00)
		Unknown: 17 milli (00:00:00)
	Breakdown for main loop:
		[0.00%] Simplex steps: 0 milli
		[0.00%] Explicit-basis bound tightening: 0 milli
		[0.00%] Constraint-matrix bound tightening: 0 milli
		[0.00%] Degradation checking: 0 milli
		[0.00%] Precision restoration: 0 milli
		[0.00%] Statistics handling: 0 milli
		[0.00%] Constraint-fixing steps: 0 milli
		[0.00%] Valid case splits: 2 milli. Average per split: 0.00 milli
		[0.00%] Applying stored bound-tightening: 0 milli
		[0.00%] SMT core: 0 milli
		[0.00%] Symbolic Bound Tightening: 5 milli
		[0.00%] SoI-based local search: 0 milli
		[0.00%] SoI-based local search: 0 milli
		[0.00%] Unaccounted for: 0 milli
	--- Preprocessor Statistics ---
	Number of preprocessor bound-tightening loop iterations: 8
	Number of eliminated variables: 0
	Number of constraints removed due to variable elimination: 0
	Number of equations removed due to variable elimination: 0
	--- Engine Statistics ---
	Number of main loop iterations: 1
		0 iterations were simplex steps. Total time: 0 milli. Average: 0.00 milli.
		0 iterations were constraint-fixing steps. Total time: 0 milli. Average: 0.00 milli
	Number of active piecewise-linear constraints: 184 / 300
		Constraints disabled by valid splits: 116. By SMT-originated splits: 0
	Last reported degradation: 0.0000000000. Max degradation so far: 0.0000000000. Restorations so far: 0
	Number of simplex pivots we attempted to skip because of instability: 0.
	Unstable pivots performed anyway: 0
	--- Tableau Statistics ---
	Total number of pivots performed: 0
		Real pivots: 0. Degenerate: 0 (0.00%)
		Degenerate pivots by request (e.g., to fix a PL constraint): 0 (0.00%)
		Average time per pivot: 0.00 milli
	Total number of fake pivots performed: 0
	Total number of rows added: 0. Number of merged columns: 0
	Current tableau dimensions: M = 604, N = 1518
	--- SMT Core Statistics ---
	Total depth is 0. Total visited states: 1. Number of splits: 0. Number of pops: 0
	Max stack depth: 0
	--- Bound Tightening Statistics ---
	Number of tightened bounds: 0.
		Number of rows examined by row tightener: 0. Consequent tightenings: 0
		Number of explicit basis matrices examined by row tightener: 0. Consequent tightenings: 0
		Number of bound tightening rounds on the entire constraint matrix: 0. Consequent tightenings: 0
		Number of bound notifications sent to PL constraints: 1800. Tightenings proposed: 0
	--- Basis Factorization statistics ---
	Number of basis refactorizations: 2
	--- Projected Steepest Edge Statistics ---
	Number of iterations: 0.
	Number of resets to reference space: 1. Avg. iterations per reset: 0
	--- SBT ---
	Number of tightened bounds: 730
	--- SoI-based local search ---
	Number of proposed phase pattern update: 0. Number of accepted update: 0 [0.00%]
	Total time (% of local search time) updating SoI phase pattern : 0 milli [0.00%]
	Total time obtaining current assignment: 0 milli [0.00%]
	Total time getting SoI phase pattern : 0 milli [0.00%]
	--- Context dependent statistics ---
	Number of pushes / pops: 0 / 0
		[0.00%] Pre-Push hook: 0 milli
		[0.00%] Push : 0 milli
		[0.00%] Post-Pop hook: 0 milli
		[0.00%] Pop : 0 milli
		[0.00%] Total context-switching time: 0 milli
	--- Proof Certificate ---
	Number of certified leaves: 0
	Number of leaves to delegate: 0
	Number of lemmas: 0

---
start solving without an agent
Performing precision restoration. Degradation before: 0.010307111656795. After: 0.000000000000185
MalformedBasisException caught!
Performing precision restoration. Degradation before: 1.959320358272215. After: 0.000000000000062
Performing precision restoration. Degradation before: 0.002939054460744. After: 0.000000000000184
Performing precision restoration. Degradation before: 0.001923814347564. After: 0.000000000005663
Performing precision restoration. Degradation before: 0.055705830305844. After: 0.000000000000226
MalformedBasisException caught!
Performing precision restoration. Degradation before: 0.000000364933136. After: 0.000000000000071
Performing precision restoration. Degradation before: 0.000000001676880. After: 0.000000000000319
Performing precision restoration. Degradation before: 0.000659045616690. After: 0.000000000000116
Performing precision restoration. Degradation before: 0.000334978807015. After: 0.000000000000318
Performing precision restoration. Degradation before: 0.000639481044328. After: 0.000000000000805
Performing precision restoration. Degradation before: 0.002771588395642. After: 0.000000000000258
Performing precision restoration. Degradation before: 0.007836528871972. After: 0.000000000000179
Performing precision restoration. Degradation before: 0.001224748833667. After: 0.000000000000216


Engine: quitting due to timeout...

Final statistics:

12:13:36 Statistics update:
	--- Time Statistics ---
	Total time elapsed: 3600032 milli (01:00:00)
		Main loop: 3598608 milli (00:59:58)
		Preprocessing time: 38 milli (00:00:00)
		Unknown: 1385 milli (00:00:01)
	Breakdown for main loop:
		[48.98%] Simplex steps: 1762574 milli
		[26.14%] Explicit-basis bound tightening: 940583 milli
		[0.00%] Constraint-matrix bound tightening: 0 milli
		[0.19%] Degradation checking: 6671 milli
		[0.00%] Precision restoration: 98 milli
		[0.05%] Statistics handling: 1662 milli
		[0.00%] Constraint-fixing steps: 0 milli
		[0.14%] Valid case splits: 4902 milli. Average per split: 0.00 milli
		[0.02%] Applying stored bound-tightening: 670 milli
		[1.93%] SMT core: 69278 milli
		[17.18%] Symbolic Bound Tightening: 618139 milli
		[26.87%] SoI-based local search: 966931 milli
		[0.00%] SoI-based local search: 0 milli
		[5.39%] Unaccounted for: 194027 milli
	--- Preprocessor Statistics ---
	Number of preprocessor bound-tightening loop iterations: 8
	Number of eliminated variables: 0
	Number of constraints removed due to variable elimination: 0
	Number of equations removed due to variable elimination: 0
	--- Engine Statistics ---
	Number of main loop iterations: 3961746
		3837615 iterations were simplex steps. Total time: 1762574 milli. Average: 0.46 milli.
		0 iterations were constraint-fixing steps. Total time: 0 milli. Average: 0.00 milli
	Number of active piecewise-linear constraints: 57 / 300
		Constraints disabled by valid splits: 200. By SMT-originated splits: 43
	Last reported degradation: 0.0000000000. Max degradation so far: 0.0551826259. Restorations so far: 13
	Number of simplex pivots we attempted to skip because of instability: 2520.
	Unstable pivots performed anyway: 238
	--- Tableau Statistics ---
	Total number of pivots performed: 3432983
		Real pivots: 3410376. Degenerate: 22607 (0.66%)
		Degenerate pivots by request (e.g., to fix a PL constraint): 0 (0.00%)
		Average time per pivot: 0.06 milli
	Total number of fake pivots performed: 128771
	Total number of rows added: 0. Number of merged columns: 0
	Current tableau dimensions: M = 604, N = 1518
	--- SMT Core Statistics ---
	Total depth is 40. Total visited states: 97989. Number of splits: 49015. Number of pops: 48973
	Max stack depth: 72
	--- Bound Tightening Statistics ---
	Number of tightened bounds: 13888046.
		Number of rows examined by row tightener: 3432983. Consequent tightenings: 652005
		Number of explicit basis matrices examined by row tightener: 30019. Consequent tightenings: 2702637
		Number of bound tightening rounds on the entire constraint matrix: 0. Consequent tightenings: 0
		Number of bound notifications sent to PL constraints: 27892737. Tightenings proposed: 0
	--- Basis Factorization statistics ---
	Number of basis refactorizations: 30237
	--- Projected Steepest Edge Statistics ---
	Number of iterations: 3564036.
	Number of resets to reference space: 49138. Avg. iterations per reset: 72
	--- SBT ---
	Number of tightened bounds: 13849308
	--- SoI-based local search ---
	Number of proposed phase pattern update: 59532. Number of accepted update: 97032 [162.99%]
	Total time (% of local search time) updating SoI phase pattern : 6444537 milli [0.67%]
	Total time obtaining current assignment: 17902840 milli [1.85%]
	Total time getting SoI phase pattern : 2428805 milli [0.07%]
	--- Context dependent statistics ---
	Number of pushes / pops: 97998 / 97958
		[0.07%] Pre-Push hook: 2514 milli
		[0.00%] Push : 0 milli
		[0.07%] Post-Pop hook: 2413 milli
		[0.06%] Pop : 2153 milli
		[0.20%] Total context-switching time: 7082 milli
	--- Proof Certificate ---
	Number of certified leaves: 0
	Number of leaves to delegate: 0
	Number of lemmas: 0
Timeout
end run time: 12:13:36
DQN: Done solving. Time : 3600052 milli. 

start run time: 12:13:36
Network: /cs/labs/guykatz/maya.swisa/elbit/20_8/Marabou/resources/nnet/acasxu/ACASXU_experimental_v2a_1_1.nnet
Number of layers: 8. Input layer size: 5. Output layer size: 5. Number of ReLUs: 300
Total number of variables: 610
Property: /cs/labs/guykatz/maya.swisa/elbit/PROPERTY_1_08091/ex_0637_label_0/eps02.txt

Engine::processInputQuery: Input query (before preprocessing): 309 equations, 610 variables
Engine::processInputQuery: Input query (after preprocessing): 604 equations, 914 variables


Engine::solve: Initial statistics

12:13:36 Statistics update:
	--- Time Statistics ---
	Total time elapsed: 51 milli (00:00:00)
		Main loop: 0 milli (00:00:00)
		Preprocessing time: 31 milli (00:00:00)
		Unknown: 20 milli (00:00:00)
	Breakdown for main loop:
		[0.00%] Simplex steps: 0 milli
		[0.00%] Explicit-basis bound tightening: 0 milli
		[0.00%] Constraint-matrix bound tightening: 0 milli
		[0.00%] Degradation checking: 0 milli
		[0.00%] Precision restoration: 0 milli
		[0.00%] Statistics handling: 0 milli
		[0.00%] Constraint-fixing steps: 0 milli
		[0.00%] Valid case splits: 2 milli. Average per split: 0.00 milli
		[0.00%] Applying stored bound-tightening: 0 milli
		[0.00%] SMT core: 0 milli
		[0.00%] Symbolic Bound Tightening: 5 milli
		[0.00%] SoI-based local search: 0 milli
		[0.00%] SoI-based local search: 0 milli
		[0.00%] Unaccounted for: 0 milli
	--- Preprocessor Statistics ---
	Number of preprocessor bound-tightening loop iterations: 8
	Number of eliminated variables: 0
	Number of constraints removed due to variable elimination: 0
	Number of equations removed due to variable elimination: 0
	--- Engine Statistics ---
	Number of main loop iterations: 1
		0 iterations were simplex steps. Total time: 0 milli. Average: 0.00 milli.
		0 iterations were constraint-fixing steps. Total time: 0 milli. Average: 0.00 milli
	Number of active piecewise-linear constraints: 190 / 300
		Constraints disabled by valid splits: 110. By SMT-originated splits: 0
	Last reported degradation: 0.0000000000. Max degradation so far: 0.0000000000. Restorations so far: 0
	Number of simplex pivots we attempted to skip because of instability: 0.
	Unstable pivots performed anyway: 0
	--- Tableau Statistics ---
	Total number of pivots performed: 0
		Real pivots: 0. Degenerate: 0 (0.00%)
		Degenerate pivots by request (e.g., to fix a PL constraint): 0 (0.00%)
		Average time per pivot: 0.00 milli
	Total number of fake pivots performed: 0
	Total number of rows added: 0. Number of merged columns: 0
	Current tableau dimensions: M = 604, N = 1518
	--- SMT Core Statistics ---
	Total depth is 0. Total visited states: 1. Number of splits: 0. Number of pops: 0
	Max stack depth: 0
	--- Bound Tightening Statistics ---
	Number of tightened bounds: 0.
		Number of rows examined by row tightener: 0. Consequent tightenings: 0
		Number of explicit basis matrices examined by row tightener: 0. Consequent tightenings: 0
		Number of bound tightening rounds on the entire constraint matrix: 0. Consequent tightenings: 0
		Number of bound notifications sent to PL constraints: 1800. Tightenings proposed: 0
	--- Basis Factorization statistics ---
	Number of basis refactorizations: 2
	--- Projected Steepest Edge Statistics ---
	Number of iterations: 0.
	Number of resets to reference space: 1. Avg. iterations per reset: 0
	--- SBT ---
	Number of tightened bounds: 729
	--- SoI-based local search ---
	Number of proposed phase pattern update: 0. Number of accepted update: 0 [0.00%]
	Total time (% of local search time) updating SoI phase pattern : 0 milli [0.00%]
	Total time obtaining current assignment: 0 milli [0.00%]
	Total time getting SoI phase pattern : 0 milli [0.00%]
	--- Context dependent statistics ---
	Number of pushes / pops: 0 / 0
		[0.00%] Pre-Push hook: 0 milli
		[0.00%] Push : 0 milli
		[0.00%] Post-Pop hook: 0 milli
		[0.00%] Pop : 0 milli
		[0.00%] Total context-switching time: 0 milli
	--- Proof Certificate ---
	Number of certified leaves: 0
	Number of leaves to delegate: 0
	Number of lemmas: 0

---
start solving without an agent
High degradation found!
Performing precision restoration. Degradation before: 0.101809396675291. After: 0.000000000000294
Performing precision restoration. Degradation before: 0.000002110715094. After: 0.000000000000298
Performing precision restoration. Degradation before: 0.020432939880175. After: 0.000000000000185
Performing precision restoration. Degradation before: 0.006130361188746. After: 0.000000000000302
Performing precision restoration. Degradation before: 0.001725839373716. After: 0.000000000000423
MalformedBasisException caught!
Performing precision restoration. Degradation before: 0.000128748624819. After: 0.000000000000062
Performing precision restoration. Degradation before: 0.000000226162407. After: 0.000000000000264
Performing precision restoration. Degradation before: 0.000010886702390. After: 0.000000000000391
Performing precision restoration. Degradation before: 0.000042096980262. After: 0.000000000000215
Performing precision restoration. Degradation before: 0.013326480058111. After: 0.000000000000388
Performing precision restoration. Degradation before: 0.000496708389228. After: 0.000000000000573
High degradation found!
Performing precision restoration. Degradation before: 0.105724475720641. After: 0.000000000000135
Performing precision restoration. Degradation before: 0.000908984739924. After: 0.000000000000286
Performing precision restoration. Degradation before: 0.006099232894699. After: 0.000000000000149
Performing precision restoration. Degradation before: 0.000002694856870. After: 0.000000000000232
High degradation found!
Performing precision restoration. Degradation before: 0.101049446556700. After: 0.000000000000800
Performing precision restoration. Degradation before: 0.038231543259757. After: 0.000000000000199


Engine: quitting due to timeout...

Final statistics:

13:13:36 Statistics update:
	--- Time Statistics ---
	Total time elapsed: 3600002 milli (01:00:00)
		Main loop: 3598578 milli (00:59:58)
		Preprocessing time: 31 milli (00:00:00)
		Unknown: 1393 milli (00:00:01)
	Breakdown for main loop:
		[56.21%] Simplex steps: 2022587 milli
		[27.01%] Explicit-basis bound tightening: 971912 milli
		[0.00%] Constraint-matrix bound tightening: 0 milli
		[0.23%] Degradation checking: 8206 milli
		[0.00%] Precision restoration: 134 milli
		[0.25%] Statistics handling: 9009 milli
		[0.00%] Constraint-fixing steps: 0 milli
		[0.09%] Valid case splits: 3147 milli. Average per split: 0.00 milli
		[0.01%] Applying stored bound-tightening: 413 milli
		[1.32%] SMT core: 47646 milli
		[10.73%] Symbolic Bound Tightening: 386106 milli
		[32.47%] SoI-based local search: 1168549 milli
		[0.00%] SoI-based local search: 0 milli
		[4.15%] Unaccounted for: 149412 milli
	--- Preprocessor Statistics ---
	Number of preprocessor bound-tightening loop iterations: 8
	Number of eliminated variables: 0
	Number of constraints removed due to variable elimination: 0
	Number of equations removed due to variable elimination: 0
	--- Engine Statistics ---
	Number of main loop iterations: 4063508
		3978020 iterations were simplex steps. Total time: 2022587 milli. Average: 0.51 milli.
		0 iterations were constraint-fixing steps. Total time: 0 milli. Average: 0.00 milli
	Number of active piecewise-linear constraints: 74 / 300
		Constraints disabled by valid splits: 181. By SMT-originated splits: 45
	Last reported degradation: 0.0000000000. Max degradation so far: 0.1057244757. Restorations so far: 17
	Number of simplex pivots we attempted to skip because of instability: 471.
	Unstable pivots performed anyway: 0
	--- Tableau Statistics ---
	Total number of pivots performed: 3710916
		Real pivots: 3702509. Degenerate: 8407 (0.23%)
		Degenerate pivots by request (e.g., to fix a PL constraint): 0 (0.00%)
		Average time per pivot: 0.06 milli
	Total number of fake pivots performed: 74363
	Total number of rows added: 0. Number of merged columns: 0
	Current tableau dimensions: M = 604, N = 1518
	--- SMT Core Statistics ---
	Total depth is 49. Total visited states: 68564. Number of splits: 34303. Number of pops: 34260
	Max stack depth: 71
	--- Bound Tightening Statistics ---
	Number of tightened bounds: 6595721.
		Number of rows examined by row tightener: 3710916. Consequent tightenings: 411519
		Number of explicit basis matrices examined by row tightener: 28975. Consequent tightenings: 1221655
		Number of bound tightening rounds on the entire constraint matrix: 0. Consequent tightenings: 0
		Number of bound notifications sent to PL constraints: 13780211. Tightenings proposed: 0
	--- Basis Factorization statistics ---
	Number of basis refactorizations: 33041
	--- Projected Steepest Edge Statistics ---
	Number of iterations: 3785750.
	Number of resets to reference space: 34468. Avg. iterations per reset: 109
	--- SBT ---
	Number of tightened bounds: 6544838
	--- SoI-based local search ---
	Number of proposed phase pattern update: 41181. Number of accepted update: 67424 [163.73%]
	Total time (% of local search time) updating SoI phase pattern : 5491753 milli [0.47%]
	Total time obtaining current assignment: 12666729 milli [1.08%]
	Total time getting SoI phase pattern : 3070590 milli [0.09%]
	--- Context dependent statistics ---
	Number of pushes / pops: 68565 / 68516
		[0.05%] Pre-Push hook: 1869 milli
		[0.00%] Push : 0 milli
		[0.05%] Post-Pop hook: 1823 milli
		[0.04%] Pop : 1501 milli
		[0.14%] Total context-switching time: 5194 milli
	--- Proof Certificate ---
	Number of certified leaves: 0
	Number of leaves to delegate: 0
	Number of lemmas: 0
Timeout
end run time: 13:13:36
DQN: Done solving. Time : 3600021 milli. 

start run time: 13:13:36
Network: /cs/labs/guykatz/maya.swisa/elbit/20_8/Marabou/resources/nnet/acasxu/ACASXU_experimental_v2a_1_1.nnet
Number of layers: 8. Input layer size: 5. Output layer size: 5. Number of ReLUs: 300
Total number of variables: 610
Property: /cs/labs/guykatz/maya.swisa/elbit/PROPERTY_1_08091/ex_0637_label_0/eps03.txt

Engine::processInputQuery: Input query (before preprocessing): 309 equations, 610 variables
Engine::processInputQuery: Input query (after preprocessing): 604 equations, 914 variables


Engine::solve: Initial statistics

13:13:36 Statistics update:
	--- Time Statistics ---
	Total time elapsed: 58 milli (00:00:00)
		Main loop: 0 milli (00:00:00)
		Preprocessing time: 31 milli (00:00:00)
		Unknown: 27 milli (00:00:00)
	Breakdown for main loop:
		[0.00%] Simplex steps: 0 milli
		[0.00%] Explicit-basis bound tightening: 0 milli
		[0.00%] Constraint-matrix bound tightening: 0 milli
		[0.00%] Degradation checking: 0 milli
		[0.00%] Precision restoration: 0 milli
		[0.00%] Statistics handling: 0 milli
		[0.00%] Constraint-fixing steps: 0 milli
		[0.00%] Valid case splits: 1 milli. Average per split: 0.00 milli
		[0.00%] Applying stored bound-tightening: 0 milli
		[0.00%] SMT core: 0 milli
		[0.00%] Symbolic Bound Tightening: 5 milli
		[0.00%] SoI-based local search: 0 milli
		[0.00%] SoI-based local search: 0 milli
		[0.00%] Unaccounted for: 0 milli
	--- Preprocessor Statistics ---
	Number of preprocessor bound-tightening loop iterations: 8
	Number of eliminated variables: 0
	Number of constraints removed due to variable elimination: 0
	Number of equations removed due to variable elimination: 0
	--- Engine Statistics ---
	Number of main loop iterations: 1
		0 iterations were simplex steps. Total time: 0 milli. Average: 0.00 milli.
		0 iterations were constraint-fixing steps. Total time: 0 milli. Average: 0.00 milli
	Number of active piecewise-linear constraints: 199 / 300
		Constraints disabled by valid splits: 101. By SMT-originated splits: 0
	Last reported degradation: 0.0000000000. Max degradation so far: 0.0000000000. Restorations so far: 0
	Number of simplex pivots we attempted to skip because of instability: 0.
	Unstable pivots performed anyway: 0
	--- Tableau Statistics ---
	Total number of pivots performed: 0
		Real pivots: 0. Degenerate: 0 (0.00%)
		Degenerate pivots by request (e.g., to fix a PL constraint): 0 (0.00%)
		Average time per pivot: 0.00 milli
	Total number of fake pivots performed: 0
	Total number of rows added: 0. Number of merged columns: 0
	Current tableau dimensions: M = 604, N = 1518
	--- SMT Core Statistics ---
	Total depth is 0. Total visited states: 1. Number of splits: 0. Number of pops: 0
	Max stack depth: 0
	--- Bound Tightening Statistics ---
	Number of tightened bounds: 0.
		Number of rows examined by row tightener: 0. Consequent tightenings: 0
		Number of explicit basis matrices examined by row tightener: 0. Consequent tightenings: 0
		Number of bound tightening rounds on the entire constraint matrix: 0. Consequent tightenings: 0
		Number of bound notifications sent to PL constraints: 1800. Tightenings proposed: 0
	--- Basis Factorization statistics ---
	Number of basis refactorizations: 2
	--- Projected Steepest Edge Statistics ---
	Number of iterations: 0.
	Number of resets to reference space: 1. Avg. iterations per reset: 0
	--- SBT ---
	Number of tightened bounds: 729
	--- SoI-based local search ---
	Number of proposed phase pattern update: 0. Number of accepted update: 0 [0.00%]
	Total time (% of local search time) updating SoI phase pattern : 0 milli [0.00%]
	Total time obtaining current assignment: 0 milli [0.00%]
	Total time getting SoI phase pattern : 0 milli [0.00%]
	--- Context dependent statistics ---
	Number of pushes / pops: 0 / 0
		[0.00%] Pre-Push hook: 0 milli
		[0.00%] Push : 0 milli
		[0.00%] Post-Pop hook: 0 milli
		[0.00%] Pop : 0 milli
		[0.00%] Total context-switching time: 0 milli
	--- Proof Certificate ---
	Number of certified leaves: 0
	Number of leaves to delegate: 0
	Number of lemmas: 0

---
start solving without an agent

Engine::solve: sat assignment found

13:13:36 Statistics update:
	--- Time Statistics ---
	Total time elapsed: 290 milli (00:00:00)
		Main loop: 231 milli (00:00:00)
		Preprocessing time: 31 milli (00:00:00)
		Unknown: 27 milli (00:00:00)
	Breakdown for main loop:
		[69.31%] Simplex steps: 160 milli
		[26.01%] Explicit-basis bound tightening: 60 milli
		[0.00%] Constraint-matrix bound tightening: 0 milli
		[0.24%] Degradation checking: 0 milli
		[0.00%] Precision restoration: 0 milli
		[0.34%] Statistics handling: 0 milli
		[0.00%] Constraint-fixing steps: 0 milli
		[0.82%] Valid case splits: 1 milli. Average per split: 0.00 milli
		[0.00%] Applying stored bound-tightening: 0 milli
		[0.00%] SMT core: 0 milli
		[4.17%] Symbolic Bound Tightening: 9 milli
		[52.61%] SoI-based local search: 121 milli
		[0.00%] SoI-based local search: 0 milli
		[7971420577980109.00%] Unaccounted for: 0 milli
	--- Preprocessor Statistics ---
	Number of preprocessor bound-tightening loop iterations: 8
	Number of eliminated variables: 0
	Number of constraints removed due to variable elimination: 0
	Number of equations removed due to variable elimination: 0
	--- Engine Statistics ---
	Number of main loop iterations: 379
		377 iterations were simplex steps. Total time: 160 milli. Average: 0.42 milli.
		0 iterations were constraint-fixing steps. Total time: 0 milli. Average: 0.00 milli
	Number of active piecewise-linear constraints: 199 / 300
		Constraints disabled by valid splits: 101. By SMT-originated splits: 0
	Last reported degradation: 0.0000000000. Max degradation so far: 0.0000000000. Restorations so far: 0
	Number of simplex pivots we attempted to skip because of instability: 0.
	Unstable pivots performed anyway: 0
	--- Tableau Statistics ---
	Total number of pivots performed: 371
		Real pivots: 369. Degenerate: 2 (0.54%)
		Degenerate pivots by request (e.g., to fix a PL constraint): 0 (0.00%)
		Average time per pivot: 0.04 milli
	Total number of fake pivots performed: 2
	Total number of rows added: 0. Number of merged columns: 0
	Current tableau dimensions: M = 604, N = 1518
	--- SMT Core Statistics ---
	Total depth is 0. Total visited states: 1. Number of splits: 0. Number of pops: 0
	Max stack depth: 0
	--- Bound Tightening Statistics ---
	Number of tightened bounds: 0.
		Number of rows examined by row tightener: 371. Consequent tightenings: 0
		Number of explicit basis matrices examined by row tightener: 3. Consequent tightenings: 203
		Number of bound tightening rounds on the entire constraint matrix: 0. Consequent tightenings: 0
		Number of bound notifications sent to PL constraints: 3614. Tightenings proposed: 0
	--- Basis Factorization statistics ---
	Number of basis refactorizations: 5
	--- Projected Steepest Edge Statistics ---
	Number of iterations: 373.
	Number of resets to reference space: 1. Avg. iterations per reset: 373
	--- SBT ---
	Number of tightened bounds: 729
	--- SoI-based local search ---
	Number of proposed phase pattern update: 1. Number of accepted update: 2 [200.00%]
	Total time (% of local search time) updating SoI phase pattern : 206 milli [0.17%]
	Total time obtaining current assignment: 214 milli [0.18%]
	Total time getting SoI phase pattern : 191 milli [0.08%]
	--- Context dependent statistics ---
	Number of pushes / pops: 0 / 0
		[0.00%] Pre-Push hook: 0 milli
		[0.00%] Push : 0 milli
		[0.00%] Post-Pop hook: 0 milli
		[0.00%] Pop : 0 milli
		[0.00%] Total context-switching time: 0 milli
	--- Proof Certificate ---
	Number of certified leaves: 0
	Number of leaves to delegate: 0
	Number of lemmas: 0
sat
Input assignment:
	x0 = 0.517221
	x1 = 0.010081
	x2 = -0.329377
	x3 = 0.383627
	x4 = -0.399268

Output:
	y0 = -0.016914
	y1 = -0.018483
	y2 = -0.016008
	y3 = -0.018483
	y4 = -0.015084

end run time: 13:13:36
DQN: Done solving. Time : 295 milli. 

