[372] processing ex_0373_label_0 …
start run time: 10:05:27
Network: /cs/labs/guykatz/maya.swisa/elbit/20_8/Marabou/resources/nnet/acasxu/ACASXU_experimental_v2a_1_1.nnet
Number of layers: 8. Input layer size: 5. Output layer size: 5. Number of ReLUs: 300
Total number of variables: 610
Property: /cs/labs/guykatz/maya.swisa/elbit/PROPERTY_1_08091/ex_0373_label_0/eps01.txt

Engine::processInputQuery: Input query (before preprocessing): 309 equations, 610 variables
Engine::processInputQuery: Input query (after preprocessing): 604 equations, 914 variables


Engine::solve: Initial statistics

10:05:27 Statistics update:
	--- Time Statistics ---
	Total time elapsed: 69 milli (00:00:00)
		Main loop: 0 milli (00:00:00)
		Preprocessing time: 40 milli (00:00:00)
		Unknown: 28 milli (00:00:00)
	Breakdown for main loop:
		[0.00%] Simplex steps: 0 milli
		[0.00%] Explicit-basis bound tightening: 0 milli
		[0.00%] Constraint-matrix bound tightening: 0 milli
		[0.00%] Degradation checking: 0 milli
		[0.00%] Precision restoration: 0 milli
		[0.00%] Statistics handling: 0 milli
		[0.00%] Constraint-fixing steps: 0 milli
		[0.00%] Valid case splits: 2 milli. Average per split: 0.00 milli
		[0.00%] Applying stored bound-tightening: 0 milli
		[0.00%] SMT core: 0 milli
		[0.00%] Symbolic Bound Tightening: 4 milli
		[0.00%] SoI-based local search: 0 milli
		[0.00%] SoI-based local search: 0 milli
		[0.00%] Unaccounted for: 0 milli
	--- Preprocessor Statistics ---
	Number of preprocessor bound-tightening loop iterations: 8
	Number of eliminated variables: 0
	Number of constraints removed due to variable elimination: 0
	Number of equations removed due to variable elimination: 0
	--- Engine Statistics ---
	Number of main loop iterations: 1
		0 iterations were simplex steps. Total time: 0 milli. Average: 0.00 milli.
		0 iterations were constraint-fixing steps. Total time: 0 milli. Average: 0.00 milli
	Number of active piecewise-linear constraints: 157 / 300
		Constraints disabled by valid splits: 143. By SMT-originated splits: 0
	Last reported degradation: 0.0000000000. Max degradation so far: 0.0000000000. Restorations so far: 0
	Number of simplex pivots we attempted to skip because of instability: 0.
	Unstable pivots performed anyway: 0
	--- Tableau Statistics ---
	Total number of pivots performed: 0
		Real pivots: 0. Degenerate: 0 (0.00%)
		Degenerate pivots by request (e.g., to fix a PL constraint): 0 (0.00%)
		Average time per pivot: 0.00 milli
	Total number of fake pivots performed: 0
	Total number of rows added: 0. Number of merged columns: 0
	Current tableau dimensions: M = 604, N = 1518
	--- SMT Core Statistics ---
	Total depth is 0. Total visited states: 1. Number of splits: 0. Number of pops: 0
	Max stack depth: 0
	--- Bound Tightening Statistics ---
	Number of tightened bounds: 0.
		Number of rows examined by row tightener: 0. Consequent tightenings: 0
		Number of explicit basis matrices examined by row tightener: 0. Consequent tightenings: 0
		Number of bound tightening rounds on the entire constraint matrix: 0. Consequent tightenings: 0
		Number of bound notifications sent to PL constraints: 1800. Tightenings proposed: 0
	--- Basis Factorization statistics ---
	Number of basis refactorizations: 2
	--- Projected Steepest Edge Statistics ---
	Number of iterations: 0.
	Number of resets to reference space: 1. Avg. iterations per reset: 0
	--- SBT ---
	Number of tightened bounds: 743
	--- SoI-based local search ---
	Number of proposed phase pattern update: 0. Number of accepted update: 0 [0.00%]
	Total time (% of local search time) updating SoI phase pattern : 0 milli [0.00%]
	Total time obtaining current assignment: 0 milli [0.00%]
	Total time getting SoI phase pattern : 0 milli [0.00%]
	--- Context dependent statistics ---
	Number of pushes / pops: 0 / 0
		[0.00%] Pre-Push hook: 0 milli
		[0.00%] Push : 0 milli
		[0.00%] Post-Pop hook: 0 milli
		[0.00%] Pop : 0 milli
		[0.00%] Total context-switching time: 0 milli
	--- Proof Certificate ---
	Number of certified leaves: 0
	Number of leaves to delegate: 0
	Number of lemmas: 0

---
start solving without an agent

Engine::solve: sat assignment found

10:08:21 Statistics update:
	--- Time Statistics ---
	Total time elapsed: 173894 milli (00:02:53)
		Main loop: 173741 milli (00:02:53)
		Preprocessing time: 40 milli (00:00:00)
		Unknown: 112 milli (00:00:00)
	Breakdown for main loop:
		[41.92%] Simplex steps: 72828 milli
		[20.41%] Explicit-basis bound tightening: 35452 milli
		[0.00%] Constraint-matrix bound tightening: 0 milli
		[0.22%] Degradation checking: 388 milli
		[0.00%] Precision restoration: 0 milli
		[0.04%] Statistics handling: 61 milli
		[0.00%] Constraint-fixing steps: 0 milli
		[0.22%] Valid case splits: 379 milli. Average per split: 0.00 milli
		[0.04%] Applying stored bound-tightening: 62 milli
		[2.93%] SMT core: 5095 milli
		[27.64%] Symbolic Bound Tightening: 48018 milli
		[24.35%] SoI-based local search: 42311 milli
		[0.00%] SoI-based local search: 0 milli
		[6.59%] Unaccounted for: 11453 milli
	--- Preprocessor Statistics ---
	Number of preprocessor bound-tightening loop iterations: 8
	Number of eliminated variables: 0
	Number of constraints removed due to variable elimination: 0
	Number of equations removed due to variable elimination: 0
	--- Engine Statistics ---
	Number of main loop iterations: 234571
		224713 iterations were simplex steps. Total time: 72828 milli. Average: 0.32 milli.
		0 iterations were constraint-fixing steps. Total time: 0 milli. Average: 0.00 milli
	Number of active piecewise-linear constraints: 89 / 300
		Constraints disabled by valid splits: 206. By SMT-originated splits: 5
	Last reported degradation: 0.0000000000. Max degradation so far: 0.0016015705. Restorations so far: 0
	Number of simplex pivots we attempted to skip because of instability: 94.
	Unstable pivots performed anyway: 4
	--- Tableau Statistics ---
	Total number of pivots performed: 185207
		Real pivots: 184417. Degenerate: 790 (0.43%)
		Degenerate pivots by request (e.g., to fix a PL constraint): 0 (0.00%)
		Average time per pivot: 0.05 milli
	Total number of fake pivots performed: 17083
	Total number of rows added: 0. Number of merged columns: 0
	Current tableau dimensions: M = 604, N = 1518
	--- SMT Core Statistics ---
	Total depth is 9. Total visited states: 7989. Number of splits: 3998. Number of pops: 3990
	Max stack depth: 57
	--- Bound Tightening Statistics ---
	Number of tightened bounds: 1343795.
		Number of rows examined by row tightener: 185207. Consequent tightenings: 50891
		Number of explicit basis matrices examined by row tightener: 2000. Consequent tightenings: 307945
		Number of bound tightening rounds on the entire constraint matrix: 0. Consequent tightenings: 0
		Number of bound notifications sent to PL constraints: 2625904. Tightenings proposed: 0
	--- Basis Factorization statistics ---
	Number of basis refactorizations: 1617
	--- Projected Steepest Edge Statistics ---
	Number of iterations: 202380.
	Number of resets to reference space: 3995. Avg. iterations per reset: 50
	--- SBT ---
	Number of tightened bounds: 1344538
	--- SoI-based local search ---
	Number of proposed phase pattern update: 4770. Number of accepted update: 7941 [166.48%]
	Total time (% of local search time) updating SoI phase pattern : 451433 milli [1.07%]
	Total time obtaining current assignment: 1282397 milli [3.03%]
	Total time getting SoI phase pattern : 139760 milli [0.08%]
	--- Context dependent statistics ---
	Number of pushes / pops: 7989 / 7980
		[0.11%] Pre-Push hook: 199 milli
		[0.00%] Push : 0 milli
		[0.10%] Post-Pop hook: 173 milli
		[0.11%] Pop : 191 milli
		[0.32%] Total context-switching time: 563 milli
	--- Proof Certificate ---
	Number of certified leaves: 0
	Number of leaves to delegate: 0
	Number of lemmas: 0
sat
Input assignment:
	x0 = 0.533902
	x1 = 0.011585
	x2 = -0.209973
	x3 = 0.417293
	x4 = -0.411189

Output:
	y0 = -0.017478
	y1 = -0.017577
	y2 = -0.016071
	y3 = -0.017577
	y4 = -0.014943

end run time: 10:08:21
DQN: Done solving. Time : 173903 milli. 

start run time: 10:08:21
Network: /cs/labs/guykatz/maya.swisa/elbit/20_8/Marabou/resources/nnet/acasxu/ACASXU_experimental_v2a_1_1.nnet
Number of layers: 8. Input layer size: 5. Output layer size: 5. Number of ReLUs: 300
Total number of variables: 610
Property: /cs/labs/guykatz/maya.swisa/elbit/PROPERTY_1_08091/ex_0373_label_0/eps02.txt

Engine::processInputQuery: Input query (before preprocessing): 309 equations, 610 variables
Engine::processInputQuery: Input query (after preprocessing): 604 equations, 914 variables


Engine::solve: Initial statistics

10:08:21 Statistics update:
	--- Time Statistics ---
	Total time elapsed: 38 milli (00:00:00)
		Main loop: 0 milli (00:00:00)
		Preprocessing time: 30 milli (00:00:00)
		Unknown: 8 milli (00:00:00)
	Breakdown for main loop:
		[0.00%] Simplex steps: 0 milli
		[0.00%] Explicit-basis bound tightening: 0 milli
		[0.00%] Constraint-matrix bound tightening: 0 milli
		[0.00%] Degradation checking: 0 milli
		[0.00%] Precision restoration: 0 milli
		[0.00%] Statistics handling: 0 milli
		[0.00%] Constraint-fixing steps: 0 milli
		[0.00%] Valid case splits: 2 milli. Average per split: 0.00 milli
		[0.00%] Applying stored bound-tightening: 0 milli
		[0.00%] SMT core: 0 milli
		[0.00%] Symbolic Bound Tightening: 4 milli
		[0.00%] SoI-based local search: 0 milli
		[0.00%] SoI-based local search: 0 milli
		[0.00%] Unaccounted for: 0 milli
	--- Preprocessor Statistics ---
	Number of preprocessor bound-tightening loop iterations: 8
	Number of eliminated variables: 0
	Number of constraints removed due to variable elimination: 0
	Number of equations removed due to variable elimination: 0
	--- Engine Statistics ---
	Number of main loop iterations: 1
		0 iterations were simplex steps. Total time: 0 milli. Average: 0.00 milli.
		0 iterations were constraint-fixing steps. Total time: 0 milli. Average: 0.00 milli
	Number of active piecewise-linear constraints: 175 / 300
		Constraints disabled by valid splits: 125. By SMT-originated splits: 0
	Last reported degradation: 0.0000000000. Max degradation so far: 0.0000000000. Restorations so far: 0
	Number of simplex pivots we attempted to skip because of instability: 0.
	Unstable pivots performed anyway: 0
	--- Tableau Statistics ---
	Total number of pivots performed: 0
		Real pivots: 0. Degenerate: 0 (0.00%)
		Degenerate pivots by request (e.g., to fix a PL constraint): 0 (0.00%)
		Average time per pivot: 0.00 milli
	Total number of fake pivots performed: 0
	Total number of rows added: 0. Number of merged columns: 0
	Current tableau dimensions: M = 604, N = 1518
	--- SMT Core Statistics ---
	Total depth is 0. Total visited states: 1. Number of splits: 0. Number of pops: 0
	Max stack depth: 0
	--- Bound Tightening Statistics ---
	Number of tightened bounds: 0.
		Number of rows examined by row tightener: 0. Consequent tightenings: 0
		Number of explicit basis matrices examined by row tightener: 0. Consequent tightenings: 0
		Number of bound tightening rounds on the entire constraint matrix: 0. Consequent tightenings: 0
		Number of bound notifications sent to PL constraints: 1800. Tightenings proposed: 0
	--- Basis Factorization statistics ---
	Number of basis refactorizations: 2
	--- Projected Steepest Edge Statistics ---
	Number of iterations: 0.
	Number of resets to reference space: 1. Avg. iterations per reset: 0
	--- SBT ---
	Number of tightened bounds: 737
	--- SoI-based local search ---
	Number of proposed phase pattern update: 0. Number of accepted update: 0 [0.00%]
	Total time (% of local search time) updating SoI phase pattern : 0 milli [0.00%]
	Total time obtaining current assignment: 0 milli [0.00%]
	Total time getting SoI phase pattern : 0 milli [0.00%]
	--- Context dependent statistics ---
	Number of pushes / pops: 0 / 0
		[0.00%] Pre-Push hook: 0 milli
		[0.00%] Push : 0 milli
		[0.00%] Post-Pop hook: 0 milli
		[0.00%] Pop : 0 milli
		[0.00%] Total context-switching time: 0 milli
	--- Proof Certificate ---
	Number of certified leaves: 0
	Number of leaves to delegate: 0
	Number of lemmas: 0

---
start solving without an agent
Performing precision restoration. Degradation before: 0.001037517124521. After: 0.000000000000377
Performing precision restoration. Degradation before: 0.000064664938417. After: 0.000000000000126
Performing precision restoration. Degradation before: 0.019545925063400. After: 0.000000000000221
Performing precision restoration. Degradation before: 0.000323193478145. After: 0.000000000000432
Performing precision restoration. Degradation before: 0.000266382222005. After: 0.000000000000138
Performing precision restoration. Degradation before: 0.002306945168874. After: 0.000000000000975
Performing precision restoration. Degradation before: 0.000851476856167. After: 0.000000000000129
Performing precision restoration. Degradation before: 0.005301787796676. After: 0.000000000001380

Engine::solve: sat assignment found

10:53:54 Statistics update:
	--- Time Statistics ---
	Total time elapsed: 2733623 milli (00:45:33)
		Main loop: 2732530 milli (00:45:32)
		Preprocessing time: 30 milli (00:00:00)
		Unknown: 1063 milli (00:00:01)
	Breakdown for main loop:
		[50.25%] Simplex steps: 1373187 milli
		[27.44%] Explicit-basis bound tightening: 749796 milli
		[0.00%] Constraint-matrix bound tightening: 0 milli
		[0.19%] Degradation checking: 5250 milli
		[0.00%] Precision restoration: 61 milli
		[0.12%] Statistics handling: 3229 milli
		[0.00%] Constraint-fixing steps: 0 milli
		[0.10%] Valid case splits: 2772 milli. Average per split: 0.00 milli
		[0.02%] Applying stored bound-tightening: 461 milli
		[1.78%] SMT core: 48703 milli
		[14.27%] Symbolic Bound Tightening: 389804 milli
		[27.50%] SoI-based local search: 751408 milli
		[0.00%] SoI-based local search: 0 milli
		[5.83%] Unaccounted for: 159263 milli
	--- Preprocessor Statistics ---
	Number of preprocessor bound-tightening loop iterations: 8
	Number of eliminated variables: 0
	Number of constraints removed due to variable elimination: 0
	Number of equations removed due to variable elimination: 0
	--- Engine Statistics ---
	Number of main loop iterations: 3049387
		2968545 iterations were simplex steps. Total time: 1373187 milli. Average: 0.46 milli.
		0 iterations were constraint-fixing steps. Total time: 0 milli. Average: 0.00 milli
	Number of active piecewise-linear constraints: 87 / 300
		Constraints disabled by valid splits: 171. By SMT-originated splits: 42
	Last reported degradation: 0.0000000000. Max degradation so far: 0.0194793365. Restorations so far: 8
	Number of simplex pivots we attempted to skip because of instability: 657.
	Unstable pivots performed anyway: 16
	--- Tableau Statistics ---
	Total number of pivots performed: 2648963
		Real pivots: 2641622. Degenerate: 7341 (0.28%)
		Degenerate pivots by request (e.g., to fix a PL constraint): 0 (0.00%)
		Average time per pivot: 0.06 milli
	Total number of fake pivots performed: 124536
	Total number of rows added: 0. Number of merged columns: 0
	Current tableau dimensions: M = 604, N = 1518
	--- SMT Core Statistics ---
	Total depth is 46. Total visited states: 66925. Number of splits: 33484. Number of pops: 33440
	Max stack depth: 99
	--- Bound Tightening Statistics ---
	Number of tightened bounds: 7400326.
		Number of rows examined by row tightener: 2648963. Consequent tightenings: 530737
		Number of explicit basis matrices examined by row tightener: 22784. Consequent tightenings: 1780388
		Number of bound tightening rounds on the entire constraint matrix: 0. Consequent tightenings: 0
		Number of bound notifications sent to PL constraints: 16352784. Tightenings proposed: 0
	--- Basis Factorization statistics ---
	Number of basis refactorizations: 23021
	--- Projected Steepest Edge Statistics ---
	Number of iterations: 2774140.
	Number of resets to reference space: 33553. Avg. iterations per reset: 82
	--- SBT ---
	Number of tightened bounds: 7376775
	--- SoI-based local search ---
	Number of proposed phase pattern update: 40804. Number of accepted update: 65815 [161.30%]
	Total time (% of local search time) updating SoI phase pattern : 4872332 milli [0.65%]
	Total time obtaining current assignment: 13193771 milli [1.76%]
	Total time getting SoI phase pattern : 2440366 milli [0.09%]
	--- Context dependent statistics ---
	Number of pushes / pops: 66926 / 66880
		[0.07%] Pre-Push hook: 1797 milli
		[0.00%] Push : 0 milli
		[0.06%] Post-Pop hook: 1560 milli
		[0.06%] Pop : 1724 milli
		[0.19%] Total context-switching time: 5082 milli
	--- Proof Certificate ---
	Number of certified leaves: 0
	Number of leaves to delegate: 0
	Number of lemmas: 0
sat
Input assignment:
	x0 = 0.525402
	x1 = 0.009524
	x2 = -0.192480
	x3 = 0.390733
	x4 = -0.423636

Output:
	y0 = -0.017524
	y1 = -0.017524
	y2 = -0.015954
	y3 = -0.017524
	y4 = -0.014776

end run time: 10:53:54
DQN: Done solving. Time : 2733719 milli. 

start run time: 10:53:54
Network: /cs/labs/guykatz/maya.swisa/elbit/20_8/Marabou/resources/nnet/acasxu/ACASXU_experimental_v2a_1_1.nnet
Number of layers: 8. Input layer size: 5. Output layer size: 5. Number of ReLUs: 300
Total number of variables: 610
Property: /cs/labs/guykatz/maya.swisa/elbit/PROPERTY_1_08091/ex_0373_label_0/eps03.txt

Engine::processInputQuery: Input query (before preprocessing): 309 equations, 610 variables
Engine::processInputQuery: Input query (after preprocessing): 604 equations, 914 variables


Engine::solve: Initial statistics

10:53:55 Statistics update:
	--- Time Statistics ---
	Total time elapsed: 190 milli (00:00:00)
		Main loop: 0 milli (00:00:00)
		Preprocessing time: 30 milli (00:00:00)
		Unknown: 159 milli (00:00:00)
	Breakdown for main loop:
		[0.00%] Simplex steps: 0 milli
		[0.00%] Explicit-basis bound tightening: 0 milli
		[0.00%] Constraint-matrix bound tightening: 0 milli
		[0.00%] Degradation checking: 0 milli
		[0.00%] Precision restoration: 0 milli
		[0.00%] Statistics handling: 0 milli
		[0.00%] Constraint-fixing steps: 0 milli
		[0.00%] Valid case splits: 2 milli. Average per split: 0.00 milli
		[0.00%] Applying stored bound-tightening: 0 milli
		[0.00%] SMT core: 0 milli
		[0.00%] Symbolic Bound Tightening: 4 milli
		[0.00%] SoI-based local search: 0 milli
		[0.00%] SoI-based local search: 0 milli
		[0.00%] Unaccounted for: 0 milli
	--- Preprocessor Statistics ---
	Number of preprocessor bound-tightening loop iterations: 8
	Number of eliminated variables: 0
	Number of constraints removed due to variable elimination: 0
	Number of equations removed due to variable elimination: 0
	--- Engine Statistics ---
	Number of main loop iterations: 1
		0 iterations were simplex steps. Total time: 0 milli. Average: 0.00 milli.
		0 iterations were constraint-fixing steps. Total time: 0 milli. Average: 0.00 milli
	Number of active piecewise-linear constraints: 183 / 300
		Constraints disabled by valid splits: 117. By SMT-originated splits: 0
	Last reported degradation: 0.0000000000. Max degradation so far: 0.0000000000. Restorations so far: 0
	Number of simplex pivots we attempted to skip because of instability: 0.
	Unstable pivots performed anyway: 0
	--- Tableau Statistics ---
	Total number of pivots performed: 0
		Real pivots: 0. Degenerate: 0 (0.00%)
		Degenerate pivots by request (e.g., to fix a PL constraint): 0 (0.00%)
		Average time per pivot: 0.00 milli
	Total number of fake pivots performed: 0
	Total number of rows added: 0. Number of merged columns: 0
	Current tableau dimensions: M = 604, N = 1518
	--- SMT Core Statistics ---
	Total depth is 0. Total visited states: 1. Number of splits: 0. Number of pops: 0
	Max stack depth: 0
	--- Bound Tightening Statistics ---
	Number of tightened bounds: 0.
		Number of rows examined by row tightener: 0. Consequent tightenings: 0
		Number of explicit basis matrices examined by row tightener: 0. Consequent tightenings: 0
		Number of bound tightening rounds on the entire constraint matrix: 0. Consequent tightenings: 0
		Number of bound notifications sent to PL constraints: 1800. Tightenings proposed: 0
	--- Basis Factorization statistics ---
	Number of basis refactorizations: 2
	--- Projected Steepest Edge Statistics ---
	Number of iterations: 0.
	Number of resets to reference space: 1. Avg. iterations per reset: 0
	--- SBT ---
	Number of tightened bounds: 740
	--- SoI-based local search ---
	Number of proposed phase pattern update: 0. Number of accepted update: 0 [0.00%]
	Total time (% of local search time) updating SoI phase pattern : 0 milli [0.00%]
	Total time obtaining current assignment: 0 milli [0.00%]
	Total time getting SoI phase pattern : 0 milli [0.00%]
	--- Context dependent statistics ---
	Number of pushes / pops: 0 / 0
		[0.00%] Pre-Push hook: 0 milli
		[0.00%] Push : 0 milli
		[0.00%] Post-Pop hook: 0 milli
		[0.00%] Pop : 0 milli
		[0.00%] Total context-switching time: 0 milli
	--- Proof Certificate ---
	Number of certified leaves: 0
	Number of leaves to delegate: 0
	Number of lemmas: 0

---
start solving without an agent
Performing precision restoration. Degradation before: 0.035197302819404. After: 0.000000000000197
Performing precision restoration. Degradation before: 0.000913421311889. After: 0.000000000000289
Performing precision restoration. Degradation before: 0.015391058732330. After: 0.000000000000409
Performing precision restoration. Degradation before: 0.000263018823629. After: 0.000000000000216
Performing precision restoration. Degradation before: 0.005100053401686. After: 0.000000000000183
Performing precision restoration. Degradation before: 0.001127840030078. After: 0.000000000000268
Performing precision restoration. Degradation before: 0.000769339799173. After: 0.000000000000140
Performing precision restoration. Degradation before: 0.000212178931671. After: 0.000000000000397
Performing precision restoration. Degradation before: 0.004351167173954. After: 0.000000000000171
Performing precision restoration. Degradation before: 0.001818844027909. After: 0.000000000000198
Performing precision restoration. Degradation before: 0.011419708672421. After: 0.000000000000157
Performing precision restoration. Degradation before: 0.000606515930090. After: 0.000000000000322
Performing precision restoration. Degradation before: 0.022248264562473. After: 0.000000000000233
Performing precision restoration. Degradation before: 0.000001570071832. After: 0.000000000000296
MalformedBasisException caught!
Performing precision restoration. Degradation before: 0.000000148312749. After: 0.000000000000046
Performing precision restoration. Degradation before: 0.003861517022201. After: 0.000000000000257
Performing precision restoration. Degradation before: 0.000024302419985. After: 0.000000000001889
Performing precision restoration. Degradation before: 0.000001007709744. After: 0.000000000000193
Performing precision restoration. Degradation before: 0.003151271474128. After: 0.000000000000109
Performing precision restoration. Degradation before: 0.000001121020360. After: 0.000000000000464
Performing precision restoration. Degradation before: 0.100298286636961. After: 0.000000000002491
High degradation found!
Performing precision restoration. Degradation before: 0.100010722507737. After: 0.000000000000135
Performing precision restoration. Degradation before: 0.000082330618844. After: 0.000000000000201
Performing precision restoration. Degradation before: 0.092222766248348. After: 0.000000000000389
Performing precision restoration. Degradation before: 0.000077546113623. After: 0.000000000000360


Engine: quitting due to timeout...

Final statistics:

11:53:54 Statistics update:
	--- Time Statistics ---
	Total time elapsed: 3600000 milli (01:00:00)
		Main loop: 3598511 milli (00:59:58)
		Preprocessing time: 30 milli (00:00:00)
		Unknown: 1458 milli (00:00:01)
	Breakdown for main loop:
		[52.76%] Simplex steps: 1898681 milli
		[26.96%] Explicit-basis bound tightening: 970125 milli
		[0.00%] Constraint-matrix bound tightening: 0 milli
		[0.19%] Degradation checking: 6790 milli
		[0.01%] Precision restoration: 210 milli
		[0.12%] Statistics handling: 4282 milli
		[0.00%] Constraint-fixing steps: 0 milli
		[0.09%] Valid case splits: 3177 milli. Average per split: 0.00 milli
		[0.02%] Applying stored bound-tightening: 580 milli
		[1.64%] SMT core: 59039 milli
		[12.52%] Symbolic Bound Tightening: 450639 milli
		[29.80%] SoI-based local search: 1072308 milli
		[0.00%] SoI-based local search: 0 milli
		[5.70%] Unaccounted for: 204985 milli
	--- Preprocessor Statistics ---
	Number of preprocessor bound-tightening loop iterations: 8
	Number of eliminated variables: 0
	Number of constraints removed due to variable elimination: 0
	Number of equations removed due to variable elimination: 0
	--- Engine Statistics ---
	Number of main loop iterations: 3813451
		3717732 iterations were simplex steps. Total time: 1898681 milli. Average: 0.51 milli.
		0 iterations were constraint-fixing steps. Total time: 0 milli. Average: 0.00 milli
	Number of active piecewise-linear constraints: 80 / 300
		Constraints disabled by valid splits: 170. By SMT-originated splits: 50
	Last reported degradation: 0.0000000000. Max degradation so far: 0.1000107225. Restorations so far: 25
	Number of simplex pivots we attempted to skip because of instability: 2438.
	Unstable pivots performed anyway: 137
	--- Tableau Statistics ---
	Total number of pivots performed: 3346286
		Real pivots: 3338240. Degenerate: 8046 (0.24%)
		Degenerate pivots by request (e.g., to fix a PL constraint): 0 (0.00%)
		Average time per pivot: 0.06 milli
	Total number of fake pivots performed: 134179
	Total number of rows added: 0. Number of merged columns: 0
	Current tableau dimensions: M = 604, N = 1518
	--- SMT Core Statistics ---
	Total depth is 54. Total visited states: 80070. Number of splits: 40061. Number of pops: 40008
	Max stack depth: 104
	--- Bound Tightening Statistics ---
	Number of tightened bounds: 8518118.
		Number of rows examined by row tightener: 3346286. Consequent tightenings: 546908
		Number of explicit basis matrices examined by row tightener: 26525. Consequent tightenings: 2004570
		Number of bound tightening rounds on the entire constraint matrix: 0. Consequent tightenings: 0
		Number of bound notifications sent to PL constraints: 18758610. Tightenings proposed: 0
	--- Basis Factorization statistics ---
	Number of basis refactorizations: 28033
	--- Projected Steepest Edge Statistics ---
	Number of iterations: 3482766.
	Number of resets to reference space: 40307. Avg. iterations per reset: 86
	--- SBT ---
	Number of tightened bounds: 8442958
	--- SoI-based local search ---
	Number of proposed phase pattern update: 48669. Number of accepted update: 78973 [162.27%]
	Total time (% of local search time) updating SoI phase pattern : 5609966 milli [0.52%]
	Total time obtaining current assignment: 16013269 milli [1.49%]
	Total time getting SoI phase pattern : 2839407 milli [0.08%]
	--- Context dependent statistics ---
	Number of pushes / pops: 80075 / 80021
		[0.07%] Pre-Push hook: 2479 milli
		[0.00%] Push : 0 milli
		[0.05%] Post-Pop hook: 1888 milli
		[0.07%] Pop : 2365 milli
		[0.19%] Total context-switching time: 6732 milli
	--- Proof Certificate ---
	Number of certified leaves: 0
	Number of leaves to delegate: 0
	Number of lemmas: 0
Timeout
end run time: 11:53:54
DQN: Done solving. Time : 3600041 milli. 

