[808] processing ex_0809_label_0 …
start run time: 12:28:51
Network: /cs/labs/guykatz/maya.swisa/elbit/20_8/Marabou/resources/nnet/acasxu/ACASXU_experimental_v2a_1_1.nnet
Number of layers: 8. Input layer size: 5. Output layer size: 5. Number of ReLUs: 300
Total number of variables: 610
Property: /cs/labs/guykatz/maya.swisa/elbit/PROPERTY_1_08091/ex_0809_label_0/eps01.txt

Engine::processInputQuery: Input query (before preprocessing): 309 equations, 610 variables
Engine::processInputQuery: Input query (after preprocessing): 604 equations, 914 variables

unsat
end run time: 12:28:51
DQN: Done solving. Time : 85 milli. 

start run time: 12:28:51
Network: /cs/labs/guykatz/maya.swisa/elbit/20_8/Marabou/resources/nnet/acasxu/ACASXU_experimental_v2a_1_1.nnet
Number of layers: 8. Input layer size: 5. Output layer size: 5. Number of ReLUs: 300
Total number of variables: 610
Property: /cs/labs/guykatz/maya.swisa/elbit/PROPERTY_1_08091/ex_0809_label_0/eps02.txt

Engine::processInputQuery: Input query (before preprocessing): 309 equations, 610 variables
Engine::processInputQuery: Input query (after preprocessing): 604 equations, 914 variables


Engine::solve: Initial statistics

12:28:51 Statistics update:
	--- Time Statistics ---
	Total time elapsed: 118 milli (00:00:00)
		Main loop: 0 milli (00:00:00)
		Preprocessing time: 53 milli (00:00:00)
		Unknown: 64 milli (00:00:00)
	Breakdown for main loop:
		[0.00%] Simplex steps: 0 milli
		[0.00%] Explicit-basis bound tightening: 0 milli
		[0.00%] Constraint-matrix bound tightening: 0 milli
		[0.00%] Degradation checking: 0 milli
		[0.00%] Precision restoration: 0 milli
		[0.00%] Statistics handling: 0 milli
		[0.00%] Constraint-fixing steps: 0 milli
		[0.00%] Valid case splits: 7 milli. Average per split: 0.00 milli
		[0.00%] Applying stored bound-tightening: 0 milli
		[0.00%] SMT core: 0 milli
		[0.00%] Symbolic Bound Tightening: 8 milli
		[0.00%] SoI-based local search: 0 milli
		[0.00%] SoI-based local search: 0 milli
		[0.00%] Unaccounted for: 0 milli
	--- Preprocessor Statistics ---
	Number of preprocessor bound-tightening loop iterations: 8
	Number of eliminated variables: 0
	Number of constraints removed due to variable elimination: 0
	Number of equations removed due to variable elimination: 0
	--- Engine Statistics ---
	Number of main loop iterations: 1
		0 iterations were simplex steps. Total time: 0 milli. Average: 0.00 milli.
		0 iterations were constraint-fixing steps. Total time: 0 milli. Average: 0.00 milli
	Number of active piecewise-linear constraints: 32 / 300
		Constraints disabled by valid splits: 268. By SMT-originated splits: 0
	Last reported degradation: 0.0000000000. Max degradation so far: 0.0000000000. Restorations so far: 0
	Number of simplex pivots we attempted to skip because of instability: 0.
	Unstable pivots performed anyway: 0
	--- Tableau Statistics ---
	Total number of pivots performed: 0
		Real pivots: 0. Degenerate: 0 (0.00%)
		Degenerate pivots by request (e.g., to fix a PL constraint): 0 (0.00%)
		Average time per pivot: 0.00 milli
	Total number of fake pivots performed: 0
	Total number of rows added: 0. Number of merged columns: 0
	Current tableau dimensions: M = 604, N = 1518
	--- SMT Core Statistics ---
	Total depth is 0. Total visited states: 1. Number of splits: 0. Number of pops: 0
	Max stack depth: 0
	--- Bound Tightening Statistics ---
	Number of tightened bounds: 0.
		Number of rows examined by row tightener: 0. Consequent tightenings: 0
		Number of explicit basis matrices examined by row tightener: 0. Consequent tightenings: 0
		Number of bound tightening rounds on the entire constraint matrix: 0. Consequent tightenings: 0
		Number of bound notifications sent to PL constraints: 1800. Tightenings proposed: 0
	--- Basis Factorization statistics ---
	Number of basis refactorizations: 2
	--- Projected Steepest Edge Statistics ---
	Number of iterations: 0.
	Number of resets to reference space: 1. Avg. iterations per reset: 0
	--- SBT ---
	Number of tightened bounds: 753
	--- SoI-based local search ---
	Number of proposed phase pattern update: 0. Number of accepted update: 0 [0.00%]
	Total time (% of local search time) updating SoI phase pattern : 0 milli [0.00%]
	Total time obtaining current assignment: 0 milli [0.00%]
	Total time getting SoI phase pattern : 0 milli [0.00%]
	--- Context dependent statistics ---
	Number of pushes / pops: 0 / 0
		[0.00%] Pre-Push hook: 0 milli
		[0.00%] Push : 0 milli
		[0.00%] Post-Pop hook: 0 milli
		[0.00%] Pop : 0 milli
		[0.00%] Total context-switching time: 0 milli
	--- Proof Certificate ---
	Number of certified leaves: 0
	Number of leaves to delegate: 0
	Number of lemmas: 0

---
start solving without an agent

Engine::solve: unsat query

12:28:51 Statistics update:
	--- Time Statistics ---
	Total time elapsed: 294 milli (00:00:00)
		Main loop: 176 milli (00:00:00)
		Preprocessing time: 53 milli (00:00:00)
		Unknown: 64 milli (00:00:00)
	Breakdown for main loop:
		[43.56%] Simplex steps: 76 milli
		[48.76%] Explicit-basis bound tightening: 85 milli
		[0.00%] Constraint-matrix bound tightening: 0 milli
		[0.48%] Degradation checking: 0 milli
		[0.00%] Precision restoration: 0 milli
		[0.20%] Statistics handling: 0 milli
		[0.00%] Constraint-fixing steps: 0 milli
		[4.34%] Valid case splits: 7 milli. Average per split: 0.00 milli
		[0.00%] Applying stored bound-tightening: 0 milli
		[0.00%] SMT core: 0 milli
		[8.97%] Symbolic Bound Tightening: 15 milli
		[0.00%] SoI-based local search: 0 milli
		[0.00%] SoI-based local search: 0 milli
		[10481104587334966.00%] Unaccounted for: 0 milli
	--- Preprocessor Statistics ---
	Number of preprocessor bound-tightening loop iterations: 8
	Number of eliminated variables: 0
	Number of constraints removed due to variable elimination: 0
	Number of equations removed due to variable elimination: 0
	--- Engine Statistics ---
	Number of main loop iterations: 330
		329 iterations were simplex steps. Total time: 76 milli. Average: 0.23 milli.
		0 iterations were constraint-fixing steps. Total time: 0 milli. Average: 0.00 milli
	Number of active piecewise-linear constraints: 31 / 300
		Constraints disabled by valid splits: 269. By SMT-originated splits: 0
	Last reported degradation: 0.0000000000. Max degradation so far: 0.0000000000. Restorations so far: 0
	Number of simplex pivots we attempted to skip because of instability: 0.
	Unstable pivots performed anyway: 0
	--- Tableau Statistics ---
	Total number of pivots performed: 327
		Real pivots: 306. Degenerate: 21 (6.42%)
		Degenerate pivots by request (e.g., to fix a PL constraint): 0 (0.00%)
		Average time per pivot: 0.04 milli
	Total number of fake pivots performed: 0
	Total number of rows added: 0. Number of merged columns: 0
	Current tableau dimensions: M = 604, N = 1518
	--- SMT Core Statistics ---
	Total depth is 0. Total visited states: 1. Number of splits: 0. Number of pops: 0
	Max stack depth: 0
	--- Bound Tightening Statistics ---
	Number of tightened bounds: 4.
		Number of rows examined by row tightener: 327. Consequent tightenings: 3
		Number of explicit basis matrices examined by row tightener: 3. Consequent tightenings: 329
		Number of bound tightening rounds on the entire constraint matrix: 0. Consequent tightenings: 0
		Number of bound notifications sent to PL constraints: 3663. Tightenings proposed: 0
	--- Basis Factorization statistics ---
	Number of basis refactorizations: 4
	--- Projected Steepest Edge Statistics ---
	Number of iterations: 327.
	Number of resets to reference space: 1. Avg. iterations per reset: 327
	--- SBT ---
	Number of tightened bounds: 757
	--- SoI-based local search ---
	Number of proposed phase pattern update: 0. Number of accepted update: 0 [0.00%]
	Total time (% of local search time) updating SoI phase pattern : 0 milli [0.00%]
	Total time obtaining current assignment: 0 milli [0.00%]
	Total time getting SoI phase pattern : 0 milli [0.00%]
	--- Context dependent statistics ---
	Number of pushes / pops: 0 / 0
		[0.00%] Pre-Push hook: 0 milli
		[0.00%] Push : 0 milli
		[0.00%] Post-Pop hook: 0 milli
		[0.00%] Pop : 0 milli
		[0.00%] Total context-switching time: 0 milli
	--- Proof Certificate ---
	Number of certified leaves: 0
	Number of leaves to delegate: 0
	Number of lemmas: 0
unsat
end run time: 12:28:51
DQN: Done solving. Time : 299 milli. 

start run time: 12:28:51
Network: /cs/labs/guykatz/maya.swisa/elbit/20_8/Marabou/resources/nnet/acasxu/ACASXU_experimental_v2a_1_1.nnet
Number of layers: 8. Input layer size: 5. Output layer size: 5. Number of ReLUs: 300
Total number of variables: 610
Property: /cs/labs/guykatz/maya.swisa/elbit/PROPERTY_1_08091/ex_0809_label_0/eps03.txt

Engine::processInputQuery: Input query (before preprocessing): 309 equations, 610 variables
Engine::processInputQuery: Input query (after preprocessing): 604 equations, 914 variables


Engine::solve: Initial statistics

12:28:52 Statistics update:
	--- Time Statistics ---
	Total time elapsed: 108 milli (00:00:00)
		Main loop: 0 milli (00:00:00)
		Preprocessing time: 48 milli (00:00:00)
		Unknown: 60 milli (00:00:00)
	Breakdown for main loop:
		[0.00%] Simplex steps: 0 milli
		[0.00%] Explicit-basis bound tightening: 0 milli
		[0.00%] Constraint-matrix bound tightening: 0 milli
		[0.00%] Degradation checking: 0 milli
		[0.00%] Precision restoration: 0 milli
		[0.00%] Statistics handling: 0 milli
		[0.00%] Constraint-fixing steps: 0 milli
		[0.00%] Valid case splits: 7 milli. Average per split: 0.00 milli
		[0.00%] Applying stored bound-tightening: 0 milli
		[0.00%] SMT core: 0 milli
		[0.00%] Symbolic Bound Tightening: 8 milli
		[0.00%] SoI-based local search: 0 milli
		[0.00%] SoI-based local search: 0 milli
		[0.00%] Unaccounted for: 0 milli
	--- Preprocessor Statistics ---
	Number of preprocessor bound-tightening loop iterations: 8
	Number of eliminated variables: 0
	Number of constraints removed due to variable elimination: 0
	Number of equations removed due to variable elimination: 0
	--- Engine Statistics ---
	Number of main loop iterations: 1
		0 iterations were simplex steps. Total time: 0 milli. Average: 0.00 milli.
		0 iterations were constraint-fixing steps. Total time: 0 milli. Average: 0.00 milli
	Number of active piecewise-linear constraints: 44 / 300
		Constraints disabled by valid splits: 256. By SMT-originated splits: 0
	Last reported degradation: 0.0000000000. Max degradation so far: 0.0000000000. Restorations so far: 0
	Number of simplex pivots we attempted to skip because of instability: 0.
	Unstable pivots performed anyway: 0
	--- Tableau Statistics ---
	Total number of pivots performed: 0
		Real pivots: 0. Degenerate: 0 (0.00%)
		Degenerate pivots by request (e.g., to fix a PL constraint): 0 (0.00%)
		Average time per pivot: 0.00 milli
	Total number of fake pivots performed: 0
	Total number of rows added: 0. Number of merged columns: 0
	Current tableau dimensions: M = 604, N = 1518
	--- SMT Core Statistics ---
	Total depth is 0. Total visited states: 1. Number of splits: 0. Number of pops: 0
	Max stack depth: 0
	--- Bound Tightening Statistics ---
	Number of tightened bounds: 0.
		Number of rows examined by row tightener: 0. Consequent tightenings: 0
		Number of explicit basis matrices examined by row tightener: 0. Consequent tightenings: 0
		Number of bound tightening rounds on the entire constraint matrix: 0. Consequent tightenings: 0
		Number of bound notifications sent to PL constraints: 1800. Tightenings proposed: 0
	--- Basis Factorization statistics ---
	Number of basis refactorizations: 2
	--- Projected Steepest Edge Statistics ---
	Number of iterations: 0.
	Number of resets to reference space: 1. Avg. iterations per reset: 0
	--- SBT ---
	Number of tightened bounds: 755
	--- SoI-based local search ---
	Number of proposed phase pattern update: 0. Number of accepted update: 0 [0.00%]
	Total time (% of local search time) updating SoI phase pattern : 0 milli [0.00%]
	Total time obtaining current assignment: 0 milli [0.00%]
	Total time getting SoI phase pattern : 0 milli [0.00%]
	--- Context dependent statistics ---
	Number of pushes / pops: 0 / 0
		[0.00%] Pre-Push hook: 0 milli
		[0.00%] Push : 0 milli
		[0.00%] Post-Pop hook: 0 milli
		[0.00%] Pop : 0 milli
		[0.00%] Total context-switching time: 0 milli
	--- Proof Certificate ---
	Number of certified leaves: 0
	Number of leaves to delegate: 0
	Number of lemmas: 0

---
start solving without an agent

Engine::solve: unsat query

12:28:52 Statistics update:
	--- Time Statistics ---
	Total time elapsed: 514 milli (00:00:00)
		Main loop: 405 milli (00:00:00)
		Preprocessing time: 48 milli (00:00:00)
		Unknown: 60 milli (00:00:00)
	Breakdown for main loop:
		[34.16%] Simplex steps: 138 milli
		[21.34%] Explicit-basis bound tightening: 86 milli
		[0.00%] Constraint-matrix bound tightening: 0 milli
		[0.21%] Degradation checking: 0 milli
		[0.00%] Precision restoration: 0 milli
		[0.08%] Statistics handling: 0 milli
		[0.00%] Constraint-fixing steps: 0 milli
		[2.59%] Valid case splits: 10 milli. Average per split: 0.00 milli
		[0.05%] Applying stored bound-tightening: 0 milli
		[1.85%] SMT core: 7 milli
		[41.39%] Symbolic Bound Tightening: 168 milli
		[20.07%] SoI-based local search: 81 milli
		[0.00%] SoI-based local search: 0 milli
		[4543622552589594.00%] Unaccounted for: 0 milli
	--- Preprocessor Statistics ---
	Number of preprocessor bound-tightening loop iterations: 8
	Number of eliminated variables: 0
	Number of constraints removed due to variable elimination: 0
	Number of equations removed due to variable elimination: 0
	--- Engine Statistics ---
	Number of main loop iterations: 346
		329 iterations were simplex steps. Total time: 138 milli. Average: 0.42 milli.
		0 iterations were constraint-fixing steps. Total time: 0 milli. Average: 0.00 milli
	Number of active piecewise-linear constraints: 28 / 300
		Constraints disabled by valid splits: 272. By SMT-originated splits: 0
	Last reported degradation: 0.0000000000. Max degradation so far: 0.0000000000. Restorations so far: 0
	Number of simplex pivots we attempted to skip because of instability: 0.
	Unstable pivots performed anyway: 0
	--- Tableau Statistics ---
	Total number of pivots performed: 305
		Real pivots: 289. Degenerate: 16 (5.25%)
		Degenerate pivots by request (e.g., to fix a PL constraint): 0 (0.00%)
		Average time per pivot: 0.05 milli
	Total number of fake pivots performed: 4
	Total number of rows added: 0. Number of merged columns: 0
	Current tableau dimensions: M = 604, N = 1518
	--- SMT Core Statistics ---
	Total depth is 2. Total visited states: 12. Number of splits: 5. Number of pops: 6
	Max stack depth: 3
	--- Bound Tightening Statistics ---
	Number of tightened bounds: 6224.
		Number of rows examined by row tightener: 305. Consequent tightenings: 1
		Number of explicit basis matrices examined by row tightener: 3. Consequent tightenings: 331
		Number of bound tightening rounds on the entire constraint matrix: 0. Consequent tightenings: 0
		Number of bound notifications sent to PL constraints: 10593. Tightenings proposed: 0
	--- Basis Factorization statistics ---
	Number of basis refactorizations: 4
	--- Projected Steepest Edge Statistics ---
	Number of iterations: 309.
	Number of resets to reference space: 6. Avg. iterations per reset: 51
	--- SBT ---
	Number of tightened bounds: 6979
	--- SoI-based local search ---
	Number of proposed phase pattern update: 5. Number of accepted update: 10 [200.00%]
	Total time (% of local search time) updating SoI phase pattern : 754 milli [0.93%]
	Total time obtaining current assignment: 1700 milli [2.09%]
	Total time getting SoI phase pattern : 206 milli [0.05%]
	--- Context dependent statistics ---
	Number of pushes / pops: 10 / 10
		[0.07%] Pre-Push hook: 0 milli
		[0.00%] Push : 0 milli
		[0.09%] Post-Pop hook: 0 milli
		[0.07%] Pop : 0 milli
		[0.23%] Total context-switching time: 0 milli
	--- Proof Certificate ---
	Number of certified leaves: 0
	Number of leaves to delegate: 0
	Number of lemmas: 0
unsat
end run time: 12:28:52
DQN: Done solving. Time : 520 milli. 

