[925] processing ex_0926_label_0 …
start run time: 13:01:02
Network: /cs/labs/guykatz/maya.swisa/elbit/20_8/Marabou/resources/nnet/acasxu/ACASXU_experimental_v2a_1_1.nnet
Number of layers: 8. Input layer size: 5. Output layer size: 5. Number of ReLUs: 300
Total number of variables: 610
Property: /cs/labs/guykatz/maya.swisa/elbit/PROPERTY_1_08091/ex_0926_label_0/eps01.txt

Engine::processInputQuery: Input query (before preprocessing): 309 equations, 610 variables
Engine::processInputQuery: Input query (after preprocessing): 604 equations, 914 variables


Engine::solve: Initial statistics

13:01:02 Statistics update:
	--- Time Statistics ---
	Total time elapsed: 145 milli (00:00:00)
		Main loop: 0 milli (00:00:00)
		Preprocessing time: 61 milli (00:00:00)
		Unknown: 83 milli (00:00:00)
	Breakdown for main loop:
		[0.00%] Simplex steps: 0 milli
		[0.00%] Explicit-basis bound tightening: 0 milli
		[0.00%] Constraint-matrix bound tightening: 0 milli
		[0.00%] Degradation checking: 0 milli
		[0.00%] Precision restoration: 0 milli
		[0.00%] Statistics handling: 0 milli
		[0.00%] Constraint-fixing steps: 0 milli
		[0.00%] Valid case splits: 4 milli. Average per split: 0.00 milli
		[0.00%] Applying stored bound-tightening: 0 milli
		[0.00%] SMT core: 0 milli
		[0.00%] Symbolic Bound Tightening: 8 milli
		[0.00%] SoI-based local search: 0 milli
		[0.00%] SoI-based local search: 0 milli
		[0.00%] Unaccounted for: 0 milli
	--- Preprocessor Statistics ---
	Number of preprocessor bound-tightening loop iterations: 8
	Number of eliminated variables: 0
	Number of constraints removed due to variable elimination: 0
	Number of equations removed due to variable elimination: 0
	--- Engine Statistics ---
	Number of main loop iterations: 1
		0 iterations were simplex steps. Total time: 0 milli. Average: 0.00 milli.
		0 iterations were constraint-fixing steps. Total time: 0 milli. Average: 0.00 milli
	Number of active piecewise-linear constraints: 133 / 300
		Constraints disabled by valid splits: 167. By SMT-originated splits: 0
	Last reported degradation: 0.0000000000. Max degradation so far: 0.0000000000. Restorations so far: 0
	Number of simplex pivots we attempted to skip because of instability: 0.
	Unstable pivots performed anyway: 0
	--- Tableau Statistics ---
	Total number of pivots performed: 0
		Real pivots: 0. Degenerate: 0 (0.00%)
		Degenerate pivots by request (e.g., to fix a PL constraint): 0 (0.00%)
		Average time per pivot: 0.00 milli
	Total number of fake pivots performed: 0
	Total number of rows added: 0. Number of merged columns: 0
	Current tableau dimensions: M = 604, N = 1518
	--- SMT Core Statistics ---
	Total depth is 0. Total visited states: 1. Number of splits: 0. Number of pops: 0
	Max stack depth: 0
	--- Bound Tightening Statistics ---
	Number of tightened bounds: 0.
		Number of rows examined by row tightener: 0. Consequent tightenings: 0
		Number of explicit basis matrices examined by row tightener: 0. Consequent tightenings: 0
		Number of bound tightening rounds on the entire constraint matrix: 0. Consequent tightenings: 0
		Number of bound notifications sent to PL constraints: 1800. Tightenings proposed: 0
	--- Basis Factorization statistics ---
	Number of basis refactorizations: 2
	--- Projected Steepest Edge Statistics ---
	Number of iterations: 0.
	Number of resets to reference space: 1. Avg. iterations per reset: 0
	--- SBT ---
	Number of tightened bounds: 744
	--- SoI-based local search ---
	Number of proposed phase pattern update: 0. Number of accepted update: 0 [0.00%]
	Total time (% of local search time) updating SoI phase pattern : 0 milli [0.00%]
	Total time obtaining current assignment: 0 milli [0.00%]
	Total time getting SoI phase pattern : 0 milli [0.00%]
	--- Context dependent statistics ---
	Number of pushes / pops: 0 / 0
		[0.00%] Pre-Push hook: 0 milli
		[0.00%] Push : 0 milli
		[0.00%] Post-Pop hook: 0 milli
		[0.00%] Pop : 0 milli
		[0.00%] Total context-switching time: 0 milli
	--- Proof Certificate ---
	Number of certified leaves: 0
	Number of leaves to delegate: 0
	Number of lemmas: 0

---
start solving without an agent

Engine::solve: unsat query

13:01:03 Statistics update:
	--- Time Statistics ---
	Total time elapsed: 683 milli (00:00:00)
		Main loop: 537 milli (00:00:00)
		Preprocessing time: 61 milli (00:00:00)
		Unknown: 83 milli (00:00:00)
	Breakdown for main loop:
		[46.67%] Simplex steps: 251 milli
		[16.46%] Explicit-basis bound tightening: 88 milli
		[0.00%] Constraint-matrix bound tightening: 0 milli
		[0.22%] Degradation checking: 1 milli
		[0.00%] Precision restoration: 0 milli
		[0.09%] Statistics handling: 0 milli
		[0.00%] Constraint-fixing steps: 0 milli
		[2.88%] Valid case splits: 15 milli. Average per split: 0.00 milli
		[0.01%] Applying stored bound-tightening: 0 milli
		[1.42%] SMT core: 7 milli
		[32.46%] Symbolic Bound Tightening: 174 milli
		[27.49%] SoI-based local search: 147 milli
		[0.00%] SoI-based local search: 0 milli
		[3429381147476320.00%] Unaccounted for: 0 milli
	--- Preprocessor Statistics ---
	Number of preprocessor bound-tightening loop iterations: 8
	Number of eliminated variables: 0
	Number of constraints removed due to variable elimination: 0
	Number of equations removed due to variable elimination: 0
	--- Engine Statistics ---
	Number of main loop iterations: 498
		481 iterations were simplex steps. Total time: 251 milli. Average: 0.52 milli.
		0 iterations were constraint-fixing steps. Total time: 0 milli. Average: 0.00 milli
	Number of active piecewise-linear constraints: 68 / 300
		Constraints disabled by valid splits: 232. By SMT-originated splits: 0
	Last reported degradation: 0.0000000000. Max degradation so far: 0.0000000008. Restorations so far: 0
	Number of simplex pivots we attempted to skip because of instability: 0.
	Unstable pivots performed anyway: 0
	--- Tableau Statistics ---
	Total number of pivots performed: 442
		Real pivots: 433. Degenerate: 9 (2.04%)
		Degenerate pivots by request (e.g., to fix a PL constraint): 0 (0.00%)
		Average time per pivot: 0.05 milli
	Total number of fake pivots performed: 13
	Total number of rows added: 0. Number of merged columns: 0
	Current tableau dimensions: M = 604, N = 1518
	--- SMT Core Statistics ---
	Total depth is 2. Total visited states: 12. Number of splits: 5. Number of pops: 6
	Max stack depth: 3
	--- Bound Tightening Statistics ---
	Number of tightened bounds: 6156.
		Number of rows examined by row tightener: 442. Consequent tightenings: 10
		Number of explicit basis matrices examined by row tightener: 3. Consequent tightenings: 330
		Number of bound tightening rounds on the entire constraint matrix: 0. Consequent tightenings: 0
		Number of bound notifications sent to PL constraints: 13308. Tightenings proposed: 0
	--- Basis Factorization statistics ---
	Number of basis refactorizations: 6
	--- Projected Steepest Edge Statistics ---
	Number of iterations: 455.
	Number of resets to reference space: 6. Avg. iterations per reset: 75
	--- SBT ---
	Number of tightened bounds: 6900
	--- SoI-based local search ---
	Number of proposed phase pattern update: 8. Number of accepted update: 7 [87.50%]
	Total time (% of local search time) updating SoI phase pattern : 901 milli [0.61%]
	Total time obtaining current assignment: 2197 milli [1.49%]
	Total time getting SoI phase pattern : 599 milli [0.11%]
	--- Context dependent statistics ---
	Number of pushes / pops: 10 / 10
		[0.05%] Pre-Push hook: 0 milli
		[0.00%] Push : 0 milli
		[0.07%] Post-Pop hook: 0 milli
		[0.07%] Pop : 0 milli
		[0.19%] Total context-switching time: 1 milli
	--- Proof Certificate ---
	Number of certified leaves: 0
	Number of leaves to delegate: 0
	Number of lemmas: 0
unsat
end run time: 13:01:03
DQN: Done solving. Time : 693 milli. 

start run time: 13:01:03
Network: /cs/labs/guykatz/maya.swisa/elbit/20_8/Marabou/resources/nnet/acasxu/ACASXU_experimental_v2a_1_1.nnet
Number of layers: 8. Input layer size: 5. Output layer size: 5. Number of ReLUs: 300
Total number of variables: 610
Property: /cs/labs/guykatz/maya.swisa/elbit/PROPERTY_1_08091/ex_0926_label_0/eps02.txt

Engine::processInputQuery: Input query (before preprocessing): 309 equations, 610 variables
Engine::processInputQuery: Input query (after preprocessing): 604 equations, 914 variables


Engine::solve: Initial statistics

13:01:03 Statistics update:
	--- Time Statistics ---
	Total time elapsed: 84 milli (00:00:00)
		Main loop: 0 milli (00:00:00)
		Preprocessing time: 50 milli (00:00:00)
		Unknown: 34 milli (00:00:00)
	Breakdown for main loop:
		[0.00%] Simplex steps: 0 milli
		[0.00%] Explicit-basis bound tightening: 0 milli
		[0.00%] Constraint-matrix bound tightening: 0 milli
		[0.00%] Degradation checking: 0 milli
		[0.00%] Precision restoration: 0 milli
		[0.00%] Statistics handling: 0 milli
		[0.00%] Constraint-fixing steps: 0 milli
		[0.00%] Valid case splits: 4 milli. Average per split: 0.00 milli
		[0.00%] Applying stored bound-tightening: 0 milli
		[0.00%] SMT core: 0 milli
		[0.00%] Symbolic Bound Tightening: 8 milli
		[0.00%] SoI-based local search: 0 milli
		[0.00%] SoI-based local search: 0 milli
		[0.00%] Unaccounted for: 0 milli
	--- Preprocessor Statistics ---
	Number of preprocessor bound-tightening loop iterations: 8
	Number of eliminated variables: 0
	Number of constraints removed due to variable elimination: 0
	Number of equations removed due to variable elimination: 0
	--- Engine Statistics ---
	Number of main loop iterations: 1
		0 iterations were simplex steps. Total time: 0 milli. Average: 0.00 milli.
		0 iterations were constraint-fixing steps. Total time: 0 milli. Average: 0.00 milli
	Number of active piecewise-linear constraints: 151 / 300
		Constraints disabled by valid splits: 149. By SMT-originated splits: 0
	Last reported degradation: 0.0000000000. Max degradation so far: 0.0000000000. Restorations so far: 0
	Number of simplex pivots we attempted to skip because of instability: 0.
	Unstable pivots performed anyway: 0
	--- Tableau Statistics ---
	Total number of pivots performed: 0
		Real pivots: 0. Degenerate: 0 (0.00%)
		Degenerate pivots by request (e.g., to fix a PL constraint): 0 (0.00%)
		Average time per pivot: 0.00 milli
	Total number of fake pivots performed: 0
	Total number of rows added: 0. Number of merged columns: 0
	Current tableau dimensions: M = 604, N = 1518
	--- SMT Core Statistics ---
	Total depth is 0. Total visited states: 1. Number of splits: 0. Number of pops: 0
	Max stack depth: 0
	--- Bound Tightening Statistics ---
	Number of tightened bounds: 0.
		Number of rows examined by row tightener: 0. Consequent tightenings: 0
		Number of explicit basis matrices examined by row tightener: 0. Consequent tightenings: 0
		Number of bound tightening rounds on the entire constraint matrix: 0. Consequent tightenings: 0
		Number of bound notifications sent to PL constraints: 1800. Tightenings proposed: 0
	--- Basis Factorization statistics ---
	Number of basis refactorizations: 2
	--- Projected Steepest Edge Statistics ---
	Number of iterations: 0.
	Number of resets to reference space: 1. Avg. iterations per reset: 0
	--- SBT ---
	Number of tightened bounds: 741
	--- SoI-based local search ---
	Number of proposed phase pattern update: 0. Number of accepted update: 0 [0.00%]
	Total time (% of local search time) updating SoI phase pattern : 0 milli [0.00%]
	Total time obtaining current assignment: 0 milli [0.00%]
	Total time getting SoI phase pattern : 0 milli [0.00%]
	--- Context dependent statistics ---
	Number of pushes / pops: 0 / 0
		[0.00%] Pre-Push hook: 0 milli
		[0.00%] Push : 0 milli
		[0.00%] Post-Pop hook: 0 milli
		[0.00%] Pop : 0 milli
		[0.00%] Total context-switching time: 0 milli
	--- Proof Certificate ---
	Number of certified leaves: 0
	Number of leaves to delegate: 0
	Number of lemmas: 0

---
start solving without an agent

Engine::solve: unsat query

13:01:07 Statistics update:
	--- Time Statistics ---
	Total time elapsed: 4530 milli (00:00:04)
		Main loop: 4444 milli (00:00:04)
		Preprocessing time: 50 milli (00:00:00)
		Unknown: 36 milli (00:00:00)
	Breakdown for main loop:
		[47.31%] Simplex steps: 2102 milli
		[19.56%] Explicit-basis bound tightening: 869 milli
		[0.00%] Constraint-matrix bound tightening: 0 milli
		[0.25%] Degradation checking: 11 milli
		[0.00%] Precision restoration: 0 milli
		[0.10%] Statistics handling: 4 milli
		[0.00%] Constraint-fixing steps: 0 milli
		[0.51%] Valid case splits: 22 milli. Average per split: 0.00 milli
		[0.03%] Applying stored bound-tightening: 1 milli
		[1.70%] SMT core: 75 milli
		[26.17%] Symbolic Bound Tightening: 1163 milli
		[31.22%] SoI-based local search: 1387 milli
		[0.00%] SoI-based local search: 0 milli
		[4.38%] Unaccounted for: 194 milli
	--- Preprocessor Statistics ---
	Number of preprocessor bound-tightening loop iterations: 8
	Number of eliminated variables: 0
	Number of constraints removed due to variable elimination: 0
	Number of equations removed due to variable elimination: 0
	--- Engine Statistics ---
	Number of main loop iterations: 4034
		3887 iterations were simplex steps. Total time: 2102 milli. Average: 0.54 milli.
		0 iterations were constraint-fixing steps. Total time: 0 milli. Average: 0.00 milli
	Number of active piecewise-linear constraints: 42 / 300
		Constraints disabled by valid splits: 258. By SMT-originated splits: 0
	Last reported degradation: 0.0000000000. Max degradation so far: 0.0000000000. Restorations so far: 0
	Number of simplex pivots we attempted to skip because of instability: 19.
	Unstable pivots performed anyway: 0
	--- Tableau Statistics ---
	Total number of pivots performed: 3436
		Real pivots: 3414. Degenerate: 22 (0.64%)
		Degenerate pivots by request (e.g., to fix a PL constraint): 0 (0.00%)
		Average time per pivot: 0.06 milli
	Total number of fake pivots performed: 198
	Total number of rows added: 0. Number of merged columns: 0
	Current tableau dimensions: M = 604, N = 1518
	--- SMT Core Statistics ---
	Total depth is 3. Total visited states: 102. Number of splits: 50. Number of pops: 51
	Max stack depth: 15
	--- Bound Tightening Statistics ---
	Number of tightened bounds: 23730.
		Number of rows examined by row tightener: 3436. Consequent tightenings: 382
		Number of explicit basis matrices examined by row tightener: 32. Consequent tightenings: 3460
		Number of bound tightening rounds on the entire constraint matrix: 0. Consequent tightenings: 0
		Number of bound notifications sent to PL constraints: 45768. Tightenings proposed: 0
	--- Basis Factorization statistics ---
	Number of basis refactorizations: 33
	--- Projected Steepest Edge Statistics ---
	Number of iterations: 3653.
	Number of resets to reference space: 51. Avg. iterations per reset: 71
	--- SBT ---
	Number of tightened bounds: 24471
	--- SoI-based local search ---
	Number of proposed phase pattern update: 64. Number of accepted update: 96 [150.00%]
	Total time (% of local search time) updating SoI phase pattern : 8170 milli [0.59%]
	Total time obtaining current assignment: 20875 milli [1.50%]
	Total time getting SoI phase pattern : 3048 milli [0.07%]
	--- Context dependent statistics ---
	Number of pushes / pops: 100 / 100
		[0.07%] Pre-Push hook: 2 milli
		[0.00%] Push : 0 milli
		[0.09%] Post-Pop hook: 3 milli
		[0.05%] Pop : 2 milli
		[0.21%] Total context-switching time: 9 milli
	--- Proof Certificate ---
	Number of certified leaves: 0
	Number of leaves to delegate: 0
	Number of lemmas: 0
unsat
end run time: 13:01:07
DQN: Done solving. Time : 4540 milli. 

start run time: 13:01:07
Network: /cs/labs/guykatz/maya.swisa/elbit/20_8/Marabou/resources/nnet/acasxu/ACASXU_experimental_v2a_1_1.nnet
Number of layers: 8. Input layer size: 5. Output layer size: 5. Number of ReLUs: 300
Total number of variables: 610
Property: /cs/labs/guykatz/maya.swisa/elbit/PROPERTY_1_08091/ex_0926_label_0/eps03.txt

Engine::processInputQuery: Input query (before preprocessing): 309 equations, 610 variables
Engine::processInputQuery: Input query (after preprocessing): 604 equations, 914 variables


Engine::solve: Initial statistics

13:01:07 Statistics update:
	--- Time Statistics ---
	Total time elapsed: 82 milli (00:00:00)
		Main loop: 0 milli (00:00:00)
		Preprocessing time: 47 milli (00:00:00)
		Unknown: 34 milli (00:00:00)
	Breakdown for main loop:
		[0.00%] Simplex steps: 0 milli
		[0.00%] Explicit-basis bound tightening: 0 milli
		[0.00%] Constraint-matrix bound tightening: 0 milli
		[0.00%] Degradation checking: 0 milli
		[0.00%] Precision restoration: 0 milli
		[0.00%] Statistics handling: 0 milli
		[0.00%] Constraint-fixing steps: 0 milli
		[0.00%] Valid case splits: 3 milli. Average per split: 0.00 milli
		[0.00%] Applying stored bound-tightening: 0 milli
		[0.00%] SMT core: 0 milli
		[0.00%] Symbolic Bound Tightening: 8 milli
		[0.00%] SoI-based local search: 0 milli
		[0.00%] SoI-based local search: 0 milli
		[0.00%] Unaccounted for: 0 milli
	--- Preprocessor Statistics ---
	Number of preprocessor bound-tightening loop iterations: 8
	Number of eliminated variables: 0
	Number of constraints removed due to variable elimination: 0
	Number of equations removed due to variable elimination: 0
	--- Engine Statistics ---
	Number of main loop iterations: 1
		0 iterations were simplex steps. Total time: 0 milli. Average: 0.00 milli.
		0 iterations were constraint-fixing steps. Total time: 0 milli. Average: 0.00 milli
	Number of active piecewise-linear constraints: 171 / 300
		Constraints disabled by valid splits: 129. By SMT-originated splits: 0
	Last reported degradation: 0.0000000000. Max degradation so far: 0.0000000000. Restorations so far: 0
	Number of simplex pivots we attempted to skip because of instability: 0.
	Unstable pivots performed anyway: 0
	--- Tableau Statistics ---
	Total number of pivots performed: 0
		Real pivots: 0. Degenerate: 0 (0.00%)
		Degenerate pivots by request (e.g., to fix a PL constraint): 0 (0.00%)
		Average time per pivot: 0.00 milli
	Total number of fake pivots performed: 0
	Total number of rows added: 0. Number of merged columns: 0
	Current tableau dimensions: M = 604, N = 1518
	--- SMT Core Statistics ---
	Total depth is 0. Total visited states: 1. Number of splits: 0. Number of pops: 0
	Max stack depth: 0
	--- Bound Tightening Statistics ---
	Number of tightened bounds: 0.
		Number of rows examined by row tightener: 0. Consequent tightenings: 0
		Number of explicit basis matrices examined by row tightener: 0. Consequent tightenings: 0
		Number of bound tightening rounds on the entire constraint matrix: 0. Consequent tightenings: 0
		Number of bound notifications sent to PL constraints: 1800. Tightenings proposed: 0
	--- Basis Factorization statistics ---
	Number of basis refactorizations: 2
	--- Projected Steepest Edge Statistics ---
	Number of iterations: 0.
	Number of resets to reference space: 1. Avg. iterations per reset: 0
	--- SBT ---
	Number of tightened bounds: 742
	--- SoI-based local search ---
	Number of proposed phase pattern update: 0. Number of accepted update: 0 [0.00%]
	Total time (% of local search time) updating SoI phase pattern : 0 milli [0.00%]
	Total time obtaining current assignment: 0 milli [0.00%]
	Total time getting SoI phase pattern : 0 milli [0.00%]
	--- Context dependent statistics ---
	Number of pushes / pops: 0 / 0
		[0.00%] Pre-Push hook: 0 milli
		[0.00%] Push : 0 milli
		[0.00%] Post-Pop hook: 0 milli
		[0.00%] Pop : 0 milli
		[0.00%] Total context-switching time: 0 milli
	--- Proof Certificate ---
	Number of certified leaves: 0
	Number of leaves to delegate: 0
	Number of lemmas: 0

---
start solving without an agent
MalformedBasisException caught!
Performing precision restoration. Degradation before: 0.000001695047806. After: 0.000000000000078

Engine::solve: unsat query

13:04:09 Statistics update:
	--- Time Statistics ---
	Total time elapsed: 181478 milli (00:03:01)
		Main loop: 181353 milli (00:03:01)
		Preprocessing time: 47 milli (00:00:00)
		Unknown: 77 milli (00:00:00)
	Breakdown for main loop:
		[50.05%] Simplex steps: 90765 milli
		[16.86%] Explicit-basis bound tightening: 30570 milli
		[0.00%] Constraint-matrix bound tightening: 0 milli
		[0.23%] Degradation checking: 412 milli
		[0.00%] Precision restoration: 6 milli
		[0.09%] Statistics handling: 166 milli
		[0.00%] Constraint-fixing steps: 0 milli
		[0.17%] Valid case splits: 309 milli. Average per split: 0.00 milli
		[0.03%] Applying stored bound-tightening: 54 milli
		[1.91%] SMT core: 3466 milli
		[25.91%] Symbolic Bound Tightening: 46991 milli
		[35.95%] SoI-based local search: 65187 milli
		[0.00%] SoI-based local search: 0 milli
		[4.75%] Unaccounted for: 8608 milli
	--- Preprocessor Statistics ---
	Number of preprocessor bound-tightening loop iterations: 8
	Number of eliminated variables: 0
	Number of constraints removed due to variable elimination: 0
	Number of equations removed due to variable elimination: 0
	--- Engine Statistics ---
	Number of main loop iterations: 138510
		133067 iterations were simplex steps. Total time: 90765 milli. Average: 0.68 milli.
		0 iterations were constraint-fixing steps. Total time: 0 milli. Average: 0.00 milli
	Number of active piecewise-linear constraints: 41 / 300
		Constraints disabled by valid splits: 259. By SMT-originated splits: 0
	Last reported degradation: 0.0000000000. Max degradation so far: 0.0000019426. Restorations so far: 1
	Number of simplex pivots we attempted to skip because of instability: 40.
	Unstable pivots performed anyway: 2
	--- Tableau Statistics ---
	Total number of pivots performed: 116817
		Real pivots: 116302. Degenerate: 515 (0.44%)
		Degenerate pivots by request (e.g., to fix a PL constraint): 0 (0.00%)
		Average time per pivot: 0.08 milli
	Total number of fake pivots performed: 5503
	Total number of rows added: 0. Number of merged columns: 0
	Current tableau dimensions: M = 604, N = 1518
	--- SMT Core Statistics ---
	Total depth is 4. Total visited states: 4095. Number of splits: 2047. Number of pops: 2047
	Max stack depth: 38
	--- Bound Tightening Statistics ---
	Number of tightened bounds: 664026.
		Number of rows examined by row tightener: 116817. Consequent tightenings: 17873
		Number of explicit basis matrices examined by row tightener: 1003. Consequent tightenings: 106687
		Number of bound tightening rounds on the entire constraint matrix: 0. Consequent tightenings: 0
		Number of bound notifications sent to PL constraints: 1168749. Tightenings proposed: 0
	--- Basis Factorization statistics ---
	Number of basis refactorizations: 1046
	--- Projected Steepest Edge Statistics ---
	Number of iterations: 122358.
	Number of resets to reference space: 2049. Avg. iterations per reset: 59
	--- SBT ---
	Number of tightened bounds: 661732
	--- SoI-based local search ---
	Number of proposed phase pattern update: 2411. Number of accepted update: 4035 [167.36%]
	Total time (% of local search time) updating SoI phase pattern : 348051 milli [0.53%]
	Total time obtaining current assignment: 1045813 milli [1.60%]
	Total time getting SoI phase pattern : 133687 milli [0.07%]
	--- Context dependent statistics ---
	Number of pushes / pops: 4094 / 4094
		[0.07%] Pre-Push hook: 126 milli
		[0.00%] Push : 0 milli
		[0.10%] Post-Pop hook: 190 milli
		[0.05%] Pop : 91 milli
		[0.23%] Total context-switching time: 408 milli
	--- Proof Certificate ---
	Number of certified leaves: 0
	Number of leaves to delegate: 0
	Number of lemmas: 0
unsat
end run time: 13:04:09
DQN: Done solving. Time : 181488 milli. 

