[650] processing ex_0651_label_0 …
start run time: 11:26:52
Network: /cs/labs/guykatz/maya.swisa/elbit/20_8/Marabou/resources/nnet/acasxu/ACASXU_experimental_v2a_1_1.nnet
Number of layers: 8. Input layer size: 5. Output layer size: 5. Number of ReLUs: 300
Total number of variables: 610
Property: /cs/labs/guykatz/maya.swisa/elbit/PROPERTY_1_08091/ex_0651_label_0/eps01.txt

Engine::processInputQuery: Input query (before preprocessing): 309 equations, 610 variables
Engine::processInputQuery: Input query (after preprocessing): 604 equations, 914 variables


Engine::solve: Initial statistics

11:26:52 Statistics update:
	--- Time Statistics ---
	Total time elapsed: 97 milli (00:00:00)
		Main loop: 0 milli (00:00:00)
		Preprocessing time: 57 milli (00:00:00)
		Unknown: 39 milli (00:00:00)
	Breakdown for main loop:
		[0.00%] Simplex steps: 0 milli
		[0.00%] Explicit-basis bound tightening: 0 milli
		[0.00%] Constraint-matrix bound tightening: 0 milli
		[0.00%] Degradation checking: 0 milli
		[0.00%] Precision restoration: 0 milli
		[0.00%] Statistics handling: 0 milli
		[0.00%] Constraint-fixing steps: 0 milli
		[0.00%] Valid case splits: 4 milli. Average per split: 0.00 milli
		[0.00%] Applying stored bound-tightening: 0 milli
		[0.00%] SMT core: 0 milli
		[0.00%] Symbolic Bound Tightening: 8 milli
		[0.00%] SoI-based local search: 0 milli
		[0.00%] SoI-based local search: 0 milli
		[0.00%] Unaccounted for: 0 milli
	--- Preprocessor Statistics ---
	Number of preprocessor bound-tightening loop iterations: 8
	Number of eliminated variables: 0
	Number of constraints removed due to variable elimination: 0
	Number of equations removed due to variable elimination: 0
	--- Engine Statistics ---
	Number of main loop iterations: 1
		0 iterations were simplex steps. Total time: 0 milli. Average: 0.00 milli.
		0 iterations were constraint-fixing steps. Total time: 0 milli. Average: 0.00 milli
	Number of active piecewise-linear constraints: 140 / 300
		Constraints disabled by valid splits: 160. By SMT-originated splits: 0
	Last reported degradation: 0.0000000000. Max degradation so far: 0.0000000000. Restorations so far: 0
	Number of simplex pivots we attempted to skip because of instability: 0.
	Unstable pivots performed anyway: 0
	--- Tableau Statistics ---
	Total number of pivots performed: 0
		Real pivots: 0. Degenerate: 0 (0.00%)
		Degenerate pivots by request (e.g., to fix a PL constraint): 0 (0.00%)
		Average time per pivot: 0.00 milli
	Total number of fake pivots performed: 0
	Total number of rows added: 0. Number of merged columns: 0
	Current tableau dimensions: M = 604, N = 1518
	--- SMT Core Statistics ---
	Total depth is 0. Total visited states: 1. Number of splits: 0. Number of pops: 0
	Max stack depth: 0
	--- Bound Tightening Statistics ---
	Number of tightened bounds: 0.
		Number of rows examined by row tightener: 0. Consequent tightenings: 0
		Number of explicit basis matrices examined by row tightener: 0. Consequent tightenings: 0
		Number of bound tightening rounds on the entire constraint matrix: 0. Consequent tightenings: 0
		Number of bound notifications sent to PL constraints: 1800. Tightenings proposed: 0
	--- Basis Factorization statistics ---
	Number of basis refactorizations: 2
	--- Projected Steepest Edge Statistics ---
	Number of iterations: 0.
	Number of resets to reference space: 1. Avg. iterations per reset: 0
	--- SBT ---
	Number of tightened bounds: 732
	--- SoI-based local search ---
	Number of proposed phase pattern update: 0. Number of accepted update: 0 [0.00%]
	Total time (% of local search time) updating SoI phase pattern : 0 milli [0.00%]
	Total time obtaining current assignment: 0 milli [0.00%]
	Total time getting SoI phase pattern : 0 milli [0.00%]
	--- Context dependent statistics ---
	Number of pushes / pops: 0 / 0
		[0.00%] Pre-Push hook: 0 milli
		[0.00%] Push : 0 milli
		[0.00%] Post-Pop hook: 0 milli
		[0.00%] Pop : 0 milli
		[0.00%] Total context-switching time: 0 milli
	--- Proof Certificate ---
	Number of certified leaves: 0
	Number of leaves to delegate: 0
	Number of lemmas: 0

---
start solving without an agent
Performing precision restoration. Degradation before: 0.000000279565050. After: 0.000000000000284

Engine::solve: unsat query

11:34:41 Statistics update:
	--- Time Statistics ---
	Total time elapsed: 469447 milli (00:07:49)
		Main loop: 469190 milli (00:07:49)
		Preprocessing time: 57 milli (00:00:00)
		Unknown: 198 milli (00:00:00)
	Breakdown for main loop:
		[48.28%] Simplex steps: 226534 milli
		[25.69%] Explicit-basis bound tightening: 120551 milli
		[0.00%] Constraint-matrix bound tightening: 0 milli
		[0.25%] Degradation checking: 1151 milli
		[0.00%] Precision restoration: 10 milli
		[0.09%] Statistics handling: 440 milli
		[0.00%] Constraint-fixing steps: 0 milli
		[0.24%] Valid case splits: 1108 milli. Average per split: 0.00 milli
		[0.03%] Applying stored bound-tightening: 126 milli
		[1.51%] SMT core: 7069 milli
		[19.45%] Symbolic Bound Tightening: 91255 milli
		[26.03%] SoI-based local search: 122137 milli
		[0.00%] SoI-based local search: 0 milli
		[4.46%] Unaccounted for: 20942 milli
	--- Preprocessor Statistics ---
	Number of preprocessor bound-tightening loop iterations: 8
	Number of eliminated variables: 0
	Number of constraints removed due to variable elimination: 0
	Number of equations removed due to variable elimination: 0
	--- Engine Statistics ---
	Number of main loop iterations: 434842
		423100 iterations were simplex steps. Total time: 226534 milli. Average: 0.54 milli.
		0 iterations were constraint-fixing steps. Total time: 0 milli. Average: 0.00 milli
	Number of active piecewise-linear constraints: 47 / 300
		Constraints disabled by valid splits: 253. By SMT-originated splits: 0
	Last reported degradation: 0.0000000002. Max degradation so far: 0.0000766364. Restorations so far: 1
	Number of simplex pivots we attempted to skip because of instability: 132.
	Unstable pivots performed anyway: 2
	--- Tableau Statistics ---
	Total number of pivots performed: 382565
		Real pivots: 381135. Degenerate: 1430 (0.37%)
		Degenerate pivots by request (e.g., to fix a PL constraint): 0 (0.00%)
		Average time per pivot: 0.07 milli
	Total number of fake pivots performed: 16740
	Total number of rows added: 0. Number of merged columns: 0
	Current tableau dimensions: M = 604, N = 1518
	--- SMT Core Statistics ---
	Total depth is 2. Total visited states: 8714. Number of splits: 4356. Number of pops: 4357
	Max stack depth: 44
	--- Bound Tightening Statistics ---
	Number of tightened bounds: 1406798.
		Number of rows examined by row tightener: 382565. Consequent tightenings: 49915
		Number of explicit basis matrices examined by row tightener: 3536. Consequent tightenings: 370619
		Number of bound tightening rounds on the entire constraint matrix: 0. Consequent tightenings: 0
		Number of bound notifications sent to PL constraints: 2656731. Tightenings proposed: 0
	--- Basis Factorization statistics ---
	Number of basis refactorizations: 3384
	--- Projected Steepest Edge Statistics ---
	Number of iterations: 399435.
	Number of resets to reference space: 4369. Avg. iterations per reset: 91
	--- SBT ---
	Number of tightened bounds: 1404494
	--- SoI-based local search ---
	Number of proposed phase pattern update: 5401. Number of accepted update: 8567 [158.62%]
	Total time (% of local search time) updating SoI phase pattern : 794229 milli [0.65%]
	Total time obtaining current assignment: 2181780 milli [1.79%]
	Total time getting SoI phase pattern : 306082 milli [0.07%]
	--- Context dependent statistics ---
	Number of pushes / pops: 8712 / 8712
		[0.06%] Pre-Push hook: 265 milli
		[0.00%] Push : 0 milli
		[0.10%] Post-Pop hook: 481 milli
		[0.04%] Pop : 207 milli
		[0.20%] Total context-switching time: 955 milli
	--- Proof Certificate ---
	Number of certified leaves: 0
	Number of leaves to delegate: 0
	Number of lemmas: 0
unsat
end run time: 11:34:42
DQN: Done solving. Time : 469756 milli. 

start run time: 11:34:42
Network: /cs/labs/guykatz/maya.swisa/elbit/20_8/Marabou/resources/nnet/acasxu/ACASXU_experimental_v2a_1_1.nnet
Number of layers: 8. Input layer size: 5. Output layer size: 5. Number of ReLUs: 300
Total number of variables: 610
Property: /cs/labs/guykatz/maya.swisa/elbit/PROPERTY_1_08091/ex_0651_label_0/eps02.txt

Engine::processInputQuery: Input query (before preprocessing): 309 equations, 610 variables
Engine::processInputQuery: Input query (after preprocessing): 604 equations, 914 variables


Engine::solve: Initial statistics

11:34:42 Statistics update:
	--- Time Statistics ---
	Total time elapsed: 546 milli (00:00:00)
		Main loop: 0 milli (00:00:00)
		Preprocessing time: 45 milli (00:00:00)
		Unknown: 501 milli (00:00:00)
	Breakdown for main loop:
		[0.00%] Simplex steps: 0 milli
		[0.00%] Explicit-basis bound tightening: 0 milli
		[0.00%] Constraint-matrix bound tightening: 0 milli
		[0.00%] Degradation checking: 0 milli
		[0.00%] Precision restoration: 0 milli
		[0.00%] Statistics handling: 0 milli
		[0.00%] Constraint-fixing steps: 0 milli
		[0.00%] Valid case splits: 3 milli. Average per split: 0.00 milli
		[0.00%] Applying stored bound-tightening: 0 milli
		[0.00%] SMT core: 0 milli
		[0.00%] Symbolic Bound Tightening: 8 milli
		[0.00%] SoI-based local search: 0 milli
		[0.00%] SoI-based local search: 0 milli
		[0.00%] Unaccounted for: 0 milli
	--- Preprocessor Statistics ---
	Number of preprocessor bound-tightening loop iterations: 8
	Number of eliminated variables: 0
	Number of constraints removed due to variable elimination: 0
	Number of equations removed due to variable elimination: 0
	--- Engine Statistics ---
	Number of main loop iterations: 1
		0 iterations were simplex steps. Total time: 0 milli. Average: 0.00 milli.
		0 iterations were constraint-fixing steps. Total time: 0 milli. Average: 0.00 milli
	Number of active piecewise-linear constraints: 167 / 300
		Constraints disabled by valid splits: 133. By SMT-originated splits: 0
	Last reported degradation: 0.0000000000. Max degradation so far: 0.0000000000. Restorations so far: 0
	Number of simplex pivots we attempted to skip because of instability: 0.
	Unstable pivots performed anyway: 0
	--- Tableau Statistics ---
	Total number of pivots performed: 0
		Real pivots: 0. Degenerate: 0 (0.00%)
		Degenerate pivots by request (e.g., to fix a PL constraint): 0 (0.00%)
		Average time per pivot: 0.00 milli
	Total number of fake pivots performed: 0
	Total number of rows added: 0. Number of merged columns: 0
	Current tableau dimensions: M = 604, N = 1518
	--- SMT Core Statistics ---
	Total depth is 0. Total visited states: 1. Number of splits: 0. Number of pops: 0
	Max stack depth: 0
	--- Bound Tightening Statistics ---
	Number of tightened bounds: 0.
		Number of rows examined by row tightener: 0. Consequent tightenings: 0
		Number of explicit basis matrices examined by row tightener: 0. Consequent tightenings: 0
		Number of bound tightening rounds on the entire constraint matrix: 0. Consequent tightenings: 0
		Number of bound notifications sent to PL constraints: 1800. Tightenings proposed: 0
	--- Basis Factorization statistics ---
	Number of basis refactorizations: 2
	--- Projected Steepest Edge Statistics ---
	Number of iterations: 0.
	Number of resets to reference space: 1. Avg. iterations per reset: 0
	--- SBT ---
	Number of tightened bounds: 732
	--- SoI-based local search ---
	Number of proposed phase pattern update: 0. Number of accepted update: 0 [0.00%]
	Total time (% of local search time) updating SoI phase pattern : 0 milli [0.00%]
	Total time obtaining current assignment: 0 milli [0.00%]
	Total time getting SoI phase pattern : 0 milli [0.00%]
	--- Context dependent statistics ---
	Number of pushes / pops: 0 / 0
		[0.00%] Pre-Push hook: 0 milli
		[0.00%] Push : 0 milli
		[0.00%] Post-Pop hook: 0 milli
		[0.00%] Pop : 0 milli
		[0.00%] Total context-switching time: 0 milli
	--- Proof Certificate ---
	Number of certified leaves: 0
	Number of leaves to delegate: 0
	Number of lemmas: 0

---
start solving without an agent
Performing precision restoration. Degradation before: 0.010256038374442. After: 0.000000000003746
Performing precision restoration. Degradation before: 0.047395646044783. After: 0.000000000000286
Performing precision restoration. Degradation before: 0.002618233545798. After: 0.000000000000745
Performing precision restoration. Degradation before: 0.000073459393732. After: 0.000000000000796
Performing precision restoration. Degradation before: 0.001895835992922. After: 0.000000000000308

Engine::solve: unsat query

11:59:34 Statistics update:
	--- Time Statistics ---
	Total time elapsed: 1492618 milli (00:24:52)
		Main loop: 1491581 milli (00:24:51)
		Preprocessing time: 45 milli (00:00:00)
		Unknown: 991 milli (00:00:00)
	Breakdown for main loop:
		[47.80%] Simplex steps: 712972 milli
		[25.56%] Explicit-basis bound tightening: 381216 milli
		[0.00%] Constraint-matrix bound tightening: 0 milli
		[0.23%] Degradation checking: 3452 milli
		[0.00%] Precision restoration: 47 milli
		[0.09%] Statistics handling: 1413 milli
		[0.00%] Constraint-fixing steps: 0 milli
		[0.22%] Valid case splits: 3286 milli. Average per split: 0.00 milli
		[0.02%] Applying stored bound-tightening: 343 milli
		[1.30%] SMT core: 19347 milli
		[19.86%] Symbolic Bound Tightening: 296221 milli
		[26.07%] SoI-based local search: 388788 milli
		[0.00%] SoI-based local search: 0 milli
		[4.91%] Unaccounted for: 73278 milli
	--- Preprocessor Statistics ---
	Number of preprocessor bound-tightening loop iterations: 8
	Number of eliminated variables: 0
	Number of constraints removed due to variable elimination: 0
	Number of equations removed due to variable elimination: 0
	--- Engine Statistics ---
	Number of main loop iterations: 1342494
		1305537 iterations were simplex steps. Total time: 712972 milli. Average: 0.55 milli.
		0 iterations were constraint-fixing steps. Total time: 0 milli. Average: 0.00 milli
	Number of active piecewise-linear constraints: 56 / 300
		Constraints disabled by valid splits: 244. By SMT-originated splits: 0
	Last reported degradation: 0.0000000000. Max degradation so far: 0.0472332874. Restorations so far: 5
	Number of simplex pivots we attempted to skip because of instability: 333.
	Unstable pivots performed anyway: 3
	--- Tableau Statistics ---
	Total number of pivots performed: 1179199
		Real pivots: 1175417. Degenerate: 3782 (0.32%)
		Degenerate pivots by request (e.g., to fix a PL constraint): 0 (0.00%)
		Average time per pivot: 0.07 milli
	Total number of fake pivots performed: 47446
	Total number of rows added: 0. Number of merged columns: 0
	Current tableau dimensions: M = 604, N = 1518
	--- SMT Core Statistics ---
	Total depth is 2. Total visited states: 28444. Number of splits: 14222. Number of pops: 14221
	Max stack depth: 53
	--- Bound Tightening Statistics ---
	Number of tightened bounds: 4388896.
		Number of rows examined by row tightener: 1179199. Consequent tightenings: 173431
		Number of explicit basis matrices examined by row tightener: 10718. Consequent tightenings: 1120197
		Number of bound tightening rounds on the entire constraint matrix: 0. Consequent tightenings: 0
		Number of bound notifications sent to PL constraints: 8459936. Tightenings proposed: 0
	--- Basis Factorization statistics ---
	Number of basis refactorizations: 10260
	--- Projected Steepest Edge Statistics ---
	Number of iterations: 1226975.
	Number of resets to reference space: 14284. Avg. iterations per reset: 85
	--- SBT ---
	Number of tightened bounds: 4374448
	--- SoI-based local search ---
	Number of proposed phase pattern update: 17448. Number of accepted update: 28010 [160.53%]
	Total time (% of local search time) updating SoI phase pattern : 2317775 milli [0.60%]
	Total time obtaining current assignment: 5848908 milli [1.50%]
	Total time getting SoI phase pattern : 937692 milli [0.06%]
	--- Context dependent statistics ---
	Number of pushes / pops: 28444 / 28444
		[0.05%] Pre-Push hook: 720 milli
		[0.00%] Push : 1 milli
		[0.08%] Post-Pop hook: 1200 milli
		[0.03%] Pop : 496 milli
		[0.16%] Total context-switching time: 2417 milli
	--- Proof Certificate ---
	Number of certified leaves: 0
	Number of leaves to delegate: 0
	Number of lemmas: 0
unsat
end run time: 11:59:34
DQN: Done solving. Time : 1492824 milli. 

start run time: 11:59:34
Network: /cs/labs/guykatz/maya.swisa/elbit/20_8/Marabou/resources/nnet/acasxu/ACASXU_experimental_v2a_1_1.nnet
Number of layers: 8. Input layer size: 5. Output layer size: 5. Number of ReLUs: 300
Total number of variables: 610
Property: /cs/labs/guykatz/maya.swisa/elbit/PROPERTY_1_08091/ex_0651_label_0/eps03.txt

Engine::processInputQuery: Input query (before preprocessing): 309 equations, 610 variables
Engine::processInputQuery: Input query (after preprocessing): 604 equations, 914 variables


Engine::solve: Initial statistics

11:59:35 Statistics update:
	--- Time Statistics ---
	Total time elapsed: 416 milli (00:00:00)
		Main loop: 0 milli (00:00:00)
		Preprocessing time: 43 milli (00:00:00)
		Unknown: 372 milli (00:00:00)
	Breakdown for main loop:
		[0.00%] Simplex steps: 0 milli
		[0.00%] Explicit-basis bound tightening: 0 milli
		[0.00%] Constraint-matrix bound tightening: 0 milli
		[0.00%] Degradation checking: 0 milli
		[0.00%] Precision restoration: 0 milli
		[0.00%] Statistics handling: 0 milli
		[0.00%] Constraint-fixing steps: 0 milli
		[0.00%] Valid case splits: 2 milli. Average per split: 0.00 milli
		[0.00%] Applying stored bound-tightening: 0 milli
		[0.00%] SMT core: 0 milli
		[0.00%] Symbolic Bound Tightening: 8 milli
		[0.00%] SoI-based local search: 0 milli
		[0.00%] SoI-based local search: 0 milli
		[0.00%] Unaccounted for: 0 milli
	--- Preprocessor Statistics ---
	Number of preprocessor bound-tightening loop iterations: 8
	Number of eliminated variables: 0
	Number of constraints removed due to variable elimination: 0
	Number of equations removed due to variable elimination: 0
	--- Engine Statistics ---
	Number of main loop iterations: 1
		0 iterations were simplex steps. Total time: 0 milli. Average: 0.00 milli.
		0 iterations were constraint-fixing steps. Total time: 0 milli. Average: 0.00 milli
	Number of active piecewise-linear constraints: 187 / 300
		Constraints disabled by valid splits: 113. By SMT-originated splits: 0
	Last reported degradation: 0.0000000000. Max degradation so far: 0.0000000000. Restorations so far: 0
	Number of simplex pivots we attempted to skip because of instability: 0.
	Unstable pivots performed anyway: 0
	--- Tableau Statistics ---
	Total number of pivots performed: 0
		Real pivots: 0. Degenerate: 0 (0.00%)
		Degenerate pivots by request (e.g., to fix a PL constraint): 0 (0.00%)
		Average time per pivot: 0.00 milli
	Total number of fake pivots performed: 0
	Total number of rows added: 0. Number of merged columns: 0
	Current tableau dimensions: M = 604, N = 1518
	--- SMT Core Statistics ---
	Total depth is 0. Total visited states: 1. Number of splits: 0. Number of pops: 0
	Max stack depth: 0
	--- Bound Tightening Statistics ---
	Number of tightened bounds: 0.
		Number of rows examined by row tightener: 0. Consequent tightenings: 0
		Number of explicit basis matrices examined by row tightener: 0. Consequent tightenings: 0
		Number of bound tightening rounds on the entire constraint matrix: 0. Consequent tightenings: 0
		Number of bound notifications sent to PL constraints: 1800. Tightenings proposed: 0
	--- Basis Factorization statistics ---
	Number of basis refactorizations: 2
	--- Projected Steepest Edge Statistics ---
	Number of iterations: 0.
	Number of resets to reference space: 1. Avg. iterations per reset: 0
	--- SBT ---
	Number of tightened bounds: 723
	--- SoI-based local search ---
	Number of proposed phase pattern update: 0. Number of accepted update: 0 [0.00%]
	Total time (% of local search time) updating SoI phase pattern : 0 milli [0.00%]
	Total time obtaining current assignment: 0 milli [0.00%]
	Total time getting SoI phase pattern : 0 milli [0.00%]
	--- Context dependent statistics ---
	Number of pushes / pops: 0 / 0
		[0.00%] Pre-Push hook: 0 milli
		[0.00%] Push : 0 milli
		[0.00%] Post-Pop hook: 0 milli
		[0.00%] Pop : 0 milli
		[0.00%] Total context-switching time: 0 milli
	--- Proof Certificate ---
	Number of certified leaves: 0
	Number of leaves to delegate: 0
	Number of lemmas: 0

---
start solving without an agent
Performing precision restoration. Degradation before: 0.005811509194341. After: 0.000000000000204
Performing precision restoration. Degradation before: 0.002484462871013. After: 0.000000000002492
High degradation found!
Performing precision restoration. Degradation before: 2.705128646678946. After: 0.000000000001009
Performing precision restoration. Degradation before: 0.000000306882260. After: 0.000000000000171
Performing precision restoration. Degradation before: 0.000025898788919. After: 0.000000000000349
Performing precision restoration. Degradation before: 0.003385363663969. After: 0.000000000000218
Performing precision restoration. Degradation before: 0.015366774595162. After: 0.000000000000217
High degradation found!
Performing precision restoration. Degradation before: 0.100106604496887. After: 0.000000000000230


Engine: quitting due to timeout...

Final statistics:

12:59:35 Statistics update:
	--- Time Statistics ---
	Total time elapsed: 3600021 milli (01:00:00)
		Main loop: 3598461 milli (00:59:58)
		Preprocessing time: 43 milli (00:00:00)
		Unknown: 1516 milli (00:00:01)
	Breakdown for main loop:
		[49.77%] Simplex steps: 1790843 milli
		[25.56%] Explicit-basis bound tightening: 919809 milli
		[0.00%] Constraint-matrix bound tightening: 0 milli
		[0.23%] Degradation checking: 8144 milli
		[0.00%] Precision restoration: 79 milli
		[0.09%] Statistics handling: 3294 milli
		[0.00%] Constraint-fixing steps: 0 milli
		[0.16%] Valid case splits: 5757 milli. Average per split: 0.00 milli
		[0.02%] Applying stored bound-tightening: 685 milli
		[1.13%] SMT core: 40652 milli
		[18.02%] Symbolic Bound Tightening: 648277 milli
		[28.05%] SoI-based local search: 1009474 milli
		[0.00%] SoI-based local search: 0 milli
		[5.03%] Unaccounted for: 180917 milli
	--- Preprocessor Statistics ---
	Number of preprocessor bound-tightening loop iterations: 8
	Number of eliminated variables: 0
	Number of constraints removed due to variable elimination: 0
	Number of equations removed due to variable elimination: 0
	--- Engine Statistics ---
	Number of main loop iterations: 3176078
		3094561 iterations were simplex steps. Total time: 1790843 milli. Average: 0.58 milli.
		0 iterations were constraint-fixing steps. Total time: 0 milli. Average: 0.00 milli
	Number of active piecewise-linear constraints: 58 / 300
		Constraints disabled by valid splits: 206. By SMT-originated splits: 36
	Last reported degradation: 0.0000000000. Max degradation so far: 2.7051286467. Restorations so far: 8
	Number of simplex pivots we attempted to skip because of instability: 11184.
	Unstable pivots performed anyway: 14
	--- Tableau Statistics ---
	Total number of pivots performed: 2810560
		Real pivots: 2801757. Degenerate: 8803 (0.31%)
		Degenerate pivots by request (e.g., to fix a PL constraint): 0 (0.00%)
		Average time per pivot: 0.07 milli
	Total number of fake pivots performed: 103053
	Total number of rows added: 0. Number of merged columns: 0
	Current tableau dimensions: M = 604, N = 1518
	--- SMT Core Statistics ---
	Total depth is 40. Total visited states: 64029. Number of splits: 32031. Number of pops: 31997
	Max stack depth: 65
	--- Bound Tightening Statistics ---
	Number of tightened bounds: 8935080.
		Number of rows examined by row tightener: 2810563. Consequent tightenings: 434348
		Number of explicit basis matrices examined by row tightener: 25077. Consequent tightenings: 1966190
		Number of bound tightening rounds on the entire constraint matrix: 0. Consequent tightenings: 0
		Number of bound notifications sent to PL constraints: 17749319. Tightenings proposed: 0
	--- Basis Factorization statistics ---
	Number of basis refactorizations: 24963
	--- Projected Steepest Edge Statistics ---
	Number of iterations: 2924786.
	Number of resets to reference space: 32100. Avg. iterations per reset: 91
	--- SBT ---
	Number of tightened bounds: 8911515
	--- SoI-based local search ---
	Number of proposed phase pattern update: 39395. Number of accepted update: 62971 [159.85%]
	Total time (% of local search time) updating SoI phase pattern : 5057431 milli [0.50%]
	Total time obtaining current assignment: 11882860 milli [1.18%]
	Total time getting SoI phase pattern : 2375334 milli [0.07%]
	--- Context dependent statistics ---
	Number of pushes / pops: 64032 / 63992
		[0.04%] Pre-Push hook: 1512 milli
		[0.00%] Push : 0 milli
		[0.06%] Post-Pop hook: 2162 milli
		[0.03%] Pop : 990 milli
		[0.13%] Total context-switching time: 4665 milli
	--- Proof Certificate ---
	Number of certified leaves: 0
	Number of leaves to delegate: 0
	Number of lemmas: 0
Timeout
end run time: 12:59:35
DQN: Done solving. Time : 3600044 milli. 

