[390] processing ex_0391_label_0 …
start run time: 10:05:38
Network: /cs/labs/guykatz/maya.swisa/elbit/20_8/Marabou/resources/nnet/acasxu/ACASXU_experimental_v2a_1_1.nnet
Number of layers: 8. Input layer size: 5. Output layer size: 5. Number of ReLUs: 300
Total number of variables: 610
Property: /cs/labs/guykatz/maya.swisa/elbit/PROPERTY_1_08091/ex_0391_label_0/eps01.txt

Engine::processInputQuery: Input query (before preprocessing): 309 equations, 610 variables
Engine::processInputQuery: Input query (after preprocessing): 604 equations, 914 variables


Engine::solve: Initial statistics

10:05:38 Statistics update:
	--- Time Statistics ---
	Total time elapsed: 56 milli (00:00:00)
		Main loop: 0 milli (00:00:00)
		Preprocessing time: 40 milli (00:00:00)
		Unknown: 15 milli (00:00:00)
	Breakdown for main loop:
		[0.00%] Simplex steps: 0 milli
		[0.00%] Explicit-basis bound tightening: 0 milli
		[0.00%] Constraint-matrix bound tightening: 0 milli
		[0.00%] Degradation checking: 0 milli
		[0.00%] Precision restoration: 0 milli
		[0.00%] Statistics handling: 0 milli
		[0.00%] Constraint-fixing steps: 0 milli
		[0.00%] Valid case splits: 3 milli. Average per split: 0.00 milli
		[0.00%] Applying stored bound-tightening: 0 milli
		[0.00%] SMT core: 0 milli
		[0.00%] Symbolic Bound Tightening: 5 milli
		[0.00%] SoI-based local search: 0 milli
		[0.00%] SoI-based local search: 0 milli
		[0.00%] Unaccounted for: 0 milli
	--- Preprocessor Statistics ---
	Number of preprocessor bound-tightening loop iterations: 8
	Number of eliminated variables: 0
	Number of constraints removed due to variable elimination: 0
	Number of equations removed due to variable elimination: 0
	--- Engine Statistics ---
	Number of main loop iterations: 1
		0 iterations were simplex steps. Total time: 0 milli. Average: 0.00 milli.
		0 iterations were constraint-fixing steps. Total time: 0 milli. Average: 0.00 milli
	Number of active piecewise-linear constraints: 142 / 300
		Constraints disabled by valid splits: 158. By SMT-originated splits: 0
	Last reported degradation: 0.0000000000. Max degradation so far: 0.0000000000. Restorations so far: 0
	Number of simplex pivots we attempted to skip because of instability: 0.
	Unstable pivots performed anyway: 0
	--- Tableau Statistics ---
	Total number of pivots performed: 0
		Real pivots: 0. Degenerate: 0 (0.00%)
		Degenerate pivots by request (e.g., to fix a PL constraint): 0 (0.00%)
		Average time per pivot: 0.00 milli
	Total number of fake pivots performed: 0
	Total number of rows added: 0. Number of merged columns: 0
	Current tableau dimensions: M = 604, N = 1518
	--- SMT Core Statistics ---
	Total depth is 0. Total visited states: 1. Number of splits: 0. Number of pops: 0
	Max stack depth: 0
	--- Bound Tightening Statistics ---
	Number of tightened bounds: 0.
		Number of rows examined by row tightener: 0. Consequent tightenings: 0
		Number of explicit basis matrices examined by row tightener: 0. Consequent tightenings: 0
		Number of bound tightening rounds on the entire constraint matrix: 0. Consequent tightenings: 0
		Number of bound notifications sent to PL constraints: 1800. Tightenings proposed: 0
	--- Basis Factorization statistics ---
	Number of basis refactorizations: 2
	--- Projected Steepest Edge Statistics ---
	Number of iterations: 0.
	Number of resets to reference space: 1. Avg. iterations per reset: 0
	--- SBT ---
	Number of tightened bounds: 737
	--- SoI-based local search ---
	Number of proposed phase pattern update: 0. Number of accepted update: 0 [0.00%]
	Total time (% of local search time) updating SoI phase pattern : 0 milli [0.00%]
	Total time obtaining current assignment: 0 milli [0.00%]
	Total time getting SoI phase pattern : 0 milli [0.00%]
	--- Context dependent statistics ---
	Number of pushes / pops: 0 / 0
		[0.00%] Pre-Push hook: 0 milli
		[0.00%] Push : 0 milli
		[0.00%] Post-Pop hook: 0 milli
		[0.00%] Pop : 0 milli
		[0.00%] Total context-switching time: 0 milli
	--- Proof Certificate ---
	Number of certified leaves: 0
	Number of leaves to delegate: 0
	Number of lemmas: 0

---
start solving without an agent

Engine::solve: unsat query

10:05:57 Statistics update:
	--- Time Statistics ---
	Total time elapsed: 18922 milli (00:00:18)
		Main loop: 18858 milli (00:00:18)
		Preprocessing time: 40 milli (00:00:00)
		Unknown: 23 milli (00:00:00)
	Breakdown for main loop:
		[51.39%] Simplex steps: 9692 milli
		[17.62%] Explicit-basis bound tightening: 3322 milli
		[0.00%] Constraint-matrix bound tightening: 0 milli
		[0.24%] Degradation checking: 45 milli
		[0.00%] Precision restoration: 0 milli
		[0.04%] Statistics handling: 7 milli
		[0.00%] Constraint-fixing steps: 0 milli
		[0.25%] Valid case splits: 46 milli. Average per split: 0.00 milli
		[0.03%] Applying stored bound-tightening: 4 milli
		[2.16%] SMT core: 407 milli
		[24.44%] Symbolic Bound Tightening: 4609 milli
		[35.59%] SoI-based local search: 6712 milli
		[0.00%] SoI-based local search: 0 milli
		[3.84%] Unaccounted for: 723 milli
	--- Preprocessor Statistics ---
	Number of preprocessor bound-tightening loop iterations: 8
	Number of eliminated variables: 0
	Number of constraints removed due to variable elimination: 0
	Number of equations removed due to variable elimination: 0
	--- Engine Statistics ---
	Number of main loop iterations: 24636
		23758 iterations were simplex steps. Total time: 9692 milli. Average: 0.41 milli.
		0 iterations were constraint-fixing steps. Total time: 0 milli. Average: 0.00 milli
	Number of active piecewise-linear constraints: 71 / 300
		Constraints disabled by valid splits: 227. By SMT-originated splits: 2
	Last reported degradation: 0.0000000000. Max degradation so far: 0.0000005592. Restorations so far: 0
	Number of simplex pivots we attempted to skip because of instability: 32.
	Unstable pivots performed anyway: 0
	--- Tableau Statistics ---
	Total number of pivots performed: 20579
		Real pivots: 20486. Degenerate: 93 (0.45%)
		Degenerate pivots by request (e.g., to fix a PL constraint): 0 (0.00%)
		Average time per pivot: 0.05 milli
	Total number of fake pivots performed: 1420
	Total number of rows added: 0. Number of merged columns: 0
	Current tableau dimensions: M = 604, N = 1518
	--- SMT Core Statistics ---
	Total depth is 6. Total visited states: 662. Number of splits: 330. Number of pops: 331
	Max stack depth: 25
	--- Bound Tightening Statistics ---
	Number of tightened bounds: 88652.
		Number of rows examined by row tightener: 20579. Consequent tightenings: 2022
		Number of explicit basis matrices examined by row tightener: 166. Consequent tightenings: 13691
		Number of bound tightening rounds on the entire constraint matrix: 0. Consequent tightenings: 0
		Number of bound notifications sent to PL constraints: 157184. Tightenings proposed: 0
	--- Basis Factorization statistics ---
	Number of basis refactorizations: 186
	--- Projected Steepest Edge Statistics ---
	Number of iterations: 22031.
	Number of resets to reference space: 331. Avg. iterations per reset: 66
	--- SBT ---
	Number of tightened bounds: 89389
	--- SoI-based local search ---
	Number of proposed phase pattern update: 438. Number of accepted update: 629 [143.61%]
	Total time (% of local search time) updating SoI phase pattern : 40381 milli [0.60%]
	Total time obtaining current assignment: 123169 milli [1.83%]
	Total time getting SoI phase pattern : 15169 milli [0.08%]
	--- Context dependent statistics ---
	Number of pushes / pops: 660 / 660
		[0.12%] Pre-Push hook: 22 milli
		[0.00%] Push : 0 milli
		[0.10%] Post-Pop hook: 18 milli
		[0.10%] Pop : 18 milli
		[0.32%] Total context-switching time: 59 milli
	--- Proof Certificate ---
	Number of certified leaves: 0
	Number of leaves to delegate: 0
	Number of lemmas: 0
unsat
end run time: 10:05:57
DQN: Done solving. Time : 18931 milli. 

start run time: 10:05:57
Network: /cs/labs/guykatz/maya.swisa/elbit/20_8/Marabou/resources/nnet/acasxu/ACASXU_experimental_v2a_1_1.nnet
Number of layers: 8. Input layer size: 5. Output layer size: 5. Number of ReLUs: 300
Total number of variables: 610
Property: /cs/labs/guykatz/maya.swisa/elbit/PROPERTY_1_08091/ex_0391_label_0/eps02.txt

Engine::processInputQuery: Input query (before preprocessing): 309 equations, 610 variables
Engine::processInputQuery: Input query (after preprocessing): 604 equations, 914 variables


Engine::solve: Initial statistics

10:05:57 Statistics update:
	--- Time Statistics ---
	Total time elapsed: 39 milli (00:00:00)
		Main loop: 0 milli (00:00:00)
		Preprocessing time: 31 milli (00:00:00)
		Unknown: 8 milli (00:00:00)
	Breakdown for main loop:
		[0.00%] Simplex steps: 0 milli
		[0.00%] Explicit-basis bound tightening: 0 milli
		[0.00%] Constraint-matrix bound tightening: 0 milli
		[0.00%] Degradation checking: 0 milli
		[0.00%] Precision restoration: 0 milli
		[0.00%] Statistics handling: 0 milli
		[0.00%] Constraint-fixing steps: 0 milli
		[0.00%] Valid case splits: 2 milli. Average per split: 0.00 milli
		[0.00%] Applying stored bound-tightening: 0 milli
		[0.00%] SMT core: 0 milli
		[0.00%] Symbolic Bound Tightening: 5 milli
		[0.00%] SoI-based local search: 0 milli
		[0.00%] SoI-based local search: 0 milli
		[0.00%] Unaccounted for: 0 milli
	--- Preprocessor Statistics ---
	Number of preprocessor bound-tightening loop iterations: 8
	Number of eliminated variables: 0
	Number of constraints removed due to variable elimination: 0
	Number of equations removed due to variable elimination: 0
	--- Engine Statistics ---
	Number of main loop iterations: 1
		0 iterations were simplex steps. Total time: 0 milli. Average: 0.00 milli.
		0 iterations were constraint-fixing steps. Total time: 0 milli. Average: 0.00 milli
	Number of active piecewise-linear constraints: 160 / 300
		Constraints disabled by valid splits: 140. By SMT-originated splits: 0
	Last reported degradation: 0.0000000000. Max degradation so far: 0.0000000000. Restorations so far: 0
	Number of simplex pivots we attempted to skip because of instability: 0.
	Unstable pivots performed anyway: 0
	--- Tableau Statistics ---
	Total number of pivots performed: 0
		Real pivots: 0. Degenerate: 0 (0.00%)
		Degenerate pivots by request (e.g., to fix a PL constraint): 0 (0.00%)
		Average time per pivot: 0.00 milli
	Total number of fake pivots performed: 0
	Total number of rows added: 0. Number of merged columns: 0
	Current tableau dimensions: M = 604, N = 1518
	--- SMT Core Statistics ---
	Total depth is 0. Total visited states: 1. Number of splits: 0. Number of pops: 0
	Max stack depth: 0
	--- Bound Tightening Statistics ---
	Number of tightened bounds: 0.
		Number of rows examined by row tightener: 0. Consequent tightenings: 0
		Number of explicit basis matrices examined by row tightener: 0. Consequent tightenings: 0
		Number of bound tightening rounds on the entire constraint matrix: 0. Consequent tightenings: 0
		Number of bound notifications sent to PL constraints: 1800. Tightenings proposed: 0
	--- Basis Factorization statistics ---
	Number of basis refactorizations: 2
	--- Projected Steepest Edge Statistics ---
	Number of iterations: 0.
	Number of resets to reference space: 1. Avg. iterations per reset: 0
	--- SBT ---
	Number of tightened bounds: 734
	--- SoI-based local search ---
	Number of proposed phase pattern update: 0. Number of accepted update: 0 [0.00%]
	Total time (% of local search time) updating SoI phase pattern : 0 milli [0.00%]
	Total time obtaining current assignment: 0 milli [0.00%]
	Total time getting SoI phase pattern : 0 milli [0.00%]
	--- Context dependent statistics ---
	Number of pushes / pops: 0 / 0
		[0.00%] Pre-Push hook: 0 milli
		[0.00%] Push : 0 milli
		[0.00%] Post-Pop hook: 0 milli
		[0.00%] Pop : 0 milli
		[0.00%] Total context-switching time: 0 milli
	--- Proof Certificate ---
	Number of certified leaves: 0
	Number of leaves to delegate: 0
	Number of lemmas: 0

---
start solving without an agent
Performing precision restoration. Degradation before: 0.000001465159617. After: 0.000000000000372
Performing precision restoration. Degradation before: 0.000317611358645. After: 0.000000000000413
Performing precision restoration. Degradation before: 0.000741868252613. After: 0.000000000000519

Engine::solve: unsat query

10:14:49 Statistics update:
	--- Time Statistics ---
	Total time elapsed: 531728 milli (00:08:51)
		Main loop: 531464 milli (00:08:51)
		Preprocessing time: 31 milli (00:00:00)
		Unknown: 233 milli (00:00:00)
	Breakdown for main loop:
		[50.67%] Simplex steps: 269283 milli
		[26.15%] Explicit-basis bound tightening: 138986 milli
		[0.00%] Constraint-matrix bound tightening: 0 milli
		[0.24%] Degradation checking: 1276 milli
		[0.00%] Precision restoration: 21 milli
		[0.13%] Statistics handling: 671 milli
		[0.00%] Constraint-fixing steps: 0 milli
		[0.15%] Valid case splits: 786 milli. Average per split: 0.00 milli
		[0.02%] Applying stored bound-tightening: 95 milli
		[1.84%] SMT core: 9761 milli
		[15.94%] Symbolic Bound Tightening: 84728 milli
		[27.69%] SoI-based local search: 147155 milli
		[0.00%] SoI-based local search: 0 milli
		[4.86%] Unaccounted for: 25852 milli
	--- Preprocessor Statistics ---
	Number of preprocessor bound-tightening loop iterations: 8
	Number of eliminated variables: 0
	Number of constraints removed due to variable elimination: 0
	Number of equations removed due to variable elimination: 0
	--- Engine Statistics ---
	Number of main loop iterations: 637289
		621107 iterations were simplex steps. Total time: 269283 milli. Average: 0.43 milli.
		0 iterations were constraint-fixing steps. Total time: 0 milli. Average: 0.00 milli
	Number of active piecewise-linear constraints: 76 / 300
		Constraints disabled by valid splits: 223. By SMT-originated splits: 1
	Last reported degradation: 0.0000000000. Max degradation so far: 0.0007410454. Restorations so far: 3
	Number of simplex pivots we attempted to skip because of instability: 641.
	Unstable pivots performed anyway: 22
	--- Tableau Statistics ---
	Total number of pivots performed: 565603
		Real pivots: 564116. Degenerate: 1487 (0.26%)
		Degenerate pivots by request (e.g., to fix a PL constraint): 0 (0.00%)
		Average time per pivot: 0.05 milli
	Total number of fake pivots performed: 20035
	Total number of rows added: 0. Number of merged columns: 0
	Current tableau dimensions: M = 604, N = 1518
	--- SMT Core Statistics ---
	Total depth is 5. Total visited states: 12630. Number of splits: 6314. Number of pops: 6315
	Max stack depth: 55
	--- Bound Tightening Statistics ---
	Number of tightened bounds: 1401912.
		Number of rows examined by row tightener: 565603. Consequent tightenings: 66974
		Number of explicit basis matrices examined by row tightener: 4712. Consequent tightenings: 344576
		Number of bound tightening rounds on the entire constraint matrix: 0. Consequent tightenings: 0
		Number of bound notifications sent to PL constraints: 2782881. Tightenings proposed: 0
	--- Basis Factorization statistics ---
	Number of basis refactorizations: 4885
	--- Projected Steepest Edge Statistics ---
	Number of iterations: 586257.
	Number of resets to reference space: 6354. Avg. iterations per reset: 92
	--- SBT ---
	Number of tightened bounds: 1393538
	--- SoI-based local search ---
	Number of proposed phase pattern update: 8106. Number of accepted update: 12221 [150.76%]
	Total time (% of local search time) updating SoI phase pattern : 916522 milli [0.62%]
	Total time obtaining current assignment: 2687033 milli [1.83%]
	Total time getting SoI phase pattern : 394089 milli [0.07%]
	--- Context dependent statistics ---
	Number of pushes / pops: 12628 / 12628
		[0.09%] Pre-Push hook: 469 milli
		[0.00%] Push : 0 milli
		[0.07%] Post-Pop hook: 375 milli
		[0.08%] Pop : 432 milli
		[0.24%] Total context-switching time: 1277 milli
	--- Proof Certificate ---
	Number of certified leaves: 0
	Number of leaves to delegate: 0
	Number of lemmas: 0
unsat
end run time: 10:14:49
DQN: Done solving. Time : 531738 milli. 

start run time: 10:14:49
Network: /cs/labs/guykatz/maya.swisa/elbit/20_8/Marabou/resources/nnet/acasxu/ACASXU_experimental_v2a_1_1.nnet
Number of layers: 8. Input layer size: 5. Output layer size: 5. Number of ReLUs: 300
Total number of variables: 610
Property: /cs/labs/guykatz/maya.swisa/elbit/PROPERTY_1_08091/ex_0391_label_0/eps03.txt

Engine::processInputQuery: Input query (before preprocessing): 309 equations, 610 variables
Engine::processInputQuery: Input query (after preprocessing): 604 equations, 914 variables


Engine::solve: Initial statistics

10:14:49 Statistics update:
	--- Time Statistics ---
	Total time elapsed: 40 milli (00:00:00)
		Main loop: 0 milli (00:00:00)
		Preprocessing time: 30 milli (00:00:00)
		Unknown: 9 milli (00:00:00)
	Breakdown for main loop:
		[0.00%] Simplex steps: 0 milli
		[0.00%] Explicit-basis bound tightening: 0 milli
		[0.00%] Constraint-matrix bound tightening: 0 milli
		[0.00%] Degradation checking: 0 milli
		[0.00%] Precision restoration: 0 milli
		[0.00%] Statistics handling: 0 milli
		[0.00%] Constraint-fixing steps: 0 milli
		[0.00%] Valid case splits: 2 milli. Average per split: 0.00 milli
		[0.00%] Applying stored bound-tightening: 0 milli
		[0.00%] SMT core: 0 milli
		[0.00%] Symbolic Bound Tightening: 5 milli
		[0.00%] SoI-based local search: 0 milli
		[0.00%] SoI-based local search: 0 milli
		[0.00%] Unaccounted for: 0 milli
	--- Preprocessor Statistics ---
	Number of preprocessor bound-tightening loop iterations: 8
	Number of eliminated variables: 0
	Number of constraints removed due to variable elimination: 0
	Number of equations removed due to variable elimination: 0
	--- Engine Statistics ---
	Number of main loop iterations: 1
		0 iterations were simplex steps. Total time: 0 milli. Average: 0.00 milli.
		0 iterations were constraint-fixing steps. Total time: 0 milli. Average: 0.00 milli
	Number of active piecewise-linear constraints: 179 / 300
		Constraints disabled by valid splits: 121. By SMT-originated splits: 0
	Last reported degradation: 0.0000000000. Max degradation so far: 0.0000000000. Restorations so far: 0
	Number of simplex pivots we attempted to skip because of instability: 0.
	Unstable pivots performed anyway: 0
	--- Tableau Statistics ---
	Total number of pivots performed: 0
		Real pivots: 0. Degenerate: 0 (0.00%)
		Degenerate pivots by request (e.g., to fix a PL constraint): 0 (0.00%)
		Average time per pivot: 0.00 milli
	Total number of fake pivots performed: 0
	Total number of rows added: 0. Number of merged columns: 0
	Current tableau dimensions: M = 604, N = 1518
	--- SMT Core Statistics ---
	Total depth is 0. Total visited states: 1. Number of splits: 0. Number of pops: 0
	Max stack depth: 0
	--- Bound Tightening Statistics ---
	Number of tightened bounds: 0.
		Number of rows examined by row tightener: 0. Consequent tightenings: 0
		Number of explicit basis matrices examined by row tightener: 0. Consequent tightenings: 0
		Number of bound tightening rounds on the entire constraint matrix: 0. Consequent tightenings: 0
		Number of bound notifications sent to PL constraints: 1800. Tightenings proposed: 0
	--- Basis Factorization statistics ---
	Number of basis refactorizations: 2
	--- Projected Steepest Edge Statistics ---
	Number of iterations: 0.
	Number of resets to reference space: 1. Avg. iterations per reset: 0
	--- SBT ---
	Number of tightened bounds: 729
	--- SoI-based local search ---
	Number of proposed phase pattern update: 0. Number of accepted update: 0 [0.00%]
	Total time (% of local search time) updating SoI phase pattern : 0 milli [0.00%]
	Total time obtaining current assignment: 0 milli [0.00%]
	Total time getting SoI phase pattern : 0 milli [0.00%]
	--- Context dependent statistics ---
	Number of pushes / pops: 0 / 0
		[0.00%] Pre-Push hook: 0 milli
		[0.00%] Push : 0 milli
		[0.00%] Post-Pop hook: 0 milli
		[0.00%] Pop : 0 milli
		[0.00%] Total context-switching time: 0 milli
	--- Proof Certificate ---
	Number of certified leaves: 0
	Number of leaves to delegate: 0
	Number of lemmas: 0

---
start solving without an agent
Performing precision restoration. Degradation before: 0.000494850250815. After: 0.000000000001437
Performing precision restoration. Degradation before: 0.004324727936783. After: 0.000000000000917
Performing precision restoration. Degradation before: 0.034626697998033. After: 0.000000000000487
Performing precision restoration. Degradation before: 0.001345811730693. After: 0.000000000000347
Performing precision restoration. Degradation before: 0.000307782537051. After: 0.000000000000696
Performing precision restoration. Degradation before: 0.000127167324285. After: 0.000000000001067
High degradation found!
Performing precision restoration. Degradation before: 0.100170098241030. After: 0.000000000000232
Performing precision restoration. Degradation before: 0.003625053425561. After: 0.000000000000391
Performing precision restoration. Degradation before: 0.000055255298309. After: 0.000000000001646
High degradation found!
Performing precision restoration. Degradation before: 6.783420063956723. After: 0.000000000000355
Performing precision restoration. Degradation before: 0.000222725114211. After: 0.000000000000570
Performing precision restoration. Degradation before: 0.000477164530560. After: 0.000000000000470
Performing precision restoration. Degradation before: 0.000302430508414. After: 0.000000000001180
High degradation found!
Performing precision restoration. Degradation before: 0.397565887228347. After: 0.000000000000318
High degradation found!
Performing precision restoration. Degradation before: 0.109153575039477. After: 0.000000000000208
Performing precision restoration. Degradation before: 0.001483130978940. After: 0.000000000000475
MalformedBasisException caught!
Performing precision restoration. Degradation before: 0.000000173776402. After: 0.000000000000099
Performing precision restoration. Degradation before: 0.029095364782134. After: 0.000000000000179
Performing precision restoration. Degradation before: 0.000000122421194. After: 0.000000000000601
Performing precision restoration. Degradation before: 0.001526502361051. After: 0.000000000000403
Performing precision restoration. Degradation before: 0.008166217664902. After: 0.000000000000323
Performing precision restoration. Degradation before: 0.000041172585302. After: 0.000000000000260
Performing precision restoration. Degradation before: 0.000120289979266. After: 0.000000000000514
MalformedBasisException caught!
Performing precision restoration. Degradation before: 0.000000000602573. After: 0.000000000000094


Engine: quitting due to timeout...

Final statistics:

11:14:49 Statistics update:
	--- Time Statistics ---
	Total time elapsed: 3600003 milli (01:00:00)
		Main loop: 3598579 milli (00:59:58)
		Preprocessing time: 30 milli (00:00:00)
		Unknown: 1393 milli (00:00:01)
	Breakdown for main loop:
		[50.98%] Simplex steps: 1834636 milli
		[28.00%] Explicit-basis bound tightening: 1007688 milli
		[0.00%] Constraint-matrix bound tightening: 0 milli
		[0.20%] Degradation checking: 7302 milli
		[0.01%] Precision restoration: 194 milli
		[0.12%] Statistics handling: 4362 milli
		[0.00%] Constraint-fixing steps: 0 milli
		[0.12%] Valid case splits: 4468 milli. Average per split: 0.00 milli
		[0.02%] Applying stored bound-tightening: 557 milli
		[1.62%] SMT core: 58224 milli
		[13.86%] Symbolic Bound Tightening: 498666 milli
		[27.45%] SoI-based local search: 987891 milli
		[0.00%] SoI-based local search: 0 milli
		[5.07%] Unaccounted for: 182477 milli
	--- Preprocessor Statistics ---
	Number of preprocessor bound-tightening loop iterations: 8
	Number of eliminated variables: 0
	Number of constraints removed due to variable elimination: 0
	Number of equations removed due to variable elimination: 0
	--- Engine Statistics ---
	Number of main loop iterations: 3957772
		3861427 iterations were simplex steps. Total time: 1834636 milli. Average: 0.48 milli.
		0 iterations were constraint-fixing steps. Total time: 0 milli. Average: 0.00 milli
	Number of active piecewise-linear constraints: 103 / 300
		Constraints disabled by valid splits: 183. By SMT-originated splits: 14
	Last reported degradation: 0.0000000001. Max degradation so far: 6.7834200640. Restorations so far: 24
	Number of simplex pivots we attempted to skip because of instability: 2668.
	Unstable pivots performed anyway: 82
	--- Tableau Statistics ---
	Total number of pivots performed: 3530416
		Real pivots: 3521573. Degenerate: 8843 (0.25%)
		Degenerate pivots by request (e.g., to fix a PL constraint): 0 (0.00%)
		Average time per pivot: 0.05 milli
	Total number of fake pivots performed: 110484
	Total number of rows added: 0. Number of merged columns: 0
	Current tableau dimensions: M = 604, N = 1518
	--- SMT Core Statistics ---
	Total depth is 18. Total visited states: 77315. Number of splits: 38666. Number of pops: 38648
	Max stack depth: 76
	--- Bound Tightening Statistics ---
	Number of tightened bounds: 8444841.
		Number of rows examined by row tightener: 3530416. Consequent tightenings: 486435
		Number of explicit basis matrices examined by row tightener: 29336. Consequent tightenings: 1956450
		Number of bound tightening rounds on the entire constraint matrix: 0. Consequent tightenings: 0
		Number of bound notifications sent to PL constraints: 17321331. Tightenings proposed: 0
	--- Basis Factorization statistics ---
	Number of basis refactorizations: 30390
	--- Projected Steepest Edge Statistics ---
	Number of iterations: 3643486.
	Number of resets to reference space: 38946. Avg. iterations per reset: 93
	--- SBT ---
	Number of tightened bounds: 8372706
	--- SoI-based local search ---
	Number of proposed phase pattern update: 49081. Number of accepted update: 74804 [152.41%]
	Total time (% of local search time) updating SoI phase pattern : 5520593 milli [0.56%]
	Total time obtaining current assignment: 16497296 milli [1.67%]
	Total time getting SoI phase pattern : 2554735 milli [0.07%]
	--- Context dependent statistics ---
	Number of pushes / pops: 77321 / 77303
		[0.06%] Pre-Push hook: 2092 milli
		[0.00%] Push : 0 milli
		[0.06%] Post-Pop hook: 2140 milli
		[0.05%] Pop : 1822 milli
		[0.17%] Total context-switching time: 6055 milli
	--- Proof Certificate ---
	Number of certified leaves: 0
	Number of leaves to delegate: 0
	Number of lemmas: 0
Timeout
end run time: 11:14:49
DQN: Done solving. Time : 3600024 milli. 

