[505] processing ex_0506_label_0 …
start run time: 10:16:19
Network: /cs/labs/guykatz/maya.swisa/elbit/20_8/Marabou/resources/nnet/acasxu/ACASXU_experimental_v2a_1_1.nnet
Number of layers: 8. Input layer size: 5. Output layer size: 5. Number of ReLUs: 300
Total number of variables: 610
Property: /cs/labs/guykatz/maya.swisa/elbit/PROPERTY_1_08091/ex_0506_label_0/eps01.txt

Engine::processInputQuery: Input query (before preprocessing): 309 equations, 610 variables
Engine::processInputQuery: Input query (after preprocessing): 604 equations, 914 variables


Engine::solve: Initial statistics

10:16:19 Statistics update:
	--- Time Statistics ---
	Total time elapsed: 68 milli (00:00:00)
		Main loop: 0 milli (00:00:00)
		Preprocessing time: 39 milli (00:00:00)
		Unknown: 29 milli (00:00:00)
	Breakdown for main loop:
		[0.00%] Simplex steps: 0 milli
		[0.00%] Explicit-basis bound tightening: 0 milli
		[0.00%] Constraint-matrix bound tightening: 0 milli
		[0.00%] Degradation checking: 0 milli
		[0.00%] Precision restoration: 0 milli
		[0.00%] Statistics handling: 0 milli
		[0.00%] Constraint-fixing steps: 0 milli
		[0.00%] Valid case splits: 1 milli. Average per split: 0.00 milli
		[0.00%] Applying stored bound-tightening: 0 milli
		[0.00%] SMT core: 0 milli
		[0.00%] Symbolic Bound Tightening: 5 milli
		[0.00%] SoI-based local search: 0 milli
		[0.00%] SoI-based local search: 0 milli
		[0.00%] Unaccounted for: 0 milli
	--- Preprocessor Statistics ---
	Number of preprocessor bound-tightening loop iterations: 8
	Number of eliminated variables: 0
	Number of constraints removed due to variable elimination: 0
	Number of equations removed due to variable elimination: 0
	--- Engine Statistics ---
	Number of main loop iterations: 1
		0 iterations were simplex steps. Total time: 0 milli. Average: 0.00 milli.
		0 iterations were constraint-fixing steps. Total time: 0 milli. Average: 0.00 milli
	Number of active piecewise-linear constraints: 207 / 300
		Constraints disabled by valid splits: 93. By SMT-originated splits: 0
	Last reported degradation: 0.0000000000. Max degradation so far: 0.0000000000. Restorations so far: 0
	Number of simplex pivots we attempted to skip because of instability: 0.
	Unstable pivots performed anyway: 0
	--- Tableau Statistics ---
	Total number of pivots performed: 0
		Real pivots: 0. Degenerate: 0 (0.00%)
		Degenerate pivots by request (e.g., to fix a PL constraint): 0 (0.00%)
		Average time per pivot: 0.00 milli
	Total number of fake pivots performed: 0
	Total number of rows added: 0. Number of merged columns: 0
	Current tableau dimensions: M = 604, N = 1518
	--- SMT Core Statistics ---
	Total depth is 0. Total visited states: 1. Number of splits: 0. Number of pops: 0
	Max stack depth: 0
	--- Bound Tightening Statistics ---
	Number of tightened bounds: 0.
		Number of rows examined by row tightener: 0. Consequent tightenings: 0
		Number of explicit basis matrices examined by row tightener: 0. Consequent tightenings: 0
		Number of bound tightening rounds on the entire constraint matrix: 0. Consequent tightenings: 0
		Number of bound notifications sent to PL constraints: 1800. Tightenings proposed: 0
	--- Basis Factorization statistics ---
	Number of basis refactorizations: 2
	--- Projected Steepest Edge Statistics ---
	Number of iterations: 0.
	Number of resets to reference space: 1. Avg. iterations per reset: 0
	--- SBT ---
	Number of tightened bounds: 728
	--- SoI-based local search ---
	Number of proposed phase pattern update: 0. Number of accepted update: 0 [0.00%]
	Total time (% of local search time) updating SoI phase pattern : 0 milli [0.00%]
	Total time obtaining current assignment: 0 milli [0.00%]
	Total time getting SoI phase pattern : 0 milli [0.00%]
	--- Context dependent statistics ---
	Number of pushes / pops: 0 / 0
		[0.00%] Pre-Push hook: 0 milli
		[0.00%] Push : 0 milli
		[0.00%] Post-Pop hook: 0 milli
		[0.00%] Pop : 0 milli
		[0.00%] Total context-switching time: 0 milli
	--- Proof Certificate ---
	Number of certified leaves: 0
	Number of leaves to delegate: 0
	Number of lemmas: 0

---
start solving without an agent
Performing precision restoration. Degradation before: 0.000094682444807. After: 0.000000000001226
Performing precision restoration. Degradation before: 0.000035110128359. After: 0.000000000000238
Performing precision restoration. Degradation before: 0.008646800191405. After: 0.000000000000218
Performing precision restoration. Degradation before: 0.073639881722764. After: 0.000000000000099
Performing precision restoration. Degradation before: 0.001642328242452. After: 0.000000000000181
Performing precision restoration. Degradation before: 0.040967473522798. After: 0.000000000000216
Performing precision restoration. Degradation before: 0.003435718377511. After: 0.000000000000219
Performing precision restoration. Degradation before: 0.000294948373299. After: 0.000000000000141
Performing precision restoration. Degradation before: 0.000909617127763. After: 0.000000000000239


Engine: quitting due to timeout...

Final statistics:

11:16:19 Statistics update:
	--- Time Statistics ---
	Total time elapsed: 3600000 milli (01:00:00)
		Main loop: 3598544 milli (00:59:58)
		Preprocessing time: 39 milli (00:00:00)
		Unknown: 1416 milli (00:00:01)
	Breakdown for main loop:
		[52.38%] Simplex steps: 1884824 milli
		[26.22%] Explicit-basis bound tightening: 943626 milli
		[0.00%] Constraint-matrix bound tightening: 0 milli
		[0.20%] Degradation checking: 7342 milli
		[0.00%] Precision restoration: 81 milli
		[0.05%] Statistics handling: 1974 milli
		[0.00%] Constraint-fixing steps: 0 milli
		[0.10%] Valid case splits: 3438 milli. Average per split: 0.00 milli
		[0.02%] Applying stored bound-tightening: 681 milli
		[1.86%] SMT core: 66812 milli
		[14.04%] Symbolic Bound Tightening: 505143 milli
		[29.27%] SoI-based local search: 1053468 milli
		[0.00%] SoI-based local search: 0 milli
		[5.13%] Unaccounted for: 184618 milli
	--- Preprocessor Statistics ---
	Number of preprocessor bound-tightening loop iterations: 8
	Number of eliminated variables: 0
	Number of constraints removed due to variable elimination: 0
	Number of equations removed due to variable elimination: 0
	--- Engine Statistics ---
	Number of main loop iterations: 4014037
		3907224 iterations were simplex steps. Total time: 1884824 milli. Average: 0.48 milli.
		0 iterations were constraint-fixing steps. Total time: 0 milli. Average: 0.00 milli
	Number of active piecewise-linear constraints: 87 / 300
		Constraints disabled by valid splits: 174. By SMT-originated splits: 39
	Last reported degradation: 0.0000000000. Max degradation so far: 0.0732979582. Restorations so far: 9
	Number of simplex pivots we attempted to skip because of instability: 898.
	Unstable pivots performed anyway: 39
	--- Tableau Statistics ---
	Total number of pivots performed: 3528974
		Real pivots: 3518608. Degenerate: 10366 (0.29%)
		Degenerate pivots by request (e.g., to fix a PL constraint): 0 (0.00%)
		Average time per pivot: 0.06 milli
	Total number of fake pivots performed: 138417
	Total number of rows added: 0. Number of merged columns: 0
	Current tableau dimensions: M = 604, N = 1518
	--- SMT Core Statistics ---
	Total depth is 43. Total visited states: 85201. Number of splits: 42622. Number of pops: 42578
	Max stack depth: 75
	--- Bound Tightening Statistics ---
	Number of tightened bounds: 12117476.
		Number of rows examined by row tightener: 3528974. Consequent tightenings: 614812
		Number of explicit basis matrices examined by row tightener: 30100. Consequent tightenings: 2496403
		Number of bound tightening rounds on the entire constraint matrix: 0. Consequent tightenings: 0
		Number of bound notifications sent to PL constraints: 24705488. Tightenings proposed: 0
	--- Basis Factorization statistics ---
	Number of basis refactorizations: 31331
	--- Projected Steepest Edge Statistics ---
	Number of iterations: 3668250.
	Number of resets to reference space: 42714. Avg. iterations per reset: 85
	--- SBT ---
	Number of tightened bounds: 12090880
	--- SoI-based local search ---
	Number of proposed phase pattern update: 50621. Number of accepted update: 84552 [167.03%]
	Total time (% of local search time) updating SoI phase pattern : 6234857 milli [0.59%]
	Total time obtaining current assignment: 18768121 milli [1.78%]
	Total time getting SoI phase pattern : 2447072 milli [0.07%]
	--- Context dependent statistics ---
	Number of pushes / pops: 85208 / 85165
		[0.07%] Pre-Push hook: 2458 milli
		[0.00%] Push : 0 milli
		[0.06%] Post-Pop hook: 2274 milli
		[0.06%] Pop : 2143 milli
		[0.19%] Total context-switching time: 6876 milli
	--- Proof Certificate ---
	Number of certified leaves: 0
	Number of leaves to delegate: 0
	Number of lemmas: 0
Timeout
end run time: 11:16:19
DQN: Done solving. Time : 3600100 milli. 

start run time: 11:16:19
Network: /cs/labs/guykatz/maya.swisa/elbit/20_8/Marabou/resources/nnet/acasxu/ACASXU_experimental_v2a_1_1.nnet
Number of layers: 8. Input layer size: 5. Output layer size: 5. Number of ReLUs: 300
Total number of variables: 610
Property: /cs/labs/guykatz/maya.swisa/elbit/PROPERTY_1_08091/ex_0506_label_0/eps02.txt

Engine::processInputQuery: Input query (before preprocessing): 309 equations, 610 variables
Engine::processInputQuery: Input query (after preprocessing): 604 equations, 914 variables


Engine::solve: Initial statistics

11:16:19 Statistics update:
	--- Time Statistics ---
	Total time elapsed: 132 milli (00:00:00)
		Main loop: 0 milli (00:00:00)
		Preprocessing time: 30 milli (00:00:00)
		Unknown: 102 milli (00:00:00)
	Breakdown for main loop:
		[0.00%] Simplex steps: 0 milli
		[0.00%] Explicit-basis bound tightening: 0 milli
		[0.00%] Constraint-matrix bound tightening: 0 milli
		[0.00%] Degradation checking: 0 milli
		[0.00%] Precision restoration: 0 milli
		[0.00%] Statistics handling: 0 milli
		[0.00%] Constraint-fixing steps: 0 milli
		[0.00%] Valid case splits: 1 milli. Average per split: 0.00 milli
		[0.00%] Applying stored bound-tightening: 0 milli
		[0.00%] SMT core: 0 milli
		[0.00%] Symbolic Bound Tightening: 5 milli
		[0.00%] SoI-based local search: 0 milli
		[0.00%] SoI-based local search: 0 milli
		[0.00%] Unaccounted for: 0 milli
	--- Preprocessor Statistics ---
	Number of preprocessor bound-tightening loop iterations: 8
	Number of eliminated variables: 0
	Number of constraints removed due to variable elimination: 0
	Number of equations removed due to variable elimination: 0
	--- Engine Statistics ---
	Number of main loop iterations: 1
		0 iterations were simplex steps. Total time: 0 milli. Average: 0.00 milli.
		0 iterations were constraint-fixing steps. Total time: 0 milli. Average: 0.00 milli
	Number of active piecewise-linear constraints: 216 / 300
		Constraints disabled by valid splits: 84. By SMT-originated splits: 0
	Last reported degradation: 0.0000000000. Max degradation so far: 0.0000000000. Restorations so far: 0
	Number of simplex pivots we attempted to skip because of instability: 0.
	Unstable pivots performed anyway: 0
	--- Tableau Statistics ---
	Total number of pivots performed: 0
		Real pivots: 0. Degenerate: 0 (0.00%)
		Degenerate pivots by request (e.g., to fix a PL constraint): 0 (0.00%)
		Average time per pivot: 0.00 milli
	Total number of fake pivots performed: 0
	Total number of rows added: 0. Number of merged columns: 0
	Current tableau dimensions: M = 604, N = 1518
	--- SMT Core Statistics ---
	Total depth is 0. Total visited states: 1. Number of splits: 0. Number of pops: 0
	Max stack depth: 0
	--- Bound Tightening Statistics ---
	Number of tightened bounds: 0.
		Number of rows examined by row tightener: 0. Consequent tightenings: 0
		Number of explicit basis matrices examined by row tightener: 0. Consequent tightenings: 0
		Number of bound tightening rounds on the entire constraint matrix: 0. Consequent tightenings: 0
		Number of bound notifications sent to PL constraints: 1800. Tightenings proposed: 0
	--- Basis Factorization statistics ---
	Number of basis refactorizations: 2
	--- Projected Steepest Edge Statistics ---
	Number of iterations: 0.
	Number of resets to reference space: 1. Avg. iterations per reset: 0
	--- SBT ---
	Number of tightened bounds: 729
	--- SoI-based local search ---
	Number of proposed phase pattern update: 0. Number of accepted update: 0 [0.00%]
	Total time (% of local search time) updating SoI phase pattern : 0 milli [0.00%]
	Total time obtaining current assignment: 0 milli [0.00%]
	Total time getting SoI phase pattern : 0 milli [0.00%]
	--- Context dependent statistics ---
	Number of pushes / pops: 0 / 0
		[0.00%] Pre-Push hook: 0 milli
		[0.00%] Push : 0 milli
		[0.00%] Post-Pop hook: 0 milli
		[0.00%] Pop : 0 milli
		[0.00%] Total context-switching time: 0 milli
	--- Proof Certificate ---
	Number of certified leaves: 0
	Number of leaves to delegate: 0
	Number of lemmas: 0

---
start solving without an agent
Performing precision restoration. Degradation before: 0.000194141705878. After: 0.000000000000160
Performing precision restoration. Degradation before: 0.000118173714526. After: 0.000000000000100
Performing precision restoration. Degradation before: 0.000604733168427. After: 0.000000000000204
Performing precision restoration. Degradation before: 0.023889808282741. After: 0.000000000000450
Performing precision restoration. Degradation before: 0.002563399800186. After: 0.000000000000390
Performing precision restoration. Degradation before: 0.001544621355875. After: 0.000000000001325
Performing precision restoration. Degradation before: 0.000174188949219. After: 0.000000000000414
Performing precision restoration. Degradation before: 0.000736906092908. After: 0.000000000000359
Performing precision restoration. Degradation before: 0.000012581243460. After: 0.000000000020667
MalformedBasisException caught!
Performing precision restoration. Degradation before: 0.000000017132735. After: 0.000000000000051
Performing precision restoration. Degradation before: 0.002589644478062. After: 0.000000000000125


Engine: quitting due to timeout...

Final statistics:

12:16:19 Statistics update:
	--- Time Statistics ---
	Total time elapsed: 3600000 milli (01:00:00)
		Main loop: 3598593 milli (00:59:58)
		Preprocessing time: 30 milli (00:00:00)
		Unknown: 1376 milli (00:00:01)
	Breakdown for main loop:
		[50.67%] Simplex steps: 1823315 milli
		[26.44%] Explicit-basis bound tightening: 951381 milli
		[0.00%] Constraint-matrix bound tightening: 0 milli
		[0.18%] Degradation checking: 6649 milli
		[0.00%] Precision restoration: 98 milli
		[0.11%] Statistics handling: 4040 milli
		[0.00%] Constraint-fixing steps: 0 milli
		[0.12%] Valid case splits: 4342 milli. Average per split: 0.00 milli
		[0.02%] Applying stored bound-tightening: 687 milli
		[1.80%] SMT core: 64846 milli
		[15.17%] Symbolic Bound Tightening: 546036 milli
		[28.82%] SoI-based local search: 1036997 milli
		[0.00%] SoI-based local search: 0 milli
		[5.48%] Unaccounted for: 197194 milli
	--- Preprocessor Statistics ---
	Number of preprocessor bound-tightening loop iterations: 8
	Number of eliminated variables: 0
	Number of constraints removed due to variable elimination: 0
	Number of equations removed due to variable elimination: 0
	--- Engine Statistics ---
	Number of main loop iterations: 3746961
		3638144 iterations were simplex steps. Total time: 1823315 milli. Average: 0.50 milli.
		0 iterations were constraint-fixing steps. Total time: 0 milli. Average: 0.00 milli
	Number of active piecewise-linear constraints: 33 / 300
		Constraints disabled by valid splits: 225. By SMT-originated splits: 42
	Last reported degradation: 0.0000000000. Max degradation so far: 0.0236499002. Restorations so far: 11
	Number of simplex pivots we attempted to skip because of instability: 764.
	Unstable pivots performed anyway: 30
	--- Tableau Statistics ---
	Total number of pivots performed: 3261724
		Real pivots: 3249791. Degenerate: 11933 (0.37%)
		Degenerate pivots by request (e.g., to fix a PL constraint): 0 (0.00%)
		Average time per pivot: 0.06 milli
	Total number of fake pivots performed: 130893
	Total number of rows added: 0. Number of merged columns: 0
	Current tableau dimensions: M = 604, N = 1518
	--- SMT Core Statistics ---
	Total depth is 44. Total visited states: 87106. Number of splits: 43573. Number of pops: 43532
	Max stack depth: 83
	--- Bound Tightening Statistics ---
	Number of tightened bounds: 14697049.
		Number of rows examined by row tightener: 3261724. Consequent tightenings: 571904
		Number of explicit basis matrices examined by row tightener: 27333. Consequent tightenings: 2666418
		Number of bound tightening rounds on the entire constraint matrix: 0. Consequent tightenings: 0
		Number of bound notifications sent to PL constraints: 29178276. Tightenings proposed: 0
	--- Basis Factorization statistics ---
	Number of basis refactorizations: 28637
	--- Projected Steepest Edge Statistics ---
	Number of iterations: 3393351.
	Number of resets to reference space: 43667. Avg. iterations per reset: 77
	--- SBT ---
	Number of tightened bounds: 14664382
	--- SoI-based local search ---
	Number of proposed phase pattern update: 51804. Number of accepted update: 86494 [166.96%]
	Total time (% of local search time) updating SoI phase pattern : 6138980 milli [0.59%]
	Total time obtaining current assignment: 17961064 milli [1.73%]
	Total time getting SoI phase pattern : 2545120 milli [0.07%]
	--- Context dependent statistics ---
	Number of pushes / pops: 87112 / 87068
		[0.06%] Pre-Push hook: 2209 milli
		[0.00%] Push : 0 milli
		[0.06%] Post-Pop hook: 2211 milli
		[0.05%] Pop : 1766 milli
		[0.17%] Total context-switching time: 6188 milli
	--- Proof Certificate ---
	Number of certified leaves: 0
	Number of leaves to delegate: 0
	Number of lemmas: 0
Timeout
end run time: 12:16:19
DQN: Done solving. Time : 3600049 milli. 

start run time: 12:16:19
Network: /cs/labs/guykatz/maya.swisa/elbit/20_8/Marabou/resources/nnet/acasxu/ACASXU_experimental_v2a_1_1.nnet
Number of layers: 8. Input layer size: 5. Output layer size: 5. Number of ReLUs: 300
Total number of variables: 610
Property: /cs/labs/guykatz/maya.swisa/elbit/PROPERTY_1_08091/ex_0506_label_0/eps03.txt

Engine::processInputQuery: Input query (before preprocessing): 309 equations, 610 variables
Engine::processInputQuery: Input query (after preprocessing): 604 equations, 914 variables


Engine::solve: Initial statistics

12:16:19 Statistics update:
	--- Time Statistics ---
	Total time elapsed: 180 milli (00:00:00)
		Main loop: 0 milli (00:00:00)
		Preprocessing time: 30 milli (00:00:00)
		Unknown: 149 milli (00:00:00)
	Breakdown for main loop:
		[0.00%] Simplex steps: 0 milli
		[0.00%] Explicit-basis bound tightening: 0 milli
		[0.00%] Constraint-matrix bound tightening: 0 milli
		[0.00%] Degradation checking: 0 milli
		[0.00%] Precision restoration: 0 milli
		[0.00%] Statistics handling: 0 milli
		[0.00%] Constraint-fixing steps: 0 milli
		[0.00%] Valid case splits: 1 milli. Average per split: 0.00 milli
		[0.00%] Applying stored bound-tightening: 0 milli
		[0.00%] SMT core: 0 milli
		[0.00%] Symbolic Bound Tightening: 5 milli
		[0.00%] SoI-based local search: 0 milli
		[0.00%] SoI-based local search: 0 milli
		[0.00%] Unaccounted for: 0 milli
	--- Preprocessor Statistics ---
	Number of preprocessor bound-tightening loop iterations: 8
	Number of eliminated variables: 0
	Number of constraints removed due to variable elimination: 0
	Number of equations removed due to variable elimination: 0
	--- Engine Statistics ---
	Number of main loop iterations: 1
		0 iterations were simplex steps. Total time: 0 milli. Average: 0.00 milli.
		0 iterations were constraint-fixing steps. Total time: 0 milli. Average: 0.00 milli
	Number of active piecewise-linear constraints: 220 / 300
		Constraints disabled by valid splits: 80. By SMT-originated splits: 0
	Last reported degradation: 0.0000000000. Max degradation so far: 0.0000000000. Restorations so far: 0
	Number of simplex pivots we attempted to skip because of instability: 0.
	Unstable pivots performed anyway: 0
	--- Tableau Statistics ---
	Total number of pivots performed: 0
		Real pivots: 0. Degenerate: 0 (0.00%)
		Degenerate pivots by request (e.g., to fix a PL constraint): 0 (0.00%)
		Average time per pivot: 0.00 milli
	Total number of fake pivots performed: 0
	Total number of rows added: 0. Number of merged columns: 0
	Current tableau dimensions: M = 604, N = 1518
	--- SMT Core Statistics ---
	Total depth is 0. Total visited states: 1. Number of splits: 0. Number of pops: 0
	Max stack depth: 0
	--- Bound Tightening Statistics ---
	Number of tightened bounds: 0.
		Number of rows examined by row tightener: 0. Consequent tightenings: 0
		Number of explicit basis matrices examined by row tightener: 0. Consequent tightenings: 0
		Number of bound tightening rounds on the entire constraint matrix: 0. Consequent tightenings: 0
		Number of bound notifications sent to PL constraints: 1800. Tightenings proposed: 0
	--- Basis Factorization statistics ---
	Number of basis refactorizations: 2
	--- Projected Steepest Edge Statistics ---
	Number of iterations: 0.
	Number of resets to reference space: 1. Avg. iterations per reset: 0
	--- SBT ---
	Number of tightened bounds: 730
	--- SoI-based local search ---
	Number of proposed phase pattern update: 0. Number of accepted update: 0 [0.00%]
	Total time (% of local search time) updating SoI phase pattern : 0 milli [0.00%]
	Total time obtaining current assignment: 0 milli [0.00%]
	Total time getting SoI phase pattern : 0 milli [0.00%]
	--- Context dependent statistics ---
	Number of pushes / pops: 0 / 0
		[0.00%] Pre-Push hook: 0 milli
		[0.00%] Push : 0 milli
		[0.00%] Post-Pop hook: 0 milli
		[0.00%] Pop : 0 milli
		[0.00%] Total context-switching time: 0 milli
	--- Proof Certificate ---
	Number of certified leaves: 0
	Number of leaves to delegate: 0
	Number of lemmas: 0

---
start solving without an agent
Performing precision restoration. Degradation before: 0.000173034565894. After: 0.000000000000415
Performing precision restoration. Degradation before: 0.000000473743174. After: 0.000000000000145
Performing precision restoration. Degradation before: 0.000484397294681. After: 0.000000000000451
Performing precision restoration. Degradation before: 0.000361022705740. After: 0.000000000000371
Performing precision restoration. Degradation before: 0.000135624205734. After: 0.000000000001846
Performing precision restoration. Degradation before: 0.000424217741579. After: 0.000000000000140
Performing precision restoration. Degradation before: 0.000105607165625. After: 0.000000000000123
Performing precision restoration. Degradation before: 0.003764433282567. After: 0.000000000000133


Engine: quitting due to timeout...

Final statistics:

13:16:19 Statistics update:
	--- Time Statistics ---
	Total time elapsed: 3600006 milli (01:00:00)
		Main loop: 3598483 milli (00:59:58)
		Preprocessing time: 30 milli (00:00:00)
		Unknown: 1492 milli (00:00:01)
	Breakdown for main loop:
		[52.09%] Simplex steps: 1874595 milli
		[28.09%] Explicit-basis bound tightening: 1010987 milli
		[0.00%] Constraint-matrix bound tightening: 0 milli
		[0.19%] Degradation checking: 6774 milli
		[0.00%] Precision restoration: 59 milli
		[0.12%] Statistics handling: 4275 milli
		[0.00%] Constraint-fixing steps: 0 milli
		[0.13%] Valid case splits: 4678 milli. Average per split: 0.00 milli
		[0.01%] Applying stored bound-tightening: 531 milli
		[1.39%] SMT core: 49904 milli
		[13.24%] Symbolic Bound Tightening: 476545 milli
		[29.00%] SoI-based local search: 1043678 milli
		[0.00%] SoI-based local search: 0 milli
		[4.73%] Unaccounted for: 170130 milli
	--- Preprocessor Statistics ---
	Number of preprocessor bound-tightening loop iterations: 8
	Number of eliminated variables: 0
	Number of constraints removed due to variable elimination: 0
	Number of equations removed due to variable elimination: 0
	--- Engine Statistics ---
	Number of main loop iterations: 3876027
		3779820 iterations were simplex steps. Total time: 1874595 milli. Average: 0.50 milli.
		0 iterations were constraint-fixing steps. Total time: 0 milli. Average: 0.00 milli
	Number of active piecewise-linear constraints: 60 / 300
		Constraints disabled by valid splits: 190. By SMT-originated splits: 50
	Last reported degradation: 0.0000000000. Max degradation so far: 0.0037446036. Restorations so far: 8
	Number of simplex pivots we attempted to skip because of instability: 832.
	Unstable pivots performed anyway: 18
	--- Tableau Statistics ---
	Total number of pivots performed: 3451450
		Real pivots: 3440425. Degenerate: 11025 (0.32%)
		Degenerate pivots by request (e.g., to fix a PL constraint): 0 (0.00%)
		Average time per pivot: 0.06 milli
	Total number of fake pivots performed: 116662
	Total number of rows added: 0. Number of merged columns: 0
	Current tableau dimensions: M = 604, N = 1518
	--- SMT Core Statistics ---
	Total depth is 54. Total visited states: 76078. Number of splits: 38062. Number of pops: 38015
	Max stack depth: 81
	--- Bound Tightening Statistics ---
	Number of tightened bounds: 12542348.
		Number of rows examined by row tightener: 3451450. Consequent tightenings: 543674
		Number of explicit basis matrices examined by row tightener: 28879. Consequent tightenings: 1738902
		Number of bound tightening rounds on the entire constraint matrix: 0. Consequent tightenings: 0
		Number of bound notifications sent to PL constraints: 24086646. Tightenings proposed: 0
	--- Basis Factorization statistics ---
	Number of basis refactorizations: 30734
	--- Projected Steepest Edge Statistics ---
	Number of iterations: 3568926.
	Number of resets to reference space: 38137. Avg. iterations per reset: 93
	--- SBT ---
	Number of tightened bounds: 12518790
	--- SoI-based local search ---
	Number of proposed phase pattern update: 44857. Number of accepted update: 75725 [168.81%]
	Total time (% of local search time) updating SoI phase pattern : 5129412 milli [0.49%]
	Total time obtaining current assignment: 13271573 milli [1.27%]
	Total time getting SoI phase pattern : 2669205 milli [0.07%]
	--- Context dependent statistics ---
	Number of pushes / pops: 76082 / 76028
		[0.05%] Pre-Push hook: 1846 milli
		[0.00%] Push : 0 milli
		[0.05%] Post-Pop hook: 1913 milli
		[0.04%] Pop : 1529 milli
		[0.15%] Total context-switching time: 5289 milli
	--- Proof Certificate ---
	Number of certified leaves: 0
	Number of leaves to delegate: 0
	Number of lemmas: 0
Timeout
end run time: 13:16:19
DQN: Done solving. Time : 3600063 milli. 

