[780] processing ex_0781_label_0 …
start run time: 12:19:42
Network: /cs/labs/guykatz/maya.swisa/elbit/20_8/Marabou/resources/nnet/acasxu/ACASXU_experimental_v2a_1_1.nnet
Number of layers: 8. Input layer size: 5. Output layer size: 5. Number of ReLUs: 300
Total number of variables: 610
Property: /cs/labs/guykatz/maya.swisa/elbit/PROPERTY_1_08091/ex_0781_label_0/eps01.txt

Engine::processInputQuery: Input query (before preprocessing): 309 equations, 610 variables
Engine::processInputQuery: Input query (after preprocessing): 604 equations, 914 variables


Engine::solve: Initial statistics

12:19:42 Statistics update:
	--- Time Statistics ---
	Total time elapsed: 101 milli (00:00:00)
		Main loop: 0 milli (00:00:00)
		Preprocessing time: 55 milli (00:00:00)
		Unknown: 46 milli (00:00:00)
	Breakdown for main loop:
		[0.00%] Simplex steps: 0 milli
		[0.00%] Explicit-basis bound tightening: 0 milli
		[0.00%] Constraint-matrix bound tightening: 0 milli
		[0.00%] Degradation checking: 0 milli
		[0.00%] Precision restoration: 0 milli
		[0.00%] Statistics handling: 0 milli
		[0.00%] Constraint-fixing steps: 0 milli
		[0.00%] Valid case splits: 3 milli. Average per split: 0.00 milli
		[0.00%] Applying stored bound-tightening: 0 milli
		[0.00%] SMT core: 0 milli
		[0.00%] Symbolic Bound Tightening: 8 milli
		[0.00%] SoI-based local search: 0 milli
		[0.00%] SoI-based local search: 0 milli
		[0.00%] Unaccounted for: 0 milli
	--- Preprocessor Statistics ---
	Number of preprocessor bound-tightening loop iterations: 8
	Number of eliminated variables: 0
	Number of constraints removed due to variable elimination: 0
	Number of equations removed due to variable elimination: 0
	--- Engine Statistics ---
	Number of main loop iterations: 1
		0 iterations were simplex steps. Total time: 0 milli. Average: 0.00 milli.
		0 iterations were constraint-fixing steps. Total time: 0 milli. Average: 0.00 milli
	Number of active piecewise-linear constraints: 174 / 300
		Constraints disabled by valid splits: 126. By SMT-originated splits: 0
	Last reported degradation: 0.0000000000. Max degradation so far: 0.0000000000. Restorations so far: 0
	Number of simplex pivots we attempted to skip because of instability: 0.
	Unstable pivots performed anyway: 0
	--- Tableau Statistics ---
	Total number of pivots performed: 0
		Real pivots: 0. Degenerate: 0 (0.00%)
		Degenerate pivots by request (e.g., to fix a PL constraint): 0 (0.00%)
		Average time per pivot: 0.00 milli
	Total number of fake pivots performed: 0
	Total number of rows added: 0. Number of merged columns: 0
	Current tableau dimensions: M = 604, N = 1518
	--- SMT Core Statistics ---
	Total depth is 0. Total visited states: 1. Number of splits: 0. Number of pops: 0
	Max stack depth: 0
	--- Bound Tightening Statistics ---
	Number of tightened bounds: 0.
		Number of rows examined by row tightener: 0. Consequent tightenings: 0
		Number of explicit basis matrices examined by row tightener: 0. Consequent tightenings: 0
		Number of bound tightening rounds on the entire constraint matrix: 0. Consequent tightenings: 0
		Number of bound notifications sent to PL constraints: 1800. Tightenings proposed: 0
	--- Basis Factorization statistics ---
	Number of basis refactorizations: 2
	--- Projected Steepest Edge Statistics ---
	Number of iterations: 0.
	Number of resets to reference space: 1. Avg. iterations per reset: 0
	--- SBT ---
	Number of tightened bounds: 735
	--- SoI-based local search ---
	Number of proposed phase pattern update: 0. Number of accepted update: 0 [0.00%]
	Total time (% of local search time) updating SoI phase pattern : 0 milli [0.00%]
	Total time obtaining current assignment: 0 milli [0.00%]
	Total time getting SoI phase pattern : 0 milli [0.00%]
	--- Context dependent statistics ---
	Number of pushes / pops: 0 / 0
		[0.00%] Pre-Push hook: 0 milli
		[0.00%] Push : 0 milli
		[0.00%] Post-Pop hook: 0 milli
		[0.00%] Pop : 0 milli
		[0.00%] Total context-switching time: 0 milli
	--- Proof Certificate ---
	Number of certified leaves: 0
	Number of leaves to delegate: 0
	Number of lemmas: 0

---
start solving without an agent
MalformedBasisException caught!
Performing precision restoration. Degradation before: 0.000000071006274. After: 0.000000000000071
Performing precision restoration. Degradation before: 0.000211753429666. After: 0.000000000000249
Performing precision restoration. Degradation before: 0.000646685019414. After: 0.000000000000200
Performing precision restoration. Degradation before: 0.011639270658376. After: 0.000000000000143
Performing precision restoration. Degradation before: 0.002062351431319. After: 0.000000000000584
Performing precision restoration. Degradation before: 0.000798985641622. After: 0.000000000000333
MalformedBasisException caught!
Performing precision restoration. Degradation before: 0.000004051835912. After: 0.000000000000065
Performing precision restoration. Degradation before: 0.002841868735662. After: 0.000000000000349
Performing precision restoration. Degradation before: 0.027367716040280. After: 0.000000000000130
Performing precision restoration. Degradation before: 0.000050503432356. After: 0.000000000000558
Performing precision restoration. Degradation before: 0.001718452518992. After: 0.000000000000269
Performing precision restoration. Degradation before: 0.000579319841346. After: 0.000000000000220
Performing precision restoration. Degradation before: 0.000826798733348. After: 0.000000000000945
Performing precision restoration. Degradation before: 0.000116622221089. After: 0.000000000000321


Engine: quitting due to timeout...

Final statistics:

13:19:42 Statistics update:
	--- Time Statistics ---
	Total time elapsed: 3600082 milli (01:00:00)
		Main loop: 3599019 milli (00:59:59)
		Preprocessing time: 55 milli (00:00:00)
		Unknown: 1007 milli (00:00:01)
	Breakdown for main loop:
		[54.09%] Simplex steps: 1946566 milli
		[25.62%] Explicit-basis bound tightening: 921893 milli
		[0.00%] Constraint-matrix bound tightening: 0 milli
		[0.21%] Degradation checking: 7585 milli
		[0.00%] Precision restoration: 160 milli
		[0.08%] Statistics handling: 3024 milli
		[0.00%] Constraint-fixing steps: 0 milli
		[0.08%] Valid case splits: 2962 milli. Average per split: 0.00 milli
		[0.02%] Applying stored bound-tightening: 576 milli
		[1.18%] SMT core: 42506 milli
		[14.07%] Symbolic Bound Tightening: 506369 milli
		[31.25%] SoI-based local search: 1124855 milli
		[0.00%] SoI-based local search: 0 milli
		[4.65%] Unaccounted for: 167373 milli
	--- Preprocessor Statistics ---
	Number of preprocessor bound-tightening loop iterations: 8
	Number of eliminated variables: 0
	Number of constraints removed due to variable elimination: 0
	Number of equations removed due to variable elimination: 0
	--- Engine Statistics ---
	Number of main loop iterations: 2825345
		2757337 iterations were simplex steps. Total time: 1946566 milli. Average: 0.71 milli.
		0 iterations were constraint-fixing steps. Total time: 0 milli. Average: 0.00 milli
	Number of active piecewise-linear constraints: 68 / 300
		Constraints disabled by valid splits: 185. By SMT-originated splits: 47
	Last reported degradation: 0.0000000000. Max degradation so far: 0.0971587622. Restorations so far: 14
	Number of simplex pivots we attempted to skip because of instability: 487.
	Unstable pivots performed anyway: 2
	--- Tableau Statistics ---
	Total number of pivots performed: 2520207
		Real pivots: 2513819. Degenerate: 6388 (0.25%)
		Degenerate pivots by request (e.g., to fix a PL constraint): 0 (0.00%)
		Average time per pivot: 0.09 milli
	Total number of fake pivots performed: 77728
	Total number of rows added: 0. Number of merged columns: 0
	Current tableau dimensions: M = 604, N = 1518
	--- SMT Core Statistics ---
	Total depth is 51. Total visited states: 55315. Number of splits: 27683. Number of pops: 27631
	Max stack depth: 81
	--- Bound Tightening Statistics ---
	Number of tightened bounds: 5050271.
		Number of rows examined by row tightener: 2520207. Consequent tightenings: 339610
		Number of explicit basis matrices examined by row tightener: 20305. Consequent tightenings: 1443090
		Number of bound tightening rounds on the entire constraint matrix: 0. Consequent tightenings: 0
		Number of bound notifications sent to PL constraints: 11175755. Tightenings proposed: 0
	--- Basis Factorization statistics ---
	Number of basis refactorizations: 21793
	--- Projected Steepest Edge Statistics ---
	Number of iterations: 2598420.
	Number of resets to reference space: 27801. Avg. iterations per reset: 93
	--- SBT ---
	Number of tightened bounds: 5008502
	--- SoI-based local search ---
	Number of proposed phase pattern update: 33606. Number of accepted update: 54436 [161.98%]
	Total time (% of local search time) updating SoI phase pattern : 4736513 milli [0.42%]
	Total time obtaining current assignment: 12685082 milli [1.13%]
	Total time getting SoI phase pattern : 2401982 milli [0.07%]
	--- Context dependent statistics ---
	Number of pushes / pops: 55322 / 55271
		[0.04%] Pre-Push hook: 1497 milli
		[0.00%] Push : 0 milli
		[0.05%] Post-Pop hook: 1835 milli
		[0.02%] Pop : 872 milli
		[0.12%] Total context-switching time: 4205 milli
	--- Proof Certificate ---
	Number of certified leaves: 0
	Number of leaves to delegate: 0
	Number of lemmas: 0
Timeout
end run time: 13:19:42
DQN: Done solving. Time : 3600105 milli. 

start run time: 13:19:42
Network: /cs/labs/guykatz/maya.swisa/elbit/20_8/Marabou/resources/nnet/acasxu/ACASXU_experimental_v2a_1_1.nnet
Number of layers: 8. Input layer size: 5. Output layer size: 5. Number of ReLUs: 300
Total number of variables: 610
Property: /cs/labs/guykatz/maya.swisa/elbit/PROPERTY_1_08091/ex_0781_label_0/eps02.txt

Engine::processInputQuery: Input query (before preprocessing): 309 equations, 610 variables
Engine::processInputQuery: Input query (after preprocessing): 604 equations, 914 variables


Engine::solve: Initial statistics

13:19:42 Statistics update:
	--- Time Statistics ---
	Total time elapsed: 134 milli (00:00:00)
		Main loop: 0 milli (00:00:00)
		Preprocessing time: 46 milli (00:00:00)
		Unknown: 88 milli (00:00:00)
	Breakdown for main loop:
		[0.00%] Simplex steps: 0 milli
		[0.00%] Explicit-basis bound tightening: 0 milli
		[0.00%] Constraint-matrix bound tightening: 0 milli
		[0.00%] Degradation checking: 0 milli
		[0.00%] Precision restoration: 0 milli
		[0.00%] Statistics handling: 0 milli
		[0.00%] Constraint-fixing steps: 0 milli
		[0.00%] Valid case splits: 3 milli. Average per split: 0.00 milli
		[0.00%] Applying stored bound-tightening: 0 milli
		[0.00%] SMT core: 0 milli
		[0.00%] Symbolic Bound Tightening: 8 milli
		[0.00%] SoI-based local search: 0 milli
		[0.00%] SoI-based local search: 0 milli
		[0.00%] Unaccounted for: 0 milli
	--- Preprocessor Statistics ---
	Number of preprocessor bound-tightening loop iterations: 8
	Number of eliminated variables: 0
	Number of constraints removed due to variable elimination: 0
	Number of equations removed due to variable elimination: 0
	--- Engine Statistics ---
	Number of main loop iterations: 1
		0 iterations were simplex steps. Total time: 0 milli. Average: 0.00 milli.
		0 iterations were constraint-fixing steps. Total time: 0 milli. Average: 0.00 milli
	Number of active piecewise-linear constraints: 187 / 300
		Constraints disabled by valid splits: 113. By SMT-originated splits: 0
	Last reported degradation: 0.0000000000. Max degradation so far: 0.0000000000. Restorations so far: 0
	Number of simplex pivots we attempted to skip because of instability: 0.
	Unstable pivots performed anyway: 0
	--- Tableau Statistics ---
	Total number of pivots performed: 0
		Real pivots: 0. Degenerate: 0 (0.00%)
		Degenerate pivots by request (e.g., to fix a PL constraint): 0 (0.00%)
		Average time per pivot: 0.00 milli
	Total number of fake pivots performed: 0
	Total number of rows added: 0. Number of merged columns: 0
	Current tableau dimensions: M = 604, N = 1518
	--- SMT Core Statistics ---
	Total depth is 0. Total visited states: 1. Number of splits: 0. Number of pops: 0
	Max stack depth: 0
	--- Bound Tightening Statistics ---
	Number of tightened bounds: 0.
		Number of rows examined by row tightener: 0. Consequent tightenings: 0
		Number of explicit basis matrices examined by row tightener: 0. Consequent tightenings: 0
		Number of bound tightening rounds on the entire constraint matrix: 0. Consequent tightenings: 0
		Number of bound notifications sent to PL constraints: 1800. Tightenings proposed: 0
	--- Basis Factorization statistics ---
	Number of basis refactorizations: 2
	--- Projected Steepest Edge Statistics ---
	Number of iterations: 0.
	Number of resets to reference space: 1. Avg. iterations per reset: 0
	--- SBT ---
	Number of tightened bounds: 733
	--- SoI-based local search ---
	Number of proposed phase pattern update: 0. Number of accepted update: 0 [0.00%]
	Total time (% of local search time) updating SoI phase pattern : 0 milli [0.00%]
	Total time obtaining current assignment: 0 milli [0.00%]
	Total time getting SoI phase pattern : 0 milli [0.00%]
	--- Context dependent statistics ---
	Number of pushes / pops: 0 / 0
		[0.00%] Pre-Push hook: 0 milli
		[0.00%] Push : 0 milli
		[0.00%] Post-Pop hook: 0 milli
		[0.00%] Pop : 0 milli
		[0.00%] Total context-switching time: 0 milli
	--- Proof Certificate ---
	Number of certified leaves: 0
	Number of leaves to delegate: 0
	Number of lemmas: 0

---
start solving without an agent
Performing precision restoration. Degradation before: 0.000137893649010. After: 0.000000000000807
High degradation found!
Performing precision restoration. Degradation before: 1.178049993596660. After: 0.000000000000174
Performing precision restoration. Degradation before: 0.020526502958738. After: 0.000000000000748
Performing precision restoration. Degradation before: 0.000003167692481. After: 0.000000000000156
Performing precision restoration. Degradation before: 0.001099034864731. After: 0.000000000000281
Performing precision restoration. Degradation before: 0.000628434038624. After: 0.000000000000099
Performing precision restoration. Degradation before: 0.000027328387632. After: 0.000000000000540
Performing precision restoration. Degradation before: 0.004403500683830. After: 0.000000000000204
Performing precision restoration. Degradation before: 0.020705419876738. After: 0.000000000000267
Performing precision restoration. Degradation before: 0.000076756801625. After: 0.000000000001402
Performing precision restoration. Degradation before: 0.012999160964545. After: 0.000000000002116
High degradation found!
Performing precision restoration. Degradation before: 0.100388507224108. After: 0.000000000000309
High degradation found!
Performing precision restoration. Degradation before: 0.102014659016163. After: 0.000000000000404


Engine: quitting due to timeout...

Final statistics:

14:19:42 Statistics update:
	--- Time Statistics ---
	Total time elapsed: 3600010 milli (01:00:00)
		Main loop: 3598951 milli (00:59:58)
		Preprocessing time: 46 milli (00:00:00)
		Unknown: 1012 milli (00:00:01)
	Breakdown for main loop:
		[54.97%] Simplex steps: 1978193 milli
		[25.38%] Explicit-basis bound tightening: 913238 milli
		[0.00%] Constraint-matrix bound tightening: 0 milli
		[0.21%] Degradation checking: 7580 milli
		[0.00%] Precision restoration: 160 milli
		[0.09%] Statistics handling: 3284 milli
		[0.00%] Constraint-fixing steps: 0 milli
		[0.08%] Valid case splits: 3010 milli. Average per split: 0.00 milli
		[0.02%] Applying stored bound-tightening: 604 milli
		[1.21%] SMT core: 43716 milli
		[13.32%] Symbolic Bound Tightening: 479426 milli
		[32.40%] SoI-based local search: 1165949 milli
		[0.00%] SoI-based local search: 0 milli
		[4.72%] Unaccounted for: 169734 milli
	--- Preprocessor Statistics ---
	Number of preprocessor bound-tightening loop iterations: 8
	Number of eliminated variables: 0
	Number of constraints removed due to variable elimination: 0
	Number of equations removed due to variable elimination: 0
	--- Engine Statistics ---
	Number of main loop iterations: 2755807
		2694071 iterations were simplex steps. Total time: 1978193 milli. Average: 0.73 milli.
		0 iterations were constraint-fixing steps. Total time: 0 milli. Average: 0.00 milli
	Number of active piecewise-linear constraints: 92 / 300
		Constraints disabled by valid splits: 178. By SMT-originated splits: 30
	Last reported degradation: 0.0000000000. Max degradation so far: 1.1780499936. Restorations so far: 13
	Number of simplex pivots we attempted to skip because of instability: 472.
	Unstable pivots performed anyway: 8
	--- Tableau Statistics ---
	Total number of pivots performed: 2447653
		Real pivots: 2439410. Degenerate: 8243 (0.34%)
		Degenerate pivots by request (e.g., to fix a PL constraint): 0 (0.00%)
		Average time per pivot: 0.09 milli
	Total number of fake pivots performed: 96453
	Total number of rows added: 0. Number of merged columns: 0
	Current tableau dimensions: M = 604, N = 1518
	--- SMT Core Statistics ---
	Total depth is 34. Total visited states: 51224. Number of splits: 25628. Number of pops: 25595
	Max stack depth: 81
	--- Bound Tightening Statistics ---
	Number of tightened bounds: 5204085.
		Number of rows examined by row tightener: 2447653. Consequent tightenings: 344423
		Number of explicit basis matrices examined by row tightener: 18962. Consequent tightenings: 1196163
		Number of bound tightening rounds on the entire constraint matrix: 0. Consequent tightenings: 0
		Number of bound notifications sent to PL constraints: 11831647. Tightenings proposed: 0
	--- Basis Factorization statistics ---
	Number of basis refactorizations: 21222
	--- Projected Steepest Edge Statistics ---
	Number of iterations: 2544570.
	Number of resets to reference space: 25745. Avg. iterations per reset: 98
	--- SBT ---
	Number of tightened bounds: 5165350
	--- SoI-based local search ---
	Number of proposed phase pattern update: 31053. Number of accepted update: 50449 [162.46%]
	Total time (% of local search time) updating SoI phase pattern : 4882107 milli [0.42%]
	Total time obtaining current assignment: 13556809 milli [1.16%]
	Total time getting SoI phase pattern : 2723578 milli [0.08%]
	--- Context dependent statistics ---
	Number of pushes / pops: 51228 / 51194
		[0.04%] Pre-Push hook: 1594 milli
		[0.00%] Push : 0 milli
		[0.05%] Post-Pop hook: 1773 milli
		[0.02%] Pop : 895 milli
		[0.12%] Total context-switching time: 4263 milli
	--- Proof Certificate ---
	Number of certified leaves: 0
	Number of leaves to delegate: 0
	Number of lemmas: 0
Timeout
end run time: 14:19:42
DQN: Done solving. Time : 3600042 milli. 

start run time: 14:19:42
Network: /cs/labs/guykatz/maya.swisa/elbit/20_8/Marabou/resources/nnet/acasxu/ACASXU_experimental_v2a_1_1.nnet
Number of layers: 8. Input layer size: 5. Output layer size: 5. Number of ReLUs: 300
Total number of variables: 610
Property: /cs/labs/guykatz/maya.swisa/elbit/PROPERTY_1_08091/ex_0781_label_0/eps03.txt

Engine::processInputQuery: Input query (before preprocessing): 309 equations, 610 variables
Engine::processInputQuery: Input query (after preprocessing): 604 equations, 914 variables


Engine::solve: Initial statistics

14:19:42 Statistics update:
	--- Time Statistics ---
	Total time elapsed: 135 milli (00:00:00)
		Main loop: 0 milli (00:00:00)
		Preprocessing time: 53 milli (00:00:00)
		Unknown: 82 milli (00:00:00)
	Breakdown for main loop:
		[0.00%] Simplex steps: 0 milli
		[0.00%] Explicit-basis bound tightening: 0 milli
		[0.00%] Constraint-matrix bound tightening: 0 milli
		[0.00%] Degradation checking: 0 milli
		[0.00%] Precision restoration: 0 milli
		[0.00%] Statistics handling: 0 milli
		[0.00%] Constraint-fixing steps: 0 milli
		[0.00%] Valid case splits: 2 milli. Average per split: 0.00 milli
		[0.00%] Applying stored bound-tightening: 0 milli
		[0.00%] SMT core: 0 milli
		[0.00%] Symbolic Bound Tightening: 8 milli
		[0.00%] SoI-based local search: 0 milli
		[0.00%] SoI-based local search: 0 milli
		[0.00%] Unaccounted for: 0 milli
	--- Preprocessor Statistics ---
	Number of preprocessor bound-tightening loop iterations: 8
	Number of eliminated variables: 0
	Number of constraints removed due to variable elimination: 0
	Number of equations removed due to variable elimination: 0
	--- Engine Statistics ---
	Number of main loop iterations: 1
		0 iterations were simplex steps. Total time: 0 milli. Average: 0.00 milli.
		0 iterations were constraint-fixing steps. Total time: 0 milli. Average: 0.00 milli
	Number of active piecewise-linear constraints: 195 / 300
		Constraints disabled by valid splits: 105. By SMT-originated splits: 0
	Last reported degradation: 0.0000000000. Max degradation so far: 0.0000000000. Restorations so far: 0
	Number of simplex pivots we attempted to skip because of instability: 0.
	Unstable pivots performed anyway: 0
	--- Tableau Statistics ---
	Total number of pivots performed: 0
		Real pivots: 0. Degenerate: 0 (0.00%)
		Degenerate pivots by request (e.g., to fix a PL constraint): 0 (0.00%)
		Average time per pivot: 0.00 milli
	Total number of fake pivots performed: 0
	Total number of rows added: 0. Number of merged columns: 0
	Current tableau dimensions: M = 604, N = 1518
	--- SMT Core Statistics ---
	Total depth is 0. Total visited states: 1. Number of splits: 0. Number of pops: 0
	Max stack depth: 0
	--- Bound Tightening Statistics ---
	Number of tightened bounds: 0.
		Number of rows examined by row tightener: 0. Consequent tightenings: 0
		Number of explicit basis matrices examined by row tightener: 0. Consequent tightenings: 0
		Number of bound tightening rounds on the entire constraint matrix: 0. Consequent tightenings: 0
		Number of bound notifications sent to PL constraints: 1800. Tightenings proposed: 0
	--- Basis Factorization statistics ---
	Number of basis refactorizations: 2
	--- Projected Steepest Edge Statistics ---
	Number of iterations: 0.
	Number of resets to reference space: 1. Avg. iterations per reset: 0
	--- SBT ---
	Number of tightened bounds: 736
	--- SoI-based local search ---
	Number of proposed phase pattern update: 0. Number of accepted update: 0 [0.00%]
	Total time (% of local search time) updating SoI phase pattern : 0 milli [0.00%]
	Total time obtaining current assignment: 0 milli [0.00%]
	Total time getting SoI phase pattern : 0 milli [0.00%]
	--- Context dependent statistics ---
	Number of pushes / pops: 0 / 0
		[0.00%] Pre-Push hook: 0 milli
		[0.00%] Push : 0 milli
		[0.00%] Post-Pop hook: 0 milli
		[0.00%] Pop : 0 milli
		[0.00%] Total context-switching time: 0 milli
	--- Proof Certificate ---
	Number of certified leaves: 0
	Number of leaves to delegate: 0
	Number of lemmas: 0

---
start solving without an agent
Performing precision restoration. Degradation before: 0.016213780720314. After: 0.000000000000198
Performing precision restoration. Degradation before: 0.017045248498897. After: 0.000000000000443
Performing precision restoration. Degradation before: 0.002261211449221. After: 0.000000000000362
Performing precision restoration. Degradation before: 0.020084660686870. After: 0.000000000000300
High degradation found!
Performing precision restoration. Degradation before: 0.101137967668472. After: 0.000000000000518
Performing precision restoration. Degradation before: 0.072936674017792. After: 0.000000000000602
Performing precision restoration. Degradation before: 0.007609929038364. After: 0.000000000000181
High degradation found!
Performing precision restoration. Degradation before: 0.140149322495494. After: 0.000000000000368
Performing precision restoration. Degradation before: 0.000368007023524. After: 0.000000000000141
Performing precision restoration. Degradation before: 0.001481392272097. After: 0.000000000000546


Engine: quitting due to timeout...

Final statistics:

15:19:42 Statistics update:
	--- Time Statistics ---
	Total time elapsed: 3600009 milli (01:00:00)
		Main loop: 3598928 milli (00:59:58)
		Preprocessing time: 53 milli (00:00:00)
		Unknown: 1027 milli (00:00:01)
	Breakdown for main loop:
		[50.57%] Simplex steps: 1819891 milli
		[26.00%] Explicit-basis bound tightening: 935584 milli
		[0.00%] Constraint-matrix bound tightening: 0 milli
		[0.21%] Degradation checking: 7460 milli
		[0.00%] Precision restoration: 119 milli
		[0.09%] Statistics handling: 3360 milli
		[0.00%] Constraint-fixing steps: 0 milli
		[0.11%] Valid case splits: 3812 milli. Average per split: 0.00 milli
		[0.02%] Applying stored bound-tightening: 687 milli
		[1.46%] SMT core: 52404 milli
		[16.06%] Symbolic Bound Tightening: 577833 milli
		[28.95%] SoI-based local search: 1042023 milli
		[0.00%] SoI-based local search: 0 milli
		[5.50%] Unaccounted for: 197772 milli
	--- Preprocessor Statistics ---
	Number of preprocessor bound-tightening loop iterations: 8
	Number of eliminated variables: 0
	Number of constraints removed due to variable elimination: 0
	Number of equations removed due to variable elimination: 0
	--- Engine Statistics ---
	Number of main loop iterations: 2761388
		2687583 iterations were simplex steps. Total time: 1819891 milli. Average: 0.68 milli.
		0 iterations were constraint-fixing steps. Total time: 0 milli. Average: 0.00 milli
	Number of active piecewise-linear constraints: 70 / 300
		Constraints disabled by valid splits: 169. By SMT-originated splits: 61
	Last reported degradation: 0.0000000000. Max degradation so far: 0.1401493225. Restorations so far: 10
	Number of simplex pivots we attempted to skip because of instability: 649.
	Unstable pivots performed anyway: 22
	--- Tableau Statistics ---
	Total number of pivots performed: 2414674
		Real pivots: 2408227. Degenerate: 6447 (0.27%)
		Degenerate pivots by request (e.g., to fix a PL constraint): 0 (0.00%)
		Average time per pivot: 0.09 milli
	Total number of fake pivots performed: 88352
	Total number of rows added: 0. Number of merged columns: 0
	Current tableau dimensions: M = 604, N = 1518
	--- SMT Core Statistics ---
	Total depth is 65. Total visited states: 62840. Number of splits: 31451. Number of pops: 31388
	Max stack depth: 103
	--- Bound Tightening Statistics ---
	Number of tightened bounds: 6532226.
		Number of rows examined by row tightener: 2414674. Consequent tightenings: 453483
		Number of explicit basis matrices examined by row tightener: 21038. Consequent tightenings: 1536082
		Number of bound tightening rounds on the entire constraint matrix: 0. Consequent tightenings: 0
		Number of bound notifications sent to PL constraints: 14600973. Tightenings proposed: 0
	--- Basis Factorization statistics ---
	Number of basis refactorizations: 21024
	--- Projected Steepest Edge Statistics ---
	Number of iterations: 2503653.
	Number of resets to reference space: 31508. Avg. iterations per reset: 79
	--- SBT ---
	Number of tightened bounds: 6502602
	--- SoI-based local search ---
	Number of proposed phase pattern update: 37762. Number of accepted update: 61939 [164.02%]
	Total time (% of local search time) updating SoI phase pattern : 5652529 milli [0.54%]
	Total time obtaining current assignment: 16048348 milli [1.54%]
	Total time getting SoI phase pattern : 2822306 milli [0.08%]
	--- Context dependent statistics ---
	Number of pushes / pops: 62849 / 62784
		[0.05%] Pre-Push hook: 1866 milli
		[0.00%] Push : 0 milli
		[0.06%] Post-Pop hook: 1993 milli
		[0.03%] Pop : 1152 milli
		[0.14%] Total context-switching time: 5011 milli
	--- Proof Certificate ---
	Number of certified leaves: 0
	Number of leaves to delegate: 0
	Number of lemmas: 0
Timeout
end run time: 15:19:42
DQN: Done solving. Time : 3600034 milli. 

