[256] processing ex_0257_label_0 …
start run time: 10:01:36
Network: /cs/labs/guykatz/maya.swisa/elbit/20_8/Marabou/resources/nnet/acasxu/ACASXU_experimental_v2a_1_1.nnet
Number of layers: 8. Input layer size: 5. Output layer size: 5. Number of ReLUs: 300
Total number of variables: 610
Property: /cs/labs/guykatz/maya.swisa/elbit/PROPERTY_1_08091/ex_0257_label_0/eps01.txt

Engine::processInputQuery: Input query (before preprocessing): 309 equations, 610 variables
Engine::processInputQuery: Input query (after preprocessing): 604 equations, 914 variables


Engine::solve: Initial statistics

10:01:36 Statistics update:
	--- Time Statistics ---
	Total time elapsed: 55 milli (00:00:00)
		Main loop: 0 milli (00:00:00)
		Preprocessing time: 39 milli (00:00:00)
		Unknown: 15 milli (00:00:00)
	Breakdown for main loop:
		[0.00%] Simplex steps: 0 milli
		[0.00%] Explicit-basis bound tightening: 0 milli
		[0.00%] Constraint-matrix bound tightening: 0 milli
		[0.00%] Degradation checking: 0 milli
		[0.00%] Precision restoration: 0 milli
		[0.00%] Statistics handling: 0 milli
		[0.00%] Constraint-fixing steps: 0 milli
		[0.00%] Valid case splits: 2 milli. Average per split: 0.00 milli
		[0.00%] Applying stored bound-tightening: 0 milli
		[0.00%] SMT core: 0 milli
		[0.00%] Symbolic Bound Tightening: 5 milli
		[0.00%] SoI-based local search: 0 milli
		[0.00%] SoI-based local search: 0 milli
		[0.00%] Unaccounted for: 0 milli
	--- Preprocessor Statistics ---
	Number of preprocessor bound-tightening loop iterations: 8
	Number of eliminated variables: 0
	Number of constraints removed due to variable elimination: 0
	Number of equations removed due to variable elimination: 0
	--- Engine Statistics ---
	Number of main loop iterations: 1
		0 iterations were simplex steps. Total time: 0 milli. Average: 0.00 milli.
		0 iterations were constraint-fixing steps. Total time: 0 milli. Average: 0.00 milli
	Number of active piecewise-linear constraints: 193 / 300
		Constraints disabled by valid splits: 107. By SMT-originated splits: 0
	Last reported degradation: 0.0000000000. Max degradation so far: 0.0000000000. Restorations so far: 0
	Number of simplex pivots we attempted to skip because of instability: 0.
	Unstable pivots performed anyway: 0
	--- Tableau Statistics ---
	Total number of pivots performed: 0
		Real pivots: 0. Degenerate: 0 (0.00%)
		Degenerate pivots by request (e.g., to fix a PL constraint): 0 (0.00%)
		Average time per pivot: 0.00 milli
	Total number of fake pivots performed: 0
	Total number of rows added: 0. Number of merged columns: 0
	Current tableau dimensions: M = 604, N = 1518
	--- SMT Core Statistics ---
	Total depth is 0. Total visited states: 1. Number of splits: 0. Number of pops: 0
	Max stack depth: 0
	--- Bound Tightening Statistics ---
	Number of tightened bounds: 0.
		Number of rows examined by row tightener: 0. Consequent tightenings: 0
		Number of explicit basis matrices examined by row tightener: 0. Consequent tightenings: 0
		Number of bound tightening rounds on the entire constraint matrix: 0. Consequent tightenings: 0
		Number of bound notifications sent to PL constraints: 1800. Tightenings proposed: 0
	--- Basis Factorization statistics ---
	Number of basis refactorizations: 2
	--- Projected Steepest Edge Statistics ---
	Number of iterations: 0.
	Number of resets to reference space: 1. Avg. iterations per reset: 0
	--- SBT ---
	Number of tightened bounds: 728
	--- SoI-based local search ---
	Number of proposed phase pattern update: 0. Number of accepted update: 0 [0.00%]
	Total time (% of local search time) updating SoI phase pattern : 0 milli [0.00%]
	Total time obtaining current assignment: 0 milli [0.00%]
	Total time getting SoI phase pattern : 0 milli [0.00%]
	--- Context dependent statistics ---
	Number of pushes / pops: 0 / 0
		[0.00%] Pre-Push hook: 0 milli
		[0.00%] Push : 0 milli
		[0.00%] Post-Pop hook: 0 milli
		[0.00%] Pop : 0 milli
		[0.00%] Total context-switching time: 0 milli
	--- Proof Certificate ---
	Number of certified leaves: 0
	Number of leaves to delegate: 0
	Number of lemmas: 0

---
start solving without an agent
Performing precision restoration. Degradation before: 0.000012843915467. After: 0.000000000000470
MalformedBasisException caught!
Performing precision restoration. Degradation before: 0.000000120592292. After: 0.000000000000076
MalformedBasisException caught!
Performing precision restoration. Degradation before: 0.000034083482960. After: 0.000000000000075
Performing precision restoration. Degradation before: 0.000005373390798. After: 0.000000000000125
Performing precision restoration. Degradation before: 0.000059189136907. After: 0.000000000000177
Performing precision restoration. Degradation before: 0.005762365015442. After: 0.000000000000304
Performing precision restoration. Degradation before: 0.015896818427894. After: 0.000000000000199
Performing precision restoration. Degradation before: 0.000371974705576. After: 0.000000000000765
Performing precision restoration. Degradation before: 0.000307978952710. After: 0.000000000004261
Performing precision restoration. Degradation before: 0.000658119594176. After: 0.000000000000724
Performing precision restoration. Degradation before: 0.000161229530591. After: 0.000000000000469
Performing precision restoration. Degradation before: 0.019684504394622. After: 0.000000000001447
Performing precision restoration. Degradation before: 0.000013796411876. After: 0.000000000000288
High degradation found!
Performing precision restoration. Degradation before: 0.106210247546870. After: 0.000000000000204
Performing precision restoration. Degradation before: 0.001824013529059. After: 0.000000000000190
Performing precision restoration. Degradation before: 0.000300642431796. After: 0.000000000000148
Performing precision restoration. Degradation before: 0.000014212231554. After: 0.000000000000148
Performing precision restoration. Degradation before: 0.000047891667572. After: 0.000000000000212
Performing precision restoration. Degradation before: 0.000000090588443. After: 0.000000000000231
Performing precision restoration. Degradation before: 0.002988909891063. After: 0.000000000000282
Performing precision restoration. Degradation before: 0.000125307331783. After: 0.000000000000147
Performing precision restoration. Degradation before: 0.010358893462193. After: 0.000000000000254


Engine: quitting due to timeout...

Final statistics:

11:01:36 Statistics update:
	--- Time Statistics ---
	Total time elapsed: 3600009 milli (01:00:00)
		Main loop: 3598577 milli (00:59:58)
		Preprocessing time: 39 milli (00:00:00)
		Unknown: 1392 milli (00:00:01)
	Breakdown for main loop:
		[49.79%] Simplex steps: 1791891 milli
		[26.57%] Explicit-basis bound tightening: 956006 milli
		[0.00%] Constraint-matrix bound tightening: 0 milli
		[0.19%] Degradation checking: 6994 milli
		[0.01%] Precision restoration: 199 milli
		[0.06%] Statistics handling: 2105 milli
		[0.00%] Constraint-fixing steps: 0 milli
		[0.11%] Valid case splits: 4028 milli. Average per split: 0.00 milli
		[0.02%] Applying stored bound-tightening: 710 milli
		[2.02%] SMT core: 72742 milli
		[15.27%] Symbolic Bound Tightening: 549650 milli
		[26.68%] SoI-based local search: 960046 milli
		[0.00%] SoI-based local search: 0 milli
		[5.95%] Unaccounted for: 214246 milli
	--- Preprocessor Statistics ---
	Number of preprocessor bound-tightening loop iterations: 8
	Number of eliminated variables: 0
	Number of constraints removed due to variable elimination: 0
	Number of equations removed due to variable elimination: 0
	--- Engine Statistics ---
	Number of main loop iterations: 3909554
		3798238 iterations were simplex steps. Total time: 1791891 milli. Average: 0.47 milli.
		0 iterations were constraint-fixing steps. Total time: 0 milli. Average: 0.00 milli
	Number of active piecewise-linear constraints: 93 / 300
		Constraints disabled by valid splits: 182. By SMT-originated splits: 25
	Last reported degradation: 0.0000000000. Max degradation so far: 0.1062102475. Restorations so far: 22
	Number of simplex pivots we attempted to skip because of instability: 1251.
	Unstable pivots performed anyway: 29
	--- Tableau Statistics ---
	Total number of pivots performed: 3375488
		Real pivots: 3364589. Degenerate: 10899 (0.32%)
		Degenerate pivots by request (e.g., to fix a PL constraint): 0 (0.00%)
		Average time per pivot: 0.06 milli
	Total number of fake pivots performed: 162668
	Total number of rows added: 0. Number of merged columns: 0
	Current tableau dimensions: M = 604, N = 1518
	--- SMT Core Statistics ---
	Total depth is 28. Total visited states: 90832. Number of splits: 45433. Number of pops: 45398
	Max stack depth: 104
	--- Bound Tightening Statistics ---
	Number of tightened bounds: 10195288.
		Number of rows examined by row tightener: 3375488. Consequent tightenings: 656470
		Number of explicit basis matrices examined by row tightener: 29077. Consequent tightenings: 2467188
		Number of bound tightening rounds on the entire constraint matrix: 0. Consequent tightenings: 0
		Number of bound notifications sent to PL constraints: 21792118. Tightenings proposed: 0
	--- Basis Factorization statistics ---
	Number of basis refactorizations: 28546
	--- Projected Steepest Edge Statistics ---
	Number of iterations: 3539378.
	Number of resets to reference space: 45655. Avg. iterations per reset: 77
	--- SBT ---
	Number of tightened bounds: 10129224
	--- SoI-based local search ---
	Number of proposed phase pattern update: 55689. Number of accepted update: 89251 [160.27%]
	Total time (% of local search time) updating SoI phase pattern : 6640132 milli [0.69%]
	Total time obtaining current assignment: 19311028 milli [2.01%]
	Total time getting SoI phase pattern : 2791856 milli [0.08%]
	--- Context dependent statistics ---
	Number of pushes / pops: 90843 / 90815
		[0.08%] Pre-Push hook: 2962 milli
		[0.00%] Push : 0 milli
		[0.07%] Post-Pop hook: 2422 milli
		[0.08%] Pop : 2817 milli
		[0.23%] Total context-switching time: 8202 milli
	--- Proof Certificate ---
	Number of certified leaves: 0
	Number of leaves to delegate: 0
	Number of lemmas: 0
Timeout
end run time: 11:01:36
DQN: Done solving. Time : 3600028 milli. 

start run time: 11:01:36
Network: /cs/labs/guykatz/maya.swisa/elbit/20_8/Marabou/resources/nnet/acasxu/ACASXU_experimental_v2a_1_1.nnet
Number of layers: 8. Input layer size: 5. Output layer size: 5. Number of ReLUs: 300
Total number of variables: 610
Property: /cs/labs/guykatz/maya.swisa/elbit/PROPERTY_1_08091/ex_0257_label_0/eps02.txt

Engine::processInputQuery: Input query (before preprocessing): 309 equations, 610 variables
Engine::processInputQuery: Input query (after preprocessing): 604 equations, 914 variables


Engine::solve: Initial statistics

11:01:36 Statistics update:
	--- Time Statistics ---
	Total time elapsed: 54 milli (00:00:00)
		Main loop: 0 milli (00:00:00)
		Preprocessing time: 29 milli (00:00:00)
		Unknown: 25 milli (00:00:00)
	Breakdown for main loop:
		[0.00%] Simplex steps: 0 milli
		[0.00%] Explicit-basis bound tightening: 0 milli
		[0.00%] Constraint-matrix bound tightening: 0 milli
		[0.00%] Degradation checking: 0 milli
		[0.00%] Precision restoration: 0 milli
		[0.00%] Statistics handling: 0 milli
		[0.00%] Constraint-fixing steps: 0 milli
		[0.00%] Valid case splits: 1 milli. Average per split: 0.00 milli
		[0.00%] Applying stored bound-tightening: 0 milli
		[0.00%] SMT core: 0 milli
		[0.00%] Symbolic Bound Tightening: 5 milli
		[0.00%] SoI-based local search: 0 milli
		[0.00%] SoI-based local search: 0 milli
		[0.00%] Unaccounted for: 0 milli
	--- Preprocessor Statistics ---
	Number of preprocessor bound-tightening loop iterations: 8
	Number of eliminated variables: 0
	Number of constraints removed due to variable elimination: 0
	Number of equations removed due to variable elimination: 0
	--- Engine Statistics ---
	Number of main loop iterations: 1
		0 iterations were simplex steps. Total time: 0 milli. Average: 0.00 milli.
		0 iterations were constraint-fixing steps. Total time: 0 milli. Average: 0.00 milli
	Number of active piecewise-linear constraints: 201 / 300
		Constraints disabled by valid splits: 99. By SMT-originated splits: 0
	Last reported degradation: 0.0000000000. Max degradation so far: 0.0000000000. Restorations so far: 0
	Number of simplex pivots we attempted to skip because of instability: 0.
	Unstable pivots performed anyway: 0
	--- Tableau Statistics ---
	Total number of pivots performed: 0
		Real pivots: 0. Degenerate: 0 (0.00%)
		Degenerate pivots by request (e.g., to fix a PL constraint): 0 (0.00%)
		Average time per pivot: 0.00 milli
	Total number of fake pivots performed: 0
	Total number of rows added: 0. Number of merged columns: 0
	Current tableau dimensions: M = 604, N = 1518
	--- SMT Core Statistics ---
	Total depth is 0. Total visited states: 1. Number of splits: 0. Number of pops: 0
	Max stack depth: 0
	--- Bound Tightening Statistics ---
	Number of tightened bounds: 0.
		Number of rows examined by row tightener: 0. Consequent tightenings: 0
		Number of explicit basis matrices examined by row tightener: 0. Consequent tightenings: 0
		Number of bound tightening rounds on the entire constraint matrix: 0. Consequent tightenings: 0
		Number of bound notifications sent to PL constraints: 1800. Tightenings proposed: 0
	--- Basis Factorization statistics ---
	Number of basis refactorizations: 2
	--- Projected Steepest Edge Statistics ---
	Number of iterations: 0.
	Number of resets to reference space: 1. Avg. iterations per reset: 0
	--- SBT ---
	Number of tightened bounds: 728
	--- SoI-based local search ---
	Number of proposed phase pattern update: 0. Number of accepted update: 0 [0.00%]
	Total time (% of local search time) updating SoI phase pattern : 0 milli [0.00%]
	Total time obtaining current assignment: 0 milli [0.00%]
	Total time getting SoI phase pattern : 0 milli [0.00%]
	--- Context dependent statistics ---
	Number of pushes / pops: 0 / 0
		[0.00%] Pre-Push hook: 0 milli
		[0.00%] Push : 0 milli
		[0.00%] Post-Pop hook: 0 milli
		[0.00%] Pop : 0 milli
		[0.00%] Total context-switching time: 0 milli
	--- Proof Certificate ---
	Number of certified leaves: 0
	Number of leaves to delegate: 0
	Number of lemmas: 0

---
start solving without an agent
Performing precision restoration. Degradation before: 0.000134167225123. After: 0.000000000000255
Performing precision restoration. Degradation before: 0.000157325655911. After: 0.000000000000101
Performing precision restoration. Degradation before: 0.001089000887844. After: 0.000000000000181
High degradation found!
Performing precision restoration. Degradation before: 0.101498654972267. After: 0.000000000000151
High degradation found!
Performing precision restoration. Degradation before: 0.128274959049405. After: 0.000000000000169
Performing precision restoration. Degradation before: 0.003345141396899. After: 0.000000000000134
Performing precision restoration. Degradation before: 0.004028202468122. After: 0.000000000000217
Performing precision restoration. Degradation before: 0.000009118766409. After: 0.000000000000128
Performing precision restoration. Degradation before: 0.000151396146926. After: 0.000000000001157
Performing precision restoration. Degradation before: 0.000005132075152. After: 0.000000000000235
High degradation found!
Performing precision restoration. Degradation before: 0.100964076707249. After: 0.000000000000269
Performing precision restoration. Degradation before: 0.001205133652903. After: 0.000000000000121


Engine: quitting due to timeout...

Final statistics:

12:01:36 Statistics update:
	--- Time Statistics ---
	Total time elapsed: 3600000 milli (01:00:00)
		Main loop: 3598593 milli (00:59:58)
		Preprocessing time: 29 milli (00:00:00)
		Unknown: 1377 milli (00:00:01)
	Breakdown for main loop:
		[53.22%] Simplex steps: 1915243 milli
		[29.21%] Explicit-basis bound tightening: 1051026 milli
		[0.00%] Constraint-matrix bound tightening: 0 milli
		[0.19%] Degradation checking: 6780 milli
		[0.00%] Precision restoration: 95 milli
		[0.12%] Statistics handling: 4213 milli
		[0.00%] Constraint-fixing steps: 0 milli
		[0.09%] Valid case splits: 3286 milli. Average per split: 0.00 milli
		[0.01%] Applying stored bound-tightening: 421 milli
		[1.31%] SMT core: 47063 milli
		[11.50%] Symbolic Bound Tightening: 413676 milli
		[29.76%] SoI-based local search: 1070931 milli
		[0.00%] SoI-based local search: 0 milli
		[4.36%] Unaccounted for: 156785 milli
	--- Preprocessor Statistics ---
	Number of preprocessor bound-tightening loop iterations: 8
	Number of eliminated variables: 0
	Number of constraints removed due to variable elimination: 0
	Number of equations removed due to variable elimination: 0
	--- Engine Statistics ---
	Number of main loop iterations: 3946657
		3860598 iterations were simplex steps. Total time: 1915243 milli. Average: 0.50 milli.
		0 iterations were constraint-fixing steps. Total time: 0 milli. Average: 0.00 milli
	Number of active piecewise-linear constraints: 70 / 300
		Constraints disabled by valid splits: 182. By SMT-originated splits: 48
	Last reported degradation: 0.0000000000. Max degradation so far: 0.1282749590. Restorations so far: 12
	Number of simplex pivots we attempted to skip because of instability: 387.
	Unstable pivots performed anyway: 1
	--- Tableau Statistics ---
	Total number of pivots performed: 3519870
		Real pivots: 3507984. Degenerate: 11886 (0.34%)
		Degenerate pivots by request (e.g., to fix a PL constraint): 0 (0.00%)
		Average time per pivot: 0.06 milli
	Total number of fake pivots performed: 149833
	Total number of rows added: 0. Number of merged columns: 0
	Current tableau dimensions: M = 604, N = 1518
	--- SMT Core Statistics ---
	Total depth is 52. Total visited states: 68366. Number of splits: 34205. Number of pops: 34160
	Max stack depth: 74
	--- Bound Tightening Statistics ---
	Number of tightened bounds: 7864870.
		Number of rows examined by row tightener: 3519870. Consequent tightenings: 469574
		Number of explicit basis matrices examined by row tightener: 28490. Consequent tightenings: 1367755
		Number of bound tightening rounds on the entire constraint matrix: 0. Consequent tightenings: 0
		Number of bound notifications sent to PL constraints: 16374678. Tightenings proposed: 0
	--- Basis Factorization statistics ---
	Number of basis refactorizations: 31317
	--- Projected Steepest Edge Statistics ---
	Number of iterations: 3670089.
	Number of resets to reference space: 34308. Avg. iterations per reset: 106
	--- SBT ---
	Number of tightened bounds: 7829166
	--- SoI-based local search ---
	Number of proposed phase pattern update: 40664. Number of accepted update: 67557 [166.13%]
	Total time (% of local search time) updating SoI phase pattern : 4995599 milli [0.47%]
	Total time obtaining current assignment: 12850846 milli [1.20%]
	Total time getting SoI phase pattern : 2749943 milli [0.08%]
	--- Context dependent statistics ---
	Number of pushes / pops: 68367 / 68315
		[0.04%] Pre-Push hook: 1592 milli
		[0.00%] Push : 0 milli
		[0.05%] Post-Pop hook: 1782 milli
		[0.04%] Pop : 1262 milli
		[0.13%] Total context-switching time: 4638 milli
	--- Proof Certificate ---
	Number of certified leaves: 0
	Number of leaves to delegate: 0
	Number of lemmas: 0
Timeout
end run time: 12:01:36
DQN: Done solving. Time : 3600023 milli. 

start run time: 12:01:36
Network: /cs/labs/guykatz/maya.swisa/elbit/20_8/Marabou/resources/nnet/acasxu/ACASXU_experimental_v2a_1_1.nnet
Number of layers: 8. Input layer size: 5. Output layer size: 5. Number of ReLUs: 300
Total number of variables: 610
Property: /cs/labs/guykatz/maya.swisa/elbit/PROPERTY_1_08091/ex_0257_label_0/eps03.txt

Engine::processInputQuery: Input query (before preprocessing): 309 equations, 610 variables
Engine::processInputQuery: Input query (after preprocessing): 604 equations, 914 variables


Engine::solve: Initial statistics

12:01:36 Statistics update:
	--- Time Statistics ---
	Total time elapsed: 76 milli (00:00:00)
		Main loop: 0 milli (00:00:00)
		Preprocessing time: 30 milli (00:00:00)
		Unknown: 45 milli (00:00:00)
	Breakdown for main loop:
		[0.00%] Simplex steps: 0 milli
		[0.00%] Explicit-basis bound tightening: 0 milli
		[0.00%] Constraint-matrix bound tightening: 0 milli
		[0.00%] Degradation checking: 0 milli
		[0.00%] Precision restoration: 0 milli
		[0.00%] Statistics handling: 0 milli
		[0.00%] Constraint-fixing steps: 0 milli
		[0.00%] Valid case splits: 1 milli. Average per split: 0.00 milli
		[0.00%] Applying stored bound-tightening: 0 milli
		[0.00%] SMT core: 0 milli
		[0.00%] Symbolic Bound Tightening: 5 milli
		[0.00%] SoI-based local search: 0 milli
		[0.00%] SoI-based local search: 0 milli
		[0.00%] Unaccounted for: 0 milli
	--- Preprocessor Statistics ---
	Number of preprocessor bound-tightening loop iterations: 8
	Number of eliminated variables: 0
	Number of constraints removed due to variable elimination: 0
	Number of equations removed due to variable elimination: 0
	--- Engine Statistics ---
	Number of main loop iterations: 1
		0 iterations were simplex steps. Total time: 0 milli. Average: 0.00 milli.
		0 iterations were constraint-fixing steps. Total time: 0 milli. Average: 0.00 milli
	Number of active piecewise-linear constraints: 205 / 300
		Constraints disabled by valid splits: 95. By SMT-originated splits: 0
	Last reported degradation: 0.0000000000. Max degradation so far: 0.0000000000. Restorations so far: 0
	Number of simplex pivots we attempted to skip because of instability: 0.
	Unstable pivots performed anyway: 0
	--- Tableau Statistics ---
	Total number of pivots performed: 0
		Real pivots: 0. Degenerate: 0 (0.00%)
		Degenerate pivots by request (e.g., to fix a PL constraint): 0 (0.00%)
		Average time per pivot: 0.00 milli
	Total number of fake pivots performed: 0
	Total number of rows added: 0. Number of merged columns: 0
	Current tableau dimensions: M = 604, N = 1518
	--- SMT Core Statistics ---
	Total depth is 0. Total visited states: 1. Number of splits: 0. Number of pops: 0
	Max stack depth: 0
	--- Bound Tightening Statistics ---
	Number of tightened bounds: 0.
		Number of rows examined by row tightener: 0. Consequent tightenings: 0
		Number of explicit basis matrices examined by row tightener: 0. Consequent tightenings: 0
		Number of bound tightening rounds on the entire constraint matrix: 0. Consequent tightenings: 0
		Number of bound notifications sent to PL constraints: 1800. Tightenings proposed: 0
	--- Basis Factorization statistics ---
	Number of basis refactorizations: 2
	--- Projected Steepest Edge Statistics ---
	Number of iterations: 0.
	Number of resets to reference space: 1. Avg. iterations per reset: 0
	--- SBT ---
	Number of tightened bounds: 729
	--- SoI-based local search ---
	Number of proposed phase pattern update: 0. Number of accepted update: 0 [0.00%]
	Total time (% of local search time) updating SoI phase pattern : 0 milli [0.00%]
	Total time obtaining current assignment: 0 milli [0.00%]
	Total time getting SoI phase pattern : 0 milli [0.00%]
	--- Context dependent statistics ---
	Number of pushes / pops: 0 / 0
		[0.00%] Pre-Push hook: 0 milli
		[0.00%] Push : 0 milli
		[0.00%] Post-Pop hook: 0 milli
		[0.00%] Pop : 0 milli
		[0.00%] Total context-switching time: 0 milli
	--- Proof Certificate ---
	Number of certified leaves: 0
	Number of leaves to delegate: 0
	Number of lemmas: 0

---
start solving without an agent
Performing precision restoration. Degradation before: 0.002734951750227. After: 0.000000000000125
Performing precision restoration. Degradation before: 0.000096936164492. After: 0.000000000000240
Performing precision restoration. Degradation before: 0.009685899644694. After: 0.000000000000213
Performing precision restoration. Degradation before: 0.001939212418051. After: 0.000000000000124
MalformedBasisException caught!
Performing precision restoration. Degradation before: 0.000109258528332. After: 0.000000000000067
Performing precision restoration. Degradation before: 0.000845025573280. After: 0.000000000000635
MalformedBasisException caught!
Performing precision restoration. Degradation before: 0.000000000040993. After: 0.000000000000070
Performing precision restoration. Degradation before: 0.006516769023957. After: 0.000000000000191
Performing precision restoration. Degradation before: 0.000001590129603. After: 0.000000000000242
Performing precision restoration. Degradation before: 0.000099411463565. After: 0.000000000000107


Engine: quitting due to timeout...

Final statistics:

13:01:36 Statistics update:
	--- Time Statistics ---
	Total time elapsed: 3600000 milli (01:00:00)
		Main loop: 3598479 milli (00:59:58)
		Preprocessing time: 30 milli (00:00:00)
		Unknown: 1489 milli (00:00:01)
	Breakdown for main loop:
		[52.13%] Simplex steps: 1875871 milli
		[28.93%] Explicit-basis bound tightening: 1041053 milli
		[0.00%] Constraint-matrix bound tightening: 0 milli
		[0.19%] Degradation checking: 6876 milli
		[0.00%] Precision restoration: 66 milli
		[0.12%] Statistics handling: 4344 milli
		[0.00%] Constraint-fixing steps: 0 milli
		[0.08%] Valid case splits: 3023 milli. Average per split: 0.00 milli
		[0.01%] Applying stored bound-tightening: 473 milli
		[1.24%] SMT core: 44470 milli
		[12.49%] Symbolic Bound Tightening: 449554 milli
		[28.34%] SoI-based local search: 1019681 milli
		[0.00%] SoI-based local search: 0 milli
		[4.80%] Unaccounted for: 172744 milli
	--- Preprocessor Statistics ---
	Number of preprocessor bound-tightening loop iterations: 8
	Number of eliminated variables: 0
	Number of constraints removed due to variable elimination: 0
	Number of equations removed due to variable elimination: 0
	--- Engine Statistics ---
	Number of main loop iterations: 4112530
		4019603 iterations were simplex steps. Total time: 1875871 milli. Average: 0.47 milli.
		0 iterations were constraint-fixing steps. Total time: 0 milli. Average: 0.00 milli
	Number of active piecewise-linear constraints: 62 / 300
		Constraints disabled by valid splits: 204. By SMT-originated splits: 34
	Last reported degradation: 0.0000000001. Max degradation so far: 0.0096101966. Restorations so far: 10
	Number of simplex pivots we attempted to skip because of instability: 759.
	Unstable pivots performed anyway: 11
	--- Tableau Statistics ---
	Total number of pivots performed: 3703593
		Real pivots: 3691664. Degenerate: 11929 (0.32%)
		Degenerate pivots by request (e.g., to fix a PL constraint): 0 (0.00%)
		Average time per pivot: 0.06 milli
	Total number of fake pivots performed: 101791
	Total number of rows added: 0. Number of merged columns: 0
	Current tableau dimensions: M = 604, N = 1518
	--- SMT Core Statistics ---
	Total depth is 38. Total visited states: 74230. Number of splits: 37132. Number of pops: 37097
	Max stack depth: 64
	--- Bound Tightening Statistics ---
	Number of tightened bounds: 7394937.
		Number of rows examined by row tightener: 3703593. Consequent tightenings: 581063
		Number of explicit basis matrices examined by row tightener: 30598. Consequent tightenings: 1490739
		Number of bound tightening rounds on the entire constraint matrix: 0. Consequent tightenings: 0
		Number of bound notifications sent to PL constraints: 15963876. Tightenings proposed: 0
	--- Basis Factorization statistics ---
	Number of basis refactorizations: 33380
	--- Projected Steepest Edge Statistics ---
	Number of iterations: 3806132.
	Number of resets to reference space: 37227. Avg. iterations per reset: 102
	--- SBT ---
	Number of tightened bounds: 7365306
	--- SoI-based local search ---
	Number of proposed phase pattern update: 45693. Number of accepted update: 73030 [159.83%]
	Total time (% of local search time) updating SoI phase pattern : 5017121 milli [0.49%]
	Total time obtaining current assignment: 12881742 milli [1.26%]
	Total time getting SoI phase pattern : 2606637 milli [0.07%]
	--- Context dependent statistics ---
	Number of pushes / pops: 74231 / 74193
		[0.05%] Pre-Push hook: 1656 milli
		[0.00%] Push : 0 milli
		[0.05%] Post-Pop hook: 1660 milli
		[0.03%] Pop : 1146 milli
		[0.12%] Total context-switching time: 4464 milli
	--- Proof Certificate ---
	Number of certified leaves: 0
	Number of leaves to delegate: 0
	Number of lemmas: 0
Timeout
end run time: 13:01:36
DQN: Done solving. Time : 3600015 milli. 

