[821] processing ex_0822_label_0 …
start run time: 12:31:14
Network: /cs/labs/guykatz/maya.swisa/elbit/20_8/Marabou/resources/nnet/acasxu/ACASXU_experimental_v2a_1_1.nnet
Number of layers: 8. Input layer size: 5. Output layer size: 5. Number of ReLUs: 300
Total number of variables: 610
Property: /cs/labs/guykatz/maya.swisa/elbit/PROPERTY_1_08091/ex_0822_label_0/eps01.txt

Engine::processInputQuery: Input query (before preprocessing): 309 equations, 610 variables
Engine::processInputQuery: Input query (after preprocessing): 604 equations, 914 variables


Engine::solve: Initial statistics

12:31:14 Statistics update:
	--- Time Statistics ---
	Total time elapsed: 93 milli (00:00:00)
		Main loop: 0 milli (00:00:00)
		Preprocessing time: 57 milli (00:00:00)
		Unknown: 36 milli (00:00:00)
	Breakdown for main loop:
		[0.00%] Simplex steps: 0 milli
		[0.00%] Explicit-basis bound tightening: 0 milli
		[0.00%] Constraint-matrix bound tightening: 0 milli
		[0.00%] Degradation checking: 0 milli
		[0.00%] Precision restoration: 0 milli
		[0.00%] Statistics handling: 0 milli
		[0.00%] Constraint-fixing steps: 0 milli
		[0.00%] Valid case splits: 4 milli. Average per split: 0.00 milli
		[0.00%] Applying stored bound-tightening: 0 milli
		[0.00%] SMT core: 0 milli
		[0.00%] Symbolic Bound Tightening: 7 milli
		[0.00%] SoI-based local search: 0 milli
		[0.00%] SoI-based local search: 0 milli
		[0.00%] Unaccounted for: 0 milli
	--- Preprocessor Statistics ---
	Number of preprocessor bound-tightening loop iterations: 8
	Number of eliminated variables: 0
	Number of constraints removed due to variable elimination: 0
	Number of equations removed due to variable elimination: 0
	--- Engine Statistics ---
	Number of main loop iterations: 1
		0 iterations were simplex steps. Total time: 0 milli. Average: 0.00 milli.
		0 iterations were constraint-fixing steps. Total time: 0 milli. Average: 0.00 milli
	Number of active piecewise-linear constraints: 121 / 300
		Constraints disabled by valid splits: 179. By SMT-originated splits: 0
	Last reported degradation: 0.0000000000. Max degradation so far: 0.0000000000. Restorations so far: 0
	Number of simplex pivots we attempted to skip because of instability: 0.
	Unstable pivots performed anyway: 0
	--- Tableau Statistics ---
	Total number of pivots performed: 0
		Real pivots: 0. Degenerate: 0 (0.00%)
		Degenerate pivots by request (e.g., to fix a PL constraint): 0 (0.00%)
		Average time per pivot: 0.00 milli
	Total number of fake pivots performed: 0
	Total number of rows added: 0. Number of merged columns: 0
	Current tableau dimensions: M = 604, N = 1518
	--- SMT Core Statistics ---
	Total depth is 0. Total visited states: 1. Number of splits: 0. Number of pops: 0
	Max stack depth: 0
	--- Bound Tightening Statistics ---
	Number of tightened bounds: 0.
		Number of rows examined by row tightener: 0. Consequent tightenings: 0
		Number of explicit basis matrices examined by row tightener: 0. Consequent tightenings: 0
		Number of bound tightening rounds on the entire constraint matrix: 0. Consequent tightenings: 0
		Number of bound notifications sent to PL constraints: 1800. Tightenings proposed: 0
	--- Basis Factorization statistics ---
	Number of basis refactorizations: 2
	--- Projected Steepest Edge Statistics ---
	Number of iterations: 0.
	Number of resets to reference space: 1. Avg. iterations per reset: 0
	--- SBT ---
	Number of tightened bounds: 742
	--- SoI-based local search ---
	Number of proposed phase pattern update: 0. Number of accepted update: 0 [0.00%]
	Total time (% of local search time) updating SoI phase pattern : 0 milli [0.00%]
	Total time obtaining current assignment: 0 milli [0.00%]
	Total time getting SoI phase pattern : 0 milli [0.00%]
	--- Context dependent statistics ---
	Number of pushes / pops: 0 / 0
		[0.00%] Pre-Push hook: 0 milli
		[0.00%] Push : 0 milli
		[0.00%] Post-Pop hook: 0 milli
		[0.00%] Pop : 0 milli
		[0.00%] Total context-switching time: 0 milli
	--- Proof Certificate ---
	Number of certified leaves: 0
	Number of leaves to delegate: 0
	Number of lemmas: 0

---
start solving without an agent

Engine::solve: unsat query

12:31:18 Statistics update:
	--- Time Statistics ---
	Total time elapsed: 4829 milli (00:00:04)
		Main loop: 4734 milli (00:00:04)
		Preprocessing time: 57 milli (00:00:00)
		Unknown: 37 milli (00:00:00)
	Breakdown for main loop:
		[44.62%] Simplex steps: 2112 milli
		[19.22%] Explicit-basis bound tightening: 909 milli
		[0.00%] Constraint-matrix bound tightening: 0 milli
		[0.24%] Degradation checking: 11 milli
		[0.00%] Precision restoration: 0 milli
		[0.09%] Statistics handling: 4 milli
		[0.00%] Constraint-fixing steps: 0 milli
		[0.57%] Valid case splits: 26 milli. Average per split: 0.00 milli
		[0.03%] Applying stored bound-tightening: 1 milli
		[1.91%] SMT core: 90 milli
		[29.66%] Symbolic Bound Tightening: 1404 milli
		[29.66%] SoI-based local search: 1404 milli
		[0.00%] SoI-based local search: 0 milli
		[3.66%] Unaccounted for: 173 milli
	--- Preprocessor Statistics ---
	Number of preprocessor bound-tightening loop iterations: 8
	Number of eliminated variables: 0
	Number of constraints removed due to variable elimination: 0
	Number of equations removed due to variable elimination: 0
	--- Engine Statistics ---
	Number of main loop iterations: 4371
		4190 iterations were simplex steps. Total time: 2112 milli. Average: 0.50 milli.
		0 iterations were constraint-fixing steps. Total time: 0 milli. Average: 0.00 milli
	Number of active piecewise-linear constraints: 86 / 300
		Constraints disabled by valid splits: 214. By SMT-originated splits: 0
	Last reported degradation: 0.0000000079. Max degradation so far: 0.0000000079. Restorations so far: 0
	Number of simplex pivots we attempted to skip because of instability: 26.
	Unstable pivots performed anyway: 0
	--- Tableau Statistics ---
	Total number of pivots performed: 3601
		Real pivots: 3575. Degenerate: 26 (0.72%)
		Degenerate pivots by request (e.g., to fix a PL constraint): 0 (0.00%)
		Average time per pivot: 0.06 milli
	Total number of fake pivots performed: 288
	Total number of rows added: 0. Number of merged columns: 0
	Current tableau dimensions: M = 604, N = 1518
	--- SMT Core Statistics ---
	Total depth is 2. Total visited states: 128. Number of splits: 63. Number of pops: 64
	Max stack depth: 23
	--- Bound Tightening Statistics ---
	Number of tightened bounds: 22473.
		Number of rows examined by row tightener: 3601. Consequent tightenings: 208
		Number of explicit basis matrices examined by row tightener: 34. Consequent tightenings: 3019
		Number of bound tightening rounds on the entire constraint matrix: 0. Consequent tightenings: 0
		Number of bound notifications sent to PL constraints: 36555. Tightenings proposed: 0
	--- Basis Factorization statistics ---
	Number of basis refactorizations: 34
	--- Projected Steepest Edge Statistics ---
	Number of iterations: 3915.
	Number of resets to reference space: 64. Avg. iterations per reset: 61
	--- SBT ---
	Number of tightened bounds: 23215
	--- SoI-based local search ---
	Number of proposed phase pattern update: 83. Number of accepted update: 120 [144.58%]
	Total time (% of local search time) updating SoI phase pattern : 8959 milli [0.64%]
	Total time obtaining current assignment: 23568 milli [1.68%]
	Total time getting SoI phase pattern : 4072 milli [0.09%]
	--- Context dependent statistics ---
	Number of pushes / pops: 126 / 126
		[0.08%] Pre-Push hook: 3 milli
		[0.00%] Push : 0 milli
		[0.11%] Post-Pop hook: 5 milli
		[0.06%] Pop : 2 milli
		[0.24%] Total context-switching time: 11 milli
	--- Proof Certificate ---
	Number of certified leaves: 0
	Number of leaves to delegate: 0
	Number of lemmas: 0
unsat
end run time: 12:31:18
DQN: Done solving. Time : 4839 milli. 

start run time: 12:31:18
Network: /cs/labs/guykatz/maya.swisa/elbit/20_8/Marabou/resources/nnet/acasxu/ACASXU_experimental_v2a_1_1.nnet
Number of layers: 8. Input layer size: 5. Output layer size: 5. Number of ReLUs: 300
Total number of variables: 610
Property: /cs/labs/guykatz/maya.swisa/elbit/PROPERTY_1_08091/ex_0822_label_0/eps02.txt

Engine::processInputQuery: Input query (before preprocessing): 309 equations, 610 variables
Engine::processInputQuery: Input query (after preprocessing): 604 equations, 914 variables


Engine::solve: Initial statistics

12:31:18 Statistics update:
	--- Time Statistics ---
	Total time elapsed: 108 milli (00:00:00)
		Main loop: 0 milli (00:00:00)
		Preprocessing time: 44 milli (00:00:00)
		Unknown: 63 milli (00:00:00)
	Breakdown for main loop:
		[0.00%] Simplex steps: 0 milli
		[0.00%] Explicit-basis bound tightening: 0 milli
		[0.00%] Constraint-matrix bound tightening: 0 milli
		[0.00%] Degradation checking: 0 milli
		[0.00%] Precision restoration: 0 milli
		[0.00%] Statistics handling: 0 milli
		[0.00%] Constraint-fixing steps: 0 milli
		[0.00%] Valid case splits: 4 milli. Average per split: 0.00 milli
		[0.00%] Applying stored bound-tightening: 0 milli
		[0.00%] SMT core: 0 milli
		[0.00%] Symbolic Bound Tightening: 7 milli
		[0.00%] SoI-based local search: 0 milli
		[0.00%] SoI-based local search: 0 milli
		[0.00%] Unaccounted for: 0 milli
	--- Preprocessor Statistics ---
	Number of preprocessor bound-tightening loop iterations: 8
	Number of eliminated variables: 0
	Number of constraints removed due to variable elimination: 0
	Number of equations removed due to variable elimination: 0
	--- Engine Statistics ---
	Number of main loop iterations: 1
		0 iterations were simplex steps. Total time: 0 milli. Average: 0.00 milli.
		0 iterations were constraint-fixing steps. Total time: 0 milli. Average: 0.00 milli
	Number of active piecewise-linear constraints: 133 / 300
		Constraints disabled by valid splits: 167. By SMT-originated splits: 0
	Last reported degradation: 0.0000000000. Max degradation so far: 0.0000000000. Restorations so far: 0
	Number of simplex pivots we attempted to skip because of instability: 0.
	Unstable pivots performed anyway: 0
	--- Tableau Statistics ---
	Total number of pivots performed: 0
		Real pivots: 0. Degenerate: 0 (0.00%)
		Degenerate pivots by request (e.g., to fix a PL constraint): 0 (0.00%)
		Average time per pivot: 0.00 milli
	Total number of fake pivots performed: 0
	Total number of rows added: 0. Number of merged columns: 0
	Current tableau dimensions: M = 604, N = 1518
	--- SMT Core Statistics ---
	Total depth is 0. Total visited states: 1. Number of splits: 0. Number of pops: 0
	Max stack depth: 0
	--- Bound Tightening Statistics ---
	Number of tightened bounds: 0.
		Number of rows examined by row tightener: 0. Consequent tightenings: 0
		Number of explicit basis matrices examined by row tightener: 0. Consequent tightenings: 0
		Number of bound tightening rounds on the entire constraint matrix: 0. Consequent tightenings: 0
		Number of bound notifications sent to PL constraints: 1800. Tightenings proposed: 0
	--- Basis Factorization statistics ---
	Number of basis refactorizations: 2
	--- Projected Steepest Edge Statistics ---
	Number of iterations: 0.
	Number of resets to reference space: 1. Avg. iterations per reset: 0
	--- SBT ---
	Number of tightened bounds: 741
	--- SoI-based local search ---
	Number of proposed phase pattern update: 0. Number of accepted update: 0 [0.00%]
	Total time (% of local search time) updating SoI phase pattern : 0 milli [0.00%]
	Total time obtaining current assignment: 0 milli [0.00%]
	Total time getting SoI phase pattern : 0 milli [0.00%]
	--- Context dependent statistics ---
	Number of pushes / pops: 0 / 0
		[0.00%] Pre-Push hook: 0 milli
		[0.00%] Push : 0 milli
		[0.00%] Post-Pop hook: 0 milli
		[0.00%] Pop : 0 milli
		[0.00%] Total context-switching time: 0 milli
	--- Proof Certificate ---
	Number of certified leaves: 0
	Number of leaves to delegate: 0
	Number of lemmas: 0

---
start solving without an agent

Engine::solve: unsat query

12:32:07 Statistics update:
	--- Time Statistics ---
	Total time elapsed: 48248 milli (00:00:48)
		Main loop: 48124 milli (00:00:48)
		Preprocessing time: 44 milli (00:00:00)
		Unknown: 79 milli (00:00:00)
	Breakdown for main loop:
		[49.27%] Simplex steps: 23712 milli
		[20.40%] Explicit-basis bound tightening: 9816 milli
		[0.00%] Constraint-matrix bound tightening: 0 milli
		[0.26%] Degradation checking: 125 milli
		[0.00%] Precision restoration: 0 milli
		[0.11%] Statistics handling: 51 milli
		[0.00%] Constraint-fixing steps: 0 milli
		[0.26%] Valid case splits: 125 milli. Average per split: 0.00 milli
		[0.02%] Applying stored bound-tightening: 12 milli
		[1.62%] SMT core: 781 milli
		[24.19%] Symbolic Bound Tightening: 11640 milli
		[30.19%] SoI-based local search: 14528 milli
		[0.00%] SoI-based local search: 0 milli
		[3.86%] Unaccounted for: 1859 milli
	--- Preprocessor Statistics ---
	Number of preprocessor bound-tightening loop iterations: 8
	Number of eliminated variables: 0
	Number of constraints removed due to variable elimination: 0
	Number of equations removed due to variable elimination: 0
	--- Engine Statistics ---
	Number of main loop iterations: 46767
		45302 iterations were simplex steps. Total time: 23712 milli. Average: 0.52 milli.
		0 iterations were constraint-fixing steps. Total time: 0 milli. Average: 0.00 milli
	Number of active piecewise-linear constraints: 91 / 300
		Constraints disabled by valid splits: 209. By SMT-originated splits: 0
	Last reported degradation: 0.0000000000. Max degradation so far: 0.0000014439. Restorations so far: 0
	Number of simplex pivots we attempted to skip because of instability: 33.
	Unstable pivots performed anyway: 4
	--- Tableau Statistics ---
	Total number of pivots performed: 39686
		Real pivots: 39480. Degenerate: 206 (0.52%)
		Degenerate pivots by request (e.g., to fix a PL constraint): 0 (0.00%)
		Average time per pivot: 0.07 milli
	Total number of fake pivots performed: 2727
	Total number of rows added: 0. Number of merged columns: 0
	Current tableau dimensions: M = 604, N = 1518
	--- SMT Core Statistics ---
	Total depth is 2. Total visited states: 1064. Number of splits: 531. Number of pops: 532
	Max stack depth: 32
	--- Bound Tightening Statistics ---
	Number of tightened bounds: 135013.
		Number of rows examined by row tightener: 39686. Consequent tightenings: 5281
		Number of explicit basis matrices examined by row tightener: 349. Consequent tightenings: 30996
		Number of bound tightening rounds on the entire constraint matrix: 0. Consequent tightenings: 0
		Number of bound notifications sent to PL constraints: 244990. Tightenings proposed: 0
	--- Basis Factorization statistics ---
	Number of basis refactorizations: 359
	--- Projected Steepest Edge Statistics ---
	Number of iterations: 42442.
	Number of resets to reference space: 532. Avg. iterations per reset: 79
	--- SBT ---
	Number of tightened bounds: 135754
	--- SoI-based local search ---
	Number of proposed phase pattern update: 691. Number of accepted update: 1021 [147.76%]
	Total time (% of local search time) updating SoI phase pattern : 83716 milli [0.58%]
	Total time obtaining current assignment: 217196 milli [1.49%]
	Total time getting SoI phase pattern : 38097 milli [0.08%]
	--- Context dependent statistics ---
	Number of pushes / pops: 1062 / 1062
		[0.06%] Pre-Push hook: 29 milli
		[0.00%] Push : 0 milli
		[0.08%] Post-Pop hook: 40 milli
		[0.04%] Pop : 18 milli
		[0.18%] Total context-switching time: 88 milli
	--- Proof Certificate ---
	Number of certified leaves: 0
	Number of leaves to delegate: 0
	Number of lemmas: 0
unsat
end run time: 12:32:07
DQN: Done solving. Time : 48255 milli. 

start run time: 12:32:07
Network: /cs/labs/guykatz/maya.swisa/elbit/20_8/Marabou/resources/nnet/acasxu/ACASXU_experimental_v2a_1_1.nnet
Number of layers: 8. Input layer size: 5. Output layer size: 5. Number of ReLUs: 300
Total number of variables: 610
Property: /cs/labs/guykatz/maya.swisa/elbit/PROPERTY_1_08091/ex_0822_label_0/eps03.txt

Engine::processInputQuery: Input query (before preprocessing): 309 equations, 610 variables
Engine::processInputQuery: Input query (after preprocessing): 604 equations, 914 variables


Engine::solve: Initial statistics

12:32:07 Statistics update:
	--- Time Statistics ---
	Total time elapsed: 100 milli (00:00:00)
		Main loop: 0 milli (00:00:00)
		Preprocessing time: 45 milli (00:00:00)
		Unknown: 54 milli (00:00:00)
	Breakdown for main loop:
		[0.00%] Simplex steps: 0 milli
		[0.00%] Explicit-basis bound tightening: 0 milli
		[0.00%] Constraint-matrix bound tightening: 0 milli
		[0.00%] Degradation checking: 0 milli
		[0.00%] Precision restoration: 0 milli
		[0.00%] Statistics handling: 0 milli
		[0.00%] Constraint-fixing steps: 0 milli
		[0.00%] Valid case splits: 3 milli. Average per split: 0.00 milli
		[0.00%] Applying stored bound-tightening: 0 milli
		[0.00%] SMT core: 0 milli
		[0.00%] Symbolic Bound Tightening: 8 milli
		[0.00%] SoI-based local search: 0 milli
		[0.00%] SoI-based local search: 0 milli
		[0.00%] Unaccounted for: 0 milli
	--- Preprocessor Statistics ---
	Number of preprocessor bound-tightening loop iterations: 8
	Number of eliminated variables: 0
	Number of constraints removed due to variable elimination: 0
	Number of equations removed due to variable elimination: 0
	--- Engine Statistics ---
	Number of main loop iterations: 1
		0 iterations were simplex steps. Total time: 0 milli. Average: 0.00 milli.
		0 iterations were constraint-fixing steps. Total time: 0 milli. Average: 0.00 milli
	Number of active piecewise-linear constraints: 153 / 300
		Constraints disabled by valid splits: 147. By SMT-originated splits: 0
	Last reported degradation: 0.0000000000. Max degradation so far: 0.0000000000. Restorations so far: 0
	Number of simplex pivots we attempted to skip because of instability: 0.
	Unstable pivots performed anyway: 0
	--- Tableau Statistics ---
	Total number of pivots performed: 0
		Real pivots: 0. Degenerate: 0 (0.00%)
		Degenerate pivots by request (e.g., to fix a PL constraint): 0 (0.00%)
		Average time per pivot: 0.00 milli
	Total number of fake pivots performed: 0
	Total number of rows added: 0. Number of merged columns: 0
	Current tableau dimensions: M = 604, N = 1518
	--- SMT Core Statistics ---
	Total depth is 0. Total visited states: 1. Number of splits: 0. Number of pops: 0
	Max stack depth: 0
	--- Bound Tightening Statistics ---
	Number of tightened bounds: 0.
		Number of rows examined by row tightener: 0. Consequent tightenings: 0
		Number of explicit basis matrices examined by row tightener: 0. Consequent tightenings: 0
		Number of bound tightening rounds on the entire constraint matrix: 0. Consequent tightenings: 0
		Number of bound notifications sent to PL constraints: 1800. Tightenings proposed: 0
	--- Basis Factorization statistics ---
	Number of basis refactorizations: 2
	--- Projected Steepest Edge Statistics ---
	Number of iterations: 0.
	Number of resets to reference space: 1. Avg. iterations per reset: 0
	--- SBT ---
	Number of tightened bounds: 739
	--- SoI-based local search ---
	Number of proposed phase pattern update: 0. Number of accepted update: 0 [0.00%]
	Total time (% of local search time) updating SoI phase pattern : 0 milli [0.00%]
	Total time obtaining current assignment: 0 milli [0.00%]
	Total time getting SoI phase pattern : 0 milli [0.00%]
	--- Context dependent statistics ---
	Number of pushes / pops: 0 / 0
		[0.00%] Pre-Push hook: 0 milli
		[0.00%] Push : 0 milli
		[0.00%] Post-Pop hook: 0 milli
		[0.00%] Pop : 0 milli
		[0.00%] Total context-switching time: 0 milli
	--- Proof Certificate ---
	Number of certified leaves: 0
	Number of leaves to delegate: 0
	Number of lemmas: 0

---
start solving without an agent

Engine::solve: unsat query

12:32:23 Statistics update:
	--- Time Statistics ---
	Total time elapsed: 16475 milli (00:00:16)
		Main loop: 16369 milli (00:00:16)
		Preprocessing time: 45 milli (00:00:00)
		Unknown: 60 milli (00:00:00)
	Breakdown for main loop:
		[52.63%] Simplex steps: 8615 milli
		[18.35%] Explicit-basis bound tightening: 3003 milli
		[0.00%] Constraint-matrix bound tightening: 0 milli
		[0.27%] Degradation checking: 44 milli
		[0.00%] Precision restoration: 0 milli
		[0.11%] Statistics handling: 17 milli
		[0.00%] Constraint-fixing steps: 0 milli
		[0.26%] Valid case splits: 42 milli. Average per split: 0.00 milli
		[0.02%] Applying stored bound-tightening: 3 milli
		[1.54%] SMT core: 252 milli
		[23.44%] Symbolic Bound Tightening: 3837 milli
		[34.40%] SoI-based local search: 5631 milli
		[0.00%] SoI-based local search: 0 milli
		[3.38%] Unaccounted for: 552 milli
	--- Preprocessor Statistics ---
	Number of preprocessor bound-tightening loop iterations: 8
	Number of eliminated variables: 0
	Number of constraints removed due to variable elimination: 0
	Number of equations removed due to variable elimination: 0
	--- Engine Statistics ---
	Number of main loop iterations: 15764
		15287 iterations were simplex steps. Total time: 8615 milli. Average: 0.56 milli.
		0 iterations were constraint-fixing steps. Total time: 0 milli. Average: 0.00 milli
	Number of active piecewise-linear constraints: 124 / 300
		Constraints disabled by valid splits: 176. By SMT-originated splits: 0
	Last reported degradation: 0.0000028623. Max degradation so far: 0.0000060267. Restorations so far: 0
	Number of simplex pivots we attempted to skip because of instability: 1.
	Unstable pivots performed anyway: 0
	--- Tableau Statistics ---
	Total number of pivots performed: 13667
		Real pivots: 13624. Degenerate: 43 (0.31%)
		Degenerate pivots by request (e.g., to fix a PL constraint): 0 (0.00%)
		Average time per pivot: 0.07 milli
	Total number of fake pivots performed: 691
	Total number of rows added: 0. Number of merged columns: 0
	Current tableau dimensions: M = 604, N = 1518
	--- SMT Core Statistics ---
	Total depth is 2. Total visited states: 346. Number of splits: 172. Number of pops: 173
	Max stack depth: 19
	--- Bound Tightening Statistics ---
	Number of tightened bounds: 49394.
		Number of rows examined by row tightener: 13667. Consequent tightenings: 2052
		Number of explicit basis matrices examined by row tightener: 103. Consequent tightenings: 7016
		Number of bound tightening rounds on the entire constraint matrix: 0. Consequent tightenings: 0
		Number of bound notifications sent to PL constraints: 92146. Tightenings proposed: 0
	--- Basis Factorization statistics ---
	Number of basis refactorizations: 125
	--- Projected Steepest Edge Statistics ---
	Number of iterations: 14359.
	Number of resets to reference space: 174. Avg. iterations per reset: 82
	--- SBT ---
	Number of tightened bounds: 50133
	--- SoI-based local search ---
	Number of proposed phase pattern update: 222. Number of accepted update: 331 [149.10%]
	Total time (% of local search time) updating SoI phase pattern : 27199 milli [0.48%]
	Total time obtaining current assignment: 67785 milli [1.20%]
	Total time getting SoI phase pattern : 12126 milli [0.07%]
	--- Context dependent statistics ---
	Number of pushes / pops: 344 / 344
		[0.06%] Pre-Push hook: 9 milli
		[0.00%] Push : 0 milli
		[0.08%] Post-Pop hook: 12 milli
		[0.04%] Pop : 5 milli
		[0.17%] Total context-switching time: 27 milli
	--- Proof Certificate ---
	Number of certified leaves: 0
	Number of leaves to delegate: 0
	Number of lemmas: 0
unsat
end run time: 12:32:23
DQN: Done solving. Time : 16483 milli. 

