[802] processing ex_0803_label_0 …
start run time: 16:31:38
Network: /cs/labs/guykatz/maya.swisa/elbit/24_6/Marabou/resources/nnet/acasxu/ACASXU_experimental_v2a_1_1.nnet
Number of layers: 8. Input layer size: 5. Output layer size: 5. Number of ReLUs: 300
Total number of variables: 610
Property: /cs/labs/guykatz/maya.swisa/elbit/PROPERTY_1_08091/ex_0803_label_0/eps01.txt

Engine::processInputQuery: Input query (before preprocessing): 309 equations, 610 variables
Engine::processInputQuery: Input query (after preprocessing): 604 equations, 914 variables


Engine::solve: Initial statistics

16:31:38 Statistics update:
	--- Time Statistics ---
	Total time elapsed: 85 milli (00:00:00)
		Main loop: 0 milli (00:00:00)
		Preprocessing time: 54 milli (00:00:00)
		Unknown: 30 milli (00:00:00)
	Breakdown for main loop:
		[0.00%] Simplex steps: 0 milli
		[0.00%] Explicit-basis bound tightening: 0 milli
		[0.00%] Constraint-matrix bound tightening: 0 milli
		[0.00%] Degradation checking: 0 milli
		[0.00%] Precision restoration: 0 milli
		[0.00%] Statistics handling: 0 milli
		[0.00%] Constraint-fixing steps: 0 milli
		[0.00%] Valid case splits: 2 milli. Average per split: 0.00 milli
		[0.00%] Applying stored bound-tightening: 0 milli
		[0.00%] SMT core: 0 milli
		[0.00%] Symbolic Bound Tightening: 7 milli
		[0.00%] SoI-based local search: 0 milli
		[0.00%] SoI-based local search: 0 milli
		[0.00%] Unaccounted for: 0 milli
	--- Preprocessor Statistics ---
	Number of preprocessor bound-tightening loop iterations: 8
	Number of eliminated variables: 0
	Number of constraints removed due to variable elimination: 0
	Number of equations removed due to variable elimination: 0
	--- Engine Statistics ---
	Number of main loop iterations: 1
		0 iterations were simplex steps. Total time: 0 milli. Average: 0.00 milli.
		0 iterations were constraint-fixing steps. Total time: 0 milli. Average: 0.00 milli
	Number of active piecewise-linear constraints: 197 / 300
		Constraints disabled by valid splits: 103. By SMT-originated splits: 0
	Last reported degradation: 0.0000000000. Max degradation so far: 0.0000000000. Restorations so far: 0
	Number of simplex pivots we attempted to skip because of instability: 0.
	Unstable pivots performed anyway: 0
	--- Tableau Statistics ---
	Total number of pivots performed: 0
		Real pivots: 0. Degenerate: 0 (0.00%)
		Degenerate pivots by request (e.g., to fix a PL constraint): 0 (0.00%)
		Average time per pivot: 0.00 milli
	Total number of fake pivots performed: 0
	Total number of rows added: 0. Number of merged columns: 0
	Current tableau dimensions: M = 604, N = 1518
	--- SMT Core Statistics ---
	Total depth is 0. Total visited states: 1. Number of splits: 0. Number of pops: 0
	Max stack depth: 0
	--- Bound Tightening Statistics ---
	Number of tightened bounds: 0.
		Number of rows examined by row tightener: 0. Consequent tightenings: 0
		Number of explicit basis matrices examined by row tightener: 0. Consequent tightenings: 0
		Number of bound tightening rounds on the entire constraint matrix: 0. Consequent tightenings: 0
		Number of bound notifications sent to PL constraints: 1800. Tightenings proposed: 0
	--- Basis Factorization statistics ---
	Number of basis refactorizations: 2
	--- Projected Steepest Edge Statistics ---
	Number of iterations: 0.
	Number of resets to reference space: 1. Avg. iterations per reset: 0
	--- SBT ---
	Number of tightened bounds: 729
	--- SoI-based local search ---
	Number of proposed phase pattern update: 0. Number of accepted update: 0 [0.00%]
	Total time (% of local search time) updating SoI phase pattern : 0 milli [0.00%]
	Total time obtaining current assignment: 0 milli [0.00%]
	Total time getting SoI phase pattern : 0 milli [0.00%]
	--- Context dependent statistics ---
	Number of pushes / pops: 0 / 0
		[0.00%] Pre-Push hook: 0 milli
		[0.00%] Push : 0 milli
		[0.00%] Post-Pop hook: 0 milli
		[0.00%] Pop : 0 milli
		[0.00%] Total context-switching time: 0 milli
	--- Proof Certificate ---
	Number of certified leaves: 0
	Number of leaves to delegate: 0
	Number of lemmas: 0

---
Performing precision restoration. Degradation before: 0.001945364001827. After: 0.000000000000135
Performing precision restoration. Degradation before: 0.001148363557500. After: 0.000000000000137
MalformedBasisException caught!
Performing precision restoration. Degradation before: 0.000000001948318. After: 0.000000000000050
Performing precision restoration. Degradation before: 0.071776322668977. After: 0.000000000000174
Performing precision restoration. Degradation before: 0.000954448561421. After: 0.000000000000196
Performing precision restoration. Degradation before: 0.060738297342824. After: 0.000000000000095
Performing precision restoration. Degradation before: 0.000332345833116. After: 0.000000000000233
Performing precision restoration. Degradation before: 0.000011326608151. After: 0.000000000000251
Performing precision restoration. Degradation before: 0.079773328025706. After: 0.000000000000190
MalformedBasisException caught!
Performing precision restoration. Degradation before: 0.000000026717406. After: 0.000000000000052
Performing precision restoration. Degradation before: 0.000001157596554. After: 0.000000000000156
Performing precision restoration. Degradation before: 0.000791992685528. After: 0.000000000002548
Performing precision restoration. Degradation before: 0.000003730082370. After: 0.000000000001210
Performing precision restoration. Degradation before: 0.000054035863219. After: 0.000000000000234
Performing precision restoration. Degradation before: 0.000000739930735. After: 0.000000000000112
High degradation found!
Performing precision restoration. Degradation before: 0.115771885799686. After: 0.000000000000189
Performing precision restoration. Degradation before: 0.002481131016246. After: 0.000000000000122
Performing precision restoration. Degradation before: 0.000299928191515. After: 0.000000000000464


Engine: quitting due to timeout...

Final statistics:

17:31:38 Statistics update:
	--- Time Statistics ---
	Total time elapsed: 3600005 milli (01:00:00)
		Main loop: 3598928 milli (00:59:58)
		Preprocessing time: 54 milli (00:00:00)
		Unknown: 1022 milli (00:00:01)
	Breakdown for main loop:
		[48.82%] Simplex steps: 1757090 milli
		[25.79%] Explicit-basis bound tightening: 928242 milli
		[0.00%] Constraint-matrix bound tightening: 0 milli
		[0.20%] Degradation checking: 7161 milli
		[0.01%] Precision restoration: 188 milli
		[0.08%] Statistics handling: 2830 milli
		[0.00%] Constraint-fixing steps: 0 milli
		[0.10%] Valid case splits: 3667 milli. Average per split: 0.00 milli
		[0.02%] Applying stored bound-tightening: 771 milli
		[1.42%] SMT core: 51238 milli
		[17.64%] Symbolic Bound Tightening: 634726 milli
		[26.51%] SoI-based local search: 954034 milli
		[0.00%] SoI-based local search: 0 milli
		[5.92%] Unaccounted for: 213010 milli
	--- Preprocessor Statistics ---
	Number of preprocessor bound-tightening loop iterations: 8
	Number of eliminated variables: 0
	Number of constraints removed due to variable elimination: 0
	Number of equations removed due to variable elimination: 0
	--- Engine Statistics ---
	Number of main loop iterations: 2799817
		2716047 iterations were simplex steps. Total time: 1757090 milli. Average: 0.65 milli.
		0 iterations were constraint-fixing steps. Total time: 0 milli. Average: 0.00 milli
	Number of active piecewise-linear constraints: 56 / 300
		Constraints disabled by valid splits: 200. By SMT-originated splits: 44
	Last reported degradation: 0.0000002356. Max degradation so far: 0.1157718858. Restorations so far: 18
	Number of simplex pivots we attempted to skip because of instability: 579.
	Unstable pivots performed anyway: 19
	--- Tableau Statistics ---
	Total number of pivots performed: 2399219
		Real pivots: 2392219. Degenerate: 7000 (0.29%)
		Degenerate pivots by request (e.g., to fix a PL constraint): 0 (0.00%)
		Average time per pivot: 0.08 milli
	Total number of fake pivots performed: 120211
	Total number of rows added: 0. Number of merged columns: 0
	Current tableau dimensions: M = 604, N = 1518
	--- SMT Core Statistics ---
	Total depth is 48. Total visited states: 68999. Number of splits: 34522. Number of pops: 34476
	Max stack depth: 87
	--- Bound Tightening Statistics ---
	Number of tightened bounds: 9400211.
		Number of rows examined by row tightener: 2399219. Consequent tightenings: 467588
		Number of explicit basis matrices examined by row tightener: 21290. Consequent tightenings: 2267668
		Number of bound tightening rounds on the entire constraint matrix: 0. Consequent tightenings: 0
		Number of bound notifications sent to PL constraints: 19494235. Tightenings proposed: 0
	--- Basis Factorization statistics ---
	Number of basis refactorizations: 20109
	--- Projected Steepest Edge Statistics ---
	Number of iterations: 2519990.
	Number of resets to reference space: 34665. Avg. iterations per reset: 72
	--- SBT ---
	Number of tightened bounds: 9346292
	--- SoI-based local search ---
	Number of proposed phase pattern update: 41498. Number of accepted update: 68167 [164.27%]
	Total time (% of local search time) updating SoI phase pattern : 5181553 milli [0.54%]
	Total time obtaining current assignment: 14431720 milli [1.51%]
	Total time getting SoI phase pattern : 2328755 milli [0.06%]
	--- Context dependent statistics ---
	Number of pushes / pops: 69002 / 68954
		[0.05%] Pre-Push hook: 1730 milli
		[0.00%] Push : 0 milli
		[0.05%] Post-Pop hook: 1869 milli
		[0.03%] Pop : 1079 milli
		[0.13%] Total context-switching time: 4679 milli
	--- Proof Certificate ---
	Number of certified leaves: 0
	Number of leaves to delegate: 0
	Number of lemmas: 0
Timeout
end run time: 17:31:38
DQN: Done solving. Time : 3600029 milli. 

start run time: 17:31:38
Network: /cs/labs/guykatz/maya.swisa/elbit/24_6/Marabou/resources/nnet/acasxu/ACASXU_experimental_v2a_1_1.nnet
Number of layers: 8. Input layer size: 5. Output layer size: 5. Number of ReLUs: 300
Total number of variables: 610
Property: /cs/labs/guykatz/maya.swisa/elbit/PROPERTY_1_08091/ex_0803_label_0/eps02.txt

Engine::processInputQuery: Input query (before preprocessing): 309 equations, 610 variables
Engine::processInputQuery: Input query (after preprocessing): 604 equations, 914 variables


Engine::solve: Initial statistics

17:31:38 Statistics update:
	--- Time Statistics ---
	Total time elapsed: 75 milli (00:00:00)
		Main loop: 0 milli (00:00:00)
		Preprocessing time: 43 milli (00:00:00)
		Unknown: 32 milli (00:00:00)
	Breakdown for main loop:
		[0.00%] Simplex steps: 0 milli
		[0.00%] Explicit-basis bound tightening: 0 milli
		[0.00%] Constraint-matrix bound tightening: 0 milli
		[0.00%] Degradation checking: 0 milli
		[0.00%] Precision restoration: 0 milli
		[0.00%] Statistics handling: 0 milli
		[0.00%] Constraint-fixing steps: 0 milli
		[0.00%] Valid case splits: 2 milli. Average per split: 0.00 milli
		[0.00%] Applying stored bound-tightening: 0 milli
		[0.00%] SMT core: 0 milli
		[0.00%] Symbolic Bound Tightening: 7 milli
		[0.00%] SoI-based local search: 0 milli
		[0.00%] SoI-based local search: 0 milli
		[0.00%] Unaccounted for: 0 milli
	--- Preprocessor Statistics ---
	Number of preprocessor bound-tightening loop iterations: 8
	Number of eliminated variables: 0
	Number of constraints removed due to variable elimination: 0
	Number of equations removed due to variable elimination: 0
	--- Engine Statistics ---
	Number of main loop iterations: 1
		0 iterations were simplex steps. Total time: 0 milli. Average: 0.00 milli.
		0 iterations were constraint-fixing steps. Total time: 0 milli. Average: 0.00 milli
	Number of active piecewise-linear constraints: 208 / 300
		Constraints disabled by valid splits: 92. By SMT-originated splits: 0
	Last reported degradation: 0.0000000000. Max degradation so far: 0.0000000000. Restorations so far: 0
	Number of simplex pivots we attempted to skip because of instability: 0.
	Unstable pivots performed anyway: 0
	--- Tableau Statistics ---
	Total number of pivots performed: 0
		Real pivots: 0. Degenerate: 0 (0.00%)
		Degenerate pivots by request (e.g., to fix a PL constraint): 0 (0.00%)
		Average time per pivot: 0.00 milli
	Total number of fake pivots performed: 0
	Total number of rows added: 0. Number of merged columns: 0
	Current tableau dimensions: M = 604, N = 1518
	--- SMT Core Statistics ---
	Total depth is 0. Total visited states: 1. Number of splits: 0. Number of pops: 0
	Max stack depth: 0
	--- Bound Tightening Statistics ---
	Number of tightened bounds: 0.
		Number of rows examined by row tightener: 0. Consequent tightenings: 0
		Number of explicit basis matrices examined by row tightener: 0. Consequent tightenings: 0
		Number of bound tightening rounds on the entire constraint matrix: 0. Consequent tightenings: 0
		Number of bound notifications sent to PL constraints: 1800. Tightenings proposed: 0
	--- Basis Factorization statistics ---
	Number of basis refactorizations: 2
	--- Projected Steepest Edge Statistics ---
	Number of iterations: 0.
	Number of resets to reference space: 1. Avg. iterations per reset: 0
	--- SBT ---
	Number of tightened bounds: 729
	--- SoI-based local search ---
	Number of proposed phase pattern update: 0. Number of accepted update: 0 [0.00%]
	Total time (% of local search time) updating SoI phase pattern : 0 milli [0.00%]
	Total time obtaining current assignment: 0 milli [0.00%]
	Total time getting SoI phase pattern : 0 milli [0.00%]
	--- Context dependent statistics ---
	Number of pushes / pops: 0 / 0
		[0.00%] Pre-Push hook: 0 milli
		[0.00%] Push : 0 milli
		[0.00%] Post-Pop hook: 0 milli
		[0.00%] Pop : 0 milli
		[0.00%] Total context-switching time: 0 milli
	--- Proof Certificate ---
	Number of certified leaves: 0
	Number of leaves to delegate: 0
	Number of lemmas: 0

---
MalformedBasisException caught!
Performing precision restoration. Degradation before: 0.000000236672741. After: 0.000000000000064
High degradation found!
Performing precision restoration. Degradation before: 0.149518945196868. After: 0.000000000000150
Performing precision restoration. Degradation before: 0.000920195277726. After: 0.000000000000122
Performing precision restoration. Degradation before: 0.000211931954939. After: 0.000000000000138
Performing precision restoration. Degradation before: 0.000775435962111. After: 0.000000000000255
Performing precision restoration. Degradation before: 0.000024052484648. After: 0.000000000000863
High degradation found!
Performing precision restoration. Degradation before: 0.101408337073533. After: 0.000000000000124
Performing precision restoration. Degradation before: 0.002806176542014. After: 0.000000000000201
Performing precision restoration. Degradation before: 0.000125922318575. After: 0.000000000000094
Performing precision restoration. Degradation before: 0.003751395946316. After: 0.000000000000140
Performing precision restoration. Degradation before: 0.000204536704634. After: 0.000000000000171
Performing precision restoration. Degradation before: 0.001596154765269. After: 0.000000000000132
Performing precision restoration. Degradation before: 0.000122352551604. After: 0.000000000000402


Engine: quitting due to timeout...

Final statistics:

18:31:38 Statistics update:
	--- Time Statistics ---
	Total time elapsed: 3600025 milli (01:00:00)
		Main loop: 3598940 milli (00:59:58)
		Preprocessing time: 43 milli (00:00:00)
		Unknown: 1041 milli (00:00:01)
	Breakdown for main loop:
		[48.34%] Simplex steps: 1739601 milli
		[23.49%] Explicit-basis bound tightening: 845307 milli
		[0.00%] Constraint-matrix bound tightening: 0 milli
		[0.20%] Degradation checking: 7354 milli
		[0.00%] Precision restoration: 128 milli
		[0.09%] Statistics handling: 3237 milli
		[0.00%] Constraint-fixing steps: 0 milli
		[0.12%] Valid case splits: 4316 milli. Average per split: 0.00 milli
		[0.02%] Applying stored bound-tightening: 843 milli
		[1.39%] SMT core: 50093 milli
		[20.58%] Symbolic Bound Tightening: 740496 milli
		[28.28%] SoI-based local search: 1017695 milli
		[0.00%] SoI-based local search: 0 milli
		[5.77%] Unaccounted for: 207560 milli
	--- Preprocessor Statistics ---
	Number of preprocessor bound-tightening loop iterations: 8
	Number of eliminated variables: 0
	Number of constraints removed due to variable elimination: 0
	Number of equations removed due to variable elimination: 0
	--- Engine Statistics ---
	Number of main loop iterations: 2928379
		2831333 iterations were simplex steps. Total time: 1739601 milli. Average: 0.61 milli.
		0 iterations were constraint-fixing steps. Total time: 0 milli. Average: 0.00 milli
	Number of active piecewise-linear constraints: 67 / 300
		Constraints disabled by valid splits: 190. By SMT-originated splits: 43
	Last reported degradation: 0.0000000000. Max degradation so far: 0.1495189452. Restorations so far: 13
	Number of simplex pivots we attempted to skip because of instability: 500.
	Unstable pivots performed anyway: 15
	--- Tableau Statistics ---
	Total number of pivots performed: 2458365
		Real pivots: 2449026. Degenerate: 9339 (0.38%)
		Degenerate pivots by request (e.g., to fix a PL constraint): 0 (0.00%)
		Average time per pivot: 0.07 milli
	Total number of fake pivots performed: 143647
	Total number of rows added: 0. Number of merged columns: 0
	Current tableau dimensions: M = 604, N = 1518
	--- SMT Core Statistics ---
	Total depth is 47. Total visited states: 80405. Number of splits: 40226. Number of pops: 40178
	Max stack depth: 88
	--- Bound Tightening Statistics ---
	Number of tightened bounds: 11838580.
		Number of rows examined by row tightener: 2458365. Consequent tightenings: 533917
		Number of explicit basis matrices examined by row tightener: 22288. Consequent tightenings: 2751455
		Number of bound tightening rounds on the entire constraint matrix: 0. Consequent tightenings: 0
		Number of bound notifications sent to PL constraints: 23918345. Tightenings proposed: 0
	--- Basis Factorization statistics ---
	Number of basis refactorizations: 20759
	--- Projected Steepest Edge Statistics ---
	Number of iterations: 2602497.
	Number of resets to reference space: 40324. Avg. iterations per reset: 64
	--- SBT ---
	Number of tightened bounds: 11799841
	--- SoI-based local search ---
	Number of proposed phase pattern update: 48121. Number of accepted update: 79581 [165.38%]
	Total time (% of local search time) updating SoI phase pattern : 5697447 milli [0.56%]
	Total time obtaining current assignment: 15609414 milli [1.53%]
	Total time getting SoI phase pattern : 2688623 milli [0.07%]
	--- Context dependent statistics ---
	Number of pushes / pops: 80413 / 80366
		[0.05%] Pre-Push hook: 1846 milli
		[0.00%] Push : 0 milli
		[0.06%] Post-Pop hook: 2117 milli
		[0.03%] Pop : 1179 milli
		[0.14%] Total context-switching time: 5143 milli
	--- Proof Certificate ---
	Number of certified leaves: 0
	Number of leaves to delegate: 0
	Number of lemmas: 0
Timeout
end run time: 18:31:38
DQN: Done solving. Time : 3600045 milli. 

start run time: 18:31:38
Network: /cs/labs/guykatz/maya.swisa/elbit/24_6/Marabou/resources/nnet/acasxu/ACASXU_experimental_v2a_1_1.nnet
Number of layers: 8. Input layer size: 5. Output layer size: 5. Number of ReLUs: 300
Total number of variables: 610
Property: /cs/labs/guykatz/maya.swisa/elbit/PROPERTY_1_08091/ex_0803_label_0/eps03.txt

Engine::processInputQuery: Input query (before preprocessing): 309 equations, 610 variables
Engine::processInputQuery: Input query (after preprocessing): 604 equations, 914 variables


Engine::solve: Initial statistics

18:31:38 Statistics update:
	--- Time Statistics ---
	Total time elapsed: 65 milli (00:00:00)
		Main loop: 0 milli (00:00:00)
		Preprocessing time: 44 milli (00:00:00)
		Unknown: 21 milli (00:00:00)
	Breakdown for main loop:
		[0.00%] Simplex steps: 0 milli
		[0.00%] Explicit-basis bound tightening: 0 milli
		[0.00%] Constraint-matrix bound tightening: 0 milli
		[0.00%] Degradation checking: 0 milli
		[0.00%] Precision restoration: 0 milli
		[0.00%] Statistics handling: 0 milli
		[0.00%] Constraint-fixing steps: 0 milli
		[0.00%] Valid case splits: 2 milli. Average per split: 0.00 milli
		[0.00%] Applying stored bound-tightening: 0 milli
		[0.00%] SMT core: 0 milli
		[0.00%] Symbolic Bound Tightening: 7 milli
		[0.00%] SoI-based local search: 0 milli
		[0.00%] SoI-based local search: 0 milli
		[0.00%] Unaccounted for: 0 milli
	--- Preprocessor Statistics ---
	Number of preprocessor bound-tightening loop iterations: 8
	Number of eliminated variables: 0
	Number of constraints removed due to variable elimination: 0
	Number of equations removed due to variable elimination: 0
	--- Engine Statistics ---
	Number of main loop iterations: 1
		0 iterations were simplex steps. Total time: 0 milli. Average: 0.00 milli.
		0 iterations were constraint-fixing steps. Total time: 0 milli. Average: 0.00 milli
	Number of active piecewise-linear constraints: 213 / 300
		Constraints disabled by valid splits: 87. By SMT-originated splits: 0
	Last reported degradation: 0.0000000000. Max degradation so far: 0.0000000000. Restorations so far: 0
	Number of simplex pivots we attempted to skip because of instability: 0.
	Unstable pivots performed anyway: 0
	--- Tableau Statistics ---
	Total number of pivots performed: 0
		Real pivots: 0. Degenerate: 0 (0.00%)
		Degenerate pivots by request (e.g., to fix a PL constraint): 0 (0.00%)
		Average time per pivot: 0.00 milli
	Total number of fake pivots performed: 0
	Total number of rows added: 0. Number of merged columns: 0
	Current tableau dimensions: M = 604, N = 1518
	--- SMT Core Statistics ---
	Total depth is 0. Total visited states: 1. Number of splits: 0. Number of pops: 0
	Max stack depth: 0
	--- Bound Tightening Statistics ---
	Number of tightened bounds: 0.
		Number of rows examined by row tightener: 0. Consequent tightenings: 0
		Number of explicit basis matrices examined by row tightener: 0. Consequent tightenings: 0
		Number of bound tightening rounds on the entire constraint matrix: 0. Consequent tightenings: 0
		Number of bound notifications sent to PL constraints: 1800. Tightenings proposed: 0
	--- Basis Factorization statistics ---
	Number of basis refactorizations: 2
	--- Projected Steepest Edge Statistics ---
	Number of iterations: 0.
	Number of resets to reference space: 1. Avg. iterations per reset: 0
	--- SBT ---
	Number of tightened bounds: 729
	--- SoI-based local search ---
	Number of proposed phase pattern update: 0. Number of accepted update: 0 [0.00%]
	Total time (% of local search time) updating SoI phase pattern : 0 milli [0.00%]
	Total time obtaining current assignment: 0 milli [0.00%]
	Total time getting SoI phase pattern : 0 milli [0.00%]
	--- Context dependent statistics ---
	Number of pushes / pops: 0 / 0
		[0.00%] Pre-Push hook: 0 milli
		[0.00%] Push : 0 milli
		[0.00%] Post-Pop hook: 0 milli
		[0.00%] Pop : 0 milli
		[0.00%] Total context-switching time: 0 milli
	--- Proof Certificate ---
	Number of certified leaves: 0
	Number of leaves to delegate: 0
	Number of lemmas: 0

---
Performing precision restoration. Degradation before: 0.000029723066242. After: 0.000000000000421
Performing precision restoration. Degradation before: 0.002476595960030. After: 0.000000000000166
Performing precision restoration. Degradation before: 0.003024818993125. After: 0.000000000000137
Performing precision restoration. Degradation before: 0.001434165182428. After: 0.000000000000145
Performing precision restoration. Degradation before: 0.000295788167606. After: 0.000000000000362
Performing precision restoration. Degradation before: 0.000442290723974. After: 0.000000000000366
Performing precision restoration. Degradation before: 0.018358798250759. After: 0.000000000000123
Performing precision restoration. Degradation before: 0.000095375598276. After: 0.000000000000579
Performing precision restoration. Degradation before: 0.008691533453621. After: 0.000000000000207
Performing precision restoration. Degradation before: 0.001230226681738. After: 0.000000000000415
Performing precision restoration. Degradation before: 0.001812319251150. After: 0.000000000000163
Performing precision restoration. Degradation before: 0.002415249870350. After: 0.000000000000106
Performing precision restoration. Degradation before: 0.000763080744293. After: 0.000000000000180
Performing precision restoration. Degradation before: 0.005010110678717. After: 0.000000000000318


Engine: quitting due to timeout...

Final statistics:

19:31:38 Statistics update:
	--- Time Statistics ---
	Total time elapsed: 3600018 milli (01:00:00)
		Main loop: 3598970 milli (00:59:58)
		Preprocessing time: 44 milli (00:00:00)
		Unknown: 1003 milli (00:00:01)
	Breakdown for main loop:
		[53.49%] Simplex steps: 1925113 milli
		[26.27%] Explicit-basis bound tightening: 945467 milli
		[0.00%] Constraint-matrix bound tightening: 0 milli
		[0.21%] Degradation checking: 7585 milli
		[0.00%] Precision restoration: 150 milli
		[0.15%] Statistics handling: 5500 milli
		[0.00%] Constraint-fixing steps: 0 milli
		[0.11%] Valid case splits: 3885 milli. Average per split: 0.00 milli
		[0.02%] Applying stored bound-tightening: 573 milli
		[1.13%] SMT core: 40560 milli
		[14.12%] Symbolic Bound Tightening: 508327 milli
		[31.04%] SoI-based local search: 1117066 milli
		[0.00%] SoI-based local search: 0 milli
		[4.50%] Unaccounted for: 161805 milli
	--- Preprocessor Statistics ---
	Number of preprocessor bound-tightening loop iterations: 8
	Number of eliminated variables: 0
	Number of constraints removed due to variable elimination: 0
	Number of equations removed due to variable elimination: 0
	--- Engine Statistics ---
	Number of main loop iterations: 2894381
		2828106 iterations were simplex steps. Total time: 1925113 milli. Average: 0.68 milli.
		0 iterations were constraint-fixing steps. Total time: 0 milli. Average: 0.00 milli
	Number of active piecewise-linear constraints: 89 / 300
		Constraints disabled by valid splits: 186. By SMT-originated splits: 25
	Last reported degradation: 0.0000000003. Max degradation so far: 0.0182473873. Restorations so far: 14
	Number of simplex pivots we attempted to skip because of instability: 1181.
	Unstable pivots performed anyway: 41
	--- Tableau Statistics ---
	Total number of pivots performed: 2533144
		Real pivots: 2525319. Degenerate: 7825 (0.31%)
		Degenerate pivots by request (e.g., to fix a PL constraint): 0 (0.00%)
		Average time per pivot: 0.08 milli
	Total number of fake pivots performed: 144081
	Total number of rows added: 0. Number of merged columns: 0
	Current tableau dimensions: M = 604, N = 1518
	--- SMT Core Statistics ---
	Total depth is 29. Total visited states: 52999. Number of splits: 26514. Number of pops: 26484
	Max stack depth: 77
	--- Bound Tightening Statistics ---
	Number of tightened bounds: 6591716.
		Number of rows examined by row tightener: 2533144. Consequent tightenings: 369319
		Number of explicit basis matrices examined by row tightener: 20326. Consequent tightenings: 1200907
		Number of bound tightening rounds on the entire constraint matrix: 0. Consequent tightenings: 0
		Number of bound notifications sent to PL constraints: 13757155. Tightenings proposed: 0
	--- Basis Factorization statistics ---
	Number of basis refactorizations: 21591
	--- Projected Steepest Edge Statistics ---
	Number of iterations: 2678365.
	Number of resets to reference space: 26667. Avg. iterations per reset: 100
	--- SBT ---
	Number of tightened bounds: 6549941
	--- SoI-based local search ---
	Number of proposed phase pattern update: 32053. Number of accepted update: 52322 [163.24%]
	Total time (% of local search time) updating SoI phase pattern : 4549407 milli [0.41%]
	Total time obtaining current assignment: 11774696 milli [1.05%]
	Total time getting SoI phase pattern : 3153387 milli [0.09%]
	--- Context dependent statistics ---
	Number of pushes / pops: 53004 / 52975
		[0.04%] Pre-Push hook: 1384 milli
		[0.00%] Push : 0 milli
		[0.05%] Post-Pop hook: 1627 milli
		[0.02%] Pop : 812 milli
		[0.11%] Total context-switching time: 3824 milli
	--- Proof Certificate ---
	Number of certified leaves: 0
	Number of leaves to delegate: 0
	Number of lemmas: 0
Timeout
end run time: 19:31:38
DQN: Done solving. Time : 3600033 milli. 

