[93] processing ex_0094_label_0 …
start run time: 09:59:59
Network: /cs/labs/guykatz/maya.swisa/elbit/20_8/Marabou/resources/nnet/acasxu/ACASXU_experimental_v2a_1_1.nnet
Number of layers: 8. Input layer size: 5. Output layer size: 5. Number of ReLUs: 300
Total number of variables: 610
Property: /cs/labs/guykatz/maya.swisa/elbit/PROPERTY_1_08091/ex_0094_label_0/eps01.txt

Engine::processInputQuery: Input query (before preprocessing): 309 equations, 610 variables
Engine::processInputQuery: Input query (after preprocessing): 604 equations, 914 variables

unsat
end run time: 09:59:59
DQN: Done solving. Time : 66 milli. 

start run time: 09:59:59
Network: /cs/labs/guykatz/maya.swisa/elbit/20_8/Marabou/resources/nnet/acasxu/ACASXU_experimental_v2a_1_1.nnet
Number of layers: 8. Input layer size: 5. Output layer size: 5. Number of ReLUs: 300
Total number of variables: 610
Property: /cs/labs/guykatz/maya.swisa/elbit/PROPERTY_1_08091/ex_0094_label_0/eps02.txt

Engine::processInputQuery: Input query (before preprocessing): 309 equations, 610 variables
Engine::processInputQuery: Input query (after preprocessing): 604 equations, 914 variables

unsat
end run time: 09:59:59
DQN: Done solving. Time : 47 milli. 

start run time: 09:59:59
Network: /cs/labs/guykatz/maya.swisa/elbit/20_8/Marabou/resources/nnet/acasxu/ACASXU_experimental_v2a_1_1.nnet
Number of layers: 8. Input layer size: 5. Output layer size: 5. Number of ReLUs: 300
Total number of variables: 610
Property: /cs/labs/guykatz/maya.swisa/elbit/PROPERTY_1_08091/ex_0094_label_0/eps03.txt

Engine::processInputQuery: Input query (before preprocessing): 309 equations, 610 variables
Engine::processInputQuery: Input query (after preprocessing): 604 equations, 914 variables


Engine::solve: Initial statistics

09:59:59 Statistics update:
	--- Time Statistics ---
	Total time elapsed: 42 milli (00:00:00)
		Main loop: 0 milli (00:00:00)
		Preprocessing time: 30 milli (00:00:00)
		Unknown: 12 milli (00:00:00)
	Breakdown for main loop:
		[0.00%] Simplex steps: 0 milli
		[0.00%] Explicit-basis bound tightening: 0 milli
		[0.00%] Constraint-matrix bound tightening: 0 milli
		[0.00%] Degradation checking: 0 milli
		[0.00%] Precision restoration: 0 milli
		[0.00%] Statistics handling: 0 milli
		[0.00%] Constraint-fixing steps: 0 milli
		[0.00%] Valid case splits: 4 milli. Average per split: 0.00 milli
		[0.00%] Applying stored bound-tightening: 0 milli
		[0.00%] SMT core: 0 milli
		[0.00%] Symbolic Bound Tightening: 4 milli
		[0.00%] SoI-based local search: 0 milli
		[0.00%] SoI-based local search: 0 milli
		[0.00%] Unaccounted for: 0 milli
	--- Preprocessor Statistics ---
	Number of preprocessor bound-tightening loop iterations: 8
	Number of eliminated variables: 0
	Number of constraints removed due to variable elimination: 0
	Number of equations removed due to variable elimination: 0
	--- Engine Statistics ---
	Number of main loop iterations: 1
		0 iterations were simplex steps. Total time: 0 milli. Average: 0.00 milli.
		0 iterations were constraint-fixing steps. Total time: 0 milli. Average: 0.00 milli
	Number of active piecewise-linear constraints: 39 / 300
		Constraints disabled by valid splits: 261. By SMT-originated splits: 0
	Last reported degradation: 0.0000000000. Max degradation so far: 0.0000000000. Restorations so far: 0
	Number of simplex pivots we attempted to skip because of instability: 0.
	Unstable pivots performed anyway: 0
	--- Tableau Statistics ---
	Total number of pivots performed: 0
		Real pivots: 0. Degenerate: 0 (0.00%)
		Degenerate pivots by request (e.g., to fix a PL constraint): 0 (0.00%)
		Average time per pivot: 0.00 milli
	Total number of fake pivots performed: 0
	Total number of rows added: 0. Number of merged columns: 0
	Current tableau dimensions: M = 604, N = 1518
	--- SMT Core Statistics ---
	Total depth is 0. Total visited states: 1. Number of splits: 0. Number of pops: 0
	Max stack depth: 0
	--- Bound Tightening Statistics ---
	Number of tightened bounds: 0.
		Number of rows examined by row tightener: 0. Consequent tightenings: 0
		Number of explicit basis matrices examined by row tightener: 0. Consequent tightenings: 0
		Number of bound tightening rounds on the entire constraint matrix: 0. Consequent tightenings: 0
		Number of bound notifications sent to PL constraints: 1800. Tightenings proposed: 0
	--- Basis Factorization statistics ---
	Number of basis refactorizations: 2
	--- Projected Steepest Edge Statistics ---
	Number of iterations: 0.
	Number of resets to reference space: 1. Avg. iterations per reset: 0
	--- SBT ---
	Number of tightened bounds: 751
	--- SoI-based local search ---
	Number of proposed phase pattern update: 0. Number of accepted update: 0 [0.00%]
	Total time (% of local search time) updating SoI phase pattern : 0 milli [0.00%]
	Total time obtaining current assignment: 0 milli [0.00%]
	Total time getting SoI phase pattern : 0 milli [0.00%]
	--- Context dependent statistics ---
	Number of pushes / pops: 0 / 0
		[0.00%] Pre-Push hook: 0 milli
		[0.00%] Push : 0 milli
		[0.00%] Post-Pop hook: 0 milli
		[0.00%] Pop : 0 milli
		[0.00%] Total context-switching time: 0 milli
	--- Proof Certificate ---
	Number of certified leaves: 0
	Number of leaves to delegate: 0
	Number of lemmas: 0

---
start solving without an agent

Engine::solve: unsat query

09:59:59 Statistics update:
	--- Time Statistics ---
	Total time elapsed: 149 milli (00:00:00)
		Main loop: 106 milli (00:00:00)
		Preprocessing time: 30 milli (00:00:00)
		Unknown: 12 milli (00:00:00)
	Breakdown for main loop:
		[40.73%] Simplex steps: 43 milli
		[34.98%] Explicit-basis bound tightening: 37 milli
		[0.00%] Constraint-matrix bound tightening: 0 milli
		[0.30%] Degradation checking: 0 milli
		[0.00%] Precision restoration: 0 milli
		[0.04%] Statistics handling: 0 milli
		[0.00%] Constraint-fixing steps: 0 milli
		[4.74%] Valid case splits: 5 milli. Average per split: 0.00 milli
		[0.01%] Applying stored bound-tightening: 0 milli
		[0.65%] SMT core: 0 milli
		[24.67%] Symbolic Bound Tightening: 26 milli
		[15.32%] SoI-based local search: 16 milli
		[0.00%] SoI-based local search: 0 milli
		[17275305600911722.00%] Unaccounted for: 0 milli
	--- Preprocessor Statistics ---
	Number of preprocessor bound-tightening loop iterations: 8
	Number of eliminated variables: 0
	Number of constraints removed due to variable elimination: 0
	Number of equations removed due to variable elimination: 0
	--- Engine Statistics ---
	Number of main loop iterations: 227
		222 iterations were simplex steps. Total time: 43 milli. Average: 0.19 milli.
		0 iterations were constraint-fixing steps. Total time: 0 milli. Average: 0.00 milli
	Number of active piecewise-linear constraints: 39 / 300
		Constraints disabled by valid splits: 261. By SMT-originated splits: 0
	Last reported degradation: 0.0000000000. Max degradation so far: 0.0000000000. Restorations so far: 0
	Number of simplex pivots we attempted to skip because of instability: 0.
	Unstable pivots performed anyway: 0
	--- Tableau Statistics ---
	Total number of pivots performed: 215
		Real pivots: 200. Degenerate: 15 (6.98%)
		Degenerate pivots by request (e.g., to fix a PL constraint): 0 (0.00%)
		Average time per pivot: 0.02 milli
	Total number of fake pivots performed: 3
	Total number of rows added: 0. Number of merged columns: 0
	Current tableau dimensions: M = 604, N = 1518
	--- SMT Core Statistics ---
	Total depth is 1. Total visited states: 4. Number of splits: 1. Number of pops: 2
	Max stack depth: 1
	--- Bound Tightening Statistics ---
	Number of tightened bounds: 1266.
		Number of rows examined by row tightener: 215. Consequent tightenings: 0
		Number of explicit basis matrices examined by row tightener: 2. Consequent tightenings: 301
		Number of bound tightening rounds on the entire constraint matrix: 0. Consequent tightenings: 0
		Number of bound notifications sent to PL constraints: 4900. Tightenings proposed: 0
	--- Basis Factorization statistics ---
	Number of basis refactorizations: 3
	--- Projected Steepest Edge Statistics ---
	Number of iterations: 218.
	Number of resets to reference space: 2. Avg. iterations per reset: 109
	--- SBT ---
	Number of tightened bounds: 2017
	--- SoI-based local search ---
	Number of proposed phase pattern update: 1. Number of accepted update: 2 [200.00%]
	Total time (% of local search time) updating SoI phase pattern : 133 milli [0.81%]
	Total time obtaining current assignment: 185 milli [1.13%]
	Total time getting SoI phase pattern : 40 milli [0.04%]
	--- Context dependent statistics ---
	Number of pushes / pops: 2 / 2
		[0.02%] Pre-Push hook: 0 milli
		[0.00%] Push : 0 milli
		[0.06%] Post-Pop hook: 0 milli
		[0.02%] Pop : 0 milli
		[0.10%] Total context-switching time: 0 milli
	--- Proof Certificate ---
	Number of certified leaves: 0
	Number of leaves to delegate: 0
	Number of lemmas: 0
unsat
end run time: 09:59:59
DQN: Done solving. Time : 154 milli. 

