[500] processing ex_0501_label_0 …
start run time: 10:15:03
Network: /cs/labs/guykatz/maya.swisa/elbit/20_8/Marabou/resources/nnet/acasxu/ACASXU_experimental_v2a_1_1.nnet
Number of layers: 8. Input layer size: 5. Output layer size: 5. Number of ReLUs: 300
Total number of variables: 610
Property: /cs/labs/guykatz/maya.swisa/elbit/PROPERTY_1_08091/ex_0501_label_0/eps01.txt

Engine::processInputQuery: Input query (before preprocessing): 309 equations, 610 variables
Engine::processInputQuery: Input query (after preprocessing): 604 equations, 914 variables


Engine::solve: Initial statistics

10:15:03 Statistics update:
	--- Time Statistics ---
	Total time elapsed: 58 milli (00:00:00)
		Main loop: 0 milli (00:00:00)
		Preprocessing time: 39 milli (00:00:00)
		Unknown: 19 milli (00:00:00)
	Breakdown for main loop:
		[0.00%] Simplex steps: 0 milli
		[0.00%] Explicit-basis bound tightening: 0 milli
		[0.00%] Constraint-matrix bound tightening: 0 milli
		[0.00%] Degradation checking: 0 milli
		[0.00%] Precision restoration: 0 milli
		[0.00%] Statistics handling: 0 milli
		[0.00%] Constraint-fixing steps: 0 milli
		[0.00%] Valid case splits: 1 milli. Average per split: 0.00 milli
		[0.00%] Applying stored bound-tightening: 0 milli
		[0.00%] SMT core: 0 milli
		[0.00%] Symbolic Bound Tightening: 5 milli
		[0.00%] SoI-based local search: 0 milli
		[0.00%] SoI-based local search: 0 milli
		[0.00%] Unaccounted for: 0 milli
	--- Preprocessor Statistics ---
	Number of preprocessor bound-tightening loop iterations: 8
	Number of eliminated variables: 0
	Number of constraints removed due to variable elimination: 0
	Number of equations removed due to variable elimination: 0
	--- Engine Statistics ---
	Number of main loop iterations: 1
		0 iterations were simplex steps. Total time: 0 milli. Average: 0.00 milli.
		0 iterations were constraint-fixing steps. Total time: 0 milli. Average: 0.00 milli
	Number of active piecewise-linear constraints: 202 / 300
		Constraints disabled by valid splits: 98. By SMT-originated splits: 0
	Last reported degradation: 0.0000000000. Max degradation so far: 0.0000000000. Restorations so far: 0
	Number of simplex pivots we attempted to skip because of instability: 0.
	Unstable pivots performed anyway: 0
	--- Tableau Statistics ---
	Total number of pivots performed: 0
		Real pivots: 0. Degenerate: 0 (0.00%)
		Degenerate pivots by request (e.g., to fix a PL constraint): 0 (0.00%)
		Average time per pivot: 0.00 milli
	Total number of fake pivots performed: 0
	Total number of rows added: 0. Number of merged columns: 0
	Current tableau dimensions: M = 604, N = 1518
	--- SMT Core Statistics ---
	Total depth is 0. Total visited states: 1. Number of splits: 0. Number of pops: 0
	Max stack depth: 0
	--- Bound Tightening Statistics ---
	Number of tightened bounds: 0.
		Number of rows examined by row tightener: 0. Consequent tightenings: 0
		Number of explicit basis matrices examined by row tightener: 0. Consequent tightenings: 0
		Number of bound tightening rounds on the entire constraint matrix: 0. Consequent tightenings: 0
		Number of bound notifications sent to PL constraints: 1800. Tightenings proposed: 0
	--- Basis Factorization statistics ---
	Number of basis refactorizations: 2
	--- Projected Steepest Edge Statistics ---
	Number of iterations: 0.
	Number of resets to reference space: 1. Avg. iterations per reset: 0
	--- SBT ---
	Number of tightened bounds: 729
	--- SoI-based local search ---
	Number of proposed phase pattern update: 0. Number of accepted update: 0 [0.00%]
	Total time (% of local search time) updating SoI phase pattern : 0 milli [0.00%]
	Total time obtaining current assignment: 0 milli [0.00%]
	Total time getting SoI phase pattern : 0 milli [0.00%]
	--- Context dependent statistics ---
	Number of pushes / pops: 0 / 0
		[0.00%] Pre-Push hook: 0 milli
		[0.00%] Push : 0 milli
		[0.00%] Post-Pop hook: 0 milli
		[0.00%] Pop : 0 milli
		[0.00%] Total context-switching time: 0 milli
	--- Proof Certificate ---
	Number of certified leaves: 0
	Number of leaves to delegate: 0
	Number of lemmas: 0

---
start solving without an agent
Performing precision restoration. Degradation before: 0.000006230848228. After: 0.000000000000213
Performing precision restoration. Degradation before: 0.000021080341310. After: 0.000000000000168
Performing precision restoration. Degradation before: 0.000000674816536. After: 0.000000000000271
High degradation found!
Performing precision restoration. Degradation before: 2.287417881517355. After: 0.000000000000134
Performing precision restoration. Degradation before: 0.000002726671887. After: 0.000000000000109
Performing precision restoration. Degradation before: 0.001057553113281. After: 0.000000000000173
Performing precision restoration. Degradation before: 0.000038880888832. After: 0.000000000000571
Performing precision restoration. Degradation before: 0.002765486889312. After: 0.000000000000122
Performing precision restoration. Degradation before: 0.000475382555989. After: 0.000000000000135
Performing precision restoration. Degradation before: 0.004738092711886. After: 0.000000000000129
High degradation found!
Performing precision restoration. Degradation before: 1.811340826070987. After: 0.000000000000018
Performing precision restoration. Degradation before: 0.004311647266561. After: 0.000000000000138
Performing precision restoration. Degradation before: 0.004531633074475. After: 0.000000000000113
High degradation found!
Performing precision restoration. Degradation before: 0.103714308265530. After: 0.000000000000135
Performing precision restoration. Degradation before: 0.000431827749373. After: 0.000000000000607
Performing precision restoration. Degradation before: 0.000000645908004. After: 0.000000000001606
Performing precision restoration. Degradation before: 0.012605440315070. After: 0.000000000000113
High degradation found!
Performing precision restoration. Degradation before: 0.100800472171065. After: 0.000000000000123


Engine: quitting due to timeout...

Final statistics:

11:15:03 Statistics update:
	--- Time Statistics ---
	Total time elapsed: 3600000 milli (01:00:00)
		Main loop: 3598582 milli (00:59:58)
		Preprocessing time: 39 milli (00:00:00)
		Unknown: 1378 milli (00:00:01)
	Breakdown for main loop:
		[49.09%] Simplex steps: 1766421 milli
		[26.44%] Explicit-basis bound tightening: 951531 milli
		[0.00%] Constraint-matrix bound tightening: 0 milli
		[0.19%] Degradation checking: 6809 milli
		[0.00%] Precision restoration: 154 milli
		[0.05%] Statistics handling: 1895 milli
		[0.00%] Constraint-fixing steps: 0 milli
		[0.11%] Valid case splits: 3792 milli. Average per split: 0.00 milli
		[0.02%] Applying stored bound-tightening: 778 milli
		[2.04%] SMT core: 73369 milli
		[15.97%] Symbolic Bound Tightening: 574547 milli
		[26.67%] SoI-based local search: 959661 milli
		[0.00%] SoI-based local search: 0 milli
		[6.09%] Unaccounted for: 219282 milli
	--- Preprocessor Statistics ---
	Number of preprocessor bound-tightening loop iterations: 8
	Number of eliminated variables: 0
	Number of constraints removed due to variable elimination: 0
	Number of equations removed due to variable elimination: 0
	--- Engine Statistics ---
	Number of main loop iterations: 3877503
		3760793 iterations were simplex steps. Total time: 1766421 milli. Average: 0.47 milli.
		0 iterations were constraint-fixing steps. Total time: 0 milli. Average: 0.00 milli
	Number of active piecewise-linear constraints: 59 / 300
		Constraints disabled by valid splits: 206. By SMT-originated splits: 35
	Last reported degradation: 0.0000000000. Max degradation so far: 2.2874178815. Restorations so far: 18
	Number of simplex pivots we attempted to skip because of instability: 1478.
	Unstable pivots performed anyway: 51
	--- Tableau Statistics ---
	Total number of pivots performed: 3345163
		Real pivots: 3335288. Degenerate: 9875 (0.30%)
		Degenerate pivots by request (e.g., to fix a PL constraint): 0 (0.00%)
		Average time per pivot: 0.06 milli
	Total number of fake pivots performed: 140168
	Total number of rows added: 0. Number of merged columns: 0
	Current tableau dimensions: M = 604, N = 1518
	--- SMT Core Statistics ---
	Total depth is 39. Total visited states: 96207. Number of splits: 48127. Number of pops: 48079
	Max stack depth: 86
	--- Bound Tightening Statistics ---
	Number of tightened bounds: 12180933.
		Number of rows examined by row tightener: 3345164. Consequent tightenings: 699200
		Number of explicit basis matrices examined by row tightener: 29406. Consequent tightenings: 2867136
		Number of bound tightening rounds on the entire constraint matrix: 0. Consequent tightenings: 0
		Number of bound notifications sent to PL constraints: 25258407. Tightenings proposed: 0
	--- Basis Factorization statistics ---
	Number of basis refactorizations: 28866
	--- Projected Steepest Edge Statistics ---
	Number of iterations: 3486759.
	Number of resets to reference space: 48283. Avg. iterations per reset: 72
	--- SBT ---
	Number of tightened bounds: 12127014
	--- SoI-based local search ---
	Number of proposed phase pattern update: 58810. Number of accepted update: 94543 [160.76%]
	Total time (% of local search time) updating SoI phase pattern : 6423089 milli [0.67%]
	Total time obtaining current assignment: 19412704 milli [2.02%]
	Total time getting SoI phase pattern : 2316764 milli [0.06%]
	--- Context dependent statistics ---
	Number of pushes / pops: 96221 / 96182
		[0.09%] Pre-Push hook: 3076 milli
		[0.00%] Push : 0 milli
		[0.07%] Post-Pop hook: 2404 milli
		[0.08%] Pop : 3020 milli
		[0.24%] Total context-switching time: 8501 milli
	--- Proof Certificate ---
	Number of certified leaves: 0
	Number of leaves to delegate: 0
	Number of lemmas: 0
Timeout
end run time: 11:15:03
DQN: Done solving. Time : 3600082 milli. 

start run time: 11:15:03
Network: /cs/labs/guykatz/maya.swisa/elbit/20_8/Marabou/resources/nnet/acasxu/ACASXU_experimental_v2a_1_1.nnet
Number of layers: 8. Input layer size: 5. Output layer size: 5. Number of ReLUs: 300
Total number of variables: 610
Property: /cs/labs/guykatz/maya.swisa/elbit/PROPERTY_1_08091/ex_0501_label_0/eps02.txt

Engine::processInputQuery: Input query (before preprocessing): 309 equations, 610 variables
Engine::processInputQuery: Input query (after preprocessing): 604 equations, 914 variables


Engine::solve: Initial statistics

11:15:04 Statistics update:
	--- Time Statistics ---
	Total time elapsed: 220 milli (00:00:00)
		Main loop: 0 milli (00:00:00)
		Preprocessing time: 31 milli (00:00:00)
		Unknown: 188 milli (00:00:00)
	Breakdown for main loop:
		[0.00%] Simplex steps: 0 milli
		[0.00%] Explicit-basis bound tightening: 0 milli
		[0.00%] Constraint-matrix bound tightening: 0 milli
		[0.00%] Degradation checking: 0 milli
		[0.00%] Precision restoration: 0 milli
		[0.00%] Statistics handling: 0 milli
		[0.00%] Constraint-fixing steps: 0 milli
		[0.00%] Valid case splits: 1 milli. Average per split: 0.00 milli
		[0.00%] Applying stored bound-tightening: 0 milli
		[0.00%] SMT core: 0 milli
		[0.00%] Symbolic Bound Tightening: 5 milli
		[0.00%] SoI-based local search: 0 milli
		[0.00%] SoI-based local search: 0 milli
		[0.00%] Unaccounted for: 0 milli
	--- Preprocessor Statistics ---
	Number of preprocessor bound-tightening loop iterations: 8
	Number of eliminated variables: 0
	Number of constraints removed due to variable elimination: 0
	Number of equations removed due to variable elimination: 0
	--- Engine Statistics ---
	Number of main loop iterations: 1
		0 iterations were simplex steps. Total time: 0 milli. Average: 0.00 milli.
		0 iterations were constraint-fixing steps. Total time: 0 milli. Average: 0.00 milli
	Number of active piecewise-linear constraints: 211 / 300
		Constraints disabled by valid splits: 89. By SMT-originated splits: 0
	Last reported degradation: 0.0000000000. Max degradation so far: 0.0000000000. Restorations so far: 0
	Number of simplex pivots we attempted to skip because of instability: 0.
	Unstable pivots performed anyway: 0
	--- Tableau Statistics ---
	Total number of pivots performed: 0
		Real pivots: 0. Degenerate: 0 (0.00%)
		Degenerate pivots by request (e.g., to fix a PL constraint): 0 (0.00%)
		Average time per pivot: 0.00 milli
	Total number of fake pivots performed: 0
	Total number of rows added: 0. Number of merged columns: 0
	Current tableau dimensions: M = 604, N = 1518
	--- SMT Core Statistics ---
	Total depth is 0. Total visited states: 1. Number of splits: 0. Number of pops: 0
	Max stack depth: 0
	--- Bound Tightening Statistics ---
	Number of tightened bounds: 0.
		Number of rows examined by row tightener: 0. Consequent tightenings: 0
		Number of explicit basis matrices examined by row tightener: 0. Consequent tightenings: 0
		Number of bound tightening rounds on the entire constraint matrix: 0. Consequent tightenings: 0
		Number of bound notifications sent to PL constraints: 1800. Tightenings proposed: 0
	--- Basis Factorization statistics ---
	Number of basis refactorizations: 2
	--- Projected Steepest Edge Statistics ---
	Number of iterations: 0.
	Number of resets to reference space: 1. Avg. iterations per reset: 0
	--- SBT ---
	Number of tightened bounds: 724
	--- SoI-based local search ---
	Number of proposed phase pattern update: 0. Number of accepted update: 0 [0.00%]
	Total time (% of local search time) updating SoI phase pattern : 0 milli [0.00%]
	Total time obtaining current assignment: 0 milli [0.00%]
	Total time getting SoI phase pattern : 0 milli [0.00%]
	--- Context dependent statistics ---
	Number of pushes / pops: 0 / 0
		[0.00%] Pre-Push hook: 0 milli
		[0.00%] Push : 0 milli
		[0.00%] Post-Pop hook: 0 milli
		[0.00%] Pop : 0 milli
		[0.00%] Total context-switching time: 0 milli
	--- Proof Certificate ---
	Number of certified leaves: 0
	Number of leaves to delegate: 0
	Number of lemmas: 0

---
start solving without an agent
MalformedBasisException caught!
Performing precision restoration. Degradation before: 0.000000122942754. After: 0.000000000000067
High degradation found!
Performing precision restoration. Degradation before: 0.100608613254561. After: 0.000000000000271
Performing precision restoration. Degradation before: 0.001656118464029. After: 0.000000000000288
MalformedBasisException caught!
Performing precision restoration. Degradation before: 0.000000152517552. After: 0.000000000000052
Performing precision restoration. Degradation before: 0.001061681733940. After: 0.000000000000177
Performing precision restoration. Degradation before: 0.005164204036111. After: 0.000000000000134
Performing precision restoration. Degradation before: 0.000513438160936. After: 0.000000000000154
Performing precision restoration. Degradation before: 0.001324422983293. After: 0.000000000000227


Engine: quitting due to timeout...

Final statistics:

12:15:03 Statistics update:
	--- Time Statistics ---
	Total time elapsed: 3600000 milli (01:00:00)
		Main loop: 3598480 milli (00:59:58)
		Preprocessing time: 31 milli (00:00:00)
		Unknown: 1487 milli (00:00:01)
	Breakdown for main loop:
		[50.05%] Simplex steps: 1801017 milli
		[27.01%] Explicit-basis bound tightening: 972100 milli
		[0.00%] Constraint-matrix bound tightening: 0 milli
		[0.21%] Degradation checking: 7385 milli
		[0.00%] Precision restoration: 60 milli
		[0.18%] Statistics handling: 6314 milli
		[0.00%] Constraint-fixing steps: 0 milli
		[0.11%] Valid case splits: 3795 milli. Average per split: 0.00 milli
		[0.02%] Applying stored bound-tightening: 701 milli
		[1.91%] SMT core: 68750 milli
		[14.83%] Symbolic Bound Tightening: 533824 milli
		[27.85%] SoI-based local search: 1002122 milli
		[0.00%] SoI-based local search: 0 milli
		[5.68%] Unaccounted for: 204529 milli
	--- Preprocessor Statistics ---
	Number of preprocessor bound-tightening loop iterations: 8
	Number of eliminated variables: 0
	Number of constraints removed due to variable elimination: 0
	Number of equations removed due to variable elimination: 0
	--- Engine Statistics ---
	Number of main loop iterations: 3748791
		3640815 iterations were simplex steps. Total time: 1801017 milli. Average: 0.49 milli.
		0 iterations were constraint-fixing steps. Total time: 0 milli. Average: 0.00 milli
	Number of active piecewise-linear constraints: 63 / 300
		Constraints disabled by valid splits: 203. By SMT-originated splits: 34
	Last reported degradation: 0.0000000000. Max degradation so far: 0.1006086133. Restorations so far: 8
	Number of simplex pivots we attempted to skip because of instability: 1377.
	Unstable pivots performed anyway: 39
	--- Tableau Statistics ---
	Total number of pivots performed: 3250982
		Real pivots: 3241608. Degenerate: 9374 (0.29%)
		Degenerate pivots by request (e.g., to fix a PL constraint): 0 (0.00%)
		Average time per pivot: 0.06 milli
	Total number of fake pivots performed: 136935
	Total number of rows added: 0. Number of merged columns: 0
	Current tableau dimensions: M = 604, N = 1518
	--- SMT Core Statistics ---
	Total depth is 38. Total visited states: 88330. Number of splits: 44185. Number of pops: 44144
	Max stack depth: 91
	--- Bound Tightening Statistics ---
	Number of tightened bounds: 11726472.
		Number of rows examined by row tightener: 3250982. Consequent tightenings: 618606
		Number of explicit basis matrices examined by row tightener: 28353. Consequent tightenings: 2395573
		Number of bound tightening rounds on the entire constraint matrix: 0. Consequent tightenings: 0
		Number of bound notifications sent to PL constraints: 23858993. Tightenings proposed: 0
	--- Basis Factorization statistics ---
	Number of basis refactorizations: 28805
	--- Projected Steepest Edge Statistics ---
	Number of iterations: 3389255.
	Number of resets to reference space: 44230. Avg. iterations per reset: 76
	--- SBT ---
	Number of tightened bounds: 11702908
	--- SoI-based local search ---
	Number of proposed phase pattern update: 54187. Number of accepted update: 86718 [160.03%]
	Total time (% of local search time) updating SoI phase pattern : 6784341 milli [0.68%]
	Total time obtaining current assignment: 18792456 milli [1.88%]
	Total time getting SoI phase pattern : 2920009 milli [0.08%]
	--- Context dependent statistics ---
	Number of pushes / pops: 88340 / 88302
		[0.08%] Pre-Push hook: 2977 milli
		[0.00%] Push : 0 milli
		[0.06%] Post-Pop hook: 2301 milli
		[0.07%] Pop : 2629 milli
		[0.22%] Total context-switching time: 7908 milli
	--- Proof Certificate ---
	Number of certified leaves: 0
	Number of leaves to delegate: 0
	Number of lemmas: 0
Timeout
end run time: 12:15:03
DQN: Done solving. Time : 3600134 milli. 

start run time: 12:15:03
Network: /cs/labs/guykatz/maya.swisa/elbit/20_8/Marabou/resources/nnet/acasxu/ACASXU_experimental_v2a_1_1.nnet
Number of layers: 8. Input layer size: 5. Output layer size: 5. Number of ReLUs: 300
Total number of variables: 610
Property: /cs/labs/guykatz/maya.swisa/elbit/PROPERTY_1_08091/ex_0501_label_0/eps03.txt

Engine::processInputQuery: Input query (before preprocessing): 309 equations, 610 variables
Engine::processInputQuery: Input query (after preprocessing): 604 equations, 914 variables


Engine::solve: Initial statistics

12:15:03 Statistics update:
	--- Time Statistics ---
	Total time elapsed: 91 milli (00:00:00)
		Main loop: 0 milli (00:00:00)
		Preprocessing time: 33 milli (00:00:00)
		Unknown: 58 milli (00:00:00)
	Breakdown for main loop:
		[0.00%] Simplex steps: 0 milli
		[0.00%] Explicit-basis bound tightening: 0 milli
		[0.00%] Constraint-matrix bound tightening: 0 milli
		[0.00%] Degradation checking: 0 milli
		[0.00%] Precision restoration: 0 milli
		[0.00%] Statistics handling: 0 milli
		[0.00%] Constraint-fixing steps: 0 milli
		[0.00%] Valid case splits: 1 milli. Average per split: 0.00 milli
		[0.00%] Applying stored bound-tightening: 0 milli
		[0.00%] SMT core: 0 milli
		[0.00%] Symbolic Bound Tightening: 5 milli
		[0.00%] SoI-based local search: 0 milli
		[0.00%] SoI-based local search: 0 milli
		[0.00%] Unaccounted for: 0 milli
	--- Preprocessor Statistics ---
	Number of preprocessor bound-tightening loop iterations: 8
	Number of eliminated variables: 0
	Number of constraints removed due to variable elimination: 0
	Number of equations removed due to variable elimination: 0
	--- Engine Statistics ---
	Number of main loop iterations: 1
		0 iterations were simplex steps. Total time: 0 milli. Average: 0.00 milli.
		0 iterations were constraint-fixing steps. Total time: 0 milli. Average: 0.00 milli
	Number of active piecewise-linear constraints: 219 / 300
		Constraints disabled by valid splits: 81. By SMT-originated splits: 0
	Last reported degradation: 0.0000000000. Max degradation so far: 0.0000000000. Restorations so far: 0
	Number of simplex pivots we attempted to skip because of instability: 0.
	Unstable pivots performed anyway: 0
	--- Tableau Statistics ---
	Total number of pivots performed: 0
		Real pivots: 0. Degenerate: 0 (0.00%)
		Degenerate pivots by request (e.g., to fix a PL constraint): 0 (0.00%)
		Average time per pivot: 0.00 milli
	Total number of fake pivots performed: 0
	Total number of rows added: 0. Number of merged columns: 0
	Current tableau dimensions: M = 604, N = 1518
	--- SMT Core Statistics ---
	Total depth is 0. Total visited states: 1. Number of splits: 0. Number of pops: 0
	Max stack depth: 0
	--- Bound Tightening Statistics ---
	Number of tightened bounds: 0.
		Number of rows examined by row tightener: 0. Consequent tightenings: 0
		Number of explicit basis matrices examined by row tightener: 0. Consequent tightenings: 0
		Number of bound tightening rounds on the entire constraint matrix: 0. Consequent tightenings: 0
		Number of bound notifications sent to PL constraints: 1800. Tightenings proposed: 0
	--- Basis Factorization statistics ---
	Number of basis refactorizations: 2
	--- Projected Steepest Edge Statistics ---
	Number of iterations: 0.
	Number of resets to reference space: 1. Avg. iterations per reset: 0
	--- SBT ---
	Number of tightened bounds: 723
	--- SoI-based local search ---
	Number of proposed phase pattern update: 0. Number of accepted update: 0 [0.00%]
	Total time (% of local search time) updating SoI phase pattern : 0 milli [0.00%]
	Total time obtaining current assignment: 0 milli [0.00%]
	Total time getting SoI phase pattern : 0 milli [0.00%]
	--- Context dependent statistics ---
	Number of pushes / pops: 0 / 0
		[0.00%] Pre-Push hook: 0 milli
		[0.00%] Push : 0 milli
		[0.00%] Post-Pop hook: 0 milli
		[0.00%] Pop : 0 milli
		[0.00%] Total context-switching time: 0 milli
	--- Proof Certificate ---
	Number of certified leaves: 0
	Number of leaves to delegate: 0
	Number of lemmas: 0

---
start solving without an agent

Engine::solve: sat assignment found

12:15:04 Statistics update:
	--- Time Statistics ---
	Total time elapsed: 360 milli (00:00:00)
		Main loop: 269 milli (00:00:00)
		Preprocessing time: 33 milli (00:00:00)
		Unknown: 58 milli (00:00:00)
	Breakdown for main loop:
		[72.56%] Simplex steps: 195 milli
		[23.05%] Explicit-basis bound tightening: 62 milli
		[0.00%] Constraint-matrix bound tightening: 0 milli
		[0.30%] Degradation checking: 0 milli
		[0.00%] Precision restoration: 0 milli
		[0.34%] Statistics handling: 0 milli
		[0.00%] Constraint-fixing steps: 0 milli
		[0.57%] Valid case splits: 1 milli. Average per split: 0.00 milli
		[0.00%] Applying stored bound-tightening: 0 milli
		[0.00%] SMT core: 0 milli
		[3.62%] Symbolic Bound Tightening: 9 milli
		[57.33%] SoI-based local search: 154 milli
		[0.00%] SoI-based local search: 0 milli
		[6855818095013342.00%] Unaccounted for: 0 milli
	--- Preprocessor Statistics ---
	Number of preprocessor bound-tightening loop iterations: 8
	Number of eliminated variables: 0
	Number of constraints removed due to variable elimination: 0
	Number of equations removed due to variable elimination: 0
	--- Engine Statistics ---
	Number of main loop iterations: 439
		437 iterations were simplex steps. Total time: 195 milli. Average: 0.45 milli.
		0 iterations were constraint-fixing steps. Total time: 0 milli. Average: 0.00 milli
	Number of active piecewise-linear constraints: 219 / 300
		Constraints disabled by valid splits: 81. By SMT-originated splits: 0
	Last reported degradation: 0.0000000000. Max degradation so far: 0.0000000000. Restorations so far: 0
	Number of simplex pivots we attempted to skip because of instability: 0.
	Unstable pivots performed anyway: 0
	--- Tableau Statistics ---
	Total number of pivots performed: 429
		Real pivots: 427. Degenerate: 2 (0.47%)
		Degenerate pivots by request (e.g., to fix a PL constraint): 0 (0.00%)
		Average time per pivot: 0.04 milli
	Total number of fake pivots performed: 6
	Total number of rows added: 0. Number of merged columns: 0
	Current tableau dimensions: M = 604, N = 1518
	--- SMT Core Statistics ---
	Total depth is 0. Total visited states: 1. Number of splits: 0. Number of pops: 0
	Max stack depth: 0
	--- Bound Tightening Statistics ---
	Number of tightened bounds: 0.
		Number of rows examined by row tightener: 429. Consequent tightenings: 0
		Number of explicit basis matrices examined by row tightener: 3. Consequent tightenings: 196
		Number of bound tightening rounds on the entire constraint matrix: 0. Consequent tightenings: 0
		Number of bound notifications sent to PL constraints: 3609. Tightenings proposed: 0
	--- Basis Factorization statistics ---
	Number of basis refactorizations: 6
	--- Projected Steepest Edge Statistics ---
	Number of iterations: 435.
	Number of resets to reference space: 1. Avg. iterations per reset: 435
	--- SBT ---
	Number of tightened bounds: 723
	--- SoI-based local search ---
	Number of proposed phase pattern update: 0. Number of accepted update: 1 [0.00%]
	Total time (% of local search time) updating SoI phase pattern : 201 milli [0.13%]
	Total time obtaining current assignment: 98 milli [0.06%]
	Total time getting SoI phase pattern : 126 milli [0.05%]
	--- Context dependent statistics ---
	Number of pushes / pops: 0 / 0
		[0.00%] Pre-Push hook: 0 milli
		[0.00%] Push : 0 milli
		[0.00%] Post-Pop hook: 0 milli
		[0.00%] Pop : 0 milli
		[0.00%] Total context-switching time: 0 milli
	--- Proof Certificate ---
	Number of certified leaves: 0
	Number of leaves to delegate: 0
	Number of lemmas: 0
sat
Input assignment:
	x0 = 0.574166
	x1 = 0.007599
	x2 = 0.006358
	x3 = 0.411877
	x4 = -0.397002

Output:
	y0 = -0.018580
	y1 = -0.014202
	y2 = -0.018580
	y3 = -0.013388
	y4 = -0.018109

end run time: 12:15:04
DQN: Done solving. Time : 390 milli. 

