[855] processing ex_0856_label_0 …
start run time: 12:56:23
Network: /cs/labs/guykatz/maya.swisa/elbit/20_8/Marabou/resources/nnet/acasxu/ACASXU_experimental_v2a_1_1.nnet
Number of layers: 8. Input layer size: 5. Output layer size: 5. Number of ReLUs: 300
Total number of variables: 610
Property: /cs/labs/guykatz/maya.swisa/elbit/PROPERTY_1_08091/ex_0856_label_0/eps01.txt

Engine::processInputQuery: Input query (before preprocessing): 309 equations, 610 variables
Engine::processInputQuery: Input query (after preprocessing): 604 equations, 914 variables


Engine::solve: Initial statistics

12:56:23 Statistics update:
	--- Time Statistics ---
	Total time elapsed: 115 milli (00:00:00)
		Main loop: 0 milli (00:00:00)
		Preprocessing time: 71 milli (00:00:00)
		Unknown: 43 milli (00:00:00)
	Breakdown for main loop:
		[0.00%] Simplex steps: 0 milli
		[0.00%] Explicit-basis bound tightening: 0 milli
		[0.00%] Constraint-matrix bound tightening: 0 milli
		[0.00%] Degradation checking: 0 milli
		[0.00%] Precision restoration: 0 milli
		[0.00%] Statistics handling: 0 milli
		[0.00%] Constraint-fixing steps: 0 milli
		[0.00%] Valid case splits: 4 milli. Average per split: 0.00 milli
		[0.00%] Applying stored bound-tightening: 0 milli
		[0.00%] SMT core: 0 milli
		[0.00%] Symbolic Bound Tightening: 10 milli
		[0.00%] SoI-based local search: 0 milli
		[0.00%] SoI-based local search: 0 milli
		[0.00%] Unaccounted for: 0 milli
	--- Preprocessor Statistics ---
	Number of preprocessor bound-tightening loop iterations: 8
	Number of eliminated variables: 0
	Number of constraints removed due to variable elimination: 0
	Number of equations removed due to variable elimination: 0
	--- Engine Statistics ---
	Number of main loop iterations: 1
		0 iterations were simplex steps. Total time: 0 milli. Average: 0.00 milli.
		0 iterations were constraint-fixing steps. Total time: 0 milli. Average: 0.00 milli
	Number of active piecewise-linear constraints: 155 / 300
		Constraints disabled by valid splits: 145. By SMT-originated splits: 0
	Last reported degradation: 0.0000000000. Max degradation so far: 0.0000000000. Restorations so far: 0
	Number of simplex pivots we attempted to skip because of instability: 0.
	Unstable pivots performed anyway: 0
	--- Tableau Statistics ---
	Total number of pivots performed: 0
		Real pivots: 0. Degenerate: 0 (0.00%)
		Degenerate pivots by request (e.g., to fix a PL constraint): 0 (0.00%)
		Average time per pivot: 0.00 milli
	Total number of fake pivots performed: 0
	Total number of rows added: 0. Number of merged columns: 0
	Current tableau dimensions: M = 604, N = 1518
	--- SMT Core Statistics ---
	Total depth is 0. Total visited states: 1. Number of splits: 0. Number of pops: 0
	Max stack depth: 0
	--- Bound Tightening Statistics ---
	Number of tightened bounds: 0.
		Number of rows examined by row tightener: 0. Consequent tightenings: 0
		Number of explicit basis matrices examined by row tightener: 0. Consequent tightenings: 0
		Number of bound tightening rounds on the entire constraint matrix: 0. Consequent tightenings: 0
		Number of bound notifications sent to PL constraints: 1800. Tightenings proposed: 0
	--- Basis Factorization statistics ---
	Number of basis refactorizations: 2
	--- Projected Steepest Edge Statistics ---
	Number of iterations: 0.
	Number of resets to reference space: 1. Avg. iterations per reset: 0
	--- SBT ---
	Number of tightened bounds: 744
	--- SoI-based local search ---
	Number of proposed phase pattern update: 0. Number of accepted update: 0 [0.00%]
	Total time (% of local search time) updating SoI phase pattern : 0 milli [0.00%]
	Total time obtaining current assignment: 0 milli [0.00%]
	Total time getting SoI phase pattern : 0 milli [0.00%]
	--- Context dependent statistics ---
	Number of pushes / pops: 0 / 0
		[0.00%] Pre-Push hook: 0 milli
		[0.00%] Push : 0 milli
		[0.00%] Post-Pop hook: 0 milli
		[0.00%] Pop : 0 milli
		[0.00%] Total context-switching time: 0 milli
	--- Proof Certificate ---
	Number of certified leaves: 0
	Number of leaves to delegate: 0
	Number of lemmas: 0

---
start solving without an agent
Performing precision restoration. Degradation before: 0.000064325421446. After: 0.000000000000279
Performing precision restoration. Degradation before: 0.056833410889217. After: 0.000000000000125
Performing precision restoration. Degradation before: 0.000162798429547. After: 0.000000000000102
Performing precision restoration. Degradation before: 0.000582451594529. After: 0.000000000000361
Performing precision restoration. Degradation before: 0.025119456769742. After: 0.000000000000167
MalformedBasisException caught!
Performing precision restoration. Degradation before: 0.025474634426881. After: 0.000000000000076
Performing precision restoration. Degradation before: 0.002536648002494. After: 0.000000000000310
Performing precision restoration. Degradation before: 0.000023393761957. After: 0.000000000000134
Performing precision restoration. Degradation before: 0.000048466320628. After: 0.000000000000129
Performing precision restoration. Degradation before: 0.000012218351036. After: 0.000000000000107
Performing precision restoration. Degradation before: 0.044379444484248. After: 0.000000000000143
Performing precision restoration. Degradation before: 0.000002714016862. After: 0.000000000001513
Performing precision restoration. Degradation before: 0.000000601229473. After: 0.000000000000242


Engine: quitting due to timeout...

Final statistics:

13:56:23 Statistics update:
	--- Time Statistics ---
	Total time elapsed: 3600052 milli (01:00:00)
		Main loop: 3599023 milli (00:59:59)
		Preprocessing time: 71 milli (00:00:00)
		Unknown: 956 milli (00:00:00)
	Breakdown for main loop:
		[47.55%] Simplex steps: 1711217 milli
		[24.68%] Explicit-basis bound tightening: 888343 milli
		[0.00%] Constraint-matrix bound tightening: 0 milli
		[0.21%] Degradation checking: 7496 milli
		[0.00%] Precision restoration: 149 milli
		[0.08%] Statistics handling: 2839 milli
		[0.00%] Constraint-fixing steps: 0 milli
		[0.13%] Valid case splits: 4659 milli. Average per split: 0.00 milli
		[0.02%] Applying stored bound-tightening: 830 milli
		[1.39%] SMT core: 50015 milli
		[20.35%] Symbolic Bound Tightening: 732425 milli
		[25.80%] SoI-based local search: 928445 milli
		[0.00%] SoI-based local search: 0 milli
		[5.59%] Unaccounted for: 201045 milli
	--- Preprocessor Statistics ---
	Number of preprocessor bound-tightening loop iterations: 8
	Number of eliminated variables: 0
	Number of constraints removed due to variable elimination: 0
	Number of equations removed due to variable elimination: 0
	--- Engine Statistics ---
	Number of main loop iterations: 2567200
		2488414 iterations were simplex steps. Total time: 1711217 milli. Average: 0.69 milli.
		0 iterations were constraint-fixing steps. Total time: 0 milli. Average: 0.00 milli
	Number of active piecewise-linear constraints: 59 / 300
		Constraints disabled by valid splits: 201. By SMT-originated splits: 40
	Last reported degradation: 0.0000000000. Max degradation so far: 0.0563691410. Restorations so far: 13
	Number of simplex pivots we attempted to skip because of instability: 554.
	Unstable pivots performed anyway: 16
	--- Tableau Statistics ---
	Total number of pivots performed: 2205287
		Real pivots: 2197936. Degenerate: 7351 (0.33%)
		Degenerate pivots by request (e.g., to fix a PL constraint): 0 (0.00%)
		Average time per pivot: 0.09 milli
	Total number of fake pivots performed: 102545
	Total number of rows added: 0. Number of merged columns: 0
	Current tableau dimensions: M = 604, N = 1518
	--- SMT Core Statistics ---
	Total depth is 44. Total visited states: 63555. Number of splits: 31798. Number of pops: 31756
	Max stack depth: 76
	--- Bound Tightening Statistics ---
	Number of tightened bounds: 8549948.
		Number of rows examined by row tightener: 2205287. Consequent tightenings: 448544
		Number of explicit basis matrices examined by row tightener: 19954. Consequent tightenings: 2300813
		Number of bound tightening rounds on the entire constraint matrix: 0. Consequent tightenings: 0
		Number of bound notifications sent to PL constraints: 17884525. Tightenings proposed: 0
	--- Basis Factorization statistics ---
	Number of basis refactorizations: 18655
	--- Projected Steepest Edge Statistics ---
	Number of iterations: 2308370.
	Number of resets to reference space: 31913. Avg. iterations per reset: 72
	--- SBT ---
	Number of tightened bounds: 8511224
	--- SoI-based local search ---
	Number of proposed phase pattern update: 38836. Number of accepted update: 62649 [161.32%]
	Total time (% of local search time) updating SoI phase pattern : 5585379 milli [0.60%]
	Total time obtaining current assignment: 14334184 milli [1.54%]
	Total time getting SoI phase pattern : 2664117 milli [0.07%]
	--- Context dependent statistics ---
	Number of pushes / pops: 63558 / 63514
		[0.05%] Pre-Push hook: 1819 milli
		[0.00%] Push : 0 milli
		[0.06%] Post-Pop hook: 2082 milli
		[0.03%] Pop : 1094 milli
		[0.14%] Total context-switching time: 4997 milli
	--- Proof Certificate ---
	Number of certified leaves: 0
	Number of leaves to delegate: 0
	Number of lemmas: 0
Timeout
end run time: 13:56:23
DQN: Done solving. Time : 3600071 milli. 

start run time: 13:56:23
Network: /cs/labs/guykatz/maya.swisa/elbit/20_8/Marabou/resources/nnet/acasxu/ACASXU_experimental_v2a_1_1.nnet
Number of layers: 8. Input layer size: 5. Output layer size: 5. Number of ReLUs: 300
Total number of variables: 610
Property: /cs/labs/guykatz/maya.swisa/elbit/PROPERTY_1_08091/ex_0856_label_0/eps02.txt

Engine::processInputQuery: Input query (before preprocessing): 309 equations, 610 variables
Engine::processInputQuery: Input query (after preprocessing): 604 equations, 914 variables


Engine::solve: Initial statistics

13:56:23 Statistics update:
	--- Time Statistics ---
	Total time elapsed: 78 milli (00:00:00)
		Main loop: 0 milli (00:00:00)
		Preprocessing time: 48 milli (00:00:00)
		Unknown: 30 milli (00:00:00)
	Breakdown for main loop:
		[0.00%] Simplex steps: 0 milli
		[0.00%] Explicit-basis bound tightening: 0 milli
		[0.00%] Constraint-matrix bound tightening: 0 milli
		[0.00%] Degradation checking: 0 milli
		[0.00%] Precision restoration: 0 milli
		[0.00%] Statistics handling: 0 milli
		[0.00%] Constraint-fixing steps: 0 milli
		[0.00%] Valid case splits: 3 milli. Average per split: 0.00 milli
		[0.00%] Applying stored bound-tightening: 0 milli
		[0.00%] SMT core: 0 milli
		[0.00%] Symbolic Bound Tightening: 9 milli
		[0.00%] SoI-based local search: 0 milli
		[0.00%] SoI-based local search: 0 milli
		[0.00%] Unaccounted for: 0 milli
	--- Preprocessor Statistics ---
	Number of preprocessor bound-tightening loop iterations: 8
	Number of eliminated variables: 0
	Number of constraints removed due to variable elimination: 0
	Number of equations removed due to variable elimination: 0
	--- Engine Statistics ---
	Number of main loop iterations: 1
		0 iterations were simplex steps. Total time: 0 milli. Average: 0.00 milli.
		0 iterations were constraint-fixing steps. Total time: 0 milli. Average: 0.00 milli
	Number of active piecewise-linear constraints: 175 / 300
		Constraints disabled by valid splits: 125. By SMT-originated splits: 0
	Last reported degradation: 0.0000000000. Max degradation so far: 0.0000000000. Restorations so far: 0
	Number of simplex pivots we attempted to skip because of instability: 0.
	Unstable pivots performed anyway: 0
	--- Tableau Statistics ---
	Total number of pivots performed: 0
		Real pivots: 0. Degenerate: 0 (0.00%)
		Degenerate pivots by request (e.g., to fix a PL constraint): 0 (0.00%)
		Average time per pivot: 0.00 milli
	Total number of fake pivots performed: 0
	Total number of rows added: 0. Number of merged columns: 0
	Current tableau dimensions: M = 604, N = 1518
	--- SMT Core Statistics ---
	Total depth is 0. Total visited states: 1. Number of splits: 0. Number of pops: 0
	Max stack depth: 0
	--- Bound Tightening Statistics ---
	Number of tightened bounds: 0.
		Number of rows examined by row tightener: 0. Consequent tightenings: 0
		Number of explicit basis matrices examined by row tightener: 0. Consequent tightenings: 0
		Number of bound tightening rounds on the entire constraint matrix: 0. Consequent tightenings: 0
		Number of bound notifications sent to PL constraints: 1800. Tightenings proposed: 0
	--- Basis Factorization statistics ---
	Number of basis refactorizations: 2
	--- Projected Steepest Edge Statistics ---
	Number of iterations: 0.
	Number of resets to reference space: 1. Avg. iterations per reset: 0
	--- SBT ---
	Number of tightened bounds: 741
	--- SoI-based local search ---
	Number of proposed phase pattern update: 0. Number of accepted update: 0 [0.00%]
	Total time (% of local search time) updating SoI phase pattern : 0 milli [0.00%]
	Total time obtaining current assignment: 0 milli [0.00%]
	Total time getting SoI phase pattern : 0 milli [0.00%]
	--- Context dependent statistics ---
	Number of pushes / pops: 0 / 0
		[0.00%] Pre-Push hook: 0 milli
		[0.00%] Push : 0 milli
		[0.00%] Post-Pop hook: 0 milli
		[0.00%] Pop : 0 milli
		[0.00%] Total context-switching time: 0 milli
	--- Proof Certificate ---
	Number of certified leaves: 0
	Number of leaves to delegate: 0
	Number of lemmas: 0

---
start solving without an agent
Performing precision restoration. Degradation before: 0.000077267446766. After: 0.000000000000145
Performing precision restoration. Degradation before: 0.012608259876164. After: 0.000000000000711
MalformedBasisException caught!
Performing precision restoration. Degradation before: 0.000000001025223. After: 0.000000000000073
Performing precision restoration. Degradation before: 0.000086387023499. After: 0.000000000003246
Performing precision restoration. Degradation before: 0.000272935620494. After: 0.000000000000323


Engine: quitting due to timeout...

Final statistics:

14:56:23 Statistics update:
	--- Time Statistics ---
	Total time elapsed: 3600014 milli (01:00:00)
		Main loop: 3598999 milli (00:59:58)
		Preprocessing time: 48 milli (00:00:00)
		Unknown: 965 milli (00:00:00)
	Breakdown for main loop:
		[52.73%] Simplex steps: 1897743 milli
		[22.59%] Explicit-basis bound tightening: 813071 milli
		[0.00%] Constraint-matrix bound tightening: 0 milli
		[0.23%] Degradation checking: 8373 milli
		[0.00%] Precision restoration: 51 milli
		[0.12%] Statistics handling: 4401 milli
		[0.00%] Constraint-fixing steps: 0 milli
		[0.10%] Valid case splits: 3753 milli. Average per split: 0.00 milli
		[0.02%] Applying stored bound-tightening: 794 milli
		[1.34%] SMT core: 48385 milli
		[18.10%] Symbolic Bound Tightening: 651479 milli
		[33.50%] SoI-based local search: 1205724 milli
		[0.00%] SoI-based local search: 0 milli
		[4.75%] Unaccounted for: 170946 milli
	--- Preprocessor Statistics ---
	Number of preprocessor bound-tightening loop iterations: 8
	Number of eliminated variables: 0
	Number of constraints removed due to variable elimination: 0
	Number of equations removed due to variable elimination: 0
	--- Engine Statistics ---
	Number of main loop iterations: 2806335
		2731716 iterations were simplex steps. Total time: 1897743 milli. Average: 0.69 milli.
		0 iterations were constraint-fixing steps. Total time: 0 milli. Average: 0.00 milli
	Number of active piecewise-linear constraints: 52 / 300
		Constraints disabled by valid splits: 190. By SMT-originated splits: 58
	Last reported degradation: 0.0000000000. Max degradation so far: 0.0125161003. Restorations so far: 5
	Number of simplex pivots we attempted to skip because of instability: 327.
	Unstable pivots performed anyway: 2
	--- Tableau Statistics ---
	Total number of pivots performed: 2466624
		Real pivots: 2459130. Degenerate: 7494 (0.30%)
		Degenerate pivots by request (e.g., to fix a PL constraint): 0 (0.00%)
		Average time per pivot: 0.09 milli
	Total number of fake pivots performed: 81650
	Total number of rows added: 0. Number of merged columns: 0
	Current tableau dimensions: M = 604, N = 1518
	--- SMT Core Statistics ---
	Total depth is 62. Total visited states: 62493. Number of splits: 31275. Number of pops: 31217
	Max stack depth: 83
	--- Bound Tightening Statistics ---
	Number of tightened bounds: 7167571.
		Number of rows examined by row tightener: 2466624. Consequent tightenings: 645730
		Number of explicit basis matrices examined by row tightener: 20485. Consequent tightenings: 1769574
		Number of bound tightening rounds on the entire constraint matrix: 0. Consequent tightenings: 0
		Number of bound notifications sent to PL constraints: 16824387. Tightenings proposed: 0
	--- Basis Factorization statistics ---
	Number of basis refactorizations: 21854
	--- Projected Steepest Edge Statistics ---
	Number of iterations: 2548599.
	Number of resets to reference space: 31281. Avg. iterations per reset: 81
	--- SBT ---
	Number of tightened bounds: 7153132
	--- SoI-based local search ---
	Number of proposed phase pattern update: 37124. Number of accepted update: 61997 [167.00%]
	Total time (% of local search time) updating SoI phase pattern : 6070195 milli [0.50%]
	Total time obtaining current assignment: 14397847 milli [1.19%]
	Total time getting SoI phase pattern : 4242684 milli [0.12%]
	--- Context dependent statistics ---
	Number of pushes / pops: 62496 / 62434
		[0.05%] Pre-Push hook: 1792 milli
		[0.00%] Push : 0 milli
		[0.05%] Post-Pop hook: 1916 milli
		[0.03%] Pop : 1016 milli
		[0.13%] Total context-switching time: 4726 milli
	--- Proof Certificate ---
	Number of certified leaves: 0
	Number of leaves to delegate: 0
	Number of lemmas: 0
Timeout
end run time: 14:56:23
DQN: Done solving. Time : 3600045 milli. 

start run time: 14:56:23
Network: /cs/labs/guykatz/maya.swisa/elbit/20_8/Marabou/resources/nnet/acasxu/ACASXU_experimental_v2a_1_1.nnet
Number of layers: 8. Input layer size: 5. Output layer size: 5. Number of ReLUs: 300
Total number of variables: 610
Property: /cs/labs/guykatz/maya.swisa/elbit/PROPERTY_1_08091/ex_0856_label_0/eps03.txt

Engine::processInputQuery: Input query (before preprocessing): 309 equations, 610 variables
Engine::processInputQuery: Input query (after preprocessing): 604 equations, 914 variables


Engine::solve: Initial statistics

14:56:23 Statistics update:
	--- Time Statistics ---
	Total time elapsed: 97 milli (00:00:00)
		Main loop: 0 milli (00:00:00)
		Preprocessing time: 47 milli (00:00:00)
		Unknown: 49 milli (00:00:00)
	Breakdown for main loop:
		[0.00%] Simplex steps: 0 milli
		[0.00%] Explicit-basis bound tightening: 0 milli
		[0.00%] Constraint-matrix bound tightening: 0 milli
		[0.00%] Degradation checking: 0 milli
		[0.00%] Precision restoration: 0 milli
		[0.00%] Statistics handling: 0 milli
		[0.00%] Constraint-fixing steps: 0 milli
		[0.00%] Valid case splits: 3 milli. Average per split: 0.00 milli
		[0.00%] Applying stored bound-tightening: 0 milli
		[0.00%] SMT core: 0 milli
		[0.00%] Symbolic Bound Tightening: 8 milli
		[0.00%] SoI-based local search: 0 milli
		[0.00%] SoI-based local search: 0 milli
		[0.00%] Unaccounted for: 0 milli
	--- Preprocessor Statistics ---
	Number of preprocessor bound-tightening loop iterations: 8
	Number of eliminated variables: 0
	Number of constraints removed due to variable elimination: 0
	Number of equations removed due to variable elimination: 0
	--- Engine Statistics ---
	Number of main loop iterations: 1
		0 iterations were simplex steps. Total time: 0 milli. Average: 0.00 milli.
		0 iterations were constraint-fixing steps. Total time: 0 milli. Average: 0.00 milli
	Number of active piecewise-linear constraints: 192 / 300
		Constraints disabled by valid splits: 108. By SMT-originated splits: 0
	Last reported degradation: 0.0000000000. Max degradation so far: 0.0000000000. Restorations so far: 0
	Number of simplex pivots we attempted to skip because of instability: 0.
	Unstable pivots performed anyway: 0
	--- Tableau Statistics ---
	Total number of pivots performed: 0
		Real pivots: 0. Degenerate: 0 (0.00%)
		Degenerate pivots by request (e.g., to fix a PL constraint): 0 (0.00%)
		Average time per pivot: 0.00 milli
	Total number of fake pivots performed: 0
	Total number of rows added: 0. Number of merged columns: 0
	Current tableau dimensions: M = 604, N = 1518
	--- SMT Core Statistics ---
	Total depth is 0. Total visited states: 1. Number of splits: 0. Number of pops: 0
	Max stack depth: 0
	--- Bound Tightening Statistics ---
	Number of tightened bounds: 0.
		Number of rows examined by row tightener: 0. Consequent tightenings: 0
		Number of explicit basis matrices examined by row tightener: 0. Consequent tightenings: 0
		Number of bound tightening rounds on the entire constraint matrix: 0. Consequent tightenings: 0
		Number of bound notifications sent to PL constraints: 1800. Tightenings proposed: 0
	--- Basis Factorization statistics ---
	Number of basis refactorizations: 2
	--- Projected Steepest Edge Statistics ---
	Number of iterations: 0.
	Number of resets to reference space: 1. Avg. iterations per reset: 0
	--- SBT ---
	Number of tightened bounds: 737
	--- SoI-based local search ---
	Number of proposed phase pattern update: 0. Number of accepted update: 0 [0.00%]
	Total time (% of local search time) updating SoI phase pattern : 0 milli [0.00%]
	Total time obtaining current assignment: 0 milli [0.00%]
	Total time getting SoI phase pattern : 0 milli [0.00%]
	--- Context dependent statistics ---
	Number of pushes / pops: 0 / 0
		[0.00%] Pre-Push hook: 0 milli
		[0.00%] Push : 0 milli
		[0.00%] Post-Pop hook: 0 milli
		[0.00%] Pop : 0 milli
		[0.00%] Total context-switching time: 0 milli
	--- Proof Certificate ---
	Number of certified leaves: 0
	Number of leaves to delegate: 0
	Number of lemmas: 0

---
start solving without an agent
Performing precision restoration. Degradation before: 0.009985428924869. After: 0.000000000000576
Performing precision restoration. Degradation before: 0.046685265941459. After: 0.000000000000143
Performing precision restoration. Degradation before: 0.005817082658635. After: 0.000000000000502
High degradation found!
Performing precision restoration. Degradation before: 0.100301149394878. After: 0.000000000000310
Performing precision restoration. Degradation before: 0.000000375055135. After: 0.000000000000181
Performing precision restoration. Degradation before: 0.000166337449489. After: 0.000000000000170
Performing precision restoration. Degradation before: 0.025841731534774. After: 0.000000000001308
Performing precision restoration. Degradation before: 0.055948626293655. After: 0.000000000000135
Performing precision restoration. Degradation before: 0.000009039238914. After: 0.000000000000506
Performing precision restoration. Degradation before: 0.000003682312941. After: 0.000000000000356
High degradation found!
Performing precision restoration. Degradation before: 0.100303165578375. After: 0.000000000000413
Performing precision restoration. Degradation before: 0.003042561487347. After: 0.000000000000343
Performing precision restoration. Degradation before: 0.005586224620434. After: 0.000000000000271
MalformedBasisException caught!
Performing precision restoration. Degradation before: 0.000000597356676. After: 0.000000000000053
Performing precision restoration. Degradation before: 0.000379247345851. After: 0.000000000000425
Performing precision restoration. Degradation before: 0.036773137278767. After: 0.000000000000376
Performing precision restoration. Degradation before: 0.000410864353328. After: 0.000000000000451
Performing precision restoration. Degradation before: 0.000009994741211. After: 0.000000000000528
Performing precision restoration. Degradation before: 0.013785535266284. After: 0.000000000000110
MalformedBasisException caught!
Performing precision restoration. Degradation before: 0.000000763146803. After: 0.000000000000054


Engine: quitting due to timeout...

Final statistics:

15:56:23 Statistics update:
	--- Time Statistics ---
	Total time elapsed: 3600023 milli (01:00:00)
		Main loop: 3598984 milli (00:59:58)
		Preprocessing time: 47 milli (00:00:00)
		Unknown: 991 milli (00:00:00)
	Breakdown for main loop:
		[55.46%] Simplex steps: 1995968 milli
		[24.18%] Explicit-basis bound tightening: 870333 milli
		[0.00%] Constraint-matrix bound tightening: 0 milli
		[0.23%] Degradation checking: 8180 milli
		[0.01%] Precision restoration: 232 milli
		[0.13%] Statistics handling: 4526 milli
		[0.00%] Constraint-fixing steps: 0 milli
		[0.07%] Valid case splits: 2593 milli. Average per split: 0.00 milli
		[0.02%] Applying stored bound-tightening: 592 milli
		[1.14%] SMT core: 40950 milli
		[14.21%] Symbolic Bound Tightening: 511384 milli
		[34.27%] SoI-based local search: 1233507 milli
		[0.00%] SoI-based local search: 0 milli
		[4.56%] Unaccounted for: 164222 milli
	--- Preprocessor Statistics ---
	Number of preprocessor bound-tightening loop iterations: 8
	Number of eliminated variables: 0
	Number of constraints removed due to variable elimination: 0
	Number of equations removed due to variable elimination: 0
	--- Engine Statistics ---
	Number of main loop iterations: 2780660
		2719888 iterations were simplex steps. Total time: 1995968 milli. Average: 0.73 milli.
		0 iterations were constraint-fixing steps. Total time: 0 milli. Average: 0.00 milli
	Number of active piecewise-linear constraints: 70 / 300
		Constraints disabled by valid splits: 161. By SMT-originated splits: 69
	Last reported degradation: 0.0000000000. Max degradation so far: 0.1003031656. Restorations so far: 20
	Number of simplex pivots we attempted to skip because of instability: 512.
	Unstable pivots performed anyway: 1
	--- Tableau Statistics ---
	Total number of pivots performed: 2500930
		Real pivots: 2494577. Degenerate: 6353 (0.25%)
		Degenerate pivots by request (e.g., to fix a PL constraint): 0 (0.00%)
		Average time per pivot: 0.09 milli
	Total number of fake pivots performed: 67914
	Total number of rows added: 0. Number of merged columns: 0
	Current tableau dimensions: M = 604, N = 1518
	--- SMT Core Statistics ---
	Total depth is 73. Total visited states: 51424. Number of splits: 25744. Number of pops: 25679
	Max stack depth: 95
	--- Bound Tightening Statistics ---
	Number of tightened bounds: 5474859.
		Number of rows examined by row tightener: 2500930. Consequent tightenings: 447426
		Number of explicit basis matrices examined by row tightener: 19066. Consequent tightenings: 1200205
		Number of bound tightening rounds on the entire constraint matrix: 0. Consequent tightenings: 0
		Number of bound notifications sent to PL constraints: 12424578. Tightenings proposed: 0
	--- Basis Factorization statistics ---
	Number of basis refactorizations: 21222
	--- Projected Steepest Edge Statistics ---
	Number of iterations: 2569355.
	Number of resets to reference space: 25902. Avg. iterations per reset: 99
	--- SBT ---
	Number of tightened bounds: 5414876
	--- SoI-based local search ---
	Number of proposed phase pattern update: 30657. Number of accepted update: 50621 [165.12%]
	Total time (% of local search time) updating SoI phase pattern : 4988293 milli [0.40%]
	Total time obtaining current assignment: 11900772 milli [0.96%]
	Total time getting SoI phase pattern : 3139271 milli [0.09%]
	--- Context dependent statistics ---
	Number of pushes / pops: 51428 / 51355
		[0.04%] Pre-Push hook: 1478 milli
		[0.00%] Push : 0 milli
		[0.04%] Post-Pop hook: 1582 milli
		[0.02%] Pop : 810 milli
		[0.11%] Total context-switching time: 3871 milli
	--- Proof Certificate ---
	Number of certified leaves: 0
	Number of leaves to delegate: 0
	Number of lemmas: 0
Timeout
end run time: 15:56:23
DQN: Done solving. Time : 3600072 milli. 

