[512] processing ex_0513_label_0 …
start run time: 10:17:36
Network: /cs/labs/guykatz/maya.swisa/elbit/20_8/Marabou/resources/nnet/acasxu/ACASXU_experimental_v2a_1_1.nnet
Number of layers: 8. Input layer size: 5. Output layer size: 5. Number of ReLUs: 300
Total number of variables: 610
Property: /cs/labs/guykatz/maya.swisa/elbit/PROPERTY_1_08091/ex_0513_label_0/eps01.txt

Engine::processInputQuery: Input query (before preprocessing): 309 equations, 610 variables
Engine::processInputQuery: Input query (after preprocessing): 604 equations, 914 variables


Engine::solve: Initial statistics

10:17:37 Statistics update:
	--- Time Statistics ---
	Total time elapsed: 59 milli (00:00:00)
		Main loop: 0 milli (00:00:00)
		Preprocessing time: 41 milli (00:00:00)
		Unknown: 17 milli (00:00:00)
	Breakdown for main loop:
		[0.00%] Simplex steps: 0 milli
		[0.00%] Explicit-basis bound tightening: 0 milli
		[0.00%] Constraint-matrix bound tightening: 0 milli
		[0.00%] Degradation checking: 0 milli
		[0.00%] Precision restoration: 0 milli
		[0.00%] Statistics handling: 0 milli
		[0.00%] Constraint-fixing steps: 0 milli
		[0.00%] Valid case splits: 1 milli. Average per split: 0.00 milli
		[0.00%] Applying stored bound-tightening: 0 milli
		[0.00%] SMT core: 0 milli
		[0.00%] Symbolic Bound Tightening: 5 milli
		[0.00%] SoI-based local search: 0 milli
		[0.00%] SoI-based local search: 0 milli
		[0.00%] Unaccounted for: 0 milli
	--- Preprocessor Statistics ---
	Number of preprocessor bound-tightening loop iterations: 8
	Number of eliminated variables: 0
	Number of constraints removed due to variable elimination: 0
	Number of equations removed due to variable elimination: 0
	--- Engine Statistics ---
	Number of main loop iterations: 1
		0 iterations were simplex steps. Total time: 0 milli. Average: 0.00 milli.
		0 iterations were constraint-fixing steps. Total time: 0 milli. Average: 0.00 milli
	Number of active piecewise-linear constraints: 196 / 300
		Constraints disabled by valid splits: 104. By SMT-originated splits: 0
	Last reported degradation: 0.0000000000. Max degradation so far: 0.0000000000. Restorations so far: 0
	Number of simplex pivots we attempted to skip because of instability: 0.
	Unstable pivots performed anyway: 0
	--- Tableau Statistics ---
	Total number of pivots performed: 0
		Real pivots: 0. Degenerate: 0 (0.00%)
		Degenerate pivots by request (e.g., to fix a PL constraint): 0 (0.00%)
		Average time per pivot: 0.00 milli
	Total number of fake pivots performed: 0
	Total number of rows added: 0. Number of merged columns: 0
	Current tableau dimensions: M = 604, N = 1518
	--- SMT Core Statistics ---
	Total depth is 0. Total visited states: 1. Number of splits: 0. Number of pops: 0
	Max stack depth: 0
	--- Bound Tightening Statistics ---
	Number of tightened bounds: 0.
		Number of rows examined by row tightener: 0. Consequent tightenings: 0
		Number of explicit basis matrices examined by row tightener: 0. Consequent tightenings: 0
		Number of bound tightening rounds on the entire constraint matrix: 0. Consequent tightenings: 0
		Number of bound notifications sent to PL constraints: 1800. Tightenings proposed: 0
	--- Basis Factorization statistics ---
	Number of basis refactorizations: 2
	--- Projected Steepest Edge Statistics ---
	Number of iterations: 0.
	Number of resets to reference space: 1. Avg. iterations per reset: 0
	--- SBT ---
	Number of tightened bounds: 734
	--- SoI-based local search ---
	Number of proposed phase pattern update: 0. Number of accepted update: 0 [0.00%]
	Total time (% of local search time) updating SoI phase pattern : 0 milli [0.00%]
	Total time obtaining current assignment: 0 milli [0.00%]
	Total time getting SoI phase pattern : 0 milli [0.00%]
	--- Context dependent statistics ---
	Number of pushes / pops: 0 / 0
		[0.00%] Pre-Push hook: 0 milli
		[0.00%] Push : 0 milli
		[0.00%] Post-Pop hook: 0 milli
		[0.00%] Pop : 0 milli
		[0.00%] Total context-switching time: 0 milli
	--- Proof Certificate ---
	Number of certified leaves: 0
	Number of leaves to delegate: 0
	Number of lemmas: 0

---
start solving without an agent
Performing precision restoration. Degradation before: 0.000018944514839. After: 0.000000000000237
Performing precision restoration. Degradation before: 0.001939594903305. After: 0.000000000000453
Performing precision restoration. Degradation before: 0.019380271902623. After: 0.000000000000118
Performing precision restoration. Degradation before: 0.000013467166287. After: 0.000000000000124
Performing precision restoration. Degradation before: 0.000082775299916. After: 0.000000000000091
High degradation found!
Performing precision restoration. Degradation before: 0.100723092850311. After: 0.000000000000123
Performing precision restoration. Degradation before: 0.000237843774550. After: 0.000000000000136
Performing precision restoration. Degradation before: 0.000237475766979. After: 0.000000000000611
High degradation found!
Performing precision restoration. Degradation before: 0.108399323588673. After: 0.000000000000247
Performing precision restoration. Degradation before: 0.002282586939600. After: 0.000000000000222
Performing precision restoration. Degradation before: 0.007354432738567. After: 0.000000000000124
Performing precision restoration. Degradation before: 0.000559208706880. After: 0.000000000000378
Performing precision restoration. Degradation before: 0.000648131093154. After: 0.000000000000219
Performing precision restoration. Degradation before: 0.003007375790476. After: 0.000000000000133
Performing precision restoration. Degradation before: 0.000074088634141. After: 0.000000000000138


Engine: quitting due to timeout...

Final statistics:

11:17:37 Statistics update:
	--- Time Statistics ---
	Total time elapsed: 3600041 milli (01:00:00)
		Main loop: 3598657 milli (00:59:58)
		Preprocessing time: 41 milli (00:00:00)
		Unknown: 1342 milli (00:00:01)
	Breakdown for main loop:
		[47.73%] Simplex steps: 1717781 milli
		[26.13%] Explicit-basis bound tightening: 940229 milli
		[0.00%] Constraint-matrix bound tightening: 0 milli
		[0.19%] Degradation checking: 6715 milli
		[0.00%] Precision restoration: 120 milli
		[0.04%] Statistics handling: 1511 milli
		[0.00%] Constraint-fixing steps: 0 milli
		[0.11%] Valid case splits: 3907 milli. Average per split: 0.00 milli
		[0.02%] Applying stored bound-tightening: 812 milli
		[2.19%] SMT core: 78929 milli
		[17.05%] Symbolic Bound Tightening: 613584 milli
		[26.25%] SoI-based local search: 944520 milli
		[0.00%] SoI-based local search: 0 milli
		[6.53%] Unaccounted for: 235064 milli
	--- Preprocessor Statistics ---
	Number of preprocessor bound-tightening loop iterations: 8
	Number of eliminated variables: 0
	Number of constraints removed due to variable elimination: 0
	Number of equations removed due to variable elimination: 0
	--- Engine Statistics ---
	Number of main loop iterations: 3803778
		3681220 iterations were simplex steps. Total time: 1717781 milli. Average: 0.47 milli.
		0 iterations were constraint-fixing steps. Total time: 0 milli. Average: 0.00 milli
	Number of active piecewise-linear constraints: 83 / 300
		Constraints disabled by valid splits: 188. By SMT-originated splits: 29
	Last reported degradation: 0.0000000000. Max degradation so far: 0.1083993236. Restorations so far: 15
	Number of simplex pivots we attempted to skip because of instability: 2850.
	Unstable pivots performed anyway: 35
	--- Tableau Statistics ---
	Total number of pivots performed: 3259907
		Real pivots: 3250598. Degenerate: 9309 (0.29%)
		Degenerate pivots by request (e.g., to fix a PL constraint): 0 (0.00%)
		Average time per pivot: 0.06 milli
	Total number of fake pivots performed: 124566
	Total number of rows added: 0. Number of merged columns: 0
	Current tableau dimensions: M = 604, N = 1518
	--- SMT Core Statistics ---
	Total depth is 32. Total visited states: 103319. Number of splits: 51679. Number of pops: 51639
	Max stack depth: 100
	--- Bound Tightening Statistics ---
	Number of tightened bounds: 13190506.
		Number of rows examined by row tightener: 3259908. Consequent tightenings: 679563
		Number of explicit basis matrices examined by row tightener: 29443. Consequent tightenings: 3129285
		Number of bound tightening rounds on the entire constraint matrix: 0. Consequent tightenings: 0
		Number of bound notifications sent to PL constraints: 27579712. Tightenings proposed: 0
	--- Basis Factorization statistics ---
	Number of basis refactorizations: 27980
	--- Projected Steepest Edge Statistics ---
	Number of iterations: 3387289.
	Number of resets to reference space: 51809. Avg. iterations per reset: 65
	--- SBT ---
	Number of tightened bounds: 13145700
	--- SoI-based local search ---
	Number of proposed phase pattern update: 62596. Number of accepted update: 101649 [162.39%]
	Total time (% of local search time) updating SoI phase pattern : 6759174 milli [0.72%]
	Total time obtaining current assignment: 20046581 milli [2.12%]
	Total time getting SoI phase pattern : 2615697 milli [0.07%]
	--- Context dependent statistics ---
	Number of pushes / pops: 103328 / 103296
		[0.09%] Pre-Push hook: 3282 milli
		[0.00%] Push : 0 milli
		[0.07%] Post-Pop hook: 2483 milli
		[0.09%] Pop : 3206 milli
		[0.25%] Total context-switching time: 8972 milli
	--- Proof Certificate ---
	Number of certified leaves: 0
	Number of leaves to delegate: 0
	Number of lemmas: 0
Timeout
end run time: 11:17:37
DQN: Done solving. Time : 3600062 milli. 

start run time: 11:17:37
Network: /cs/labs/guykatz/maya.swisa/elbit/20_8/Marabou/resources/nnet/acasxu/ACASXU_experimental_v2a_1_1.nnet
Number of layers: 8. Input layer size: 5. Output layer size: 5. Number of ReLUs: 300
Total number of variables: 610
Property: /cs/labs/guykatz/maya.swisa/elbit/PROPERTY_1_08091/ex_0513_label_0/eps02.txt

Engine::processInputQuery: Input query (before preprocessing): 309 equations, 610 variables
Engine::processInputQuery: Input query (after preprocessing): 604 equations, 914 variables


Engine::solve: Initial statistics

11:17:37 Statistics update:
	--- Time Statistics ---
	Total time elapsed: 38 milli (00:00:00)
		Main loop: 0 milli (00:00:00)
		Preprocessing time: 30 milli (00:00:00)
		Unknown: 7 milli (00:00:00)
	Breakdown for main loop:
		[0.00%] Simplex steps: 0 milli
		[0.00%] Explicit-basis bound tightening: 0 milli
		[0.00%] Constraint-matrix bound tightening: 0 milli
		[0.00%] Degradation checking: 0 milli
		[0.00%] Precision restoration: 0 milli
		[0.00%] Statistics handling: 0 milli
		[0.00%] Constraint-fixing steps: 0 milli
		[0.00%] Valid case splits: 1 milli. Average per split: 0.00 milli
		[0.00%] Applying stored bound-tightening: 0 milli
		[0.00%] SMT core: 0 milli
		[0.00%] Symbolic Bound Tightening: 5 milli
		[0.00%] SoI-based local search: 0 milli
		[0.00%] SoI-based local search: 0 milli
		[0.00%] Unaccounted for: 0 milli
	--- Preprocessor Statistics ---
	Number of preprocessor bound-tightening loop iterations: 8
	Number of eliminated variables: 0
	Number of constraints removed due to variable elimination: 0
	Number of equations removed due to variable elimination: 0
	--- Engine Statistics ---
	Number of main loop iterations: 1
		0 iterations were simplex steps. Total time: 0 milli. Average: 0.00 milli.
		0 iterations were constraint-fixing steps. Total time: 0 milli. Average: 0.00 milli
	Number of active piecewise-linear constraints: 206 / 300
		Constraints disabled by valid splits: 94. By SMT-originated splits: 0
	Last reported degradation: 0.0000000000. Max degradation so far: 0.0000000000. Restorations so far: 0
	Number of simplex pivots we attempted to skip because of instability: 0.
	Unstable pivots performed anyway: 0
	--- Tableau Statistics ---
	Total number of pivots performed: 0
		Real pivots: 0. Degenerate: 0 (0.00%)
		Degenerate pivots by request (e.g., to fix a PL constraint): 0 (0.00%)
		Average time per pivot: 0.00 milli
	Total number of fake pivots performed: 0
	Total number of rows added: 0. Number of merged columns: 0
	Current tableau dimensions: M = 604, N = 1518
	--- SMT Core Statistics ---
	Total depth is 0. Total visited states: 1. Number of splits: 0. Number of pops: 0
	Max stack depth: 0
	--- Bound Tightening Statistics ---
	Number of tightened bounds: 0.
		Number of rows examined by row tightener: 0. Consequent tightenings: 0
		Number of explicit basis matrices examined by row tightener: 0. Consequent tightenings: 0
		Number of bound tightening rounds on the entire constraint matrix: 0. Consequent tightenings: 0
		Number of bound notifications sent to PL constraints: 1800. Tightenings proposed: 0
	--- Basis Factorization statistics ---
	Number of basis refactorizations: 2
	--- Projected Steepest Edge Statistics ---
	Number of iterations: 0.
	Number of resets to reference space: 1. Avg. iterations per reset: 0
	--- SBT ---
	Number of tightened bounds: 734
	--- SoI-based local search ---
	Number of proposed phase pattern update: 0. Number of accepted update: 0 [0.00%]
	Total time (% of local search time) updating SoI phase pattern : 0 milli [0.00%]
	Total time obtaining current assignment: 0 milli [0.00%]
	Total time getting SoI phase pattern : 0 milli [0.00%]
	--- Context dependent statistics ---
	Number of pushes / pops: 0 / 0
		[0.00%] Pre-Push hook: 0 milli
		[0.00%] Push : 0 milli
		[0.00%] Post-Pop hook: 0 milli
		[0.00%] Pop : 0 milli
		[0.00%] Total context-switching time: 0 milli
	--- Proof Certificate ---
	Number of certified leaves: 0
	Number of leaves to delegate: 0
	Number of lemmas: 0

---
start solving without an agent
Performing precision restoration. Degradation before: 0.045258295146053. After: 0.000000000000225
High degradation found!
Performing precision restoration. Degradation before: 3.615572529560128. After: 0.000000000000794
Performing precision restoration. Degradation before: 0.000392067169902. After: 0.000000000000263
Performing precision restoration. Degradation before: 0.000000457422479. After: 0.000000000000375
Performing precision restoration. Degradation before: 0.015327135408740. After: 0.000000000000212


Engine: quitting due to timeout...

Final statistics:

12:17:37 Statistics update:
	--- Time Statistics ---
	Total time elapsed: 3600037 milli (01:00:00)
		Main loop: 3598685 milli (00:59:58)
		Preprocessing time: 30 milli (00:00:00)
		Unknown: 1321 milli (00:00:01)
	Breakdown for main loop:
		[54.03%] Simplex steps: 1944243 milli
		[25.95%] Explicit-basis bound tightening: 933991 milli
		[0.00%] Constraint-matrix bound tightening: 0 milli
		[0.21%] Degradation checking: 7653 milli
		[0.00%] Precision restoration: 38 milli
		[0.13%] Statistics handling: 4737 milli
		[0.00%] Constraint-fixing steps: 0 milli
		[0.10%] Valid case splits: 3694 milli. Average per split: 0.00 milli
		[0.02%] Applying stored bound-tightening: 586 milli
		[1.69%] SMT core: 60711 milli
		[12.86%] Symbolic Bound Tightening: 462773 milli
		[33.00%] SoI-based local search: 1187466 milli
		[0.00%] SoI-based local search: 0 milli
		[5.01%] Unaccounted for: 180254 milli
	--- Preprocessor Statistics ---
	Number of preprocessor bound-tightening loop iterations: 8
	Number of eliminated variables: 0
	Number of constraints removed due to variable elimination: 0
	Number of equations removed due to variable elimination: 0
	--- Engine Statistics ---
	Number of main loop iterations: 4032908
		3933869 iterations were simplex steps. Total time: 1944243 milli. Average: 0.49 milli.
		0 iterations were constraint-fixing steps. Total time: 0 milli. Average: 0.00 milli
	Number of active piecewise-linear constraints: 84 / 300
		Constraints disabled by valid splits: 161. By SMT-originated splits: 55
	Last reported degradation: 0.0000000000. Max degradation so far: 3.6155725296. Restorations so far: 5
	Number of simplex pivots we attempted to skip because of instability: 470.
	Unstable pivots performed anyway: 3
	--- Tableau Statistics ---
	Total number of pivots performed: 3574744
		Real pivots: 3566631. Degenerate: 8113 (0.23%)
		Degenerate pivots by request (e.g., to fix a PL constraint): 0 (0.00%)
		Average time per pivot: 0.06 milli
	Total number of fake pivots performed: 125725
	Total number of rows added: 0. Number of merged columns: 0
	Current tableau dimensions: M = 604, N = 1518
	--- SMT Core Statistics ---
	Total depth is 59. Total visited states: 81043. Number of splits: 40548. Number of pops: 40494
	Max stack depth: 84
	--- Bound Tightening Statistics ---
	Number of tightened bounds: 9664773.
		Number of rows examined by row tightener: 3574744. Consequent tightenings: 723687
		Number of explicit basis matrices examined by row tightener: 29719. Consequent tightenings: 2100350
		Number of bound tightening rounds on the entire constraint matrix: 0. Consequent tightenings: 0
		Number of bound notifications sent to PL constraints: 21822414. Tightenings proposed: 0
	--- Basis Factorization statistics ---
	Number of basis refactorizations: 31996
	--- Projected Steepest Edge Statistics ---
	Number of iterations: 3700936.
	Number of resets to reference space: 40581. Avg. iterations per reset: 91
	--- SBT ---
	Number of tightened bounds: 9650327
	--- SoI-based local search ---
	Number of proposed phase pattern update: 47807. Number of accepted update: 80434 [168.25%]
	Total time (% of local search time) updating SoI phase pattern : 6668618 milli [0.56%]
	Total time obtaining current assignment: 17803398 milli [1.50%]
	Total time getting SoI phase pattern : 3705005 milli [0.10%]
	--- Context dependent statistics ---
	Number of pushes / pops: 81049 / 80990
		[0.06%] Pre-Push hook: 2256 milli
		[0.00%] Push : 0 milli
		[0.06%] Post-Pop hook: 2059 milli
		[0.05%] Pop : 1807 milli
		[0.17%] Total context-switching time: 6123 milli
	--- Proof Certificate ---
	Number of certified leaves: 0
	Number of leaves to delegate: 0
	Number of lemmas: 0
Timeout
end run time: 12:17:37
DQN: Done solving. Time : 3600090 milli. 

start run time: 12:17:37
Network: /cs/labs/guykatz/maya.swisa/elbit/20_8/Marabou/resources/nnet/acasxu/ACASXU_experimental_v2a_1_1.nnet
Number of layers: 8. Input layer size: 5. Output layer size: 5. Number of ReLUs: 300
Total number of variables: 610
Property: /cs/labs/guykatz/maya.swisa/elbit/PROPERTY_1_08091/ex_0513_label_0/eps03.txt

Engine::processInputQuery: Input query (before preprocessing): 309 equations, 610 variables
Engine::processInputQuery: Input query (after preprocessing): 604 equations, 914 variables


Engine::solve: Initial statistics

12:17:37 Statistics update:
	--- Time Statistics ---
	Total time elapsed: 117 milli (00:00:00)
		Main loop: 0 milli (00:00:00)
		Preprocessing time: 31 milli (00:00:00)
		Unknown: 86 milli (00:00:00)
	Breakdown for main loop:
		[0.00%] Simplex steps: 0 milli
		[0.00%] Explicit-basis bound tightening: 0 milli
		[0.00%] Constraint-matrix bound tightening: 0 milli
		[0.00%] Degradation checking: 0 milli
		[0.00%] Precision restoration: 0 milli
		[0.00%] Statistics handling: 0 milli
		[0.00%] Constraint-fixing steps: 0 milli
		[0.00%] Valid case splits: 1 milli. Average per split: 0.00 milli
		[0.00%] Applying stored bound-tightening: 0 milli
		[0.00%] SMT core: 0 milli
		[0.00%] Symbolic Bound Tightening: 5 milli
		[0.00%] SoI-based local search: 0 milli
		[0.00%] SoI-based local search: 0 milli
		[0.00%] Unaccounted for: 0 milli
	--- Preprocessor Statistics ---
	Number of preprocessor bound-tightening loop iterations: 8
	Number of eliminated variables: 0
	Number of constraints removed due to variable elimination: 0
	Number of equations removed due to variable elimination: 0
	--- Engine Statistics ---
	Number of main loop iterations: 1
		0 iterations were simplex steps. Total time: 0 milli. Average: 0.00 milli.
		0 iterations were constraint-fixing steps. Total time: 0 milli. Average: 0.00 milli
	Number of active piecewise-linear constraints: 218 / 300
		Constraints disabled by valid splits: 82. By SMT-originated splits: 0
	Last reported degradation: 0.0000000000. Max degradation so far: 0.0000000000. Restorations so far: 0
	Number of simplex pivots we attempted to skip because of instability: 0.
	Unstable pivots performed anyway: 0
	--- Tableau Statistics ---
	Total number of pivots performed: 0
		Real pivots: 0. Degenerate: 0 (0.00%)
		Degenerate pivots by request (e.g., to fix a PL constraint): 0 (0.00%)
		Average time per pivot: 0.00 milli
	Total number of fake pivots performed: 0
	Total number of rows added: 0. Number of merged columns: 0
	Current tableau dimensions: M = 604, N = 1518
	--- SMT Core Statistics ---
	Total depth is 0. Total visited states: 1. Number of splits: 0. Number of pops: 0
	Max stack depth: 0
	--- Bound Tightening Statistics ---
	Number of tightened bounds: 0.
		Number of rows examined by row tightener: 0. Consequent tightenings: 0
		Number of explicit basis matrices examined by row tightener: 0. Consequent tightenings: 0
		Number of bound tightening rounds on the entire constraint matrix: 0. Consequent tightenings: 0
		Number of bound notifications sent to PL constraints: 1800. Tightenings proposed: 0
	--- Basis Factorization statistics ---
	Number of basis refactorizations: 2
	--- Projected Steepest Edge Statistics ---
	Number of iterations: 0.
	Number of resets to reference space: 1. Avg. iterations per reset: 0
	--- SBT ---
	Number of tightened bounds: 733
	--- SoI-based local search ---
	Number of proposed phase pattern update: 0. Number of accepted update: 0 [0.00%]
	Total time (% of local search time) updating SoI phase pattern : 0 milli [0.00%]
	Total time obtaining current assignment: 0 milli [0.00%]
	Total time getting SoI phase pattern : 0 milli [0.00%]
	--- Context dependent statistics ---
	Number of pushes / pops: 0 / 0
		[0.00%] Pre-Push hook: 0 milli
		[0.00%] Push : 0 milli
		[0.00%] Post-Pop hook: 0 milli
		[0.00%] Pop : 0 milli
		[0.00%] Total context-switching time: 0 milli
	--- Proof Certificate ---
	Number of certified leaves: 0
	Number of leaves to delegate: 0
	Number of lemmas: 0

---
start solving without an agent
High degradation found!
Performing precision restoration. Degradation before: 0.107079884824661. After: 0.000000000000273
Performing precision restoration. Degradation before: 0.000001244681784. After: 0.000000000002354
Performing precision restoration. Degradation before: 0.039363369431730. After: 0.000000000000133
Performing precision restoration. Degradation before: 0.000000403788173. After: 0.000000000000214
Performing precision restoration. Degradation before: 0.000003626527706. After: 0.000000000000413
Performing precision restoration. Degradation before: 0.000073760059006. After: 0.000000000000094
Performing precision restoration. Degradation before: 0.004047153854782. After: 0.000000000000218
Performing precision restoration. Degradation before: 0.000157725223550. After: 0.000000000000119
High degradation found!
Performing precision restoration. Degradation before: 0.101381800994960. After: 0.000000000000186
MalformedBasisException caught!
Performing precision restoration. Degradation before: 0.000267877552423. After: 0.000000000000058
Performing precision restoration. Degradation before: 0.005410330236694. After: 0.000000000000187
Performing precision restoration. Degradation before: 0.000392267857193. After: 0.000000000000244
Performing precision restoration. Degradation before: 0.008126799080285. After: 0.000000000003392
Performing precision restoration. Degradation before: 0.000002848843300. After: 0.000000000000970
Performing precision restoration. Degradation before: 0.001462302974438. After: 0.000000000000210
Performing precision restoration. Degradation before: 0.004778254907011. After: 0.000000000000241
Performing precision restoration. Degradation before: 0.000950608444117. After: 0.000000000000177
Performing precision restoration. Degradation before: 0.031423452092901. After: 0.000000000000317
Performing precision restoration. Degradation before: 0.012293788347568. After: 0.000000000000348


Engine: quitting due to timeout...

Final statistics:

13:17:37 Statistics update:
	--- Time Statistics ---
	Total time elapsed: 3600001 milli (01:00:00)
		Main loop: 3598590 milli (00:59:58)
		Preprocessing time: 31 milli (00:00:00)
		Unknown: 1379 milli (00:00:01)
	Breakdown for main loop:
		[52.62%] Simplex steps: 1893705 milli
		[26.10%] Explicit-basis bound tightening: 939377 milli
		[0.00%] Constraint-matrix bound tightening: 0 milli
		[0.20%] Degradation checking: 7038 milli
		[0.00%] Precision restoration: 146 milli
		[0.17%] Statistics handling: 5989 milli
		[0.00%] Constraint-fixing steps: 0 milli
		[0.10%] Valid case splits: 3522 milli. Average per split: 0.00 milli
		[0.02%] Applying stored bound-tightening: 577 milli
		[1.66%] SMT core: 59825 milli
		[13.69%] Symbolic Bound Tightening: 492523 milli
		[30.77%] SoI-based local search: 1107425 milli
		[0.00%] SoI-based local search: 0 milli
		[5.44%] Unaccounted for: 195883 milli
	--- Preprocessor Statistics ---
	Number of preprocessor bound-tightening loop iterations: 8
	Number of eliminated variables: 0
	Number of constraints removed due to variable elimination: 0
	Number of equations removed due to variable elimination: 0
	--- Engine Statistics ---
	Number of main loop iterations: 3884586
		3783323 iterations were simplex steps. Total time: 1893705 milli. Average: 0.50 milli.
		0 iterations were constraint-fixing steps. Total time: 0 milli. Average: 0.00 milli
	Number of active piecewise-linear constraints: 81 / 300
		Constraints disabled by valid splits: 154. By SMT-originated splits: 65
	Last reported degradation: 0.0000000006. Max degradation so far: 0.1070798848. Restorations so far: 19
	Number of simplex pivots we attempted to skip because of instability: 16933.
	Unstable pivots performed anyway: 7
	--- Tableau Statistics ---
	Total number of pivots performed: 3422873
		Real pivots: 3413584. Degenerate: 9289 (0.27%)
		Degenerate pivots by request (e.g., to fix a PL constraint): 0 (0.00%)
		Average time per pivot: 0.06 milli
	Total number of fake pivots performed: 106206
	Total number of rows added: 0. Number of merged columns: 0
	Current tableau dimensions: M = 604, N = 1518
	--- SMT Core Statistics ---
	Total depth is 69. Total visited states: 86234. Number of splits: 43152. Number of pops: 43081
	Max stack depth: 103
	--- Bound Tightening Statistics ---
	Number of tightened bounds: 9343182.
		Number of rows examined by row tightener: 3422873. Consequent tightenings: 717640
		Number of explicit basis matrices examined by row tightener: 27535. Consequent tightenings: 2113044
		Number of bound tightening rounds on the entire constraint matrix: 0. Consequent tightenings: 0
		Number of bound notifications sent to PL constraints: 21180363. Tightenings proposed: 0
	--- Basis Factorization statistics ---
	Number of basis refactorizations: 29395
	--- Projected Steepest Edge Statistics ---
	Number of iterations: 3546005.
	Number of resets to reference space: 43308. Avg. iterations per reset: 81
	--- SBT ---
	Number of tightened bounds: 9286231
	--- SoI-based local search ---
	Number of proposed phase pattern update: 51696. Number of accepted update: 85018 [164.46%]
	Total time (% of local search time) updating SoI phase pattern : 6149811 milli [0.56%]
	Total time obtaining current assignment: 15940619 milli [1.44%]
	Total time getting SoI phase pattern : 3253734 milli [0.09%]
	--- Context dependent statistics ---
	Number of pushes / pops: 86242 / 86173
		[0.07%] Pre-Push hook: 2433 milli
		[0.00%] Push : 0 milli
		[0.05%] Post-Pop hook: 1973 milli
		[0.06%] Pop : 2222 milli
		[0.18%] Total context-switching time: 6629 milli
	--- Proof Certificate ---
	Number of certified leaves: 0
	Number of leaves to delegate: 0
	Number of lemmas: 0
Timeout
end run time: 13:17:37
DQN: Done solving. Time : 3600024 milli. 

