[960] processing ex_0961_label_0 …
start run time: 13:02:26
Network: /cs/labs/guykatz/maya.swisa/elbit/20_8/Marabou/resources/nnet/acasxu/ACASXU_experimental_v2a_1_1.nnet
Number of layers: 8. Input layer size: 5. Output layer size: 5. Number of ReLUs: 300
Total number of variables: 610
Property: /cs/labs/guykatz/maya.swisa/elbit/PROPERTY_1_08091/ex_0961_label_0/eps01.txt

Engine::processInputQuery: Input query (before preprocessing): 309 equations, 610 variables
Engine::processInputQuery: Input query (after preprocessing): 604 equations, 914 variables


Engine::solve: Initial statistics

13:02:26 Statistics update:
	--- Time Statistics ---
	Total time elapsed: 121 milli (00:00:00)
		Main loop: 0 milli (00:00:00)
		Preprocessing time: 62 milli (00:00:00)
		Unknown: 58 milli (00:00:00)
	Breakdown for main loop:
		[0.00%] Simplex steps: 0 milli
		[0.00%] Explicit-basis bound tightening: 0 milli
		[0.00%] Constraint-matrix bound tightening: 0 milli
		[0.00%] Degradation checking: 0 milli
		[0.00%] Precision restoration: 0 milli
		[0.00%] Statistics handling: 0 milli
		[0.00%] Constraint-fixing steps: 0 milli
		[0.00%] Valid case splits: 4 milli. Average per split: 0.00 milli
		[0.00%] Applying stored bound-tightening: 0 milli
		[0.00%] SMT core: 0 milli
		[0.00%] Symbolic Bound Tightening: 8 milli
		[0.00%] SoI-based local search: 0 milli
		[0.00%] SoI-based local search: 0 milli
		[0.00%] Unaccounted for: 0 milli
	--- Preprocessor Statistics ---
	Number of preprocessor bound-tightening loop iterations: 8
	Number of eliminated variables: 0
	Number of constraints removed due to variable elimination: 0
	Number of equations removed due to variable elimination: 0
	--- Engine Statistics ---
	Number of main loop iterations: 1
		0 iterations were simplex steps. Total time: 0 milli. Average: 0.00 milli.
		0 iterations were constraint-fixing steps. Total time: 0 milli. Average: 0.00 milli
	Number of active piecewise-linear constraints: 147 / 300
		Constraints disabled by valid splits: 153. By SMT-originated splits: 0
	Last reported degradation: 0.0000000000. Max degradation so far: 0.0000000000. Restorations so far: 0
	Number of simplex pivots we attempted to skip because of instability: 0.
	Unstable pivots performed anyway: 0
	--- Tableau Statistics ---
	Total number of pivots performed: 0
		Real pivots: 0. Degenerate: 0 (0.00%)
		Degenerate pivots by request (e.g., to fix a PL constraint): 0 (0.00%)
		Average time per pivot: 0.00 milli
	Total number of fake pivots performed: 0
	Total number of rows added: 0. Number of merged columns: 0
	Current tableau dimensions: M = 604, N = 1518
	--- SMT Core Statistics ---
	Total depth is 0. Total visited states: 1. Number of splits: 0. Number of pops: 0
	Max stack depth: 0
	--- Bound Tightening Statistics ---
	Number of tightened bounds: 0.
		Number of rows examined by row tightener: 0. Consequent tightenings: 0
		Number of explicit basis matrices examined by row tightener: 0. Consequent tightenings: 0
		Number of bound tightening rounds on the entire constraint matrix: 0. Consequent tightenings: 0
		Number of bound notifications sent to PL constraints: 1800. Tightenings proposed: 0
	--- Basis Factorization statistics ---
	Number of basis refactorizations: 2
	--- Projected Steepest Edge Statistics ---
	Number of iterations: 0.
	Number of resets to reference space: 1. Avg. iterations per reset: 0
	--- SBT ---
	Number of tightened bounds: 744
	--- SoI-based local search ---
	Number of proposed phase pattern update: 0. Number of accepted update: 0 [0.00%]
	Total time (% of local search time) updating SoI phase pattern : 0 milli [0.00%]
	Total time obtaining current assignment: 0 milli [0.00%]
	Total time getting SoI phase pattern : 0 milli [0.00%]
	--- Context dependent statistics ---
	Number of pushes / pops: 0 / 0
		[0.00%] Pre-Push hook: 0 milli
		[0.00%] Push : 0 milli
		[0.00%] Post-Pop hook: 0 milli
		[0.00%] Pop : 0 milli
		[0.00%] Total context-switching time: 0 milli
	--- Proof Certificate ---
	Number of certified leaves: 0
	Number of leaves to delegate: 0
	Number of lemmas: 0

---
start solving without an agent
MalformedBasisException caught!
Performing precision restoration. Degradation before: 0.000049178021029. After: 0.000000000000090
Performing precision restoration. Degradation before: 0.000337193297287. After: 0.000000000000225
Performing precision restoration. Degradation before: 0.000092248386144. After: 0.000000000000365
Performing precision restoration. Degradation before: 0.000032047977448. After: 0.000000000000255
Performing precision restoration. Degradation before: 0.001068685277406. After: 0.000000000000206
MalformedBasisException caught!
Performing precision restoration. Degradation before: 0.000000058483330. After: 0.000000000000096


Engine: quitting due to timeout...

Final statistics:

14:02:26 Statistics update:
	--- Time Statistics ---
	Total time elapsed: 3600004 milli (01:00:00)
		Main loop: 3598935 milli (00:59:58)
		Preprocessing time: 62 milli (00:00:00)
		Unknown: 1006 milli (00:00:01)
	Breakdown for main loop:
		[53.34%] Simplex steps: 1919836 milli
		[25.17%] Explicit-basis bound tightening: 905746 milli
		[0.00%] Constraint-matrix bound tightening: 0 milli
		[0.21%] Degradation checking: 7589 milli
		[0.00%] Precision restoration: 62 milli
		[0.08%] Statistics handling: 2962 milli
		[0.00%] Constraint-fixing steps: 0 milli
		[0.08%] Valid case splits: 2919 milli. Average per split: 0.00 milli
		[0.02%] Applying stored bound-tightening: 559 milli
		[1.29%] SMT core: 46294 milli
		[15.83%] Symbolic Bound Tightening: 569637 milli
		[31.33%] SoI-based local search: 1127606 milli
		[0.00%] SoI-based local search: 0 milli
		[3.98%] Unaccounted for: 143328 milli
	--- Preprocessor Statistics ---
	Number of preprocessor bound-tightening loop iterations: 8
	Number of eliminated variables: 0
	Number of constraints removed due to variable elimination: 0
	Number of equations removed due to variable elimination: 0
	--- Engine Statistics ---
	Number of main loop iterations: 2749942
		2678611 iterations were simplex steps. Total time: 1919836 milli. Average: 0.72 milli.
		0 iterations were constraint-fixing steps. Total time: 0 milli. Average: 0.00 milli
	Number of active piecewise-linear constraints: 47 / 300
		Constraints disabled by valid splits: 204. By SMT-originated splits: 49
	Last reported degradation: 0.0000000000. Max degradation so far: 0.0249152876. Restorations so far: 6
	Number of simplex pivots we attempted to skip because of instability: 2848.
	Unstable pivots performed anyway: 180
	--- Tableau Statistics ---
	Total number of pivots performed: 2468476
		Real pivots: 2458571. Degenerate: 9905 (0.40%)
		Degenerate pivots by request (e.g., to fix a PL constraint): 0 (0.00%)
		Average time per pivot: 0.09 milli
	Total number of fake pivots performed: 57164
	Total number of rows added: 0. Number of merged columns: 0
	Current tableau dimensions: M = 604, N = 1518
	--- SMT Core Statistics ---
	Total depth is 53. Total visited states: 55531. Number of splits: 27786. Number of pops: 27744
	Max stack depth: 73
	--- Bound Tightening Statistics ---
	Number of tightened bounds: 5997521.
		Number of rows examined by row tightener: 2468476. Consequent tightenings: 328751
		Number of explicit basis matrices examined by row tightener: 20170. Consequent tightenings: 1253653
		Number of bound tightening rounds on the entire constraint matrix: 0. Consequent tightenings: 0
		Number of bound notifications sent to PL constraints: 11837487. Tightenings proposed: 0
	--- Basis Factorization statistics ---
	Number of basis refactorizations: 22578
	--- Projected Steepest Edge Statistics ---
	Number of iterations: 2528308.
	Number of resets to reference space: 27821. Avg. iterations per reset: 90
	--- SBT ---
	Number of tightened bounds: 5980049
	--- SoI-based local search ---
	Number of proposed phase pattern update: 33723. Number of accepted update: 54536 [161.72%]
	Total time (% of local search time) updating SoI phase pattern : 4834125 milli [0.43%]
	Total time obtaining current assignment: 13715196 milli [1.22%]
	Total time getting SoI phase pattern : 2040280 milli [0.06%]
	--- Context dependent statistics ---
	Number of pushes / pops: 55531 / 55478
		[0.05%] Pre-Push hook: 1627 milli
		[0.00%] Push : 0 milli
		[0.06%] Post-Pop hook: 2176 milli
		[0.03%] Pop : 907 milli
		[0.13%] Total context-switching time: 4710 milli
	--- Proof Certificate ---
	Number of certified leaves: 0
	Number of leaves to delegate: 0
	Number of lemmas: 0
Timeout
end run time: 14:02:26
DQN: Done solving. Time : 3600026 milli. 

start run time: 14:02:26
Network: /cs/labs/guykatz/maya.swisa/elbit/20_8/Marabou/resources/nnet/acasxu/ACASXU_experimental_v2a_1_1.nnet
Number of layers: 8. Input layer size: 5. Output layer size: 5. Number of ReLUs: 300
Total number of variables: 610
Property: /cs/labs/guykatz/maya.swisa/elbit/PROPERTY_1_08091/ex_0961_label_0/eps02.txt

Engine::processInputQuery: Input query (before preprocessing): 309 equations, 610 variables
Engine::processInputQuery: Input query (after preprocessing): 604 equations, 914 variables


Engine::solve: Initial statistics

14:02:26 Statistics update:
	--- Time Statistics ---
	Total time elapsed: 83 milli (00:00:00)
		Main loop: 0 milli (00:00:00)
		Preprocessing time: 45 milli (00:00:00)
		Unknown: 37 milli (00:00:00)
	Breakdown for main loop:
		[0.00%] Simplex steps: 0 milli
		[0.00%] Explicit-basis bound tightening: 0 milli
		[0.00%] Constraint-matrix bound tightening: 0 milli
		[0.00%] Degradation checking: 0 milli
		[0.00%] Precision restoration: 0 milli
		[0.00%] Statistics handling: 0 milli
		[0.00%] Constraint-fixing steps: 0 milli
		[0.00%] Valid case splits: 3 milli. Average per split: 0.00 milli
		[0.00%] Applying stored bound-tightening: 0 milli
		[0.00%] SMT core: 0 milli
		[0.00%] Symbolic Bound Tightening: 8 milli
		[0.00%] SoI-based local search: 0 milli
		[0.00%] SoI-based local search: 0 milli
		[0.00%] Unaccounted for: 0 milli
	--- Preprocessor Statistics ---
	Number of preprocessor bound-tightening loop iterations: 8
	Number of eliminated variables: 0
	Number of constraints removed due to variable elimination: 0
	Number of equations removed due to variable elimination: 0
	--- Engine Statistics ---
	Number of main loop iterations: 1
		0 iterations were simplex steps. Total time: 0 milli. Average: 0.00 milli.
		0 iterations were constraint-fixing steps. Total time: 0 milli. Average: 0.00 milli
	Number of active piecewise-linear constraints: 171 / 300
		Constraints disabled by valid splits: 129. By SMT-originated splits: 0
	Last reported degradation: 0.0000000000. Max degradation so far: 0.0000000000. Restorations so far: 0
	Number of simplex pivots we attempted to skip because of instability: 0.
	Unstable pivots performed anyway: 0
	--- Tableau Statistics ---
	Total number of pivots performed: 0
		Real pivots: 0. Degenerate: 0 (0.00%)
		Degenerate pivots by request (e.g., to fix a PL constraint): 0 (0.00%)
		Average time per pivot: 0.00 milli
	Total number of fake pivots performed: 0
	Total number of rows added: 0. Number of merged columns: 0
	Current tableau dimensions: M = 604, N = 1518
	--- SMT Core Statistics ---
	Total depth is 0. Total visited states: 1. Number of splits: 0. Number of pops: 0
	Max stack depth: 0
	--- Bound Tightening Statistics ---
	Number of tightened bounds: 0.
		Number of rows examined by row tightener: 0. Consequent tightenings: 0
		Number of explicit basis matrices examined by row tightener: 0. Consequent tightenings: 0
		Number of bound tightening rounds on the entire constraint matrix: 0. Consequent tightenings: 0
		Number of bound notifications sent to PL constraints: 1800. Tightenings proposed: 0
	--- Basis Factorization statistics ---
	Number of basis refactorizations: 2
	--- Projected Steepest Edge Statistics ---
	Number of iterations: 0.
	Number of resets to reference space: 1. Avg. iterations per reset: 0
	--- SBT ---
	Number of tightened bounds: 743
	--- SoI-based local search ---
	Number of proposed phase pattern update: 0. Number of accepted update: 0 [0.00%]
	Total time (% of local search time) updating SoI phase pattern : 0 milli [0.00%]
	Total time obtaining current assignment: 0 milli [0.00%]
	Total time getting SoI phase pattern : 0 milli [0.00%]
	--- Context dependent statistics ---
	Number of pushes / pops: 0 / 0
		[0.00%] Pre-Push hook: 0 milli
		[0.00%] Push : 0 milli
		[0.00%] Post-Pop hook: 0 milli
		[0.00%] Pop : 0 milli
		[0.00%] Total context-switching time: 0 milli
	--- Proof Certificate ---
	Number of certified leaves: 0
	Number of leaves to delegate: 0
	Number of lemmas: 0

---
start solving without an agent
Performing precision restoration. Degradation before: 0.006129797207022. After: 0.000000000000310
Performing precision restoration. Degradation before: 0.000337929564874. After: 0.000000000000157
Performing precision restoration. Degradation before: 0.000005290527317. After: 0.000000000000464
Performing precision restoration. Degradation before: 0.000437803415082. After: 0.000000000004875
Performing precision restoration. Degradation before: 0.000018548467128. After: 0.000000000000324
Performing precision restoration. Degradation before: 0.000010619576370. After: 0.000000000010736
Performing precision restoration. Degradation before: 0.008627340464139. After: 0.000000000000144
Performing precision restoration. Degradation before: 0.001902724621995. After: 0.000000000000197
Performing precision restoration. Degradation before: 0.018634593115709. After: 0.000000000000170
Performing precision restoration. Degradation before: 0.000615977793817. After: 0.000000000000795
MalformedBasisException caught!
Performing precision restoration. Degradation before: 0.000000040760765. After: 0.000000000000065
Performing precision restoration. Degradation before: 0.006488543908573. After: 0.000000000000521
Performing precision restoration. Degradation before: 0.000000684586770. After: 0.000000000000367


Engine: quitting due to timeout...

Final statistics:

15:02:26 Statistics update:
	--- Time Statistics ---
	Total time elapsed: 3600013 milli (01:00:00)
		Main loop: 3598897 milli (00:59:58)
		Preprocessing time: 45 milli (00:00:00)
		Unknown: 1070 milli (00:00:01)
	Breakdown for main loop:
		[56.42%] Simplex steps: 2030657 milli
		[26.40%] Explicit-basis bound tightening: 950274 milli
		[0.00%] Constraint-matrix bound tightening: 0 milli
		[0.24%] Degradation checking: 8517 milli
		[0.00%] Precision restoration: 148 milli
		[0.26%] Statistics handling: 9531 milli
		[0.00%] Constraint-fixing steps: 0 milli
		[0.10%] Valid case splits: 3659 milli. Average per split: 0.00 milli
		[0.01%] Applying stored bound-tightening: 428 milli
		[0.99%] SMT core: 35500 milli
		[11.84%] Symbolic Bound Tightening: 425972 milli
		[32.71%] SoI-based local search: 1177359 milli
		[0.00%] SoI-based local search: 0 milli
		[3.73%] Unaccounted for: 134206 milli
	--- Preprocessor Statistics ---
	Number of preprocessor bound-tightening loop iterations: 8
	Number of eliminated variables: 0
	Number of constraints removed due to variable elimination: 0
	Number of equations removed due to variable elimination: 0
	--- Engine Statistics ---
	Number of main loop iterations: 2962442
		2909368 iterations were simplex steps. Total time: 2030657 milli. Average: 0.70 milli.
		0 iterations were constraint-fixing steps. Total time: 0 milli. Average: 0.00 milli
	Number of active piecewise-linear constraints: 92 / 300
		Constraints disabled by valid splits: 186. By SMT-originated splits: 22
	Last reported degradation: 0.0000000000. Max degradation so far: 0.0185387039. Restorations so far: 13
	Number of simplex pivots we attempted to skip because of instability: 356.
	Unstable pivots performed anyway: 6
	--- Tableau Statistics ---
	Total number of pivots performed: 2753970
		Real pivots: 2745703. Degenerate: 8267 (0.30%)
		Degenerate pivots by request (e.g., to fix a PL constraint): 0 (0.00%)
		Average time per pivot: 0.08 milli
	Total number of fake pivots performed: 38220
	Total number of rows added: 0. Number of merged columns: 0
	Current tableau dimensions: M = 604, N = 1518
	--- SMT Core Statistics ---
	Total depth is 26. Total visited states: 42246. Number of splits: 21133. Number of pops: 21112
	Max stack depth: 54
	--- Bound Tightening Statistics ---
	Number of tightened bounds: 4819493.
		Number of rows examined by row tightener: 2753970. Consequent tightenings: 372437
		Number of explicit basis matrices examined by row tightener: 20936. Consequent tightenings: 952718
		Number of bound tightening rounds on the entire constraint matrix: 0. Consequent tightenings: 0
		Number of bound notifications sent to PL constraints: 10682729. Tightenings proposed: 0
	--- Basis Factorization statistics ---
	Number of basis refactorizations: 24556
	--- Projected Steepest Edge Statistics ---
	Number of iterations: 2792540.
	Number of resets to reference space: 21276. Avg. iterations per reset: 131
	--- SBT ---
	Number of tightened bounds: 4780768
	--- SoI-based local search ---
	Number of proposed phase pattern update: 24302. Number of accepted update: 42032 [172.96%]
	Total time (% of local search time) updating SoI phase pattern : 4634293 milli [0.39%]
	Total time obtaining current assignment: 10302862 milli [0.88%]
	Total time getting SoI phase pattern : 2617774 milli [0.07%]
	--- Context dependent statistics ---
	Number of pushes / pops: 42246 / 42220
		[0.04%] Pre-Push hook: 1444 milli
		[0.00%] Push : 0 milli
		[0.04%] Post-Pop hook: 1510 milli
		[0.03%] Pop : 900 milli
		[0.11%] Total context-switching time: 3855 milli
	--- Proof Certificate ---
	Number of certified leaves: 0
	Number of leaves to delegate: 0
	Number of lemmas: 0
Timeout
end run time: 15:02:26
DQN: Done solving. Time : 3600027 milli. 

start run time: 15:02:26
Network: /cs/labs/guykatz/maya.swisa/elbit/20_8/Marabou/resources/nnet/acasxu/ACASXU_experimental_v2a_1_1.nnet
Number of layers: 8. Input layer size: 5. Output layer size: 5. Number of ReLUs: 300
Total number of variables: 610
Property: /cs/labs/guykatz/maya.swisa/elbit/PROPERTY_1_08091/ex_0961_label_0/eps03.txt

Engine::processInputQuery: Input query (before preprocessing): 309 equations, 610 variables
Engine::processInputQuery: Input query (after preprocessing): 604 equations, 914 variables


Engine::solve: Initial statistics

15:02:26 Statistics update:
	--- Time Statistics ---
	Total time elapsed: 82 milli (00:00:00)
		Main loop: 0 milli (00:00:00)
		Preprocessing time: 45 milli (00:00:00)
		Unknown: 37 milli (00:00:00)
	Breakdown for main loop:
		[0.00%] Simplex steps: 0 milli
		[0.00%] Explicit-basis bound tightening: 0 milli
		[0.00%] Constraint-matrix bound tightening: 0 milli
		[0.00%] Degradation checking: 0 milli
		[0.00%] Precision restoration: 0 milli
		[0.00%] Statistics handling: 0 milli
		[0.00%] Constraint-fixing steps: 0 milli
		[0.00%] Valid case splits: 2 milli. Average per split: 0.00 milli
		[0.00%] Applying stored bound-tightening: 0 milli
		[0.00%] SMT core: 0 milli
		[0.00%] Symbolic Bound Tightening: 7 milli
		[0.00%] SoI-based local search: 0 milli
		[0.00%] SoI-based local search: 0 milli
		[0.00%] Unaccounted for: 0 milli
	--- Preprocessor Statistics ---
	Number of preprocessor bound-tightening loop iterations: 8
	Number of eliminated variables: 0
	Number of constraints removed due to variable elimination: 0
	Number of equations removed due to variable elimination: 0
	--- Engine Statistics ---
	Number of main loop iterations: 1
		0 iterations were simplex steps. Total time: 0 milli. Average: 0.00 milli.
		0 iterations were constraint-fixing steps. Total time: 0 milli. Average: 0.00 milli
	Number of active piecewise-linear constraints: 189 / 300
		Constraints disabled by valid splits: 111. By SMT-originated splits: 0
	Last reported degradation: 0.0000000000. Max degradation so far: 0.0000000000. Restorations so far: 0
	Number of simplex pivots we attempted to skip because of instability: 0.
	Unstable pivots performed anyway: 0
	--- Tableau Statistics ---
	Total number of pivots performed: 0
		Real pivots: 0. Degenerate: 0 (0.00%)
		Degenerate pivots by request (e.g., to fix a PL constraint): 0 (0.00%)
		Average time per pivot: 0.00 milli
	Total number of fake pivots performed: 0
	Total number of rows added: 0. Number of merged columns: 0
	Current tableau dimensions: M = 604, N = 1518
	--- SMT Core Statistics ---
	Total depth is 0. Total visited states: 1. Number of splits: 0. Number of pops: 0
	Max stack depth: 0
	--- Bound Tightening Statistics ---
	Number of tightened bounds: 0.
		Number of rows examined by row tightener: 0. Consequent tightenings: 0
		Number of explicit basis matrices examined by row tightener: 0. Consequent tightenings: 0
		Number of bound tightening rounds on the entire constraint matrix: 0. Consequent tightenings: 0
		Number of bound notifications sent to PL constraints: 1800. Tightenings proposed: 0
	--- Basis Factorization statistics ---
	Number of basis refactorizations: 2
	--- Projected Steepest Edge Statistics ---
	Number of iterations: 0.
	Number of resets to reference space: 1. Avg. iterations per reset: 0
	--- SBT ---
	Number of tightened bounds: 739
	--- SoI-based local search ---
	Number of proposed phase pattern update: 0. Number of accepted update: 0 [0.00%]
	Total time (% of local search time) updating SoI phase pattern : 0 milli [0.00%]
	Total time obtaining current assignment: 0 milli [0.00%]
	Total time getting SoI phase pattern : 0 milli [0.00%]
	--- Context dependent statistics ---
	Number of pushes / pops: 0 / 0
		[0.00%] Pre-Push hook: 0 milli
		[0.00%] Push : 0 milli
		[0.00%] Post-Pop hook: 0 milli
		[0.00%] Pop : 0 milli
		[0.00%] Total context-switching time: 0 milli
	--- Proof Certificate ---
	Number of certified leaves: 0
	Number of leaves to delegate: 0
	Number of lemmas: 0

---
start solving without an agent
MalformedBasisException caught!
Performing precision restoration. Degradation before: 4.080940141574766. After: 0.000000000000066
Performing precision restoration. Degradation before: 0.004759388907574. After: 0.000000000000175
MalformedBasisException caught!
Performing precision restoration. Degradation before: 0.005954364795394. After: 0.000000000000063
Performing precision restoration. Degradation before: 0.003129915887760. After: 0.000000000000475
Performing precision restoration. Degradation before: 0.005231724423784. After: 0.000000000000231
Performing precision restoration. Degradation before: 0.000440531898986. After: 0.000000000000517
Performing precision restoration. Degradation before: 0.035326035467488. After: 0.000000000000101
Performing precision restoration. Degradation before: 0.000312282858489. After: 0.000000000000174
Performing precision restoration. Degradation before: 0.000009555274179. After: 0.000000000000477
High degradation found!
Performing precision restoration. Degradation before: 0.100778301257603. After: 0.000000000000126
Performing precision restoration. Degradation before: 0.009498491525277. After: 0.000000000000287
Performing precision restoration. Degradation before: 0.000014119220485. After: 0.000000000000140


Engine: quitting due to timeout...

Final statistics:

16:02:26 Statistics update:
	--- Time Statistics ---
	Total time elapsed: 3600030 milli (01:00:00)
		Main loop: 3598976 milli (00:59:58)
		Preprocessing time: 45 milli (00:00:00)
		Unknown: 1007 milli (00:00:01)
	Breakdown for main loop:
		[56.73%] Simplex steps: 2041836 milli
		[24.85%] Explicit-basis bound tightening: 894259 milli
		[0.00%] Constraint-matrix bound tightening: 0 milli
		[0.24%] Degradation checking: 8518 milli
		[0.00%] Precision restoration: 136 milli
		[0.28%] Statistics handling: 10113 milli
		[0.00%] Constraint-fixing steps: 0 milli
		[0.09%] Valid case splits: 3345 milli. Average per split: 0.00 milli
		[0.01%] Applying stored bound-tightening: 474 milli
		[1.17%] SMT core: 42172 milli
		[12.69%] Symbolic Bound Tightening: 456533 milli
		[34.34%] SoI-based local search: 1235743 milli
		[0.00%] SoI-based local search: 0 milli
		[3.93%] Unaccounted for: 141585 milli
	--- Preprocessor Statistics ---
	Number of preprocessor bound-tightening loop iterations: 8
	Number of eliminated variables: 0
	Number of constraints removed due to variable elimination: 0
	Number of equations removed due to variable elimination: 0
	--- Engine Statistics ---
	Number of main loop iterations: 2896617
		2835959 iterations were simplex steps. Total time: 2041836 milli. Average: 0.72 milli.
		0 iterations were constraint-fixing steps. Total time: 0 milli. Average: 0.00 milli
	Number of active piecewise-linear constraints: 56 / 300
		Constraints disabled by valid splits: 184. By SMT-originated splits: 60
	Last reported degradation: 0.0000000000. Max degradation so far: 0.1007783013. Restorations so far: 12
	Number of simplex pivots we attempted to skip because of instability: 377.
	Unstable pivots performed anyway: 3
	--- Tableau Statistics ---
	Total number of pivots performed: 2638303
		Real pivots: 2632429. Degenerate: 5874 (0.22%)
		Degenerate pivots by request (e.g., to fix a PL constraint): 0 (0.00%)
		Average time per pivot: 0.09 milli
	Total number of fake pivots performed: 56364
	Total number of rows added: 0. Number of merged columns: 0
	Current tableau dimensions: M = 604, N = 1518
	--- SMT Core Statistics ---
	Total depth is 64. Total visited states: 49522. Number of splits: 24788. Number of pops: 24733
	Max stack depth: 81
	--- Bound Tightening Statistics ---
	Number of tightened bounds: 5407095.
		Number of rows examined by row tightener: 2638303. Consequent tightenings: 347518
		Number of explicit basis matrices examined by row tightener: 20194. Consequent tightenings: 1055789
		Number of bound tightening rounds on the entire constraint matrix: 0. Consequent tightenings: 0
		Number of bound notifications sent to PL constraints: 11581420. Tightenings proposed: 0
	--- Basis Factorization statistics ---
	Number of basis refactorizations: 23526
	--- Projected Steepest Edge Statistics ---
	Number of iterations: 2695041.
	Number of resets to reference space: 24868. Avg. iterations per reset: 108
	--- SBT ---
	Number of tightened bounds: 5371402
	--- SoI-based local search ---
	Number of proposed phase pattern update: 29078. Number of accepted update: 48986 [168.46%]
	Total time (% of local search time) updating SoI phase pattern : 5171853 milli [0.42%]
	Total time obtaining current assignment: 12279802 milli [0.99%]
	Total time getting SoI phase pattern : 2736879 milli [0.08%]
	--- Context dependent statistics ---
	Number of pushes / pops: 49525 / 49461
		[0.05%] Pre-Push hook: 1722 milli
		[0.00%] Push : 0 milli
		[0.05%] Post-Pop hook: 1731 milli
		[0.03%] Pop : 1055 milli
		[0.13%] Total context-switching time: 4509 milli
	--- Proof Certificate ---
	Number of certified leaves: 0
	Number of leaves to delegate: 0
	Number of lemmas: 0
Timeout
end run time: 16:02:26
DQN: Done solving. Time : 3600072 milli. 

