[443] processing ex_0444_label_0 …
start run time: 10:07:32
Network: /cs/labs/guykatz/maya.swisa/elbit/20_8/Marabou/resources/nnet/acasxu/ACASXU_experimental_v2a_1_1.nnet
Number of layers: 8. Input layer size: 5. Output layer size: 5. Number of ReLUs: 300
Total number of variables: 610
Property: /cs/labs/guykatz/maya.swisa/elbit/PROPERTY_1_08091/ex_0444_label_0/eps01.txt

Engine::processInputQuery: Input query (before preprocessing): 309 equations, 610 variables
Engine::processInputQuery: Input query (after preprocessing): 604 equations, 914 variables

unsat
end run time: 10:07:32
DQN: Done solving. Time : 56 milli. 

start run time: 10:07:32
Network: /cs/labs/guykatz/maya.swisa/elbit/20_8/Marabou/resources/nnet/acasxu/ACASXU_experimental_v2a_1_1.nnet
Number of layers: 8. Input layer size: 5. Output layer size: 5. Number of ReLUs: 300
Total number of variables: 610
Property: /cs/labs/guykatz/maya.swisa/elbit/PROPERTY_1_08091/ex_0444_label_0/eps02.txt

Engine::processInputQuery: Input query (before preprocessing): 309 equations, 610 variables
Engine::processInputQuery: Input query (after preprocessing): 604 equations, 914 variables


Engine::solve: Initial statistics

10:07:32 Statistics update:
	--- Time Statistics ---
	Total time elapsed: 45 milli (00:00:00)
		Main loop: 0 milli (00:00:00)
		Preprocessing time: 33 milli (00:00:00)
		Unknown: 11 milli (00:00:00)
	Breakdown for main loop:
		[0.00%] Simplex steps: 0 milli
		[0.00%] Explicit-basis bound tightening: 0 milli
		[0.00%] Constraint-matrix bound tightening: 0 milli
		[0.00%] Degradation checking: 0 milli
		[0.00%] Precision restoration: 0 milli
		[0.00%] Statistics handling: 0 milli
		[0.00%] Constraint-fixing steps: 0 milli
		[0.00%] Valid case splits: 4 milli. Average per split: 0.00 milli
		[0.00%] Applying stored bound-tightening: 0 milli
		[0.00%] SMT core: 0 milli
		[0.00%] Symbolic Bound Tightening: 4 milli
		[0.00%] SoI-based local search: 0 milli
		[0.00%] SoI-based local search: 0 milli
		[0.00%] Unaccounted for: 0 milli
	--- Preprocessor Statistics ---
	Number of preprocessor bound-tightening loop iterations: 8
	Number of eliminated variables: 0
	Number of constraints removed due to variable elimination: 0
	Number of equations removed due to variable elimination: 0
	--- Engine Statistics ---
	Number of main loop iterations: 1
		0 iterations were simplex steps. Total time: 0 milli. Average: 0.00 milli.
		0 iterations were constraint-fixing steps. Total time: 0 milli. Average: 0.00 milli
	Number of active piecewise-linear constraints: 56 / 300
		Constraints disabled by valid splits: 244. By SMT-originated splits: 0
	Last reported degradation: 0.0000000000. Max degradation so far: 0.0000000000. Restorations so far: 0
	Number of simplex pivots we attempted to skip because of instability: 0.
	Unstable pivots performed anyway: 0
	--- Tableau Statistics ---
	Total number of pivots performed: 0
		Real pivots: 0. Degenerate: 0 (0.00%)
		Degenerate pivots by request (e.g., to fix a PL constraint): 0 (0.00%)
		Average time per pivot: 0.00 milli
	Total number of fake pivots performed: 0
	Total number of rows added: 0. Number of merged columns: 0
	Current tableau dimensions: M = 604, N = 1518
	--- SMT Core Statistics ---
	Total depth is 0. Total visited states: 1. Number of splits: 0. Number of pops: 0
	Max stack depth: 0
	--- Bound Tightening Statistics ---
	Number of tightened bounds: 0.
		Number of rows examined by row tightener: 0. Consequent tightenings: 0
		Number of explicit basis matrices examined by row tightener: 0. Consequent tightenings: 0
		Number of bound tightening rounds on the entire constraint matrix: 0. Consequent tightenings: 0
		Number of bound notifications sent to PL constraints: 1800. Tightenings proposed: 0
	--- Basis Factorization statistics ---
	Number of basis refactorizations: 2
	--- Projected Steepest Edge Statistics ---
	Number of iterations: 0.
	Number of resets to reference space: 1. Avg. iterations per reset: 0
	--- SBT ---
	Number of tightened bounds: 744
	--- SoI-based local search ---
	Number of proposed phase pattern update: 0. Number of accepted update: 0 [0.00%]
	Total time (% of local search time) updating SoI phase pattern : 0 milli [0.00%]
	Total time obtaining current assignment: 0 milli [0.00%]
	Total time getting SoI phase pattern : 0 milli [0.00%]
	--- Context dependent statistics ---
	Number of pushes / pops: 0 / 0
		[0.00%] Pre-Push hook: 0 milli
		[0.00%] Push : 0 milli
		[0.00%] Post-Pop hook: 0 milli
		[0.00%] Pop : 0 milli
		[0.00%] Total context-switching time: 0 milli
	--- Proof Certificate ---
	Number of certified leaves: 0
	Number of leaves to delegate: 0
	Number of lemmas: 0

---
start solving without an agent

Engine::solve: unsat query

10:07:32 Statistics update:
	--- Time Statistics ---
	Total time elapsed: 169 milli (00:00:00)
		Main loop: 124 milli (00:00:00)
		Preprocessing time: 33 milli (00:00:00)
		Unknown: 12 milli (00:00:00)
	Breakdown for main loop:
		[48.82%] Simplex steps: 60 milli
		[29.72%] Explicit-basis bound tightening: 37 milli
		[0.00%] Constraint-matrix bound tightening: 0 milli
		[0.25%] Degradation checking: 0 milli
		[0.00%] Precision restoration: 0 milli
		[0.06%] Statistics handling: 0 milli
		[0.00%] Constraint-fixing steps: 0 milli
		[4.30%] Valid case splits: 5 milli. Average per split: 0.00 milli
		[0.01%] Applying stored bound-tightening: 0 milli
		[0.53%] SMT core: 0 milli
		[21.05%] Symbolic Bound Tightening: 26 milli
		[26.76%] SoI-based local search: 33 milli
		[0.00%] SoI-based local search: 0 milli
		[14812973535673484.00%] Unaccounted for: 0 milli
	--- Preprocessor Statistics ---
	Number of preprocessor bound-tightening loop iterations: 8
	Number of eliminated variables: 0
	Number of constraints removed due to variable elimination: 0
	Number of equations removed due to variable elimination: 0
	--- Engine Statistics ---
	Number of main loop iterations: 261
		256 iterations were simplex steps. Total time: 60 milli. Average: 0.23 milli.
		0 iterations were constraint-fixing steps. Total time: 0 milli. Average: 0.00 milli
	Number of active piecewise-linear constraints: 56 / 300
		Constraints disabled by valid splits: 244. By SMT-originated splits: 0
	Last reported degradation: 0.0000000000. Max degradation so far: 0.0000000000. Restorations so far: 0
	Number of simplex pivots we attempted to skip because of instability: 0.
	Unstable pivots performed anyway: 0
	--- Tableau Statistics ---
	Total number of pivots performed: 250
		Real pivots: 242. Degenerate: 8 (3.20%)
		Degenerate pivots by request (e.g., to fix a PL constraint): 0 (0.00%)
		Average time per pivot: 0.03 milli
	Total number of fake pivots performed: 2
	Total number of rows added: 0. Number of merged columns: 0
	Current tableau dimensions: M = 604, N = 1518
	--- SMT Core Statistics ---
	Total depth is 1. Total visited states: 4. Number of splits: 1. Number of pops: 2
	Max stack depth: 1
	--- Bound Tightening Statistics ---
	Number of tightened bounds: 1227.
		Number of rows examined by row tightener: 250. Consequent tightenings: 0
		Number of explicit basis matrices examined by row tightener: 2. Consequent tightenings: 291
		Number of bound tightening rounds on the entire constraint matrix: 0. Consequent tightenings: 0
		Number of bound notifications sent to PL constraints: 4861. Tightenings proposed: 0
	--- Basis Factorization statistics ---
	Number of basis refactorizations: 4
	--- Projected Steepest Edge Statistics ---
	Number of iterations: 252.
	Number of resets to reference space: 2. Avg. iterations per reset: 126
	--- SBT ---
	Number of tightened bounds: 1971
	--- SoI-based local search ---
	Number of proposed phase pattern update: 1. Number of accepted update: 2 [200.00%]
	Total time (% of local search time) updating SoI phase pattern : 146 milli [0.44%]
	Total time obtaining current assignment: 190 milli [0.57%]
	Total time getting SoI phase pattern : 46 milli [0.04%]
	--- Context dependent statistics ---
	Number of pushes / pops: 2 / 2
		[0.02%] Pre-Push hook: 0 milli
		[0.00%] Push : 0 milli
		[0.04%] Post-Pop hook: 0 milli
		[0.01%] Pop : 0 milli
		[0.07%] Total context-switching time: 0 milli
	--- Proof Certificate ---
	Number of certified leaves: 0
	Number of leaves to delegate: 0
	Number of lemmas: 0
unsat
end run time: 10:07:32
DQN: Done solving. Time : 175 milli. 

start run time: 10:07:32
Network: /cs/labs/guykatz/maya.swisa/elbit/20_8/Marabou/resources/nnet/acasxu/ACASXU_experimental_v2a_1_1.nnet
Number of layers: 8. Input layer size: 5. Output layer size: 5. Number of ReLUs: 300
Total number of variables: 610
Property: /cs/labs/guykatz/maya.swisa/elbit/PROPERTY_1_08091/ex_0444_label_0/eps03.txt

Engine::processInputQuery: Input query (before preprocessing): 309 equations, 610 variables
Engine::processInputQuery: Input query (after preprocessing): 604 equations, 914 variables


Engine::solve: Initial statistics

10:07:32 Statistics update:
	--- Time Statistics ---
	Total time elapsed: 39 milli (00:00:00)
		Main loop: 0 milli (00:00:00)
		Preprocessing time: 29 milli (00:00:00)
		Unknown: 9 milli (00:00:00)
	Breakdown for main loop:
		[0.00%] Simplex steps: 0 milli
		[0.00%] Explicit-basis bound tightening: 0 milli
		[0.00%] Constraint-matrix bound tightening: 0 milli
		[0.00%] Degradation checking: 0 milli
		[0.00%] Precision restoration: 0 milli
		[0.00%] Statistics handling: 0 milli
		[0.00%] Constraint-fixing steps: 0 milli
		[0.00%] Valid case splits: 3 milli. Average per split: 0.00 milli
		[0.00%] Applying stored bound-tightening: 0 milli
		[0.00%] SMT core: 0 milli
		[0.00%] Symbolic Bound Tightening: 4 milli
		[0.00%] SoI-based local search: 0 milli
		[0.00%] SoI-based local search: 0 milli
		[0.00%] Unaccounted for: 0 milli
	--- Preprocessor Statistics ---
	Number of preprocessor bound-tightening loop iterations: 8
	Number of eliminated variables: 0
	Number of constraints removed due to variable elimination: 0
	Number of equations removed due to variable elimination: 0
	--- Engine Statistics ---
	Number of main loop iterations: 1
		0 iterations were simplex steps. Total time: 0 milli. Average: 0.00 milli.
		0 iterations were constraint-fixing steps. Total time: 0 milli. Average: 0.00 milli
	Number of active piecewise-linear constraints: 89 / 300
		Constraints disabled by valid splits: 211. By SMT-originated splits: 0
	Last reported degradation: 0.0000000000. Max degradation so far: 0.0000000000. Restorations so far: 0
	Number of simplex pivots we attempted to skip because of instability: 0.
	Unstable pivots performed anyway: 0
	--- Tableau Statistics ---
	Total number of pivots performed: 0
		Real pivots: 0. Degenerate: 0 (0.00%)
		Degenerate pivots by request (e.g., to fix a PL constraint): 0 (0.00%)
		Average time per pivot: 0.00 milli
	Total number of fake pivots performed: 0
	Total number of rows added: 0. Number of merged columns: 0
	Current tableau dimensions: M = 604, N = 1518
	--- SMT Core Statistics ---
	Total depth is 0. Total visited states: 1. Number of splits: 0. Number of pops: 0
	Max stack depth: 0
	--- Bound Tightening Statistics ---
	Number of tightened bounds: 0.
		Number of rows examined by row tightener: 0. Consequent tightenings: 0
		Number of explicit basis matrices examined by row tightener: 0. Consequent tightenings: 0
		Number of bound tightening rounds on the entire constraint matrix: 0. Consequent tightenings: 0
		Number of bound notifications sent to PL constraints: 1800. Tightenings proposed: 0
	--- Basis Factorization statistics ---
	Number of basis refactorizations: 2
	--- Projected Steepest Edge Statistics ---
	Number of iterations: 0.
	Number of resets to reference space: 1. Avg. iterations per reset: 0
	--- SBT ---
	Number of tightened bounds: 742
	--- SoI-based local search ---
	Number of proposed phase pattern update: 0. Number of accepted update: 0 [0.00%]
	Total time (% of local search time) updating SoI phase pattern : 0 milli [0.00%]
	Total time obtaining current assignment: 0 milli [0.00%]
	Total time getting SoI phase pattern : 0 milli [0.00%]
	--- Context dependent statistics ---
	Number of pushes / pops: 0 / 0
		[0.00%] Pre-Push hook: 0 milli
		[0.00%] Push : 0 milli
		[0.00%] Post-Pop hook: 0 milli
		[0.00%] Pop : 0 milli
		[0.00%] Total context-switching time: 0 milli
	--- Proof Certificate ---
	Number of certified leaves: 0
	Number of leaves to delegate: 0
	Number of lemmas: 0

---
start solving without an agent

Engine::solve: unsat query

10:07:32 Statistics update:
	--- Time Statistics ---
	Total time elapsed: 285 milli (00:00:00)
		Main loop: 246 milli (00:00:00)
		Preprocessing time: 29 milli (00:00:00)
		Unknown: 10 milli (00:00:00)
	Breakdown for main loop:
		[42.63%] Simplex steps: 105 milli
		[15.02%] Explicit-basis bound tightening: 37 milli
		[0.00%] Constraint-matrix bound tightening: 0 milli
		[0.20%] Degradation checking: 0 milli
		[0.00%] Precision restoration: 0 milli
		[0.03%] Statistics handling: 0 milli
		[0.00%] Constraint-fixing steps: 0 milli
		[2.75%] Valid case splits: 6 milli. Average per split: 0.00 milli
		[0.03%] Applying stored bound-tightening: 0 milli
		[1.58%] SMT core: 3 milli
		[38.60%] Symbolic Bound Tightening: 95 milli
		[31.05%] SoI-based local search: 76 milli
		[0.00%] SoI-based local search: 0 milli
		[7483132222785007.00%] Unaccounted for: 0 milli
	--- Preprocessor Statistics ---
	Number of preprocessor bound-tightening loop iterations: 8
	Number of eliminated variables: 0
	Number of constraints removed due to variable elimination: 0
	Number of equations removed due to variable elimination: 0
	--- Engine Statistics ---
	Number of main loop iterations: 345
		328 iterations were simplex steps. Total time: 105 milli. Average: 0.32 milli.
		0 iterations were constraint-fixing steps. Total time: 0 milli. Average: 0.00 milli
	Number of active piecewise-linear constraints: 56 / 300
		Constraints disabled by valid splits: 244. By SMT-originated splits: 0
	Last reported degradation: 0.0000000000. Max degradation so far: 0.0000000000. Restorations so far: 0
	Number of simplex pivots we attempted to skip because of instability: 0.
	Unstable pivots performed anyway: 0
	--- Tableau Statistics ---
	Total number of pivots performed: 299
		Real pivots: 293. Degenerate: 6 (2.01%)
		Degenerate pivots by request (e.g., to fix a PL constraint): 0 (0.00%)
		Average time per pivot: 0.03 milli
	Total number of fake pivots performed: 7
	Total number of rows added: 0. Number of merged columns: 0
	Current tableau dimensions: M = 604, N = 1518
	--- SMT Core Statistics ---
	Total depth is 2. Total visited states: 12. Number of splits: 5. Number of pops: 6
	Max stack depth: 4
	--- Bound Tightening Statistics ---
	Number of tightened bounds: 6137.
		Number of rows examined by row tightener: 299. Consequent tightenings: 3
		Number of explicit basis matrices examined by row tightener: 2. Consequent tightenings: 252
		Number of bound tightening rounds on the entire constraint matrix: 0. Consequent tightenings: 0
		Number of bound notifications sent to PL constraints: 11971. Tightenings proposed: 0
	--- Basis Factorization statistics ---
	Number of basis refactorizations: 4
	--- Projected Steepest Edge Statistics ---
	Number of iterations: 306.
	Number of resets to reference space: 6. Avg. iterations per reset: 51
	--- SBT ---
	Number of tightened bounds: 6879
	--- SoI-based local search ---
	Number of proposed phase pattern update: 6. Number of accepted update: 10 [166.67%]
	Total time (% of local search time) updating SoI phase pattern : 569 milli [0.74%]
	Total time obtaining current assignment: 1332 milli [1.74%]
	Total time getting SoI phase pattern : 231 milli [0.09%]
	--- Context dependent statistics ---
	Number of pushes / pops: 10 / 10
		[0.10%] Pre-Push hook: 0 milli
		[0.00%] Push : 0 milli
		[0.11%] Post-Pop hook: 0 milli
		[0.08%] Pop : 0 milli
		[0.29%] Total context-switching time: 0 milli
	--- Proof Certificate ---
	Number of certified leaves: 0
	Number of leaves to delegate: 0
	Number of lemmas: 0
unsat
end run time: 10:07:32
DQN: Done solving. Time : 290 milli. 

