[477] processing ex_0478_label_0 …
start run time: 10:10:09
Network: /cs/labs/guykatz/maya.swisa/elbit/20_8/Marabou/resources/nnet/acasxu/ACASXU_experimental_v2a_1_1.nnet
Number of layers: 8. Input layer size: 5. Output layer size: 5. Number of ReLUs: 300
Total number of variables: 610
Property: /cs/labs/guykatz/maya.swisa/elbit/PROPERTY_1_08091/ex_0478_label_0/eps01.txt

Engine::processInputQuery: Input query (before preprocessing): 309 equations, 610 variables
Engine::processInputQuery: Input query (after preprocessing): 604 equations, 914 variables


Engine::solve: Initial statistics

10:10:09 Statistics update:
	--- Time Statistics ---
	Total time elapsed: 58 milli (00:00:00)
		Main loop: 0 milli (00:00:00)
		Preprocessing time: 41 milli (00:00:00)
		Unknown: 16 milli (00:00:00)
	Breakdown for main loop:
		[0.00%] Simplex steps: 0 milli
		[0.00%] Explicit-basis bound tightening: 0 milli
		[0.00%] Constraint-matrix bound tightening: 0 milli
		[0.00%] Degradation checking: 0 milli
		[0.00%] Precision restoration: 0 milli
		[0.00%] Statistics handling: 0 milli
		[0.00%] Constraint-fixing steps: 0 milli
		[0.00%] Valid case splits: 3 milli. Average per split: 0.00 milli
		[0.00%] Applying stored bound-tightening: 0 milli
		[0.00%] SMT core: 0 milli
		[0.00%] Symbolic Bound Tightening: 5 milli
		[0.00%] SoI-based local search: 0 milli
		[0.00%] SoI-based local search: 0 milli
		[0.00%] Unaccounted for: 0 milli
	--- Preprocessor Statistics ---
	Number of preprocessor bound-tightening loop iterations: 8
	Number of eliminated variables: 0
	Number of constraints removed due to variable elimination: 0
	Number of equations removed due to variable elimination: 0
	--- Engine Statistics ---
	Number of main loop iterations: 1
		0 iterations were simplex steps. Total time: 0 milli. Average: 0.00 milli.
		0 iterations were constraint-fixing steps. Total time: 0 milli. Average: 0.00 milli
	Number of active piecewise-linear constraints: 125 / 300
		Constraints disabled by valid splits: 175. By SMT-originated splits: 0
	Last reported degradation: 0.0000000000. Max degradation so far: 0.0000000000. Restorations so far: 0
	Number of simplex pivots we attempted to skip because of instability: 0.
	Unstable pivots performed anyway: 0
	--- Tableau Statistics ---
	Total number of pivots performed: 0
		Real pivots: 0. Degenerate: 0 (0.00%)
		Degenerate pivots by request (e.g., to fix a PL constraint): 0 (0.00%)
		Average time per pivot: 0.00 milli
	Total number of fake pivots performed: 0
	Total number of rows added: 0. Number of merged columns: 0
	Current tableau dimensions: M = 604, N = 1518
	--- SMT Core Statistics ---
	Total depth is 0. Total visited states: 1. Number of splits: 0. Number of pops: 0
	Max stack depth: 0
	--- Bound Tightening Statistics ---
	Number of tightened bounds: 0.
		Number of rows examined by row tightener: 0. Consequent tightenings: 0
		Number of explicit basis matrices examined by row tightener: 0. Consequent tightenings: 0
		Number of bound tightening rounds on the entire constraint matrix: 0. Consequent tightenings: 0
		Number of bound notifications sent to PL constraints: 1800. Tightenings proposed: 0
	--- Basis Factorization statistics ---
	Number of basis refactorizations: 2
	--- Projected Steepest Edge Statistics ---
	Number of iterations: 0.
	Number of resets to reference space: 1. Avg. iterations per reset: 0
	--- SBT ---
	Number of tightened bounds: 739
	--- SoI-based local search ---
	Number of proposed phase pattern update: 0. Number of accepted update: 0 [0.00%]
	Total time (% of local search time) updating SoI phase pattern : 0 milli [0.00%]
	Total time obtaining current assignment: 0 milli [0.00%]
	Total time getting SoI phase pattern : 0 milli [0.00%]
	--- Context dependent statistics ---
	Number of pushes / pops: 0 / 0
		[0.00%] Pre-Push hook: 0 milli
		[0.00%] Push : 0 milli
		[0.00%] Post-Pop hook: 0 milli
		[0.00%] Pop : 0 milli
		[0.00%] Total context-switching time: 0 milli
	--- Proof Certificate ---
	Number of certified leaves: 0
	Number of leaves to delegate: 0
	Number of lemmas: 0

---
start solving without an agent

Engine::solve: unsat query

10:10:09 Statistics update:
	--- Time Statistics ---
	Total time elapsed: 395 milli (00:00:00)
		Main loop: 337 milli (00:00:00)
		Preprocessing time: 41 milli (00:00:00)
		Unknown: 16 milli (00:00:00)
	Breakdown for main loop:
		[51.64%] Simplex steps: 174 milli
		[24.86%] Explicit-basis bound tightening: 83 milli
		[0.00%] Constraint-matrix bound tightening: 0 milli
		[0.43%] Degradation checking: 1 milli
		[0.00%] Precision restoration: 0 milli
		[0.05%] Statistics handling: 0 milli
		[0.00%] Constraint-fixing steps: 0 milli
		[2.20%] Valid case splits: 7 milli. Average per split: 0.00 milli
		[0.01%] Applying stored bound-tightening: 0 milli
		[0.49%] SMT core: 1 milli
		[14.00%] Symbolic Bound Tightening: 47 milli
		[24.34%] SoI-based local search: 82 milli
		[0.00%] SoI-based local search: 0 milli
		[6.33%] Unaccounted for: 21 milli
	--- Preprocessor Statistics ---
	Number of preprocessor bound-tightening loop iterations: 8
	Number of eliminated variables: 0
	Number of constraints removed due to variable elimination: 0
	Number of equations removed due to variable elimination: 0
	--- Engine Statistics ---
	Number of main loop iterations: 620
		612 iterations were simplex steps. Total time: 174 milli. Average: 0.28 milli.
		0 iterations were constraint-fixing steps. Total time: 0 milli. Average: 0.00 milli
	Number of active piecewise-linear constraints: 54 / 300
		Constraints disabled by valid splits: 246. By SMT-originated splits: 0
	Last reported degradation: 0.0000000000. Max degradation so far: 0.0000000000. Restorations so far: 0
	Number of simplex pivots we attempted to skip because of instability: 0.
	Unstable pivots performed anyway: 0
	--- Tableau Statistics ---
	Total number of pivots performed: 583
		Real pivots: 572. Degenerate: 11 (1.89%)
		Degenerate pivots by request (e.g., to fix a PL constraint): 0 (0.00%)
		Average time per pivot: 0.04 milli
	Total number of fake pivots performed: 19
	Total number of rows added: 0. Number of merged columns: 0
	Current tableau dimensions: M = 604, N = 1518
	--- SMT Core Statistics ---
	Total depth is 2. Total visited states: 6. Number of splits: 2. Number of pops: 3
	Max stack depth: 2
	--- Bound Tightening Statistics ---
	Number of tightened bounds: 2434.
		Number of rows examined by row tightener: 583. Consequent tightenings: 7
		Number of explicit basis matrices examined by row tightener: 5. Consequent tightenings: 299
		Number of bound tightening rounds on the entire constraint matrix: 0. Consequent tightenings: 0
		Number of bound notifications sent to PL constraints: 7982. Tightenings proposed: 0
	--- Basis Factorization statistics ---
	Number of basis refactorizations: 7
	--- Projected Steepest Edge Statistics ---
	Number of iterations: 602.
	Number of resets to reference space: 3. Avg. iterations per reset: 200
	--- SBT ---
	Number of tightened bounds: 3173
	--- SoI-based local search ---
	Number of proposed phase pattern update: 3. Number of accepted update: 3 [100.00%]
	Total time (% of local search time) updating SoI phase pattern : 307 milli [0.37%]
	Total time obtaining current assignment: 652 milli [0.79%]
	Total time getting SoI phase pattern : 161 milli [0.05%]
	--- Context dependent statistics ---
	Number of pushes / pops: 4 / 4
		[0.03%] Pre-Push hook: 0 milli
		[0.00%] Push : 0 milli
		[0.04%] Post-Pop hook: 0 milli
		[0.03%] Pop : 0 milli
		[0.11%] Total context-switching time: 0 milli
	--- Proof Certificate ---
	Number of certified leaves: 0
	Number of leaves to delegate: 0
	Number of lemmas: 0
unsat
end run time: 10:10:09
DQN: Done solving. Time : 402 milli. 

start run time: 10:10:09
Network: /cs/labs/guykatz/maya.swisa/elbit/20_8/Marabou/resources/nnet/acasxu/ACASXU_experimental_v2a_1_1.nnet
Number of layers: 8. Input layer size: 5. Output layer size: 5. Number of ReLUs: 300
Total number of variables: 610
Property: /cs/labs/guykatz/maya.swisa/elbit/PROPERTY_1_08091/ex_0478_label_0/eps02.txt

Engine::processInputQuery: Input query (before preprocessing): 309 equations, 610 variables
Engine::processInputQuery: Input query (after preprocessing): 604 equations, 914 variables


Engine::solve: Initial statistics

10:10:09 Statistics update:
	--- Time Statistics ---
	Total time elapsed: 41 milli (00:00:00)
		Main loop: 0 milli (00:00:00)
		Preprocessing time: 32 milli (00:00:00)
		Unknown: 9 milli (00:00:00)
	Breakdown for main loop:
		[0.00%] Simplex steps: 0 milli
		[0.00%] Explicit-basis bound tightening: 0 milli
		[0.00%] Constraint-matrix bound tightening: 0 milli
		[0.00%] Degradation checking: 0 milli
		[0.00%] Precision restoration: 0 milli
		[0.00%] Statistics handling: 0 milli
		[0.00%] Constraint-fixing steps: 0 milli
		[0.00%] Valid case splits: 2 milli. Average per split: 0.00 milli
		[0.00%] Applying stored bound-tightening: 0 milli
		[0.00%] SMT core: 0 milli
		[0.00%] Symbolic Bound Tightening: 5 milli
		[0.00%] SoI-based local search: 0 milli
		[0.00%] SoI-based local search: 0 milli
		[0.00%] Unaccounted for: 0 milli
	--- Preprocessor Statistics ---
	Number of preprocessor bound-tightening loop iterations: 8
	Number of eliminated variables: 0
	Number of constraints removed due to variable elimination: 0
	Number of equations removed due to variable elimination: 0
	--- Engine Statistics ---
	Number of main loop iterations: 1
		0 iterations were simplex steps. Total time: 0 milli. Average: 0.00 milli.
		0 iterations were constraint-fixing steps. Total time: 0 milli. Average: 0.00 milli
	Number of active piecewise-linear constraints: 154 / 300
		Constraints disabled by valid splits: 146. By SMT-originated splits: 0
	Last reported degradation: 0.0000000000. Max degradation so far: 0.0000000000. Restorations so far: 0
	Number of simplex pivots we attempted to skip because of instability: 0.
	Unstable pivots performed anyway: 0
	--- Tableau Statistics ---
	Total number of pivots performed: 0
		Real pivots: 0. Degenerate: 0 (0.00%)
		Degenerate pivots by request (e.g., to fix a PL constraint): 0 (0.00%)
		Average time per pivot: 0.00 milli
	Total number of fake pivots performed: 0
	Total number of rows added: 0. Number of merged columns: 0
	Current tableau dimensions: M = 604, N = 1518
	--- SMT Core Statistics ---
	Total depth is 0. Total visited states: 1. Number of splits: 0. Number of pops: 0
	Max stack depth: 0
	--- Bound Tightening Statistics ---
	Number of tightened bounds: 0.
		Number of rows examined by row tightener: 0. Consequent tightenings: 0
		Number of explicit basis matrices examined by row tightener: 0. Consequent tightenings: 0
		Number of bound tightening rounds on the entire constraint matrix: 0. Consequent tightenings: 0
		Number of bound notifications sent to PL constraints: 1800. Tightenings proposed: 0
	--- Basis Factorization statistics ---
	Number of basis refactorizations: 2
	--- Projected Steepest Edge Statistics ---
	Number of iterations: 0.
	Number of resets to reference space: 1. Avg. iterations per reset: 0
	--- SBT ---
	Number of tightened bounds: 734
	--- SoI-based local search ---
	Number of proposed phase pattern update: 0. Number of accepted update: 0 [0.00%]
	Total time (% of local search time) updating SoI phase pattern : 0 milli [0.00%]
	Total time obtaining current assignment: 0 milli [0.00%]
	Total time getting SoI phase pattern : 0 milli [0.00%]
	--- Context dependent statistics ---
	Number of pushes / pops: 0 / 0
		[0.00%] Pre-Push hook: 0 milli
		[0.00%] Push : 0 milli
		[0.00%] Post-Pop hook: 0 milli
		[0.00%] Pop : 0 milli
		[0.00%] Total context-switching time: 0 milli
	--- Proof Certificate ---
	Number of certified leaves: 0
	Number of leaves to delegate: 0
	Number of lemmas: 0

---
start solving without an agent

Engine::solve: unsat query

10:10:18 Statistics update:
	--- Time Statistics ---
	Total time elapsed: 8523 milli (00:00:08)
		Main loop: 8478 milli (00:00:08)
		Preprocessing time: 32 milli (00:00:00)
		Unknown: 12 milli (00:00:00)
	Breakdown for main loop:
		[56.72%] Simplex steps: 4809 milli
		[15.70%] Explicit-basis bound tightening: 1331 milli
		[0.00%] Constraint-matrix bound tightening: 0 milli
		[0.26%] Degradation checking: 21 milli
		[0.00%] Precision restoration: 0 milli
		[0.05%] Statistics handling: 4 milli
		[0.00%] Constraint-fixing steps: 0 milli
		[0.22%] Valid case splits: 19 milli. Average per split: 0.00 milli
		[0.02%] Applying stored bound-tightening: 1 milli
		[1.89%] SMT core: 159 milli
		[20.00%] Symbolic Bound Tightening: 1695 milli
		[38.26%] SoI-based local search: 3243 milli
		[0.00%] SoI-based local search: 0 milli
		[5.13%] Unaccounted for: 435 milli
	--- Preprocessor Statistics ---
	Number of preprocessor bound-tightening loop iterations: 8
	Number of eliminated variables: 0
	Number of constraints removed due to variable elimination: 0
	Number of equations removed due to variable elimination: 0
	--- Engine Statistics ---
	Number of main loop iterations: 11873
		11501 iterations were simplex steps. Total time: 4809 milli. Average: 0.42 milli.
		0 iterations were constraint-fixing steps. Total time: 0 milli. Average: 0.00 milli
	Number of active piecewise-linear constraints: 56 / 300
		Constraints disabled by valid splits: 242. By SMT-originated splits: 2
	Last reported degradation: 0.0000000000. Max degradation so far: 0.0000001199. Restorations so far: 0
	Number of simplex pivots we attempted to skip because of instability: 1.
	Unstable pivots performed anyway: 0
	--- Tableau Statistics ---
	Total number of pivots performed: 9736
		Real pivots: 9691. Degenerate: 45 (0.46%)
		Degenerate pivots by request (e.g., to fix a PL constraint): 0 (0.00%)
		Average time per pivot: 0.04 milli
	Total number of fake pivots performed: 974
	Total number of rows added: 0. Number of merged columns: 0
	Current tableau dimensions: M = 604, N = 1518
	--- SMT Core Statistics ---
	Total depth is 6. Total visited states: 278. Number of splits: 138. Number of pops: 139
	Max stack depth: 24
	--- Bound Tightening Statistics ---
	Number of tightened bounds: 30337.
		Number of rows examined by row tightener: 9736. Consequent tightenings: 909
		Number of explicit basis matrices examined by row tightener: 72. Consequent tightenings: 5024
		Number of bound tightening rounds on the entire constraint matrix: 0. Consequent tightenings: 0
		Number of bound notifications sent to PL constraints: 61041. Tightenings proposed: 0
	--- Basis Factorization statistics ---
	Number of basis refactorizations: 86
	--- Projected Steepest Edge Statistics ---
	Number of iterations: 10711.
	Number of resets to reference space: 139. Avg. iterations per reset: 77
	--- SBT ---
	Number of tightened bounds: 31071
	--- SoI-based local search ---
	Number of proposed phase pattern update: 187. Number of accepted update: 261 [139.57%]
	Total time (% of local search time) updating SoI phase pattern : 18298 milli [0.56%]
	Total time obtaining current assignment: 48184 milli [1.49%]
	Total time getting SoI phase pattern : 7361 milli [0.09%]
	--- Context dependent statistics ---
	Number of pushes / pops: 276 / 276
		[0.11%] Pre-Push hook: 9 milli
		[0.00%] Push : 0 milli
		[0.08%] Post-Pop hook: 6 milli
		[0.10%] Pop : 8 milli
		[0.29%] Total context-switching time: 24 milli
	--- Proof Certificate ---
	Number of certified leaves: 0
	Number of leaves to delegate: 0
	Number of lemmas: 0
unsat
end run time: 10:10:18
DQN: Done solving. Time : 8530 milli. 

start run time: 10:10:18
Network: /cs/labs/guykatz/maya.swisa/elbit/20_8/Marabou/resources/nnet/acasxu/ACASXU_experimental_v2a_1_1.nnet
Number of layers: 8. Input layer size: 5. Output layer size: 5. Number of ReLUs: 300
Total number of variables: 610
Property: /cs/labs/guykatz/maya.swisa/elbit/PROPERTY_1_08091/ex_0478_label_0/eps03.txt

Engine::processInputQuery: Input query (before preprocessing): 309 equations, 610 variables
Engine::processInputQuery: Input query (after preprocessing): 604 equations, 914 variables


Engine::solve: Initial statistics

10:10:18 Statistics update:
	--- Time Statistics ---
	Total time elapsed: 38 milli (00:00:00)
		Main loop: 0 milli (00:00:00)
		Preprocessing time: 30 milli (00:00:00)
		Unknown: 8 milli (00:00:00)
	Breakdown for main loop:
		[0.00%] Simplex steps: 0 milli
		[0.00%] Explicit-basis bound tightening: 0 milli
		[0.00%] Constraint-matrix bound tightening: 0 milli
		[0.00%] Degradation checking: 0 milli
		[0.00%] Precision restoration: 0 milli
		[0.00%] Statistics handling: 0 milli
		[0.00%] Constraint-fixing steps: 0 milli
		[0.00%] Valid case splits: 2 milli. Average per split: 0.00 milli
		[0.00%] Applying stored bound-tightening: 0 milli
		[0.00%] SMT core: 0 milli
		[0.00%] Symbolic Bound Tightening: 5 milli
		[0.00%] SoI-based local search: 0 milli
		[0.00%] SoI-based local search: 0 milli
		[0.00%] Unaccounted for: 0 milli
	--- Preprocessor Statistics ---
	Number of preprocessor bound-tightening loop iterations: 8
	Number of eliminated variables: 0
	Number of constraints removed due to variable elimination: 0
	Number of equations removed due to variable elimination: 0
	--- Engine Statistics ---
	Number of main loop iterations: 1
		0 iterations were simplex steps. Total time: 0 milli. Average: 0.00 milli.
		0 iterations were constraint-fixing steps. Total time: 0 milli. Average: 0.00 milli
	Number of active piecewise-linear constraints: 169 / 300
		Constraints disabled by valid splits: 131. By SMT-originated splits: 0
	Last reported degradation: 0.0000000000. Max degradation so far: 0.0000000000. Restorations so far: 0
	Number of simplex pivots we attempted to skip because of instability: 0.
	Unstable pivots performed anyway: 0
	--- Tableau Statistics ---
	Total number of pivots performed: 0
		Real pivots: 0. Degenerate: 0 (0.00%)
		Degenerate pivots by request (e.g., to fix a PL constraint): 0 (0.00%)
		Average time per pivot: 0.00 milli
	Total number of fake pivots performed: 0
	Total number of rows added: 0. Number of merged columns: 0
	Current tableau dimensions: M = 604, N = 1518
	--- SMT Core Statistics ---
	Total depth is 0. Total visited states: 1. Number of splits: 0. Number of pops: 0
	Max stack depth: 0
	--- Bound Tightening Statistics ---
	Number of tightened bounds: 0.
		Number of rows examined by row tightener: 0. Consequent tightenings: 0
		Number of explicit basis matrices examined by row tightener: 0. Consequent tightenings: 0
		Number of bound tightening rounds on the entire constraint matrix: 0. Consequent tightenings: 0
		Number of bound notifications sent to PL constraints: 1800. Tightenings proposed: 0
	--- Basis Factorization statistics ---
	Number of basis refactorizations: 2
	--- Projected Steepest Edge Statistics ---
	Number of iterations: 0.
	Number of resets to reference space: 1. Avg. iterations per reset: 0
	--- SBT ---
	Number of tightened bounds: 730
	--- SoI-based local search ---
	Number of proposed phase pattern update: 0. Number of accepted update: 0 [0.00%]
	Total time (% of local search time) updating SoI phase pattern : 0 milli [0.00%]
	Total time obtaining current assignment: 0 milli [0.00%]
	Total time getting SoI phase pattern : 0 milli [0.00%]
	--- Context dependent statistics ---
	Number of pushes / pops: 0 / 0
		[0.00%] Pre-Push hook: 0 milli
		[0.00%] Push : 0 milli
		[0.00%] Post-Pop hook: 0 milli
		[0.00%] Pop : 0 milli
		[0.00%] Total context-switching time: 0 milli
	--- Proof Certificate ---
	Number of certified leaves: 0
	Number of leaves to delegate: 0
	Number of lemmas: 0

---
start solving without an agent

Engine::solve: unsat query

10:10:47 Statistics update:
	--- Time Statistics ---
	Total time elapsed: 28730 milli (00:00:28)
		Main loop: 28680 milli (00:00:28)
		Preprocessing time: 30 milli (00:00:00)
		Unknown: 20 milli (00:00:00)
	Breakdown for main loop:
		[52.74%] Simplex steps: 15125 milli
		[20.03%] Explicit-basis bound tightening: 5745 milli
		[0.00%] Constraint-matrix bound tightening: 0 milli
		[0.26%] Degradation checking: 74 milli
		[0.00%] Precision restoration: 0 milli
		[0.14%] Statistics handling: 39 milli
		[0.00%] Constraint-fixing steps: 0 milli
		[0.21%] Valid case splits: 60 milli. Average per split: 0.00 milli
		[0.02%] Applying stored bound-tightening: 5 milli
		[1.83%] SMT core: 525 milli
		[20.41%] Symbolic Bound Tightening: 5855 milli
		[35.67%] SoI-based local search: 10231 milli
		[0.00%] SoI-based local search: 0 milli
		[4.35%] Unaccounted for: 1248 milli
	--- Preprocessor Statistics ---
	Number of preprocessor bound-tightening loop iterations: 8
	Number of eliminated variables: 0
	Number of constraints removed due to variable elimination: 0
	Number of equations removed due to variable elimination: 0
	--- Engine Statistics ---
	Number of main loop iterations: 37595
		36518 iterations were simplex steps. Total time: 15125 milli. Average: 0.41 milli.
		0 iterations were constraint-fixing steps. Total time: 0 milli. Average: 0.00 milli
	Number of active piecewise-linear constraints: 76 / 300
		Constraints disabled by valid splits: 223. By SMT-originated splits: 1
	Last reported degradation: 0.0000000000. Max degradation so far: 0.0000024511. Restorations so far: 0
	Number of simplex pivots we attempted to skip because of instability: 119.
	Unstable pivots performed anyway: 1
	--- Tableau Statistics ---
	Total number of pivots performed: 31948
		Real pivots: 31834. Degenerate: 114 (0.36%)
		Degenerate pivots by request (e.g., to fix a PL constraint): 0 (0.00%)
		Average time per pivot: 0.05 milli
	Total number of fake pivots performed: 2247
	Total number of rows added: 0. Number of merged columns: 0
	Current tableau dimensions: M = 604, N = 1518
	--- SMT Core Statistics ---
	Total depth is 5. Total visited states: 826. Number of splits: 412. Number of pops: 413
	Max stack depth: 33
	--- Bound Tightening Statistics ---
	Number of tightened bounds: 93651.
		Number of rows examined by row tightener: 31948. Consequent tightenings: 3426
		Number of explicit basis matrices examined by row tightener: 284. Consequent tightenings: 17801
		Number of bound tightening rounds on the entire constraint matrix: 0. Consequent tightenings: 0
		Number of bound notifications sent to PL constraints: 180558. Tightenings proposed: 0
	--- Basis Factorization statistics ---
	Number of basis refactorizations: 288
	--- Projected Steepest Edge Statistics ---
	Number of iterations: 34313.
	Number of resets to reference space: 413. Avg. iterations per reset: 83
	--- SBT ---
	Number of tightened bounds: 94381
	--- SoI-based local search ---
	Number of proposed phase pattern update: 560. Number of accepted update: 777 [138.75%]
	Total time (% of local search time) updating SoI phase pattern : 55104 milli [0.54%]
	Total time obtaining current assignment: 159015 milli [1.55%]
	Total time getting SoI phase pattern : 23903 milli [0.08%]
	--- Context dependent statistics ---
	Number of pushes / pops: 824 / 824
		[0.09%] Pre-Push hook: 26 milli
		[0.00%] Push : 0 milli
		[0.08%] Post-Pop hook: 23 milli
		[0.09%] Pop : 26 milli
		[0.27%] Total context-switching time: 76 milli
	--- Proof Certificate ---
	Number of certified leaves: 0
	Number of leaves to delegate: 0
	Number of lemmas: 0
unsat
end run time: 10:10:47
DQN: Done solving. Time : 28739 milli. 

