[206] processing ex_0207_label_0 …
start run time: 10:00:27
Network: /cs/labs/guykatz/maya.swisa/elbit/20_8/Marabou/resources/nnet/acasxu/ACASXU_experimental_v2a_1_1.nnet
Number of layers: 8. Input layer size: 5. Output layer size: 5. Number of ReLUs: 300
Total number of variables: 610
Property: /cs/labs/guykatz/maya.swisa/elbit/PROPERTY_1_08091/ex_0207_label_0/eps01.txt

Engine::processInputQuery: Input query (before preprocessing): 309 equations, 610 variables
Engine::processInputQuery: Input query (after preprocessing): 604 equations, 914 variables


Engine::solve: Initial statistics

10:00:27 Statistics update:
	--- Time Statistics ---
	Total time elapsed: 305 milli (00:00:00)
		Main loop: 0 milli (00:00:00)
		Preprocessing time: 38 milli (00:00:00)
		Unknown: 267 milli (00:00:00)
	Breakdown for main loop:
		[0.00%] Simplex steps: 0 milli
		[0.00%] Explicit-basis bound tightening: 0 milli
		[0.00%] Constraint-matrix bound tightening: 0 milli
		[0.00%] Degradation checking: 0 milli
		[0.00%] Precision restoration: 0 milli
		[0.00%] Statistics handling: 0 milli
		[0.00%] Constraint-fixing steps: 0 milli
		[0.00%] Valid case splits: 2 milli. Average per split: 0.00 milli
		[0.00%] Applying stored bound-tightening: 0 milli
		[0.00%] SMT core: 0 milli
		[0.00%] Symbolic Bound Tightening: 5 milli
		[0.00%] SoI-based local search: 0 milli
		[0.00%] SoI-based local search: 0 milli
		[0.00%] Unaccounted for: 0 milli
	--- Preprocessor Statistics ---
	Number of preprocessor bound-tightening loop iterations: 8
	Number of eliminated variables: 0
	Number of constraints removed due to variable elimination: 0
	Number of equations removed due to variable elimination: 0
	--- Engine Statistics ---
	Number of main loop iterations: 1
		0 iterations were simplex steps. Total time: 0 milli. Average: 0.00 milli.
		0 iterations were constraint-fixing steps. Total time: 0 milli. Average: 0.00 milli
	Number of active piecewise-linear constraints: 186 / 300
		Constraints disabled by valid splits: 114. By SMT-originated splits: 0
	Last reported degradation: 0.0000000000. Max degradation so far: 0.0000000000. Restorations so far: 0
	Number of simplex pivots we attempted to skip because of instability: 0.
	Unstable pivots performed anyway: 0
	--- Tableau Statistics ---
	Total number of pivots performed: 0
		Real pivots: 0. Degenerate: 0 (0.00%)
		Degenerate pivots by request (e.g., to fix a PL constraint): 0 (0.00%)
		Average time per pivot: 0.00 milli
	Total number of fake pivots performed: 0
	Total number of rows added: 0. Number of merged columns: 0
	Current tableau dimensions: M = 604, N = 1518
	--- SMT Core Statistics ---
	Total depth is 0. Total visited states: 1. Number of splits: 0. Number of pops: 0
	Max stack depth: 0
	--- Bound Tightening Statistics ---
	Number of tightened bounds: 0.
		Number of rows examined by row tightener: 0. Consequent tightenings: 0
		Number of explicit basis matrices examined by row tightener: 0. Consequent tightenings: 0
		Number of bound tightening rounds on the entire constraint matrix: 0. Consequent tightenings: 0
		Number of bound notifications sent to PL constraints: 1800. Tightenings proposed: 0
	--- Basis Factorization statistics ---
	Number of basis refactorizations: 2
	--- Projected Steepest Edge Statistics ---
	Number of iterations: 0.
	Number of resets to reference space: 1. Avg. iterations per reset: 0
	--- SBT ---
	Number of tightened bounds: 722
	--- SoI-based local search ---
	Number of proposed phase pattern update: 0. Number of accepted update: 0 [0.00%]
	Total time (% of local search time) updating SoI phase pattern : 0 milli [0.00%]
	Total time obtaining current assignment: 0 milli [0.00%]
	Total time getting SoI phase pattern : 0 milli [0.00%]
	--- Context dependent statistics ---
	Number of pushes / pops: 0 / 0
		[0.00%] Pre-Push hook: 0 milli
		[0.00%] Push : 0 milli
		[0.00%] Post-Pop hook: 0 milli
		[0.00%] Pop : 0 milli
		[0.00%] Total context-switching time: 0 milli
	--- Proof Certificate ---
	Number of certified leaves: 0
	Number of leaves to delegate: 0
	Number of lemmas: 0

---
start solving without an agent

Engine::solve: unsat query

10:00:30 Statistics update:
	--- Time Statistics ---
	Total time elapsed: 2966 milli (00:00:02)
		Main loop: 2660 milli (00:00:02)
		Preprocessing time: 38 milli (00:00:00)
		Unknown: 268 milli (00:00:00)
	Breakdown for main loop:
		[47.81%] Simplex steps: 1271 milli
		[19.51%] Explicit-basis bound tightening: 518 milli
		[0.00%] Constraint-matrix bound tightening: 0 milli
		[0.20%] Degradation checking: 5 milli
		[0.00%] Precision restoration: 0 milli
		[0.03%] Statistics handling: 0 milli
		[0.00%] Constraint-fixing steps: 0 milli
		[0.55%] Valid case splits: 14 milli. Average per split: 0.00 milli
		[0.02%] Applying stored bound-tightening: 0 milli
		[1.75%] SMT core: 46 milli
		[26.00%] Symbolic Bound Tightening: 691 milli
		[31.68%] SoI-based local search: 842 milli
		[0.00%] SoI-based local search: 0 milli
		[4.14%] Unaccounted for: 110 milli
	--- Preprocessor Statistics ---
	Number of preprocessor bound-tightening loop iterations: 8
	Number of eliminated variables: 0
	Number of constraints removed due to variable elimination: 0
	Number of equations removed due to variable elimination: 0
	--- Engine Statistics ---
	Number of main loop iterations: 3574
		3407 iterations were simplex steps. Total time: 1271 milli. Average: 0.37 milli.
		0 iterations were constraint-fixing steps. Total time: 0 milli. Average: 0.00 milli
	Number of active piecewise-linear constraints: 78 / 300
		Constraints disabled by valid splits: 222. By SMT-originated splits: 0
	Last reported degradation: 0.0000000000. Max degradation so far: 0.0000000026. Restorations so far: 0
	Number of simplex pivots we attempted to skip because of instability: 0.
	Unstable pivots performed anyway: 0
	--- Tableau Statistics ---
	Total number of pivots performed: 3006
		Real pivots: 2991. Degenerate: 15 (0.50%)
		Degenerate pivots by request (e.g., to fix a PL constraint): 0 (0.00%)
		Average time per pivot: 0.04 milli
	Total number of fake pivots performed: 141
	Total number of rows added: 0. Number of merged columns: 0
	Current tableau dimensions: M = 604, N = 1518
	--- SMT Core Statistics ---
	Total depth is 3. Total visited states: 110. Number of splits: 54. Number of pops: 55
	Max stack depth: 13
	--- Bound Tightening Statistics ---
	Number of tightened bounds: 24422.
		Number of rows examined by row tightener: 3006. Consequent tightenings: 231
		Number of explicit basis matrices examined by row tightener: 27. Consequent tightenings: 1455
		Number of bound tightening rounds on the entire constraint matrix: 0. Consequent tightenings: 0
		Number of bound notifications sent to PL constraints: 41002. Tightenings proposed: 0
	--- Basis Factorization statistics ---
	Number of basis refactorizations: 29
	--- Projected Steepest Edge Statistics ---
	Number of iterations: 3147.
	Number of resets to reference space: 55. Avg. iterations per reset: 57
	--- SBT ---
	Number of tightened bounds: 25144
	--- SoI-based local search ---
	Number of proposed phase pattern update: 70. Number of accepted update: 101 [144.29%]
	Total time (% of local search time) updating SoI phase pattern : 6163 milli [0.73%]
	Total time obtaining current assignment: 13990 milli [1.66%]
	Total time getting SoI phase pattern : 2101 milli [0.08%]
	--- Context dependent statistics ---
	Number of pushes / pops: 108 / 108
		[0.09%] Pre-Push hook: 2 milli
		[0.00%] Push : 0 milli
		[0.12%] Post-Pop hook: 3 milli
		[0.07%] Pop : 1 milli
		[0.28%] Total context-switching time: 7 milli
	--- Proof Certificate ---
	Number of certified leaves: 0
	Number of leaves to delegate: 0
	Number of lemmas: 0
unsat
end run time: 10:00:30
DQN: Done solving. Time : 2973 milli. 

start run time: 10:00:30
Network: /cs/labs/guykatz/maya.swisa/elbit/20_8/Marabou/resources/nnet/acasxu/ACASXU_experimental_v2a_1_1.nnet
Number of layers: 8. Input layer size: 5. Output layer size: 5. Number of ReLUs: 300
Total number of variables: 610
Property: /cs/labs/guykatz/maya.swisa/elbit/PROPERTY_1_08091/ex_0207_label_0/eps02.txt

Engine::processInputQuery: Input query (before preprocessing): 309 equations, 610 variables
Engine::processInputQuery: Input query (after preprocessing): 604 equations, 914 variables


Engine::solve: Initial statistics

10:00:30 Statistics update:
	--- Time Statistics ---
	Total time elapsed: 38 milli (00:00:00)
		Main loop: 0 milli (00:00:00)
		Preprocessing time: 30 milli (00:00:00)
		Unknown: 7 milli (00:00:00)
	Breakdown for main loop:
		[0.00%] Simplex steps: 0 milli
		[0.00%] Explicit-basis bound tightening: 0 milli
		[0.00%] Constraint-matrix bound tightening: 0 milli
		[0.00%] Degradation checking: 0 milli
		[0.00%] Precision restoration: 0 milli
		[0.00%] Statistics handling: 0 milli
		[0.00%] Constraint-fixing steps: 0 milli
		[0.00%] Valid case splits: 2 milli. Average per split: 0.00 milli
		[0.00%] Applying stored bound-tightening: 0 milli
		[0.00%] SMT core: 0 milli
		[0.00%] Symbolic Bound Tightening: 5 milli
		[0.00%] SoI-based local search: 0 milli
		[0.00%] SoI-based local search: 0 milli
		[0.00%] Unaccounted for: 0 milli
	--- Preprocessor Statistics ---
	Number of preprocessor bound-tightening loop iterations: 8
	Number of eliminated variables: 0
	Number of constraints removed due to variable elimination: 0
	Number of equations removed due to variable elimination: 0
	--- Engine Statistics ---
	Number of main loop iterations: 1
		0 iterations were simplex steps. Total time: 0 milli. Average: 0.00 milli.
		0 iterations were constraint-fixing steps. Total time: 0 milli. Average: 0.00 milli
	Number of active piecewise-linear constraints: 190 / 300
		Constraints disabled by valid splits: 110. By SMT-originated splits: 0
	Last reported degradation: 0.0000000000. Max degradation so far: 0.0000000000. Restorations so far: 0
	Number of simplex pivots we attempted to skip because of instability: 0.
	Unstable pivots performed anyway: 0
	--- Tableau Statistics ---
	Total number of pivots performed: 0
		Real pivots: 0. Degenerate: 0 (0.00%)
		Degenerate pivots by request (e.g., to fix a PL constraint): 0 (0.00%)
		Average time per pivot: 0.00 milli
	Total number of fake pivots performed: 0
	Total number of rows added: 0. Number of merged columns: 0
	Current tableau dimensions: M = 604, N = 1518
	--- SMT Core Statistics ---
	Total depth is 0. Total visited states: 1. Number of splits: 0. Number of pops: 0
	Max stack depth: 0
	--- Bound Tightening Statistics ---
	Number of tightened bounds: 0.
		Number of rows examined by row tightener: 0. Consequent tightenings: 0
		Number of explicit basis matrices examined by row tightener: 0. Consequent tightenings: 0
		Number of bound tightening rounds on the entire constraint matrix: 0. Consequent tightenings: 0
		Number of bound notifications sent to PL constraints: 1800. Tightenings proposed: 0
	--- Basis Factorization statistics ---
	Number of basis refactorizations: 2
	--- Projected Steepest Edge Statistics ---
	Number of iterations: 0.
	Number of resets to reference space: 1. Avg. iterations per reset: 0
	--- SBT ---
	Number of tightened bounds: 722
	--- SoI-based local search ---
	Number of proposed phase pattern update: 0. Number of accepted update: 0 [0.00%]
	Total time (% of local search time) updating SoI phase pattern : 0 milli [0.00%]
	Total time obtaining current assignment: 0 milli [0.00%]
	Total time getting SoI phase pattern : 0 milli [0.00%]
	--- Context dependent statistics ---
	Number of pushes / pops: 0 / 0
		[0.00%] Pre-Push hook: 0 milli
		[0.00%] Push : 0 milli
		[0.00%] Post-Pop hook: 0 milli
		[0.00%] Pop : 0 milli
		[0.00%] Total context-switching time: 0 milli
	--- Proof Certificate ---
	Number of certified leaves: 0
	Number of leaves to delegate: 0
	Number of lemmas: 0

---
start solving without an agent

Engine::solve: unsat query

10:01:00 Statistics update:
	--- Time Statistics ---
	Total time elapsed: 29788 milli (00:00:29)
		Main loop: 29735 milli (00:00:29)
		Preprocessing time: 30 milli (00:00:00)
		Unknown: 22 milli (00:00:00)
	Breakdown for main loop:
		[48.01%] Simplex steps: 14277 milli
		[23.03%] Explicit-basis bound tightening: 6847 milli
		[0.00%] Constraint-matrix bound tightening: 0 milli
		[0.22%] Degradation checking: 65 milli
		[0.00%] Precision restoration: 0 milli
		[0.14%] Statistics handling: 41 milli
		[0.00%] Constraint-fixing steps: 0 milli
		[0.16%] Valid case splits: 48 milli. Average per split: 0.00 milli
		[0.02%] Applying stored bound-tightening: 6 milli
		[1.66%] SMT core: 492 milli
		[21.96%] Symbolic Bound Tightening: 6531 milli
		[27.87%] SoI-based local search: 8287 milli
		[0.00%] SoI-based local search: 0 milli
		[4.79%] Unaccounted for: 1425 milli
	--- Preprocessor Statistics ---
	Number of preprocessor bound-tightening loop iterations: 8
	Number of eliminated variables: 0
	Number of constraints removed due to variable elimination: 0
	Number of equations removed due to variable elimination: 0
	--- Engine Statistics ---
	Number of main loop iterations: 42713
		41301 iterations were simplex steps. Total time: 14277 milli. Average: 0.35 milli.
		0 iterations were constraint-fixing steps. Total time: 0 milli. Average: 0.00 milli
	Number of active piecewise-linear constraints: 47 / 300
		Constraints disabled by valid splits: 253. By SMT-originated splits: 0
	Last reported degradation: 0.0000000000. Max degradation so far: 0.0000000287. Restorations so far: 0
	Number of simplex pivots we attempted to skip because of instability: 25.
	Unstable pivots performed anyway: 0
	--- Tableau Statistics ---
	Total number of pivots performed: 36898
		Real pivots: 36737. Degenerate: 161 (0.44%)
		Degenerate pivots by request (e.g., to fix a PL constraint): 0 (0.00%)
		Average time per pivot: 0.05 milli
	Total number of fake pivots performed: 1510
	Total number of rows added: 0. Number of merged columns: 0
	Current tableau dimensions: M = 604, N = 1518
	--- SMT Core Statistics ---
	Total depth is 4. Total visited states: 1074. Number of splits: 536. Number of pops: 537
	Max stack depth: 23
	--- Bound Tightening Statistics ---
	Number of tightened bounds: 124215.
		Number of rows examined by row tightener: 36898. Consequent tightenings: 4535
		Number of explicit basis matrices examined by row tightener: 358. Consequent tightenings: 24659
		Number of bound tightening rounds on the entire constraint matrix: 0. Consequent tightenings: 0
		Number of bound notifications sent to PL constraints: 236512. Tightenings proposed: 0
	--- Basis Factorization statistics ---
	Number of basis refactorizations: 335
	--- Projected Steepest Edge Statistics ---
	Number of iterations: 38433.
	Number of resets to reference space: 537. Avg. iterations per reset: 71
	--- SBT ---
	Number of tightened bounds: 124937
	--- SoI-based local search ---
	Number of proposed phase pattern update: 674. Number of accepted update: 1049 [155.64%]
	Total time (% of local search time) updating SoI phase pattern : 57917 milli [0.70%]
	Total time obtaining current assignment: 142705 milli [1.72%]
	Total time getting SoI phase pattern : 18827 milli [0.06%]
	--- Context dependent statistics ---
	Number of pushes / pops: 1072 / 1072
		[0.07%] Pre-Push hook: 20 milli
		[0.00%] Push : 0 milli
		[0.09%] Post-Pop hook: 25 milli
		[0.06%] Pop : 17 milli
		[0.21%] Total context-switching time: 63 milli
	--- Proof Certificate ---
	Number of certified leaves: 0
	Number of leaves to delegate: 0
	Number of lemmas: 0
unsat
end run time: 10:01:00
DQN: Done solving. Time : 29794 milli. 

start run time: 10:01:00
Network: /cs/labs/guykatz/maya.swisa/elbit/20_8/Marabou/resources/nnet/acasxu/ACASXU_experimental_v2a_1_1.nnet
Number of layers: 8. Input layer size: 5. Output layer size: 5. Number of ReLUs: 300
Total number of variables: 610
Property: /cs/labs/guykatz/maya.swisa/elbit/PROPERTY_1_08091/ex_0207_label_0/eps03.txt

Engine::processInputQuery: Input query (before preprocessing): 309 equations, 610 variables
Engine::processInputQuery: Input query (after preprocessing): 604 equations, 914 variables


Engine::solve: Initial statistics

10:01:00 Statistics update:
	--- Time Statistics ---
	Total time elapsed: 36 milli (00:00:00)
		Main loop: 0 milli (00:00:00)
		Preprocessing time: 28 milli (00:00:00)
		Unknown: 8 milli (00:00:00)
	Breakdown for main loop:
		[0.00%] Simplex steps: 0 milli
		[0.00%] Explicit-basis bound tightening: 0 milli
		[0.00%] Constraint-matrix bound tightening: 0 milli
		[0.00%] Degradation checking: 0 milli
		[0.00%] Precision restoration: 0 milli
		[0.00%] Statistics handling: 0 milli
		[0.00%] Constraint-fixing steps: 0 milli
		[0.00%] Valid case splits: 1 milli. Average per split: 0.00 milli
		[0.00%] Applying stored bound-tightening: 0 milli
		[0.00%] SMT core: 0 milli
		[0.00%] Symbolic Bound Tightening: 5 milli
		[0.00%] SoI-based local search: 0 milli
		[0.00%] SoI-based local search: 0 milli
		[0.00%] Unaccounted for: 0 milli
	--- Preprocessor Statistics ---
	Number of preprocessor bound-tightening loop iterations: 8
	Number of eliminated variables: 0
	Number of constraints removed due to variable elimination: 0
	Number of equations removed due to variable elimination: 0
	--- Engine Statistics ---
	Number of main loop iterations: 1
		0 iterations were simplex steps. Total time: 0 milli. Average: 0.00 milli.
		0 iterations were constraint-fixing steps. Total time: 0 milli. Average: 0.00 milli
	Number of active piecewise-linear constraints: 198 / 300
		Constraints disabled by valid splits: 102. By SMT-originated splits: 0
	Last reported degradation: 0.0000000000. Max degradation so far: 0.0000000000. Restorations so far: 0
	Number of simplex pivots we attempted to skip because of instability: 0.
	Unstable pivots performed anyway: 0
	--- Tableau Statistics ---
	Total number of pivots performed: 0
		Real pivots: 0. Degenerate: 0 (0.00%)
		Degenerate pivots by request (e.g., to fix a PL constraint): 0 (0.00%)
		Average time per pivot: 0.00 milli
	Total number of fake pivots performed: 0
	Total number of rows added: 0. Number of merged columns: 0
	Current tableau dimensions: M = 604, N = 1518
	--- SMT Core Statistics ---
	Total depth is 0. Total visited states: 1. Number of splits: 0. Number of pops: 0
	Max stack depth: 0
	--- Bound Tightening Statistics ---
	Number of tightened bounds: 0.
		Number of rows examined by row tightener: 0. Consequent tightenings: 0
		Number of explicit basis matrices examined by row tightener: 0. Consequent tightenings: 0
		Number of bound tightening rounds on the entire constraint matrix: 0. Consequent tightenings: 0
		Number of bound notifications sent to PL constraints: 1800. Tightenings proposed: 0
	--- Basis Factorization statistics ---
	Number of basis refactorizations: 2
	--- Projected Steepest Edge Statistics ---
	Number of iterations: 0.
	Number of resets to reference space: 1. Avg. iterations per reset: 0
	--- SBT ---
	Number of tightened bounds: 721
	--- SoI-based local search ---
	Number of proposed phase pattern update: 0. Number of accepted update: 0 [0.00%]
	Total time (% of local search time) updating SoI phase pattern : 0 milli [0.00%]
	Total time obtaining current assignment: 0 milli [0.00%]
	Total time getting SoI phase pattern : 0 milli [0.00%]
	--- Context dependent statistics ---
	Number of pushes / pops: 0 / 0
		[0.00%] Pre-Push hook: 0 milli
		[0.00%] Push : 0 milli
		[0.00%] Post-Pop hook: 0 milli
		[0.00%] Pop : 0 milli
		[0.00%] Total context-switching time: 0 milli
	--- Proof Certificate ---
	Number of certified leaves: 0
	Number of leaves to delegate: 0
	Number of lemmas: 0

---
start solving without an agent

Engine::solve: unsat query

10:03:00 Statistics update:
	--- Time Statistics ---
	Total time elapsed: 120435 milli (00:02:00)
		Main loop: 120341 milli (00:02:00)
		Preprocessing time: 28 milli (00:00:00)
		Unknown: 64 milli (00:00:00)
	Breakdown for main loop:
		[51.14%] Simplex steps: 61543 milli
		[20.22%] Explicit-basis bound tightening: 24327 milli
		[0.00%] Constraint-matrix bound tightening: 0 milli
		[0.22%] Degradation checking: 267 milli
		[0.00%] Precision restoration: 0 milli
		[0.14%] Statistics handling: 163 milli
		[0.00%] Constraint-fixing steps: 0 milli
		[0.14%] Valid case splits: 173 milli. Average per split: 0.00 milli
		[0.02%] Applying stored bound-tightening: 25 milli
		[1.99%] SMT core: 2396 milli
		[21.95%] Symbolic Bound Tightening: 26420 milli
		[32.12%] SoI-based local search: 38649 milli
		[0.00%] SoI-based local search: 0 milli
		[4.17%] Unaccounted for: 5023 milli
	--- Preprocessor Statistics ---
	Number of preprocessor bound-tightening loop iterations: 8
	Number of eliminated variables: 0
	Number of constraints removed due to variable elimination: 0
	Number of equations removed due to variable elimination: 0
	--- Engine Statistics ---
	Number of main loop iterations: 168208
		162354 iterations were simplex steps. Total time: 61543 milli. Average: 0.38 milli.
		0 iterations were constraint-fixing steps. Total time: 0 milli. Average: 0.00 milli
	Number of active piecewise-linear constraints: 56 / 300
		Constraints disabled by valid splits: 241. By SMT-originated splits: 3
	Last reported degradation: 0.0000000000. Max degradation so far: 0.0004017939. Restorations so far: 0
	Number of simplex pivots we attempted to skip because of instability: 74.
	Unstable pivots performed anyway: 1
	--- Tableau Statistics ---
	Total number of pivots performed: 144141
		Real pivots: 143495. Degenerate: 646 (0.45%)
		Degenerate pivots by request (e.g., to fix a PL constraint): 0 (0.00%)
		Average time per pivot: 0.05 milli
	Total number of fake pivots performed: 6418
	Total number of rows added: 0. Number of merged columns: 0
	Current tableau dimensions: M = 604, N = 1518
	--- SMT Core Statistics ---
	Total depth is 7. Total visited states: 4309. Number of splits: 2154. Number of pops: 2154
	Max stack depth: 30
	--- Bound Tightening Statistics ---
	Number of tightened bounds: 530623.
		Number of rows examined by row tightener: 144141. Consequent tightenings: 19942
		Number of explicit basis matrices examined by row tightener: 1213. Consequent tightenings: 85006
		Number of bound tightening rounds on the entire constraint matrix: 0. Consequent tightenings: 0
		Number of bound notifications sent to PL constraints: 949655. Tightenings proposed: 0
	--- Basis Factorization statistics ---
	Number of basis refactorizations: 1305
	--- Projected Steepest Edge Statistics ---
	Number of iterations: 150632.
	Number of resets to reference space: 2156. Avg. iterations per reset: 69
	--- SBT ---
	Number of tightened bounds: 531344
	--- SoI-based local search ---
	Number of proposed phase pattern update: 2774. Number of accepted update: 4190 [151.05%]
	Total time (% of local search time) updating SoI phase pattern : 246779 milli [0.64%]
	Total time obtaining current assignment: 651565 milli [1.69%]
	Total time getting SoI phase pattern : 95419 milli [0.08%]
	--- Context dependent statistics ---
	Number of pushes / pops: 4308 / 4308
		[0.08%] Pre-Push hook: 94 milli
		[0.00%] Push : 0 milli
		[0.09%] Post-Pop hook: 108 milli
		[0.07%] Pop : 80 milli
		[0.24%] Total context-switching time: 283 milli
	--- Proof Certificate ---
	Number of certified leaves: 0
	Number of leaves to delegate: 0
	Number of lemmas: 0
unsat
end run time: 10:03:00
DQN: Done solving. Time : 120441 milli. 

