[558] processing ex_0559_label_0 …
start run time: 10:43:11
Network: /cs/labs/guykatz/maya.swisa/elbit/20_8/Marabou/resources/nnet/acasxu/ACASXU_experimental_v2a_1_1.nnet
Number of layers: 8. Input layer size: 5. Output layer size: 5. Number of ReLUs: 300
Total number of variables: 610
Property: /cs/labs/guykatz/maya.swisa/elbit/PROPERTY_1_08091/ex_0559_label_0/eps01.txt

Engine::processInputQuery: Input query (before preprocessing): 309 equations, 610 variables
Engine::processInputQuery: Input query (after preprocessing): 604 equations, 914 variables


Engine::solve: Initial statistics

10:43:11 Statistics update:
	--- Time Statistics ---
	Total time elapsed: 140 milli (00:00:00)
		Main loop: 0 milli (00:00:00)
		Preprocessing time: 81 milli (00:00:00)
		Unknown: 58 milli (00:00:00)
	Breakdown for main loop:
		[0.00%] Simplex steps: 0 milli
		[0.00%] Explicit-basis bound tightening: 0 milli
		[0.00%] Constraint-matrix bound tightening: 0 milli
		[0.00%] Degradation checking: 0 milli
		[0.00%] Precision restoration: 0 milli
		[0.00%] Statistics handling: 0 milli
		[0.00%] Constraint-fixing steps: 0 milli
		[0.00%] Valid case splits: 6 milli. Average per split: 0.00 milli
		[0.00%] Applying stored bound-tightening: 0 milli
		[0.00%] SMT core: 0 milli
		[0.00%] Symbolic Bound Tightening: 11 milli
		[0.00%] SoI-based local search: 0 milli
		[0.00%] SoI-based local search: 0 milli
		[0.00%] Unaccounted for: 0 milli
	--- Preprocessor Statistics ---
	Number of preprocessor bound-tightening loop iterations: 8
	Number of eliminated variables: 0
	Number of constraints removed due to variable elimination: 0
	Number of equations removed due to variable elimination: 0
	--- Engine Statistics ---
	Number of main loop iterations: 1
		0 iterations were simplex steps. Total time: 0 milli. Average: 0.00 milli.
		0 iterations were constraint-fixing steps. Total time: 0 milli. Average: 0.00 milli
	Number of active piecewise-linear constraints: 118 / 300
		Constraints disabled by valid splits: 182. By SMT-originated splits: 0
	Last reported degradation: 0.0000000000. Max degradation so far: 0.0000000000. Restorations so far: 0
	Number of simplex pivots we attempted to skip because of instability: 0.
	Unstable pivots performed anyway: 0
	--- Tableau Statistics ---
	Total number of pivots performed: 0
		Real pivots: 0. Degenerate: 0 (0.00%)
		Degenerate pivots by request (e.g., to fix a PL constraint): 0 (0.00%)
		Average time per pivot: 0.00 milli
	Total number of fake pivots performed: 0
	Total number of rows added: 0. Number of merged columns: 0
	Current tableau dimensions: M = 604, N = 1518
	--- SMT Core Statistics ---
	Total depth is 0. Total visited states: 1. Number of splits: 0. Number of pops: 0
	Max stack depth: 0
	--- Bound Tightening Statistics ---
	Number of tightened bounds: 0.
		Number of rows examined by row tightener: 0. Consequent tightenings: 0
		Number of explicit basis matrices examined by row tightener: 0. Consequent tightenings: 0
		Number of bound tightening rounds on the entire constraint matrix: 0. Consequent tightenings: 0
		Number of bound notifications sent to PL constraints: 1800. Tightenings proposed: 0
	--- Basis Factorization statistics ---
	Number of basis refactorizations: 2
	--- Projected Steepest Edge Statistics ---
	Number of iterations: 0.
	Number of resets to reference space: 1. Avg. iterations per reset: 0
	--- SBT ---
	Number of tightened bounds: 738
	--- SoI-based local search ---
	Number of proposed phase pattern update: 0. Number of accepted update: 0 [0.00%]
	Total time (% of local search time) updating SoI phase pattern : 0 milli [0.00%]
	Total time obtaining current assignment: 0 milli [0.00%]
	Total time getting SoI phase pattern : 0 milli [0.00%]
	--- Context dependent statistics ---
	Number of pushes / pops: 0 / 0
		[0.00%] Pre-Push hook: 0 milli
		[0.00%] Push : 0 milli
		[0.00%] Post-Pop hook: 0 milli
		[0.00%] Pop : 0 milli
		[0.00%] Total context-switching time: 0 milli
	--- Proof Certificate ---
	Number of certified leaves: 0
	Number of leaves to delegate: 0
	Number of lemmas: 0

---
start solving without an agent

Engine::solve: unsat query

10:43:12 Statistics update:
	--- Time Statistics ---
	Total time elapsed: 624 milli (00:00:00)
		Main loop: 484 milli (00:00:00)
		Preprocessing time: 81 milli (00:00:00)
		Unknown: 58 milli (00:00:00)
	Breakdown for main loop:
		[43.21%] Simplex steps: 209 milli
		[24.35%] Explicit-basis bound tightening: 117 milli
		[0.00%] Constraint-matrix bound tightening: 0 milli
		[0.22%] Degradation checking: 1 milli
		[0.00%] Precision restoration: 0 milli
		[0.20%] Statistics handling: 0 milli
		[0.00%] Constraint-fixing steps: 0 milli
		[2.96%] Valid case splits: 14 milli. Average per split: 0.00 milli
		[0.01%] Applying stored bound-tightening: 0 milli
		[1.17%] SMT core: 5 milli
		[29.44%] Symbolic Bound Tightening: 142 milli
		[29.47%] SoI-based local search: 142 milli
		[0.00%] SoI-based local search: 0 milli
		[3809476857981497.50%] Unaccounted for: 0 milli
	--- Preprocessor Statistics ---
	Number of preprocessor bound-tightening loop iterations: 8
	Number of eliminated variables: 0
	Number of constraints removed due to variable elimination: 0
	Number of equations removed due to variable elimination: 0
	--- Engine Statistics ---
	Number of main loop iterations: 326
		315 iterations were simplex steps. Total time: 209 milli. Average: 0.66 milli.
		0 iterations were constraint-fixing steps. Total time: 0 milli. Average: 0.00 milli
	Number of active piecewise-linear constraints: 54 / 300
		Constraints disabled by valid splits: 246. By SMT-originated splits: 0
	Last reported degradation: 0.0000000000. Max degradation so far: 0.0000000001. Restorations so far: 0
	Number of simplex pivots we attempted to skip because of instability: 0.
	Unstable pivots performed anyway: 0
	--- Tableau Statistics ---
	Total number of pivots performed: 299
		Real pivots: 288. Degenerate: 11 (3.68%)
		Degenerate pivots by request (e.g., to fix a PL constraint): 0 (0.00%)
		Average time per pivot: 0.06 milli
	Total number of fake pivots performed: 2
	Total number of rows added: 0. Number of merged columns: 0
	Current tableau dimensions: M = 604, N = 1518
	--- SMT Core Statistics ---
	Total depth is 2. Total visited states: 8. Number of splits: 3. Number of pops: 4
	Max stack depth: 2
	--- Bound Tightening Statistics ---
	Number of tightened bounds: 3727.
		Number of rows examined by row tightener: 299. Consequent tightenings: 0
		Number of explicit basis matrices examined by row tightener: 3. Consequent tightenings: 419
		Number of bound tightening rounds on the entire constraint matrix: 0. Consequent tightenings: 0
		Number of bound notifications sent to PL constraints: 9321. Tightenings proposed: 0
	--- Basis Factorization statistics ---
	Number of basis refactorizations: 4
	--- Projected Steepest Edge Statistics ---
	Number of iterations: 301.
	Number of resets to reference space: 4. Avg. iterations per reset: 75
	--- SBT ---
	Number of tightened bounds: 4465
	--- SoI-based local search ---
	Number of proposed phase pattern update: 4. Number of accepted update: 6 [150.00%]
	Total time (% of local search time) updating SoI phase pattern : 808 milli [0.57%]
	Total time obtaining current assignment: 1735 milli [1.22%]
	Total time getting SoI phase pattern : 388 milli [0.08%]
	--- Context dependent statistics ---
	Number of pushes / pops: 6 / 6
		[0.06%] Pre-Push hook: 0 milli
		[0.00%] Push : 0 milli
		[0.07%] Post-Pop hook: 0 milli
		[0.06%] Pop : 0 milli
		[0.19%] Total context-switching time: 0 milli
	--- Proof Certificate ---
	Number of certified leaves: 0
	Number of leaves to delegate: 0
	Number of lemmas: 0
unsat
end run time: 10:43:12
DQN: Done solving. Time : 670 milli. 

start run time: 10:43:12
Network: /cs/labs/guykatz/maya.swisa/elbit/20_8/Marabou/resources/nnet/acasxu/ACASXU_experimental_v2a_1_1.nnet
Number of layers: 8. Input layer size: 5. Output layer size: 5. Number of ReLUs: 300
Total number of variables: 610
Property: /cs/labs/guykatz/maya.swisa/elbit/PROPERTY_1_08091/ex_0559_label_0/eps02.txt

Engine::processInputQuery: Input query (before preprocessing): 309 equations, 610 variables
Engine::processInputQuery: Input query (after preprocessing): 604 equations, 914 variables


Engine::solve: Initial statistics

10:43:12 Statistics update:
	--- Time Statistics ---
	Total time elapsed: 138 milli (00:00:00)
		Main loop: 0 milli (00:00:00)
		Preprocessing time: 68 milli (00:00:00)
		Unknown: 69 milli (00:00:00)
	Breakdown for main loop:
		[0.00%] Simplex steps: 0 milli
		[0.00%] Explicit-basis bound tightening: 0 milli
		[0.00%] Constraint-matrix bound tightening: 0 milli
		[0.00%] Degradation checking: 0 milli
		[0.00%] Precision restoration: 0 milli
		[0.00%] Statistics handling: 0 milli
		[0.00%] Constraint-fixing steps: 0 milli
		[0.00%] Valid case splits: 5 milli. Average per split: 0.00 milli
		[0.00%] Applying stored bound-tightening: 0 milli
		[0.00%] SMT core: 0 milli
		[0.00%] Symbolic Bound Tightening: 11 milli
		[0.00%] SoI-based local search: 0 milli
		[0.00%] SoI-based local search: 0 milli
		[0.00%] Unaccounted for: 0 milli
	--- Preprocessor Statistics ---
	Number of preprocessor bound-tightening loop iterations: 8
	Number of eliminated variables: 0
	Number of constraints removed due to variable elimination: 0
	Number of equations removed due to variable elimination: 0
	--- Engine Statistics ---
	Number of main loop iterations: 1
		0 iterations were simplex steps. Total time: 0 milli. Average: 0.00 milli.
		0 iterations were constraint-fixing steps. Total time: 0 milli. Average: 0.00 milli
	Number of active piecewise-linear constraints: 140 / 300
		Constraints disabled by valid splits: 160. By SMT-originated splits: 0
	Last reported degradation: 0.0000000000. Max degradation so far: 0.0000000000. Restorations so far: 0
	Number of simplex pivots we attempted to skip because of instability: 0.
	Unstable pivots performed anyway: 0
	--- Tableau Statistics ---
	Total number of pivots performed: 0
		Real pivots: 0. Degenerate: 0 (0.00%)
		Degenerate pivots by request (e.g., to fix a PL constraint): 0 (0.00%)
		Average time per pivot: 0.00 milli
	Total number of fake pivots performed: 0
	Total number of rows added: 0. Number of merged columns: 0
	Current tableau dimensions: M = 604, N = 1518
	--- SMT Core Statistics ---
	Total depth is 0. Total visited states: 1. Number of splits: 0. Number of pops: 0
	Max stack depth: 0
	--- Bound Tightening Statistics ---
	Number of tightened bounds: 0.
		Number of rows examined by row tightener: 0. Consequent tightenings: 0
		Number of explicit basis matrices examined by row tightener: 0. Consequent tightenings: 0
		Number of bound tightening rounds on the entire constraint matrix: 0. Consequent tightenings: 0
		Number of bound notifications sent to PL constraints: 1800. Tightenings proposed: 0
	--- Basis Factorization statistics ---
	Number of basis refactorizations: 2
	--- Projected Steepest Edge Statistics ---
	Number of iterations: 0.
	Number of resets to reference space: 1. Avg. iterations per reset: 0
	--- SBT ---
	Number of tightened bounds: 737
	--- SoI-based local search ---
	Number of proposed phase pattern update: 0. Number of accepted update: 0 [0.00%]
	Total time (% of local search time) updating SoI phase pattern : 0 milli [0.00%]
	Total time obtaining current assignment: 0 milli [0.00%]
	Total time getting SoI phase pattern : 0 milli [0.00%]
	--- Context dependent statistics ---
	Number of pushes / pops: 0 / 0
		[0.00%] Pre-Push hook: 0 milli
		[0.00%] Push : 0 milli
		[0.00%] Post-Pop hook: 0 milli
		[0.00%] Pop : 0 milli
		[0.00%] Total context-switching time: 0 milli
	--- Proof Certificate ---
	Number of certified leaves: 0
	Number of leaves to delegate: 0
	Number of lemmas: 0

---
start solving without an agent

Engine::solve: unsat query

10:43:13 Statistics update:
	--- Time Statistics ---
	Total time elapsed: 1744 milli (00:00:01)
		Main loop: 1605 milli (00:00:01)
		Preprocessing time: 68 milli (00:00:00)
		Unknown: 70 milli (00:00:00)
	Breakdown for main loop:
		[55.47%] Simplex steps: 890 milli
		[12.55%] Explicit-basis bound tightening: 201 milli
		[0.00%] Constraint-matrix bound tightening: 0 milli
		[0.22%] Degradation checking: 3 milli
		[0.00%] Precision restoration: 0 milli
		[0.20%] Statistics handling: 3 milli
		[0.00%] Constraint-fixing steps: 0 milli
		[1.13%] Valid case splits: 18 milli. Average per split: 0.00 milli
		[0.02%] Applying stored bound-tightening: 0 milli
		[1.45%] SMT core: 23 milli
		[27.89%] Symbolic Bound Tightening: 447 milli
		[42.90%] SoI-based local search: 688 milli
		[0.00%] SoI-based local search: 0 milli
		[1.06%] Unaccounted for: 17 milli
	--- Preprocessor Statistics ---
	Number of preprocessor bound-tightening loop iterations: 8
	Number of eliminated variables: 0
	Number of constraints removed due to variable elimination: 0
	Number of equations removed due to variable elimination: 0
	--- Engine Statistics ---
	Number of main loop iterations: 1057
		1019 iterations were simplex steps. Total time: 890 milli. Average: 0.87 milli.
		0 iterations were constraint-fixing steps. Total time: 0 milli. Average: 0.00 milli
	Number of active piecewise-linear constraints: 33 / 300
		Constraints disabled by valid splits: 264. By SMT-originated splits: 3
	Last reported degradation: 0.0000000000. Max degradation so far: 0.0000003336. Restorations so far: 0
	Number of simplex pivots we attempted to skip because of instability: 2.
	Unstable pivots performed anyway: 0
	--- Tableau Statistics ---
	Total number of pivots performed: 914
		Real pivots: 900. Degenerate: 14 (1.53%)
		Degenerate pivots by request (e.g., to fix a PL constraint): 0 (0.00%)
		Average time per pivot: 0.08 milli
	Total number of fake pivots performed: 45
	Total number of rows added: 0. Number of merged columns: 0
	Current tableau dimensions: M = 604, N = 1518
	--- SMT Core Statistics ---
	Total depth is 7. Total visited states: 26. Number of splits: 12. Number of pops: 13
	Max stack depth: 7
	--- Bound Tightening Statistics ---
	Number of tightened bounds: 8759.
		Number of rows examined by row tightener: 914. Consequent tightenings: 25
		Number of explicit basis matrices examined by row tightener: 5. Consequent tightenings: 335
		Number of bound tightening rounds on the entire constraint matrix: 0. Consequent tightenings: 0
		Number of bound notifications sent to PL constraints: 17332. Tightenings proposed: 0
	--- Basis Factorization statistics ---
	Number of basis refactorizations: 10
	--- Projected Steepest Edge Statistics ---
	Number of iterations: 961.
	Number of resets to reference space: 13. Avg. iterations per reset: 73
	--- SBT ---
	Number of tightened bounds: 9496
	--- SoI-based local search ---
	Number of proposed phase pattern update: 17. Number of accepted update: 23 [135.29%]
	Total time (% of local search time) updating SoI phase pattern : 2944 milli [0.43%]
	Total time obtaining current assignment: 6823 milli [0.99%]
	Total time getting SoI phase pattern : 1299 milli [0.08%]
	--- Context dependent statistics ---
	Number of pushes / pops: 24 / 24
		[0.07%] Pre-Push hook: 1 milli
		[0.00%] Push : 0 milli
		[0.09%] Post-Pop hook: 1 milli
		[0.05%] Pop : 0 milli
		[0.21%] Total context-switching time: 3 milli
	--- Proof Certificate ---
	Number of certified leaves: 0
	Number of leaves to delegate: 0
	Number of lemmas: 0
unsat
end run time: 10:43:13
DQN: Done solving. Time : 1758 milli. 

start run time: 10:43:13
Network: /cs/labs/guykatz/maya.swisa/elbit/20_8/Marabou/resources/nnet/acasxu/ACASXU_experimental_v2a_1_1.nnet
Number of layers: 8. Input layer size: 5. Output layer size: 5. Number of ReLUs: 300
Total number of variables: 610
Property: /cs/labs/guykatz/maya.swisa/elbit/PROPERTY_1_08091/ex_0559_label_0/eps03.txt

Engine::processInputQuery: Input query (before preprocessing): 309 equations, 610 variables
Engine::processInputQuery: Input query (after preprocessing): 604 equations, 914 variables


Engine::solve: Initial statistics

10:43:14 Statistics update:
	--- Time Statistics ---
	Total time elapsed: 149 milli (00:00:00)
		Main loop: 0 milli (00:00:00)
		Preprocessing time: 64 milli (00:00:00)
		Unknown: 85 milli (00:00:00)
	Breakdown for main loop:
		[0.00%] Simplex steps: 0 milli
		[0.00%] Explicit-basis bound tightening: 0 milli
		[0.00%] Constraint-matrix bound tightening: 0 milli
		[0.00%] Degradation checking: 0 milli
		[0.00%] Precision restoration: 0 milli
		[0.00%] Statistics handling: 0 milli
		[0.00%] Constraint-fixing steps: 0 milli
		[0.00%] Valid case splits: 4 milli. Average per split: 0.00 milli
		[0.00%] Applying stored bound-tightening: 0 milli
		[0.00%] SMT core: 0 milli
		[0.00%] Symbolic Bound Tightening: 12 milli
		[0.00%] SoI-based local search: 0 milli
		[0.00%] SoI-based local search: 0 milli
		[0.00%] Unaccounted for: 0 milli
	--- Preprocessor Statistics ---
	Number of preprocessor bound-tightening loop iterations: 8
	Number of eliminated variables: 0
	Number of constraints removed due to variable elimination: 0
	Number of equations removed due to variable elimination: 0
	--- Engine Statistics ---
	Number of main loop iterations: 1
		0 iterations were simplex steps. Total time: 0 milli. Average: 0.00 milli.
		0 iterations were constraint-fixing steps. Total time: 0 milli. Average: 0.00 milli
	Number of active piecewise-linear constraints: 166 / 300
		Constraints disabled by valid splits: 134. By SMT-originated splits: 0
	Last reported degradation: 0.0000000000. Max degradation so far: 0.0000000000. Restorations so far: 0
	Number of simplex pivots we attempted to skip because of instability: 0.
	Unstable pivots performed anyway: 0
	--- Tableau Statistics ---
	Total number of pivots performed: 0
		Real pivots: 0. Degenerate: 0 (0.00%)
		Degenerate pivots by request (e.g., to fix a PL constraint): 0 (0.00%)
		Average time per pivot: 0.00 milli
	Total number of fake pivots performed: 0
	Total number of rows added: 0. Number of merged columns: 0
	Current tableau dimensions: M = 604, N = 1518
	--- SMT Core Statistics ---
	Total depth is 0. Total visited states: 1. Number of splits: 0. Number of pops: 0
	Max stack depth: 0
	--- Bound Tightening Statistics ---
	Number of tightened bounds: 0.
		Number of rows examined by row tightener: 0. Consequent tightenings: 0
		Number of explicit basis matrices examined by row tightener: 0. Consequent tightenings: 0
		Number of bound tightening rounds on the entire constraint matrix: 0. Consequent tightenings: 0
		Number of bound notifications sent to PL constraints: 1800. Tightenings proposed: 0
	--- Basis Factorization statistics ---
	Number of basis refactorizations: 2
	--- Projected Steepest Edge Statistics ---
	Number of iterations: 0.
	Number of resets to reference space: 1. Avg. iterations per reset: 0
	--- SBT ---
	Number of tightened bounds: 733
	--- SoI-based local search ---
	Number of proposed phase pattern update: 0. Number of accepted update: 0 [0.00%]
	Total time (% of local search time) updating SoI phase pattern : 0 milli [0.00%]
	Total time obtaining current assignment: 0 milli [0.00%]
	Total time getting SoI phase pattern : 0 milli [0.00%]
	--- Context dependent statistics ---
	Number of pushes / pops: 0 / 0
		[0.00%] Pre-Push hook: 0 milli
		[0.00%] Push : 0 milli
		[0.00%] Post-Pop hook: 0 milli
		[0.00%] Pop : 0 milli
		[0.00%] Total context-switching time: 0 milli
	--- Proof Certificate ---
	Number of certified leaves: 0
	Number of leaves to delegate: 0
	Number of lemmas: 0

---
start solving without an agent

Engine::solve: unsat query

10:43:21 Statistics update:
	--- Time Statistics ---
	Total time elapsed: 7854 milli (00:00:07)
		Main loop: 7703 milli (00:00:07)
		Preprocessing time: 64 milli (00:00:00)
		Unknown: 87 milli (00:00:00)
	Breakdown for main loop:
		[55.19%] Simplex steps: 4251 milli
		[14.61%] Explicit-basis bound tightening: 1125 milli
		[0.00%] Constraint-matrix bound tightening: 0 milli
		[0.22%] Degradation checking: 17 milli
		[0.00%] Precision restoration: 0 milli
		[0.19%] Statistics handling: 14 milli
		[0.00%] Constraint-fixing steps: 0 milli
		[0.44%] Valid case splits: 33 milli. Average per split: 0.00 milli
		[0.03%] Applying stored bound-tightening: 2 milli
		[1.66%] SMT core: 128 milli
		[24.94%] Symbolic Bound Tightening: 1920 milli
		[40.55%] SoI-based local search: 3123 milli
		[0.00%] SoI-based local search: 0 milli
		[2.72%] Unaccounted for: 209 milli
	--- Preprocessor Statistics ---
	Number of preprocessor bound-tightening loop iterations: 8
	Number of eliminated variables: 0
	Number of constraints removed due to variable elimination: 0
	Number of equations removed due to variable elimination: 0
	--- Engine Statistics ---
	Number of main loop iterations: 4817
		4646 iterations were simplex steps. Total time: 4251 milli. Average: 0.91 milli.
		0 iterations were constraint-fixing steps. Total time: 0 milli. Average: 0.00 milli
	Number of active piecewise-linear constraints: 47 / 300
		Constraints disabled by valid splits: 251. By SMT-originated splits: 2
	Last reported degradation: 0.0000000000. Max degradation so far: 0.0000000023. Restorations so far: 0
	Number of simplex pivots we attempted to skip because of instability: 15.
	Unstable pivots performed anyway: 0
	--- Tableau Statistics ---
	Total number of pivots performed: 4026
		Real pivots: 4002. Degenerate: 24 (0.60%)
		Degenerate pivots by request (e.g., to fix a PL constraint): 0 (0.00%)
		Average time per pivot: 0.09 milli
	Total number of fake pivots performed: 275
	Total number of rows added: 0. Number of merged columns: 0
	Current tableau dimensions: M = 604, N = 1518
	--- SMT Core Statistics ---
	Total depth is 6. Total visited states: 126. Number of splits: 62. Number of pops: 63
	Max stack depth: 14
	--- Bound Tightening Statistics ---
	Number of tightened bounds: 23294.
		Number of rows examined by row tightener: 4026. Consequent tightenings: 304
		Number of explicit basis matrices examined by row tightener: 29. Consequent tightenings: 3663
		Number of bound tightening rounds on the entire constraint matrix: 0. Consequent tightenings: 0
		Number of bound notifications sent to PL constraints: 44010. Tightenings proposed: 0
	--- Basis Factorization statistics ---
	Number of basis refactorizations: 37
	--- Projected Steepest Edge Statistics ---
	Number of iterations: 4316.
	Number of resets to reference space: 63. Avg. iterations per reset: 68
	--- SBT ---
	Number of tightened bounds: 24027
	--- SoI-based local search ---
	Number of proposed phase pattern update: 85. Number of accepted update: 117 [137.65%]
	Total time (% of local search time) updating SoI phase pattern : 15781 milli [0.51%]
	Total time obtaining current assignment: 38706 milli [1.24%]
	Total time getting SoI phase pattern : 6413 milli [0.08%]
	--- Context dependent statistics ---
	Number of pushes / pops: 124 / 124
		[0.07%] Pre-Push hook: 5 milli
		[0.00%] Push : 0 milli
		[0.09%] Post-Pop hook: 7 milli
		[0.05%] Pop : 3 milli
		[0.22%] Total context-switching time: 16 milli
	--- Proof Certificate ---
	Number of certified leaves: 0
	Number of leaves to delegate: 0
	Number of lemmas: 0
unsat
end run time: 10:43:21
DQN: Done solving. Time : 7884 milli. 

