[893] processing ex_0894_label_0 …
start run time: 13:00:17
Network: /cs/labs/guykatz/maya.swisa/elbit/20_8/Marabou/resources/nnet/acasxu/ACASXU_experimental_v2a_1_1.nnet
Number of layers: 8. Input layer size: 5. Output layer size: 5. Number of ReLUs: 300
Total number of variables: 610
Property: /cs/labs/guykatz/maya.swisa/elbit/PROPERTY_1_08091/ex_0894_label_0/eps01.txt

Engine::processInputQuery: Input query (before preprocessing): 309 equations, 610 variables
Engine::processInputQuery: Input query (after preprocessing): 604 equations, 914 variables


Engine::solve: Initial statistics

13:00:17 Statistics update:
	--- Time Statistics ---
	Total time elapsed: 98 milli (00:00:00)
		Main loop: 0 milli (00:00:00)
		Preprocessing time: 63 milli (00:00:00)
		Unknown: 34 milli (00:00:00)
	Breakdown for main loop:
		[0.00%] Simplex steps: 0 milli
		[0.00%] Explicit-basis bound tightening: 0 milli
		[0.00%] Constraint-matrix bound tightening: 0 milli
		[0.00%] Degradation checking: 0 milli
		[0.00%] Precision restoration: 0 milli
		[0.00%] Statistics handling: 0 milli
		[0.00%] Constraint-fixing steps: 0 milli
		[0.00%] Valid case splits: 4 milli. Average per split: 0.00 milli
		[0.00%] Applying stored bound-tightening: 0 milli
		[0.00%] SMT core: 0 milli
		[0.00%] Symbolic Bound Tightening: 8 milli
		[0.00%] SoI-based local search: 0 milli
		[0.00%] SoI-based local search: 0 milli
		[0.00%] Unaccounted for: 0 milli
	--- Preprocessor Statistics ---
	Number of preprocessor bound-tightening loop iterations: 8
	Number of eliminated variables: 0
	Number of constraints removed due to variable elimination: 0
	Number of equations removed due to variable elimination: 0
	--- Engine Statistics ---
	Number of main loop iterations: 1
		0 iterations were simplex steps. Total time: 0 milli. Average: 0.00 milli.
		0 iterations were constraint-fixing steps. Total time: 0 milli. Average: 0.00 milli
	Number of active piecewise-linear constraints: 135 / 300
		Constraints disabled by valid splits: 165. By SMT-originated splits: 0
	Last reported degradation: 0.0000000000. Max degradation so far: 0.0000000000. Restorations so far: 0
	Number of simplex pivots we attempted to skip because of instability: 0.
	Unstable pivots performed anyway: 0
	--- Tableau Statistics ---
	Total number of pivots performed: 0
		Real pivots: 0. Degenerate: 0 (0.00%)
		Degenerate pivots by request (e.g., to fix a PL constraint): 0 (0.00%)
		Average time per pivot: 0.00 milli
	Total number of fake pivots performed: 0
	Total number of rows added: 0. Number of merged columns: 0
	Current tableau dimensions: M = 604, N = 1518
	--- SMT Core Statistics ---
	Total depth is 0. Total visited states: 1. Number of splits: 0. Number of pops: 0
	Max stack depth: 0
	--- Bound Tightening Statistics ---
	Number of tightened bounds: 0.
		Number of rows examined by row tightener: 0. Consequent tightenings: 0
		Number of explicit basis matrices examined by row tightener: 0. Consequent tightenings: 0
		Number of bound tightening rounds on the entire constraint matrix: 0. Consequent tightenings: 0
		Number of bound notifications sent to PL constraints: 1800. Tightenings proposed: 0
	--- Basis Factorization statistics ---
	Number of basis refactorizations: 2
	--- Projected Steepest Edge Statistics ---
	Number of iterations: 0.
	Number of resets to reference space: 1. Avg. iterations per reset: 0
	--- SBT ---
	Number of tightened bounds: 745
	--- SoI-based local search ---
	Number of proposed phase pattern update: 0. Number of accepted update: 0 [0.00%]
	Total time (% of local search time) updating SoI phase pattern : 0 milli [0.00%]
	Total time obtaining current assignment: 0 milli [0.00%]
	Total time getting SoI phase pattern : 0 milli [0.00%]
	--- Context dependent statistics ---
	Number of pushes / pops: 0 / 0
		[0.00%] Pre-Push hook: 0 milli
		[0.00%] Push : 0 milli
		[0.00%] Post-Pop hook: 0 milli
		[0.00%] Pop : 0 milli
		[0.00%] Total context-switching time: 0 milli
	--- Proof Certificate ---
	Number of certified leaves: 0
	Number of leaves to delegate: 0
	Number of lemmas: 0

---
start solving without an agent

Engine::solve: unsat query

13:00:18 Statistics update:
	--- Time Statistics ---
	Total time elapsed: 575 milli (00:00:00)
		Main loop: 477 milli (00:00:00)
		Preprocessing time: 63 milli (00:00:00)
		Unknown: 34 milli (00:00:00)
	Breakdown for main loop:
		[54.09%] Simplex steps: 258 milli
		[19.17%] Explicit-basis bound tightening: 91 milli
		[0.00%] Constraint-matrix bound tightening: 0 milli
		[0.26%] Degradation checking: 1 milli
		[0.00%] Precision restoration: 0 milli
		[0.09%] Statistics handling: 0 milli
		[0.00%] Constraint-fixing steps: 0 milli
		[2.57%] Valid case splits: 12 milli. Average per split: 0.00 milli
		[0.01%] Applying stored bound-tightening: 0 milli
		[0.89%] SMT core: 4 milli
		[23.58%] Symbolic Bound Tightening: 112 milli
		[38.72%] SoI-based local search: 184 milli
		[0.00%] SoI-based local search: 0 milli
		[3867014949585673.50%] Unaccounted for: 0 milli
	--- Preprocessor Statistics ---
	Number of preprocessor bound-tightening loop iterations: 8
	Number of eliminated variables: 0
	Number of constraints removed due to variable elimination: 0
	Number of equations removed due to variable elimination: 0
	--- Engine Statistics ---
	Number of main loop iterations: 445
		434 iterations were simplex steps. Total time: 258 milli. Average: 0.59 milli.
		0 iterations were constraint-fixing steps. Total time: 0 milli. Average: 0.00 milli
	Number of active piecewise-linear constraints: 59 / 300
		Constraints disabled by valid splits: 241. By SMT-originated splits: 0
	Last reported degradation: 0.0000000011. Max degradation so far: 0.0000000011. Restorations so far: 0
	Number of simplex pivots we attempted to skip because of instability: 0.
	Unstable pivots performed anyway: 0
	--- Tableau Statistics ---
	Total number of pivots performed: 400
		Real pivots: 390. Degenerate: 10 (2.50%)
		Degenerate pivots by request (e.g., to fix a PL constraint): 0 (0.00%)
		Average time per pivot: 0.06 milli
	Total number of fake pivots performed: 16
	Total number of rows added: 0. Number of merged columns: 0
	Current tableau dimensions: M = 604, N = 1518
	--- SMT Core Statistics ---
	Total depth is 2. Total visited states: 8. Number of splits: 3. Number of pops: 4
	Max stack depth: 2
	--- Bound Tightening Statistics ---
	Number of tightened bounds: 3747.
		Number of rows examined by row tightener: 400. Consequent tightenings: 4
		Number of explicit basis matrices examined by row tightener: 3. Consequent tightenings: 236
		Number of bound tightening rounds on the entire constraint matrix: 0. Consequent tightenings: 0
		Number of bound notifications sent to PL constraints: 9233. Tightenings proposed: 0
	--- Basis Factorization statistics ---
	Number of basis refactorizations: 5
	--- Projected Steepest Edge Statistics ---
	Number of iterations: 416.
	Number of resets to reference space: 4. Avg. iterations per reset: 104
	--- SBT ---
	Number of tightened bounds: 4492
	--- SoI-based local search ---
	Number of proposed phase pattern update: 6. Number of accepted update: 5 [83.33%]
	Total time (% of local search time) updating SoI phase pattern : 602 milli [0.33%]
	Total time obtaining current assignment: 1502 milli [0.81%]
	Total time getting SoI phase pattern : 499 milli [0.10%]
	--- Context dependent statistics ---
	Number of pushes / pops: 6 / 6
		[0.03%] Pre-Push hook: 0 milli
		[0.00%] Push : 0 milli
		[0.05%] Post-Pop hook: 0 milli
		[0.02%] Pop : 0 milli
		[0.10%] Total context-switching time: 0 milli
	--- Proof Certificate ---
	Number of certified leaves: 0
	Number of leaves to delegate: 0
	Number of lemmas: 0
unsat
end run time: 13:00:18
DQN: Done solving. Time : 582 milli. 

start run time: 13:00:18
Network: /cs/labs/guykatz/maya.swisa/elbit/20_8/Marabou/resources/nnet/acasxu/ACASXU_experimental_v2a_1_1.nnet
Number of layers: 8. Input layer size: 5. Output layer size: 5. Number of ReLUs: 300
Total number of variables: 610
Property: /cs/labs/guykatz/maya.swisa/elbit/PROPERTY_1_08091/ex_0894_label_0/eps02.txt

Engine::processInputQuery: Input query (before preprocessing): 309 equations, 610 variables
Engine::processInputQuery: Input query (after preprocessing): 604 equations, 914 variables


Engine::solve: Initial statistics

13:00:18 Statistics update:
	--- Time Statistics ---
	Total time elapsed: 74 milli (00:00:00)
		Main loop: 0 milli (00:00:00)
		Preprocessing time: 50 milli (00:00:00)
		Unknown: 24 milli (00:00:00)
	Breakdown for main loop:
		[0.00%] Simplex steps: 0 milli
		[0.00%] Explicit-basis bound tightening: 0 milli
		[0.00%] Constraint-matrix bound tightening: 0 milli
		[0.00%] Degradation checking: 0 milli
		[0.00%] Precision restoration: 0 milli
		[0.00%] Statistics handling: 0 milli
		[0.00%] Constraint-fixing steps: 0 milli
		[0.00%] Valid case splits: 3 milli. Average per split: 0.00 milli
		[0.00%] Applying stored bound-tightening: 0 milli
		[0.00%] SMT core: 0 milli
		[0.00%] Symbolic Bound Tightening: 8 milli
		[0.00%] SoI-based local search: 0 milli
		[0.00%] SoI-based local search: 0 milli
		[0.00%] Unaccounted for: 0 milli
	--- Preprocessor Statistics ---
	Number of preprocessor bound-tightening loop iterations: 8
	Number of eliminated variables: 0
	Number of constraints removed due to variable elimination: 0
	Number of equations removed due to variable elimination: 0
	--- Engine Statistics ---
	Number of main loop iterations: 1
		0 iterations were simplex steps. Total time: 0 milli. Average: 0.00 milli.
		0 iterations were constraint-fixing steps. Total time: 0 milli. Average: 0.00 milli
	Number of active piecewise-linear constraints: 165 / 300
		Constraints disabled by valid splits: 135. By SMT-originated splits: 0
	Last reported degradation: 0.0000000000. Max degradation so far: 0.0000000000. Restorations so far: 0
	Number of simplex pivots we attempted to skip because of instability: 0.
	Unstable pivots performed anyway: 0
	--- Tableau Statistics ---
	Total number of pivots performed: 0
		Real pivots: 0. Degenerate: 0 (0.00%)
		Degenerate pivots by request (e.g., to fix a PL constraint): 0 (0.00%)
		Average time per pivot: 0.00 milli
	Total number of fake pivots performed: 0
	Total number of rows added: 0. Number of merged columns: 0
	Current tableau dimensions: M = 604, N = 1518
	--- SMT Core Statistics ---
	Total depth is 0. Total visited states: 1. Number of splits: 0. Number of pops: 0
	Max stack depth: 0
	--- Bound Tightening Statistics ---
	Number of tightened bounds: 0.
		Number of rows examined by row tightener: 0. Consequent tightenings: 0
		Number of explicit basis matrices examined by row tightener: 0. Consequent tightenings: 0
		Number of bound tightening rounds on the entire constraint matrix: 0. Consequent tightenings: 0
		Number of bound notifications sent to PL constraints: 1800. Tightenings proposed: 0
	--- Basis Factorization statistics ---
	Number of basis refactorizations: 2
	--- Projected Steepest Edge Statistics ---
	Number of iterations: 0.
	Number of resets to reference space: 1. Avg. iterations per reset: 0
	--- SBT ---
	Number of tightened bounds: 745
	--- SoI-based local search ---
	Number of proposed phase pattern update: 0. Number of accepted update: 0 [0.00%]
	Total time (% of local search time) updating SoI phase pattern : 0 milli [0.00%]
	Total time obtaining current assignment: 0 milli [0.00%]
	Total time getting SoI phase pattern : 0 milli [0.00%]
	--- Context dependent statistics ---
	Number of pushes / pops: 0 / 0
		[0.00%] Pre-Push hook: 0 milli
		[0.00%] Push : 0 milli
		[0.00%] Post-Pop hook: 0 milli
		[0.00%] Pop : 0 milli
		[0.00%] Total context-switching time: 0 milli
	--- Proof Certificate ---
	Number of certified leaves: 0
	Number of leaves to delegate: 0
	Number of lemmas: 0

---
start solving without an agent

Engine::solve: unsat query

13:00:56 Statistics update:
	--- Time Statistics ---
	Total time elapsed: 38415 milli (00:00:38)
		Main loop: 38329 milli (00:00:38)
		Preprocessing time: 50 milli (00:00:00)
		Unknown: 35 milli (00:00:00)
	Breakdown for main loop:
		[56.86%] Simplex steps: 21793 milli
		[19.38%] Explicit-basis bound tightening: 7428 milli
		[0.00%] Constraint-matrix bound tightening: 0 milli
		[0.27%] Degradation checking: 102 milli
		[0.00%] Precision restoration: 0 milli
		[0.09%] Statistics handling: 34 milli
		[0.00%] Constraint-fixing steps: 0 milli
		[0.26%] Valid case splits: 100 milli. Average per split: 0.00 milli
		[0.02%] Applying stored bound-tightening: 6 milli
		[1.24%] SMT core: 473 milli
		[18.66%] Symbolic Bound Tightening: 7153 milli
		[38.60%] SoI-based local search: 14794 milli
		[0.00%] SoI-based local search: 0 milli
		[3.23%] Unaccounted for: 1236 milli
	--- Preprocessor Statistics ---
	Number of preprocessor bound-tightening loop iterations: 8
	Number of eliminated variables: 0
	Number of constraints removed due to variable elimination: 0
	Number of equations removed due to variable elimination: 0
	--- Engine Statistics ---
	Number of main loop iterations: 33701
		32899 iterations were simplex steps. Total time: 21793 milli. Average: 0.66 milli.
		0 iterations were constraint-fixing steps. Total time: 0 milli. Average: 0.00 milli
	Number of active piecewise-linear constraints: 87 / 300
		Constraints disabled by valid splits: 213. By SMT-originated splits: 0
	Last reported degradation: 0.0000000000. Max degradation so far: 0.0000272319. Restorations so far: 0
	Number of simplex pivots we attempted to skip because of instability: 30.
	Unstable pivots performed anyway: 0
	--- Tableau Statistics ---
	Total number of pivots performed: 29885
		Real pivots: 29771. Degenerate: 114 (0.38%)
		Degenerate pivots by request (e.g., to fix a PL constraint): 0 (0.00%)
		Average time per pivot: 0.08 milli
	Total number of fake pivots performed: 1448
	Total number of rows added: 0. Number of merged columns: 0
	Current tableau dimensions: M = 604, N = 1518
	--- SMT Core Statistics ---
	Total depth is 2. Total visited states: 590. Number of splits: 294. Number of pops: 295
	Max stack depth: 24
	--- Bound Tightening Statistics ---
	Number of tightened bounds: 91744.
		Number of rows examined by row tightener: 29885. Consequent tightenings: 2239
		Number of explicit basis matrices examined by row tightener: 229. Consequent tightenings: 12893
		Number of bound tightening rounds on the entire constraint matrix: 0. Consequent tightenings: 0
		Number of bound notifications sent to PL constraints: 150698. Tightenings proposed: 0
	--- Basis Factorization statistics ---
	Number of basis refactorizations: 274
	--- Projected Steepest Edge Statistics ---
	Number of iterations: 31363.
	Number of resets to reference space: 295. Avg. iterations per reset: 106
	--- SBT ---
	Number of tightened bounds: 92489
	--- SoI-based local search ---
	Number of proposed phase pattern update: 382. Number of accepted update: 564 [147.64%]
	Total time (% of local search time) updating SoI phase pattern : 51959 milli [0.35%]
	Total time obtaining current assignment: 126256 milli [0.85%]
	Total time getting SoI phase pattern : 26538 milli [0.07%]
	--- Context dependent statistics ---
	Number of pushes / pops: 588 / 588
		[0.04%] Pre-Push hook: 16 milli
		[0.00%] Push : 0 milli
		[0.08%] Post-Pop hook: 28 milli
		[0.03%] Pop : 10 milli
		[0.15%] Total context-switching time: 56 milli
	--- Proof Certificate ---
	Number of certified leaves: 0
	Number of leaves to delegate: 0
	Number of lemmas: 0
unsat
end run time: 13:00:56
DQN: Done solving. Time : 38444 milli. 

start run time: 13:00:56
Network: /cs/labs/guykatz/maya.swisa/elbit/20_8/Marabou/resources/nnet/acasxu/ACASXU_experimental_v2a_1_1.nnet
Number of layers: 8. Input layer size: 5. Output layer size: 5. Number of ReLUs: 300
Total number of variables: 610
Property: /cs/labs/guykatz/maya.swisa/elbit/PROPERTY_1_08091/ex_0894_label_0/eps03.txt

Engine::processInputQuery: Input query (before preprocessing): 309 equations, 610 variables
Engine::processInputQuery: Input query (after preprocessing): 604 equations, 914 variables


Engine::solve: Initial statistics

13:00:56 Statistics update:
	--- Time Statistics ---
	Total time elapsed: 101 milli (00:00:00)
		Main loop: 0 milli (00:00:00)
		Preprocessing time: 50 milli (00:00:00)
		Unknown: 51 milli (00:00:00)
	Breakdown for main loop:
		[0.00%] Simplex steps: 0 milli
		[0.00%] Explicit-basis bound tightening: 0 milli
		[0.00%] Constraint-matrix bound tightening: 0 milli
		[0.00%] Degradation checking: 0 milli
		[0.00%] Precision restoration: 0 milli
		[0.00%] Statistics handling: 0 milli
		[0.00%] Constraint-fixing steps: 0 milli
		[0.00%] Valid case splits: 3 milli. Average per split: 0.00 milli
		[0.00%] Applying stored bound-tightening: 0 milli
		[0.00%] SMT core: 0 milli
		[0.00%] Symbolic Bound Tightening: 9 milli
		[0.00%] SoI-based local search: 0 milli
		[0.00%] SoI-based local search: 0 milli
		[0.00%] Unaccounted for: 0 milli
	--- Preprocessor Statistics ---
	Number of preprocessor bound-tightening loop iterations: 8
	Number of eliminated variables: 0
	Number of constraints removed due to variable elimination: 0
	Number of equations removed due to variable elimination: 0
	--- Engine Statistics ---
	Number of main loop iterations: 1
		0 iterations were simplex steps. Total time: 0 milli. Average: 0.00 milli.
		0 iterations were constraint-fixing steps. Total time: 0 milli. Average: 0.00 milli
	Number of active piecewise-linear constraints: 188 / 300
		Constraints disabled by valid splits: 112. By SMT-originated splits: 0
	Last reported degradation: 0.0000000000. Max degradation so far: 0.0000000000. Restorations so far: 0
	Number of simplex pivots we attempted to skip because of instability: 0.
	Unstable pivots performed anyway: 0
	--- Tableau Statistics ---
	Total number of pivots performed: 0
		Real pivots: 0. Degenerate: 0 (0.00%)
		Degenerate pivots by request (e.g., to fix a PL constraint): 0 (0.00%)
		Average time per pivot: 0.00 milli
	Total number of fake pivots performed: 0
	Total number of rows added: 0. Number of merged columns: 0
	Current tableau dimensions: M = 604, N = 1518
	--- SMT Core Statistics ---
	Total depth is 0. Total visited states: 1. Number of splits: 0. Number of pops: 0
	Max stack depth: 0
	--- Bound Tightening Statistics ---
	Number of tightened bounds: 0.
		Number of rows examined by row tightener: 0. Consequent tightenings: 0
		Number of explicit basis matrices examined by row tightener: 0. Consequent tightenings: 0
		Number of bound tightening rounds on the entire constraint matrix: 0. Consequent tightenings: 0
		Number of bound notifications sent to PL constraints: 1800. Tightenings proposed: 0
	--- Basis Factorization statistics ---
	Number of basis refactorizations: 2
	--- Projected Steepest Edge Statistics ---
	Number of iterations: 0.
	Number of resets to reference space: 1. Avg. iterations per reset: 0
	--- SBT ---
	Number of tightened bounds: 741
	--- SoI-based local search ---
	Number of proposed phase pattern update: 0. Number of accepted update: 0 [0.00%]
	Total time (% of local search time) updating SoI phase pattern : 0 milli [0.00%]
	Total time obtaining current assignment: 0 milli [0.00%]
	Total time getting SoI phase pattern : 0 milli [0.00%]
	--- Context dependent statistics ---
	Number of pushes / pops: 0 / 0
		[0.00%] Pre-Push hook: 0 milli
		[0.00%] Push : 0 milli
		[0.00%] Post-Pop hook: 0 milli
		[0.00%] Pop : 0 milli
		[0.00%] Total context-switching time: 0 milli
	--- Proof Certificate ---
	Number of certified leaves: 0
	Number of leaves to delegate: 0
	Number of lemmas: 0

---
start solving without an agent
MalformedBasisException caught!
Performing precision restoration. Degradation before: 0.000001196575761. After: 0.000000000000067
MalformedBasisException caught!
Performing precision restoration. Degradation before: 0.000001535238769. After: 0.000000000000068
High degradation found!
Performing precision restoration. Degradation before: 0.109830879795785. After: 0.000000000000240
MalformedBasisException caught!
Performing precision restoration. Degradation before: 0.000000409238979. After: 0.000000000000070
Performing precision restoration. Degradation before: 0.011880397154807. After: 0.000000000000271
Performing precision restoration. Degradation before: 0.000192846131997. After: 0.000000000000126
Performing precision restoration. Degradation before: 0.002398100648363. After: 0.000000000000149
High degradation found!
Performing precision restoration. Degradation before: 0.100042436368383. After: 0.000000000000137
MalformedBasisException caught!
Performing precision restoration. Degradation before: 3.122390311623078. After: 0.000000000000062
Performing precision restoration. Degradation before: 0.000351461752089. After: 0.000000000000192
Performing precision restoration. Degradation before: 0.000020557772717. After: 0.000000000000428
Performing precision restoration. Degradation before: 0.001888923663813. After: 0.000000000000184


Engine: quitting due to timeout...

Final statistics:

14:00:56 Statistics update:
	--- Time Statistics ---
	Total time elapsed: 3600003 milli (01:00:00)
		Main loop: 3599013 milli (00:59:59)
		Preprocessing time: 50 milli (00:00:00)
		Unknown: 939 milli (00:00:00)
	Breakdown for main loop:
		[53.66%] Simplex steps: 1931346 milli
		[24.04%] Explicit-basis bound tightening: 865307 milli
		[0.00%] Constraint-matrix bound tightening: 0 milli
		[0.22%] Degradation checking: 7822 milli
		[0.00%] Precision restoration: 129 milli
		[0.10%] Statistics handling: 3736 milli
		[0.00%] Constraint-fixing steps: 0 milli
		[0.17%] Valid case splits: 6052 milli. Average per split: 0.00 milli
		[0.02%] Applying stored bound-tightening: 636 milli
		[1.29%] SMT core: 46493 milli
		[16.19%] Symbolic Bound Tightening: 582630 milli
		[32.98%] SoI-based local search: 1187095 milli
		[0.00%] SoI-based local search: 0 milli
		[4.30%] Unaccounted for: 154858 milli
	--- Preprocessor Statistics ---
	Number of preprocessor bound-tightening loop iterations: 8
	Number of eliminated variables: 0
	Number of constraints removed due to variable elimination: 0
	Number of equations removed due to variable elimination: 0
	--- Engine Statistics ---
	Number of main loop iterations: 2684804
		2619265 iterations were simplex steps. Total time: 1931346 milli. Average: 0.74 milli.
		0 iterations were constraint-fixing steps. Total time: 0 milli. Average: 0.00 milli
	Number of active piecewise-linear constraints: 89 / 300
		Constraints disabled by valid splits: 185. By SMT-originated splits: 26
	Last reported degradation: 0.0000000000. Max degradation so far: 0.1098308798. Restorations so far: 12
	Number of simplex pivots we attempted to skip because of instability: 1149.
	Unstable pivots performed anyway: 60
	--- Tableau Statistics ---
	Total number of pivots performed: 2362089
		Real pivots: 2353502. Degenerate: 8587 (0.36%)
		Degenerate pivots by request (e.g., to fix a PL constraint): 0 (0.00%)
		Average time per pivot: 0.09 milli
	Total number of fake pivots performed: 119291
	Total number of rows added: 0. Number of merged columns: 0
	Current tableau dimensions: M = 604, N = 1518
	--- SMT Core Statistics ---
	Total depth is 28. Total visited states: 50571. Number of splits: 25295. Number of pops: 25275
	Max stack depth: 76
	--- Bound Tightening Statistics ---
	Number of tightened bounds: 7161729.
		Number of rows examined by row tightener: 2362089. Consequent tightenings: 292673
		Number of explicit basis matrices examined by row tightener: 18672. Consequent tightenings: 1123228
		Number of bound tightening rounds on the entire constraint matrix: 0. Consequent tightenings: 0
		Number of bound notifications sent to PL constraints: 13559090. Tightenings proposed: 0
	--- Basis Factorization statistics ---
	Number of basis refactorizations: 20756
	--- Projected Steepest Edge Statistics ---
	Number of iterations: 2482469.
	Number of resets to reference space: 25384. Avg. iterations per reset: 97
	--- SBT ---
	Number of tightened bounds: 7126038
	--- SoI-based local search ---
	Number of proposed phase pattern update: 30174. Number of accepted update: 49965 [165.59%]
	Total time (% of local search time) updating SoI phase pattern : 5159013 milli [0.43%]
	Total time obtaining current assignment: 13612300 milli [1.15%]
	Total time getting SoI phase pattern : 3098224 milli [0.09%]
	--- Context dependent statistics ---
	Number of pushes / pops: 50572 / 50544
		[0.05%] Pre-Push hook: 1657 milli
		[0.00%] Push : 1 milli
		[0.07%] Post-Pop hook: 2587 milli
		[0.03%] Pop : 1149 milli
		[0.15%] Total context-switching time: 5396 milli
	--- Proof Certificate ---
	Number of certified leaves: 0
	Number of leaves to delegate: 0
	Number of lemmas: 0
Timeout
end run time: 14:00:56
DQN: Done solving. Time : 3600021 milli. 

