[951] processing ex_0952_label_0 …
start run time: 13:02:03
Network: /cs/labs/guykatz/maya.swisa/elbit/20_8/Marabou/resources/nnet/acasxu/ACASXU_experimental_v2a_1_1.nnet
Number of layers: 8. Input layer size: 5. Output layer size: 5. Number of ReLUs: 300
Total number of variables: 610
Property: /cs/labs/guykatz/maya.swisa/elbit/PROPERTY_1_08091/ex_0952_label_0/eps01.txt

Engine::processInputQuery: Input query (before preprocessing): 309 equations, 610 variables
Engine::processInputQuery: Input query (after preprocessing): 604 equations, 914 variables


Engine::solve: Initial statistics

13:02:03 Statistics update:
	--- Time Statistics ---
	Total time elapsed: 89 milli (00:00:00)
		Main loop: 0 milli (00:00:00)
		Preprocessing time: 57 milli (00:00:00)
		Unknown: 31 milli (00:00:00)
	Breakdown for main loop:
		[0.00%] Simplex steps: 0 milli
		[0.00%] Explicit-basis bound tightening: 0 milli
		[0.00%] Constraint-matrix bound tightening: 0 milli
		[0.00%] Degradation checking: 0 milli
		[0.00%] Precision restoration: 0 milli
		[0.00%] Statistics handling: 0 milli
		[0.00%] Constraint-fixing steps: 0 milli
		[0.00%] Valid case splits: 2 milli. Average per split: 0.00 milli
		[0.00%] Applying stored bound-tightening: 0 milli
		[0.00%] SMT core: 0 milli
		[0.00%] Symbolic Bound Tightening: 8 milli
		[0.00%] SoI-based local search: 0 milli
		[0.00%] SoI-based local search: 0 milli
		[0.00%] Unaccounted for: 0 milli
	--- Preprocessor Statistics ---
	Number of preprocessor bound-tightening loop iterations: 8
	Number of eliminated variables: 0
	Number of constraints removed due to variable elimination: 0
	Number of equations removed due to variable elimination: 0
	--- Engine Statistics ---
	Number of main loop iterations: 1
		0 iterations were simplex steps. Total time: 0 milli. Average: 0.00 milli.
		0 iterations were constraint-fixing steps. Total time: 0 milli. Average: 0.00 milli
	Number of active piecewise-linear constraints: 196 / 300
		Constraints disabled by valid splits: 104. By SMT-originated splits: 0
	Last reported degradation: 0.0000000000. Max degradation so far: 0.0000000000. Restorations so far: 0
	Number of simplex pivots we attempted to skip because of instability: 0.
	Unstable pivots performed anyway: 0
	--- Tableau Statistics ---
	Total number of pivots performed: 0
		Real pivots: 0. Degenerate: 0 (0.00%)
		Degenerate pivots by request (e.g., to fix a PL constraint): 0 (0.00%)
		Average time per pivot: 0.00 milli
	Total number of fake pivots performed: 0
	Total number of rows added: 0. Number of merged columns: 0
	Current tableau dimensions: M = 604, N = 1518
	--- SMT Core Statistics ---
	Total depth is 0. Total visited states: 1. Number of splits: 0. Number of pops: 0
	Max stack depth: 0
	--- Bound Tightening Statistics ---
	Number of tightened bounds: 0.
		Number of rows examined by row tightener: 0. Consequent tightenings: 0
		Number of explicit basis matrices examined by row tightener: 0. Consequent tightenings: 0
		Number of bound tightening rounds on the entire constraint matrix: 0. Consequent tightenings: 0
		Number of bound notifications sent to PL constraints: 1800. Tightenings proposed: 0
	--- Basis Factorization statistics ---
	Number of basis refactorizations: 2
	--- Projected Steepest Edge Statistics ---
	Number of iterations: 0.
	Number of resets to reference space: 1. Avg. iterations per reset: 0
	--- SBT ---
	Number of tightened bounds: 733
	--- SoI-based local search ---
	Number of proposed phase pattern update: 0. Number of accepted update: 0 [0.00%]
	Total time (% of local search time) updating SoI phase pattern : 0 milli [0.00%]
	Total time obtaining current assignment: 0 milli [0.00%]
	Total time getting SoI phase pattern : 0 milli [0.00%]
	--- Context dependent statistics ---
	Number of pushes / pops: 0 / 0
		[0.00%] Pre-Push hook: 0 milli
		[0.00%] Push : 0 milli
		[0.00%] Post-Pop hook: 0 milli
		[0.00%] Pop : 0 milli
		[0.00%] Total context-switching time: 0 milli
	--- Proof Certificate ---
	Number of certified leaves: 0
	Number of leaves to delegate: 0
	Number of lemmas: 0

---
start solving without an agent

Engine::solve: sat assignment found

13:02:04 Statistics update:
	--- Time Statistics ---
	Total time elapsed: 410 milli (00:00:00)
		Main loop: 321 milli (00:00:00)
		Preprocessing time: 57 milli (00:00:00)
		Unknown: 32 milli (00:00:00)
	Breakdown for main loop:
		[69.91%] Simplex steps: 224 milli
		[25.48%] Explicit-basis bound tightening: 81 milli
		[0.00%] Constraint-matrix bound tightening: 0 milli
		[0.26%] Degradation checking: 0 milli
		[0.00%] Precision restoration: 0 milli
		[0.12%] Statistics handling: 0 milli
		[0.00%] Constraint-fixing steps: 0 milli
		[0.87%] Valid case splits: 2 milli. Average per split: 0.00 milli
		[0.00%] Applying stored bound-tightening: 0 milli
		[0.00%] SMT core: 0 milli
		[4.93%] Symbolic Bound Tightening: 15 milli
		[53.55%] SoI-based local search: 172 milli
		[0.00%] SoI-based local search: 0 milli
		[5742498902260530.00%] Unaccounted for: 0 milli
	--- Preprocessor Statistics ---
	Number of preprocessor bound-tightening loop iterations: 8
	Number of eliminated variables: 0
	Number of constraints removed due to variable elimination: 0
	Number of equations removed due to variable elimination: 0
	--- Engine Statistics ---
	Number of main loop iterations: 369
		367 iterations were simplex steps. Total time: 224 milli. Average: 0.61 milli.
		0 iterations were constraint-fixing steps. Total time: 0 milli. Average: 0.00 milli
	Number of active piecewise-linear constraints: 196 / 300
		Constraints disabled by valid splits: 104. By SMT-originated splits: 0
	Last reported degradation: 0.0000000001. Max degradation so far: 0.0000000001. Restorations so far: 0
	Number of simplex pivots we attempted to skip because of instability: 0.
	Unstable pivots performed anyway: 0
	--- Tableau Statistics ---
	Total number of pivots performed: 362
		Real pivots: 357. Degenerate: 5 (1.38%)
		Degenerate pivots by request (e.g., to fix a PL constraint): 0 (0.00%)
		Average time per pivot: 0.06 milli
	Total number of fake pivots performed: 3
	Total number of rows added: 0. Number of merged columns: 0
	Current tableau dimensions: M = 604, N = 1518
	--- SMT Core Statistics ---
	Total depth is 0. Total visited states: 1. Number of splits: 0. Number of pops: 0
	Max stack depth: 0
	--- Bound Tightening Statistics ---
	Number of tightened bounds: 0.
		Number of rows examined by row tightener: 362. Consequent tightenings: 0
		Number of explicit basis matrices examined by row tightener: 3. Consequent tightenings: 194
		Number of bound tightening rounds on the entire constraint matrix: 0. Consequent tightenings: 0
		Number of bound notifications sent to PL constraints: 3606. Tightenings proposed: 0
	--- Basis Factorization statistics ---
	Number of basis refactorizations: 5
	--- Projected Steepest Edge Statistics ---
	Number of iterations: 365.
	Number of resets to reference space: 1. Avg. iterations per reset: 365
	--- SBT ---
	Number of tightened bounds: 733
	--- SoI-based local search ---
	Number of proposed phase pattern update: 0. Number of accepted update: 1 [0.00%]
	Total time (% of local search time) updating SoI phase pattern : 220 milli [0.13%]
	Total time obtaining current assignment: 145 milli [0.08%]
	Total time getting SoI phase pattern : 117 milli [0.04%]
	--- Context dependent statistics ---
	Number of pushes / pops: 0 / 0
		[0.00%] Pre-Push hook: 0 milli
		[0.00%] Push : 0 milli
		[0.00%] Post-Pop hook: 0 milli
		[0.00%] Pop : 0 milli
		[0.00%] Total context-switching time: 0 milli
	--- Proof Certificate ---
	Number of certified leaves: 0
	Number of leaves to delegate: 0
	Number of lemmas: 0
sat
Input assignment:
	x0 = 0.580014
	x1 = -0.000342
	x2 = 0.257660
	x3 = 0.487086
	x4 = -0.384100

Output:
	y0 = -0.017922
	y1 = -0.013653
	y2 = -0.018317
	y3 = -0.012741
	y4 = -0.017802

end run time: 13:02:04
DQN: Done solving. Time : 420 milli. 

start run time: 13:02:04
Network: /cs/labs/guykatz/maya.swisa/elbit/20_8/Marabou/resources/nnet/acasxu/ACASXU_experimental_v2a_1_1.nnet
Number of layers: 8. Input layer size: 5. Output layer size: 5. Number of ReLUs: 300
Total number of variables: 610
Property: /cs/labs/guykatz/maya.swisa/elbit/PROPERTY_1_08091/ex_0952_label_0/eps02.txt

Engine::processInputQuery: Input query (before preprocessing): 309 equations, 610 variables
Engine::processInputQuery: Input query (after preprocessing): 604 equations, 914 variables


Engine::solve: Initial statistics

13:02:04 Statistics update:
	--- Time Statistics ---
	Total time elapsed: 72 milli (00:00:00)
		Main loop: 0 milli (00:00:00)
		Preprocessing time: 46 milli (00:00:00)
		Unknown: 25 milli (00:00:00)
	Breakdown for main loop:
		[0.00%] Simplex steps: 0 milli
		[0.00%] Explicit-basis bound tightening: 0 milli
		[0.00%] Constraint-matrix bound tightening: 0 milli
		[0.00%] Degradation checking: 0 milli
		[0.00%] Precision restoration: 0 milli
		[0.00%] Statistics handling: 0 milli
		[0.00%] Constraint-fixing steps: 0 milli
		[0.00%] Valid case splits: 2 milli. Average per split: 0.00 milli
		[0.00%] Applying stored bound-tightening: 0 milli
		[0.00%] SMT core: 0 milli
		[0.00%] Symbolic Bound Tightening: 8 milli
		[0.00%] SoI-based local search: 0 milli
		[0.00%] SoI-based local search: 0 milli
		[0.00%] Unaccounted for: 0 milli
	--- Preprocessor Statistics ---
	Number of preprocessor bound-tightening loop iterations: 8
	Number of eliminated variables: 0
	Number of constraints removed due to variable elimination: 0
	Number of equations removed due to variable elimination: 0
	--- Engine Statistics ---
	Number of main loop iterations: 1
		0 iterations were simplex steps. Total time: 0 milli. Average: 0.00 milli.
		0 iterations were constraint-fixing steps. Total time: 0 milli. Average: 0.00 milli
	Number of active piecewise-linear constraints: 205 / 300
		Constraints disabled by valid splits: 95. By SMT-originated splits: 0
	Last reported degradation: 0.0000000000. Max degradation so far: 0.0000000000. Restorations so far: 0
	Number of simplex pivots we attempted to skip because of instability: 0.
	Unstable pivots performed anyway: 0
	--- Tableau Statistics ---
	Total number of pivots performed: 0
		Real pivots: 0. Degenerate: 0 (0.00%)
		Degenerate pivots by request (e.g., to fix a PL constraint): 0 (0.00%)
		Average time per pivot: 0.00 milli
	Total number of fake pivots performed: 0
	Total number of rows added: 0. Number of merged columns: 0
	Current tableau dimensions: M = 604, N = 1518
	--- SMT Core Statistics ---
	Total depth is 0. Total visited states: 1. Number of splits: 0. Number of pops: 0
	Max stack depth: 0
	--- Bound Tightening Statistics ---
	Number of tightened bounds: 0.
		Number of rows examined by row tightener: 0. Consequent tightenings: 0
		Number of explicit basis matrices examined by row tightener: 0. Consequent tightenings: 0
		Number of bound tightening rounds on the entire constraint matrix: 0. Consequent tightenings: 0
		Number of bound notifications sent to PL constraints: 1800. Tightenings proposed: 0
	--- Basis Factorization statistics ---
	Number of basis refactorizations: 2
	--- Projected Steepest Edge Statistics ---
	Number of iterations: 0.
	Number of resets to reference space: 1. Avg. iterations per reset: 0
	--- SBT ---
	Number of tightened bounds: 735
	--- SoI-based local search ---
	Number of proposed phase pattern update: 0. Number of accepted update: 0 [0.00%]
	Total time (% of local search time) updating SoI phase pattern : 0 milli [0.00%]
	Total time obtaining current assignment: 0 milli [0.00%]
	Total time getting SoI phase pattern : 0 milli [0.00%]
	--- Context dependent statistics ---
	Number of pushes / pops: 0 / 0
		[0.00%] Pre-Push hook: 0 milli
		[0.00%] Push : 0 milli
		[0.00%] Post-Pop hook: 0 milli
		[0.00%] Pop : 0 milli
		[0.00%] Total context-switching time: 0 milli
	--- Proof Certificate ---
	Number of certified leaves: 0
	Number of leaves to delegate: 0
	Number of lemmas: 0

---
start solving without an agent
Performing precision restoration. Degradation before: 0.001868285365690. After: 0.000000000000323
MalformedBasisException caught!
Performing precision restoration. Degradation before: 0.000000032632350. After: 0.000000000000071
Performing precision restoration. Degradation before: 0.001904670854491. After: 0.000000000000174

Engine::solve: sat assignment found

13:16:37 Statistics update:
	--- Time Statistics ---
	Total time elapsed: 873740 milli (00:14:33)
		Main loop: 873401 milli (00:14:33)
		Preprocessing time: 46 milli (00:00:00)
		Unknown: 293 milli (00:00:00)
	Breakdown for main loop:
		[54.42%] Simplex steps: 475282 milli
		[23.60%] Explicit-basis bound tightening: 206156 milli
		[0.00%] Constraint-matrix bound tightening: 0 milli
		[0.24%] Degradation checking: 2102 milli
		[0.00%] Precision restoration: 30 milli
		[0.10%] Statistics handling: 881 milli
		[0.00%] Constraint-fixing steps: 0 milli
		[0.10%] Valid case splits: 886 milli. Average per split: 0.00 milli
		[0.02%] Applying stored bound-tightening: 170 milli
		[1.36%] SMT core: 11838 milli
		[15.93%] Symbolic Bound Tightening: 139127 milli
		[32.48%] SoI-based local search: 283653 milli
		[0.00%] SoI-based local search: 0 milli
		[4.23%] Unaccounted for: 36925 milli
	--- Preprocessor Statistics ---
	Number of preprocessor bound-tightening loop iterations: 8
	Number of eliminated variables: 0
	Number of constraints removed due to variable elimination: 0
	Number of equations removed due to variable elimination: 0
	--- Engine Statistics ---
	Number of main loop iterations: 769521
		750764 iterations were simplex steps. Total time: 475282 milli. Average: 0.63 milli.
		0 iterations were constraint-fixing steps. Total time: 0 milli. Average: 0.00 milli
	Number of active piecewise-linear constraints: 91 / 300
		Constraints disabled by valid splits: 168. By SMT-originated splits: 41
	Last reported degradation: 0.0000000001. Max degradation so far: 0.0018862560. Restorations so far: 3
	Number of simplex pivots we attempted to skip because of instability: 120.
	Unstable pivots performed anyway: 1
	--- Tableau Statistics ---
	Total number of pivots performed: 683308
		Real pivots: 681554. Degenerate: 1754 (0.26%)
		Degenerate pivots by request (e.g., to fix a PL constraint): 0 (0.00%)
		Average time per pivot: 0.08 milli
	Total number of fake pivots performed: 27620
	Total number of rows added: 0. Number of merged columns: 0
	Current tableau dimensions: M = 604, N = 1518
	--- SMT Core Statistics ---
	Total depth is 45. Total visited states: 14545. Number of splits: 7293. Number of pops: 7251
	Max stack depth: 89
	--- Bound Tightening Statistics ---
	Number of tightened bounds: 1669804.
		Number of rows examined by row tightener: 683308. Consequent tightenings: 106099
		Number of explicit basis matrices examined by row tightener: 5684. Consequent tightenings: 317771
		Number of bound tightening rounds on the entire constraint matrix: 0. Consequent tightenings: 0
		Number of bound notifications sent to PL constraints: 3433262. Tightenings proposed: 0
	--- Basis Factorization statistics ---
	Number of basis refactorizations: 6077
	--- Projected Steepest Edge Statistics ---
	Number of iterations: 711047.
	Number of resets to reference space: 7284. Avg. iterations per reset: 97
	--- SBT ---
	Number of tightened bounds: 1661431
	--- SoI-based local search ---
	Number of proposed phase pattern update: 8642. Number of accepted update: 14386 [166.47%]
	Total time (% of local search time) updating SoI phase pattern : 1352907 milli [0.48%]
	Total time obtaining current assignment: 3513422 milli [1.24%]
	Total time getting SoI phase pattern : 744928 milli [0.09%]
	--- Context dependent statistics ---
	Number of pushes / pops: 14544 / 14499
		[0.05%] Pre-Push hook: 434 milli
		[0.00%] Push : 0 milli
		[0.07%] Post-Pop hook: 591 milli
		[0.03%] Pop : 248 milli
		[0.15%] Total context-switching time: 1273 milli
	--- Proof Certificate ---
	Number of certified leaves: 0
	Number of leaves to delegate: 0
	Number of lemmas: 0
sat
Input assignment:
	x0 = 0.570014
	x1 = 0.003737
	x2 = 0.306208
	x3 = 0.444085
	x4 = -0.480415

Output:
	y0 = -0.017621
	y1 = -0.012355
	y2 = -0.017889
	y3 = -0.011329
	y4 = -0.016879

end run time: 13:16:37
DQN: Done solving. Time : 873766 milli. 

start run time: 13:16:38
Network: /cs/labs/guykatz/maya.swisa/elbit/20_8/Marabou/resources/nnet/acasxu/ACASXU_experimental_v2a_1_1.nnet
Number of layers: 8. Input layer size: 5. Output layer size: 5. Number of ReLUs: 300
Total number of variables: 610
Property: /cs/labs/guykatz/maya.swisa/elbit/PROPERTY_1_08091/ex_0952_label_0/eps03.txt

Engine::processInputQuery: Input query (before preprocessing): 309 equations, 610 variables
Engine::processInputQuery: Input query (after preprocessing): 604 equations, 914 variables


Engine::solve: Initial statistics

13:16:38 Statistics update:
	--- Time Statistics ---
	Total time elapsed: 94 milli (00:00:00)
		Main loop: 0 milli (00:00:00)
		Preprocessing time: 50 milli (00:00:00)
		Unknown: 43 milli (00:00:00)
	Breakdown for main loop:
		[0.00%] Simplex steps: 0 milli
		[0.00%] Explicit-basis bound tightening: 0 milli
		[0.00%] Constraint-matrix bound tightening: 0 milli
		[0.00%] Degradation checking: 0 milli
		[0.00%] Precision restoration: 0 milli
		[0.00%] Statistics handling: 0 milli
		[0.00%] Constraint-fixing steps: 0 milli
		[0.00%] Valid case splits: 2 milli. Average per split: 0.00 milli
		[0.00%] Applying stored bound-tightening: 0 milli
		[0.00%] SMT core: 0 milli
		[0.00%] Symbolic Bound Tightening: 8 milli
		[0.00%] SoI-based local search: 0 milli
		[0.00%] SoI-based local search: 0 milli
		[0.00%] Unaccounted for: 0 milli
	--- Preprocessor Statistics ---
	Number of preprocessor bound-tightening loop iterations: 8
	Number of eliminated variables: 0
	Number of constraints removed due to variable elimination: 0
	Number of equations removed due to variable elimination: 0
	--- Engine Statistics ---
	Number of main loop iterations: 1
		0 iterations were simplex steps. Total time: 0 milli. Average: 0.00 milli.
		0 iterations were constraint-fixing steps. Total time: 0 milli. Average: 0.00 milli
	Number of active piecewise-linear constraints: 208 / 300
		Constraints disabled by valid splits: 92. By SMT-originated splits: 0
	Last reported degradation: 0.0000000000. Max degradation so far: 0.0000000000. Restorations so far: 0
	Number of simplex pivots we attempted to skip because of instability: 0.
	Unstable pivots performed anyway: 0
	--- Tableau Statistics ---
	Total number of pivots performed: 0
		Real pivots: 0. Degenerate: 0 (0.00%)
		Degenerate pivots by request (e.g., to fix a PL constraint): 0 (0.00%)
		Average time per pivot: 0.00 milli
	Total number of fake pivots performed: 0
	Total number of rows added: 0. Number of merged columns: 0
	Current tableau dimensions: M = 604, N = 1518
	--- SMT Core Statistics ---
	Total depth is 0. Total visited states: 1. Number of splits: 0. Number of pops: 0
	Max stack depth: 0
	--- Bound Tightening Statistics ---
	Number of tightened bounds: 0.
		Number of rows examined by row tightener: 0. Consequent tightenings: 0
		Number of explicit basis matrices examined by row tightener: 0. Consequent tightenings: 0
		Number of bound tightening rounds on the entire constraint matrix: 0. Consequent tightenings: 0
		Number of bound notifications sent to PL constraints: 1800. Tightenings proposed: 0
	--- Basis Factorization statistics ---
	Number of basis refactorizations: 2
	--- Projected Steepest Edge Statistics ---
	Number of iterations: 0.
	Number of resets to reference space: 1. Avg. iterations per reset: 0
	--- SBT ---
	Number of tightened bounds: 734
	--- SoI-based local search ---
	Number of proposed phase pattern update: 0. Number of accepted update: 0 [0.00%]
	Total time (% of local search time) updating SoI phase pattern : 0 milli [0.00%]
	Total time obtaining current assignment: 0 milli [0.00%]
	Total time getting SoI phase pattern : 0 milli [0.00%]
	--- Context dependent statistics ---
	Number of pushes / pops: 0 / 0
		[0.00%] Pre-Push hook: 0 milli
		[0.00%] Push : 0 milli
		[0.00%] Post-Pop hook: 0 milli
		[0.00%] Pop : 0 milli
		[0.00%] Total context-switching time: 0 milli
	--- Proof Certificate ---
	Number of certified leaves: 0
	Number of leaves to delegate: 0
	Number of lemmas: 0

---
start solving without an agent
Performing precision restoration. Degradation before: 0.016053675265486. After: 0.000000000001363
Performing precision restoration. Degradation before: 0.030615430630359. After: 0.000000000001490
Performing precision restoration. Degradation before: 0.000002053165753. After: 0.000000000001023
MalformedBasisException caught!
Performing precision restoration. Degradation before: 0.000001597205865. After: 0.000000000000056
Performing precision restoration. Degradation before: 0.000055650185209. After: 0.000000000007740
Performing precision restoration. Degradation before: 0.001083923097550. After: 0.000000000000383
Performing precision restoration. Degradation before: 0.034503395101796. After: 0.000000000005202
Performing precision restoration. Degradation before: 0.005452758777773. After: 0.000000000000249
Performing precision restoration. Degradation before: 0.000137085313326. After: 0.000000000000324
Performing precision restoration. Degradation before: 0.000391006769836. After: 0.000000000000189
High degradation found!
Performing precision restoration. Degradation before: 0.100232565691855. After: 0.000000000000195
Performing precision restoration. Degradation before: 0.002975113680037. After: 0.000000000000505
High degradation found!
Performing precision restoration. Degradation before: 0.100038411556221. After: 0.000000000000460
Performing precision restoration. Degradation before: 0.012753637169398. After: 0.000000000000143
Performing precision restoration. Degradation before: 0.006879110493883. After: 0.000000000000137
High degradation found!
Performing precision restoration. Degradation before: 0.105397026622770. After: 0.000000000000741
Performing precision restoration. Degradation before: 0.000002539597026. After: 0.000000000000428
Performing precision restoration. Degradation before: 0.000924862119827. After: 0.000000000000248
Performing precision restoration. Degradation before: 0.002461291831094. After: 0.000000000000249


Engine: quitting due to timeout...

Final statistics:

14:16:38 Statistics update:
	--- Time Statistics ---
	Total time elapsed: 3600017 milli (01:00:00)
		Main loop: 3598878 milli (00:59:58)
		Preprocessing time: 50 milli (00:00:00)
		Unknown: 1088 milli (00:00:01)
	Breakdown for main loop:
		[54.63%] Simplex steps: 1966045 milli
		[26.55%] Explicit-basis bound tightening: 955662 milli
		[0.00%] Constraint-matrix bound tightening: 0 milli
		[0.22%] Degradation checking: 7852 milli
		[0.01%] Precision restoration: 210 milli
		[0.09%] Statistics handling: 3355 milli
		[0.00%] Constraint-fixing steps: 0 milli
		[0.09%] Valid case splits: 3094 milli. Average per split: 0.00 milli
		[0.01%] Applying stored bound-tightening: 527 milli
		[1.06%] SMT core: 38138 milli
		[12.70%] Symbolic Bound Tightening: 456891 milli
		[31.71%] SoI-based local search: 1141370 milli
		[0.00%] SoI-based local search: 0 milli
		[4.64%] Unaccounted for: 167097 milli
	--- Preprocessor Statistics ---
	Number of preprocessor bound-tightening loop iterations: 8
	Number of eliminated variables: 0
	Number of constraints removed due to variable elimination: 0
	Number of equations removed due to variable elimination: 0
	--- Engine Statistics ---
	Number of main loop iterations: 2996189
		2935892 iterations were simplex steps. Total time: 1966045 milli. Average: 0.67 milli.
		0 iterations were constraint-fixing steps. Total time: 0 milli. Average: 0.00 milli
	Number of active piecewise-linear constraints: 81 / 300
		Constraints disabled by valid splits: 168. By SMT-originated splits: 51
	Last reported degradation: 0.0000000000. Max degradation so far: 0.1053970266. Restorations so far: 19
	Number of simplex pivots we attempted to skip because of instability: 612.
	Unstable pivots performed anyway: 8
	--- Tableau Statistics ---
	Total number of pivots performed: 2701155
		Real pivots: 2694997. Degenerate: 6158 (0.23%)
		Degenerate pivots by request (e.g., to fix a PL constraint): 0 (0.00%)
		Average time per pivot: 0.08 milli
	Total number of fake pivots performed: 90629
	Total number of rows added: 0. Number of merged columns: 0
	Current tableau dimensions: M = 604, N = 1518
	--- SMT Core Statistics ---
	Total depth is 55. Total visited states: 49796. Number of splits: 24920. Number of pops: 24875
	Max stack depth: 96
	--- Bound Tightening Statistics ---
	Number of tightened bounds: 5469748.
		Number of rows examined by row tightener: 2701155. Consequent tightenings: 480061
		Number of explicit basis matrices examined by row tightener: 21561. Consequent tightenings: 1207283
		Number of bound tightening rounds on the entire constraint matrix: 0. Consequent tightenings: 0
		Number of bound notifications sent to PL constraints: 12731645. Tightenings proposed: 0
	--- Basis Factorization statistics ---
	Number of basis refactorizations: 23106
	--- Projected Steepest Edge Statistics ---
	Number of iterations: 2792388.
	Number of resets to reference space: 25112. Avg. iterations per reset: 111
	--- SBT ---
	Number of tightened bounds: 5412798
	--- SoI-based local search ---
	Number of proposed phase pattern update: 29747. Number of accepted update: 49215 [165.45%]
	Total time (% of local search time) updating SoI phase pattern : 4606397 milli [0.40%]
	Total time obtaining current assignment: 10841725 milli [0.95%]
	Total time getting SoI phase pattern : 3023897 milli [0.08%]
	--- Context dependent statistics ---
	Number of pushes / pops: 49796 / 49741
		[0.04%] Pre-Push hook: 1357 milli
		[0.00%] Push : 0 milli
		[0.04%] Post-Pop hook: 1487 milli
		[0.02%] Pop : 801 milli
		[0.10%] Total context-switching time: 3646 milli
	--- Proof Certificate ---
	Number of certified leaves: 0
	Number of leaves to delegate: 0
	Number of lemmas: 0
Timeout
end run time: 14:16:38
DQN: Done solving. Time : 3600036 milli. 

