[922] processing ex_0923_label_0 …
start run time: 13:01:02
Network: /cs/labs/guykatz/maya.swisa/elbit/20_8/Marabou/resources/nnet/acasxu/ACASXU_experimental_v2a_1_1.nnet
Number of layers: 8. Input layer size: 5. Output layer size: 5. Number of ReLUs: 300
Total number of variables: 610
Property: /cs/labs/guykatz/maya.swisa/elbit/PROPERTY_1_08091/ex_0923_label_0/eps01.txt

Engine::processInputQuery: Input query (before preprocessing): 309 equations, 610 variables
Engine::processInputQuery: Input query (after preprocessing): 604 equations, 914 variables


Engine::solve: Initial statistics

13:01:02 Statistics update:
	--- Time Statistics ---
	Total time elapsed: 101 milli (00:00:00)
		Main loop: 0 milli (00:00:00)
		Preprocessing time: 62 milli (00:00:00)
		Unknown: 39 milli (00:00:00)
	Breakdown for main loop:
		[0.00%] Simplex steps: 0 milli
		[0.00%] Explicit-basis bound tightening: 0 milli
		[0.00%] Constraint-matrix bound tightening: 0 milli
		[0.00%] Degradation checking: 0 milli
		[0.00%] Precision restoration: 0 milli
		[0.00%] Statistics handling: 0 milli
		[0.00%] Constraint-fixing steps: 0 milli
		[0.00%] Valid case splits: 2 milli. Average per split: 0.00 milli
		[0.00%] Applying stored bound-tightening: 0 milli
		[0.00%] SMT core: 0 milli
		[0.00%] Symbolic Bound Tightening: 9 milli
		[0.00%] SoI-based local search: 0 milli
		[0.00%] SoI-based local search: 0 milli
		[0.00%] Unaccounted for: 0 milli
	--- Preprocessor Statistics ---
	Number of preprocessor bound-tightening loop iterations: 8
	Number of eliminated variables: 0
	Number of constraints removed due to variable elimination: 0
	Number of equations removed due to variable elimination: 0
	--- Engine Statistics ---
	Number of main loop iterations: 1
		0 iterations were simplex steps. Total time: 0 milli. Average: 0.00 milli.
		0 iterations were constraint-fixing steps. Total time: 0 milli. Average: 0.00 milli
	Number of active piecewise-linear constraints: 204 / 300
		Constraints disabled by valid splits: 96. By SMT-originated splits: 0
	Last reported degradation: 0.0000000000. Max degradation so far: 0.0000000000. Restorations so far: 0
	Number of simplex pivots we attempted to skip because of instability: 0.
	Unstable pivots performed anyway: 0
	--- Tableau Statistics ---
	Total number of pivots performed: 0
		Real pivots: 0. Degenerate: 0 (0.00%)
		Degenerate pivots by request (e.g., to fix a PL constraint): 0 (0.00%)
		Average time per pivot: 0.00 milli
	Total number of fake pivots performed: 0
	Total number of rows added: 0. Number of merged columns: 0
	Current tableau dimensions: M = 604, N = 1518
	--- SMT Core Statistics ---
	Total depth is 0. Total visited states: 1. Number of splits: 0. Number of pops: 0
	Max stack depth: 0
	--- Bound Tightening Statistics ---
	Number of tightened bounds: 0.
		Number of rows examined by row tightener: 0. Consequent tightenings: 0
		Number of explicit basis matrices examined by row tightener: 0. Consequent tightenings: 0
		Number of bound tightening rounds on the entire constraint matrix: 0. Consequent tightenings: 0
		Number of bound notifications sent to PL constraints: 1800. Tightenings proposed: 0
	--- Basis Factorization statistics ---
	Number of basis refactorizations: 2
	--- Projected Steepest Edge Statistics ---
	Number of iterations: 0.
	Number of resets to reference space: 1. Avg. iterations per reset: 0
	--- SBT ---
	Number of tightened bounds: 730
	--- SoI-based local search ---
	Number of proposed phase pattern update: 0. Number of accepted update: 0 [0.00%]
	Total time (% of local search time) updating SoI phase pattern : 0 milli [0.00%]
	Total time obtaining current assignment: 0 milli [0.00%]
	Total time getting SoI phase pattern : 0 milli [0.00%]
	--- Context dependent statistics ---
	Number of pushes / pops: 0 / 0
		[0.00%] Pre-Push hook: 0 milli
		[0.00%] Push : 0 milli
		[0.00%] Post-Pop hook: 0 milli
		[0.00%] Pop : 0 milli
		[0.00%] Total context-switching time: 0 milli
	--- Proof Certificate ---
	Number of certified leaves: 0
	Number of leaves to delegate: 0
	Number of lemmas: 0

---
start solving without an agent
Performing precision restoration. Degradation before: 0.001181700005231. After: 0.000000000000346
Performing precision restoration. Degradation before: 0.000027871570172. After: 0.000000000000730
Performing precision restoration. Degradation before: 0.000198179641938. After: 0.000000000000526
Performing precision restoration. Degradation before: 0.000000001154445. After: 0.000000000000123
MalformedBasisException caught!
Performing precision restoration. Degradation before: 0.000000065991020. After: 0.000000000000063
Performing precision restoration. Degradation before: 0.000000156710314. After: 0.000000000000167
Performing precision restoration. Degradation before: 0.014176896845811. After: 0.000000000000127
High degradation found!
Performing precision restoration. Degradation before: 0.444588261624913. After: 0.000000000000279
MalformedBasisException caught!
Performing precision restoration. Degradation before: 0.000000001247099. After: 0.000000000000063
Performing precision restoration. Degradation before: 0.000028721619251. After: 0.000000000000109
Performing precision restoration. Degradation before: 0.062694039121769. After: 0.000000000000163
Performing precision restoration. Degradation before: 0.000012727099349. After: 0.000000000000271


Engine: quitting due to timeout...

Final statistics:

14:01:02 Statistics update:
	--- Time Statistics ---
	Total time elapsed: 3600062 milli (01:00:00)
		Main loop: 3599054 milli (00:59:59)
		Preprocessing time: 62 milli (00:00:00)
		Unknown: 945 milli (00:00:00)
	Breakdown for main loop:
		[48.11%] Simplex steps: 1731418 milli
		[26.23%] Explicit-basis bound tightening: 943984 milli
		[0.00%] Constraint-matrix bound tightening: 0 milli
		[0.20%] Degradation checking: 7134 milli
		[0.00%] Precision restoration: 139 milli
		[0.08%] Statistics handling: 2895 milli
		[0.00%] Constraint-fixing steps: 0 milli
		[0.13%] Valid case splits: 4515 milli. Average per split: 0.00 milli
		[0.02%] Applying stored bound-tightening: 758 milli
		[1.47%] SMT core: 52895 milli
		[18.01%] Symbolic Bound Tightening: 648059 milli
		[26.24%] SoI-based local search: 944430 milli
		[0.00%] SoI-based local search: 0 milli
		[5.76%] Unaccounted for: 207253 milli
	--- Preprocessor Statistics ---
	Number of preprocessor bound-tightening loop iterations: 8
	Number of eliminated variables: 0
	Number of constraints removed due to variable elimination: 0
	Number of equations removed due to variable elimination: 0
	--- Engine Statistics ---
	Number of main loop iterations: 2562766
		2487340 iterations were simplex steps. Total time: 1731418 milli. Average: 0.70 milli.
		0 iterations were constraint-fixing steps. Total time: 0 milli. Average: 0.00 milli
	Number of active piecewise-linear constraints: 55 / 300
		Constraints disabled by valid splits: 198. By SMT-originated splits: 47
	Last reported degradation: 0.0000000000. Max degradation so far: 0.4445882616. Restorations so far: 12
	Number of simplex pivots we attempted to skip because of instability: 1858.
	Unstable pivots performed anyway: 107
	--- Tableau Statistics ---
	Total number of pivots performed: 2196530
		Real pivots: 2189869. Degenerate: 6661 (0.30%)
		Degenerate pivots by request (e.g., to fix a PL constraint): 0 (0.00%)
		Average time per pivot: 0.09 milli
	Total number of fake pivots performed: 116845
	Total number of rows added: 0. Number of merged columns: 0
	Current tableau dimensions: M = 604, N = 1518
	--- SMT Core Statistics ---
	Total depth is 51. Total visited states: 61441. Number of splits: 30747. Number of pops: 30693
	Max stack depth: 84
	--- Bound Tightening Statistics ---
	Number of tightened bounds: 8557027.
		Number of rows examined by row tightener: 2196530. Consequent tightenings: 513089
		Number of explicit basis matrices examined by row tightener: 20116. Consequent tightenings: 2127053
		Number of bound tightening rounds on the entire constraint matrix: 0. Consequent tightenings: 0
		Number of bound notifications sent to PL constraints: 17811493. Tightenings proposed: 0
	--- Basis Factorization statistics ---
	Number of basis refactorizations: 19086
	--- Projected Steepest Edge Statistics ---
	Number of iterations: 2315126.
	Number of resets to reference space: 30835. Avg. iterations per reset: 75
	--- SBT ---
	Number of tightened bounds: 8521325
	--- SoI-based local search ---
	Number of proposed phase pattern update: 37223. Number of accepted update: 60472 [162.46%]
	Total time (% of local search time) updating SoI phase pattern : 5422849 milli [0.57%]
	Total time obtaining current assignment: 16129585 milli [1.71%]
	Total time getting SoI phase pattern : 2415182 milli [0.07%]
	--- Context dependent statistics ---
	Number of pushes / pops: 61452 / 61401
		[0.05%] Pre-Push hook: 1924 milli
		[0.00%] Push : 0 milli
		[0.07%] Post-Pop hook: 2349 milli
		[0.03%] Pop : 1145 milli
		[0.15%] Total context-switching time: 5419 milli
	--- Proof Certificate ---
	Number of certified leaves: 0
	Number of leaves to delegate: 0
	Number of lemmas: 0
Timeout
end run time: 14:01:02
DQN: Done solving. Time : 3600084 milli. 

start run time: 14:01:02
Network: /cs/labs/guykatz/maya.swisa/elbit/20_8/Marabou/resources/nnet/acasxu/ACASXU_experimental_v2a_1_1.nnet
Number of layers: 8. Input layer size: 5. Output layer size: 5. Number of ReLUs: 300
Total number of variables: 610
Property: /cs/labs/guykatz/maya.swisa/elbit/PROPERTY_1_08091/ex_0923_label_0/eps02.txt

Engine::processInputQuery: Input query (before preprocessing): 309 equations, 610 variables
Engine::processInputQuery: Input query (after preprocessing): 604 equations, 914 variables


Engine::solve: Initial statistics

14:01:02 Statistics update:
	--- Time Statistics ---
	Total time elapsed: 74 milli (00:00:00)
		Main loop: 0 milli (00:00:00)
		Preprocessing time: 46 milli (00:00:00)
		Unknown: 28 milli (00:00:00)
	Breakdown for main loop:
		[0.00%] Simplex steps: 0 milli
		[0.00%] Explicit-basis bound tightening: 0 milli
		[0.00%] Constraint-matrix bound tightening: 0 milli
		[0.00%] Degradation checking: 0 milli
		[0.00%] Precision restoration: 0 milli
		[0.00%] Statistics handling: 0 milli
		[0.00%] Constraint-fixing steps: 0 milli
		[0.00%] Valid case splits: 2 milli. Average per split: 0.00 milli
		[0.00%] Applying stored bound-tightening: 0 milli
		[0.00%] SMT core: 0 milli
		[0.00%] Symbolic Bound Tightening: 8 milli
		[0.00%] SoI-based local search: 0 milli
		[0.00%] SoI-based local search: 0 milli
		[0.00%] Unaccounted for: 0 milli
	--- Preprocessor Statistics ---
	Number of preprocessor bound-tightening loop iterations: 8
	Number of eliminated variables: 0
	Number of constraints removed due to variable elimination: 0
	Number of equations removed due to variable elimination: 0
	--- Engine Statistics ---
	Number of main loop iterations: 1
		0 iterations were simplex steps. Total time: 0 milli. Average: 0.00 milli.
		0 iterations were constraint-fixing steps. Total time: 0 milli. Average: 0.00 milli
	Number of active piecewise-linear constraints: 215 / 300
		Constraints disabled by valid splits: 85. By SMT-originated splits: 0
	Last reported degradation: 0.0000000000. Max degradation so far: 0.0000000000. Restorations so far: 0
	Number of simplex pivots we attempted to skip because of instability: 0.
	Unstable pivots performed anyway: 0
	--- Tableau Statistics ---
	Total number of pivots performed: 0
		Real pivots: 0. Degenerate: 0 (0.00%)
		Degenerate pivots by request (e.g., to fix a PL constraint): 0 (0.00%)
		Average time per pivot: 0.00 milli
	Total number of fake pivots performed: 0
	Total number of rows added: 0. Number of merged columns: 0
	Current tableau dimensions: M = 604, N = 1518
	--- SMT Core Statistics ---
	Total depth is 0. Total visited states: 1. Number of splits: 0. Number of pops: 0
	Max stack depth: 0
	--- Bound Tightening Statistics ---
	Number of tightened bounds: 0.
		Number of rows examined by row tightener: 0. Consequent tightenings: 0
		Number of explicit basis matrices examined by row tightener: 0. Consequent tightenings: 0
		Number of bound tightening rounds on the entire constraint matrix: 0. Consequent tightenings: 0
		Number of bound notifications sent to PL constraints: 1800. Tightenings proposed: 0
	--- Basis Factorization statistics ---
	Number of basis refactorizations: 2
	--- Projected Steepest Edge Statistics ---
	Number of iterations: 0.
	Number of resets to reference space: 1. Avg. iterations per reset: 0
	--- SBT ---
	Number of tightened bounds: 729
	--- SoI-based local search ---
	Number of proposed phase pattern update: 0. Number of accepted update: 0 [0.00%]
	Total time (% of local search time) updating SoI phase pattern : 0 milli [0.00%]
	Total time obtaining current assignment: 0 milli [0.00%]
	Total time getting SoI phase pattern : 0 milli [0.00%]
	--- Context dependent statistics ---
	Number of pushes / pops: 0 / 0
		[0.00%] Pre-Push hook: 0 milli
		[0.00%] Push : 0 milli
		[0.00%] Post-Pop hook: 0 milli
		[0.00%] Pop : 0 milli
		[0.00%] Total context-switching time: 0 milli
	--- Proof Certificate ---
	Number of certified leaves: 0
	Number of leaves to delegate: 0
	Number of lemmas: 0

---
start solving without an agent
Performing precision restoration. Degradation before: 0.000045772740112. After: 0.000000000000307
Performing precision restoration. Degradation before: 0.001849139877721. After: 0.000000000000150
Performing precision restoration. Degradation before: 0.000012015365176. After: 0.000000000000759
Performing precision restoration. Degradation before: 0.000379446496557. After: 0.000000000000134
Performing precision restoration. Degradation before: 0.001980120809330. After: 0.000000000000227
Performing precision restoration. Degradation before: 0.000032557124101. After: 0.000000000000537
Performing precision restoration. Degradation before: 0.004632580460188. After: 0.000000000000112
Performing precision restoration. Degradation before: 0.000013120942045. After: 0.000000000000152
Performing precision restoration. Degradation before: 0.000340595294219. After: 0.000000000000148
Performing precision restoration. Degradation before: 0.002749648591552. After: 0.000000000000095


Engine: quitting due to timeout...

Final statistics:

15:01:02 Statistics update:
	--- Time Statistics ---
	Total time elapsed: 3600025 milli (01:00:00)
		Main loop: 3598957 milli (00:59:58)
		Preprocessing time: 46 milli (00:00:00)
		Unknown: 1021 milli (00:00:01)
	Breakdown for main loop:
		[50.45%] Simplex steps: 1815834 milli
		[25.20%] Explicit-basis bound tightening: 907087 milli
		[0.00%] Constraint-matrix bound tightening: 0 milli
		[0.22%] Degradation checking: 7812 milli
		[0.00%] Precision restoration: 112 milli
		[0.19%] Statistics handling: 6892 milli
		[0.00%] Constraint-fixing steps: 0 milli
		[0.12%] Valid case splits: 4170 milli. Average per split: 0.00 milli
		[0.02%] Applying stored bound-tightening: 664 milli
		[1.25%] SMT core: 45088 milli
		[16.95%] Symbolic Bound Tightening: 610077 milli
		[28.67%] SoI-based local search: 1031787 milli
		[0.00%] SoI-based local search: 0 milli
		[5.59%] Unaccounted for: 201216 milli
	--- Preprocessor Statistics ---
	Number of preprocessor bound-tightening loop iterations: 8
	Number of eliminated variables: 0
	Number of constraints removed due to variable elimination: 0
	Number of equations removed due to variable elimination: 0
	--- Engine Statistics ---
	Number of main loop iterations: 2870914
		2791231 iterations were simplex steps. Total time: 1815834 milli. Average: 0.65 milli.
		0 iterations were constraint-fixing steps. Total time: 0 milli. Average: 0.00 milli
	Number of active piecewise-linear constraints: 51 / 300
		Constraints disabled by valid splits: 185. By SMT-originated splits: 64
	Last reported degradation: 0.0000000000. Max degradation so far: 0.0046217331. Restorations so far: 10
	Number of simplex pivots we attempted to skip because of instability: 744.
	Unstable pivots performed anyway: 28
	--- Tableau Statistics ---
	Total number of pivots performed: 2483285
		Real pivots: 2476278. Degenerate: 7007 (0.28%)
		Degenerate pivots by request (e.g., to fix a PL constraint): 0 (0.00%)
		Average time per pivot: 0.08 milli
	Total number of fake pivots performed: 123452
	Total number of rows added: 0. Number of merged columns: 0
	Current tableau dimensions: M = 604, N = 1518
	--- SMT Core Statistics ---
	Total depth is 68. Total visited states: 64749. Number of splits: 32404. Number of pops: 32344
	Max stack depth: 91
	--- Bound Tightening Statistics ---
	Number of tightened bounds: 8056840.
		Number of rows examined by row tightener: 2483285. Consequent tightenings: 518671
		Number of explicit basis matrices examined by row tightener: 21787. Consequent tightenings: 1905307
		Number of bound tightening rounds on the entire constraint matrix: 0. Consequent tightenings: 0
		Number of bound notifications sent to PL constraints: 17208912. Tightenings proposed: 0
	--- Basis Factorization statistics ---
	Number of basis refactorizations: 21439
	--- Projected Steepest Edge Statistics ---
	Number of iterations: 2607453.
	Number of resets to reference space: 32477. Avg. iterations per reset: 80
	--- SBT ---
	Number of tightened bounds: 8027209
	--- SoI-based local search ---
	Number of proposed phase pattern update: 38927. Number of accepted update: 63886 [164.12%]
	Total time (% of local search time) updating SoI phase pattern : 5594934 milli [0.54%]
	Total time obtaining current assignment: 12805418 milli [1.24%]
	Total time getting SoI phase pattern : 3068080 milli [0.09%]
	--- Context dependent statistics ---
	Number of pushes / pops: 64753 / 64685
		[0.05%] Pre-Push hook: 1722 milli
		[0.00%] Push : 0 milli
		[0.05%] Post-Pop hook: 1880 milli
		[0.03%] Pop : 1055 milli
		[0.13%] Total context-switching time: 4658 milli
	--- Proof Certificate ---
	Number of certified leaves: 0
	Number of leaves to delegate: 0
	Number of lemmas: 0
Timeout
end run time: 15:01:02
DQN: Done solving. Time : 3600048 milli. 

start run time: 15:01:02
Network: /cs/labs/guykatz/maya.swisa/elbit/20_8/Marabou/resources/nnet/acasxu/ACASXU_experimental_v2a_1_1.nnet
Number of layers: 8. Input layer size: 5. Output layer size: 5. Number of ReLUs: 300
Total number of variables: 610
Property: /cs/labs/guykatz/maya.swisa/elbit/PROPERTY_1_08091/ex_0923_label_0/eps03.txt

Engine::processInputQuery: Input query (before preprocessing): 309 equations, 610 variables
Engine::processInputQuery: Input query (after preprocessing): 604 equations, 914 variables


Engine::solve: Initial statistics

15:01:02 Statistics update:
	--- Time Statistics ---
	Total time elapsed: 74 milli (00:00:00)
		Main loop: 0 milli (00:00:00)
		Preprocessing time: 44 milli (00:00:00)
		Unknown: 30 milli (00:00:00)
	Breakdown for main loop:
		[0.00%] Simplex steps: 0 milli
		[0.00%] Explicit-basis bound tightening: 0 milli
		[0.00%] Constraint-matrix bound tightening: 0 milli
		[0.00%] Degradation checking: 0 milli
		[0.00%] Precision restoration: 0 milli
		[0.00%] Statistics handling: 0 milli
		[0.00%] Constraint-fixing steps: 0 milli
		[0.00%] Valid case splits: 2 milli. Average per split: 0.00 milli
		[0.00%] Applying stored bound-tightening: 0 milli
		[0.00%] SMT core: 0 milli
		[0.00%] Symbolic Bound Tightening: 8 milli
		[0.00%] SoI-based local search: 0 milli
		[0.00%] SoI-based local search: 0 milli
		[0.00%] Unaccounted for: 0 milli
	--- Preprocessor Statistics ---
	Number of preprocessor bound-tightening loop iterations: 8
	Number of eliminated variables: 0
	Number of constraints removed due to variable elimination: 0
	Number of equations removed due to variable elimination: 0
	--- Engine Statistics ---
	Number of main loop iterations: 1
		0 iterations were simplex steps. Total time: 0 milli. Average: 0.00 milli.
		0 iterations were constraint-fixing steps. Total time: 0 milli. Average: 0.00 milli
	Number of active piecewise-linear constraints: 221 / 300
		Constraints disabled by valid splits: 79. By SMT-originated splits: 0
	Last reported degradation: 0.0000000000. Max degradation so far: 0.0000000000. Restorations so far: 0
	Number of simplex pivots we attempted to skip because of instability: 0.
	Unstable pivots performed anyway: 0
	--- Tableau Statistics ---
	Total number of pivots performed: 0
		Real pivots: 0. Degenerate: 0 (0.00%)
		Degenerate pivots by request (e.g., to fix a PL constraint): 0 (0.00%)
		Average time per pivot: 0.00 milli
	Total number of fake pivots performed: 0
	Total number of rows added: 0. Number of merged columns: 0
	Current tableau dimensions: M = 604, N = 1518
	--- SMT Core Statistics ---
	Total depth is 0. Total visited states: 1. Number of splits: 0. Number of pops: 0
	Max stack depth: 0
	--- Bound Tightening Statistics ---
	Number of tightened bounds: 0.
		Number of rows examined by row tightener: 0. Consequent tightenings: 0
		Number of explicit basis matrices examined by row tightener: 0. Consequent tightenings: 0
		Number of bound tightening rounds on the entire constraint matrix: 0. Consequent tightenings: 0
		Number of bound notifications sent to PL constraints: 1800. Tightenings proposed: 0
	--- Basis Factorization statistics ---
	Number of basis refactorizations: 2
	--- Projected Steepest Edge Statistics ---
	Number of iterations: 0.
	Number of resets to reference space: 1. Avg. iterations per reset: 0
	--- SBT ---
	Number of tightened bounds: 729
	--- SoI-based local search ---
	Number of proposed phase pattern update: 0. Number of accepted update: 0 [0.00%]
	Total time (% of local search time) updating SoI phase pattern : 0 milli [0.00%]
	Total time obtaining current assignment: 0 milli [0.00%]
	Total time getting SoI phase pattern : 0 milli [0.00%]
	--- Context dependent statistics ---
	Number of pushes / pops: 0 / 0
		[0.00%] Pre-Push hook: 0 milli
		[0.00%] Push : 0 milli
		[0.00%] Post-Pop hook: 0 milli
		[0.00%] Pop : 0 milli
		[0.00%] Total context-switching time: 0 milli
	--- Proof Certificate ---
	Number of certified leaves: 0
	Number of leaves to delegate: 0
	Number of lemmas: 0

---
start solving without an agent
Performing precision restoration. Degradation before: 0.000420308878468. After: 0.000000000000580
Performing precision restoration. Degradation before: 0.006601238312090. After: 0.000000000000250
Performing precision restoration. Degradation before: 0.000101638175894. After: 0.000000000000360
Performing precision restoration. Degradation before: 0.011674564542554. After: 0.000000000000299
Performing precision restoration. Degradation before: 0.007068835476671. After: 0.000000000000126
Performing precision restoration. Degradation before: 0.000002231598597. After: 0.000000000000219
Performing precision restoration. Degradation before: 0.020957137692525. After: 0.000000000000326
Performing precision restoration. Degradation before: 0.042113134287712. After: 0.000000000000755
Performing precision restoration. Degradation before: 0.000093133608434. After: 0.000000000000492
Performing precision restoration. Degradation before: 0.000000098287467. After: 0.000000000007345
Performing precision restoration. Degradation before: 0.000336044275555. After: 0.000000000000339
Performing precision restoration. Degradation before: 0.012568277825675. After: 0.000000000000678
Performing precision restoration. Degradation before: 0.000040141350914. After: 0.000000000000374
Performing precision restoration. Degradation before: 0.000132378322841. After: 0.000000000000229
Performing precision restoration. Degradation before: 0.000431190919247. After: 0.000000000000273
Performing precision restoration. Degradation before: 0.002320068181707. After: 0.000000000000131
Performing precision restoration. Degradation before: 0.000005775617653. After: 0.000000000000392
Performing precision restoration. Degradation before: 0.000000227021482. After: 0.000000000000396
Performing precision restoration. Degradation before: 0.012497342879386. After: 0.000000000001493
MalformedBasisException caught!
Performing precision restoration. Degradation before: 0.000000771518207. After: 0.000000000000062
Performing precision restoration. Degradation before: 0.003456656693770. After: 0.000000000000568
Performing precision restoration. Degradation before: 0.001156691117576. After: 0.000000000000185


Engine: quitting due to timeout...

Final statistics:

16:01:02 Statistics update:
	--- Time Statistics ---
	Total time elapsed: 3600054 milli (01:00:00)
		Main loop: 3598920 milli (00:59:58)
		Preprocessing time: 44 milli (00:00:00)
		Unknown: 1089 milli (00:00:01)
	Breakdown for main loop:
		[54.82%] Simplex steps: 1972994 milli
		[26.90%] Explicit-basis bound tightening: 968064 milli
		[0.00%] Constraint-matrix bound tightening: 0 milli
		[0.22%] Degradation checking: 8071 milli
		[0.01%] Precision restoration: 246 milli
		[0.24%] Statistics handling: 8718 milli
		[0.00%] Constraint-fixing steps: 0 milli
		[0.07%] Valid case splits: 2684 milli. Average per split: 0.00 milli
		[0.01%] Applying stored bound-tightening: 454 milli
		[0.92%] SMT core: 33154 milli
		[12.14%] Symbolic Bound Tightening: 436754 milli
		[30.76%] SoI-based local search: 1107023 milli
		[0.00%] SoI-based local search: 0 milli
		[4.66%] Unaccounted for: 167778 milli
	--- Preprocessor Statistics ---
	Number of preprocessor bound-tightening loop iterations: 8
	Number of eliminated variables: 0
	Number of constraints removed due to variable elimination: 0
	Number of equations removed due to variable elimination: 0
	--- Engine Statistics ---
	Number of main loop iterations: 3053913
		2992205 iterations were simplex steps. Total time: 1972994 milli. Average: 0.66 milli.
		0 iterations were constraint-fixing steps. Total time: 0 milli. Average: 0.00 milli
	Number of active piecewise-linear constraints: 91 / 300
		Constraints disabled by valid splits: 165. By SMT-originated splits: 44
	Last reported degradation: 0.0000000000. Max degradation so far: 0.0418083711. Restorations so far: 22
	Number of simplex pivots we attempted to skip because of instability: 444.
	Unstable pivots performed anyway: 2
	--- Tableau Statistics ---
	Total number of pivots performed: 2764064
		Real pivots: 2748645. Degenerate: 15419 (0.56%)
		Degenerate pivots by request (e.g., to fix a PL constraint): 0 (0.00%)
		Average time per pivot: 0.08 milli
	Total number of fake pivots performed: 78039
	Total number of rows added: 0. Number of merged columns: 0
	Current tableau dimensions: M = 604, N = 1518
	--- SMT Core Statistics ---
	Total depth is 48. Total visited states: 51548. Number of splits: 25795. Number of pops: 25752
	Max stack depth: 74
	--- Bound Tightening Statistics ---
	Number of tightened bounds: 5011612.
		Number of rows examined by row tightener: 2764064. Consequent tightenings: 418644
		Number of explicit basis matrices examined by row tightener: 20765. Consequent tightenings: 1087376
		Number of bound tightening rounds on the entire constraint matrix: 0. Consequent tightenings: 0
		Number of bound notifications sent to PL constraints: 11607931. Tightenings proposed: 0
	--- Basis Factorization statistics ---
	Number of basis refactorizations: 23251
	--- Projected Steepest Edge Statistics ---
	Number of iterations: 2842545.
	Number of resets to reference space: 26026. Avg. iterations per reset: 109
	--- SBT ---
	Number of tightened bounds: 4945549
	--- SoI-based local search ---
	Number of proposed phase pattern update: 30687. Number of accepted update: 50940 [166.00%]
	Total time (% of local search time) updating SoI phase pattern : 4641516 milli [0.42%]
	Total time obtaining current assignment: 9287988 milli [0.84%]
	Total time getting SoI phase pattern : 3719093 milli [0.10%]
	--- Context dependent statistics ---
	Number of pushes / pops: 51547 / 51499
		[0.04%] Pre-Push hook: 1290 milli
		[0.00%] Push : 0 milli
		[0.04%] Post-Pop hook: 1401 milli
		[0.02%] Pop : 826 milli
		[0.10%] Total context-switching time: 3518 milli
	--- Proof Certificate ---
	Number of certified leaves: 0
	Number of leaves to delegate: 0
	Number of lemmas: 0
Timeout
end run time: 16:01:02
DQN: Done solving. Time : 3600078 milli. 

