[969] processing ex_0970_label_0 …
start run time: 13:03:26
Network: /cs/labs/guykatz/maya.swisa/elbit/20_8/Marabou/resources/nnet/acasxu/ACASXU_experimental_v2a_1_1.nnet
Number of layers: 8. Input layer size: 5. Output layer size: 5. Number of ReLUs: 300
Total number of variables: 610
Property: /cs/labs/guykatz/maya.swisa/elbit/PROPERTY_1_08091/ex_0970_label_0/eps01.txt

Engine::processInputQuery: Input query (before preprocessing): 309 equations, 610 variables
Engine::processInputQuery: Input query (after preprocessing): 604 equations, 914 variables


Engine::solve: Initial statistics

13:03:26 Statistics update:
	--- Time Statistics ---
	Total time elapsed: 99 milli (00:00:00)
		Main loop: 0 milli (00:00:00)
		Preprocessing time: 57 milli (00:00:00)
		Unknown: 41 milli (00:00:00)
	Breakdown for main loop:
		[0.00%] Simplex steps: 0 milli
		[0.00%] Explicit-basis bound tightening: 0 milli
		[0.00%] Constraint-matrix bound tightening: 0 milli
		[0.00%] Degradation checking: 0 milli
		[0.00%] Precision restoration: 0 milli
		[0.00%] Statistics handling: 0 milli
		[0.00%] Constraint-fixing steps: 0 milli
		[0.00%] Valid case splits: 3 milli. Average per split: 0.00 milli
		[0.00%] Applying stored bound-tightening: 0 milli
		[0.00%] SMT core: 0 milli
		[0.00%] Symbolic Bound Tightening: 7 milli
		[0.00%] SoI-based local search: 0 milli
		[0.00%] SoI-based local search: 0 milli
		[0.00%] Unaccounted for: 0 milli
	--- Preprocessor Statistics ---
	Number of preprocessor bound-tightening loop iterations: 8
	Number of eliminated variables: 0
	Number of constraints removed due to variable elimination: 0
	Number of equations removed due to variable elimination: 0
	--- Engine Statistics ---
	Number of main loop iterations: 1
		0 iterations were simplex steps. Total time: 0 milli. Average: 0.00 milli.
		0 iterations were constraint-fixing steps. Total time: 0 milli. Average: 0.00 milli
	Number of active piecewise-linear constraints: 175 / 300
		Constraints disabled by valid splits: 125. By SMT-originated splits: 0
	Last reported degradation: 0.0000000000. Max degradation so far: 0.0000000000. Restorations so far: 0
	Number of simplex pivots we attempted to skip because of instability: 0.
	Unstable pivots performed anyway: 0
	--- Tableau Statistics ---
	Total number of pivots performed: 0
		Real pivots: 0. Degenerate: 0 (0.00%)
		Degenerate pivots by request (e.g., to fix a PL constraint): 0 (0.00%)
		Average time per pivot: 0.00 milli
	Total number of fake pivots performed: 0
	Total number of rows added: 0. Number of merged columns: 0
	Current tableau dimensions: M = 604, N = 1518
	--- SMT Core Statistics ---
	Total depth is 0. Total visited states: 1. Number of splits: 0. Number of pops: 0
	Max stack depth: 0
	--- Bound Tightening Statistics ---
	Number of tightened bounds: 0.
		Number of rows examined by row tightener: 0. Consequent tightenings: 0
		Number of explicit basis matrices examined by row tightener: 0. Consequent tightenings: 0
		Number of bound tightening rounds on the entire constraint matrix: 0. Consequent tightenings: 0
		Number of bound notifications sent to PL constraints: 1800. Tightenings proposed: 0
	--- Basis Factorization statistics ---
	Number of basis refactorizations: 2
	--- Projected Steepest Edge Statistics ---
	Number of iterations: 0.
	Number of resets to reference space: 1. Avg. iterations per reset: 0
	--- SBT ---
	Number of tightened bounds: 737
	--- SoI-based local search ---
	Number of proposed phase pattern update: 0. Number of accepted update: 0 [0.00%]
	Total time (% of local search time) updating SoI phase pattern : 0 milli [0.00%]
	Total time obtaining current assignment: 0 milli [0.00%]
	Total time getting SoI phase pattern : 0 milli [0.00%]
	--- Context dependent statistics ---
	Number of pushes / pops: 0 / 0
		[0.00%] Pre-Push hook: 0 milli
		[0.00%] Push : 0 milli
		[0.00%] Post-Pop hook: 0 milli
		[0.00%] Pop : 0 milli
		[0.00%] Total context-switching time: 0 milli
	--- Proof Certificate ---
	Number of certified leaves: 0
	Number of leaves to delegate: 0
	Number of lemmas: 0

---
start solving without an agent

Engine::solve: sat assignment found

13:03:26 Statistics update:
	--- Time Statistics ---
	Total time elapsed: 361 milli (00:00:00)
		Main loop: 262 milli (00:00:00)
		Preprocessing time: 57 milli (00:00:00)
		Unknown: 41 milli (00:00:00)
	Breakdown for main loop:
		[64.80%] Simplex steps: 170 milli
		[30.05%] Explicit-basis bound tightening: 78 milli
		[0.00%] Constraint-matrix bound tightening: 0 milli
		[0.29%] Degradation checking: 0 milli
		[0.00%] Precision restoration: 0 milli
		[0.09%] Statistics handling: 0 milli
		[0.00%] Constraint-fixing steps: 0 milli
		[1.21%] Valid case splits: 3 milli. Average per split: 0.00 milli
		[0.00%] Applying stored bound-tightening: 0 milli
		[0.00%] SMT core: 0 milli
		[5.71%] Symbolic Bound Tightening: 14 milli
		[44.80%] SoI-based local search: 117 milli
		[0.00%] SoI-based local search: 0 milli
		[7027438160470844.00%] Unaccounted for: 0 milli
	--- Preprocessor Statistics ---
	Number of preprocessor bound-tightening loop iterations: 8
	Number of eliminated variables: 0
	Number of constraints removed due to variable elimination: 0
	Number of equations removed due to variable elimination: 0
	--- Engine Statistics ---
	Number of main loop iterations: 344
		342 iterations were simplex steps. Total time: 170 milli. Average: 0.50 milli.
		0 iterations were constraint-fixing steps. Total time: 0 milli. Average: 0.00 milli
	Number of active piecewise-linear constraints: 175 / 300
		Constraints disabled by valid splits: 125. By SMT-originated splits: 0
	Last reported degradation: 0.0000000000. Max degradation so far: 0.0000000000. Restorations so far: 0
	Number of simplex pivots we attempted to skip because of instability: 0.
	Unstable pivots performed anyway: 0
	--- Tableau Statistics ---
	Total number of pivots performed: 335
		Real pivots: 330. Degenerate: 5 (1.49%)
		Degenerate pivots by request (e.g., to fix a PL constraint): 0 (0.00%)
		Average time per pivot: 0.05 milli
	Total number of fake pivots performed: 5
	Total number of rows added: 0. Number of merged columns: 0
	Current tableau dimensions: M = 604, N = 1518
	--- SMT Core Statistics ---
	Total depth is 0. Total visited states: 1. Number of splits: 0. Number of pops: 0
	Max stack depth: 0
	--- Bound Tightening Statistics ---
	Number of tightened bounds: 0.
		Number of rows examined by row tightener: 335. Consequent tightenings: 0
		Number of explicit basis matrices examined by row tightener: 3. Consequent tightenings: 212
		Number of bound tightening rounds on the entire constraint matrix: 0. Consequent tightenings: 0
		Number of bound notifications sent to PL constraints: 3616. Tightenings proposed: 0
	--- Basis Factorization statistics ---
	Number of basis refactorizations: 5
	--- Projected Steepest Edge Statistics ---
	Number of iterations: 340.
	Number of resets to reference space: 1. Avg. iterations per reset: 340
	--- SBT ---
	Number of tightened bounds: 737
	--- SoI-based local search ---
	Number of proposed phase pattern update: 0. Number of accepted update: 1 [0.00%]
	Total time (% of local search time) updating SoI phase pattern : 216 milli [0.18%]
	Total time obtaining current assignment: 137 milli [0.12%]
	Total time getting SoI phase pattern : 101 milli [0.04%]
	--- Context dependent statistics ---
	Number of pushes / pops: 0 / 0
		[0.00%] Pre-Push hook: 0 milli
		[0.00%] Push : 0 milli
		[0.00%] Post-Pop hook: 0 milli
		[0.00%] Pop : 0 milli
		[0.00%] Total context-switching time: 0 milli
	--- Proof Certificate ---
	Number of certified leaves: 0
	Number of leaves to delegate: 0
	Number of lemmas: 0
sat
Input assignment:
	x0 = 0.554821
	x1 = 0.002514
	x2 = -0.381913
	x3 = 0.428570
	x4 = -0.371221

Output:
	y0 = -0.019123
	y1 = -0.018974
	y2 = -0.015863
	y3 = -0.019123
	y4 = -0.014870

end run time: 13:03:26
DQN: Done solving. Time : 372 milli. 

start run time: 13:03:26
Network: /cs/labs/guykatz/maya.swisa/elbit/20_8/Marabou/resources/nnet/acasxu/ACASXU_experimental_v2a_1_1.nnet
Number of layers: 8. Input layer size: 5. Output layer size: 5. Number of ReLUs: 300
Total number of variables: 610
Property: /cs/labs/guykatz/maya.swisa/elbit/PROPERTY_1_08091/ex_0970_label_0/eps02.txt

Engine::processInputQuery: Input query (before preprocessing): 309 equations, 610 variables
Engine::processInputQuery: Input query (after preprocessing): 604 equations, 914 variables


Engine::solve: Initial statistics

13:03:26 Statistics update:
	--- Time Statistics ---
	Total time elapsed: 100 milli (00:00:00)
		Main loop: 0 milli (00:00:00)
		Preprocessing time: 45 milli (00:00:00)
		Unknown: 55 milli (00:00:00)
	Breakdown for main loop:
		[0.00%] Simplex steps: 0 milli
		[0.00%] Explicit-basis bound tightening: 0 milli
		[0.00%] Constraint-matrix bound tightening: 0 milli
		[0.00%] Degradation checking: 0 milli
		[0.00%] Precision restoration: 0 milli
		[0.00%] Statistics handling: 0 milli
		[0.00%] Constraint-fixing steps: 0 milli
		[0.00%] Valid case splits: 2 milli. Average per split: 0.00 milli
		[0.00%] Applying stored bound-tightening: 0 milli
		[0.00%] SMT core: 0 milli
		[0.00%] Symbolic Bound Tightening: 8 milli
		[0.00%] SoI-based local search: 0 milli
		[0.00%] SoI-based local search: 0 milli
		[0.00%] Unaccounted for: 0 milli
	--- Preprocessor Statistics ---
	Number of preprocessor bound-tightening loop iterations: 8
	Number of eliminated variables: 0
	Number of constraints removed due to variable elimination: 0
	Number of equations removed due to variable elimination: 0
	--- Engine Statistics ---
	Number of main loop iterations: 1
		0 iterations were simplex steps. Total time: 0 milli. Average: 0.00 milli.
		0 iterations were constraint-fixing steps. Total time: 0 milli. Average: 0.00 milli
	Number of active piecewise-linear constraints: 186 / 300
		Constraints disabled by valid splits: 114. By SMT-originated splits: 0
	Last reported degradation: 0.0000000000. Max degradation so far: 0.0000000000. Restorations so far: 0
	Number of simplex pivots we attempted to skip because of instability: 0.
	Unstable pivots performed anyway: 0
	--- Tableau Statistics ---
	Total number of pivots performed: 0
		Real pivots: 0. Degenerate: 0 (0.00%)
		Degenerate pivots by request (e.g., to fix a PL constraint): 0 (0.00%)
		Average time per pivot: 0.00 milli
	Total number of fake pivots performed: 0
	Total number of rows added: 0. Number of merged columns: 0
	Current tableau dimensions: M = 604, N = 1518
	--- SMT Core Statistics ---
	Total depth is 0. Total visited states: 1. Number of splits: 0. Number of pops: 0
	Max stack depth: 0
	--- Bound Tightening Statistics ---
	Number of tightened bounds: 0.
		Number of rows examined by row tightener: 0. Consequent tightenings: 0
		Number of explicit basis matrices examined by row tightener: 0. Consequent tightenings: 0
		Number of bound tightening rounds on the entire constraint matrix: 0. Consequent tightenings: 0
		Number of bound notifications sent to PL constraints: 1800. Tightenings proposed: 0
	--- Basis Factorization statistics ---
	Number of basis refactorizations: 2
	--- Projected Steepest Edge Statistics ---
	Number of iterations: 0.
	Number of resets to reference space: 1. Avg. iterations per reset: 0
	--- SBT ---
	Number of tightened bounds: 733
	--- SoI-based local search ---
	Number of proposed phase pattern update: 0. Number of accepted update: 0 [0.00%]
	Total time (% of local search time) updating SoI phase pattern : 0 milli [0.00%]
	Total time obtaining current assignment: 0 milli [0.00%]
	Total time getting SoI phase pattern : 0 milli [0.00%]
	--- Context dependent statistics ---
	Number of pushes / pops: 0 / 0
		[0.00%] Pre-Push hook: 0 milli
		[0.00%] Push : 0 milli
		[0.00%] Post-Pop hook: 0 milli
		[0.00%] Pop : 0 milli
		[0.00%] Total context-switching time: 0 milli
	--- Proof Certificate ---
	Number of certified leaves: 0
	Number of leaves to delegate: 0
	Number of lemmas: 0

---
start solving without an agent
Performing precision restoration. Degradation before: 0.002911845077674. After: 0.000000000000300
Performing precision restoration. Degradation before: 0.000739233206769. After: 0.000000000000246
Performing precision restoration. Degradation before: 0.007861028011799. After: 0.000000000000179
Performing precision restoration. Degradation before: 0.006272685379877. After: 0.000000000000539
Performing precision restoration. Degradation before: 0.001906900301246. After: 0.000000000000247
Performing precision restoration. Degradation before: 0.002949626878549. After: 0.000000000000254
Performing precision restoration. Degradation before: 0.000000598678029. After: 0.000000000000128
Performing precision restoration. Degradation before: 0.000170221117937. After: 0.000000000000209
High degradation found!
Performing precision restoration. Degradation before: 0.100952193875229. After: 0.000000000000109
Performing precision restoration. Degradation before: 0.001611689124736. After: 0.000000000000165
High degradation found!
Performing precision restoration. Degradation before: 0.101007038075979. After: 0.000000000000143
High degradation found!
Performing precision restoration. Degradation before: 0.107402385802903. After: 0.000000000000105
MalformedBasisException caught!
Performing precision restoration. Degradation before: 5.396506569288866. After: 0.000000000000069
Performing precision restoration. Degradation before: 0.002454992419450. After: 0.000000000000186
MalformedBasisException caught!
Performing precision restoration. Degradation before: 0.000000163416687. After: 0.000000000000073
Performing precision restoration. Degradation before: 0.022324789074988. After: 0.000000000000123
High degradation found!
Performing precision restoration. Degradation before: 0.137997083012093. After: 0.000000000000168


Engine: quitting due to timeout...

Final statistics:

14:03:26 Statistics update:
	--- Time Statistics ---
	Total time elapsed: 3600000 milli (01:00:00)
		Main loop: 3598959 milli (00:59:58)
		Preprocessing time: 45 milli (00:00:00)
		Unknown: 996 milli (00:00:00)
	Breakdown for main loop:
		[49.11%] Simplex steps: 1767556 milli
		[24.02%] Explicit-basis bound tightening: 864612 milli
		[0.00%] Constraint-matrix bound tightening: 0 milli
		[0.21%] Degradation checking: 7497 milli
		[0.01%] Precision restoration: 193 milli
		[0.06%] Statistics handling: 2306 milli
		[0.00%] Constraint-fixing steps: 0 milli
		[0.13%] Valid case splits: 4763 milli. Average per split: 0.00 milli
		[0.02%] Applying stored bound-tightening: 795 milli
		[1.73%] SMT core: 62088 milli
		[18.90%] Symbolic Bound Tightening: 680328 milli
		[29.60%] SoI-based local search: 1065422 milli
		[0.00%] SoI-based local search: 0 milli
		[5.80%] Unaccounted for: 208816 milli
	--- Preprocessor Statistics ---
	Number of preprocessor bound-tightening loop iterations: 8
	Number of eliminated variables: 0
	Number of constraints removed due to variable elimination: 0
	Number of equations removed due to variable elimination: 0
	--- Engine Statistics ---
	Number of main loop iterations: 2859375
		2769514 iterations were simplex steps. Total time: 1767556 milli. Average: 0.64 milli.
		0 iterations were constraint-fixing steps. Total time: 0 milli. Average: 0.00 milli
	Number of active piecewise-linear constraints: 63 / 300
		Constraints disabled by valid splits: 188. By SMT-originated splits: 49
	Last reported degradation: 0.0000000000. Max degradation so far: 0.1379970830. Restorations so far: 17
	Number of simplex pivots we attempted to skip because of instability: 21093.
	Unstable pivots performed anyway: 16
	--- Tableau Statistics ---
	Total number of pivots performed: 2428959
		Real pivots: 2421960. Degenerate: 6999 (0.29%)
		Degenerate pivots by request (e.g., to fix a PL constraint): 0 (0.00%)
		Average time per pivot: 0.08 milli
	Total number of fake pivots performed: 129608
	Total number of rows added: 0. Number of merged columns: 0
	Current tableau dimensions: M = 604, N = 1518
	--- SMT Core Statistics ---
	Total depth is 53. Total visited states: 73875. Number of splits: 36963. Number of pops: 36911
	Max stack depth: 92
	--- Bound Tightening Statistics ---
	Number of tightened bounds: 7754546.
		Number of rows examined by row tightener: 2428959. Consequent tightenings: 480608
		Number of explicit basis matrices examined by row tightener: 21340. Consequent tightenings: 2119548
		Number of bound tightening rounds on the entire constraint matrix: 0. Consequent tightenings: 0
		Number of bound notifications sent to PL constraints: 16435631. Tightenings proposed: 0
	--- Basis Factorization statistics ---
	Number of basis refactorizations: 20444
	--- Projected Steepest Edge Statistics ---
	Number of iterations: 2579644.
	Number of resets to reference space: 37083. Avg. iterations per reset: 69
	--- SBT ---
	Number of tightened bounds: 7703667
	--- SoI-based local search ---
	Number of proposed phase pattern update: 43639. Number of accepted update: 73384 [168.16%]
	Total time (% of local search time) updating SoI phase pattern : 6217651 milli [0.58%]
	Total time obtaining current assignment: 17697707 milli [1.66%]
	Total time getting SoI phase pattern : 2637700 milli [0.07%]
	--- Context dependent statistics ---
	Number of pushes / pops: 73885 / 73832
		[0.06%] Pre-Push hook: 2088 milli
		[0.00%] Push : 1 milli
		[0.06%] Post-Pop hook: 2315 milli
		[0.04%] Pop : 1300 milli
		[0.16%] Total context-switching time: 5706 milli
	--- Proof Certificate ---
	Number of certified leaves: 0
	Number of leaves to delegate: 0
	Number of lemmas: 0
Timeout
end run time: 14:03:26
DQN: Done solving. Time : 3600023 milli. 

start run time: 14:03:26
Network: /cs/labs/guykatz/maya.swisa/elbit/20_8/Marabou/resources/nnet/acasxu/ACASXU_experimental_v2a_1_1.nnet
Number of layers: 8. Input layer size: 5. Output layer size: 5. Number of ReLUs: 300
Total number of variables: 610
Property: /cs/labs/guykatz/maya.swisa/elbit/PROPERTY_1_08091/ex_0970_label_0/eps03.txt

Engine::processInputQuery: Input query (before preprocessing): 309 equations, 610 variables
Engine::processInputQuery: Input query (after preprocessing): 604 equations, 914 variables


Engine::solve: Initial statistics

14:03:26 Statistics update:
	--- Time Statistics ---
	Total time elapsed: 85 milli (00:00:00)
		Main loop: 0 milli (00:00:00)
		Preprocessing time: 45 milli (00:00:00)
		Unknown: 39 milli (00:00:00)
	Breakdown for main loop:
		[0.00%] Simplex steps: 0 milli
		[0.00%] Explicit-basis bound tightening: 0 milli
		[0.00%] Constraint-matrix bound tightening: 0 milli
		[0.00%] Degradation checking: 0 milli
		[0.00%] Precision restoration: 0 milli
		[0.00%] Statistics handling: 0 milli
		[0.00%] Constraint-fixing steps: 0 milli
		[0.00%] Valid case splits: 2 milli. Average per split: 0.00 milli
		[0.00%] Applying stored bound-tightening: 0 milli
		[0.00%] SMT core: 0 milli
		[0.00%] Symbolic Bound Tightening: 7 milli
		[0.00%] SoI-based local search: 0 milli
		[0.00%] SoI-based local search: 0 milli
		[0.00%] Unaccounted for: 0 milli
	--- Preprocessor Statistics ---
	Number of preprocessor bound-tightening loop iterations: 8
	Number of eliminated variables: 0
	Number of constraints removed due to variable elimination: 0
	Number of equations removed due to variable elimination: 0
	--- Engine Statistics ---
	Number of main loop iterations: 1
		0 iterations were simplex steps. Total time: 0 milli. Average: 0.00 milli.
		0 iterations were constraint-fixing steps. Total time: 0 milli. Average: 0.00 milli
	Number of active piecewise-linear constraints: 199 / 300
		Constraints disabled by valid splits: 101. By SMT-originated splits: 0
	Last reported degradation: 0.0000000000. Max degradation so far: 0.0000000000. Restorations so far: 0
	Number of simplex pivots we attempted to skip because of instability: 0.
	Unstable pivots performed anyway: 0
	--- Tableau Statistics ---
	Total number of pivots performed: 0
		Real pivots: 0. Degenerate: 0 (0.00%)
		Degenerate pivots by request (e.g., to fix a PL constraint): 0 (0.00%)
		Average time per pivot: 0.00 milli
	Total number of fake pivots performed: 0
	Total number of rows added: 0. Number of merged columns: 0
	Current tableau dimensions: M = 604, N = 1518
	--- SMT Core Statistics ---
	Total depth is 0. Total visited states: 1. Number of splits: 0. Number of pops: 0
	Max stack depth: 0
	--- Bound Tightening Statistics ---
	Number of tightened bounds: 0.
		Number of rows examined by row tightener: 0. Consequent tightenings: 0
		Number of explicit basis matrices examined by row tightener: 0. Consequent tightenings: 0
		Number of bound tightening rounds on the entire constraint matrix: 0. Consequent tightenings: 0
		Number of bound notifications sent to PL constraints: 1800. Tightenings proposed: 0
	--- Basis Factorization statistics ---
	Number of basis refactorizations: 2
	--- Projected Steepest Edge Statistics ---
	Number of iterations: 0.
	Number of resets to reference space: 1. Avg. iterations per reset: 0
	--- SBT ---
	Number of tightened bounds: 730
	--- SoI-based local search ---
	Number of proposed phase pattern update: 0. Number of accepted update: 0 [0.00%]
	Total time (% of local search time) updating SoI phase pattern : 0 milli [0.00%]
	Total time obtaining current assignment: 0 milli [0.00%]
	Total time getting SoI phase pattern : 0 milli [0.00%]
	--- Context dependent statistics ---
	Number of pushes / pops: 0 / 0
		[0.00%] Pre-Push hook: 0 milli
		[0.00%] Push : 0 milli
		[0.00%] Post-Pop hook: 0 milli
		[0.00%] Pop : 0 milli
		[0.00%] Total context-switching time: 0 milli
	--- Proof Certificate ---
	Number of certified leaves: 0
	Number of leaves to delegate: 0
	Number of lemmas: 0

---
start solving without an agent
Performing precision restoration. Degradation before: 0.000372311007594. After: 0.000000000001726
High degradation found!
Performing precision restoration. Degradation before: 0.101120349455772. After: 0.000000000000151
Performing precision restoration. Degradation before: 0.001216241175620. After: 0.000000000000324
Performing precision restoration. Degradation before: 0.054544751564828. After: 0.000000000000258
Performing precision restoration. Degradation before: 0.000004575961610. After: 0.000000000000579
Performing precision restoration. Degradation before: 0.000001736940487. After: 0.000000000000676
Performing precision restoration. Degradation before: 0.001179650972145. After: 0.000000000000373
Performing precision restoration. Degradation before: 0.017183442229411. After: 0.000000000000163
Performing precision restoration. Degradation before: 0.029625372952421. After: 0.000000000000522
Performing precision restoration. Degradation before: 0.000796442279957. After: 0.000000000000473
Performing precision restoration. Degradation before: 0.000004722542698. After: 0.000000000000193
Performing precision restoration. Degradation before: 0.000006553170794. After: 0.000000000000268


Engine: quitting due to timeout...

Final statistics:

15:03:26 Statistics update:
	--- Time Statistics ---
	Total time elapsed: 3600000 milli (01:00:00)
		Main loop: 3598875 milli (00:59:58)
		Preprocessing time: 45 milli (00:00:00)
		Unknown: 1080 milli (00:00:01)
	Breakdown for main loop:
		[55.92%] Simplex steps: 2012492 milli
		[25.61%] Explicit-basis bound tightening: 921620 milli
		[0.00%] Constraint-matrix bound tightening: 0 milli
		[0.23%] Degradation checking: 8129 milli
		[0.00%] Precision restoration: 141 milli
		[0.10%] Statistics handling: 3461 milli
		[0.00%] Constraint-fixing steps: 0 milli
		[0.07%] Valid case splits: 2662 milli. Average per split: 0.00 milli
		[0.01%] Applying stored bound-tightening: 536 milli
		[1.15%] SMT core: 41516 milli
		[12.12%] Symbolic Bound Tightening: 436285 milli
		[34.42%] SoI-based local search: 1238619 milli
		[0.00%] SoI-based local search: 0 milli
		[4.78%] Unaccounted for: 172027 milli
	--- Preprocessor Statistics ---
	Number of preprocessor bound-tightening loop iterations: 8
	Number of eliminated variables: 0
	Number of constraints removed due to variable elimination: 0
	Number of equations removed due to variable elimination: 0
	--- Engine Statistics ---
	Number of main loop iterations: 3088668
		3027988 iterations were simplex steps. Total time: 2012492 milli. Average: 0.66 milli.
		0 iterations were constraint-fixing steps. Total time: 0 milli. Average: 0.00 milli
	Number of active piecewise-linear constraints: 76 / 300
		Constraints disabled by valid splits: 167. By SMT-originated splits: 57
	Last reported degradation: 0.0000000000. Max degradation so far: 0.1011203495. Restorations so far: 12
	Number of simplex pivots we attempted to skip because of instability: 520.
	Unstable pivots performed anyway: 0
	--- Tableau Statistics ---
	Total number of pivots performed: 2804096
		Real pivots: 2799227. Degenerate: 4869 (0.17%)
		Degenerate pivots by request (e.g., to fix a PL constraint): 0 (0.00%)
		Average time per pivot: 0.08 milli
	Total number of fake pivots performed: 65840
	Total number of rows added: 0. Number of merged columns: 0
	Current tableau dimensions: M = 604, N = 1518
	--- SMT Core Statistics ---
	Total depth is 61. Total visited states: 52823. Number of splits: 26437. Number of pops: 26385
	Max stack depth: 87
	--- Bound Tightening Statistics ---
	Number of tightened bounds: 4715854.
		Number of rows examined by row tightener: 2804096. Consequent tightenings: 386611
		Number of explicit basis matrices examined by row tightener: 22009. Consequent tightenings: 1090941
		Number of bound tightening rounds on the entire constraint matrix: 0. Consequent tightenings: 0
		Number of bound notifications sent to PL constraints: 11011412. Tightenings proposed: 0
	--- Basis Factorization statistics ---
	Number of basis refactorizations: 24649
	--- Projected Steepest Edge Statistics ---
	Number of iterations: 2870456.
	Number of resets to reference space: 26567. Avg. iterations per reset: 108
	--- SBT ---
	Number of tightened bounds: 4680152
	--- SoI-based local search ---
	Number of proposed phase pattern update: 31461. Number of accepted update: 52183 [165.87%]
	Total time (% of local search time) updating SoI phase pattern : 4921549 milli [0.40%]
	Total time obtaining current assignment: 12900697 milli [1.04%]
	Total time getting SoI phase pattern : 3082245 milli [0.09%]
	--- Context dependent statistics ---
	Number of pushes / pops: 52824 / 52763
		[0.04%] Pre-Push hook: 1477 milli
		[0.00%] Push : 0 milli
		[0.04%] Post-Pop hook: 1495 milli
		[0.02%] Pop : 886 milli
		[0.11%] Total context-switching time: 3859 milli
	--- Proof Certificate ---
	Number of certified leaves: 0
	Number of leaves to delegate: 0
	Number of lemmas: 0
Timeout
end run time: 15:03:26
DQN: Done solving. Time : 3600023 milli. 

