[388] processing ex_0389_label_0 …
start run time: 10:05:39
Network: /cs/labs/guykatz/maya.swisa/elbit/20_8/Marabou/resources/nnet/acasxu/ACASXU_experimental_v2a_1_1.nnet
Number of layers: 8. Input layer size: 5. Output layer size: 5. Number of ReLUs: 300
Total number of variables: 610
Property: /cs/labs/guykatz/maya.swisa/elbit/PROPERTY_1_08091/ex_0389_label_0/eps01.txt

Engine::processInputQuery: Input query (before preprocessing): 309 equations, 610 variables
Engine::processInputQuery: Input query (after preprocessing): 604 equations, 914 variables


Engine::solve: Initial statistics

10:05:39 Statistics update:
	--- Time Statistics ---
	Total time elapsed: 60 milli (00:00:00)
		Main loop: 0 milli (00:00:00)
		Preprocessing time: 41 milli (00:00:00)
		Unknown: 19 milli (00:00:00)
	Breakdown for main loop:
		[0.00%] Simplex steps: 0 milli
		[0.00%] Explicit-basis bound tightening: 0 milli
		[0.00%] Constraint-matrix bound tightening: 0 milli
		[0.00%] Degradation checking: 0 milli
		[0.00%] Precision restoration: 0 milli
		[0.00%] Statistics handling: 0 milli
		[0.00%] Constraint-fixing steps: 0 milli
		[0.00%] Valid case splits: 3 milli. Average per split: 0.00 milli
		[0.00%] Applying stored bound-tightening: 0 milli
		[0.00%] SMT core: 0 milli
		[0.00%] Symbolic Bound Tightening: 5 milli
		[0.00%] SoI-based local search: 0 milli
		[0.00%] SoI-based local search: 0 milli
		[0.00%] Unaccounted for: 0 milli
	--- Preprocessor Statistics ---
	Number of preprocessor bound-tightening loop iterations: 8
	Number of eliminated variables: 0
	Number of constraints removed due to variable elimination: 0
	Number of equations removed due to variable elimination: 0
	--- Engine Statistics ---
	Number of main loop iterations: 1
		0 iterations were simplex steps. Total time: 0 milli. Average: 0.00 milli.
		0 iterations were constraint-fixing steps. Total time: 0 milli. Average: 0.00 milli
	Number of active piecewise-linear constraints: 124 / 300
		Constraints disabled by valid splits: 176. By SMT-originated splits: 0
	Last reported degradation: 0.0000000000. Max degradation so far: 0.0000000000. Restorations so far: 0
	Number of simplex pivots we attempted to skip because of instability: 0.
	Unstable pivots performed anyway: 0
	--- Tableau Statistics ---
	Total number of pivots performed: 0
		Real pivots: 0. Degenerate: 0 (0.00%)
		Degenerate pivots by request (e.g., to fix a PL constraint): 0 (0.00%)
		Average time per pivot: 0.00 milli
	Total number of fake pivots performed: 0
	Total number of rows added: 0. Number of merged columns: 0
	Current tableau dimensions: M = 604, N = 1518
	--- SMT Core Statistics ---
	Total depth is 0. Total visited states: 1. Number of splits: 0. Number of pops: 0
	Max stack depth: 0
	--- Bound Tightening Statistics ---
	Number of tightened bounds: 0.
		Number of rows examined by row tightener: 0. Consequent tightenings: 0
		Number of explicit basis matrices examined by row tightener: 0. Consequent tightenings: 0
		Number of bound tightening rounds on the entire constraint matrix: 0. Consequent tightenings: 0
		Number of bound notifications sent to PL constraints: 1800. Tightenings proposed: 0
	--- Basis Factorization statistics ---
	Number of basis refactorizations: 2
	--- Projected Steepest Edge Statistics ---
	Number of iterations: 0.
	Number of resets to reference space: 1. Avg. iterations per reset: 0
	--- SBT ---
	Number of tightened bounds: 743
	--- SoI-based local search ---
	Number of proposed phase pattern update: 0. Number of accepted update: 0 [0.00%]
	Total time (% of local search time) updating SoI phase pattern : 0 milli [0.00%]
	Total time obtaining current assignment: 0 milli [0.00%]
	Total time getting SoI phase pattern : 0 milli [0.00%]
	--- Context dependent statistics ---
	Number of pushes / pops: 0 / 0
		[0.00%] Pre-Push hook: 0 milli
		[0.00%] Push : 0 milli
		[0.00%] Post-Pop hook: 0 milli
		[0.00%] Pop : 0 milli
		[0.00%] Total context-switching time: 0 milli
	--- Proof Certificate ---
	Number of certified leaves: 0
	Number of leaves to delegate: 0
	Number of lemmas: 0

---
start solving without an agent

Engine::solve: unsat query

10:06:04 Statistics update:
	--- Time Statistics ---
	Total time elapsed: 25148 milli (00:00:25)
		Main loop: 25075 milli (00:00:25)
		Preprocessing time: 41 milli (00:00:00)
		Unknown: 31 milli (00:00:00)
	Breakdown for main loop:
		[47.02%] Simplex steps: 11790 milli
		[20.76%] Explicit-basis bound tightening: 5205 milli
		[0.00%] Constraint-matrix bound tightening: 0 milli
		[0.26%] Degradation checking: 65 milli
		[0.00%] Precision restoration: 0 milli
		[0.04%] Statistics handling: 9 milli
		[0.00%] Constraint-fixing steps: 0 milli
		[0.25%] Valid case splits: 63 milli. Average per split: 0.00 milli
		[0.03%] Applying stored bound-tightening: 6 milli
		[2.24%] SMT core: 561 milli
		[24.31%] Symbolic Bound Tightening: 6096 milli
		[28.34%] SoI-based local search: 7105 milli
		[0.00%] SoI-based local search: 0 milli
		[5.09%] Unaccounted for: 1275 milli
	--- Preprocessor Statistics ---
	Number of preprocessor bound-tightening loop iterations: 8
	Number of eliminated variables: 0
	Number of constraints removed due to variable elimination: 0
	Number of equations removed due to variable elimination: 0
	--- Engine Statistics ---
	Number of main loop iterations: 34223
		33046 iterations were simplex steps. Total time: 11790 milli. Average: 0.36 milli.
		0 iterations were constraint-fixing steps. Total time: 0 milli. Average: 0.00 milli
	Number of active piecewise-linear constraints: 36 / 300
		Constraints disabled by valid splits: 264. By SMT-originated splits: 0
	Last reported degradation: 0.0000000000. Max degradation so far: 0.0000175152. Restorations so far: 0
	Number of simplex pivots we attempted to skip because of instability: 25.
	Unstable pivots performed anyway: 0
	--- Tableau Statistics ---
	Total number of pivots performed: 28988
		Real pivots: 28856. Degenerate: 132 (0.46%)
		Degenerate pivots by request (e.g., to fix a PL constraint): 0 (0.00%)
		Average time per pivot: 0.05 milli
	Total number of fake pivots performed: 1728
	Total number of rows added: 0. Number of merged columns: 0
	Current tableau dimensions: M = 604, N = 1518
	--- SMT Core Statistics ---
	Total depth is 1. Total visited states: 860. Number of splits: 429. Number of pops: 430
	Max stack depth: 27
	--- Bound Tightening Statistics ---
	Number of tightened bounds: 131215.
		Number of rows examined by row tightener: 28988. Consequent tightenings: 3427
		Number of explicit basis matrices examined by row tightener: 271. Consequent tightenings: 27198
		Number of bound tightening rounds on the entire constraint matrix: 0. Consequent tightenings: 0
		Number of bound notifications sent to PL constraints: 237927. Tightenings proposed: 0
	--- Basis Factorization statistics ---
	Number of basis refactorizations: 263
	--- Projected Steepest Edge Statistics ---
	Number of iterations: 30741.
	Number of resets to reference space: 430. Avg. iterations per reset: 71
	--- SBT ---
	Number of tightened bounds: 131958
	--- SoI-based local search ---
	Number of proposed phase pattern update: 558. Number of accepted update: 825 [147.85%]
	Total time (% of local search time) updating SoI phase pattern : 53461 milli [0.75%]
	Total time obtaining current assignment: 159251 milli [2.24%]
	Total time getting SoI phase pattern : 17269 milli [0.07%]
	--- Context dependent statistics ---
	Number of pushes / pops: 858 / 858
		[0.11%] Pre-Push hook: 28 milli
		[0.00%] Push : 0 milli
		[0.10%] Post-Pop hook: 25 milli
		[0.11%] Pop : 26 milli
		[0.32%] Total context-switching time: 80 milli
	--- Proof Certificate ---
	Number of certified leaves: 0
	Number of leaves to delegate: 0
	Number of lemmas: 0
unsat
end run time: 10:06:04
DQN: Done solving. Time : 25156 milli. 

start run time: 10:06:04
Network: /cs/labs/guykatz/maya.swisa/elbit/20_8/Marabou/resources/nnet/acasxu/ACASXU_experimental_v2a_1_1.nnet
Number of layers: 8. Input layer size: 5. Output layer size: 5. Number of ReLUs: 300
Total number of variables: 610
Property: /cs/labs/guykatz/maya.swisa/elbit/PROPERTY_1_08091/ex_0389_label_0/eps02.txt

Engine::processInputQuery: Input query (before preprocessing): 309 equations, 610 variables
Engine::processInputQuery: Input query (after preprocessing): 604 equations, 914 variables


Engine::solve: Initial statistics

10:06:04 Statistics update:
	--- Time Statistics ---
	Total time elapsed: 41 milli (00:00:00)
		Main loop: 0 milli (00:00:00)
		Preprocessing time: 31 milli (00:00:00)
		Unknown: 9 milli (00:00:00)
	Breakdown for main loop:
		[0.00%] Simplex steps: 0 milli
		[0.00%] Explicit-basis bound tightening: 0 milli
		[0.00%] Constraint-matrix bound tightening: 0 milli
		[0.00%] Degradation checking: 0 milli
		[0.00%] Precision restoration: 0 milli
		[0.00%] Statistics handling: 0 milli
		[0.00%] Constraint-fixing steps: 0 milli
		[0.00%] Valid case splits: 2 milli. Average per split: 0.00 milli
		[0.00%] Applying stored bound-tightening: 0 milli
		[0.00%] SMT core: 0 milli
		[0.00%] Symbolic Bound Tightening: 5 milli
		[0.00%] SoI-based local search: 0 milli
		[0.00%] SoI-based local search: 0 milli
		[0.00%] Unaccounted for: 0 milli
	--- Preprocessor Statistics ---
	Number of preprocessor bound-tightening loop iterations: 8
	Number of eliminated variables: 0
	Number of constraints removed due to variable elimination: 0
	Number of equations removed due to variable elimination: 0
	--- Engine Statistics ---
	Number of main loop iterations: 1
		0 iterations were simplex steps. Total time: 0 milli. Average: 0.00 milli.
		0 iterations were constraint-fixing steps. Total time: 0 milli. Average: 0.00 milli
	Number of active piecewise-linear constraints: 145 / 300
		Constraints disabled by valid splits: 155. By SMT-originated splits: 0
	Last reported degradation: 0.0000000000. Max degradation so far: 0.0000000000. Restorations so far: 0
	Number of simplex pivots we attempted to skip because of instability: 0.
	Unstable pivots performed anyway: 0
	--- Tableau Statistics ---
	Total number of pivots performed: 0
		Real pivots: 0. Degenerate: 0 (0.00%)
		Degenerate pivots by request (e.g., to fix a PL constraint): 0 (0.00%)
		Average time per pivot: 0.00 milli
	Total number of fake pivots performed: 0
	Total number of rows added: 0. Number of merged columns: 0
	Current tableau dimensions: M = 604, N = 1518
	--- SMT Core Statistics ---
	Total depth is 0. Total visited states: 1. Number of splits: 0. Number of pops: 0
	Max stack depth: 0
	--- Bound Tightening Statistics ---
	Number of tightened bounds: 0.
		Number of rows examined by row tightener: 0. Consequent tightenings: 0
		Number of explicit basis matrices examined by row tightener: 0. Consequent tightenings: 0
		Number of bound tightening rounds on the entire constraint matrix: 0. Consequent tightenings: 0
		Number of bound notifications sent to PL constraints: 1800. Tightenings proposed: 0
	--- Basis Factorization statistics ---
	Number of basis refactorizations: 2
	--- Projected Steepest Edge Statistics ---
	Number of iterations: 0.
	Number of resets to reference space: 1. Avg. iterations per reset: 0
	--- SBT ---
	Number of tightened bounds: 740
	--- SoI-based local search ---
	Number of proposed phase pattern update: 0. Number of accepted update: 0 [0.00%]
	Total time (% of local search time) updating SoI phase pattern : 0 milli [0.00%]
	Total time obtaining current assignment: 0 milli [0.00%]
	Total time getting SoI phase pattern : 0 milli [0.00%]
	--- Context dependent statistics ---
	Number of pushes / pops: 0 / 0
		[0.00%] Pre-Push hook: 0 milli
		[0.00%] Push : 0 milli
		[0.00%] Post-Pop hook: 0 milli
		[0.00%] Pop : 0 milli
		[0.00%] Total context-switching time: 0 milli
	--- Proof Certificate ---
	Number of certified leaves: 0
	Number of leaves to delegate: 0
	Number of lemmas: 0

---
start solving without an agent

Engine::solve: unsat query

10:07:32 Statistics update:
	--- Time Statistics ---
	Total time elapsed: 87977 milli (00:01:27)
		Main loop: 87899 milli (00:01:27)
		Preprocessing time: 31 milli (00:00:00)
		Unknown: 46 milli (00:00:00)
	Breakdown for main loop:
		[47.21%] Simplex steps: 41497 milli
		[20.15%] Explicit-basis bound tightening: 17710 milli
		[0.00%] Constraint-matrix bound tightening: 0 milli
		[0.25%] Degradation checking: 221 milli
		[0.00%] Precision restoration: 0 milli
		[0.12%] Statistics handling: 108 milli
		[0.00%] Constraint-fixing steps: 0 milli
		[0.23%] Valid case splits: 202 milli. Average per split: 0.00 milli
		[0.03%] Applying stored bound-tightening: 24 milli
		[2.47%] SMT core: 2168 milli
		[24.66%] Symbolic Bound Tightening: 21676 milli
		[30.60%] SoI-based local search: 26900 milli
		[0.00%] SoI-based local search: 0 milli
		[4.88%] Unaccounted for: 4288 milli
	--- Preprocessor Statistics ---
	Number of preprocessor bound-tightening loop iterations: 8
	Number of eliminated variables: 0
	Number of constraints removed due to variable elimination: 0
	Number of equations removed due to variable elimination: 0
	--- Engine Statistics ---
	Number of main loop iterations: 112556
		108399 iterations were simplex steps. Total time: 41497 milli. Average: 0.38 milli.
		0 iterations were constraint-fixing steps. Total time: 0 milli. Average: 0.00 milli
	Number of active piecewise-linear constraints: 118 / 300
		Constraints disabled by valid splits: 182. By SMT-originated splits: 0
	Last reported degradation: 0.0000000002. Max degradation so far: 0.0000058261. Restorations so far: 0
	Number of simplex pivots we attempted to skip because of instability: 83.
	Unstable pivots performed anyway: 2
	--- Tableau Statistics ---
	Total number of pivots performed: 94114
		Real pivots: 93638. Degenerate: 476 (0.51%)
		Degenerate pivots by request (e.g., to fix a PL constraint): 0 (0.00%)
		Average time per pivot: 0.05 milli
	Total number of fake pivots performed: 5964
	Total number of rows added: 0. Number of merged columns: 0
	Current tableau dimensions: M = 604, N = 1518
	--- SMT Core Statistics ---
	Total depth is 2. Total visited states: 3120. Number of splits: 1560. Number of pops: 1559
	Max stack depth: 36
	--- Bound Tightening Statistics ---
	Number of tightened bounds: 414871.
		Number of rows examined by row tightener: 94114. Consequent tightenings: 14671
		Number of explicit basis matrices examined by row tightener: 906. Consequent tightenings: 88182
		Number of bound tightening rounds on the entire constraint matrix: 0. Consequent tightenings: 0
		Number of bound notifications sent to PL constraints: 759130. Tightenings proposed: 0
	--- Basis Factorization statistics ---
	Number of basis refactorizations: 838
	--- Projected Steepest Edge Statistics ---
	Number of iterations: 100159.
	Number of resets to reference space: 1562. Avg. iterations per reset: 64
	--- SBT ---
	Number of tightened bounds: 415611
	--- SoI-based local search ---
	Number of proposed phase pattern update: 1942. Number of accepted update: 3044 [156.75%]
	Total time (% of local search time) updating SoI phase pattern : 197433 milli [0.73%]
	Total time obtaining current assignment: 616764 milli [2.29%]
	Total time getting SoI phase pattern : 67050 milli [0.08%]
	--- Context dependent statistics ---
	Number of pushes / pops: 3120 / 3120
		[0.11%] Pre-Push hook: 95 milli
		[0.00%] Push : 0 milli
		[0.10%] Post-Pop hook: 90 milli
		[0.10%] Pop : 88 milli
		[0.31%] Total context-switching time: 274 milli
	--- Proof Certificate ---
	Number of certified leaves: 0
	Number of leaves to delegate: 0
	Number of lemmas: 0
unsat
end run time: 10:07:32
DQN: Done solving. Time : 87987 milli. 

start run time: 10:07:32
Network: /cs/labs/guykatz/maya.swisa/elbit/20_8/Marabou/resources/nnet/acasxu/ACASXU_experimental_v2a_1_1.nnet
Number of layers: 8. Input layer size: 5. Output layer size: 5. Number of ReLUs: 300
Total number of variables: 610
Property: /cs/labs/guykatz/maya.swisa/elbit/PROPERTY_1_08091/ex_0389_label_0/eps03.txt

Engine::processInputQuery: Input query (before preprocessing): 309 equations, 610 variables
Engine::processInputQuery: Input query (after preprocessing): 604 equations, 914 variables


Engine::solve: Initial statistics

10:07:32 Statistics update:
	--- Time Statistics ---
	Total time elapsed: 40 milli (00:00:00)
		Main loop: 0 milli (00:00:00)
		Preprocessing time: 31 milli (00:00:00)
		Unknown: 8 milli (00:00:00)
	Breakdown for main loop:
		[0.00%] Simplex steps: 0 milli
		[0.00%] Explicit-basis bound tightening: 0 milli
		[0.00%] Constraint-matrix bound tightening: 0 milli
		[0.00%] Degradation checking: 0 milli
		[0.00%] Precision restoration: 0 milli
		[0.00%] Statistics handling: 0 milli
		[0.00%] Constraint-fixing steps: 0 milli
		[0.00%] Valid case splits: 2 milli. Average per split: 0.00 milli
		[0.00%] Applying stored bound-tightening: 0 milli
		[0.00%] SMT core: 0 milli
		[0.00%] Symbolic Bound Tightening: 5 milli
		[0.00%] SoI-based local search: 0 milli
		[0.00%] SoI-based local search: 0 milli
		[0.00%] Unaccounted for: 0 milli
	--- Preprocessor Statistics ---
	Number of preprocessor bound-tightening loop iterations: 8
	Number of eliminated variables: 0
	Number of constraints removed due to variable elimination: 0
	Number of equations removed due to variable elimination: 0
	--- Engine Statistics ---
	Number of main loop iterations: 1
		0 iterations were simplex steps. Total time: 0 milli. Average: 0.00 milli.
		0 iterations were constraint-fixing steps. Total time: 0 milli. Average: 0.00 milli
	Number of active piecewise-linear constraints: 166 / 300
		Constraints disabled by valid splits: 134. By SMT-originated splits: 0
	Last reported degradation: 0.0000000000. Max degradation so far: 0.0000000000. Restorations so far: 0
	Number of simplex pivots we attempted to skip because of instability: 0.
	Unstable pivots performed anyway: 0
	--- Tableau Statistics ---
	Total number of pivots performed: 0
		Real pivots: 0. Degenerate: 0 (0.00%)
		Degenerate pivots by request (e.g., to fix a PL constraint): 0 (0.00%)
		Average time per pivot: 0.00 milli
	Total number of fake pivots performed: 0
	Total number of rows added: 0. Number of merged columns: 0
	Current tableau dimensions: M = 604, N = 1518
	--- SMT Core Statistics ---
	Total depth is 0. Total visited states: 1. Number of splits: 0. Number of pops: 0
	Max stack depth: 0
	--- Bound Tightening Statistics ---
	Number of tightened bounds: 0.
		Number of rows examined by row tightener: 0. Consequent tightenings: 0
		Number of explicit basis matrices examined by row tightener: 0. Consequent tightenings: 0
		Number of bound tightening rounds on the entire constraint matrix: 0. Consequent tightenings: 0
		Number of bound notifications sent to PL constraints: 1800. Tightenings proposed: 0
	--- Basis Factorization statistics ---
	Number of basis refactorizations: 2
	--- Projected Steepest Edge Statistics ---
	Number of iterations: 0.
	Number of resets to reference space: 1. Avg. iterations per reset: 0
	--- SBT ---
	Number of tightened bounds: 740
	--- SoI-based local search ---
	Number of proposed phase pattern update: 0. Number of accepted update: 0 [0.00%]
	Total time (% of local search time) updating SoI phase pattern : 0 milli [0.00%]
	Total time obtaining current assignment: 0 milli [0.00%]
	Total time getting SoI phase pattern : 0 milli [0.00%]
	--- Context dependent statistics ---
	Number of pushes / pops: 0 / 0
		[0.00%] Pre-Push hook: 0 milli
		[0.00%] Push : 0 milli
		[0.00%] Post-Pop hook: 0 milli
		[0.00%] Pop : 0 milli
		[0.00%] Total context-switching time: 0 milli
	--- Proof Certificate ---
	Number of certified leaves: 0
	Number of leaves to delegate: 0
	Number of lemmas: 0

---
start solving without an agent
Performing precision restoration. Degradation before: 0.000085588690939. After: 0.000000000000202

Engine::solve: unsat query

10:09:34 Statistics update:
	--- Time Statistics ---
	Total time elapsed: 121749 milli (00:02:01)
		Main loop: 121654 milli (00:02:01)
		Preprocessing time: 31 milli (00:00:00)
		Unknown: 63 milli (00:00:00)
	Breakdown for main loop:
		[48.86%] Simplex steps: 59444 milli
		[22.22%] Explicit-basis bound tightening: 27035 milli
		[0.00%] Constraint-matrix bound tightening: 0 milli
		[0.26%] Degradation checking: 310 milli
		[0.01%] Precision restoration: 7 milli
		[0.14%] Statistics handling: 166 milli
		[0.00%] Constraint-fixing steps: 0 milli
		[0.17%] Valid case splits: 202 milli. Average per split: 0.00 milli
		[0.03%] Applying stored bound-tightening: 30 milli
		[2.30%] SMT core: 2796 milli
		[20.89%] Symbolic Bound Tightening: 25417 milli
		[28.39%] SoI-based local search: 34538 milli
		[0.00%] SoI-based local search: 0 milli
		[5.13%] Unaccounted for: 6241 milli
	--- Preprocessor Statistics ---
	Number of preprocessor bound-tightening loop iterations: 8
	Number of eliminated variables: 0
	Number of constraints removed due to variable elimination: 0
	Number of equations removed due to variable elimination: 0
	--- Engine Statistics ---
	Number of main loop iterations: 156991
		152040 iterations were simplex steps. Total time: 59444 milli. Average: 0.39 milli.
		0 iterations were constraint-fixing steps. Total time: 0 milli. Average: 0.00 milli
	Number of active piecewise-linear constraints: 131 / 300
		Constraints disabled by valid splits: 169. By SMT-originated splits: 0
	Last reported degradation: 0.0000000000. Max degradation so far: 0.0019723114. Restorations so far: 1
	Number of simplex pivots we attempted to skip because of instability: 67.
	Unstable pivots performed anyway: 2
	--- Tableau Statistics ---
	Total number of pivots performed: 133771
		Real pivots: 133222. Degenerate: 549 (0.41%)
		Degenerate pivots by request (e.g., to fix a PL constraint): 0 (0.00%)
		Average time per pivot: 0.05 milli
	Total number of fake pivots performed: 7783
	Total number of rows added: 0. Number of merged columns: 0
	Current tableau dimensions: M = 604, N = 1518
	--- SMT Core Statistics ---
	Total depth is 2. Total visited states: 3786. Number of splits: 1892. Number of pops: 1893
	Max stack depth: 41
	--- Bound Tightening Statistics ---
	Number of tightened bounds: 454945.
		Number of rows examined by row tightener: 133771. Consequent tightenings: 18380
		Number of explicit basis matrices examined by row tightener: 1096. Consequent tightenings: 94584
		Number of bound tightening rounds on the entire constraint matrix: 0. Consequent tightenings: 0
		Number of bound notifications sent to PL constraints: 858285. Tightenings proposed: 0
	--- Basis Factorization statistics ---
	Number of basis refactorizations: 1103
	--- Projected Steepest Edge Statistics ---
	Number of iterations: 141619.
	Number of resets to reference space: 1905. Avg. iterations per reset: 74
	--- SBT ---
	Number of tightened bounds: 452649
	--- SoI-based local search ---
	Number of proposed phase pattern update: 2374. Number of accepted update: 3694 [155.60%]
	Total time (% of local search time) updating SoI phase pattern : 250898 milli [0.73%]
	Total time obtaining current assignment: 745723 milli [2.16%]
	Total time getting SoI phase pattern : 81064 milli [0.07%]
	--- Context dependent statistics ---
	Number of pushes / pops: 3784 / 3784
		[0.11%] Pre-Push hook: 137 milli
		[0.00%] Push : 0 milli
		[0.08%] Post-Pop hook: 97 milli
		[0.12%] Pop : 139 milli
		[0.31%] Total context-switching time: 375 milli
	--- Proof Certificate ---
	Number of certified leaves: 0
	Number of leaves to delegate: 0
	Number of lemmas: 0
unsat
end run time: 10:09:34
DQN: Done solving. Time : 121760 milli. 

