[27] processing ex_0028_label_0 …
start run time: 09:59:54
Network: /cs/labs/guykatz/maya.swisa/elbit/20_8/Marabou/resources/nnet/acasxu/ACASXU_experimental_v2a_1_1.nnet
Number of layers: 8. Input layer size: 5. Output layer size: 5. Number of ReLUs: 300
Total number of variables: 610
Property: /cs/labs/guykatz/maya.swisa/elbit/PROPERTY_1_08091/ex_0028_label_0/eps01.txt

Engine::processInputQuery: Input query (before preprocessing): 309 equations, 610 variables
Engine::processInputQuery: Input query (after preprocessing): 604 equations, 914 variables


Engine::solve: Initial statistics

09:59:54 Statistics update:
	--- Time Statistics ---
	Total time elapsed: 53 milli (00:00:00)
		Main loop: 0 milli (00:00:00)
		Preprocessing time: 38 milli (00:00:00)
		Unknown: 14 milli (00:00:00)
	Breakdown for main loop:
		[0.00%] Simplex steps: 0 milli
		[0.00%] Explicit-basis bound tightening: 0 milli
		[0.00%] Constraint-matrix bound tightening: 0 milli
		[0.00%] Degradation checking: 0 milli
		[0.00%] Precision restoration: 0 milli
		[0.00%] Statistics handling: 0 milli
		[0.00%] Constraint-fixing steps: 0 milli
		[0.00%] Valid case splits: 2 milli. Average per split: 0.00 milli
		[0.00%] Applying stored bound-tightening: 0 milli
		[0.00%] SMT core: 0 milli
		[0.00%] Symbolic Bound Tightening: 5 milli
		[0.00%] SoI-based local search: 0 milli
		[0.00%] SoI-based local search: 0 milli
		[0.00%] Unaccounted for: 0 milli
	--- Preprocessor Statistics ---
	Number of preprocessor bound-tightening loop iterations: 8
	Number of eliminated variables: 0
	Number of constraints removed due to variable elimination: 0
	Number of equations removed due to variable elimination: 0
	--- Engine Statistics ---
	Number of main loop iterations: 1
		0 iterations were simplex steps. Total time: 0 milli. Average: 0.00 milli.
		0 iterations were constraint-fixing steps. Total time: 0 milli. Average: 0.00 milli
	Number of active piecewise-linear constraints: 182 / 300
		Constraints disabled by valid splits: 118. By SMT-originated splits: 0
	Last reported degradation: 0.0000000000. Max degradation so far: 0.0000000000. Restorations so far: 0
	Number of simplex pivots we attempted to skip because of instability: 0.
	Unstable pivots performed anyway: 0
	--- Tableau Statistics ---
	Total number of pivots performed: 0
		Real pivots: 0. Degenerate: 0 (0.00%)
		Degenerate pivots by request (e.g., to fix a PL constraint): 0 (0.00%)
		Average time per pivot: 0.00 milli
	Total number of fake pivots performed: 0
	Total number of rows added: 0. Number of merged columns: 0
	Current tableau dimensions: M = 604, N = 1518
	--- SMT Core Statistics ---
	Total depth is 0. Total visited states: 1. Number of splits: 0. Number of pops: 0
	Max stack depth: 0
	--- Bound Tightening Statistics ---
	Number of tightened bounds: 0.
		Number of rows examined by row tightener: 0. Consequent tightenings: 0
		Number of explicit basis matrices examined by row tightener: 0. Consequent tightenings: 0
		Number of bound tightening rounds on the entire constraint matrix: 0. Consequent tightenings: 0
		Number of bound notifications sent to PL constraints: 1800. Tightenings proposed: 0
	--- Basis Factorization statistics ---
	Number of basis refactorizations: 2
	--- Projected Steepest Edge Statistics ---
	Number of iterations: 0.
	Number of resets to reference space: 1. Avg. iterations per reset: 0
	--- SBT ---
	Number of tightened bounds: 734
	--- SoI-based local search ---
	Number of proposed phase pattern update: 0. Number of accepted update: 0 [0.00%]
	Total time (% of local search time) updating SoI phase pattern : 0 milli [0.00%]
	Total time obtaining current assignment: 0 milli [0.00%]
	Total time getting SoI phase pattern : 0 milli [0.00%]
	--- Context dependent statistics ---
	Number of pushes / pops: 0 / 0
		[0.00%] Pre-Push hook: 0 milli
		[0.00%] Push : 0 milli
		[0.00%] Post-Pop hook: 0 milli
		[0.00%] Pop : 0 milli
		[0.00%] Total context-switching time: 0 milli
	--- Proof Certificate ---
	Number of certified leaves: 0
	Number of leaves to delegate: 0
	Number of lemmas: 0

---
start solving without an agent
Performing precision restoration. Degradation before: 0.000635160490771. After: 0.000000000000180
Performing precision restoration. Degradation before: 0.000003699424466. After: 0.000000000000299
High degradation found!
Performing precision restoration. Degradation before: 0.101455562184336. After: 0.000000000000229
High degradation found!
Performing precision restoration. Degradation before: 0.100930738772471. After: 0.000000000000142
High degradation found!
Performing precision restoration. Degradation before: 0.101009850813553. After: 0.000000000002560
Performing precision restoration. Degradation before: 0.000013768560396. After: 0.000000000000457
Performing precision restoration. Degradation before: 0.000529055045848. After: 0.000000000000229
Performing precision restoration. Degradation before: 0.000031348658908. After: 0.000000000000199
Performing precision restoration. Degradation before: 0.000031862872063. After: 0.000000000000147
Performing precision restoration. Degradation before: 0.001828748419319. After: 0.000000000000236
Performing precision restoration. Degradation before: 0.004943124840378. After: 0.000000000000152
Performing precision restoration. Degradation before: 0.000000674698295. After: 0.000000000000418
Performing precision restoration. Degradation before: 0.000271069114105. After: 0.000000000000348
Performing precision restoration. Degradation before: 0.087391287576064. After: 0.000000000000287
Performing precision restoration. Degradation before: 0.013466094916796. After: 0.000000000000141
Performing precision restoration. Degradation before: 0.005086814532308. After: 0.000000000000395
MalformedBasisException caught!
Performing precision restoration. Degradation before: 0.000001014316985. After: 0.000000000000059
Performing precision restoration. Degradation before: 0.047998602479138. After: 0.000000000000144
High degradation found!
Performing precision restoration. Degradation before: 0.100981052419757. After: 0.000000000000635
Performing precision restoration. Degradation before: 0.039716484323763. After: 0.000000000000218
Performing precision restoration. Degradation before: 0.001911179903653. After: 0.000000000000211


Engine: quitting due to timeout...

Final statistics:

10:59:54 Statistics update:
	--- Time Statistics ---
	Total time elapsed: 3600001 milli (01:00:00)
		Main loop: 3598662 milli (00:59:58)
		Preprocessing time: 38 milli (00:00:00)
		Unknown: 1299 milli (00:00:01)
	Breakdown for main loop:
		[51.37%] Simplex steps: 1848727 milli
		[28.18%] Explicit-basis bound tightening: 1014067 milli
		[0.00%] Constraint-matrix bound tightening: 0 milli
		[0.18%] Degradation checking: 6593 milli
		[0.01%] Precision restoration: 201 milli
		[0.06%] Statistics handling: 2073 milli
		[0.00%] Constraint-fixing steps: 0 milli
		[0.10%] Valid case splits: 3570 milli. Average per split: 0.00 milli
		[0.02%] Applying stored bound-tightening: 605 milli
		[1.68%] SMT core: 60454 milli
		[12.28%] Symbolic Bound Tightening: 441775 milli
		[27.46%] SoI-based local search: 988293 milli
		[0.00%] SoI-based local search: 0 milli
		[6.13%] Unaccounted for: 220592 milli
	--- Preprocessor Statistics ---
	Number of preprocessor bound-tightening loop iterations: 8
	Number of eliminated variables: 0
	Number of constraints removed due to variable elimination: 0
	Number of equations removed due to variable elimination: 0
	--- Engine Statistics ---
	Number of main loop iterations: 3710214
		3617733 iterations were simplex steps. Total time: 1848727 milli. Average: 0.51 milli.
		0 iterations were constraint-fixing steps. Total time: 0 milli. Average: 0.00 milli
	Number of active piecewise-linear constraints: 90 / 300
		Constraints disabled by valid splits: 172. By SMT-originated splits: 38
	Last reported degradation: 0.0000000046. Max degradation so far: 0.1014555622. Restorations so far: 21
	Number of simplex pivots we attempted to skip because of instability: 1099.
	Unstable pivots performed anyway: 48
	--- Tableau Statistics ---
	Total number of pivots performed: 3285707
		Real pivots: 3277956. Degenerate: 7751 (0.24%)
		Degenerate pivots by request (e.g., to fix a PL constraint): 0 (0.00%)
		Average time per pivot: 0.06 milli
	Total number of fake pivots performed: 108667
	Total number of rows added: 0. Number of merged columns: 0
	Current tableau dimensions: M = 604, N = 1518
	--- SMT Core Statistics ---
	Total depth is 42. Total visited states: 76210. Number of splits: 38124. Number of pops: 38085
	Max stack depth: 85
	--- Bound Tightening Statistics ---
	Number of tightened bounds: 8249882.
		Number of rows examined by row tightener: 3285707. Consequent tightenings: 609599
		Number of explicit basis matrices examined by row tightener: 27743. Consequent tightenings: 1989388
		Number of bound tightening rounds on the entire constraint matrix: 0. Consequent tightenings: 0
		Number of bound notifications sent to PL constraints: 18645358. Tightenings proposed: 0
	--- Basis Factorization statistics ---
	Number of basis refactorizations: 27894
	--- Projected Steepest Edge Statistics ---
	Number of iterations: 3395425.
	Number of resets to reference space: 38327. Avg. iterations per reset: 88
	--- SBT ---
	Number of tightened bounds: 8186860
	--- SoI-based local search ---
	Number of proposed phase pattern update: 46714. Number of accepted update: 74971 [160.49%]
	Total time (% of local search time) updating SoI phase pattern : 5833605 milli [0.59%]
	Total time obtaining current assignment: 16496553 milli [1.67%]
	Total time getting SoI phase pattern : 2823562 milli [0.08%]
	--- Context dependent statistics ---
	Number of pushes / pops: 76217 / 76175
		[0.07%] Pre-Push hook: 2471 milli
		[0.00%] Push : 0 milli
		[0.05%] Post-Pop hook: 1951 milli
		[0.07%] Pop : 2454 milli
		[0.19%] Total context-switching time: 6877 milli
	--- Proof Certificate ---
	Number of certified leaves: 0
	Number of leaves to delegate: 0
	Number of lemmas: 0
Timeout
end run time: 10:59:54
DQN: Done solving. Time : 3600021 milli. 

start run time: 10:59:54
Network: /cs/labs/guykatz/maya.swisa/elbit/20_8/Marabou/resources/nnet/acasxu/ACASXU_experimental_v2a_1_1.nnet
Number of layers: 8. Input layer size: 5. Output layer size: 5. Number of ReLUs: 300
Total number of variables: 610
Property: /cs/labs/guykatz/maya.swisa/elbit/PROPERTY_1_08091/ex_0028_label_0/eps02.txt

Engine::processInputQuery: Input query (before preprocessing): 309 equations, 610 variables
Engine::processInputQuery: Input query (after preprocessing): 604 equations, 914 variables


Engine::solve: Initial statistics

10:59:54 Statistics update:
	--- Time Statistics ---
	Total time elapsed: 54 milli (00:00:00)
		Main loop: 0 milli (00:00:00)
		Preprocessing time: 32 milli (00:00:00)
		Unknown: 21 milli (00:00:00)
	Breakdown for main loop:
		[0.00%] Simplex steps: 0 milli
		[0.00%] Explicit-basis bound tightening: 0 milli
		[0.00%] Constraint-matrix bound tightening: 0 milli
		[0.00%] Degradation checking: 0 milli
		[0.00%] Precision restoration: 0 milli
		[0.00%] Statistics handling: 0 milli
		[0.00%] Constraint-fixing steps: 0 milli
		[0.00%] Valid case splits: 1 milli. Average per split: 0.00 milli
		[0.00%] Applying stored bound-tightening: 0 milli
		[0.00%] SMT core: 0 milli
		[0.00%] Symbolic Bound Tightening: 5 milli
		[0.00%] SoI-based local search: 0 milli
		[0.00%] SoI-based local search: 0 milli
		[0.00%] Unaccounted for: 0 milli
	--- Preprocessor Statistics ---
	Number of preprocessor bound-tightening loop iterations: 8
	Number of eliminated variables: 0
	Number of constraints removed due to variable elimination: 0
	Number of equations removed due to variable elimination: 0
	--- Engine Statistics ---
	Number of main loop iterations: 1
		0 iterations were simplex steps. Total time: 0 milli. Average: 0.00 milli.
		0 iterations were constraint-fixing steps. Total time: 0 milli. Average: 0.00 milli
	Number of active piecewise-linear constraints: 196 / 300
		Constraints disabled by valid splits: 104. By SMT-originated splits: 0
	Last reported degradation: 0.0000000000. Max degradation so far: 0.0000000000. Restorations so far: 0
	Number of simplex pivots we attempted to skip because of instability: 0.
	Unstable pivots performed anyway: 0
	--- Tableau Statistics ---
	Total number of pivots performed: 0
		Real pivots: 0. Degenerate: 0 (0.00%)
		Degenerate pivots by request (e.g., to fix a PL constraint): 0 (0.00%)
		Average time per pivot: 0.00 milli
	Total number of fake pivots performed: 0
	Total number of rows added: 0. Number of merged columns: 0
	Current tableau dimensions: M = 604, N = 1518
	--- SMT Core Statistics ---
	Total depth is 0. Total visited states: 1. Number of splits: 0. Number of pops: 0
	Max stack depth: 0
	--- Bound Tightening Statistics ---
	Number of tightened bounds: 0.
		Number of rows examined by row tightener: 0. Consequent tightenings: 0
		Number of explicit basis matrices examined by row tightener: 0. Consequent tightenings: 0
		Number of bound tightening rounds on the entire constraint matrix: 0. Consequent tightenings: 0
		Number of bound notifications sent to PL constraints: 1800. Tightenings proposed: 0
	--- Basis Factorization statistics ---
	Number of basis refactorizations: 2
	--- Projected Steepest Edge Statistics ---
	Number of iterations: 0.
	Number of resets to reference space: 1. Avg. iterations per reset: 0
	--- SBT ---
	Number of tightened bounds: 731
	--- SoI-based local search ---
	Number of proposed phase pattern update: 0. Number of accepted update: 0 [0.00%]
	Total time (% of local search time) updating SoI phase pattern : 0 milli [0.00%]
	Total time obtaining current assignment: 0 milli [0.00%]
	Total time getting SoI phase pattern : 0 milli [0.00%]
	--- Context dependent statistics ---
	Number of pushes / pops: 0 / 0
		[0.00%] Pre-Push hook: 0 milli
		[0.00%] Push : 0 milli
		[0.00%] Post-Pop hook: 0 milli
		[0.00%] Pop : 0 milli
		[0.00%] Total context-switching time: 0 milli
	--- Proof Certificate ---
	Number of certified leaves: 0
	Number of leaves to delegate: 0
	Number of lemmas: 0

---
start solving without an agent
Performing precision restoration. Degradation before: 0.011841780334916. After: 0.000000000000355
Performing precision restoration. Degradation before: 0.004343561463680. After: 0.000000000000316
Performing precision restoration. Degradation before: 0.002388553908259. After: 0.000000000000265
Performing precision restoration. Degradation before: 0.001111873941652. After: 0.000000000002166
Performing precision restoration. Degradation before: 0.021811923746233. After: 0.000000000000133
Performing precision restoration. Degradation before: 0.000485316408524. After: 0.000000000000176
Performing precision restoration. Degradation before: 0.000719102212497. After: 0.000000000001561
Performing precision restoration. Degradation before: 0.000031482561071. After: 0.000000000000551
Performing precision restoration. Degradation before: 0.000938225988867. After: 0.000000000000254
MalformedBasisException caught!
Performing precision restoration. Degradation before: 0.000000038523090. After: 0.000000000000067
Performing precision restoration. Degradation before: 0.005134879001940. After: 0.000000000000271
MalformedBasisException caught!
Performing precision restoration. Degradation before: 5.721297373484532. After: 0.000000000000077
Performing precision restoration. Degradation before: 0.035237503289140. After: 0.000000000000386
Performing precision restoration. Degradation before: 0.013883876681842. After: 0.000000000000286
Performing precision restoration. Degradation before: 0.042832852107580. After: 0.000000000000246
Performing precision restoration. Degradation before: 0.000972164696752. After: 0.000000000000773
MalformedBasisException caught!
Performing precision restoration. Degradation before: 0.000000004741024. After: 0.000000000000060
Performing precision restoration. Degradation before: 0.067749041721481. After: 0.000000000000178
MalformedBasisException caught!
Performing precision restoration. Degradation before: 0.002826383020852. After: 0.000000000000066
Performing precision restoration. Degradation before: 0.000025407955533. After: 0.000000000000316
Performing precision restoration. Degradation before: 0.000006398509731. After: 0.000000000002457
Performing precision restoration. Degradation before: 0.000142218436604. After: 0.000000000000236
Performing precision restoration. Degradation before: 0.002801090594879. After: 0.000000000000243


Engine: quitting due to timeout...

Final statistics:

11:59:54 Statistics update:
	--- Time Statistics ---
	Total time elapsed: 3600014 milli (01:00:00)
		Main loop: 3598625 milli (00:59:58)
		Preprocessing time: 32 milli (00:00:00)
		Unknown: 1356 milli (00:00:01)
	Breakdown for main loop:
		[54.39%] Simplex steps: 1957245 milli
		[27.37%] Explicit-basis bound tightening: 984916 milli
		[0.00%] Constraint-matrix bound tightening: 0 milli
		[0.19%] Degradation checking: 6891 milli
		[0.01%] Precision restoration: 184 milli
		[0.12%] Statistics handling: 4318 milli
		[0.00%] Constraint-fixing steps: 0 milli
		[0.07%] Valid case splits: 2633 milli. Average per split: 0.00 milli
		[0.01%] Applying stored bound-tightening: 478 milli
		[1.36%] SMT core: 49038 milli
		[11.42%] Symbolic Bound Tightening: 411014 milli
		[30.63%] SoI-based local search: 1102209 milli
		[0.00%] SoI-based local search: 0 milli
		[5.05%] Unaccounted for: 181905 milli
	--- Preprocessor Statistics ---
	Number of preprocessor bound-tightening loop iterations: 8
	Number of eliminated variables: 0
	Number of constraints removed due to variable elimination: 0
	Number of equations removed due to variable elimination: 0
	--- Engine Statistics ---
	Number of main loop iterations: 3957590
		3870118 iterations were simplex steps. Total time: 1957245 milli. Average: 0.51 milli.
		0 iterations were constraint-fixing steps. Total time: 0 milli. Average: 0.00 milli
	Number of active piecewise-linear constraints: 74 / 300
		Constraints disabled by valid splits: 165. By SMT-originated splits: 61
	Last reported degradation: 0.0000000000. Max degradation so far: 0.0672682659. Restorations so far: 23
	Number of simplex pivots we attempted to skip because of instability: 663.
	Unstable pivots performed anyway: 3
	--- Tableau Statistics ---
	Total number of pivots performed: 3547495
		Real pivots: 3539563. Degenerate: 7932 (0.22%)
		Degenerate pivots by request (e.g., to fix a PL constraint): 0 (0.00%)
		Average time per pivot: 0.06 milli
	Total number of fake pivots performed: 102634
	Total number of rows added: 0. Number of merged columns: 0
	Current tableau dimensions: M = 604, N = 1518
	--- SMT Core Statistics ---
	Total depth is 65. Total visited states: 74155. Number of splits: 37110. Number of pops: 37044
	Max stack depth: 96
	--- Bound Tightening Statistics ---
	Number of tightened bounds: 7821775.
		Number of rows examined by row tightener: 3547495. Consequent tightenings: 634238
		Number of explicit basis matrices examined by row tightener: 27379. Consequent tightenings: 1663130
		Number of bound tightening rounds on the entire constraint matrix: 0. Consequent tightenings: 0
		Number of bound notifications sent to PL constraints: 17706856. Tightenings proposed: 0
	--- Basis Factorization statistics ---
	Number of basis refactorizations: 30516
	--- Projected Steepest Edge Statistics ---
	Number of iterations: 3650789.
	Number of resets to reference space: 37309. Avg. iterations per reset: 97
	--- SBT ---
	Number of tightened bounds: 7752678
	--- SoI-based local search ---
	Number of proposed phase pattern update: 44854. Number of accepted update: 72843 [162.40%]
	Total time (% of local search time) updating SoI phase pattern : 5278103 milli [0.48%]
	Total time obtaining current assignment: 14747690 milli [1.34%]
	Total time getting SoI phase pattern : 2929610 milli [0.08%]
	--- Context dependent statistics ---
	Number of pushes / pops: 74161 / 74096
		[0.05%] Pre-Push hook: 1659 milli
		[0.00%] Push : 0 milli
		[0.05%] Post-Pop hook: 1683 milli
		[0.03%] Pop : 1202 milli
		[0.13%] Total context-switching time: 4545 milli
	--- Proof Certificate ---
	Number of certified leaves: 0
	Number of leaves to delegate: 0
	Number of lemmas: 0
Timeout
end run time: 11:59:54
DQN: Done solving. Time : 3600036 milli. 

start run time: 11:59:54
Network: /cs/labs/guykatz/maya.swisa/elbit/20_8/Marabou/resources/nnet/acasxu/ACASXU_experimental_v2a_1_1.nnet
Number of layers: 8. Input layer size: 5. Output layer size: 5. Number of ReLUs: 300
Total number of variables: 610
Property: /cs/labs/guykatz/maya.swisa/elbit/PROPERTY_1_08091/ex_0028_label_0/eps03.txt

Engine::processInputQuery: Input query (before preprocessing): 309 equations, 610 variables
Engine::processInputQuery: Input query (after preprocessing): 604 equations, 914 variables


Engine::solve: Initial statistics

11:59:54 Statistics update:
	--- Time Statistics ---
	Total time elapsed: 63 milli (00:00:00)
		Main loop: 0 milli (00:00:00)
		Preprocessing time: 28 milli (00:00:00)
		Unknown: 34 milli (00:00:00)
	Breakdown for main loop:
		[0.00%] Simplex steps: 0 milli
		[0.00%] Explicit-basis bound tightening: 0 milli
		[0.00%] Constraint-matrix bound tightening: 0 milli
		[0.00%] Degradation checking: 0 milli
		[0.00%] Precision restoration: 0 milli
		[0.00%] Statistics handling: 0 milli
		[0.00%] Constraint-fixing steps: 0 milli
		[0.00%] Valid case splits: 1 milli. Average per split: 0.00 milli
		[0.00%] Applying stored bound-tightening: 0 milli
		[0.00%] SMT core: 0 milli
		[0.00%] Symbolic Bound Tightening: 5 milli
		[0.00%] SoI-based local search: 0 milli
		[0.00%] SoI-based local search: 0 milli
		[0.00%] Unaccounted for: 0 milli
	--- Preprocessor Statistics ---
	Number of preprocessor bound-tightening loop iterations: 8
	Number of eliminated variables: 0
	Number of constraints removed due to variable elimination: 0
	Number of equations removed due to variable elimination: 0
	--- Engine Statistics ---
	Number of main loop iterations: 1
		0 iterations were simplex steps. Total time: 0 milli. Average: 0.00 milli.
		0 iterations were constraint-fixing steps. Total time: 0 milli. Average: 0.00 milli
	Number of active piecewise-linear constraints: 202 / 300
		Constraints disabled by valid splits: 98. By SMT-originated splits: 0
	Last reported degradation: 0.0000000000. Max degradation so far: 0.0000000000. Restorations so far: 0
	Number of simplex pivots we attempted to skip because of instability: 0.
	Unstable pivots performed anyway: 0
	--- Tableau Statistics ---
	Total number of pivots performed: 0
		Real pivots: 0. Degenerate: 0 (0.00%)
		Degenerate pivots by request (e.g., to fix a PL constraint): 0 (0.00%)
		Average time per pivot: 0.00 milli
	Total number of fake pivots performed: 0
	Total number of rows added: 0. Number of merged columns: 0
	Current tableau dimensions: M = 604, N = 1518
	--- SMT Core Statistics ---
	Total depth is 0. Total visited states: 1. Number of splits: 0. Number of pops: 0
	Max stack depth: 0
	--- Bound Tightening Statistics ---
	Number of tightened bounds: 0.
		Number of rows examined by row tightener: 0. Consequent tightenings: 0
		Number of explicit basis matrices examined by row tightener: 0. Consequent tightenings: 0
		Number of bound tightening rounds on the entire constraint matrix: 0. Consequent tightenings: 0
		Number of bound notifications sent to PL constraints: 1800. Tightenings proposed: 0
	--- Basis Factorization statistics ---
	Number of basis refactorizations: 2
	--- Projected Steepest Edge Statistics ---
	Number of iterations: 0.
	Number of resets to reference space: 1. Avg. iterations per reset: 0
	--- SBT ---
	Number of tightened bounds: 728
	--- SoI-based local search ---
	Number of proposed phase pattern update: 0. Number of accepted update: 0 [0.00%]
	Total time (% of local search time) updating SoI phase pattern : 0 milli [0.00%]
	Total time obtaining current assignment: 0 milli [0.00%]
	Total time getting SoI phase pattern : 0 milli [0.00%]
	--- Context dependent statistics ---
	Number of pushes / pops: 0 / 0
		[0.00%] Pre-Push hook: 0 milli
		[0.00%] Push : 0 milli
		[0.00%] Post-Pop hook: 0 milli
		[0.00%] Pop : 0 milli
		[0.00%] Total context-switching time: 0 milli
	--- Proof Certificate ---
	Number of certified leaves: 0
	Number of leaves to delegate: 0
	Number of lemmas: 0

---
start solving without an agent
Performing precision restoration. Degradation before: 0.004127444103482. After: 0.000000000001911
Performing precision restoration. Degradation before: 0.000118114017565. After: 0.000000000000872
Performing precision restoration. Degradation before: 0.001881869238041. After: 0.000000000000658
Performing precision restoration. Degradation before: 0.004982256663511. After: 0.000000000000260
High degradation found!
Performing precision restoration. Degradation before: 0.103694398782998. After: 0.000000000000190
Performing precision restoration. Degradation before: 0.000426203796854. After: 0.000000000001842
Performing precision restoration. Degradation before: 0.000178304258279. After: 0.000000000000453
Performing precision restoration. Degradation before: 0.004235819294468. After: 0.000000000000958
Performing precision restoration. Degradation before: 0.004724628524276. After: 0.000000000001655
Performing precision restoration. Degradation before: 0.000958173624590. After: 0.000000000000396
High degradation found!
Performing precision restoration. Degradation before: 0.100582360342120. After: 0.000000000000293
Performing precision restoration. Degradation before: 0.012862179621259. After: 0.000000000000208


Engine: quitting due to timeout...

Final statistics:

12:59:54 Statistics update:
	--- Time Statistics ---
	Total time elapsed: 3600000 milli (01:00:00)
		Main loop: 3598506 milli (00:59:58)
		Preprocessing time: 28 milli (00:00:00)
		Unknown: 1465 milli (00:00:01)
	Breakdown for main loop:
		[55.76%] Simplex steps: 2006364 milli
		[27.77%] Explicit-basis bound tightening: 999214 milli
		[0.00%] Constraint-matrix bound tightening: 0 milli
		[0.19%] Degradation checking: 6881 milli
		[0.00%] Precision restoration: 90 milli
		[0.12%] Statistics handling: 4411 milli
		[0.00%] Constraint-fixing steps: 0 milli
		[0.09%] Valid case splits: 3183 milli. Average per split: 0.00 milli
		[0.01%] Applying stored bound-tightening: 397 milli
		[1.03%] SMT core: 37087 milli
		[10.62%] Symbolic Bound Tightening: 382121 milli
		[32.32%] SoI-based local search: 1163085 milli
		[0.00%] SoI-based local search: 0 milli
		[4.41%] Unaccounted for: 158752 milli
	--- Preprocessor Statistics ---
	Number of preprocessor bound-tightening loop iterations: 8
	Number of eliminated variables: 0
	Number of constraints removed due to variable elimination: 0
	Number of equations removed due to variable elimination: 0
	--- Engine Statistics ---
	Number of main loop iterations: 4213274
		4132517 iterations were simplex steps. Total time: 2006364 milli. Average: 0.49 milli.
		0 iterations were constraint-fixing steps. Total time: 0 milli. Average: 0.00 milli
	Number of active piecewise-linear constraints: 83 / 300
		Constraints disabled by valid splits: 150. By SMT-originated splits: 67
	Last reported degradation: 0.0000000000. Max degradation so far: 0.1036943988. Restorations so far: 12
	Number of simplex pivots we attempted to skip because of instability: 1013.
	Unstable pivots performed anyway: 6
	--- Tableau Statistics ---
	Total number of pivots performed: 3796802
		Real pivots: 3788429. Degenerate: 8373 (0.22%)
		Degenerate pivots by request (e.g., to fix a PL constraint): 0 (0.00%)
		Average time per pivot: 0.06 milli
	Total number of fake pivots performed: 137089
	Total number of rows added: 0. Number of merged columns: 0
	Current tableau dimensions: M = 604, N = 1518
	--- SMT Core Statistics ---
	Total depth is 71. Total visited states: 67900. Number of splits: 33980. Number of pops: 33919
	Max stack depth: 101
	--- Bound Tightening Statistics ---
	Number of tightened bounds: 7113327.
		Number of rows examined by row tightener: 3796802. Consequent tightenings: 723207
		Number of explicit basis matrices examined by row tightener: 30182. Consequent tightenings: 1974132
		Number of bound tightening rounds on the entire constraint matrix: 0. Consequent tightenings: 0
		Number of bound notifications sent to PL constraints: 16922349. Tightenings proposed: 0
	--- Basis Factorization statistics ---
	Number of basis refactorizations: 33971
	--- Projected Steepest Edge Statistics ---
	Number of iterations: 3934898.
	Number of resets to reference space: 34088. Avg. iterations per reset: 115
	--- SBT ---
	Number of tightened bounds: 7077623
	--- SoI-based local search ---
	Number of proposed phase pattern update: 40643. Number of accepted update: 66763 [164.27%]
	Total time (% of local search time) updating SoI phase pattern : 4470208 milli [0.38%]
	Total time obtaining current assignment: 10816714 milli [0.93%]
	Total time getting SoI phase pattern : 2610413 milli [0.07%]
	--- Context dependent statistics ---
	Number of pushes / pops: 67900 / 67829
		[0.03%] Pre-Push hook: 1207 milli
		[0.00%] Push : 0 milli
		[0.04%] Post-Pop hook: 1418 milli
		[0.03%] Pop : 939 milli
		[0.10%] Total context-switching time: 3565 milli
	--- Proof Certificate ---
	Number of certified leaves: 0
	Number of leaves to delegate: 0
	Number of lemmas: 0
Timeout
end run time: 12:59:54
DQN: Done solving. Time : 3600023 milli. 

