[] ex=acas_property_2.txt net=ACASXU_experimental_v2a_4_3.onnx …
[74] processing acas_property_2.txt …
start run time: 14:30:11
Network: /cs/labs/guykatz/maya.swisa/elbit/20_8/Marabou/resources/onnx/acasxu/ACASXU_experimental_v2a_4_3.onnx
Property: /cs/labs/guykatz/maya.swisa/elbit/20_8/Marabou/resources/properties/acas_property_2.txt

Engine::processInputQuery: Input query (before preprocessing): 314 equations, 615 variables
Engine::processInputQuery: Input query (after preprocessing): 604 equations, 919 variables


Engine::solve: Initial statistics

14:30:11 Statistics update:
	--- Time Statistics ---
	Total time elapsed: 119 milli (00:00:00)
		Main loop: 0 milli (00:00:00)
		Preprocessing time: 76 milli (00:00:00)
		Unknown: 42 milli (00:00:00)
	Breakdown for main loop:
		[0.00%] Simplex steps: 0 milli
		[0.00%] Explicit-basis bound tightening: 0 milli
		[0.00%] Constraint-matrix bound tightening: 0 milli
		[0.00%] Degradation checking: 0 milli
		[0.00%] Precision restoration: 0 milli
		[0.00%] Statistics handling: 0 milli
		[0.00%] Constraint-fixing steps: 0 milli
		[0.00%] Valid case splits: 1 milli. Average per split: 0.00 milli
		[0.00%] Applying stored bound-tightening: 0 milli
		[0.00%] SMT core: 0 milli
		[0.00%] Symbolic Bound Tightening: 13 milli
		[0.00%] SoI-based local search: 0 milli
		[0.00%] SoI-based local search: 0 milli
		[0.00%] Unaccounted for: 0 milli
	--- Preprocessor Statistics ---
	Number of preprocessor bound-tightening loop iterations: 8
	Number of eliminated variables: 0
	Number of constraints removed due to variable elimination: 0
	Number of equations removed due to variable elimination: 0
	--- Engine Statistics ---
	Number of main loop iterations: 1
		0 iterations were simplex steps. Total time: 0 milli. Average: 0.00 milli.
		0 iterations were constraint-fixing steps. Total time: 0 milli. Average: 0.00 milli
	Number of active piecewise-linear constraints: 258 / 300
		Constraints disabled by valid splits: 42. By SMT-originated splits: 0
	Last reported degradation: 0.0000000000. Max degradation so far: 0.0000000000. Restorations so far: 0
	Number of simplex pivots we attempted to skip because of instability: 0.
	Unstable pivots performed anyway: 0
	--- Tableau Statistics ---
	Total number of pivots performed: 0
		Real pivots: 0. Degenerate: 0 (0.00%)
		Degenerate pivots by request (e.g., to fix a PL constraint): 0 (0.00%)
		Average time per pivot: 0.00 milli
	Total number of fake pivots performed: 0
	Total number of rows added: 0. Number of merged columns: 0
	Current tableau dimensions: M = 604, N = 1523
	--- SMT Core Statistics ---
	Total depth is 0. Total visited states: 1. Number of splits: 0. Number of pops: 0
	Max stack depth: 0
	--- Bound Tightening Statistics ---
	Number of tightened bounds: 0.
		Number of rows examined by row tightener: 0. Consequent tightenings: 0
		Number of explicit basis matrices examined by row tightener: 0. Consequent tightenings: 0
		Number of bound tightening rounds on the entire constraint matrix: 0. Consequent tightenings: 0
		Number of bound notifications sent to PL constraints: 1800. Tightenings proposed: 0
	--- Basis Factorization statistics ---
	Number of basis refactorizations: 2
	--- Projected Steepest Edge Statistics ---
	Number of iterations: 0.
	Number of resets to reference space: 1. Avg. iterations per reset: 0
	--- SBT ---
	Number of tightened bounds: 747
	--- SoI-based local search ---
	Number of proposed phase pattern update: 0. Number of accepted update: 0 [0.00%]
	Total time (% of local search time) updating SoI phase pattern : 0 milli [0.00%]
	Total time obtaining current assignment: 0 milli [0.00%]
	Total time getting SoI phase pattern : 0 milli [0.00%]
	--- Context dependent statistics ---
	Number of pushes / pops: 0 / 0
		[0.00%] Pre-Push hook: 0 milli
		[0.00%] Push : 0 milli
		[0.00%] Post-Pop hook: 0 milli
		[0.00%] Pop : 0 milli
		[0.00%] Total context-switching time: 0 milli
	--- Proof Certificate ---
	Number of certified leaves: 0
	Number of leaves to delegate: 0
	Number of lemmas: 0

---
start solving without an agent

Engine::solve: sat assignment found

14:34:58 Statistics update:
	--- Time Statistics ---
	Total time elapsed: 286953 milli (00:04:46)
		Main loop: 286803 milli (00:04:46)
		Preprocessing time: 76 milli (00:00:00)
		Unknown: 72 milli (00:00:00)
	Breakdown for main loop:
		[35.20%] Simplex steps: 100945 milli
		[10.26%] Explicit-basis bound tightening: 29412 milli
		[0.00%] Constraint-matrix bound tightening: 0 milli
		[0.16%] Degradation checking: 447 milli
		[0.00%] Precision restoration: 0 milli
		[0.13%] Statistics handling: 365 milli
		[0.00%] Constraint-fixing steps: 0 milli
		[0.62%] Valid case splits: 1776 milli. Average per split: 0.00 milli
		[0.08%] Applying stored bound-tightening: 216 milli
		[3.03%] SMT core: 8684 milli
		[42.34%] Symbolic Bound Tightening: 121425 milli
		[26.61%] SoI-based local search: 76309 milli
		[0.00%] SoI-based local search: 0 milli
		[8.20%] Unaccounted for: 23531 milli
	--- Preprocessor Statistics ---
	Number of preprocessor bound-tightening loop iterations: 8
	Number of eliminated variables: 0
	Number of constraints removed due to variable elimination: 0
	Number of equations removed due to variable elimination: 0
	--- Engine Statistics ---
	Number of main loop iterations: 128070
		117705 iterations were simplex steps. Total time: 100945 milli. Average: 0.86 milli.
		0 iterations were constraint-fixing steps. Total time: 0 milli. Average: 0.00 milli
	Number of active piecewise-linear constraints: 147 / 300
		Constraints disabled by valid splits: 139. By SMT-originated splits: 14
	Last reported degradation: 0.0000000005. Max degradation so far: 0.0000004339. Restorations so far: 0
	Number of simplex pivots we attempted to skip because of instability: 2.
	Unstable pivots performed anyway: 0
	--- Tableau Statistics ---
	Total number of pivots performed: 87082
		Real pivots: 86562. Degenerate: 520 (0.60%)
		Degenerate pivots by request (e.g., to fix a PL constraint): 0 (0.00%)
		Average time per pivot: 0.10 milli
	Total number of fake pivots performed: 7542
	Total number of rows added: 0. Number of merged columns: 0
	Current tableau dimensions: M = 604, N = 1523
	--- SMT Core Statistics ---
	Total depth is 18. Total visited states: 8275. Number of splits: 4144. Number of pops: 4130
	Max stack depth: 76
	--- Bound Tightening Statistics ---
	Number of tightened bounds: 1799974.
		Number of rows examined by row tightener: 87082. Consequent tightenings: 20977
		Number of explicit basis matrices examined by row tightener: 1246. Consequent tightenings: 278876
		Number of bound tightening rounds on the entire constraint matrix: 0. Consequent tightenings: 0
		Number of bound notifications sent to PL constraints: 3206289. Tightenings proposed: 0
	--- Basis Factorization statistics ---
	Number of basis refactorizations: 716
	--- Projected Steepest Edge Statistics ---
	Number of iterations: 94626.
	Number of resets to reference space: 4135. Avg. iterations per reset: 22
	--- SBT ---
	Number of tightened bounds: 1800721
	--- SoI-based local search ---
	Number of proposed phase pattern update: 5814. Number of accepted update: 7704 [132.51%]
	Total time (% of local search time) updating SoI phase pattern : 994624 milli [1.30%]
	Total time obtaining current assignment: 3354255 milli [4.40%]
	Total time getting SoI phase pattern : 425796 milli [0.15%]
	--- Context dependent statistics ---
	Number of pushes / pops: 8277 / 8259
		[0.14%] Pre-Push hook: 411 milli
		[0.00%] Push : 0 milli
		[0.15%] Post-Pop hook: 420 milli
		[0.12%] Pop : 344 milli
		[0.41%] Total context-switching time: 1176 milli
	--- Proof Certificate ---
	Number of certified leaves: 0
	Number of leaves to delegate: 0
	Number of lemmas: 0
sat
Input assignment:
	x0 = 0.614845
	x1 = -0.004544
	x2 = -0.425162
	x3 = 0.450000
	x4 = -0.485417

Output:
	y0 = 0.024856
	y1 = -0.021370
	y2 = 0.020477
	y3 = -0.017785
	y4 = 0.020103

end run time: 14:34:58
