[] ex=acas_property_1.txt net=ACASXU_experimental_v2a_1_5.onnx …
[4] processing acas_property_1.txt …
start run time: 14:37:26
Network: /cs/labs/guykatz/maya.swisa/elbit/20_8/Marabou/resources/onnx/acasxu/ACASXU_experimental_v2a_1_5.onnx
Property: /cs/labs/guykatz/maya.swisa/elbit/20_8/Marabou/resources/properties/acas_property_1.txt

Engine::processInputQuery: Input query (before preprocessing): 310 equations, 615 variables
Engine::processInputQuery: Input query (after preprocessing): 605 equations, 915 variables


Engine::solve: Initial statistics

14:37:26 Statistics update:
	--- Time Statistics ---
	Total time elapsed: 116 milli (00:00:00)
		Main loop: 0 milli (00:00:00)
		Preprocessing time: 73 milli (00:00:00)
		Unknown: 42 milli (00:00:00)
	Breakdown for main loop:
		[0.00%] Simplex steps: 0 milli
		[0.00%] Explicit-basis bound tightening: 0 milli
		[0.00%] Constraint-matrix bound tightening: 0 milli
		[0.00%] Degradation checking: 0 milli
		[0.00%] Precision restoration: 0 milli
		[0.00%] Statistics handling: 0 milli
		[0.00%] Constraint-fixing steps: 0 milli
		[0.00%] Valid case splits: 1 milli. Average per split: 0.00 milli
		[0.00%] Applying stored bound-tightening: 0 milli
		[0.00%] SMT core: 0 milli
		[0.00%] Symbolic Bound Tightening: 12 milli
		[0.00%] SoI-based local search: 0 milli
		[0.00%] SoI-based local search: 0 milli
		[0.00%] Unaccounted for: 0 milli
	--- Preprocessor Statistics ---
	Number of preprocessor bound-tightening loop iterations: 8
	Number of eliminated variables: 0
	Number of constraints removed due to variable elimination: 0
	Number of equations removed due to variable elimination: 0
	--- Engine Statistics ---
	Number of main loop iterations: 1
		0 iterations were simplex steps. Total time: 0 milli. Average: 0.00 milli.
		0 iterations were constraint-fixing steps. Total time: 0 milli. Average: 0.00 milli
	Number of active piecewise-linear constraints: 252 / 300
		Constraints disabled by valid splits: 48. By SMT-originated splits: 0
	Last reported degradation: 0.0000000000. Max degradation so far: 0.0000000000. Restorations so far: 0
	Number of simplex pivots we attempted to skip because of instability: 0.
	Unstable pivots performed anyway: 0
	--- Tableau Statistics ---
	Total number of pivots performed: 0
		Real pivots: 0. Degenerate: 0 (0.00%)
		Degenerate pivots by request (e.g., to fix a PL constraint): 0 (0.00%)
		Average time per pivot: 0.00 milli
	Total number of fake pivots performed: 0
	Total number of rows added: 0. Number of merged columns: 0
	Current tableau dimensions: M = 605, N = 1520
	--- SMT Core Statistics ---
	Total depth is 0. Total visited states: 1. Number of splits: 0. Number of pops: 0
	Max stack depth: 0
	--- Bound Tightening Statistics ---
	Number of tightened bounds: 0.
		Number of rows examined by row tightener: 0. Consequent tightenings: 0
		Number of explicit basis matrices examined by row tightener: 0. Consequent tightenings: 0
		Number of bound tightening rounds on the entire constraint matrix: 0. Consequent tightenings: 0
		Number of bound notifications sent to PL constraints: 1800. Tightenings proposed: 0
	--- Basis Factorization statistics ---
	Number of basis refactorizations: 2
	--- Projected Steepest Edge Statistics ---
	Number of iterations: 0.
	Number of resets to reference space: 1. Avg. iterations per reset: 0
	--- SBT ---
	Number of tightened bounds: 745
	--- SoI-based local search ---
	Number of proposed phase pattern update: 0. Number of accepted update: 0 [0.00%]
	Total time (% of local search time) updating SoI phase pattern : 0 milli [0.00%]
	Total time obtaining current assignment: 0 milli [0.00%]
	Total time getting SoI phase pattern : 0 milli [0.00%]
	--- Context dependent statistics ---
	Number of pushes / pops: 0 / 0
		[0.00%] Pre-Push hook: 0 milli
		[0.00%] Push : 0 milli
		[0.00%] Post-Pop hook: 0 milli
		[0.00%] Pop : 0 milli
		[0.00%] Total context-switching time: 0 milli
	--- Proof Certificate ---
	Number of certified leaves: 0
	Number of leaves to delegate: 0
	Number of lemmas: 0

---
start solving without an agent
Performing precision restoration. Degradation before: 0.000215748352235. After: 0.000000000000230
Performing precision restoration. Degradation before: 0.007426604916907. After: 0.000000000000181
MalformedBasisException caught!
Performing precision restoration. Degradation before: 0.000003219313213. After: 0.000000000000023
Performing precision restoration. Degradation before: 0.003118302002191. After: 0.000000000000447
High degradation found!
Performing precision restoration. Degradation before: 0.100238306597082. After: 0.000000000000907
Performing precision restoration. Degradation before: 0.002526066404056. After: 0.000000000000409


Engine: quitting due to timeout...

Final statistics:

15:37:26 Statistics update:
	--- Time Statistics ---
	Total time elapsed: 3600050 milli (01:00:00)
		Main loop: 3599319 milli (00:59:59)
		Preprocessing time: 73 milli (00:00:00)
		Unknown: 658 milli (00:00:00)
	Breakdown for main loop:
		[69.10%] Simplex steps: 2486984 milli
		[14.51%] Explicit-basis bound tightening: 522183 milli
		[0.00%] Constraint-matrix bound tightening: 0 milli
		[0.23%] Degradation checking: 8190 milli
		[0.00%] Precision restoration: 104 milli
		[0.20%] Statistics handling: 7368 milli
		[0.00%] Constraint-fixing steps: 0 milli
		[0.06%] Valid case splits: 2316 milli. Average per split: 0.00 milli
		[0.01%] Applying stored bound-tightening: 520 milli
		[1.15%] SMT core: 41458 milli
		[12.29%] Symbolic Bound Tightening: 442441 milli
		[51.08%] SoI-based local search: 1838463 milli
		[0.00%] SoI-based local search: 0 milli
		[2.44%] Unaccounted for: 87752 milli
	--- Preprocessor Statistics ---
	Number of preprocessor bound-tightening loop iterations: 8
	Number of eliminated variables: 0
	Number of constraints removed due to variable elimination: 0
	Number of equations removed due to variable elimination: 0
	--- Engine Statistics ---
	Number of main loop iterations: 2409895
		2357325 iterations were simplex steps. Total time: 2486984 milli. Average: 1.06 milli.
		0 iterations were constraint-fixing steps. Total time: 0 milli. Average: 0.00 milli
	Number of active piecewise-linear constraints: 125 / 300
		Constraints disabled by valid splits: 126. By SMT-originated splits: 49
	Last reported degradation: 0.0000000014. Max degradation so far: 0.1002383066. Restorations so far: 6
	Number of simplex pivots we attempted to skip because of instability: 1584.
	Unstable pivots performed anyway: 43
	--- Tableau Statistics ---
	Total number of pivots performed: 2157041
		Real pivots: 2153183. Degenerate: 3858 (0.18%)
		Degenerate pivots by request (e.g., to fix a PL constraint): 0 (0.00%)
		Average time per pivot: 0.15 milli
	Total number of fake pivots performed: 111215
	Total number of rows added: 0. Number of merged columns: 0
	Current tableau dimensions: M = 605, N = 1520
	--- SMT Core Statistics ---
	Total depth is 53. Total visited states: 37649. Number of splits: 18846. Number of pops: 18802
	Max stack depth: 68
	--- Bound Tightening Statistics ---
	Number of tightened bounds: 5437543.
		Number of rows examined by row tightener: 2157041. Consequent tightenings: 172807
		Number of explicit basis matrices examined by row tightener: 12099. Consequent tightenings: 425672
		Number of bound tightening rounds on the entire constraint matrix: 0. Consequent tightenings: 0
		Number of bound notifications sent to PL constraints: 10005864. Tightenings proposed: 0
	--- Basis Factorization statistics ---
	Number of basis refactorizations: 19353
	--- Projected Steepest Edge Statistics ---
	Number of iterations: 2269797.
	Number of resets to reference space: 18914. Avg. iterations per reset: 120
	--- SBT ---
	Number of tightened bounds: 5420048
	--- SoI-based local search ---
	Number of proposed phase pattern update: 20694. Number of accepted update: 37492 [181.17%]
	Total time (% of local search time) updating SoI phase pattern : 5998178 milli [0.33%]
	Total time obtaining current assignment: 12436565 milli [0.68%]
	Total time getting SoI phase pattern : 3912056 milli [0.11%]
	--- Context dependent statistics ---
	Number of pushes / pops: 37648 / 37595
		[0.05%] Pre-Push hook: 1687 milli
		[0.00%] Push : 1 milli
		[0.06%] Post-Pop hook: 2226 milli
		[0.04%] Pop : 1284 milli
		[0.14%] Total context-switching time: 5199 milli
	--- Proof Certificate ---
	Number of certified leaves: 0
	Number of leaves to delegate: 0
	Number of lemmas: 0
Timeout
end run time: 15:37:26
