[] ex=acas_property_1.txt net=ACASXU_experimental_v2a_2_6.onnx …
[14] processing acas_property_1.txt …
start run time: 14:13:18
Network: /cs/labs/guykatz/maya.swisa/elbit/20_8/Marabou/resources/onnx/acasxu/ACASXU_experimental_v2a_2_6.onnx
Property: /cs/labs/guykatz/maya.swisa/elbit/20_8/Marabou/resources/properties/acas_property_1.txt

Engine::processInputQuery: Input query (before preprocessing): 310 equations, 615 variables
Engine::processInputQuery: Input query (after preprocessing): 605 equations, 915 variables


Engine::solve: Initial statistics

14:13:18 Statistics update:
	--- Time Statistics ---
	Total time elapsed: 79 milli (00:00:00)
		Main loop: 0 milli (00:00:00)
		Preprocessing time: 49 milli (00:00:00)
		Unknown: 30 milli (00:00:00)
	Breakdown for main loop:
		[0.00%] Simplex steps: 0 milli
		[0.00%] Explicit-basis bound tightening: 0 milli
		[0.00%] Constraint-matrix bound tightening: 0 milli
		[0.00%] Degradation checking: 0 milli
		[0.00%] Precision restoration: 0 milli
		[0.00%] Statistics handling: 0 milli
		[0.00%] Constraint-fixing steps: 0 milli
		[0.00%] Valid case splits: 0 milli. Average per split: 0.00 milli
		[0.00%] Applying stored bound-tightening: 0 milli
		[0.00%] SMT core: 0 milli
		[0.00%] Symbolic Bound Tightening: 6 milli
		[0.00%] SoI-based local search: 0 milli
		[0.00%] SoI-based local search: 0 milli
		[0.00%] Unaccounted for: 0 milli
	--- Preprocessor Statistics ---
	Number of preprocessor bound-tightening loop iterations: 9
	Number of eliminated variables: 0
	Number of constraints removed due to variable elimination: 0
	Number of equations removed due to variable elimination: 0
	--- Engine Statistics ---
	Number of main loop iterations: 1
		0 iterations were simplex steps. Total time: 0 milli. Average: 0.00 milli.
		0 iterations were constraint-fixing steps. Total time: 0 milli. Average: 0.00 milli
	Number of active piecewise-linear constraints: 274 / 300
		Constraints disabled by valid splits: 26. By SMT-originated splits: 0
	Last reported degradation: 0.0000000000. Max degradation so far: 0.0000000000. Restorations so far: 0
	Number of simplex pivots we attempted to skip because of instability: 0.
	Unstable pivots performed anyway: 0
	--- Tableau Statistics ---
	Total number of pivots performed: 0
		Real pivots: 0. Degenerate: 0 (0.00%)
		Degenerate pivots by request (e.g., to fix a PL constraint): 0 (0.00%)
		Average time per pivot: 0.00 milli
	Total number of fake pivots performed: 0
	Total number of rows added: 0. Number of merged columns: 0
	Current tableau dimensions: M = 605, N = 1520
	--- SMT Core Statistics ---
	Total depth is 0. Total visited states: 1. Number of splits: 0. Number of pops: 0
	Max stack depth: 0
	--- Bound Tightening Statistics ---
	Number of tightened bounds: 0.
		Number of rows examined by row tightener: 0. Consequent tightenings: 0
		Number of explicit basis matrices examined by row tightener: 0. Consequent tightenings: 0
		Number of bound tightening rounds on the entire constraint matrix: 0. Consequent tightenings: 0
		Number of bound notifications sent to PL constraints: 1800. Tightenings proposed: 0
	--- Basis Factorization statistics ---
	Number of basis refactorizations: 2
	--- Projected Steepest Edge Statistics ---
	Number of iterations: 0.
	Number of resets to reference space: 1. Avg. iterations per reset: 0
	--- SBT ---
	Number of tightened bounds: 758
	--- SoI-based local search ---
	Number of proposed phase pattern update: 0. Number of accepted update: 0 [0.00%]
	Total time (% of local search time) updating SoI phase pattern : 0 milli [0.00%]
	Total time obtaining current assignment: 0 milli [0.00%]
	Total time getting SoI phase pattern : 0 milli [0.00%]
	--- Context dependent statistics ---
	Number of pushes / pops: 0 / 0
		[0.00%] Pre-Push hook: 0 milli
		[0.00%] Push : 0 milli
		[0.00%] Post-Pop hook: 0 milli
		[0.00%] Pop : 0 milli
		[0.00%] Total context-switching time: 0 milli
	--- Proof Certificate ---
	Number of certified leaves: 0
	Number of leaves to delegate: 0
	Number of lemmas: 0

---
start solving without an agent
High degradation found!
Performing precision restoration. Degradation before: 0.100000485414612. After: 0.000000000002388


Engine: quitting due to timeout...

Final statistics:

15:28:08 Statistics update:
	--- Time Statistics ---
	Total time elapsed: 4490106 milli (01:14:50)
		Main loop: 4489886 milli (01:14:49)
		Preprocessing time: 49 milli (00:00:00)
		Unknown: 170 milli (00:00:00)
	Breakdown for main loop:
		[90.94%] Simplex steps: 4083259 milli
		[2.01%] Explicit-basis bound tightening: 90285 milli
		[0.00%] Constraint-matrix bound tightening: 0 milli
		[0.19%] Degradation checking: 8519 milli
		[0.00%] Precision restoration: 11 milli
		[0.08%] Statistics handling: 3746 milli
		[0.00%] Constraint-fixing steps: 0 milli
		[0.10%] Valid case splits: 4329 milli. Average per split: 0.00 milli
		[0.00%] Applying stored bound-tightening: 212 milli
		[0.39%] SMT core: 17648 milli
		[4.29%] Symbolic Bound Tightening: 192611 milli
		[7.31%] SoI-based local search: 328207 milli
		[0.00%] SoI-based local search: 0 milli
		[1.99%] Unaccounted for: 89261 milli
	--- Preprocessor Statistics ---
	Number of preprocessor bound-tightening loop iterations: 9
	Number of eliminated variables: 0
	Number of constraints removed due to variable elimination: 0
	Number of equations removed due to variable elimination: 0
	--- Engine Statistics ---
	Number of main loop iterations: 4288801
		4261456 iterations were simplex steps. Total time: 4083259 milli. Average: 0.96 milli.
		0 iterations were constraint-fixing steps. Total time: 0 milli. Average: 0.00 milli
	Number of active piecewise-linear constraints: 149 / 300
		Constraints disabled by valid splits: 131. By SMT-originated splits: 20
	Last reported degradation: 0.0000000000. Max degradation so far: 0.1000004854. Restorations so far: 1
	Number of simplex pivots we attempted to skip because of instability: 295.
	Unstable pivots performed anyway: 7
	--- Tableau Statistics ---
	Total number of pivots performed: 4072053
		Real pivots: 4070536. Degenerate: 1517 (0.04%)
		Degenerate pivots by request (e.g., to fix a PL constraint): 0 (0.00%)
		Average time per pivot: 0.03 milli
	Total number of fake pivots performed: 118920
	Total number of rows added: 0. Number of merged columns: 0
	Current tableau dimensions: M = 605, N = 1520
	--- SMT Core Statistics ---
	Total depth is 24. Total visited states: 21423. Number of splits: 10718. Number of pops: 10704
	Max stack depth: 90
	--- Bound Tightening Statistics ---
	Number of tightened bounds: 5137727.
		Number of rows examined by row tightener: 4072053. Consequent tightenings: 52090
		Number of explicit basis matrices examined by row tightener: 4600. Consequent tightenings: 1004214
		Number of bound tightening rounds on the entire constraint matrix: 0. Consequent tightenings: 0
		Number of bound notifications sent to PL constraints: 10507878. Tightenings proposed: 0
	--- Basis Factorization statistics ---
	Number of basis refactorizations: 5178
	--- Projected Steepest Edge Statistics ---
	Number of iterations: 4191261.
	Number of resets to reference space: 14165. Avg. iterations per reset: 295
	--- SBT ---
	Number of tightened bounds: 5135445
	--- SoI-based local search ---
	Number of proposed phase pattern update: 18667. Number of accepted update: 16389 [87.80%]
	Total time (% of local search time) updating SoI phase pattern : 1541592 milli [0.47%]
	Total time obtaining current assignment: 4876576 milli [1.49%]
	Total time getting SoI phase pattern : 1125462 milli [0.03%]
	--- Context dependent statistics ---
	Number of pushes / pops: 21422 / 21398
		[0.02%] Pre-Push hook: 769 milli
		[0.00%] Push : 0 milli
		[0.01%] Post-Pop hook: 538 milli
		[0.02%] Pop : 863 milli
		[0.05%] Total context-switching time: 2172 milli
	--- Proof Certificate ---
	Number of certified leaves: 0
	Number of leaves to delegate: 0
	Number of lemmas: 0
Timeout
end run time: 15:28:08
