[] ex=acas_property_1.txt net=ACASXU_experimental_v2a_2_3.onnx …
[11] processing acas_property_1.txt …
start run time: 14:26:56
Network: /cs/labs/guykatz/maya.swisa/elbit/20_8/Marabou/resources/onnx/acasxu/ACASXU_experimental_v2a_2_3.onnx
Property: /cs/labs/guykatz/maya.swisa/elbit/20_8/Marabou/resources/properties/acas_property_1.txt

Engine::processInputQuery: Input query (before preprocessing): 310 equations, 615 variables
Engine::processInputQuery: Input query (after preprocessing): 605 equations, 915 variables


Engine::solve: Initial statistics

14:26:56 Statistics update:
	--- Time Statistics ---
	Total time elapsed: 81 milli (00:00:00)
		Main loop: 0 milli (00:00:00)
		Preprocessing time: 48 milli (00:00:00)
		Unknown: 32 milli (00:00:00)
	Breakdown for main loop:
		[0.00%] Simplex steps: 0 milli
		[0.00%] Explicit-basis bound tightening: 0 milli
		[0.00%] Constraint-matrix bound tightening: 0 milli
		[0.00%] Degradation checking: 0 milli
		[0.00%] Precision restoration: 0 milli
		[0.00%] Statistics handling: 0 milli
		[0.00%] Constraint-fixing steps: 0 milli
		[0.00%] Valid case splits: 0 milli. Average per split: 0.00 milli
		[0.00%] Applying stored bound-tightening: 0 milli
		[0.00%] SMT core: 0 milli
		[0.00%] Symbolic Bound Tightening: 6 milli
		[0.00%] SoI-based local search: 0 milli
		[0.00%] SoI-based local search: 0 milli
		[0.00%] Unaccounted for: 0 milli
	--- Preprocessor Statistics ---
	Number of preprocessor bound-tightening loop iterations: 8
	Number of eliminated variables: 0
	Number of constraints removed due to variable elimination: 0
	Number of equations removed due to variable elimination: 0
	--- Engine Statistics ---
	Number of main loop iterations: 1
		0 iterations were simplex steps. Total time: 0 milli. Average: 0.00 milli.
		0 iterations were constraint-fixing steps. Total time: 0 milli. Average: 0.00 milli
	Number of active piecewise-linear constraints: 262 / 300
		Constraints disabled by valid splits: 38. By SMT-originated splits: 0
	Last reported degradation: 0.0000000000. Max degradation so far: 0.0000000000. Restorations so far: 0
	Number of simplex pivots we attempted to skip because of instability: 0.
	Unstable pivots performed anyway: 0
	--- Tableau Statistics ---
	Total number of pivots performed: 0
		Real pivots: 0. Degenerate: 0 (0.00%)
		Degenerate pivots by request (e.g., to fix a PL constraint): 0 (0.00%)
		Average time per pivot: 0.00 milli
	Total number of fake pivots performed: 0
	Total number of rows added: 0. Number of merged columns: 0
	Current tableau dimensions: M = 605, N = 1520
	--- SMT Core Statistics ---
	Total depth is 0. Total visited states: 1. Number of splits: 0. Number of pops: 0
	Max stack depth: 0
	--- Bound Tightening Statistics ---
	Number of tightened bounds: 0.
		Number of rows examined by row tightener: 0. Consequent tightenings: 0
		Number of explicit basis matrices examined by row tightener: 0. Consequent tightenings: 0
		Number of bound tightening rounds on the entire constraint matrix: 0. Consequent tightenings: 0
		Number of bound notifications sent to PL constraints: 1800. Tightenings proposed: 0
	--- Basis Factorization statistics ---
	Number of basis refactorizations: 2
	--- Projected Steepest Edge Statistics ---
	Number of iterations: 0.
	Number of resets to reference space: 1. Avg. iterations per reset: 0
	--- SBT ---
	Number of tightened bounds: 746
	--- SoI-based local search ---
	Number of proposed phase pattern update: 0. Number of accepted update: 0 [0.00%]
	Total time (% of local search time) updating SoI phase pattern : 0 milli [0.00%]
	Total time obtaining current assignment: 0 milli [0.00%]
	Total time getting SoI phase pattern : 0 milli [0.00%]
	--- Context dependent statistics ---
	Number of pushes / pops: 0 / 0
		[0.00%] Pre-Push hook: 0 milli
		[0.00%] Push : 0 milli
		[0.00%] Post-Pop hook: 0 milli
		[0.00%] Pop : 0 milli
		[0.00%] Total context-switching time: 0 milli
	--- Proof Certificate ---
	Number of certified leaves: 0
	Number of leaves to delegate: 0
	Number of lemmas: 0

---
start solving without an agent
Performing precision restoration. Degradation before: 0.000004782181849. After: 0.000000000000190

Engine::solve: unsat query

14:56:18 Statistics update:
	--- Time Statistics ---
	Total time elapsed: 1762365 milli (00:29:22)
		Main loop: 1761942 milli (00:29:21)
		Preprocessing time: 48 milli (00:00:00)
		Unknown: 374 milli (00:00:00)
	Breakdown for main loop:
		[58.14%] Simplex steps: 1024318 milli
		[13.82%] Explicit-basis bound tightening: 243476 milli
		[0.00%] Constraint-matrix bound tightening: 0 milli
		[0.21%] Degradation checking: 3701 milli
		[0.00%] Precision restoration: 10 milli
		[0.08%] Statistics handling: 1431 milli
		[0.00%] Constraint-fixing steps: 0 milli
		[0.52%] Valid case splits: 9234 milli. Average per split: 0.00 milli
		[0.02%] Applying stored bound-tightening: 336 milli
		[1.90%] SMT core: 33423 milli
		[19.99%] Symbolic Bound Tightening: 352235 milli
		[47.24%] SoI-based local search: 832364 milli
		[0.00%] SoI-based local search: 0 milli
		[5.32%] Unaccounted for: 93772 milli
	--- Preprocessor Statistics ---
	Number of preprocessor bound-tightening loop iterations: 8
	Number of eliminated variables: 0
	Number of constraints removed due to variable elimination: 0
	Number of equations removed due to variable elimination: 0
	--- Engine Statistics ---
	Number of main loop iterations: 1816725
		1761779 iterations were simplex steps. Total time: 1024318 milli. Average: 0.58 milli.
		0 iterations were constraint-fixing steps. Total time: 0 milli. Average: 0.00 milli
	Number of active piecewise-linear constraints: 121 / 300
		Constraints disabled by valid splits: 176. By SMT-originated splits: 3
	Last reported degradation: 0.0000000000. Max degradation so far: 0.0044026196. Restorations so far: 1
	Number of simplex pivots we attempted to skip because of instability: 74.
	Unstable pivots performed anyway: 0
	--- Tableau Statistics ---
	Total number of pivots performed: 1539264
		Real pivots: 1535864. Degenerate: 3400 (0.22%)
		Degenerate pivots by request (e.g., to fix a PL constraint): 0 (0.00%)
		Average time per pivot: 0.06 milli
	Total number of fake pivots performed: 113185
	Total number of rows added: 0. Number of merged columns: 0
	Current tableau dimensions: M = 605, N = 1520
	--- SMT Core Statistics ---
	Total depth is 7. Total visited states: 41029. Number of splits: 20514. Number of pops: 20514
	Max stack depth: 71
	--- Bound Tightening Statistics ---
	Number of tightened bounds: 11876574.
		Number of rows examined by row tightener: 1539264. Consequent tightenings: 64458
		Number of explicit basis matrices examined by row tightener: 9656. Consequent tightenings: 1646065
		Number of bound tightening rounds on the entire constraint matrix: 0. Consequent tightenings: 0
		Number of bound notifications sent to PL constraints: 23717865. Tightenings proposed: 0
	--- Basis Factorization statistics ---
	Number of basis refactorizations: 13455
	--- Projected Steepest Edge Statistics ---
	Number of iterations: 1652523.
	Number of resets to reference space: 20552. Avg. iterations per reset: 80
	--- SBT ---
	Number of tightened bounds: 11874280
	--- SoI-based local search ---
	Number of proposed phase pattern update: 26411. Number of accepted update: 38492 [145.74%]
	Total time (% of local search time) updating SoI phase pattern : 3076210 milli [0.37%]
	Total time obtaining current assignment: 7451326 milli [0.90%]
	Total time getting SoI phase pattern : 2192911 milli [0.12%]
	--- Context dependent statistics ---
	Number of pushes / pops: 41028 / 41028
		[0.08%] Pre-Push hook: 1345 milli
		[0.00%] Push : 0 milli
		[0.06%] Post-Pop hook: 1089 milli
		[0.10%] Pop : 1731 milli
		[0.24%] Total context-switching time: 4166 milli
	--- Proof Certificate ---
	Number of certified leaves: 0
	Number of leaves to delegate: 0
	Number of lemmas: 0
unsat
end run time: 14:56:18
