[18] processing ex_0019_label_0 …
start run time: 09:57:42
Network: /cs/labs/guykatz/maya.swisa/elbit/20_8/Marabou/resources/nnet/acasxu/ACASXU_experimental_v2a_1_1.nnet
Number of layers: 8. Input layer size: 5. Output layer size: 5. Number of ReLUs: 300
Total number of variables: 610
Property: /cs/labs/guykatz/maya.swisa/elbit/PROPERTY_1_08091/ex_0019_label_0/eps01.txt

Engine::processInputQuery: Input query (before preprocessing): 309 equations, 610 variables
Engine::processInputQuery: Input query (after preprocessing): 604 equations, 914 variables


Engine::solve: Initial statistics

09:57:42 Statistics update:
	--- Time Statistics ---
	Total time elapsed: 55 milli (00:00:00)
		Main loop: 0 milli (00:00:00)
		Preprocessing time: 39 milli (00:00:00)
		Unknown: 15 milli (00:00:00)
	Breakdown for main loop:
		[0.00%] Simplex steps: 0 milli
		[0.00%] Explicit-basis bound tightening: 0 milli
		[0.00%] Constraint-matrix bound tightening: 0 milli
		[0.00%] Degradation checking: 0 milli
		[0.00%] Precision restoration: 0 milli
		[0.00%] Statistics handling: 0 milli
		[0.00%] Constraint-fixing steps: 0 milli
		[0.00%] Valid case splits: 2 milli. Average per split: 0.00 milli
		[0.00%] Applying stored bound-tightening: 0 milli
		[0.00%] SMT core: 0 milli
		[0.00%] Symbolic Bound Tightening: 4 milli
		[0.00%] SoI-based local search: 0 milli
		[0.00%] SoI-based local search: 0 milli
		[0.00%] Unaccounted for: 0 milli
	--- Preprocessor Statistics ---
	Number of preprocessor bound-tightening loop iterations: 8
	Number of eliminated variables: 0
	Number of constraints removed due to variable elimination: 0
	Number of equations removed due to variable elimination: 0
	--- Engine Statistics ---
	Number of main loop iterations: 1
		0 iterations were simplex steps. Total time: 0 milli. Average: 0.00 milli.
		0 iterations were constraint-fixing steps. Total time: 0 milli. Average: 0.00 milli
	Number of active piecewise-linear constraints: 153 / 300
		Constraints disabled by valid splits: 147. By SMT-originated splits: 0
	Last reported degradation: 0.0000000000. Max degradation so far: 0.0000000000. Restorations so far: 0
	Number of simplex pivots we attempted to skip because of instability: 0.
	Unstable pivots performed anyway: 0
	--- Tableau Statistics ---
	Total number of pivots performed: 0
		Real pivots: 0. Degenerate: 0 (0.00%)
		Degenerate pivots by request (e.g., to fix a PL constraint): 0 (0.00%)
		Average time per pivot: 0.00 milli
	Total number of fake pivots performed: 0
	Total number of rows added: 0. Number of merged columns: 0
	Current tableau dimensions: M = 604, N = 1518
	--- SMT Core Statistics ---
	Total depth is 0. Total visited states: 1. Number of splits: 0. Number of pops: 0
	Max stack depth: 0
	--- Bound Tightening Statistics ---
	Number of tightened bounds: 0.
		Number of rows examined by row tightener: 0. Consequent tightenings: 0
		Number of explicit basis matrices examined by row tightener: 0. Consequent tightenings: 0
		Number of bound tightening rounds on the entire constraint matrix: 0. Consequent tightenings: 0
		Number of bound notifications sent to PL constraints: 1800. Tightenings proposed: 0
	--- Basis Factorization statistics ---
	Number of basis refactorizations: 2
	--- Projected Steepest Edge Statistics ---
	Number of iterations: 0.
	Number of resets to reference space: 1. Avg. iterations per reset: 0
	--- SBT ---
	Number of tightened bounds: 738
	--- SoI-based local search ---
	Number of proposed phase pattern update: 0. Number of accepted update: 0 [0.00%]
	Total time (% of local search time) updating SoI phase pattern : 0 milli [0.00%]
	Total time obtaining current assignment: 0 milli [0.00%]
	Total time getting SoI phase pattern : 0 milli [0.00%]
	--- Context dependent statistics ---
	Number of pushes / pops: 0 / 0
		[0.00%] Pre-Push hook: 0 milli
		[0.00%] Push : 0 milli
		[0.00%] Post-Pop hook: 0 milli
		[0.00%] Pop : 0 milli
		[0.00%] Total context-switching time: 0 milli
	--- Proof Certificate ---
	Number of certified leaves: 0
	Number of leaves to delegate: 0
	Number of lemmas: 0

---
start solving without an agent

Engine::solve: unsat query

09:57:47 Statistics update:
	--- Time Statistics ---
	Total time elapsed: 4904 milli (00:00:04)
		Main loop: 4847 milli (00:00:04)
		Preprocessing time: 39 milli (00:00:00)
		Unknown: 17 milli (00:00:00)
	Breakdown for main loop:
		[38.95%] Simplex steps: 1888 milli
		[14.10%] Explicit-basis bound tightening: 683 milli
		[0.00%] Constraint-matrix bound tightening: 0 milli
		[0.15%] Degradation checking: 7 milli
		[0.00%] Precision restoration: 0 milli
		[0.02%] Statistics handling: 0 milli
		[0.00%] Constraint-fixing steps: 0 milli
		[0.50%] Valid case splits: 24 milli. Average per split: 0.00 milli
		[0.04%] Applying stored bound-tightening: 2 milli
		[2.82%] SMT core: 136 milli
		[39.77%] Symbolic Bound Tightening: 1928 milli
		[32.59%] SoI-based local search: 1580 milli
		[0.00%] SoI-based local search: 0 milli
		[3.65%] Unaccounted for: 177 milli
	--- Preprocessor Statistics ---
	Number of preprocessor bound-tightening loop iterations: 8
	Number of eliminated variables: 0
	Number of constraints removed due to variable elimination: 0
	Number of equations removed due to variable elimination: 0
	--- Engine Statistics ---
	Number of main loop iterations: 4887
		4384 iterations were simplex steps. Total time: 1888 milli. Average: 0.43 milli.
		0 iterations were constraint-fixing steps. Total time: 0 milli. Average: 0.00 milli
	Number of active piecewise-linear constraints: 133 / 300
		Constraints disabled by valid splits: 167. By SMT-originated splits: 0
	Last reported degradation: 0.0000000000. Max degradation so far: 0.0000000000. Restorations so far: 0
	Number of simplex pivots we attempted to skip because of instability: 1.
	Unstable pivots performed anyway: 0
	--- Tableau Statistics ---
	Total number of pivots performed: 3295
		Real pivots: 3259. Degenerate: 36 (1.09%)
		Degenerate pivots by request (e.g., to fix a PL constraint): 0 (0.00%)
		Average time per pivot: 0.03 milli
	Total number of fake pivots performed: 314
	Total number of rows added: 0. Number of merged columns: 0
	Current tableau dimensions: M = 604, N = 1518
	--- SMT Core Statistics ---
	Total depth is 2. Total visited states: 330. Number of splits: 164. Number of pops: 165
	Max stack depth: 20
	--- Bound Tightening Statistics ---
	Number of tightened bounds: 74876.
		Number of rows examined by row tightener: 3295. Consequent tightenings: 405
		Number of explicit basis matrices examined by row tightener: 36. Consequent tightenings: 6973
		Number of bound tightening rounds on the entire constraint matrix: 0. Consequent tightenings: 0
		Number of bound notifications sent to PL constraints: 109381. Tightenings proposed: 0
	--- Basis Factorization statistics ---
	Number of basis refactorizations: 29
	--- Projected Steepest Edge Statistics ---
	Number of iterations: 3610.
	Number of resets to reference space: 165. Avg. iterations per reset: 21
	--- SBT ---
	Number of tightened bounds: 75614
	--- SoI-based local search ---
	Number of proposed phase pattern update: 210. Number of accepted update: 313 [149.05%]
	Total time (% of local search time) updating SoI phase pattern : 15729 milli [1.00%]
	Total time obtaining current assignment: 40245 milli [2.55%]
	Total time getting SoI phase pattern : 4811 milli [0.10%]
	--- Context dependent statistics ---
	Number of pushes / pops: 328 / 328
		[0.14%] Pre-Push hook: 6 milli
		[0.00%] Push : 0 milli
		[0.15%] Post-Pop hook: 7 milli
		[0.12%] Pop : 5 milli
		[0.41%] Total context-switching time: 19 milli
	--- Proof Certificate ---
	Number of certified leaves: 0
	Number of leaves to delegate: 0
	Number of lemmas: 0
unsat
end run time: 09:57:47
DQN: Done solving. Time : 4911 milli. 

start run time: 09:57:47
Network: /cs/labs/guykatz/maya.swisa/elbit/20_8/Marabou/resources/nnet/acasxu/ACASXU_experimental_v2a_1_1.nnet
Number of layers: 8. Input layer size: 5. Output layer size: 5. Number of ReLUs: 300
Total number of variables: 610
Property: /cs/labs/guykatz/maya.swisa/elbit/PROPERTY_1_08091/ex_0019_label_0/eps02.txt

Engine::processInputQuery: Input query (before preprocessing): 309 equations, 610 variables
Engine::processInputQuery: Input query (after preprocessing): 604 equations, 914 variables


Engine::solve: Initial statistics

09:57:47 Statistics update:
	--- Time Statistics ---
	Total time elapsed: 49 milli (00:00:00)
		Main loop: 0 milli (00:00:00)
		Preprocessing time: 29 milli (00:00:00)
		Unknown: 20 milli (00:00:00)
	Breakdown for main loop:
		[0.00%] Simplex steps: 0 milli
		[0.00%] Explicit-basis bound tightening: 0 milli
		[0.00%] Constraint-matrix bound tightening: 0 milli
		[0.00%] Degradation checking: 0 milli
		[0.00%] Precision restoration: 0 milli
		[0.00%] Statistics handling: 0 milli
		[0.00%] Constraint-fixing steps: 0 milli
		[0.00%] Valid case splits: 2 milli. Average per split: 0.00 milli
		[0.00%] Applying stored bound-tightening: 0 milli
		[0.00%] SMT core: 0 milli
		[0.00%] Symbolic Bound Tightening: 4 milli
		[0.00%] SoI-based local search: 0 milli
		[0.00%] SoI-based local search: 0 milli
		[0.00%] Unaccounted for: 0 milli
	--- Preprocessor Statistics ---
	Number of preprocessor bound-tightening loop iterations: 8
	Number of eliminated variables: 0
	Number of constraints removed due to variable elimination: 0
	Number of equations removed due to variable elimination: 0
	--- Engine Statistics ---
	Number of main loop iterations: 1
		0 iterations were simplex steps. Total time: 0 milli. Average: 0.00 milli.
		0 iterations were constraint-fixing steps. Total time: 0 milli. Average: 0.00 milli
	Number of active piecewise-linear constraints: 179 / 300
		Constraints disabled by valid splits: 121. By SMT-originated splits: 0
	Last reported degradation: 0.0000000000. Max degradation so far: 0.0000000000. Restorations so far: 0
	Number of simplex pivots we attempted to skip because of instability: 0.
	Unstable pivots performed anyway: 0
	--- Tableau Statistics ---
	Total number of pivots performed: 0
		Real pivots: 0. Degenerate: 0 (0.00%)
		Degenerate pivots by request (e.g., to fix a PL constraint): 0 (0.00%)
		Average time per pivot: 0.00 milli
	Total number of fake pivots performed: 0
	Total number of rows added: 0. Number of merged columns: 0
	Current tableau dimensions: M = 604, N = 1518
	--- SMT Core Statistics ---
	Total depth is 0. Total visited states: 1. Number of splits: 0. Number of pops: 0
	Max stack depth: 0
	--- Bound Tightening Statistics ---
	Number of tightened bounds: 0.
		Number of rows examined by row tightener: 0. Consequent tightenings: 0
		Number of explicit basis matrices examined by row tightener: 0. Consequent tightenings: 0
		Number of bound tightening rounds on the entire constraint matrix: 0. Consequent tightenings: 0
		Number of bound notifications sent to PL constraints: 1800. Tightenings proposed: 0
	--- Basis Factorization statistics ---
	Number of basis refactorizations: 2
	--- Projected Steepest Edge Statistics ---
	Number of iterations: 0.
	Number of resets to reference space: 1. Avg. iterations per reset: 0
	--- SBT ---
	Number of tightened bounds: 736
	--- SoI-based local search ---
	Number of proposed phase pattern update: 0. Number of accepted update: 0 [0.00%]
	Total time (% of local search time) updating SoI phase pattern : 0 milli [0.00%]
	Total time obtaining current assignment: 0 milli [0.00%]
	Total time getting SoI phase pattern : 0 milli [0.00%]
	--- Context dependent statistics ---
	Number of pushes / pops: 0 / 0
		[0.00%] Pre-Push hook: 0 milli
		[0.00%] Push : 0 milli
		[0.00%] Post-Pop hook: 0 milli
		[0.00%] Pop : 0 milli
		[0.00%] Total context-switching time: 0 milli
	--- Proof Certificate ---
	Number of certified leaves: 0
	Number of leaves to delegate: 0
	Number of lemmas: 0

---
start solving without an agent

Engine::solve: unsat query

09:58:04 Statistics update:
	--- Time Statistics ---
	Total time elapsed: 17150 milli (00:00:17)
		Main loop: 17097 milli (00:00:17)
		Preprocessing time: 29 milli (00:00:00)
		Unknown: 23 milli (00:00:00)
	Breakdown for main loop:
		[31.93%] Simplex steps: 5458 milli
		[15.51%] Explicit-basis bound tightening: 2652 milli
		[0.00%] Constraint-matrix bound tightening: 0 milli
		[0.12%] Degradation checking: 20 milli
		[0.00%] Precision restoration: 0 milli
		[0.07%] Statistics handling: 11 milli
		[0.00%] Constraint-fixing steps: 0 milli
		[0.56%] Valid case splits: 95 milli. Average per split: 0.00 milli
		[0.05%] Applying stored bound-tightening: 8 milli
		[2.88%] SMT core: 491 milli
		[42.57%] Symbolic Bound Tightening: 7278 milli
		[28.16%] SoI-based local search: 4814 milli
		[0.00%] SoI-based local search: 0 milli
		[6.32%] Unaccounted for: 1080 milli
	--- Preprocessor Statistics ---
	Number of preprocessor bound-tightening loop iterations: 8
	Number of eliminated variables: 0
	Number of constraints removed due to variable elimination: 0
	Number of equations removed due to variable elimination: 0
	--- Engine Statistics ---
	Number of main loop iterations: 13486
		11941 iterations were simplex steps. Total time: 5458 milli. Average: 0.46 milli.
		0 iterations were constraint-fixing steps. Total time: 0 milli. Average: 0.00 milli
	Number of active piecewise-linear constraints: 41 / 300
		Constraints disabled by valid splits: 259. By SMT-originated splits: 0
	Last reported degradation: 0.0000000000. Max degradation so far: 0.0000000000. Restorations so far: 0
	Number of simplex pivots we attempted to skip because of instability: 9.
	Unstable pivots performed anyway: 0
	--- Tableau Statistics ---
	Total number of pivots performed: 8133
		Real pivots: 8038. Degenerate: 95 (1.17%)
		Degenerate pivots by request (e.g., to fix a PL constraint): 0 (0.00%)
		Average time per pivot: 0.03 milli
	Total number of fake pivots performed: 1106
	Total number of rows added: 0. Number of merged columns: 0
	Current tableau dimensions: M = 604, N = 1518
	--- SMT Core Statistics ---
	Total depth is 4. Total visited states: 1092. Number of splits: 545. Number of pops: 546
	Max stack depth: 26
	--- Bound Tightening Statistics ---
	Number of tightened bounds: 292650.
		Number of rows examined by row tightener: 8133. Consequent tightenings: 1605
		Number of explicit basis matrices examined by row tightener: 159. Consequent tightenings: 48669
		Number of bound tightening rounds on the entire constraint matrix: 0. Consequent tightenings: 0
		Number of bound notifications sent to PL constraints: 439541. Tightenings proposed: 0
	--- Basis Factorization statistics ---
	Number of basis refactorizations: 67
	--- Projected Steepest Edge Statistics ---
	Number of iterations: 9248.
	Number of resets to reference space: 546. Avg. iterations per reset: 16
	--- SBT ---
	Number of tightened bounds: 293386
	--- SoI-based local search ---
	Number of proposed phase pattern update: 697. Number of accepted update: 1054 [151.22%]
	Total time (% of local search time) updating SoI phase pattern : 49898 milli [1.04%]
	Total time obtaining current assignment: 143151 milli [2.97%]
	Total time getting SoI phase pattern : 17721 milli [0.10%]
	--- Context dependent statistics ---
	Number of pushes / pops: 1090 / 1090
		[0.14%] Pre-Push hook: 23 milli
		[0.00%] Push : 0 milli
		[0.14%] Post-Pop hook: 24 milli
		[0.15%] Pop : 25 milli
		[0.43%] Total context-switching time: 72 milli
	--- Proof Certificate ---
	Number of certified leaves: 0
	Number of leaves to delegate: 0
	Number of lemmas: 0
unsat
end run time: 09:58:04
DQN: Done solving. Time : 17157 milli. 

start run time: 09:58:04
Network: /cs/labs/guykatz/maya.swisa/elbit/20_8/Marabou/resources/nnet/acasxu/ACASXU_experimental_v2a_1_1.nnet
Number of layers: 8. Input layer size: 5. Output layer size: 5. Number of ReLUs: 300
Total number of variables: 610
Property: /cs/labs/guykatz/maya.swisa/elbit/PROPERTY_1_08091/ex_0019_label_0/eps03.txt

Engine::processInputQuery: Input query (before preprocessing): 309 equations, 610 variables
Engine::processInputQuery: Input query (after preprocessing): 604 equations, 914 variables


Engine::solve: Initial statistics

09:58:04 Statistics update:
	--- Time Statistics ---
	Total time elapsed: 57 milli (00:00:00)
		Main loop: 0 milli (00:00:00)
		Preprocessing time: 28 milli (00:00:00)
		Unknown: 28 milli (00:00:00)
	Breakdown for main loop:
		[0.00%] Simplex steps: 0 milli
		[0.00%] Explicit-basis bound tightening: 0 milli
		[0.00%] Constraint-matrix bound tightening: 0 milli
		[0.00%] Degradation checking: 0 milli
		[0.00%] Precision restoration: 0 milli
		[0.00%] Statistics handling: 0 milli
		[0.00%] Constraint-fixing steps: 0 milli
		[0.00%] Valid case splits: 1 milli. Average per split: 0.00 milli
		[0.00%] Applying stored bound-tightening: 0 milli
		[0.00%] SMT core: 0 milli
		[0.00%] Symbolic Bound Tightening: 5 milli
		[0.00%] SoI-based local search: 0 milli
		[0.00%] SoI-based local search: 0 milli
		[0.00%] Unaccounted for: 0 milli
	--- Preprocessor Statistics ---
	Number of preprocessor bound-tightening loop iterations: 8
	Number of eliminated variables: 0
	Number of constraints removed due to variable elimination: 0
	Number of equations removed due to variable elimination: 0
	--- Engine Statistics ---
	Number of main loop iterations: 1
		0 iterations were simplex steps. Total time: 0 milli. Average: 0.00 milli.
		0 iterations were constraint-fixing steps. Total time: 0 milli. Average: 0.00 milli
	Number of active piecewise-linear constraints: 197 / 300
		Constraints disabled by valid splits: 103. By SMT-originated splits: 0
	Last reported degradation: 0.0000000000. Max degradation so far: 0.0000000000. Restorations so far: 0
	Number of simplex pivots we attempted to skip because of instability: 0.
	Unstable pivots performed anyway: 0
	--- Tableau Statistics ---
	Total number of pivots performed: 0
		Real pivots: 0. Degenerate: 0 (0.00%)
		Degenerate pivots by request (e.g., to fix a PL constraint): 0 (0.00%)
		Average time per pivot: 0.00 milli
	Total number of fake pivots performed: 0
	Total number of rows added: 0. Number of merged columns: 0
	Current tableau dimensions: M = 604, N = 1518
	--- SMT Core Statistics ---
	Total depth is 0. Total visited states: 1. Number of splits: 0. Number of pops: 0
	Max stack depth: 0
	--- Bound Tightening Statistics ---
	Number of tightened bounds: 0.
		Number of rows examined by row tightener: 0. Consequent tightenings: 0
		Number of explicit basis matrices examined by row tightener: 0. Consequent tightenings: 0
		Number of bound tightening rounds on the entire constraint matrix: 0. Consequent tightenings: 0
		Number of bound notifications sent to PL constraints: 1800. Tightenings proposed: 0
	--- Basis Factorization statistics ---
	Number of basis refactorizations: 2
	--- Projected Steepest Edge Statistics ---
	Number of iterations: 0.
	Number of resets to reference space: 1. Avg. iterations per reset: 0
	--- SBT ---
	Number of tightened bounds: 735
	--- SoI-based local search ---
	Number of proposed phase pattern update: 0. Number of accepted update: 0 [0.00%]
	Total time (% of local search time) updating SoI phase pattern : 0 milli [0.00%]
	Total time obtaining current assignment: 0 milli [0.00%]
	Total time getting SoI phase pattern : 0 milli [0.00%]
	--- Context dependent statistics ---
	Number of pushes / pops: 0 / 0
		[0.00%] Pre-Push hook: 0 milli
		[0.00%] Push : 0 milli
		[0.00%] Post-Pop hook: 0 milli
		[0.00%] Pop : 0 milli
		[0.00%] Total context-switching time: 0 milli
	--- Proof Certificate ---
	Number of certified leaves: 0
	Number of leaves to delegate: 0
	Number of lemmas: 0

---
start solving without an agent

Engine::solve: unsat query

09:58:45 Statistics update:
	--- Time Statistics ---
	Total time elapsed: 40289 milli (00:00:40)
		Main loop: 40224 milli (00:00:40)
		Preprocessing time: 28 milli (00:00:00)
		Unknown: 36 milli (00:00:00)
	Breakdown for main loop:
		[34.51%] Simplex steps: 13883 milli
		[13.17%] Explicit-basis bound tightening: 5299 milli
		[0.00%] Constraint-matrix bound tightening: 0 milli
		[0.14%] Degradation checking: 56 milli
		[0.00%] Precision restoration: 0 milli
		[0.07%] Statistics handling: 27 milli
		[0.00%] Constraint-fixing steps: 0 milli
		[0.52%] Valid case splits: 207 milli. Average per split: 0.00 milli
		[0.05%] Applying stored bound-tightening: 20 milli
		[3.23%] SMT core: 1298 milli
		[43.63%] Symbolic Bound Tightening: 17548 milli
		[29.69%] SoI-based local search: 11943 milli
		[0.00%] SoI-based local search: 0 milli
		[4.68%] Unaccounted for: 1882 milli
	--- Preprocessor Statistics ---
	Number of preprocessor bound-tightening loop iterations: 8
	Number of eliminated variables: 0
	Number of constraints removed due to variable elimination: 0
	Number of equations removed due to variable elimination: 0
	--- Engine Statistics ---
	Number of main loop iterations: 35511
		31926 iterations were simplex steps. Total time: 13883 milli. Average: 0.43 milli.
		0 iterations were constraint-fixing steps. Total time: 0 milli. Average: 0.00 milli
	Number of active piecewise-linear constraints: 39 / 300
		Constraints disabled by valid splits: 260. By SMT-originated splits: 1
	Last reported degradation: 0.0000000000. Max degradation so far: 0.0000000000. Restorations so far: 0
	Number of simplex pivots we attempted to skip because of instability: 17.
	Unstable pivots performed anyway: 0
	--- Tableau Statistics ---
	Total number of pivots performed: 22628
		Real pivots: 22378. Degenerate: 250 (1.10%)
		Degenerate pivots by request (e.g., to fix a PL constraint): 0 (0.00%)
		Average time per pivot: 0.04 milli
	Total number of fake pivots performed: 2694
	Total number of rows added: 0. Number of merged columns: 0
	Current tableau dimensions: M = 604, N = 1518
	--- SMT Core Statistics ---
	Total depth is 5. Total visited states: 2564. Number of splits: 1281. Number of pops: 1282
	Max stack depth: 33
	--- Bound Tightening Statistics ---
	Number of tightened bounds: 677722.
		Number of rows examined by row tightener: 22628. Consequent tightenings: 4857
		Number of explicit basis matrices examined by row tightener: 298. Consequent tightenings: 84790
		Number of bound tightening rounds on the entire constraint matrix: 0. Consequent tightenings: 0
		Number of bound notifications sent to PL constraints: 1019810. Tightenings proposed: 0
	--- Basis Factorization statistics ---
	Number of basis refactorizations: 181
	--- Projected Steepest Edge Statistics ---
	Number of iterations: 25339.
	Number of resets to reference space: 1282. Avg. iterations per reset: 19
	--- SBT ---
	Number of tightened bounds: 678457
	--- SoI-based local search ---
	Number of proposed phase pattern update: 1678. Number of accepted update: 2501 [149.05%]
	Total time (% of local search time) updating SoI phase pattern : 125186 milli [1.05%]
	Total time obtaining current assignment: 362148 milli [3.03%]
	Total time getting SoI phase pattern : 43847 milli [0.11%]
	--- Context dependent statistics ---
	Number of pushes / pops: 2562 / 2562
		[0.13%] Pre-Push hook: 50 milli
		[0.00%] Push : 0 milli
		[0.15%] Post-Pop hook: 59 milli
		[0.12%] Pop : 49 milli
		[0.40%] Total context-switching time: 159 milli
	--- Proof Certificate ---
	Number of certified leaves: 0
	Number of leaves to delegate: 0
	Number of lemmas: 0
unsat
end run time: 09:58:45
DQN: Done solving. Time : 40295 milli. 

