[975] processing ex_0976_label_0 …
start run time: 10:46:45
Network: /cs/labs/guykatz/maya.swisa/elbit/20_8/Marabou/resources/nnet/acasxu/ACASXU_experimental_v2a_1_1.nnet
Number of layers: 8. Input layer size: 5. Output layer size: 5. Number of ReLUs: 300
Total number of variables: 610
Property: /cs/labs/guykatz/maya.swisa/elbit/PROPERTY_1_08091/ex_0976_label_0/eps01.txt

Engine::processInputQuery: Input query (before preprocessing): 309 equations, 610 variables
Engine::processInputQuery: Input query (after preprocessing): 604 equations, 914 variables


Engine::solve: Initial statistics

10:46:46 Statistics update:
	--- Time Statistics ---
	Total time elapsed: 80 milli (00:00:00)
		Main loop: 0 milli (00:00:00)
		Preprocessing time: 39 milli (00:00:00)
		Unknown: 41 milli (00:00:00)
	Breakdown for main loop:
		[0.00%] Simplex steps: 0 milli
		[0.00%] Explicit-basis bound tightening: 0 milli
		[0.00%] Constraint-matrix bound tightening: 0 milli
		[0.00%] Degradation checking: 0 milli
		[0.00%] Precision restoration: 0 milli
		[0.00%] Statistics handling: 0 milli
		[0.00%] Constraint-fixing steps: 0 milli
		[0.00%] Valid case splits: 3 milli. Average per split: 0.00 milli
		[0.00%] Applying stored bound-tightening: 0 milli
		[0.00%] SMT core: 0 milli
		[0.00%] Symbolic Bound Tightening: 5 milli
		[0.00%] SoI-based local search: 0 milli
		[0.00%] SoI-based local search: 0 milli
		[0.00%] Unaccounted for: 0 milli
	--- Preprocessor Statistics ---
	Number of preprocessor bound-tightening loop iterations: 8
	Number of eliminated variables: 0
	Number of constraints removed due to variable elimination: 0
	Number of equations removed due to variable elimination: 0
	--- Engine Statistics ---
	Number of main loop iterations: 1
		0 iterations were simplex steps. Total time: 0 milli. Average: 0.00 milli.
		0 iterations were constraint-fixing steps. Total time: 0 milli. Average: 0.00 milli
	Number of active piecewise-linear constraints: 106 / 300
		Constraints disabled by valid splits: 194. By SMT-originated splits: 0
	Last reported degradation: 0.0000000000. Max degradation so far: 0.0000000000. Restorations so far: 0
	Number of simplex pivots we attempted to skip because of instability: 0.
	Unstable pivots performed anyway: 0
	--- Tableau Statistics ---
	Total number of pivots performed: 0
		Real pivots: 0. Degenerate: 0 (0.00%)
		Degenerate pivots by request (e.g., to fix a PL constraint): 0 (0.00%)
		Average time per pivot: 0.00 milli
	Total number of fake pivots performed: 0
	Total number of rows added: 0. Number of merged columns: 0
	Current tableau dimensions: M = 604, N = 1518
	--- SMT Core Statistics ---
	Total depth is 0. Total visited states: 1. Number of splits: 0. Number of pops: 0
	Max stack depth: 0
	--- Bound Tightening Statistics ---
	Number of tightened bounds: 0.
		Number of rows examined by row tightener: 0. Consequent tightenings: 0
		Number of explicit basis matrices examined by row tightener: 0. Consequent tightenings: 0
		Number of bound tightening rounds on the entire constraint matrix: 0. Consequent tightenings: 0
		Number of bound notifications sent to PL constraints: 1800. Tightenings proposed: 0
	--- Basis Factorization statistics ---
	Number of basis refactorizations: 2
	--- Projected Steepest Edge Statistics ---
	Number of iterations: 0.
	Number of resets to reference space: 1. Avg. iterations per reset: 0
	--- SBT ---
	Number of tightened bounds: 739
	--- SoI-based local search ---
	Number of proposed phase pattern update: 0. Number of accepted update: 0 [0.00%]
	Total time (% of local search time) updating SoI phase pattern : 0 milli [0.00%]
	Total time obtaining current assignment: 0 milli [0.00%]
	Total time getting SoI phase pattern : 0 milli [0.00%]
	--- Context dependent statistics ---
	Number of pushes / pops: 0 / 0
		[0.00%] Pre-Push hook: 0 milli
		[0.00%] Push : 0 milli
		[0.00%] Post-Pop hook: 0 milli
		[0.00%] Pop : 0 milli
		[0.00%] Total context-switching time: 0 milli
	--- Proof Certificate ---
	Number of certified leaves: 0
	Number of leaves to delegate: 0
	Number of lemmas: 0

---
start solving without an agent

Engine::solve: unsat query

10:47:14 Statistics update:
	--- Time Statistics ---
	Total time elapsed: 28131 milli (00:00:28)
		Main loop: 28045 milli (00:00:28)
		Preprocessing time: 39 milli (00:00:00)
		Unknown: 46 milli (00:00:00)
	Breakdown for main loop:
		[27.22%] Simplex steps: 7633 milli
		[11.60%] Explicit-basis bound tightening: 3253 milli
		[0.00%] Constraint-matrix bound tightening: 0 milli
		[0.13%] Degradation checking: 36 milli
		[0.00%] Precision restoration: 0 milli
		[0.04%] Statistics handling: 11 milli
		[0.00%] Constraint-fixing steps: 0 milli
		[0.47%] Valid case splits: 132 milli. Average per split: 0.00 milli
		[0.07%] Applying stored bound-tightening: 19 milli
		[4.32%] SMT core: 1212 milli
		[47.73%] Symbolic Bound Tightening: 13385 milli
		[23.79%] SoI-based local search: 6670 milli
		[0.00%] SoI-based local search: 0 milli
		[8.42%] Unaccounted for: 2361 milli
	--- Preprocessor Statistics ---
	Number of preprocessor bound-tightening loop iterations: 8
	Number of eliminated variables: 0
	Number of constraints removed due to variable elimination: 0
	Number of equations removed due to variable elimination: 0
	--- Engine Statistics ---
	Number of main loop iterations: 23355
		20677 iterations were simplex steps. Total time: 7633 milli. Average: 0.37 milli.
		0 iterations were constraint-fixing steps. Total time: 0 milli. Average: 0.00 milli
	Number of active piecewise-linear constraints: 35 / 300
		Constraints disabled by valid splits: 265. By SMT-originated splits: 0
	Last reported degradation: 0.0000000000. Max degradation so far: 0.0000000001. Restorations so far: 0
	Number of simplex pivots we attempted to skip because of instability: 2.
	Unstable pivots performed anyway: 0
	--- Tableau Statistics ---
	Total number of pivots performed: 12239
		Real pivots: 12102. Degenerate: 137 (1.12%)
		Degenerate pivots by request (e.g., to fix a PL constraint): 0 (0.00%)
		Average time per pivot: 0.04 milli
	Total number of fake pivots performed: 2928
	Total number of rows added: 0. Number of merged columns: 0
	Current tableau dimensions: M = 604, N = 1518
	--- SMT Core Statistics ---
	Total depth is 1. Total visited states: 2070. Number of splits: 1034. Number of pops: 1035
	Max stack depth: 31
	--- Bound Tightening Statistics ---
	Number of tightened bounds: 437198.
		Number of rows examined by row tightener: 12239. Consequent tightenings: 5324
		Number of explicit basis matrices examined by row tightener: 251. Consequent tightenings: 76709
		Number of bound tightening rounds on the entire constraint matrix: 0. Consequent tightenings: 0
		Number of bound notifications sent to PL constraints: 685885. Tightenings proposed: 0
	--- Basis Factorization statistics ---
	Number of basis refactorizations: 89
	--- Projected Steepest Edge Statistics ---
	Number of iterations: 15169.
	Number of resets to reference space: 1035. Avg. iterations per reset: 14
	--- SBT ---
	Number of tightened bounds: 437937
	--- SoI-based local search ---
	Number of proposed phase pattern update: 1323. Number of accepted update: 2024 [152.99%]
	Total time (% of local search time) updating SoI phase pattern : 100632 milli [1.51%]
	Total time obtaining current assignment: 318400 milli [4.77%]
	Total time getting SoI phase pattern : 21157 milli [0.08%]
	--- Context dependent statistics ---
	Number of pushes / pops: 2068 / 2068
		[0.18%] Pre-Push hook: 50 milli
		[0.00%] Push : 0 milli
		[0.15%] Post-Pop hook: 43 milli
		[0.20%] Pop : 55 milli
		[0.53%] Total context-switching time: 149 milli
	--- Proof Certificate ---
	Number of certified leaves: 0
	Number of leaves to delegate: 0
	Number of lemmas: 0
unsat
end run time: 10:47:14
DQN: Done solving. Time : 28151 milli. 

start run time: 10:47:14
Network: /cs/labs/guykatz/maya.swisa/elbit/20_8/Marabou/resources/nnet/acasxu/ACASXU_experimental_v2a_1_1.nnet
Number of layers: 8. Input layer size: 5. Output layer size: 5. Number of ReLUs: 300
Total number of variables: 610
Property: /cs/labs/guykatz/maya.swisa/elbit/PROPERTY_1_08091/ex_0976_label_0/eps02.txt

Engine::processInputQuery: Input query (before preprocessing): 309 equations, 610 variables
Engine::processInputQuery: Input query (after preprocessing): 604 equations, 914 variables


Engine::solve: Initial statistics

10:47:14 Statistics update:
	--- Time Statistics ---
	Total time elapsed: 90 milli (00:00:00)
		Main loop: 0 milli (00:00:00)
		Preprocessing time: 31 milli (00:00:00)
		Unknown: 58 milli (00:00:00)
	Breakdown for main loop:
		[0.00%] Simplex steps: 0 milli
		[0.00%] Explicit-basis bound tightening: 0 milli
		[0.00%] Constraint-matrix bound tightening: 0 milli
		[0.00%] Degradation checking: 0 milli
		[0.00%] Precision restoration: 0 milli
		[0.00%] Statistics handling: 0 milli
		[0.00%] Constraint-fixing steps: 0 milli
		[0.00%] Valid case splits: 3 milli. Average per split: 0.00 milli
		[0.00%] Applying stored bound-tightening: 0 milli
		[0.00%] SMT core: 0 milli
		[0.00%] Symbolic Bound Tightening: 4 milli
		[0.00%] SoI-based local search: 0 milli
		[0.00%] SoI-based local search: 0 milli
		[0.00%] Unaccounted for: 0 milli
	--- Preprocessor Statistics ---
	Number of preprocessor bound-tightening loop iterations: 8
	Number of eliminated variables: 0
	Number of constraints removed due to variable elimination: 0
	Number of equations removed due to variable elimination: 0
	--- Engine Statistics ---
	Number of main loop iterations: 1
		0 iterations were simplex steps. Total time: 0 milli. Average: 0.00 milli.
		0 iterations were constraint-fixing steps. Total time: 0 milli. Average: 0.00 milli
	Number of active piecewise-linear constraints: 126 / 300
		Constraints disabled by valid splits: 174. By SMT-originated splits: 0
	Last reported degradation: 0.0000000000. Max degradation so far: 0.0000000000. Restorations so far: 0
	Number of simplex pivots we attempted to skip because of instability: 0.
	Unstable pivots performed anyway: 0
	--- Tableau Statistics ---
	Total number of pivots performed: 0
		Real pivots: 0. Degenerate: 0 (0.00%)
		Degenerate pivots by request (e.g., to fix a PL constraint): 0 (0.00%)
		Average time per pivot: 0.00 milli
	Total number of fake pivots performed: 0
	Total number of rows added: 0. Number of merged columns: 0
	Current tableau dimensions: M = 604, N = 1518
	--- SMT Core Statistics ---
	Total depth is 0. Total visited states: 1. Number of splits: 0. Number of pops: 0
	Max stack depth: 0
	--- Bound Tightening Statistics ---
	Number of tightened bounds: 0.
		Number of rows examined by row tightener: 0. Consequent tightenings: 0
		Number of explicit basis matrices examined by row tightener: 0. Consequent tightenings: 0
		Number of bound tightening rounds on the entire constraint matrix: 0. Consequent tightenings: 0
		Number of bound notifications sent to PL constraints: 1800. Tightenings proposed: 0
	--- Basis Factorization statistics ---
	Number of basis refactorizations: 2
	--- Projected Steepest Edge Statistics ---
	Number of iterations: 0.
	Number of resets to reference space: 1. Avg. iterations per reset: 0
	--- SBT ---
	Number of tightened bounds: 735
	--- SoI-based local search ---
	Number of proposed phase pattern update: 0. Number of accepted update: 0 [0.00%]
	Total time (% of local search time) updating SoI phase pattern : 0 milli [0.00%]
	Total time obtaining current assignment: 0 milli [0.00%]
	Total time getting SoI phase pattern : 0 milli [0.00%]
	--- Context dependent statistics ---
	Number of pushes / pops: 0 / 0
		[0.00%] Pre-Push hook: 0 milli
		[0.00%] Push : 0 milli
		[0.00%] Post-Pop hook: 0 milli
		[0.00%] Pop : 0 milli
		[0.00%] Total context-switching time: 0 milli
	--- Proof Certificate ---
	Number of certified leaves: 0
	Number of leaves to delegate: 0
	Number of lemmas: 0

---
start solving without an agent

Engine::solve: unsat query

10:47:53 Statistics update:
	--- Time Statistics ---
	Total time elapsed: 39732 milli (00:00:39)
		Main loop: 39633 milli (00:00:39)
		Preprocessing time: 31 milli (00:00:00)
		Unknown: 67 milli (00:00:00)
	Breakdown for main loop:
		[28.74%] Simplex steps: 11390 milli
		[10.47%] Explicit-basis bound tightening: 4148 milli
		[0.00%] Constraint-matrix bound tightening: 0 milli
		[0.14%] Degradation checking: 54 milli
		[0.00%] Precision restoration: 0 milli
		[0.08%] Statistics handling: 30 milli
		[0.00%] Constraint-fixing steps: 0 milli
		[0.53%] Valid case splits: 209 milli. Average per split: 0.00 milli
		[0.07%] Applying stored bound-tightening: 25 milli
		[4.19%] SMT core: 1662 milli
		[45.63%] Symbolic Bound Tightening: 18083 milli
		[24.71%] SoI-based local search: 9792 milli
		[0.00%] SoI-based local search: 0 milli
		[10.17%] Unaccounted for: 4028 milli
	--- Preprocessor Statistics ---
	Number of preprocessor bound-tightening loop iterations: 8
	Number of eliminated variables: 0
	Number of constraints removed due to variable elimination: 0
	Number of equations removed due to variable elimination: 0
	--- Engine Statistics ---
	Number of main loop iterations: 33967
		30582 iterations were simplex steps. Total time: 11390 milli. Average: 0.37 milli.
		0 iterations were constraint-fixing steps. Total time: 0 milli. Average: 0.00 milli
	Number of active piecewise-linear constraints: 40 / 300
		Constraints disabled by valid splits: 260. By SMT-originated splits: 0
	Last reported degradation: 0.0000000000. Max degradation so far: 0.0000000423. Restorations so far: 0
	Number of simplex pivots we attempted to skip because of instability: 16.
	Unstable pivots performed anyway: 1
	--- Tableau Statistics ---
	Total number of pivots performed: 18823
		Real pivots: 18659. Degenerate: 164 (0.87%)
		Degenerate pivots by request (e.g., to fix a PL constraint): 0 (0.00%)
		Average time per pivot: 0.04 milli
	Total number of fake pivots performed: 4468
	Total number of rows added: 0. Number of merged columns: 0
	Current tableau dimensions: M = 604, N = 1518
	--- SMT Core Statistics ---
	Total depth is 2. Total visited states: 2706. Number of splits: 1352. Number of pops: 1353
	Max stack depth: 35
	--- Bound Tightening Statistics ---
	Number of tightened bounds: 599751.
		Number of rows examined by row tightener: 18823. Consequent tightenings: 7103
		Number of explicit basis matrices examined by row tightener: 367. Consequent tightenings: 79667
		Number of bound tightening rounds on the entire constraint matrix: 0. Consequent tightenings: 0
		Number of bound notifications sent to PL constraints: 959565. Tightenings proposed: 0
	--- Basis Factorization statistics ---
	Number of basis refactorizations: 141
	--- Projected Steepest Edge Statistics ---
	Number of iterations: 23306.
	Number of resets to reference space: 1353. Avg. iterations per reset: 17
	--- SBT ---
	Number of tightened bounds: 600486
	--- SoI-based local search ---
	Number of proposed phase pattern update: 1704. Number of accepted update: 2635 [154.64%]
	Total time (% of local search time) updating SoI phase pattern : 130645 milli [1.33%]
	Total time obtaining current assignment: 435064 milli [4.44%]
	Total time getting SoI phase pattern : 39475 milli [0.10%]
	--- Context dependent statistics ---
	Number of pushes / pops: 2704 / 2704
		[0.19%] Pre-Push hook: 75 milli
		[0.00%] Push : 0 milli
		[0.14%] Post-Pop hook: 56 milli
		[0.22%] Pop : 89 milli
		[0.56%] Total context-switching time: 221 milli
	--- Proof Certificate ---
	Number of certified leaves: 0
	Number of leaves to delegate: 0
	Number of lemmas: 0
unsat
end run time: 10:47:53
DQN: Done solving. Time : 39761 milli. 

start run time: 10:47:53
Network: /cs/labs/guykatz/maya.swisa/elbit/20_8/Marabou/resources/nnet/acasxu/ACASXU_experimental_v2a_1_1.nnet
Number of layers: 8. Input layer size: 5. Output layer size: 5. Number of ReLUs: 300
Total number of variables: 610
Property: /cs/labs/guykatz/maya.swisa/elbit/PROPERTY_1_08091/ex_0976_label_0/eps03.txt

Engine::processInputQuery: Input query (before preprocessing): 309 equations, 610 variables
Engine::processInputQuery: Input query (after preprocessing): 604 equations, 914 variables


Engine::solve: Initial statistics

10:47:53 Statistics update:
	--- Time Statistics ---
	Total time elapsed: 71 milli (00:00:00)
		Main loop: 0 milli (00:00:00)
		Preprocessing time: 30 milli (00:00:00)
		Unknown: 40 milli (00:00:00)
	Breakdown for main loop:
		[0.00%] Simplex steps: 0 milli
		[0.00%] Explicit-basis bound tightening: 0 milli
		[0.00%] Constraint-matrix bound tightening: 0 milli
		[0.00%] Degradation checking: 0 milli
		[0.00%] Precision restoration: 0 milli
		[0.00%] Statistics handling: 0 milli
		[0.00%] Constraint-fixing steps: 0 milli
		[0.00%] Valid case splits: 2 milli. Average per split: 0.00 milli
		[0.00%] Applying stored bound-tightening: 0 milli
		[0.00%] SMT core: 0 milli
		[0.00%] Symbolic Bound Tightening: 5 milli
		[0.00%] SoI-based local search: 0 milli
		[0.00%] SoI-based local search: 0 milli
		[0.00%] Unaccounted for: 0 milli
	--- Preprocessor Statistics ---
	Number of preprocessor bound-tightening loop iterations: 8
	Number of eliminated variables: 0
	Number of constraints removed due to variable elimination: 0
	Number of equations removed due to variable elimination: 0
	--- Engine Statistics ---
	Number of main loop iterations: 1
		0 iterations were simplex steps. Total time: 0 milli. Average: 0.00 milli.
		0 iterations were constraint-fixing steps. Total time: 0 milli. Average: 0.00 milli
	Number of active piecewise-linear constraints: 148 / 300
		Constraints disabled by valid splits: 152. By SMT-originated splits: 0
	Last reported degradation: 0.0000000000. Max degradation so far: 0.0000000000. Restorations so far: 0
	Number of simplex pivots we attempted to skip because of instability: 0.
	Unstable pivots performed anyway: 0
	--- Tableau Statistics ---
	Total number of pivots performed: 0
		Real pivots: 0. Degenerate: 0 (0.00%)
		Degenerate pivots by request (e.g., to fix a PL constraint): 0 (0.00%)
		Average time per pivot: 0.00 milli
	Total number of fake pivots performed: 0
	Total number of rows added: 0. Number of merged columns: 0
	Current tableau dimensions: M = 604, N = 1518
	--- SMT Core Statistics ---
	Total depth is 0. Total visited states: 1. Number of splits: 0. Number of pops: 0
	Max stack depth: 0
	--- Bound Tightening Statistics ---
	Number of tightened bounds: 0.
		Number of rows examined by row tightener: 0. Consequent tightenings: 0
		Number of explicit basis matrices examined by row tightener: 0. Consequent tightenings: 0
		Number of bound tightening rounds on the entire constraint matrix: 0. Consequent tightenings: 0
		Number of bound notifications sent to PL constraints: 1800. Tightenings proposed: 0
	--- Basis Factorization statistics ---
	Number of basis refactorizations: 2
	--- Projected Steepest Edge Statistics ---
	Number of iterations: 0.
	Number of resets to reference space: 1. Avg. iterations per reset: 0
	--- SBT ---
	Number of tightened bounds: 734
	--- SoI-based local search ---
	Number of proposed phase pattern update: 0. Number of accepted update: 0 [0.00%]
	Total time (% of local search time) updating SoI phase pattern : 0 milli [0.00%]
	Total time obtaining current assignment: 0 milli [0.00%]
	Total time getting SoI phase pattern : 0 milli [0.00%]
	--- Context dependent statistics ---
	Number of pushes / pops: 0 / 0
		[0.00%] Pre-Push hook: 0 milli
		[0.00%] Push : 0 milli
		[0.00%] Post-Pop hook: 0 milli
		[0.00%] Pop : 0 milli
		[0.00%] Total context-switching time: 0 milli
	--- Proof Certificate ---
	Number of certified leaves: 0
	Number of leaves to delegate: 0
	Number of lemmas: 0

---
start solving without an agent

Engine::solve: unsat query

10:49:26 Statistics update:
	--- Time Statistics ---
	Total time elapsed: 92931 milli (00:01:32)
		Main loop: 92842 milli (00:01:32)
		Preprocessing time: 30 milli (00:00:00)
		Unknown: 58 milli (00:00:00)
	Breakdown for main loop:
		[29.28%] Simplex steps: 27183 milli
		[11.09%] Explicit-basis bound tightening: 10294 milli
		[0.00%] Constraint-matrix bound tightening: 0 milli
		[0.14%] Degradation checking: 129 milli
		[0.00%] Precision restoration: 0 milli
		[0.08%] Statistics handling: 76 milli
		[0.00%] Constraint-fixing steps: 0 milli
		[0.69%] Valid case splits: 639 milli. Average per split: 0.00 milli
		[0.06%] Applying stored bound-tightening: 60 milli
		[3.96%] SMT core: 3680 milli
		[44.89%] Symbolic Bound Tightening: 41680 milli
		[24.46%] SoI-based local search: 22709 milli
		[0.00%] SoI-based local search: 0 milli
		[9.80%] Unaccounted for: 9096 milli
	--- Preprocessor Statistics ---
	Number of preprocessor bound-tightening loop iterations: 8
	Number of eliminated variables: 0
	Number of constraints removed due to variable elimination: 0
	Number of equations removed due to variable elimination: 0
	--- Engine Statistics ---
	Number of main loop iterations: 77475
		70164 iterations were simplex steps. Total time: 27183 milli. Average: 0.39 milli.
		0 iterations were constraint-fixing steps. Total time: 0 milli. Average: 0.00 milli
	Number of active piecewise-linear constraints: 47 / 300
		Constraints disabled by valid splits: 253. By SMT-originated splits: 0
	Last reported degradation: 0.0000000000. Max degradation so far: 0.0000000317. Restorations so far: 0
	Number of simplex pivots we attempted to skip because of instability: 22.
	Unstable pivots performed anyway: 1
	--- Tableau Statistics ---
	Total number of pivots performed: 45919
		Real pivots: 45589. Degenerate: 330 (0.72%)
		Degenerate pivots by request (e.g., to fix a PL constraint): 0 (0.00%)
		Average time per pivot: 0.04 milli
	Total number of fake pivots performed: 8352
	Total number of rows added: 0. Number of merged columns: 0
	Current tableau dimensions: M = 604, N = 1518
	--- SMT Core Statistics ---
	Total depth is 2. Total visited states: 5850. Number of splits: 2924. Number of pops: 2925
	Max stack depth: 41
	--- Bound Tightening Statistics ---
	Number of tightened bounds: 1397052.
		Number of rows examined by row tightener: 45919. Consequent tightenings: 15033
		Number of explicit basis matrices examined by row tightener: 833. Consequent tightenings: 202038
		Number of bound tightening rounds on the entire constraint matrix: 0. Consequent tightenings: 0
		Number of bound notifications sent to PL constraints: 2298326. Tightenings proposed: 0
	--- Basis Factorization statistics ---
	Number of basis refactorizations: 347
	--- Projected Steepest Edge Statistics ---
	Number of iterations: 54292.
	Number of resets to reference space: 2925. Avg. iterations per reset: 18
	--- SBT ---
	Number of tightened bounds: 1397786
	--- SoI-based local search ---
	Number of proposed phase pattern update: 3720. Number of accepted update: 5676 [152.58%]
	Total time (% of local search time) updating SoI phase pattern : 290586 milli [1.28%]
	Total time obtaining current assignment: 998782 milli [4.40%]
	Total time getting SoI phase pattern : 88122 milli [0.09%]
	--- Context dependent statistics ---
	Number of pushes / pops: 5848 / 5848
		[0.16%] Pre-Push hook: 151 milli
		[0.00%] Push : 0 milli
		[0.14%] Post-Pop hook: 125 milli
		[0.18%] Pop : 171 milli
		[0.48%] Total context-switching time: 448 milli
	--- Proof Certificate ---
	Number of certified leaves: 0
	Number of leaves to delegate: 0
	Number of lemmas: 0
unsat
end run time: 10:49:26
DQN: Done solving. Time : 92963 milli. 

