[890] processing ex_0891_label_0 …
start run time: 10:36:58
Network: /cs/labs/guykatz/maya.swisa/elbit/20_8/Marabou/resources/nnet/acasxu/ACASXU_experimental_v2a_1_1.nnet
Number of layers: 8. Input layer size: 5. Output layer size: 5. Number of ReLUs: 300
Total number of variables: 610
Property: /cs/labs/guykatz/maya.swisa/elbit/PROPERTY_1_08091/ex_0891_label_0/eps01.txt

Engine::processInputQuery: Input query (before preprocessing): 309 equations, 610 variables
Engine::processInputQuery: Input query (after preprocessing): 604 equations, 914 variables

unsat
end run time: 10:36:58
DQN: Done solving. Time : 76 milli. 

start run time: 10:36:58
Network: /cs/labs/guykatz/maya.swisa/elbit/20_8/Marabou/resources/nnet/acasxu/ACASXU_experimental_v2a_1_1.nnet
Number of layers: 8. Input layer size: 5. Output layer size: 5. Number of ReLUs: 300
Total number of variables: 610
Property: /cs/labs/guykatz/maya.swisa/elbit/PROPERTY_1_08091/ex_0891_label_0/eps02.txt

Engine::processInputQuery: Input query (before preprocessing): 309 equations, 610 variables
Engine::processInputQuery: Input query (after preprocessing): 604 equations, 914 variables

unsat
end run time: 10:36:58
DQN: Done solving. Time : 52 milli. 

start run time: 10:36:58
Network: /cs/labs/guykatz/maya.swisa/elbit/20_8/Marabou/resources/nnet/acasxu/ACASXU_experimental_v2a_1_1.nnet
Number of layers: 8. Input layer size: 5. Output layer size: 5. Number of ReLUs: 300
Total number of variables: 610
Property: /cs/labs/guykatz/maya.swisa/elbit/PROPERTY_1_08091/ex_0891_label_0/eps03.txt

Engine::processInputQuery: Input query (before preprocessing): 309 equations, 610 variables
Engine::processInputQuery: Input query (after preprocessing): 604 equations, 914 variables


Engine::solve: Initial statistics

10:36:58 Statistics update:
	--- Time Statistics ---
	Total time elapsed: 64 milli (00:00:00)
		Main loop: 0 milli (00:00:00)
		Preprocessing time: 30 milli (00:00:00)
		Unknown: 33 milli (00:00:00)
	Breakdown for main loop:
		[0.00%] Simplex steps: 0 milli
		[0.00%] Explicit-basis bound tightening: 0 milli
		[0.00%] Constraint-matrix bound tightening: 0 milli
		[0.00%] Degradation checking: 0 milli
		[0.00%] Precision restoration: 0 milli
		[0.00%] Statistics handling: 0 milli
		[0.00%] Constraint-fixing steps: 0 milli
		[0.00%] Valid case splits: 4 milli. Average per split: 0.00 milli
		[0.00%] Applying stored bound-tightening: 0 milli
		[0.00%] SMT core: 0 milli
		[0.00%] Symbolic Bound Tightening: 4 milli
		[0.00%] SoI-based local search: 0 milli
		[0.00%] SoI-based local search: 0 milli
		[0.00%] Unaccounted for: 0 milli
	--- Preprocessor Statistics ---
	Number of preprocessor bound-tightening loop iterations: 8
	Number of eliminated variables: 0
	Number of constraints removed due to variable elimination: 0
	Number of equations removed due to variable elimination: 0
	--- Engine Statistics ---
	Number of main loop iterations: 1
		0 iterations were simplex steps. Total time: 0 milli. Average: 0.00 milli.
		0 iterations were constraint-fixing steps. Total time: 0 milli. Average: 0.00 milli
	Number of active piecewise-linear constraints: 56 / 300
		Constraints disabled by valid splits: 244. By SMT-originated splits: 0
	Last reported degradation: 0.0000000000. Max degradation so far: 0.0000000000. Restorations so far: 0
	Number of simplex pivots we attempted to skip because of instability: 0.
	Unstable pivots performed anyway: 0
	--- Tableau Statistics ---
	Total number of pivots performed: 0
		Real pivots: 0. Degenerate: 0 (0.00%)
		Degenerate pivots by request (e.g., to fix a PL constraint): 0 (0.00%)
		Average time per pivot: 0.00 milli
	Total number of fake pivots performed: 0
	Total number of rows added: 0. Number of merged columns: 0
	Current tableau dimensions: M = 604, N = 1518
	--- SMT Core Statistics ---
	Total depth is 0. Total visited states: 1. Number of splits: 0. Number of pops: 0
	Max stack depth: 0
	--- Bound Tightening Statistics ---
	Number of tightened bounds: 0.
		Number of rows examined by row tightener: 0. Consequent tightenings: 0
		Number of explicit basis matrices examined by row tightener: 0. Consequent tightenings: 0
		Number of bound tightening rounds on the entire constraint matrix: 0. Consequent tightenings: 0
		Number of bound notifications sent to PL constraints: 1800. Tightenings proposed: 0
	--- Basis Factorization statistics ---
	Number of basis refactorizations: 2
	--- Projected Steepest Edge Statistics ---
	Number of iterations: 0.
	Number of resets to reference space: 1. Avg. iterations per reset: 0
	--- SBT ---
	Number of tightened bounds: 749
	--- SoI-based local search ---
	Number of proposed phase pattern update: 0. Number of accepted update: 0 [0.00%]
	Total time (% of local search time) updating SoI phase pattern : 0 milli [0.00%]
	Total time obtaining current assignment: 0 milli [0.00%]
	Total time getting SoI phase pattern : 0 milli [0.00%]
	--- Context dependent statistics ---
	Number of pushes / pops: 0 / 0
		[0.00%] Pre-Push hook: 0 milli
		[0.00%] Push : 0 milli
		[0.00%] Post-Pop hook: 0 milli
		[0.00%] Pop : 0 milli
		[0.00%] Total context-switching time: 0 milli
	--- Proof Certificate ---
	Number of certified leaves: 0
	Number of leaves to delegate: 0
	Number of lemmas: 0

---
start solving without an agent

Engine::solve: unsat query

10:36:58 Statistics update:
	--- Time Statistics ---
	Total time elapsed: 198 milli (00:00:00)
		Main loop: 134 milli (00:00:00)
		Preprocessing time: 30 milli (00:00:00)
		Unknown: 33 milli (00:00:00)
	Breakdown for main loop:
		[50.38%] Simplex steps: 67 milli
		[28.77%] Explicit-basis bound tightening: 38 milli
		[0.00%] Constraint-matrix bound tightening: 0 milli
		[0.23%] Degradation checking: 0 milli
		[0.00%] Precision restoration: 0 milli
		[0.06%] Statistics handling: 0 milli
		[0.00%] Constraint-fixing steps: 0 milli
		[4.11%] Valid case splits: 5 milli. Average per split: 0.00 milli
		[0.01%] Applying stored bound-tightening: 0 milli
		[0.56%] SMT core: 0 milli
		[20.22%] Symbolic Bound Tightening: 27 milli
		[29.39%] SoI-based local search: 39 milli
		[0.00%] SoI-based local search: 0 milli
		[13761708150838192.00%] Unaccounted for: 0 milli
	--- Preprocessor Statistics ---
	Number of preprocessor bound-tightening loop iterations: 8
	Number of eliminated variables: 0
	Number of constraints removed due to variable elimination: 0
	Number of equations removed due to variable elimination: 0
	--- Engine Statistics ---
	Number of main loop iterations: 268
		263 iterations were simplex steps. Total time: 67 milli. Average: 0.25 milli.
		0 iterations were constraint-fixing steps. Total time: 0 milli. Average: 0.00 milli
	Number of active piecewise-linear constraints: 56 / 300
		Constraints disabled by valid splits: 244. By SMT-originated splits: 0
	Last reported degradation: 0.0000000000. Max degradation so far: 0.0000000000. Restorations so far: 0
	Number of simplex pivots we attempted to skip because of instability: 0.
	Unstable pivots performed anyway: 0
	--- Tableau Statistics ---
	Total number of pivots performed: 254
		Real pivots: 243. Degenerate: 11 (4.33%)
		Degenerate pivots by request (e.g., to fix a PL constraint): 0 (0.00%)
		Average time per pivot: 0.03 milli
	Total number of fake pivots performed: 5
	Total number of rows added: 0. Number of merged columns: 0
	Current tableau dimensions: M = 604, N = 1518
	--- SMT Core Statistics ---
	Total depth is 1. Total visited states: 4. Number of splits: 1. Number of pops: 2
	Max stack depth: 1
	--- Bound Tightening Statistics ---
	Number of tightened bounds: 1251.
		Number of rows examined by row tightener: 254. Consequent tightenings: 0
		Number of explicit basis matrices examined by row tightener: 2. Consequent tightenings: 283
		Number of bound tightening rounds on the entire constraint matrix: 0. Consequent tightenings: 0
		Number of bound notifications sent to PL constraints: 4876. Tightenings proposed: 0
	--- Basis Factorization statistics ---
	Number of basis refactorizations: 4
	--- Projected Steepest Edge Statistics ---
	Number of iterations: 259.
	Number of resets to reference space: 2. Avg. iterations per reset: 129
	--- SBT ---
	Number of tightened bounds: 2000
	--- SoI-based local search ---
	Number of proposed phase pattern update: 1. Number of accepted update: 2 [200.00%]
	Total time (% of local search time) updating SoI phase pattern : 148 milli [0.38%]
	Total time obtaining current assignment: 234 milli [0.59%]
	Total time getting SoI phase pattern : 47 milli [0.04%]
	--- Context dependent statistics ---
	Number of pushes / pops: 2 / 2
		[0.02%] Pre-Push hook: 0 milli
		[0.01%] Push : 0 milli
		[0.03%] Post-Pop hook: 0 milli
		[0.01%] Pop : 0 milli
		[0.07%] Total context-switching time: 0 milli
	--- Proof Certificate ---
	Number of certified leaves: 0
	Number of leaves to delegate: 0
	Number of lemmas: 0
unsat
end run time: 10:36:58
DQN: Done solving. Time : 202 milli. 

