[912] processing ex_0913_label_0 …
start run time: 10:40:37
Network: /cs/labs/guykatz/maya.swisa/elbit/20_8/Marabou/resources/nnet/acasxu/ACASXU_experimental_v2a_1_1.nnet
Number of layers: 8. Input layer size: 5. Output layer size: 5. Number of ReLUs: 300
Total number of variables: 610
Property: /cs/labs/guykatz/maya.swisa/elbit/PROPERTY_1_08091/ex_0913_label_0/eps01.txt

Engine::processInputQuery: Input query (before preprocessing): 309 equations, 610 variables
Engine::processInputQuery: Input query (after preprocessing): 604 equations, 914 variables


Engine::solve: Initial statistics

10:40:37 Statistics update:
	--- Time Statistics ---
	Total time elapsed: 118 milli (00:00:00)
		Main loop: 0 milli (00:00:00)
		Preprocessing time: 64 milli (00:00:00)
		Unknown: 54 milli (00:00:00)
	Breakdown for main loop:
		[0.00%] Simplex steps: 0 milli
		[0.00%] Explicit-basis bound tightening: 0 milli
		[0.00%] Constraint-matrix bound tightening: 0 milli
		[0.00%] Degradation checking: 0 milli
		[0.00%] Precision restoration: 0 milli
		[0.00%] Statistics handling: 0 milli
		[0.00%] Constraint-fixing steps: 0 milli
		[0.00%] Valid case splits: 4 milli. Average per split: 0.00 milli
		[0.00%] Applying stored bound-tightening: 0 milli
		[0.00%] SMT core: 0 milli
		[0.00%] Symbolic Bound Tightening: 9 milli
		[0.00%] SoI-based local search: 0 milli
		[0.00%] SoI-based local search: 0 milli
		[0.00%] Unaccounted for: 0 milli
	--- Preprocessor Statistics ---
	Number of preprocessor bound-tightening loop iterations: 8
	Number of eliminated variables: 0
	Number of constraints removed due to variable elimination: 0
	Number of equations removed due to variable elimination: 0
	--- Engine Statistics ---
	Number of main loop iterations: 1
		0 iterations were simplex steps. Total time: 0 milli. Average: 0.00 milli.
		0 iterations were constraint-fixing steps. Total time: 0 milli. Average: 0.00 milli
	Number of active piecewise-linear constraints: 146 / 300
		Constraints disabled by valid splits: 154. By SMT-originated splits: 0
	Last reported degradation: 0.0000000000. Max degradation so far: 0.0000000000. Restorations so far: 0
	Number of simplex pivots we attempted to skip because of instability: 0.
	Unstable pivots performed anyway: 0
	--- Tableau Statistics ---
	Total number of pivots performed: 0
		Real pivots: 0. Degenerate: 0 (0.00%)
		Degenerate pivots by request (e.g., to fix a PL constraint): 0 (0.00%)
		Average time per pivot: 0.00 milli
	Total number of fake pivots performed: 0
	Total number of rows added: 0. Number of merged columns: 0
	Current tableau dimensions: M = 604, N = 1518
	--- SMT Core Statistics ---
	Total depth is 0. Total visited states: 1. Number of splits: 0. Number of pops: 0
	Max stack depth: 0
	--- Bound Tightening Statistics ---
	Number of tightened bounds: 0.
		Number of rows examined by row tightener: 0. Consequent tightenings: 0
		Number of explicit basis matrices examined by row tightener: 0. Consequent tightenings: 0
		Number of bound tightening rounds on the entire constraint matrix: 0. Consequent tightenings: 0
		Number of bound notifications sent to PL constraints: 1800. Tightenings proposed: 0
	--- Basis Factorization statistics ---
	Number of basis refactorizations: 2
	--- Projected Steepest Edge Statistics ---
	Number of iterations: 0.
	Number of resets to reference space: 1. Avg. iterations per reset: 0
	--- SBT ---
	Number of tightened bounds: 740
	--- SoI-based local search ---
	Number of proposed phase pattern update: 0. Number of accepted update: 0 [0.00%]
	Total time (% of local search time) updating SoI phase pattern : 0 milli [0.00%]
	Total time obtaining current assignment: 0 milli [0.00%]
	Total time getting SoI phase pattern : 0 milli [0.00%]
	--- Context dependent statistics ---
	Number of pushes / pops: 0 / 0
		[0.00%] Pre-Push hook: 0 milli
		[0.00%] Push : 0 milli
		[0.00%] Post-Pop hook: 0 milli
		[0.00%] Pop : 0 milli
		[0.00%] Total context-switching time: 0 milli
	--- Proof Certificate ---
	Number of certified leaves: 0
	Number of leaves to delegate: 0
	Number of lemmas: 0

---
start solving without an agent

Engine::solve: unsat query

10:41:15 Statistics update:
	--- Time Statistics ---
	Total time elapsed: 38422 milli (00:00:38)
		Main loop: 38298 milli (00:00:38)
		Preprocessing time: 64 milli (00:00:00)
		Unknown: 58 milli (00:00:00)
	Breakdown for main loop:
		[30.46%] Simplex steps: 11667 milli
		[12.10%] Explicit-basis bound tightening: 4633 milli
		[0.00%] Constraint-matrix bound tightening: 0 milli
		[0.15%] Degradation checking: 55 milli
		[0.00%] Precision restoration: 0 milli
		[0.05%] Statistics handling: 20 milli
		[0.00%] Constraint-fixing steps: 0 milli
		[0.51%] Valid case splits: 196 milli. Average per split: 0.00 milli
		[0.07%] Applying stored bound-tightening: 25 milli
		[3.07%] SMT core: 1175 milli
		[46.72%] Symbolic Bound Tightening: 17893 milli
		[25.25%] SoI-based local search: 9670 milli
		[0.00%] SoI-based local search: 0 milli
		[6.87%] Unaccounted for: 2630 milli
	--- Preprocessor Statistics ---
	Number of preprocessor bound-tightening loop iterations: 8
	Number of eliminated variables: 0
	Number of constraints removed due to variable elimination: 0
	Number of equations removed due to variable elimination: 0
	--- Engine Statistics ---
	Number of main loop iterations: 18216
		16344 iterations were simplex steps. Total time: 11667 milli. Average: 0.71 milli.
		0 iterations were constraint-fixing steps. Total time: 0 milli. Average: 0.00 milli
	Number of active piecewise-linear constraints: 71 / 300
		Constraints disabled by valid splits: 229. By SMT-originated splits: 0
	Last reported degradation: 0.0000000000. Max degradation so far: 0.0000000003. Restorations so far: 0
	Number of simplex pivots we attempted to skip because of instability: 11.
	Unstable pivots performed anyway: 1
	--- Tableau Statistics ---
	Total number of pivots performed: 11995
		Real pivots: 11873. Degenerate: 122 (1.02%)
		Degenerate pivots by request (e.g., to fix a PL constraint): 0 (0.00%)
		Average time per pivot: 0.08 milli
	Total number of fake pivots performed: 943
	Total number of rows added: 0. Number of merged columns: 0
	Current tableau dimensions: M = 604, N = 1518
	--- SMT Core Statistics ---
	Total depth is 4. Total visited states: 1386. Number of splits: 692. Number of pops: 693
	Max stack depth: 37
	--- Bound Tightening Statistics ---
	Number of tightened bounds: 334959.
		Number of rows examined by row tightener: 11995. Consequent tightenings: 3715
		Number of explicit basis matrices examined by row tightener: 200. Consequent tightenings: 45916
		Number of bound tightening rounds on the entire constraint matrix: 0. Consequent tightenings: 0
		Number of bound notifications sent to PL constraints: 508246. Tightenings proposed: 0
	--- Basis Factorization statistics ---
	Number of basis refactorizations: 103
	--- Projected Steepest Edge Statistics ---
	Number of iterations: 12948.
	Number of resets to reference space: 693. Avg. iterations per reset: 18
	--- SBT ---
	Number of tightened bounds: 335699
	--- SoI-based local search ---
	Number of proposed phase pattern update: 844. Number of accepted update: 1351 [160.07%]
	Total time (% of local search time) updating SoI phase pattern : 107046 milli [1.11%]
	Total time obtaining current assignment: 328392 milli [3.40%]
	Total time getting SoI phase pattern : 31843 milli [0.08%]
	--- Context dependent statistics ---
	Number of pushes / pops: 1384 / 1384
		[0.12%] Pre-Push hook: 46 milli
		[0.00%] Push : 0 milli
		[0.17%] Post-Pop hook: 64 milli
		[0.11%] Pop : 40 milli
		[0.39%] Total context-switching time: 151 milli
	--- Proof Certificate ---
	Number of certified leaves: 0
	Number of leaves to delegate: 0
	Number of lemmas: 0
unsat
end run time: 10:41:15
DQN: Done solving. Time : 38446 milli. 

start run time: 10:41:15
Network: /cs/labs/guykatz/maya.swisa/elbit/20_8/Marabou/resources/nnet/acasxu/ACASXU_experimental_v2a_1_1.nnet
Number of layers: 8. Input layer size: 5. Output layer size: 5. Number of ReLUs: 300
Total number of variables: 610
Property: /cs/labs/guykatz/maya.swisa/elbit/PROPERTY_1_08091/ex_0913_label_0/eps02.txt

Engine::processInputQuery: Input query (before preprocessing): 309 equations, 610 variables
Engine::processInputQuery: Input query (after preprocessing): 604 equations, 914 variables


Engine::solve: Initial statistics

10:41:15 Statistics update:
	--- Time Statistics ---
	Total time elapsed: 98 milli (00:00:00)
		Main loop: 0 milli (00:00:00)
		Preprocessing time: 50 milli (00:00:00)
		Unknown: 47 milli (00:00:00)
	Breakdown for main loop:
		[0.00%] Simplex steps: 0 milli
		[0.00%] Explicit-basis bound tightening: 0 milli
		[0.00%] Constraint-matrix bound tightening: 0 milli
		[0.00%] Degradation checking: 0 milli
		[0.00%] Precision restoration: 0 milli
		[0.00%] Statistics handling: 0 milli
		[0.00%] Constraint-fixing steps: 0 milli
		[0.00%] Valid case splits: 3 milli. Average per split: 0.00 milli
		[0.00%] Applying stored bound-tightening: 0 milli
		[0.00%] SMT core: 0 milli
		[0.00%] Symbolic Bound Tightening: 8 milli
		[0.00%] SoI-based local search: 0 milli
		[0.00%] SoI-based local search: 0 milli
		[0.00%] Unaccounted for: 0 milli
	--- Preprocessor Statistics ---
	Number of preprocessor bound-tightening loop iterations: 8
	Number of eliminated variables: 0
	Number of constraints removed due to variable elimination: 0
	Number of equations removed due to variable elimination: 0
	--- Engine Statistics ---
	Number of main loop iterations: 1
		0 iterations were simplex steps. Total time: 0 milli. Average: 0.00 milli.
		0 iterations were constraint-fixing steps. Total time: 0 milli. Average: 0.00 milli
	Number of active piecewise-linear constraints: 164 / 300
		Constraints disabled by valid splits: 136. By SMT-originated splits: 0
	Last reported degradation: 0.0000000000. Max degradation so far: 0.0000000000. Restorations so far: 0
	Number of simplex pivots we attempted to skip because of instability: 0.
	Unstable pivots performed anyway: 0
	--- Tableau Statistics ---
	Total number of pivots performed: 0
		Real pivots: 0. Degenerate: 0 (0.00%)
		Degenerate pivots by request (e.g., to fix a PL constraint): 0 (0.00%)
		Average time per pivot: 0.00 milli
	Total number of fake pivots performed: 0
	Total number of rows added: 0. Number of merged columns: 0
	Current tableau dimensions: M = 604, N = 1518
	--- SMT Core Statistics ---
	Total depth is 0. Total visited states: 1. Number of splits: 0. Number of pops: 0
	Max stack depth: 0
	--- Bound Tightening Statistics ---
	Number of tightened bounds: 0.
		Number of rows examined by row tightener: 0. Consequent tightenings: 0
		Number of explicit basis matrices examined by row tightener: 0. Consequent tightenings: 0
		Number of bound tightening rounds on the entire constraint matrix: 0. Consequent tightenings: 0
		Number of bound notifications sent to PL constraints: 1800. Tightenings proposed: 0
	--- Basis Factorization statistics ---
	Number of basis refactorizations: 2
	--- Projected Steepest Edge Statistics ---
	Number of iterations: 0.
	Number of resets to reference space: 1. Avg. iterations per reset: 0
	--- SBT ---
	Number of tightened bounds: 737
	--- SoI-based local search ---
	Number of proposed phase pattern update: 0. Number of accepted update: 0 [0.00%]
	Total time (% of local search time) updating SoI phase pattern : 0 milli [0.00%]
	Total time obtaining current assignment: 0 milli [0.00%]
	Total time getting SoI phase pattern : 0 milli [0.00%]
	--- Context dependent statistics ---
	Number of pushes / pops: 0 / 0
		[0.00%] Pre-Push hook: 0 milli
		[0.00%] Push : 0 milli
		[0.00%] Post-Pop hook: 0 milli
		[0.00%] Pop : 0 milli
		[0.00%] Total context-switching time: 0 milli
	--- Proof Certificate ---
	Number of certified leaves: 0
	Number of leaves to delegate: 0
	Number of lemmas: 0

---
start solving without an agent

Engine::solve: unsat query

10:43:04 Statistics update:
	--- Time Statistics ---
	Total time elapsed: 108630 milli (00:01:48)
		Main loop: 108516 milli (00:01:48)
		Preprocessing time: 50 milli (00:00:00)
		Unknown: 62 milli (00:00:00)
	Breakdown for main loop:
		[32.48%] Simplex steps: 35249 milli
		[12.39%] Explicit-basis bound tightening: 13449 milli
		[0.00%] Constraint-matrix bound tightening: 0 milli
		[0.16%] Degradation checking: 174 milli
		[0.00%] Precision restoration: 0 milli
		[0.07%] Statistics handling: 74 milli
		[0.00%] Constraint-fixing steps: 0 milli
		[0.57%] Valid case splits: 613 milli. Average per split: 0.00 milli
		[0.05%] Applying stored bound-tightening: 59 milli
		[2.90%] SMT core: 3141 milli
		[43.20%] Symbolic Bound Tightening: 46879 milli
		[26.05%] SoI-based local search: 28269 milli
		[0.00%] SoI-based local search: 0 milli
		[8.18%] Unaccounted for: 8874 milli
	--- Preprocessor Statistics ---
	Number of preprocessor bound-tightening loop iterations: 8
	Number of eliminated variables: 0
	Number of constraints removed due to variable elimination: 0
	Number of equations removed due to variable elimination: 0
	--- Engine Statistics ---
	Number of main loop iterations: 56831
		52079 iterations were simplex steps. Total time: 35249 milli. Average: 0.68 milli.
		0 iterations were constraint-fixing steps. Total time: 0 milli. Average: 0.00 milli
	Number of active piecewise-linear constraints: 41 / 300
		Constraints disabled by valid splits: 255. By SMT-originated splits: 4
	Last reported degradation: 0.0000000000. Max degradation so far: 0.0000000050. Restorations so far: 0
	Number of simplex pivots we attempted to skip because of instability: 59.
	Unstable pivots performed anyway: 1
	--- Tableau Statistics ---
	Total number of pivots performed: 38804
		Real pivots: 38507. Degenerate: 297 (0.77%)
		Degenerate pivots by request (e.g., to fix a PL constraint): 0 (0.00%)
		Average time per pivot: 0.08 milli
	Total number of fake pivots performed: 3583
	Total number of rows added: 0. Number of merged columns: 0
	Current tableau dimensions: M = 604, N = 1518
	--- SMT Core Statistics ---
	Total depth is 8. Total visited states: 3655. Number of splits: 1827. Number of pops: 1827
	Max stack depth: 37
	--- Bound Tightening Statistics ---
	Number of tightened bounds: 924869.
		Number of rows examined by row tightener: 38804. Consequent tightenings: 11342
		Number of explicit basis matrices examined by row tightener: 605. Consequent tightenings: 143091
		Number of bound tightening rounds on the entire constraint matrix: 0. Consequent tightenings: 0
		Number of bound notifications sent to PL constraints: 1599050. Tightenings proposed: 0
	--- Basis Factorization statistics ---
	Number of basis refactorizations: 322
	--- Projected Steepest Edge Statistics ---
	Number of iterations: 42445.
	Number of resets to reference space: 1828. Avg. iterations per reset: 23
	--- SBT ---
	Number of tightened bounds: 925606
	--- SoI-based local search ---
	Number of proposed phase pattern update: 2335. Number of accepted update: 3547 [151.91%]
	Total time (% of local search time) updating SoI phase pattern : 287259 milli [1.02%]
	Total time obtaining current assignment: 931304 milli [3.29%]
	Total time getting SoI phase pattern : 95660 milli [0.09%]
	--- Context dependent statistics ---
	Number of pushes / pops: 3654 / 3654
		[0.11%] Pre-Push hook: 115 milli
		[0.00%] Push : 0 milli
		[0.15%] Post-Pop hook: 160 milli
		[0.10%] Pop : 103 milli
		[0.35%] Total context-switching time: 380 milli
	--- Proof Certificate ---
	Number of certified leaves: 0
	Number of leaves to delegate: 0
	Number of lemmas: 0
unsat
end run time: 10:43:04
DQN: Done solving. Time : 108666 milli. 

start run time: 10:43:04
Network: /cs/labs/guykatz/maya.swisa/elbit/20_8/Marabou/resources/nnet/acasxu/ACASXU_experimental_v2a_1_1.nnet
Number of layers: 8. Input layer size: 5. Output layer size: 5. Number of ReLUs: 300
Total number of variables: 610
Property: /cs/labs/guykatz/maya.swisa/elbit/PROPERTY_1_08091/ex_0913_label_0/eps03.txt

Engine::processInputQuery: Input query (before preprocessing): 309 equations, 610 variables
Engine::processInputQuery: Input query (after preprocessing): 604 equations, 914 variables


Engine::solve: Initial statistics

10:43:04 Statistics update:
	--- Time Statistics ---
	Total time elapsed: 127 milli (00:00:00)
		Main loop: 0 milli (00:00:00)
		Preprocessing time: 79 milli (00:00:00)
		Unknown: 48 milli (00:00:00)
	Breakdown for main loop:
		[0.00%] Simplex steps: 0 milli
		[0.00%] Explicit-basis bound tightening: 0 milli
		[0.00%] Constraint-matrix bound tightening: 0 milli
		[0.00%] Degradation checking: 0 milli
		[0.00%] Precision restoration: 0 milli
		[0.00%] Statistics handling: 0 milli
		[0.00%] Constraint-fixing steps: 0 milli
		[0.00%] Valid case splits: 3 milli. Average per split: 0.00 milli
		[0.00%] Applying stored bound-tightening: 0 milli
		[0.00%] SMT core: 0 milli
		[0.00%] Symbolic Bound Tightening: 8 milli
		[0.00%] SoI-based local search: 0 milli
		[0.00%] SoI-based local search: 0 milli
		[0.00%] Unaccounted for: 0 milli
	--- Preprocessor Statistics ---
	Number of preprocessor bound-tightening loop iterations: 8
	Number of eliminated variables: 0
	Number of constraints removed due to variable elimination: 0
	Number of equations removed due to variable elimination: 0
	--- Engine Statistics ---
	Number of main loop iterations: 1
		0 iterations were simplex steps. Total time: 0 milli. Average: 0.00 milli.
		0 iterations were constraint-fixing steps. Total time: 0 milli. Average: 0.00 milli
	Number of active piecewise-linear constraints: 179 / 300
		Constraints disabled by valid splits: 121. By SMT-originated splits: 0
	Last reported degradation: 0.0000000000. Max degradation so far: 0.0000000000. Restorations so far: 0
	Number of simplex pivots we attempted to skip because of instability: 0.
	Unstable pivots performed anyway: 0
	--- Tableau Statistics ---
	Total number of pivots performed: 0
		Real pivots: 0. Degenerate: 0 (0.00%)
		Degenerate pivots by request (e.g., to fix a PL constraint): 0 (0.00%)
		Average time per pivot: 0.00 milli
	Total number of fake pivots performed: 0
	Total number of rows added: 0. Number of merged columns: 0
	Current tableau dimensions: M = 604, N = 1518
	--- SMT Core Statistics ---
	Total depth is 0. Total visited states: 1. Number of splits: 0. Number of pops: 0
	Max stack depth: 0
	--- Bound Tightening Statistics ---
	Number of tightened bounds: 0.
		Number of rows examined by row tightener: 0. Consequent tightenings: 0
		Number of explicit basis matrices examined by row tightener: 0. Consequent tightenings: 0
		Number of bound tightening rounds on the entire constraint matrix: 0. Consequent tightenings: 0
		Number of bound notifications sent to PL constraints: 1800. Tightenings proposed: 0
	--- Basis Factorization statistics ---
	Number of basis refactorizations: 2
	--- Projected Steepest Edge Statistics ---
	Number of iterations: 0.
	Number of resets to reference space: 1. Avg. iterations per reset: 0
	--- SBT ---
	Number of tightened bounds: 736
	--- SoI-based local search ---
	Number of proposed phase pattern update: 0. Number of accepted update: 0 [0.00%]
	Total time (% of local search time) updating SoI phase pattern : 0 milli [0.00%]
	Total time obtaining current assignment: 0 milli [0.00%]
	Total time getting SoI phase pattern : 0 milli [0.00%]
	--- Context dependent statistics ---
	Number of pushes / pops: 0 / 0
		[0.00%] Pre-Push hook: 0 milli
		[0.00%] Push : 0 milli
		[0.00%] Post-Pop hook: 0 milli
		[0.00%] Pop : 0 milli
		[0.00%] Total context-switching time: 0 milli
	--- Proof Certificate ---
	Number of certified leaves: 0
	Number of leaves to delegate: 0
	Number of lemmas: 0

---
start solving without an agent
Performing precision restoration. Degradation before: 0.000000684403287. After: 0.000000000000127
Performing precision restoration. Degradation before: 0.002238223509800. After: 0.000000000000507
Performing precision restoration. Degradation before: 0.000032063098179. After: 0.000000000000131

Engine::solve: unsat query

10:56:13 Statistics update:
	--- Time Statistics ---
	Total time elapsed: 788813 milli (00:13:08)
		Main loop: 788562 milli (00:13:08)
		Preprocessing time: 79 milli (00:00:00)
		Unknown: 172 milli (00:00:00)
	Breakdown for main loop:
		[33.68%] Simplex steps: 265625 milli
		[14.12%] Explicit-basis bound tightening: 111359 milli
		[0.00%] Constraint-matrix bound tightening: 0 milli
		[0.15%] Degradation checking: 1177 milli
		[0.00%] Precision restoration: 30 milli
		[0.07%] Statistics handling: 526 milli
		[0.00%] Constraint-fixing steps: 0 milli
		[0.48%] Valid case splits: 3769 milli. Average per split: 0.00 milli
		[0.05%] Applying stored bound-tightening: 383 milli
		[2.62%] SMT core: 20654 milli
		[36.31%] Symbolic Bound Tightening: 286303 milli
		[24.05%] SoI-based local search: 189645 milli
		[0.00%] SoI-based local search: 0 milli
		[12.52%] Unaccounted for: 98730 milli
	--- Preprocessor Statistics ---
	Number of preprocessor bound-tightening loop iterations: 8
	Number of eliminated variables: 0
	Number of constraints removed due to variable elimination: 0
	Number of equations removed due to variable elimination: 0
	--- Engine Statistics ---
	Number of main loop iterations: 436877
		406950 iterations were simplex steps. Total time: 265625 milli. Average: 0.65 milli.
		0 iterations were constraint-fixing steps. Total time: 0 milli. Average: 0.00 milli
	Number of active piecewise-linear constraints: 30 / 300
		Constraints disabled by valid splits: 262. By SMT-originated splits: 8
	Last reported degradation: 0.0000000000. Max degradation so far: 0.0047090783. Restorations so far: 3
	Number of simplex pivots we attempted to skip because of instability: 83.
	Unstable pivots performed anyway: 1
	--- Tableau Statistics ---
	Total number of pivots performed: 312987
		Real pivots: 311356. Degenerate: 1631 (0.52%)
		Degenerate pivots by request (e.g., to fix a PL constraint): 0 (0.00%)
		Average time per pivot: 0.07 milli
	Total number of fake pivots performed: 23823
	Total number of rows added: 0. Number of merged columns: 0
	Current tableau dimensions: M = 604, N = 1518
	--- SMT Core Statistics ---
	Total depth is 12. Total visited states: 24768. Number of splits: 12384. Number of pops: 12383
	Max stack depth: 56
	--- Bound Tightening Statistics ---
	Number of tightened bounds: 5264435.
		Number of rows examined by row tightener: 312987. Consequent tightenings: 99870
		Number of explicit basis matrices examined by row tightener: 4740. Consequent tightenings: 1054237
		Number of bound tightening rounds on the entire constraint matrix: 0. Consequent tightenings: 0
		Number of bound notifications sent to PL constraints: 10109043. Tightenings proposed: 0
	--- Basis Factorization statistics ---
	Number of basis refactorizations: 2332
	--- Projected Steepest Edge Statistics ---
	Number of iterations: 336892.
	Number of resets to reference space: 12419. Avg. iterations per reset: 27
	--- SBT ---
	Number of tightened bounds: 5256063
	--- SoI-based local search ---
	Number of proposed phase pattern update: 16008. Number of accepted update: 23938 [149.54%]
	Total time (% of local search time) updating SoI phase pattern : 1834612 milli [0.97%]
	Total time obtaining current assignment: 6210203 milli [3.27%]
	Total time getting SoI phase pattern : 660690 milli [0.08%]
	--- Context dependent statistics ---
	Number of pushes / pops: 24768 / 24768
		[0.09%] Pre-Push hook: 748 milli
		[0.00%] Push : 0 milli
		[0.10%] Post-Pop hook: 786 milli
		[0.08%] Pop : 612 milli
		[0.27%] Total context-switching time: 2147 milli
	--- Proof Certificate ---
	Number of certified leaves: 0
	Number of leaves to delegate: 0
	Number of lemmas: 0
unsat
end run time: 10:56:13
DQN: Done solving. Time : 788846 milli. 

