[111] processing ex_0112_label_0 …
start run time: 09:57:43
Network: /cs/labs/guykatz/maya.swisa/elbit/20_8/Marabou/resources/nnet/acasxu/ACASXU_experimental_v2a_1_1.nnet
Number of layers: 8. Input layer size: 5. Output layer size: 5. Number of ReLUs: 300
Total number of variables: 610
Property: /cs/labs/guykatz/maya.swisa/elbit/PROPERTY_1_08091/ex_0112_label_0/eps01.txt

Engine::processInputQuery: Input query (before preprocessing): 309 equations, 610 variables
Engine::processInputQuery: Input query (after preprocessing): 604 equations, 914 variables


Engine::solve: Initial statistics

09:57:43 Statistics update:
	--- Time Statistics ---
	Total time elapsed: 53 milli (00:00:00)
		Main loop: 0 milli (00:00:00)
		Preprocessing time: 38 milli (00:00:00)
		Unknown: 15 milli (00:00:00)
	Breakdown for main loop:
		[0.00%] Simplex steps: 0 milli
		[0.00%] Explicit-basis bound tightening: 0 milli
		[0.00%] Constraint-matrix bound tightening: 0 milli
		[0.00%] Degradation checking: 0 milli
		[0.00%] Precision restoration: 0 milli
		[0.00%] Statistics handling: 0 milli
		[0.00%] Constraint-fixing steps: 0 milli
		[0.00%] Valid case splits: 2 milli. Average per split: 0.00 milli
		[0.00%] Applying stored bound-tightening: 0 milli
		[0.00%] SMT core: 0 milli
		[0.00%] Symbolic Bound Tightening: 5 milli
		[0.00%] SoI-based local search: 0 milli
		[0.00%] SoI-based local search: 0 milli
		[0.00%] Unaccounted for: 0 milli
	--- Preprocessor Statistics ---
	Number of preprocessor bound-tightening loop iterations: 8
	Number of eliminated variables: 0
	Number of constraints removed due to variable elimination: 0
	Number of equations removed due to variable elimination: 0
	--- Engine Statistics ---
	Number of main loop iterations: 1
		0 iterations were simplex steps. Total time: 0 milli. Average: 0.00 milli.
		0 iterations were constraint-fixing steps. Total time: 0 milli. Average: 0.00 milli
	Number of active piecewise-linear constraints: 186 / 300
		Constraints disabled by valid splits: 114. By SMT-originated splits: 0
	Last reported degradation: 0.0000000000. Max degradation so far: 0.0000000000. Restorations so far: 0
	Number of simplex pivots we attempted to skip because of instability: 0.
	Unstable pivots performed anyway: 0
	--- Tableau Statistics ---
	Total number of pivots performed: 0
		Real pivots: 0. Degenerate: 0 (0.00%)
		Degenerate pivots by request (e.g., to fix a PL constraint): 0 (0.00%)
		Average time per pivot: 0.00 milli
	Total number of fake pivots performed: 0
	Total number of rows added: 0. Number of merged columns: 0
	Current tableau dimensions: M = 604, N = 1518
	--- SMT Core Statistics ---
	Total depth is 0. Total visited states: 1. Number of splits: 0. Number of pops: 0
	Max stack depth: 0
	--- Bound Tightening Statistics ---
	Number of tightened bounds: 0.
		Number of rows examined by row tightener: 0. Consequent tightenings: 0
		Number of explicit basis matrices examined by row tightener: 0. Consequent tightenings: 0
		Number of bound tightening rounds on the entire constraint matrix: 0. Consequent tightenings: 0
		Number of bound notifications sent to PL constraints: 1800. Tightenings proposed: 0
	--- Basis Factorization statistics ---
	Number of basis refactorizations: 2
	--- Projected Steepest Edge Statistics ---
	Number of iterations: 0.
	Number of resets to reference space: 1. Avg. iterations per reset: 0
	--- SBT ---
	Number of tightened bounds: 736
	--- SoI-based local search ---
	Number of proposed phase pattern update: 0. Number of accepted update: 0 [0.00%]
	Total time (% of local search time) updating SoI phase pattern : 0 milli [0.00%]
	Total time obtaining current assignment: 0 milli [0.00%]
	Total time getting SoI phase pattern : 0 milli [0.00%]
	--- Context dependent statistics ---
	Number of pushes / pops: 0 / 0
		[0.00%] Pre-Push hook: 0 milli
		[0.00%] Push : 0 milli
		[0.00%] Post-Pop hook: 0 milli
		[0.00%] Pop : 0 milli
		[0.00%] Total context-switching time: 0 milli
	--- Proof Certificate ---
	Number of certified leaves: 0
	Number of leaves to delegate: 0
	Number of lemmas: 0

---
start solving without an agent

Engine::solve: sat assignment found

09:58:01 Statistics update:
	--- Time Statistics ---
	Total time elapsed: 17745 milli (00:00:17)
		Main loop: 17687 milli (00:00:17)
		Preprocessing time: 38 milli (00:00:00)
		Unknown: 19 milli (00:00:00)
	Breakdown for main loop:
		[32.95%] Simplex steps: 5827 milli
		[12.04%] Explicit-basis bound tightening: 2129 milli
		[0.00%] Constraint-matrix bound tightening: 0 milli
		[0.15%] Degradation checking: 26 milli
		[0.00%] Precision restoration: 0 milli
		[0.02%] Statistics handling: 3 milli
		[0.00%] Constraint-fixing steps: 0 milli
		[0.41%] Valid case splits: 73 milli. Average per split: 0.00 milli
		[0.06%] Applying stored bound-tightening: 9 milli
		[2.93%] SMT core: 517 milli
		[43.01%] Symbolic Bound Tightening: 7606 milli
		[26.49%] SoI-based local search: 4685 milli
		[0.00%] SoI-based local search: 0 milli
		[8.44%] Unaccounted for: 1493 milli
	--- Preprocessor Statistics ---
	Number of preprocessor bound-tightening loop iterations: 8
	Number of eliminated variables: 0
	Number of constraints removed due to variable elimination: 0
	Number of equations removed due to variable elimination: 0
	--- Engine Statistics ---
	Number of main loop iterations: 16833
		15341 iterations were simplex steps. Total time: 5827 milli. Average: 0.38 milli.
		0 iterations were constraint-fixing steps. Total time: 0 milli. Average: 0.00 milli
	Number of active piecewise-linear constraints: 30 / 300
		Constraints disabled by valid splits: 244. By SMT-originated splits: 26
	Last reported degradation: 0.0000000000. Max degradation so far: 0.0000000006. Restorations so far: 0
	Number of simplex pivots we attempted to skip because of instability: 5.
	Unstable pivots performed anyway: 1
	--- Tableau Statistics ---
	Total number of pivots performed: 10678
		Real pivots: 10610. Degenerate: 68 (0.64%)
		Degenerate pivots by request (e.g., to fix a PL constraint): 0 (0.00%)
		Average time per pivot: 0.04 milli
	Total number of fake pivots performed: 1253
	Total number of rows added: 0. Number of merged columns: 0
	Current tableau dimensions: M = 604, N = 1518
	--- SMT Core Statistics ---
	Total depth is 30. Total visited states: 1226. Number of splits: 625. Number of pops: 600
	Max stack depth: 56
	--- Bound Tightening Statistics ---
	Number of tightened bounds: 232991.
		Number of rows examined by row tightener: 10678. Consequent tightenings: 4163
		Number of explicit basis matrices examined by row tightener: 161. Consequent tightenings: 39738
		Number of bound tightening rounds on the entire constraint matrix: 0. Consequent tightenings: 0
		Number of bound notifications sent to PL constraints: 404569. Tightenings proposed: 0
	--- Basis Factorization statistics ---
	Number of basis refactorizations: 87
	--- Projected Steepest Edge Statistics ---
	Number of iterations: 11935.
	Number of resets to reference space: 601. Avg. iterations per reset: 19
	--- SBT ---
	Number of tightened bounds: 233727
	--- SoI-based local search ---
	Number of proposed phase pattern update: 769. Number of accepted update: 1219 [158.52%]
	Total time (% of local search time) updating SoI phase pattern : 56903 milli [1.21%]
	Total time obtaining current assignment: 157837 milli [3.37%]
	Total time getting SoI phase pattern : 13528 milli [0.08%]
	--- Context dependent statistics ---
	Number of pushes / pops: 1225 / 1195
		[0.15%] Pre-Push hook: 26 milli
		[0.00%] Push : 0 milli
		[0.12%] Post-Pop hook: 21 milli
		[0.15%] Pop : 26 milli
		[0.42%] Total context-switching time: 74 milli
	--- Proof Certificate ---
	Number of certified leaves: 0
	Number of leaves to delegate: 0
	Number of lemmas: 0
sat
Input assignment:
	x0 = 0.556293
	x1 = 0.007542
	x2 = 0.041581
	x3 = 0.440112
	x4 = -0.453970

Output:
	y0 = -0.018302
	y1 = -0.013560
	y2 = -0.018302
	y3 = -0.012670
	y4 = -0.017692

end run time: 09:58:01
DQN: Done solving. Time : 17758 milli. 

start run time: 09:58:01
Network: /cs/labs/guykatz/maya.swisa/elbit/20_8/Marabou/resources/nnet/acasxu/ACASXU_experimental_v2a_1_1.nnet
Number of layers: 8. Input layer size: 5. Output layer size: 5. Number of ReLUs: 300
Total number of variables: 610
Property: /cs/labs/guykatz/maya.swisa/elbit/PROPERTY_1_08091/ex_0112_label_0/eps02.txt

Engine::processInputQuery: Input query (before preprocessing): 309 equations, 610 variables
Engine::processInputQuery: Input query (after preprocessing): 604 equations, 914 variables


Engine::solve: Initial statistics

09:58:01 Statistics update:
	--- Time Statistics ---
	Total time elapsed: 44 milli (00:00:00)
		Main loop: 0 milli (00:00:00)
		Preprocessing time: 28 milli (00:00:00)
		Unknown: 15 milli (00:00:00)
	Breakdown for main loop:
		[0.00%] Simplex steps: 0 milli
		[0.00%] Explicit-basis bound tightening: 0 milli
		[0.00%] Constraint-matrix bound tightening: 0 milli
		[0.00%] Degradation checking: 0 milli
		[0.00%] Precision restoration: 0 milli
		[0.00%] Statistics handling: 0 milli
		[0.00%] Constraint-fixing steps: 0 milli
		[0.00%] Valid case splits: 1 milli. Average per split: 0.00 milli
		[0.00%] Applying stored bound-tightening: 0 milli
		[0.00%] SMT core: 0 milli
		[0.00%] Symbolic Bound Tightening: 5 milli
		[0.00%] SoI-based local search: 0 milli
		[0.00%] SoI-based local search: 0 milli
		[0.00%] Unaccounted for: 0 milli
	--- Preprocessor Statistics ---
	Number of preprocessor bound-tightening loop iterations: 8
	Number of eliminated variables: 0
	Number of constraints removed due to variable elimination: 0
	Number of equations removed due to variable elimination: 0
	--- Engine Statistics ---
	Number of main loop iterations: 1
		0 iterations were simplex steps. Total time: 0 milli. Average: 0.00 milli.
		0 iterations were constraint-fixing steps. Total time: 0 milli. Average: 0.00 milli
	Number of active piecewise-linear constraints: 199 / 300
		Constraints disabled by valid splits: 101. By SMT-originated splits: 0
	Last reported degradation: 0.0000000000. Max degradation so far: 0.0000000000. Restorations so far: 0
	Number of simplex pivots we attempted to skip because of instability: 0.
	Unstable pivots performed anyway: 0
	--- Tableau Statistics ---
	Total number of pivots performed: 0
		Real pivots: 0. Degenerate: 0 (0.00%)
		Degenerate pivots by request (e.g., to fix a PL constraint): 0 (0.00%)
		Average time per pivot: 0.00 milli
	Total number of fake pivots performed: 0
	Total number of rows added: 0. Number of merged columns: 0
	Current tableau dimensions: M = 604, N = 1518
	--- SMT Core Statistics ---
	Total depth is 0. Total visited states: 1. Number of splits: 0. Number of pops: 0
	Max stack depth: 0
	--- Bound Tightening Statistics ---
	Number of tightened bounds: 0.
		Number of rows examined by row tightener: 0. Consequent tightenings: 0
		Number of explicit basis matrices examined by row tightener: 0. Consequent tightenings: 0
		Number of bound tightening rounds on the entire constraint matrix: 0. Consequent tightenings: 0
		Number of bound notifications sent to PL constraints: 1800. Tightenings proposed: 0
	--- Basis Factorization statistics ---
	Number of basis refactorizations: 2
	--- Projected Steepest Edge Statistics ---
	Number of iterations: 0.
	Number of resets to reference space: 1. Avg. iterations per reset: 0
	--- SBT ---
	Number of tightened bounds: 732
	--- SoI-based local search ---
	Number of proposed phase pattern update: 0. Number of accepted update: 0 [0.00%]
	Total time (% of local search time) updating SoI phase pattern : 0 milli [0.00%]
	Total time obtaining current assignment: 0 milli [0.00%]
	Total time getting SoI phase pattern : 0 milli [0.00%]
	--- Context dependent statistics ---
	Number of pushes / pops: 0 / 0
		[0.00%] Pre-Push hook: 0 milli
		[0.00%] Push : 0 milli
		[0.00%] Post-Pop hook: 0 milli
		[0.00%] Pop : 0 milli
		[0.00%] Total context-switching time: 0 milli
	--- Proof Certificate ---
	Number of certified leaves: 0
	Number of leaves to delegate: 0
	Number of lemmas: 0

---
start solving without an agent

Engine::solve: sat assignment found

09:58:07 Statistics update:
	--- Time Statistics ---
	Total time elapsed: 6234 milli (00:00:06)
		Main loop: 6188 milli (00:00:06)
		Preprocessing time: 28 milli (00:00:00)
		Unknown: 17 milli (00:00:00)
	Breakdown for main loop:
		[40.04%] Simplex steps: 2477 milli
		[18.97%] Explicit-basis bound tightening: 1173 milli
		[0.00%] Constraint-matrix bound tightening: 0 milli
		[0.15%] Degradation checking: 9 milli
		[0.00%] Precision restoration: 0 milli
		[0.09%] Statistics handling: 5 milli
		[0.00%] Constraint-fixing steps: 0 milli
		[0.66%] Valid case splits: 41 milli. Average per split: 0.00 milli
		[0.04%] Applying stored bound-tightening: 2 milli
		[1.75%] SMT core: 108 milli
		[31.71%] Symbolic Bound Tightening: 1962 milli
		[31.66%] SoI-based local search: 1959 milli
		[0.00%] SoI-based local search: 0 milli
		[6.59%] Unaccounted for: 407 milli
	--- Preprocessor Statistics ---
	Number of preprocessor bound-tightening loop iterations: 8
	Number of eliminated variables: 0
	Number of constraints removed due to variable elimination: 0
	Number of equations removed due to variable elimination: 0
	--- Engine Statistics ---
	Number of main loop iterations: 6117
		5720 iterations were simplex steps. Total time: 2477 milli. Average: 0.43 milli.
		0 iterations were constraint-fixing steps. Total time: 0 milli. Average: 0.00 milli
	Number of active piecewise-linear constraints: 52 / 300
		Constraints disabled by valid splits: 227. By SMT-originated splits: 21
	Last reported degradation: 0.0000000000. Max degradation so far: 0.0000000000. Restorations so far: 0
	Number of simplex pivots we attempted to skip because of instability: 24.
	Unstable pivots performed anyway: 0
	--- Tableau Statistics ---
	Total number of pivots performed: 4702
		Real pivots: 4668. Degenerate: 34 (0.72%)
		Degenerate pivots by request (e.g., to fix a PL constraint): 0 (0.00%)
		Average time per pivot: 0.04 milli
	Total number of fake pivots performed: 304
	Total number of rows added: 0. Number of merged columns: 0
	Current tableau dimensions: M = 604, N = 1518
	--- SMT Core Statistics ---
	Total depth is 25. Total visited states: 271. Number of splits: 145. Number of pops: 125
	Max stack depth: 25
	--- Bound Tightening Statistics ---
	Number of tightened bounds: 102875.
		Number of rows examined by row tightener: 4702. Consequent tightenings: 706
		Number of explicit basis matrices examined by row tightener: 72. Consequent tightenings: 13494
		Number of bound tightening rounds on the entire constraint matrix: 0. Consequent tightenings: 0
		Number of bound notifications sent to PL constraints: 177657. Tightenings proposed: 0
	--- Basis Factorization statistics ---
	Number of basis refactorizations: 43
	--- Projected Steepest Edge Statistics ---
	Number of iterations: 5030.
	Number of resets to reference space: 126. Avg. iterations per reset: 39
	--- SBT ---
	Number of tightened bounds: 103607
	--- SoI-based local search ---
	Number of proposed phase pattern update: 180. Number of accepted update: 283 [157.22%]
	Total time (% of local search time) updating SoI phase pattern : 15057 milli [0.77%]
	Total time obtaining current assignment: 36534 milli [1.86%]
	Total time getting SoI phase pattern : 6707 milli [0.11%]
	--- Context dependent statistics ---
	Number of pushes / pops: 270 / 245
		[0.10%] Pre-Push hook: 6 milli
		[0.00%] Push : 0 milli
		[0.09%] Post-Pop hook: 5 milli
		[0.10%] Pop : 6 milli
		[0.30%] Total context-switching time: 18 milli
	--- Proof Certificate ---
	Number of certified leaves: 0
	Number of leaves to delegate: 0
	Number of lemmas: 0
sat
Input assignment:
	x0 = 0.546293
	x1 = 0.004161
	x2 = 0.063148
	x3 = 0.452969
	x4 = -0.439835

Output:
	y0 = -0.018160
	y1 = -0.013830
	y2 = -0.018160
	y3 = -0.012985
	y4 = -0.017630

end run time: 09:58:07
DQN: Done solving. Time : 6243 milli. 

start run time: 09:58:07
Network: /cs/labs/guykatz/maya.swisa/elbit/20_8/Marabou/resources/nnet/acasxu/ACASXU_experimental_v2a_1_1.nnet
Number of layers: 8. Input layer size: 5. Output layer size: 5. Number of ReLUs: 300
Total number of variables: 610
Property: /cs/labs/guykatz/maya.swisa/elbit/PROPERTY_1_08091/ex_0112_label_0/eps03.txt

Engine::processInputQuery: Input query (before preprocessing): 309 equations, 610 variables
Engine::processInputQuery: Input query (after preprocessing): 604 equations, 914 variables


Engine::solve: Initial statistics

09:58:07 Statistics update:
	--- Time Statistics ---
	Total time elapsed: 90 milli (00:00:00)
		Main loop: 0 milli (00:00:00)
		Preprocessing time: 31 milli (00:00:00)
		Unknown: 59 milli (00:00:00)
	Breakdown for main loop:
		[0.00%] Simplex steps: 0 milli
		[0.00%] Explicit-basis bound tightening: 0 milli
		[0.00%] Constraint-matrix bound tightening: 0 milli
		[0.00%] Degradation checking: 0 milli
		[0.00%] Precision restoration: 0 milli
		[0.00%] Statistics handling: 0 milli
		[0.00%] Constraint-fixing steps: 0 milli
		[0.00%] Valid case splits: 1 milli. Average per split: 0.00 milli
		[0.00%] Applying stored bound-tightening: 0 milli
		[0.00%] SMT core: 0 milli
		[0.00%] Symbolic Bound Tightening: 5 milli
		[0.00%] SoI-based local search: 0 milli
		[0.00%] SoI-based local search: 0 milli
		[0.00%] Unaccounted for: 0 milli
	--- Preprocessor Statistics ---
	Number of preprocessor bound-tightening loop iterations: 8
	Number of eliminated variables: 0
	Number of constraints removed due to variable elimination: 0
	Number of equations removed due to variable elimination: 0
	--- Engine Statistics ---
	Number of main loop iterations: 1
		0 iterations were simplex steps. Total time: 0 milli. Average: 0.00 milli.
		0 iterations were constraint-fixing steps. Total time: 0 milli. Average: 0.00 milli
	Number of active piecewise-linear constraints: 215 / 300
		Constraints disabled by valid splits: 85. By SMT-originated splits: 0
	Last reported degradation: 0.0000000000. Max degradation so far: 0.0000000000. Restorations so far: 0
	Number of simplex pivots we attempted to skip because of instability: 0.
	Unstable pivots performed anyway: 0
	--- Tableau Statistics ---
	Total number of pivots performed: 0
		Real pivots: 0. Degenerate: 0 (0.00%)
		Degenerate pivots by request (e.g., to fix a PL constraint): 0 (0.00%)
		Average time per pivot: 0.00 milli
	Total number of fake pivots performed: 0
	Total number of rows added: 0. Number of merged columns: 0
	Current tableau dimensions: M = 604, N = 1518
	--- SMT Core Statistics ---
	Total depth is 0. Total visited states: 1. Number of splits: 0. Number of pops: 0
	Max stack depth: 0
	--- Bound Tightening Statistics ---
	Number of tightened bounds: 0.
		Number of rows examined by row tightener: 0. Consequent tightenings: 0
		Number of explicit basis matrices examined by row tightener: 0. Consequent tightenings: 0
		Number of bound tightening rounds on the entire constraint matrix: 0. Consequent tightenings: 0
		Number of bound notifications sent to PL constraints: 1800. Tightenings proposed: 0
	--- Basis Factorization statistics ---
	Number of basis refactorizations: 2
	--- Projected Steepest Edge Statistics ---
	Number of iterations: 0.
	Number of resets to reference space: 1. Avg. iterations per reset: 0
	--- SBT ---
	Number of tightened bounds: 733
	--- SoI-based local search ---
	Number of proposed phase pattern update: 0. Number of accepted update: 0 [0.00%]
	Total time (% of local search time) updating SoI phase pattern : 0 milli [0.00%]
	Total time obtaining current assignment: 0 milli [0.00%]
	Total time getting SoI phase pattern : 0 milli [0.00%]
	--- Context dependent statistics ---
	Number of pushes / pops: 0 / 0
		[0.00%] Pre-Push hook: 0 milli
		[0.00%] Push : 0 milli
		[0.00%] Post-Pop hook: 0 milli
		[0.00%] Pop : 0 milli
		[0.00%] Total context-switching time: 0 milli
	--- Proof Certificate ---
	Number of certified leaves: 0
	Number of leaves to delegate: 0
	Number of lemmas: 0

---
start solving without an agent

Engine::solve: sat assignment found

09:58:23 Statistics update:
	--- Time Statistics ---
	Total time elapsed: 15808 milli (00:00:15)
		Main loop: 15713 milli (00:00:15)
		Preprocessing time: 31 milli (00:00:00)
		Unknown: 63 milli (00:00:00)
	Breakdown for main loop:
		[36.51%] Simplex steps: 5737 milli
		[15.25%] Explicit-basis bound tightening: 2396 milli
		[0.00%] Constraint-matrix bound tightening: 0 milli
		[0.14%] Degradation checking: 22 milli
		[0.00%] Precision restoration: 0 milli
		[0.08%] Statistics handling: 13 milli
		[0.00%] Constraint-fixing steps: 0 milli
		[0.59%] Valid case splits: 93 milli. Average per split: 0.00 milli
		[0.04%] Applying stored bound-tightening: 6 milli
		[2.31%] SMT core: 362 milli
		[37.83%] Symbolic Bound Tightening: 5943 milli
		[29.82%] SoI-based local search: 4685 milli
		[0.00%] SoI-based local search: 0 milli
		[7.23%] Unaccounted for: 1136 milli
	--- Preprocessor Statistics ---
	Number of preprocessor bound-tightening loop iterations: 8
	Number of eliminated variables: 0
	Number of constraints removed due to variable elimination: 0
	Number of equations removed due to variable elimination: 0
	--- Engine Statistics ---
	Number of main loop iterations: 14661
		13474 iterations were simplex steps. Total time: 5737 milli. Average: 0.43 milli.
		0 iterations were constraint-fixing steps. Total time: 0 milli. Average: 0.00 milli
	Number of active piecewise-linear constraints: 58 / 300
		Constraints disabled by valid splits: 220. By SMT-originated splits: 22
	Last reported degradation: 0.0000000000. Max degradation so far: 0.0000000028. Restorations so far: 0
	Number of simplex pivots we attempted to skip because of instability: 49.
	Unstable pivots performed anyway: 3
	--- Tableau Statistics ---
	Total number of pivots performed: 10539
		Real pivots: 10445. Degenerate: 94 (0.89%)
		Degenerate pivots by request (e.g., to fix a PL constraint): 0 (0.00%)
		Average time per pivot: 0.04 milli
	Total number of fake pivots performed: 740
	Total number of rows added: 0. Number of merged columns: 0
	Current tableau dimensions: M = 604, N = 1518
	--- SMT Core Statistics ---
	Total depth is 26. Total visited states: 844. Number of splits: 433. Number of pops: 410
	Max stack depth: 51
	--- Bound Tightening Statistics ---
	Number of tightened bounds: 266628.
		Number of rows examined by row tightener: 10539. Consequent tightenings: 2134
		Number of explicit basis matrices examined by row tightener: 155. Consequent tightenings: 25620
		Number of bound tightening rounds on the entire constraint matrix: 0. Consequent tightenings: 0
		Number of bound notifications sent to PL constraints: 434439. Tightenings proposed: 0
	--- Basis Factorization statistics ---
	Number of basis refactorizations: 95
	--- Projected Steepest Edge Statistics ---
	Number of iterations: 11325.
	Number of resets to reference space: 411. Avg. iterations per reset: 27
	--- SBT ---
	Number of tightened bounds: 267361
	--- SoI-based local search ---
	Number of proposed phase pattern update: 552. Number of accepted update: 845 [153.08%]
	Total time (% of local search time) updating SoI phase pattern : 42635 milli [0.91%]
	Total time obtaining current assignment: 113243 milli [2.42%]
	Total time getting SoI phase pattern : 18588 milli [0.12%]
	--- Context dependent statistics ---
	Number of pushes / pops: 843 / 817
		[0.12%] Pre-Push hook: 18 milli
		[0.00%] Push : 0 milli
		[0.12%] Post-Pop hook: 19 milli
		[0.13%] Pop : 20 milli
		[0.37%] Total context-switching time: 58 milli
	--- Proof Certificate ---
	Number of certified leaves: 0
	Number of leaves to delegate: 0
	Number of lemmas: 0
sat
Input assignment:
	x0 = 0.536293
	x1 = 0.002513
	x2 = 0.074303
	x3 = 0.456137
	x4 = -0.434835

Output:
	y0 = -0.018072
	y1 = -0.013947
	y2 = -0.018072
	y3 = -0.013123
	y4 = -0.017577

end run time: 09:58:23
DQN: Done solving. Time : 15818 milli. 

