[160] processing ex_0161_label_0 …
start run time: 09:58:28
Network: /cs/labs/guykatz/maya.swisa/elbit/20_8/Marabou/resources/nnet/acasxu/ACASXU_experimental_v2a_1_1.nnet
Number of layers: 8. Input layer size: 5. Output layer size: 5. Number of ReLUs: 300
Total number of variables: 610
Property: /cs/labs/guykatz/maya.swisa/elbit/PROPERTY_1_08091/ex_0161_label_0/eps01.txt

Engine::processInputQuery: Input query (before preprocessing): 309 equations, 610 variables
Engine::processInputQuery: Input query (after preprocessing): 604 equations, 914 variables


Engine::solve: Initial statistics

09:58:28 Statistics update:
	--- Time Statistics ---
	Total time elapsed: 98 milli (00:00:00)
		Main loop: 0 milli (00:00:00)
		Preprocessing time: 64 milli (00:00:00)
		Unknown: 33 milli (00:00:00)
	Breakdown for main loop:
		[0.00%] Simplex steps: 0 milli
		[0.00%] Explicit-basis bound tightening: 0 milli
		[0.00%] Constraint-matrix bound tightening: 0 milli
		[0.00%] Degradation checking: 0 milli
		[0.00%] Precision restoration: 0 milli
		[0.00%] Statistics handling: 0 milli
		[0.00%] Constraint-fixing steps: 0 milli
		[0.00%] Valid case splits: 4 milli. Average per split: 0.00 milli
		[0.00%] Applying stored bound-tightening: 0 milli
		[0.00%] SMT core: 0 milli
		[0.00%] Symbolic Bound Tightening: 8 milli
		[0.00%] SoI-based local search: 0 milli
		[0.00%] SoI-based local search: 0 milli
		[0.00%] Unaccounted for: 0 milli
	--- Preprocessor Statistics ---
	Number of preprocessor bound-tightening loop iterations: 8
	Number of eliminated variables: 0
	Number of constraints removed due to variable elimination: 0
	Number of equations removed due to variable elimination: 0
	--- Engine Statistics ---
	Number of main loop iterations: 1
		0 iterations were simplex steps. Total time: 0 milli. Average: 0.00 milli.
		0 iterations were constraint-fixing steps. Total time: 0 milli. Average: 0.00 milli
	Number of active piecewise-linear constraints: 140 / 300
		Constraints disabled by valid splits: 160. By SMT-originated splits: 0
	Last reported degradation: 0.0000000000. Max degradation so far: 0.0000000000. Restorations so far: 0
	Number of simplex pivots we attempted to skip because of instability: 0.
	Unstable pivots performed anyway: 0
	--- Tableau Statistics ---
	Total number of pivots performed: 0
		Real pivots: 0. Degenerate: 0 (0.00%)
		Degenerate pivots by request (e.g., to fix a PL constraint): 0 (0.00%)
		Average time per pivot: 0.00 milli
	Total number of fake pivots performed: 0
	Total number of rows added: 0. Number of merged columns: 0
	Current tableau dimensions: M = 604, N = 1518
	--- SMT Core Statistics ---
	Total depth is 0. Total visited states: 1. Number of splits: 0. Number of pops: 0
	Max stack depth: 0
	--- Bound Tightening Statistics ---
	Number of tightened bounds: 0.
		Number of rows examined by row tightener: 0. Consequent tightenings: 0
		Number of explicit basis matrices examined by row tightener: 0. Consequent tightenings: 0
		Number of bound tightening rounds on the entire constraint matrix: 0. Consequent tightenings: 0
		Number of bound notifications sent to PL constraints: 1800. Tightenings proposed: 0
	--- Basis Factorization statistics ---
	Number of basis refactorizations: 2
	--- Projected Steepest Edge Statistics ---
	Number of iterations: 0.
	Number of resets to reference space: 1. Avg. iterations per reset: 0
	--- SBT ---
	Number of tightened bounds: 743
	--- SoI-based local search ---
	Number of proposed phase pattern update: 0. Number of accepted update: 0 [0.00%]
	Total time (% of local search time) updating SoI phase pattern : 0 milli [0.00%]
	Total time obtaining current assignment: 0 milli [0.00%]
	Total time getting SoI phase pattern : 0 milli [0.00%]
	--- Context dependent statistics ---
	Number of pushes / pops: 0 / 0
		[0.00%] Pre-Push hook: 0 milli
		[0.00%] Push : 0 milli
		[0.00%] Post-Pop hook: 0 milli
		[0.00%] Pop : 0 milli
		[0.00%] Total context-switching time: 0 milli
	--- Proof Certificate ---
	Number of certified leaves: 0
	Number of leaves to delegate: 0
	Number of lemmas: 0

---
start solving without an agent

Engine::solve: unsat query

09:59:15 Statistics update:
	--- Time Statistics ---
	Total time elapsed: 47240 milli (00:00:47)
		Main loop: 47132 milli (00:00:47)
		Preprocessing time: 64 milli (00:00:00)
		Unknown: 42 milli (00:00:00)
	Breakdown for main loop:
		[30.85%] Simplex steps: 14542 milli
		[17.90%] Explicit-basis bound tightening: 8436 milli
		[0.00%] Constraint-matrix bound tightening: 0 milli
		[0.17%] Degradation checking: 80 milli
		[0.00%] Precision restoration: 0 milli
		[0.06%] Statistics handling: 26 milli
		[0.00%] Constraint-fixing steps: 0 milli
		[0.55%] Valid case splits: 259 milli. Average per split: 0.00 milli
		[0.04%] Applying stored bound-tightening: 19 milli
		[2.48%] SMT core: 1167 milli
		[40.08%] Symbolic Bound Tightening: 18891 milli
		[23.06%] SoI-based local search: 10870 milli
		[0.00%] SoI-based local search: 0 milli
		[7.87%] Unaccounted for: 3709 milli
	--- Preprocessor Statistics ---
	Number of preprocessor bound-tightening loop iterations: 8
	Number of eliminated variables: 0
	Number of constraints removed due to variable elimination: 0
	Number of equations removed due to variable elimination: 0
	--- Engine Statistics ---
	Number of main loop iterations: 29908
		27767 iterations were simplex steps. Total time: 14542 milli. Average: 0.52 milli.
		0 iterations were constraint-fixing steps. Total time: 0 milli. Average: 0.00 milli
	Number of active piecewise-linear constraints: 50 / 300
		Constraints disabled by valid splits: 244. By SMT-originated splits: 6
	Last reported degradation: 0.0000000000. Max degradation so far: 0.0000001835. Restorations so far: 0
	Number of simplex pivots we attempted to skip because of instability: 5.
	Unstable pivots performed anyway: 0
	--- Tableau Statistics ---
	Total number of pivots performed: 21407
		Real pivots: 21240. Degenerate: 167 (0.78%)
		Degenerate pivots by request (e.g., to fix a PL constraint): 0 (0.00%)
		Average time per pivot: 0.06 milli
	Total number of fake pivots performed: 1991
	Total number of rows added: 0. Number of merged columns: 0
	Current tableau dimensions: M = 604, N = 1518
	--- SMT Core Statistics ---
	Total depth is 10. Total visited states: 1654. Number of splits: 826. Number of pops: 827
	Max stack depth: 29
	--- Bound Tightening Statistics ---
	Number of tightened bounds: 411008.
		Number of rows examined by row tightener: 21407. Consequent tightenings: 5925
		Number of explicit basis matrices examined by row tightener: 393. Consequent tightenings: 97498
		Number of bound tightening rounds on the entire constraint matrix: 0. Consequent tightenings: 0
		Number of bound notifications sent to PL constraints: 742409. Tightenings proposed: 0
	--- Basis Factorization statistics ---
	Number of basis refactorizations: 181
	--- Projected Steepest Edge Statistics ---
	Number of iterations: 23403.
	Number of resets to reference space: 827. Avg. iterations per reset: 28
	--- SBT ---
	Number of tightened bounds: 411751
	--- SoI-based local search ---
	Number of proposed phase pattern update: 1050. Number of accepted update: 1613 [153.62%]
	Total time (% of local search time) updating SoI phase pattern : 106827 milli [0.98%]
	Total time obtaining current assignment: 311286 milli [2.86%]
	Total time getting SoI phase pattern : 35257 milli [0.07%]
	--- Context dependent statistics ---
	Number of pushes / pops: 1652 / 1652
		[0.09%] Pre-Push hook: 41 milli
		[0.00%] Push : 0 milli
		[0.10%] Post-Pop hook: 48 milli
		[0.08%] Pop : 36 milli
		[0.27%] Total context-switching time: 126 milli
	--- Proof Certificate ---
	Number of certified leaves: 0
	Number of leaves to delegate: 0
	Number of lemmas: 0
unsat
end run time: 09:59:15
DQN: Done solving. Time : 47254 milli. 

start run time: 09:59:15
Network: /cs/labs/guykatz/maya.swisa/elbit/20_8/Marabou/resources/nnet/acasxu/ACASXU_experimental_v2a_1_1.nnet
Number of layers: 8. Input layer size: 5. Output layer size: 5. Number of ReLUs: 300
Total number of variables: 610
Property: /cs/labs/guykatz/maya.swisa/elbit/PROPERTY_1_08091/ex_0161_label_0/eps02.txt

Engine::processInputQuery: Input query (before preprocessing): 309 equations, 610 variables
Engine::processInputQuery: Input query (after preprocessing): 604 equations, 914 variables


Engine::solve: Initial statistics

09:59:15 Statistics update:
	--- Time Statistics ---
	Total time elapsed: 72 milli (00:00:00)
		Main loop: 0 milli (00:00:00)
		Preprocessing time: 46 milli (00:00:00)
		Unknown: 25 milli (00:00:00)
	Breakdown for main loop:
		[0.00%] Simplex steps: 0 milli
		[0.00%] Explicit-basis bound tightening: 0 milli
		[0.00%] Constraint-matrix bound tightening: 0 milli
		[0.00%] Degradation checking: 0 milli
		[0.00%] Precision restoration: 0 milli
		[0.00%] Statistics handling: 0 milli
		[0.00%] Constraint-fixing steps: 0 milli
		[0.00%] Valid case splits: 3 milli. Average per split: 0.00 milli
		[0.00%] Applying stored bound-tightening: 0 milli
		[0.00%] SMT core: 0 milli
		[0.00%] Symbolic Bound Tightening: 8 milli
		[0.00%] SoI-based local search: 0 milli
		[0.00%] SoI-based local search: 0 milli
		[0.00%] Unaccounted for: 0 milli
	--- Preprocessor Statistics ---
	Number of preprocessor bound-tightening loop iterations: 8
	Number of eliminated variables: 0
	Number of constraints removed due to variable elimination: 0
	Number of equations removed due to variable elimination: 0
	--- Engine Statistics ---
	Number of main loop iterations: 1
		0 iterations were simplex steps. Total time: 0 milli. Average: 0.00 milli.
		0 iterations were constraint-fixing steps. Total time: 0 milli. Average: 0.00 milli
	Number of active piecewise-linear constraints: 158 / 300
		Constraints disabled by valid splits: 142. By SMT-originated splits: 0
	Last reported degradation: 0.0000000000. Max degradation so far: 0.0000000000. Restorations so far: 0
	Number of simplex pivots we attempted to skip because of instability: 0.
	Unstable pivots performed anyway: 0
	--- Tableau Statistics ---
	Total number of pivots performed: 0
		Real pivots: 0. Degenerate: 0 (0.00%)
		Degenerate pivots by request (e.g., to fix a PL constraint): 0 (0.00%)
		Average time per pivot: 0.00 milli
	Total number of fake pivots performed: 0
	Total number of rows added: 0. Number of merged columns: 0
	Current tableau dimensions: M = 604, N = 1518
	--- SMT Core Statistics ---
	Total depth is 0. Total visited states: 1. Number of splits: 0. Number of pops: 0
	Max stack depth: 0
	--- Bound Tightening Statistics ---
	Number of tightened bounds: 0.
		Number of rows examined by row tightener: 0. Consequent tightenings: 0
		Number of explicit basis matrices examined by row tightener: 0. Consequent tightenings: 0
		Number of bound tightening rounds on the entire constraint matrix: 0. Consequent tightenings: 0
		Number of bound notifications sent to PL constraints: 1800. Tightenings proposed: 0
	--- Basis Factorization statistics ---
	Number of basis refactorizations: 2
	--- Projected Steepest Edge Statistics ---
	Number of iterations: 0.
	Number of resets to reference space: 1. Avg. iterations per reset: 0
	--- SBT ---
	Number of tightened bounds: 740
	--- SoI-based local search ---
	Number of proposed phase pattern update: 0. Number of accepted update: 0 [0.00%]
	Total time (% of local search time) updating SoI phase pattern : 0 milli [0.00%]
	Total time obtaining current assignment: 0 milli [0.00%]
	Total time getting SoI phase pattern : 0 milli [0.00%]
	--- Context dependent statistics ---
	Number of pushes / pops: 0 / 0
		[0.00%] Pre-Push hook: 0 milli
		[0.00%] Push : 0 milli
		[0.00%] Post-Pop hook: 0 milli
		[0.00%] Pop : 0 milli
		[0.00%] Total context-switching time: 0 milli
	--- Proof Certificate ---
	Number of certified leaves: 0
	Number of leaves to delegate: 0
	Number of lemmas: 0

---
start solving without an agent
Performing precision restoration. Degradation before: 0.000001865779962. After: 0.000000000000096

Engine::solve: unsat query

10:02:45 Statistics update:
	--- Time Statistics ---
	Total time elapsed: 210157 milli (00:03:30)
		Main loop: 210043 milli (00:03:30)
		Preprocessing time: 46 milli (00:00:00)
		Unknown: 66 milli (00:00:00)
	Breakdown for main loop:
		[33.59%] Simplex steps: 70557 milli
		[15.13%] Explicit-basis bound tightening: 31779 milli
		[0.00%] Constraint-matrix bound tightening: 0 milli
		[0.17%] Degradation checking: 358 milli
		[0.00%] Precision restoration: 8 milli
		[0.08%] Statistics handling: 157 milli
		[0.00%] Constraint-fixing steps: 0 milli
		[0.48%] Valid case splits: 1007 milli. Average per split: 0.00 milli
		[0.05%] Applying stored bound-tightening: 106 milli
		[2.76%] SMT core: 5800 milli
		[39.75%] Symbolic Bound Tightening: 83498 milli
		[24.05%] SoI-based local search: 50519 milli
		[0.00%] SoI-based local search: 0 milli
		[7.98%] Unaccounted for: 16767 milli
	--- Preprocessor Statistics ---
	Number of preprocessor bound-tightening loop iterations: 8
	Number of eliminated variables: 0
	Number of constraints removed due to variable elimination: 0
	Number of equations removed due to variable elimination: 0
	--- Engine Statistics ---
	Number of main loop iterations: 137673
		128437 iterations were simplex steps. Total time: 70557 milli. Average: 0.55 milli.
		0 iterations were constraint-fixing steps. Total time: 0 milli. Average: 0.00 milli
	Number of active piecewise-linear constraints: 58 / 300
		Constraints disabled by valid splits: 236. By SMT-originated splits: 6
	Last reported degradation: 0.0000000000. Max degradation so far: 0.0000198696. Restorations so far: 1
	Number of simplex pivots we attempted to skip because of instability: 60.
	Unstable pivots performed anyway: 3
	--- Tableau Statistics ---
	Total number of pivots performed: 101760
		Real pivots: 101156. Degenerate: 604 (0.59%)
		Degenerate pivots by request (e.g., to fix a PL constraint): 0 (0.00%)
		Average time per pivot: 0.07 milli
	Total number of fake pivots performed: 7362
	Total number of rows added: 0. Number of merged columns: 0
	Current tableau dimensions: M = 604, N = 1518
	--- SMT Core Statistics ---
	Total depth is 10. Total visited states: 7228. Number of splits: 3613. Number of pops: 3614
	Max stack depth: 36
	--- Bound Tightening Statistics ---
	Number of tightened bounds: 1856065.
		Number of rows examined by row tightener: 101760. Consequent tightenings: 23014
		Number of explicit basis matrices examined by row tightener: 1372. Consequent tightenings: 340915
		Number of bound tightening rounds on the entire constraint matrix: 0. Consequent tightenings: 0
		Number of bound notifications sent to PL constraints: 3256992. Tightenings proposed: 0
	--- Basis Factorization statistics ---
	Number of basis refactorizations: 783
	--- Projected Steepest Edge Statistics ---
	Number of iterations: 109179.
	Number of resets to reference space: 3625. Avg. iterations per reset: 30
	--- SBT ---
	Number of tightened bounds: 1853769
	--- SoI-based local search ---
	Number of proposed phase pattern update: 4526. Number of accepted update: 7043 [155.61%]
	Total time (% of local search time) updating SoI phase pattern : 508701 milli [1.01%]
	Total time obtaining current assignment: 1647599 milli [3.26%]
	Total time getting SoI phase pattern : 155149 milli [0.07%]
	--- Context dependent statistics ---
	Number of pushes / pops: 7226 / 7226
		[0.10%] Pre-Push hook: 207 milli
		[0.00%] Push : 0 milli
		[0.13%] Post-Pop hook: 271 milli
		[0.08%] Pop : 178 milli
		[0.31%] Total context-switching time: 657 milli
	--- Proof Certificate ---
	Number of certified leaves: 0
	Number of leaves to delegate: 0
	Number of lemmas: 0
unsat
end run time: 10:02:45
DQN: Done solving. Time : 210166 milli. 

start run time: 10:02:45
Network: /cs/labs/guykatz/maya.swisa/elbit/20_8/Marabou/resources/nnet/acasxu/ACASXU_experimental_v2a_1_1.nnet
Number of layers: 8. Input layer size: 5. Output layer size: 5. Number of ReLUs: 300
Total number of variables: 610
Property: /cs/labs/guykatz/maya.swisa/elbit/PROPERTY_1_08091/ex_0161_label_0/eps03.txt

Engine::processInputQuery: Input query (before preprocessing): 309 equations, 610 variables
Engine::processInputQuery: Input query (after preprocessing): 604 equations, 914 variables


Engine::solve: Initial statistics

10:02:45 Statistics update:
	--- Time Statistics ---
	Total time elapsed: 76 milli (00:00:00)
		Main loop: 0 milli (00:00:00)
		Preprocessing time: 42 milli (00:00:00)
		Unknown: 33 milli (00:00:00)
	Breakdown for main loop:
		[0.00%] Simplex steps: 0 milli
		[0.00%] Explicit-basis bound tightening: 0 milli
		[0.00%] Constraint-matrix bound tightening: 0 milli
		[0.00%] Degradation checking: 0 milli
		[0.00%] Precision restoration: 0 milli
		[0.00%] Statistics handling: 0 milli
		[0.00%] Constraint-fixing steps: 0 milli
		[0.00%] Valid case splits: 2 milli. Average per split: 0.00 milli
		[0.00%] Applying stored bound-tightening: 0 milli
		[0.00%] SMT core: 0 milli
		[0.00%] Symbolic Bound Tightening: 7 milli
		[0.00%] SoI-based local search: 0 milli
		[0.00%] SoI-based local search: 0 milli
		[0.00%] Unaccounted for: 0 milli
	--- Preprocessor Statistics ---
	Number of preprocessor bound-tightening loop iterations: 8
	Number of eliminated variables: 0
	Number of constraints removed due to variable elimination: 0
	Number of equations removed due to variable elimination: 0
	--- Engine Statistics ---
	Number of main loop iterations: 1
		0 iterations were simplex steps. Total time: 0 milli. Average: 0.00 milli.
		0 iterations were constraint-fixing steps. Total time: 0 milli. Average: 0.00 milli
	Number of active piecewise-linear constraints: 182 / 300
		Constraints disabled by valid splits: 118. By SMT-originated splits: 0
	Last reported degradation: 0.0000000000. Max degradation so far: 0.0000000000. Restorations so far: 0
	Number of simplex pivots we attempted to skip because of instability: 0.
	Unstable pivots performed anyway: 0
	--- Tableau Statistics ---
	Total number of pivots performed: 0
		Real pivots: 0. Degenerate: 0 (0.00%)
		Degenerate pivots by request (e.g., to fix a PL constraint): 0 (0.00%)
		Average time per pivot: 0.00 milli
	Total number of fake pivots performed: 0
	Total number of rows added: 0. Number of merged columns: 0
	Current tableau dimensions: M = 604, N = 1518
	--- SMT Core Statistics ---
	Total depth is 0. Total visited states: 1. Number of splits: 0. Number of pops: 0
	Max stack depth: 0
	--- Bound Tightening Statistics ---
	Number of tightened bounds: 0.
		Number of rows examined by row tightener: 0. Consequent tightenings: 0
		Number of explicit basis matrices examined by row tightener: 0. Consequent tightenings: 0
		Number of bound tightening rounds on the entire constraint matrix: 0. Consequent tightenings: 0
		Number of bound notifications sent to PL constraints: 1800. Tightenings proposed: 0
	--- Basis Factorization statistics ---
	Number of basis refactorizations: 2
	--- Projected Steepest Edge Statistics ---
	Number of iterations: 0.
	Number of resets to reference space: 1. Avg. iterations per reset: 0
	--- SBT ---
	Number of tightened bounds: 737
	--- SoI-based local search ---
	Number of proposed phase pattern update: 0. Number of accepted update: 0 [0.00%]
	Total time (% of local search time) updating SoI phase pattern : 0 milli [0.00%]
	Total time obtaining current assignment: 0 milli [0.00%]
	Total time getting SoI phase pattern : 0 milli [0.00%]
	--- Context dependent statistics ---
	Number of pushes / pops: 0 / 0
		[0.00%] Pre-Push hook: 0 milli
		[0.00%] Push : 0 milli
		[0.00%] Post-Pop hook: 0 milli
		[0.00%] Pop : 0 milli
		[0.00%] Total context-switching time: 0 milli
	--- Proof Certificate ---
	Number of certified leaves: 0
	Number of leaves to delegate: 0
	Number of lemmas: 0

---
start solving without an agent
Performing precision restoration. Degradation before: 0.001240346611238. After: 0.000000000000108
Performing precision restoration. Degradation before: 0.000008375468764. After: 0.000000000000120

Engine::solve: unsat query

10:35:25 Statistics update:
	--- Time Statistics ---
	Total time elapsed: 1960308 milli (00:32:40)
		Main loop: 1959940 milli (00:32:39)
		Preprocessing time: 42 milli (00:00:00)
		Unknown: 325 milli (00:00:00)
	Breakdown for main loop:
		[30.86%] Simplex steps: 604846 milli
		[11.92%] Explicit-basis bound tightening: 233676 milli
		[0.00%] Constraint-matrix bound tightening: 0 milli
		[0.15%] Degradation checking: 3011 milli
		[0.00%] Precision restoration: 19 milli
		[0.07%] Statistics handling: 1359 milli
		[0.00%] Constraint-fixing steps: 0 milli
		[0.29%] Valid case splits: 5749 milli. Average per split: 0.00 milli
		[0.06%] Applying stored bound-tightening: 1272 milli
		[3.55%] SMT core: 69505 milli
		[42.92%] Symbolic Bound Tightening: 841155 milli
		[24.15%] SoI-based local search: 473409 milli
		[0.00%] SoI-based local search: 0 milli
		[10.17%] Unaccounted for: 199344 milli
	--- Preprocessor Statistics ---
	Number of preprocessor bound-tightening loop iterations: 8
	Number of eliminated variables: 0
	Number of constraints removed due to variable elimination: 0
	Number of equations removed due to variable elimination: 0
	--- Engine Statistics ---
	Number of main loop iterations: 1089395
		986670 iterations were simplex steps. Total time: 604846 milli. Average: 0.61 milli.
		0 iterations were constraint-fixing steps. Total time: 0 milli. Average: 0.00 milli
	Number of active piecewise-linear constraints: 68 / 300
		Constraints disabled by valid splits: 226. By SMT-originated splits: 6
	Last reported degradation: 0.0000000000. Max degradation so far: 0.0012356356. Restorations so far: 2
	Number of simplex pivots we attempted to skip because of instability: 156.
	Unstable pivots performed anyway: 9
	--- Tableau Statistics ---
	Total number of pivots performed: 689583
		Real pivots: 682960. Degenerate: 6623 (0.96%)
		Degenerate pivots by request (e.g., to fix a PL constraint): 0 (0.00%)
		Average time per pivot: 0.07 milli
	Total number of fake pivots performed: 58790
	Total number of rows added: 0. Number of merged columns: 0
	Current tableau dimensions: M = 604, N = 1518
	--- SMT Core Statistics ---
	Total depth is 10. Total visited states: 87007. Number of splits: 43509. Number of pops: 43497
	Max stack depth: 70
	--- Bound Tightening Statistics ---
	Number of tightened bounds: 12643170.
		Number of rows examined by row tightener: 689583. Consequent tightenings: 284147
		Number of explicit basis matrices examined by row tightener: 10826. Consequent tightenings: 3155953
		Number of bound tightening rounds on the entire constraint matrix: 0. Consequent tightenings: 0
		Number of bound notifications sent to PL constraints: 23230812. Tightenings proposed: 0
	--- Basis Factorization statistics ---
	Number of basis refactorizations: 5324
	--- Projected Steepest Edge Statistics ---
	Number of iterations: 748520.
	Number of resets to reference space: 43532. Avg. iterations per reset: 17
	--- SBT ---
	Number of tightened bounds: 12637835
	--- SoI-based local search ---
	Number of proposed phase pattern update: 53946. Number of accepted update: 84770 [157.14%]
	Total time (% of local search time) updating SoI phase pattern : 5870529 milli [1.24%]
	Total time obtaining current assignment: 20530480 milli [4.34%]
	Total time getting SoI phase pattern : 1056255 milli [0.05%]
	--- Context dependent statistics ---
	Number of pushes / pops: 87018 / 87018
		[0.13%] Pre-Push hook: 2533 milli
		[0.00%] Push : 0 milli
		[0.13%] Post-Pop hook: 2566 milli
		[0.08%] Pop : 1651 milli
		[0.34%] Total context-switching time: 6751 milli
	--- Proof Certificate ---
	Number of certified leaves: 0
	Number of leaves to delegate: 0
	Number of lemmas: 0
unsat
end run time: 10:35:25
DQN: Done solving. Time : 1960316 milli. 

