[306] processing ex_0307_label_0 …
start run time: 09:59:14
Network: /cs/labs/guykatz/maya.swisa/elbit/20_8/Marabou/resources/nnet/acasxu/ACASXU_experimental_v2a_1_1.nnet
Number of layers: 8. Input layer size: 5. Output layer size: 5. Number of ReLUs: 300
Total number of variables: 610
Property: /cs/labs/guykatz/maya.swisa/elbit/PROPERTY_1_08091/ex_0307_label_0/eps01.txt

Engine::processInputQuery: Input query (before preprocessing): 309 equations, 610 variables
Engine::processInputQuery: Input query (after preprocessing): 604 equations, 914 variables


Engine::solve: Initial statistics

09:59:14 Statistics update:
	--- Time Statistics ---
	Total time elapsed: 57 milli (00:00:00)
		Main loop: 0 milli (00:00:00)
		Preprocessing time: 38 milli (00:00:00)
		Unknown: 18 milli (00:00:00)
	Breakdown for main loop:
		[0.00%] Simplex steps: 0 milli
		[0.00%] Explicit-basis bound tightening: 0 milli
		[0.00%] Constraint-matrix bound tightening: 0 milli
		[0.00%] Degradation checking: 0 milli
		[0.00%] Precision restoration: 0 milli
		[0.00%] Statistics handling: 0 milli
		[0.00%] Constraint-fixing steps: 0 milli
		[0.00%] Valid case splits: 2 milli. Average per split: 0.00 milli
		[0.00%] Applying stored bound-tightening: 0 milli
		[0.00%] SMT core: 0 milli
		[0.00%] Symbolic Bound Tightening: 4 milli
		[0.00%] SoI-based local search: 0 milli
		[0.00%] SoI-based local search: 0 milli
		[0.00%] Unaccounted for: 0 milli
	--- Preprocessor Statistics ---
	Number of preprocessor bound-tightening loop iterations: 8
	Number of eliminated variables: 0
	Number of constraints removed due to variable elimination: 0
	Number of equations removed due to variable elimination: 0
	--- Engine Statistics ---
	Number of main loop iterations: 1
		0 iterations were simplex steps. Total time: 0 milli. Average: 0.00 milli.
		0 iterations were constraint-fixing steps. Total time: 0 milli. Average: 0.00 milli
	Number of active piecewise-linear constraints: 157 / 300
		Constraints disabled by valid splits: 143. By SMT-originated splits: 0
	Last reported degradation: 0.0000000000. Max degradation so far: 0.0000000000. Restorations so far: 0
	Number of simplex pivots we attempted to skip because of instability: 0.
	Unstable pivots performed anyway: 0
	--- Tableau Statistics ---
	Total number of pivots performed: 0
		Real pivots: 0. Degenerate: 0 (0.00%)
		Degenerate pivots by request (e.g., to fix a PL constraint): 0 (0.00%)
		Average time per pivot: 0.00 milli
	Total number of fake pivots performed: 0
	Total number of rows added: 0. Number of merged columns: 0
	Current tableau dimensions: M = 604, N = 1518
	--- SMT Core Statistics ---
	Total depth is 0. Total visited states: 1. Number of splits: 0. Number of pops: 0
	Max stack depth: 0
	--- Bound Tightening Statistics ---
	Number of tightened bounds: 0.
		Number of rows examined by row tightener: 0. Consequent tightenings: 0
		Number of explicit basis matrices examined by row tightener: 0. Consequent tightenings: 0
		Number of bound tightening rounds on the entire constraint matrix: 0. Consequent tightenings: 0
		Number of bound notifications sent to PL constraints: 1800. Tightenings proposed: 0
	--- Basis Factorization statistics ---
	Number of basis refactorizations: 2
	--- Projected Steepest Edge Statistics ---
	Number of iterations: 0.
	Number of resets to reference space: 1. Avg. iterations per reset: 0
	--- SBT ---
	Number of tightened bounds: 731
	--- SoI-based local search ---
	Number of proposed phase pattern update: 0. Number of accepted update: 0 [0.00%]
	Total time (% of local search time) updating SoI phase pattern : 0 milli [0.00%]
	Total time obtaining current assignment: 0 milli [0.00%]
	Total time getting SoI phase pattern : 0 milli [0.00%]
	--- Context dependent statistics ---
	Number of pushes / pops: 0 / 0
		[0.00%] Pre-Push hook: 0 milli
		[0.00%] Push : 0 milli
		[0.00%] Post-Pop hook: 0 milli
		[0.00%] Pop : 0 milli
		[0.00%] Total context-switching time: 0 milli
	--- Proof Certificate ---
	Number of certified leaves: 0
	Number of leaves to delegate: 0
	Number of lemmas: 0

---
start solving without an agent

Engine::solve: unsat query

09:59:46 Statistics update:
	--- Time Statistics ---
	Total time elapsed: 32152 milli (00:00:32)
		Main loop: 32088 milli (00:00:32)
		Preprocessing time: 38 milli (00:00:00)
		Unknown: 25 milli (00:00:00)
	Breakdown for main loop:
		[35.35%] Simplex steps: 11342 milli
		[11.29%] Explicit-basis bound tightening: 3622 milli
		[0.00%] Constraint-matrix bound tightening: 0 milli
		[0.15%] Degradation checking: 48 milli
		[0.00%] Precision restoration: 0 milli
		[0.03%] Statistics handling: 10 milli
		[0.00%] Constraint-fixing steps: 0 milli
		[1.10%] Valid case splits: 352 milli. Average per split: 0.00 milli
		[0.05%] Applying stored bound-tightening: 17 milli
		[3.23%] SMT core: 1037 milli
		[41.85%] Symbolic Bound Tightening: 13430 milli
		[28.51%] SoI-based local search: 9149 milli
		[0.00%] SoI-based local search: 0 milli
		[6.94%] Unaccounted for: 2225 milli
	--- Preprocessor Statistics ---
	Number of preprocessor bound-tightening loop iterations: 8
	Number of eliminated variables: 0
	Number of constraints removed due to variable elimination: 0
	Number of equations removed due to variable elimination: 0
	--- Engine Statistics ---
	Number of main loop iterations: 29886
		27422 iterations were simplex steps. Total time: 11342 milli. Average: 0.41 milli.
		0 iterations were constraint-fixing steps. Total time: 0 milli. Average: 0.00 milli
	Number of active piecewise-linear constraints: 39 / 300
		Constraints disabled by valid splits: 261. By SMT-originated splits: 0
	Last reported degradation: 0.0000000000. Max degradation so far: 0.0000000057. Restorations so far: 0
	Number of simplex pivots we attempted to skip because of instability: 11.
	Unstable pivots performed anyway: 0
	--- Tableau Statistics ---
	Total number of pivots performed: 20500
		Real pivots: 20342. Degenerate: 158 (0.77%)
		Degenerate pivots by request (e.g., to fix a PL constraint): 0 (0.00%)
		Average time per pivot: 0.04 milli
	Total number of fake pivots performed: 2371
	Total number of rows added: 0. Number of merged columns: 0
	Current tableau dimensions: M = 604, N = 1518
	--- SMT Core Statistics ---
	Total depth is 3. Total visited states: 1800. Number of splits: 899. Number of pops: 900
	Max stack depth: 27
	--- Bound Tightening Statistics ---
	Number of tightened bounds: 587739.
		Number of rows examined by row tightener: 20500. Consequent tightenings: 3946
		Number of explicit basis matrices examined by row tightener: 247. Consequent tightenings: 47495
		Number of bound tightening rounds on the entire constraint matrix: 0. Consequent tightenings: 0
		Number of bound notifications sent to PL constraints: 908304. Tightenings proposed: 0
	--- Basis Factorization statistics ---
	Number of basis refactorizations: 168
	--- Projected Steepest Edge Statistics ---
	Number of iterations: 22882.
	Number of resets to reference space: 900. Avg. iterations per reset: 25
	--- SBT ---
	Number of tightened bounds: 588470
	--- SoI-based local search ---
	Number of proposed phase pattern update: 1155. Number of accepted update: 1723 [149.18%]
	Total time (% of local search time) updating SoI phase pattern : 93975 milli [1.03%]
	Total time obtaining current assignment: 313988 milli [3.43%]
	Total time getting SoI phase pattern : 34352 milli [0.11%]
	--- Context dependent statistics ---
	Number of pushes / pops: 1798 / 1798
		[0.15%] Pre-Push hook: 49 milli
		[0.00%] Push : 0 milli
		[0.15%] Post-Pop hook: 48 milli
		[0.16%] Pop : 52 milli
		[0.47%] Total context-switching time: 150 milli
	--- Proof Certificate ---
	Number of certified leaves: 0
	Number of leaves to delegate: 0
	Number of lemmas: 0
unsat
end run time: 09:59:46
DQN: Done solving. Time : 32161 milli. 

start run time: 09:59:46
Network: /cs/labs/guykatz/maya.swisa/elbit/20_8/Marabou/resources/nnet/acasxu/ACASXU_experimental_v2a_1_1.nnet
Number of layers: 8. Input layer size: 5. Output layer size: 5. Number of ReLUs: 300
Total number of variables: 610
Property: /cs/labs/guykatz/maya.swisa/elbit/PROPERTY_1_08091/ex_0307_label_0/eps02.txt

Engine::processInputQuery: Input query (before preprocessing): 309 equations, 610 variables
Engine::processInputQuery: Input query (after preprocessing): 604 equations, 914 variables


Engine::solve: Initial statistics

09:59:46 Statistics update:
	--- Time Statistics ---
	Total time elapsed: 47 milli (00:00:00)
		Main loop: 0 milli (00:00:00)
		Preprocessing time: 29 milli (00:00:00)
		Unknown: 17 milli (00:00:00)
	Breakdown for main loop:
		[0.00%] Simplex steps: 0 milli
		[0.00%] Explicit-basis bound tightening: 0 milli
		[0.00%] Constraint-matrix bound tightening: 0 milli
		[0.00%] Degradation checking: 0 milli
		[0.00%] Precision restoration: 0 milli
		[0.00%] Statistics handling: 0 milli
		[0.00%] Constraint-fixing steps: 0 milli
		[0.00%] Valid case splits: 2 milli. Average per split: 0.00 milli
		[0.00%] Applying stored bound-tightening: 0 milli
		[0.00%] SMT core: 0 milli
		[0.00%] Symbolic Bound Tightening: 4 milli
		[0.00%] SoI-based local search: 0 milli
		[0.00%] SoI-based local search: 0 milli
		[0.00%] Unaccounted for: 0 milli
	--- Preprocessor Statistics ---
	Number of preprocessor bound-tightening loop iterations: 8
	Number of eliminated variables: 0
	Number of constraints removed due to variable elimination: 0
	Number of equations removed due to variable elimination: 0
	--- Engine Statistics ---
	Number of main loop iterations: 1
		0 iterations were simplex steps. Total time: 0 milli. Average: 0.00 milli.
		0 iterations were constraint-fixing steps. Total time: 0 milli. Average: 0.00 milli
	Number of active piecewise-linear constraints: 188 / 300
		Constraints disabled by valid splits: 112. By SMT-originated splits: 0
	Last reported degradation: 0.0000000000. Max degradation so far: 0.0000000000. Restorations so far: 0
	Number of simplex pivots we attempted to skip because of instability: 0.
	Unstable pivots performed anyway: 0
	--- Tableau Statistics ---
	Total number of pivots performed: 0
		Real pivots: 0. Degenerate: 0 (0.00%)
		Degenerate pivots by request (e.g., to fix a PL constraint): 0 (0.00%)
		Average time per pivot: 0.00 milli
	Total number of fake pivots performed: 0
	Total number of rows added: 0. Number of merged columns: 0
	Current tableau dimensions: M = 604, N = 1518
	--- SMT Core Statistics ---
	Total depth is 0. Total visited states: 1. Number of splits: 0. Number of pops: 0
	Max stack depth: 0
	--- Bound Tightening Statistics ---
	Number of tightened bounds: 0.
		Number of rows examined by row tightener: 0. Consequent tightenings: 0
		Number of explicit basis matrices examined by row tightener: 0. Consequent tightenings: 0
		Number of bound tightening rounds on the entire constraint matrix: 0. Consequent tightenings: 0
		Number of bound notifications sent to PL constraints: 1800. Tightenings proposed: 0
	--- Basis Factorization statistics ---
	Number of basis refactorizations: 2
	--- Projected Steepest Edge Statistics ---
	Number of iterations: 0.
	Number of resets to reference space: 1. Avg. iterations per reset: 0
	--- SBT ---
	Number of tightened bounds: 722
	--- SoI-based local search ---
	Number of proposed phase pattern update: 0. Number of accepted update: 0 [0.00%]
	Total time (% of local search time) updating SoI phase pattern : 0 milli [0.00%]
	Total time obtaining current assignment: 0 milli [0.00%]
	Total time getting SoI phase pattern : 0 milli [0.00%]
	--- Context dependent statistics ---
	Number of pushes / pops: 0 / 0
		[0.00%] Pre-Push hook: 0 milli
		[0.00%] Push : 0 milli
		[0.00%] Post-Pop hook: 0 milli
		[0.00%] Pop : 0 milli
		[0.00%] Total context-switching time: 0 milli
	--- Proof Certificate ---
	Number of certified leaves: 0
	Number of leaves to delegate: 0
	Number of lemmas: 0

---
start solving without an agent

Engine::solve: unsat query

10:00:30 Statistics update:
	--- Time Statistics ---
	Total time elapsed: 43555 milli (00:00:43)
		Main loop: 43498 milli (00:00:43)
		Preprocessing time: 29 milli (00:00:00)
		Unknown: 27 milli (00:00:00)
	Breakdown for main loop:
		[35.08%] Simplex steps: 15260 milli
		[13.56%] Explicit-basis bound tightening: 5900 milli
		[0.00%] Constraint-matrix bound tightening: 0 milli
		[0.15%] Degradation checking: 64 milli
		[0.00%] Precision restoration: 0 milli
		[0.09%] Statistics handling: 39 milli
		[0.00%] Constraint-fixing steps: 0 milli
		[0.99%] Valid case splits: 429 milli. Average per split: 0.00 milli
		[0.05%] Applying stored bound-tightening: 22 milli
		[3.11%] SMT core: 1353 milli
		[38.84%] Symbolic Bound Tightening: 16896 milli
		[27.97%] SoI-based local search: 12167 milli
		[0.00%] SoI-based local search: 0 milli
		[8.12%] Unaccounted for: 3532 milli
	--- Preprocessor Statistics ---
	Number of preprocessor bound-tightening loop iterations: 8
	Number of eliminated variables: 0
	Number of constraints removed due to variable elimination: 0
	Number of equations removed due to variable elimination: 0
	--- Engine Statistics ---
	Number of main loop iterations: 40032
		36944 iterations were simplex steps. Total time: 15260 milli. Average: 0.41 milli.
		0 iterations were constraint-fixing steps. Total time: 0 milli. Average: 0.00 milli
	Number of active piecewise-linear constraints: 46 / 300
		Constraints disabled by valid splits: 254. By SMT-originated splits: 0
	Last reported degradation: 0.0000000000. Max degradation so far: 0.0000000017. Restorations so far: 0
	Number of simplex pivots we attempted to skip because of instability: 38.
	Unstable pivots performed anyway: 0
	--- Tableau Statistics ---
	Total number of pivots performed: 27587
		Real pivots: 27411. Degenerate: 176 (0.64%)
		Degenerate pivots by request (e.g., to fix a PL constraint): 0 (0.00%)
		Average time per pivot: 0.04 milli
	Total number of fake pivots performed: 3279
	Total number of rows added: 0. Number of merged columns: 0
	Current tableau dimensions: M = 604, N = 1518
	--- SMT Core Statistics ---
	Total depth is 3. Total visited states: 2304. Number of splits: 1151. Number of pops: 1152
	Max stack depth: 33
	--- Bound Tightening Statistics ---
	Number of tightened bounds: 690186.
		Number of rows examined by row tightener: 27587. Consequent tightenings: 5451
		Number of explicit basis matrices examined by row tightener: 401. Consequent tightenings: 77701
		Number of bound tightening rounds on the entire constraint matrix: 0. Consequent tightenings: 0
		Number of bound notifications sent to PL constraints: 1117794. Tightenings proposed: 0
	--- Basis Factorization statistics ---
	Number of basis refactorizations: 226
	--- Projected Steepest Edge Statistics ---
	Number of iterations: 30904.
	Number of resets to reference space: 1152. Avg. iterations per reset: 26
	--- SBT ---
	Number of tightened bounds: 690908
	--- SoI-based local search ---
	Number of proposed phase pattern update: 1508. Number of accepted update: 2222 [147.35%]
	Total time (% of local search time) updating SoI phase pattern : 121954 milli [1.00%]
	Total time obtaining current assignment: 407084 milli [3.35%]
	Total time getting SoI phase pattern : 45276 milli [0.10%]
	--- Context dependent statistics ---
	Number of pushes / pops: 2302 / 2302
		[0.14%] Pre-Push hook: 61 milli
		[0.00%] Push : 0 milli
		[0.14%] Post-Pop hook: 61 milli
		[0.16%] Pop : 71 milli
		[0.45%] Total context-switching time: 194 milli
	--- Proof Certificate ---
	Number of certified leaves: 0
	Number of leaves to delegate: 0
	Number of lemmas: 0
unsat
end run time: 10:00:30
DQN: Done solving. Time : 43562 milli. 

start run time: 10:00:30
Network: /cs/labs/guykatz/maya.swisa/elbit/20_8/Marabou/resources/nnet/acasxu/ACASXU_experimental_v2a_1_1.nnet
Number of layers: 8. Input layer size: 5. Output layer size: 5. Number of ReLUs: 300
Total number of variables: 610
Property: /cs/labs/guykatz/maya.swisa/elbit/PROPERTY_1_08091/ex_0307_label_0/eps03.txt

Engine::processInputQuery: Input query (before preprocessing): 309 equations, 610 variables
Engine::processInputQuery: Input query (after preprocessing): 604 equations, 914 variables


Engine::solve: Initial statistics

10:00:30 Statistics update:
	--- Time Statistics ---
	Total time elapsed: 74 milli (00:00:00)
		Main loop: 0 milli (00:00:00)
		Preprocessing time: 29 milli (00:00:00)
		Unknown: 45 milli (00:00:00)
	Breakdown for main loop:
		[0.00%] Simplex steps: 0 milli
		[0.00%] Explicit-basis bound tightening: 0 milli
		[0.00%] Constraint-matrix bound tightening: 0 milli
		[0.00%] Degradation checking: 0 milli
		[0.00%] Precision restoration: 0 milli
		[0.00%] Statistics handling: 0 milli
		[0.00%] Constraint-fixing steps: 0 milli
		[0.00%] Valid case splits: 1 milli. Average per split: 0.00 milli
		[0.00%] Applying stored bound-tightening: 0 milli
		[0.00%] SMT core: 0 milli
		[0.00%] Symbolic Bound Tightening: 5 milli
		[0.00%] SoI-based local search: 0 milli
		[0.00%] SoI-based local search: 0 milli
		[0.00%] Unaccounted for: 0 milli
	--- Preprocessor Statistics ---
	Number of preprocessor bound-tightening loop iterations: 8
	Number of eliminated variables: 0
	Number of constraints removed due to variable elimination: 0
	Number of equations removed due to variable elimination: 0
	--- Engine Statistics ---
	Number of main loop iterations: 1
		0 iterations were simplex steps. Total time: 0 milli. Average: 0.00 milli.
		0 iterations were constraint-fixing steps. Total time: 0 milli. Average: 0.00 milli
	Number of active piecewise-linear constraints: 193 / 300
		Constraints disabled by valid splits: 107. By SMT-originated splits: 0
	Last reported degradation: 0.0000000000. Max degradation so far: 0.0000000000. Restorations so far: 0
	Number of simplex pivots we attempted to skip because of instability: 0.
	Unstable pivots performed anyway: 0
	--- Tableau Statistics ---
	Total number of pivots performed: 0
		Real pivots: 0. Degenerate: 0 (0.00%)
		Degenerate pivots by request (e.g., to fix a PL constraint): 0 (0.00%)
		Average time per pivot: 0.00 milli
	Total number of fake pivots performed: 0
	Total number of rows added: 0. Number of merged columns: 0
	Current tableau dimensions: M = 604, N = 1518
	--- SMT Core Statistics ---
	Total depth is 0. Total visited states: 1. Number of splits: 0. Number of pops: 0
	Max stack depth: 0
	--- Bound Tightening Statistics ---
	Number of tightened bounds: 0.
		Number of rows examined by row tightener: 0. Consequent tightenings: 0
		Number of explicit basis matrices examined by row tightener: 0. Consequent tightenings: 0
		Number of bound tightening rounds on the entire constraint matrix: 0. Consequent tightenings: 0
		Number of bound notifications sent to PL constraints: 1800. Tightenings proposed: 0
	--- Basis Factorization statistics ---
	Number of basis refactorizations: 2
	--- Projected Steepest Edge Statistics ---
	Number of iterations: 0.
	Number of resets to reference space: 1. Avg. iterations per reset: 0
	--- SBT ---
	Number of tightened bounds: 722
	--- SoI-based local search ---
	Number of proposed phase pattern update: 0. Number of accepted update: 0 [0.00%]
	Total time (% of local search time) updating SoI phase pattern : 0 milli [0.00%]
	Total time obtaining current assignment: 0 milli [0.00%]
	Total time getting SoI phase pattern : 0 milli [0.00%]
	--- Context dependent statistics ---
	Number of pushes / pops: 0 / 0
		[0.00%] Pre-Push hook: 0 milli
		[0.00%] Push : 0 milli
		[0.00%] Post-Pop hook: 0 milli
		[0.00%] Pop : 0 milli
		[0.00%] Total context-switching time: 0 milli
	--- Proof Certificate ---
	Number of certified leaves: 0
	Number of leaves to delegate: 0
	Number of lemmas: 0

---
start solving without an agent

Engine::solve: unsat query

10:01:34 Statistics update:
	--- Time Statistics ---
	Total time elapsed: 63689 milli (00:01:03)
		Main loop: 63601 milli (00:01:03)
		Preprocessing time: 29 milli (00:00:00)
		Unknown: 59 milli (00:00:00)
	Breakdown for main loop:
		[35.16%] Simplex steps: 22359 milli
		[11.95%] Explicit-basis bound tightening: 7599 milli
		[0.00%] Constraint-matrix bound tightening: 0 milli
		[0.15%] Degradation checking: 93 milli
		[0.00%] Precision restoration: 0 milli
		[0.09%] Statistics handling: 58 milli
		[0.00%] Constraint-fixing steps: 0 milli
		[1.03%] Valid case splits: 654 milli. Average per split: 0.00 milli
		[0.06%] Applying stored bound-tightening: 36 milli
		[3.30%] SMT core: 2101 milli
		[40.48%] Symbolic Bound Tightening: 25744 milli
		[28.25%] SoI-based local search: 17970 milli
		[0.00%] SoI-based local search: 0 milli
		[7.79%] Unaccounted for: 4954 milli
	--- Preprocessor Statistics ---
	Number of preprocessor bound-tightening loop iterations: 8
	Number of eliminated variables: 0
	Number of constraints removed due to variable elimination: 0
	Number of equations removed due to variable elimination: 0
	--- Engine Statistics ---
	Number of main loop iterations: 58235
		53552 iterations were simplex steps. Total time: 22359 milli. Average: 0.42 milli.
		0 iterations were constraint-fixing steps. Total time: 0 milli. Average: 0.00 milli
	Number of active piecewise-linear constraints: 48 / 300
		Constraints disabled by valid splits: 252. By SMT-originated splits: 0
	Last reported degradation: 0.0000000000. Max degradation so far: 0.0000000253. Restorations so far: 0
	Number of simplex pivots we attempted to skip because of instability: 27.
	Unstable pivots performed anyway: 1
	--- Tableau Statistics ---
	Total number of pivots performed: 39790
		Real pivots: 39560. Degenerate: 230 (0.58%)
		Degenerate pivots by request (e.g., to fix a PL constraint): 0 (0.00%)
		Average time per pivot: 0.04 milli
	Total number of fake pivots performed: 4505
	Total number of rows added: 0. Number of merged columns: 0
	Current tableau dimensions: M = 604, N = 1518
	--- SMT Core Statistics ---
	Total depth is 3. Total visited states: 3500. Number of splits: 1749. Number of pops: 1750
	Max stack depth: 35
	--- Bound Tightening Statistics ---
	Number of tightened bounds: 1076937.
		Number of rows examined by row tightener: 39790. Consequent tightenings: 8314
		Number of explicit basis matrices examined by row tightener: 529. Consequent tightenings: 100998
		Number of bound tightening rounds on the entire constraint matrix: 0. Consequent tightenings: 0
		Number of bound notifications sent to PL constraints: 1721045. Tightenings proposed: 0
	--- Basis Factorization statistics ---
	Number of basis refactorizations: 325
	--- Projected Steepest Edge Statistics ---
	Number of iterations: 44321.
	Number of resets to reference space: 1750. Avg. iterations per reset: 25
	--- SBT ---
	Number of tightened bounds: 1077659
	--- SoI-based local search ---
	Number of proposed phase pattern update: 2295. Number of accepted update: 3365 [146.62%]
	Total time (% of local search time) updating SoI phase pattern : 187306 milli [1.04%]
	Total time obtaining current assignment: 622101 milli [3.46%]
	Total time getting SoI phase pattern : 74246 milli [0.12%]
	--- Context dependent statistics ---
	Number of pushes / pops: 3498 / 3498
		[0.14%] Pre-Push hook: 88 milli
		[0.00%] Push : 0 milli
		[0.14%] Post-Pop hook: 88 milli
		[0.15%] Pop : 96 milli
		[0.43%] Total context-switching time: 272 milli
	--- Proof Certificate ---
	Number of certified leaves: 0
	Number of leaves to delegate: 0
	Number of lemmas: 0
unsat
end run time: 10:01:34
DQN: Done solving. Time : 63696 milli. 

