[31] processing ex_0032_label_0 …
start run time: 09:57:43
Network: /cs/labs/guykatz/maya.swisa/elbit/20_8/Marabou/resources/nnet/acasxu/ACASXU_experimental_v2a_1_1.nnet
Number of layers: 8. Input layer size: 5. Output layer size: 5. Number of ReLUs: 300
Total number of variables: 610
Property: /cs/labs/guykatz/maya.swisa/elbit/PROPERTY_1_08091/ex_0032_label_0/eps01.txt

Engine::processInputQuery: Input query (before preprocessing): 309 equations, 610 variables
Engine::processInputQuery: Input query (after preprocessing): 604 equations, 914 variables

unsat
end run time: 09:57:43
DQN: Done solving. Time : 52 milli. 

start run time: 09:57:43
Network: /cs/labs/guykatz/maya.swisa/elbit/20_8/Marabou/resources/nnet/acasxu/ACASXU_experimental_v2a_1_1.nnet
Number of layers: 8. Input layer size: 5. Output layer size: 5. Number of ReLUs: 300
Total number of variables: 610
Property: /cs/labs/guykatz/maya.swisa/elbit/PROPERTY_1_08091/ex_0032_label_0/eps02.txt

Engine::processInputQuery: Input query (before preprocessing): 309 equations, 610 variables
Engine::processInputQuery: Input query (after preprocessing): 604 equations, 914 variables


Engine::solve: Initial statistics

09:57:44 Statistics update:
	--- Time Statistics ---
	Total time elapsed: 64 milli (00:00:00)
		Main loop: 0 milli (00:00:00)
		Preprocessing time: 34 milli (00:00:00)
		Unknown: 30 milli (00:00:00)
	Breakdown for main loop:
		[0.00%] Simplex steps: 0 milli
		[0.00%] Explicit-basis bound tightening: 0 milli
		[0.00%] Constraint-matrix bound tightening: 0 milli
		[0.00%] Degradation checking: 0 milli
		[0.00%] Precision restoration: 0 milli
		[0.00%] Statistics handling: 0 milli
		[0.00%] Constraint-fixing steps: 0 milli
		[0.00%] Valid case splits: 4 milli. Average per split: 0.00 milli
		[0.00%] Applying stored bound-tightening: 0 milli
		[0.00%] SMT core: 0 milli
		[0.00%] Symbolic Bound Tightening: 4 milli
		[0.00%] SoI-based local search: 0 milli
		[0.00%] SoI-based local search: 0 milli
		[0.00%] Unaccounted for: 0 milli
	--- Preprocessor Statistics ---
	Number of preprocessor bound-tightening loop iterations: 8
	Number of eliminated variables: 0
	Number of constraints removed due to variable elimination: 0
	Number of equations removed due to variable elimination: 0
	--- Engine Statistics ---
	Number of main loop iterations: 1
		0 iterations were simplex steps. Total time: 0 milli. Average: 0.00 milli.
		0 iterations were constraint-fixing steps. Total time: 0 milli. Average: 0.00 milli
	Number of active piecewise-linear constraints: 56 / 300
		Constraints disabled by valid splits: 244. By SMT-originated splits: 0
	Last reported degradation: 0.0000000000. Max degradation so far: 0.0000000000. Restorations so far: 0
	Number of simplex pivots we attempted to skip because of instability: 0.
	Unstable pivots performed anyway: 0
	--- Tableau Statistics ---
	Total number of pivots performed: 0
		Real pivots: 0. Degenerate: 0 (0.00%)
		Degenerate pivots by request (e.g., to fix a PL constraint): 0 (0.00%)
		Average time per pivot: 0.00 milli
	Total number of fake pivots performed: 0
	Total number of rows added: 0. Number of merged columns: 0
	Current tableau dimensions: M = 604, N = 1518
	--- SMT Core Statistics ---
	Total depth is 0. Total visited states: 1. Number of splits: 0. Number of pops: 0
	Max stack depth: 0
	--- Bound Tightening Statistics ---
	Number of tightened bounds: 0.
		Number of rows examined by row tightener: 0. Consequent tightenings: 0
		Number of explicit basis matrices examined by row tightener: 0. Consequent tightenings: 0
		Number of bound tightening rounds on the entire constraint matrix: 0. Consequent tightenings: 0
		Number of bound notifications sent to PL constraints: 1800. Tightenings proposed: 0
	--- Basis Factorization statistics ---
	Number of basis refactorizations: 2
	--- Projected Steepest Edge Statistics ---
	Number of iterations: 0.
	Number of resets to reference space: 1. Avg. iterations per reset: 0
	--- SBT ---
	Number of tightened bounds: 745
	--- SoI-based local search ---
	Number of proposed phase pattern update: 0. Number of accepted update: 0 [0.00%]
	Total time (% of local search time) updating SoI phase pattern : 0 milli [0.00%]
	Total time obtaining current assignment: 0 milli [0.00%]
	Total time getting SoI phase pattern : 0 milli [0.00%]
	--- Context dependent statistics ---
	Number of pushes / pops: 0 / 0
		[0.00%] Pre-Push hook: 0 milli
		[0.00%] Push : 0 milli
		[0.00%] Post-Pop hook: 0 milli
		[0.00%] Pop : 0 milli
		[0.00%] Total context-switching time: 0 milli
	--- Proof Certificate ---
	Number of certified leaves: 0
	Number of leaves to delegate: 0
	Number of lemmas: 0

---
start solving without an agent

Engine::solve: unsat query

09:57:44 Statistics update:
	--- Time Statistics ---
	Total time elapsed: 202 milli (00:00:00)
		Main loop: 137 milli (00:00:00)
		Preprocessing time: 34 milli (00:00:00)
		Unknown: 30 milli (00:00:00)
	Breakdown for main loop:
		[37.59%] Simplex steps: 51 milli
		[42.28%] Explicit-basis bound tightening: 58 milli
		[0.00%] Constraint-matrix bound tightening: 0 milli
		[0.22%] Degradation checking: 0 milli
		[0.00%] Precision restoration: 0 milli
		[0.04%] Statistics handling: 0 milli
		[0.00%] Constraint-fixing steps: 0 milli
		[3.93%] Valid case splits: 5 milli. Average per split: 0.00 milli
		[0.01%] Applying stored bound-tightening: 0 milli
		[0.50%] SMT core: 0 milli
		[19.52%] Symbolic Bound Tightening: 26 milli
		[10.05%] SoI-based local search: 13 milli
		[0.00%] SoI-based local search: 0 milli
		[13367883931583158.00%] Unaccounted for: 0 milli
	--- Preprocessor Statistics ---
	Number of preprocessor bound-tightening loop iterations: 8
	Number of eliminated variables: 0
	Number of constraints removed due to variable elimination: 0
	Number of equations removed due to variable elimination: 0
	--- Engine Statistics ---
	Number of main loop iterations: 288
		283 iterations were simplex steps. Total time: 51 milli. Average: 0.18 milli.
		0 iterations were constraint-fixing steps. Total time: 0 milli. Average: 0.00 milli
	Number of active piecewise-linear constraints: 56 / 300
		Constraints disabled by valid splits: 244. By SMT-originated splits: 0
	Last reported degradation: 0.0000000000. Max degradation so far: 0.0000000000. Restorations so far: 0
	Number of simplex pivots we attempted to skip because of instability: 0.
	Unstable pivots performed anyway: 0
	--- Tableau Statistics ---
	Total number of pivots performed: 275
		Real pivots: 258. Degenerate: 17 (6.18%)
		Degenerate pivots by request (e.g., to fix a PL constraint): 0 (0.00%)
		Average time per pivot: 0.03 milli
	Total number of fake pivots performed: 4
	Total number of rows added: 0. Number of merged columns: 0
	Current tableau dimensions: M = 604, N = 1518
	--- SMT Core Statistics ---
	Total depth is 1. Total visited states: 4. Number of splits: 1. Number of pops: 2
	Max stack depth: 1
	--- Bound Tightening Statistics ---
	Number of tightened bounds: 1216.
		Number of rows examined by row tightener: 275. Consequent tightenings: 0
		Number of explicit basis matrices examined by row tightener: 3. Consequent tightenings: 277
		Number of bound tightening rounds on the entire constraint matrix: 0. Consequent tightenings: 0
		Number of bound notifications sent to PL constraints: 4853. Tightenings proposed: 0
	--- Basis Factorization statistics ---
	Number of basis refactorizations: 4
	--- Projected Steepest Edge Statistics ---
	Number of iterations: 279.
	Number of resets to reference space: 2. Avg. iterations per reset: 139
	--- SBT ---
	Number of tightened bounds: 1961
	--- SoI-based local search ---
	Number of proposed phase pattern update: 1. Number of accepted update: 2 [200.00%]
	Total time (% of local search time) updating SoI phase pattern : 144 milli [1.04%]
	Total time obtaining current assignment: 220 milli [1.59%]
	Total time getting SoI phase pattern : 40 milli [0.03%]
	--- Context dependent statistics ---
	Number of pushes / pops: 2 / 2
		[0.02%] Pre-Push hook: 0 milli
		[0.01%] Push : 0 milli
		[0.04%] Post-Pop hook: 0 milli
		[0.02%] Pop : 0 milli
		[0.09%] Total context-switching time: 0 milli
	--- Proof Certificate ---
	Number of certified leaves: 0
	Number of leaves to delegate: 0
	Number of lemmas: 0
unsat
end run time: 09:57:44
DQN: Done solving. Time : 208 milli. 

start run time: 09:57:44
Network: /cs/labs/guykatz/maya.swisa/elbit/20_8/Marabou/resources/nnet/acasxu/ACASXU_experimental_v2a_1_1.nnet
Number of layers: 8. Input layer size: 5. Output layer size: 5. Number of ReLUs: 300
Total number of variables: 610
Property: /cs/labs/guykatz/maya.swisa/elbit/PROPERTY_1_08091/ex_0032_label_0/eps03.txt

Engine::processInputQuery: Input query (before preprocessing): 309 equations, 610 variables
Engine::processInputQuery: Input query (after preprocessing): 604 equations, 914 variables


Engine::solve: Initial statistics

09:57:44 Statistics update:
	--- Time Statistics ---
	Total time elapsed: 54 milli (00:00:00)
		Main loop: 0 milli (00:00:00)
		Preprocessing time: 31 milli (00:00:00)
		Unknown: 23 milli (00:00:00)
	Breakdown for main loop:
		[0.00%] Simplex steps: 0 milli
		[0.00%] Explicit-basis bound tightening: 0 milli
		[0.00%] Constraint-matrix bound tightening: 0 milli
		[0.00%] Degradation checking: 0 milli
		[0.00%] Precision restoration: 0 milli
		[0.00%] Statistics handling: 0 milli
		[0.00%] Constraint-fixing steps: 0 milli
		[0.00%] Valid case splits: 4 milli. Average per split: 0.00 milli
		[0.00%] Applying stored bound-tightening: 0 milli
		[0.00%] SMT core: 0 milli
		[0.00%] Symbolic Bound Tightening: 4 milli
		[0.00%] SoI-based local search: 0 milli
		[0.00%] SoI-based local search: 0 milli
		[0.00%] Unaccounted for: 0 milli
	--- Preprocessor Statistics ---
	Number of preprocessor bound-tightening loop iterations: 8
	Number of eliminated variables: 0
	Number of constraints removed due to variable elimination: 0
	Number of equations removed due to variable elimination: 0
	--- Engine Statistics ---
	Number of main loop iterations: 1
		0 iterations were simplex steps. Total time: 0 milli. Average: 0.00 milli.
		0 iterations were constraint-fixing steps. Total time: 0 milli. Average: 0.00 milli
	Number of active piecewise-linear constraints: 81 / 300
		Constraints disabled by valid splits: 219. By SMT-originated splits: 0
	Last reported degradation: 0.0000000000. Max degradation so far: 0.0000000000. Restorations so far: 0
	Number of simplex pivots we attempted to skip because of instability: 0.
	Unstable pivots performed anyway: 0
	--- Tableau Statistics ---
	Total number of pivots performed: 0
		Real pivots: 0. Degenerate: 0 (0.00%)
		Degenerate pivots by request (e.g., to fix a PL constraint): 0 (0.00%)
		Average time per pivot: 0.00 milli
	Total number of fake pivots performed: 0
	Total number of rows added: 0. Number of merged columns: 0
	Current tableau dimensions: M = 604, N = 1518
	--- SMT Core Statistics ---
	Total depth is 0. Total visited states: 1. Number of splits: 0. Number of pops: 0
	Max stack depth: 0
	--- Bound Tightening Statistics ---
	Number of tightened bounds: 0.
		Number of rows examined by row tightener: 0. Consequent tightenings: 0
		Number of explicit basis matrices examined by row tightener: 0. Consequent tightenings: 0
		Number of bound tightening rounds on the entire constraint matrix: 0. Consequent tightenings: 0
		Number of bound notifications sent to PL constraints: 1800. Tightenings proposed: 0
	--- Basis Factorization statistics ---
	Number of basis refactorizations: 2
	--- Projected Steepest Edge Statistics ---
	Number of iterations: 0.
	Number of resets to reference space: 1. Avg. iterations per reset: 0
	--- SBT ---
	Number of tightened bounds: 743
	--- SoI-based local search ---
	Number of proposed phase pattern update: 0. Number of accepted update: 0 [0.00%]
	Total time (% of local search time) updating SoI phase pattern : 0 milli [0.00%]
	Total time obtaining current assignment: 0 milli [0.00%]
	Total time getting SoI phase pattern : 0 milli [0.00%]
	--- Context dependent statistics ---
	Number of pushes / pops: 0 / 0
		[0.00%] Pre-Push hook: 0 milli
		[0.00%] Push : 0 milli
		[0.00%] Post-Pop hook: 0 milli
		[0.00%] Pop : 0 milli
		[0.00%] Total context-switching time: 0 milli
	--- Proof Certificate ---
	Number of certified leaves: 0
	Number of leaves to delegate: 0
	Number of lemmas: 0

---
start solving without an agent

Engine::solve: unsat query

09:57:44 Statistics update:
	--- Time Statistics ---
	Total time elapsed: 266 milli (00:00:00)
		Main loop: 211 milli (00:00:00)
		Preprocessing time: 31 milli (00:00:00)
		Unknown: 23 milli (00:00:00)
	Breakdown for main loop:
		[39.19%] Simplex steps: 82 milli
		[37.88%] Explicit-basis bound tightening: 80 milli
		[0.00%] Constraint-matrix bound tightening: 0 milli
		[0.22%] Degradation checking: 0 milli
		[0.00%] Precision restoration: 0 milli
		[0.03%] Statistics handling: 0 milli
		[0.00%] Constraint-fixing steps: 0 milli
		[2.99%] Valid case splits: 6 milli. Average per split: 0.00 milli
		[0.01%] Applying stored bound-tightening: 0 milli
		[0.66%] SMT core: 1 milli
		[20.72%] Symbolic Bound Tightening: 43 milli
		[15.68%] SoI-based local search: 33 milli
		[0.00%] SoI-based local search: 0 milli
		[8720586615536043.00%] Unaccounted for: 0 milli
	--- Preprocessor Statistics ---
	Number of preprocessor bound-tightening loop iterations: 8
	Number of eliminated variables: 0
	Number of constraints removed due to variable elimination: 0
	Number of equations removed due to variable elimination: 0
	--- Engine Statistics ---
	Number of main loop iterations: 376
		368 iterations were simplex steps. Total time: 82 milli. Average: 0.22 milli.
		0 iterations were constraint-fixing steps. Total time: 0 milli. Average: 0.00 milli
	Number of active piecewise-linear constraints: 44 / 300
		Constraints disabled by valid splits: 256. By SMT-originated splits: 0
	Last reported degradation: 0.0000000000. Max degradation so far: 0.0000000000. Restorations so far: 0
	Number of simplex pivots we attempted to skip because of instability: 0.
	Unstable pivots performed anyway: 0
	--- Tableau Statistics ---
	Total number of pivots performed: 351
		Real pivots: 334. Degenerate: 17 (4.84%)
		Degenerate pivots by request (e.g., to fix a PL constraint): 0 (0.00%)
		Average time per pivot: 0.03 milli
	Total number of fake pivots performed: 9
	Total number of rows added: 0. Number of merged columns: 0
	Current tableau dimensions: M = 604, N = 1518
	--- SMT Core Statistics ---
	Total depth is 2. Total visited states: 6. Number of splits: 2. Number of pops: 3
	Max stack depth: 2
	--- Bound Tightening Statistics ---
	Number of tightened bounds: 2455.
		Number of rows examined by row tightener: 351. Consequent tightenings: 3
		Number of explicit basis matrices examined by row tightener: 4. Consequent tightenings: 338
		Number of bound tightening rounds on the entire constraint matrix: 0. Consequent tightenings: 0
		Number of bound notifications sent to PL constraints: 6926. Tightenings proposed: 0
	--- Basis Factorization statistics ---
	Number of basis refactorizations: 5
	--- Projected Steepest Edge Statistics ---
	Number of iterations: 360.
	Number of resets to reference space: 3. Avg. iterations per reset: 120
	--- SBT ---
	Number of tightened bounds: 3198
	--- SoI-based local search ---
	Number of proposed phase pattern update: 2. Number of accepted update: 4 [200.00%]
	Total time (% of local search time) updating SoI phase pattern : 285 milli [0.86%]
	Total time obtaining current assignment: 435 milli [1.31%]
	Total time getting SoI phase pattern : 90 milli [0.04%]
	--- Context dependent statistics ---
	Number of pushes / pops: 4 / 4
		[0.04%] Pre-Push hook: 0 milli
		[0.00%] Push : 0 milli
		[0.06%] Post-Pop hook: 0 milli
		[0.04%] Pop : 0 milli
		[0.13%] Total context-switching time: 0 milli
	--- Proof Certificate ---
	Number of certified leaves: 0
	Number of leaves to delegate: 0
	Number of lemmas: 0
unsat
end run time: 09:57:44
DQN: Done solving. Time : 272 milli. 

