[619] processing ex_0620_label_0 …
start run time: 10:05:39
Network: /cs/labs/guykatz/maya.swisa/elbit/20_8/Marabou/resources/nnet/acasxu/ACASXU_experimental_v2a_1_1.nnet
Number of layers: 8. Input layer size: 5. Output layer size: 5. Number of ReLUs: 300
Total number of variables: 610
Property: /cs/labs/guykatz/maya.swisa/elbit/PROPERTY_1_08091/ex_0620_label_0/eps01.txt

Engine::processInputQuery: Input query (before preprocessing): 309 equations, 610 variables
Engine::processInputQuery: Input query (after preprocessing): 604 equations, 914 variables


Engine::solve: Initial statistics

10:05:39 Statistics update:
	--- Time Statistics ---
	Total time elapsed: 104 milli (00:00:00)
		Main loop: 0 milli (00:00:00)
		Preprocessing time: 62 milli (00:00:00)
		Unknown: 42 milli (00:00:00)
	Breakdown for main loop:
		[0.00%] Simplex steps: 0 milli
		[0.00%] Explicit-basis bound tightening: 0 milli
		[0.00%] Constraint-matrix bound tightening: 0 milli
		[0.00%] Degradation checking: 0 milli
		[0.00%] Precision restoration: 0 milli
		[0.00%] Statistics handling: 0 milli
		[0.00%] Constraint-fixing steps: 0 milli
		[0.00%] Valid case splits: 3 milli. Average per split: 0.00 milli
		[0.00%] Applying stored bound-tightening: 0 milli
		[0.00%] SMT core: 0 milli
		[0.00%] Symbolic Bound Tightening: 9 milli
		[0.00%] SoI-based local search: 0 milli
		[0.00%] SoI-based local search: 0 milli
		[0.00%] Unaccounted for: 0 milli
	--- Preprocessor Statistics ---
	Number of preprocessor bound-tightening loop iterations: 8
	Number of eliminated variables: 0
	Number of constraints removed due to variable elimination: 0
	Number of equations removed due to variable elimination: 0
	--- Engine Statistics ---
	Number of main loop iterations: 1
		0 iterations were simplex steps. Total time: 0 milli. Average: 0.00 milli.
		0 iterations were constraint-fixing steps. Total time: 0 milli. Average: 0.00 milli
	Number of active piecewise-linear constraints: 179 / 300
		Constraints disabled by valid splits: 121. By SMT-originated splits: 0
	Last reported degradation: 0.0000000000. Max degradation so far: 0.0000000000. Restorations so far: 0
	Number of simplex pivots we attempted to skip because of instability: 0.
	Unstable pivots performed anyway: 0
	--- Tableau Statistics ---
	Total number of pivots performed: 0
		Real pivots: 0. Degenerate: 0 (0.00%)
		Degenerate pivots by request (e.g., to fix a PL constraint): 0 (0.00%)
		Average time per pivot: 0.00 milli
	Total number of fake pivots performed: 0
	Total number of rows added: 0. Number of merged columns: 0
	Current tableau dimensions: M = 604, N = 1518
	--- SMT Core Statistics ---
	Total depth is 0. Total visited states: 1. Number of splits: 0. Number of pops: 0
	Max stack depth: 0
	--- Bound Tightening Statistics ---
	Number of tightened bounds: 0.
		Number of rows examined by row tightener: 0. Consequent tightenings: 0
		Number of explicit basis matrices examined by row tightener: 0. Consequent tightenings: 0
		Number of bound tightening rounds on the entire constraint matrix: 0. Consequent tightenings: 0
		Number of bound notifications sent to PL constraints: 1800. Tightenings proposed: 0
	--- Basis Factorization statistics ---
	Number of basis refactorizations: 2
	--- Projected Steepest Edge Statistics ---
	Number of iterations: 0.
	Number of resets to reference space: 1. Avg. iterations per reset: 0
	--- SBT ---
	Number of tightened bounds: 737
	--- SoI-based local search ---
	Number of proposed phase pattern update: 0. Number of accepted update: 0 [0.00%]
	Total time (% of local search time) updating SoI phase pattern : 0 milli [0.00%]
	Total time obtaining current assignment: 0 milli [0.00%]
	Total time getting SoI phase pattern : 0 milli [0.00%]
	--- Context dependent statistics ---
	Number of pushes / pops: 0 / 0
		[0.00%] Pre-Push hook: 0 milli
		[0.00%] Push : 0 milli
		[0.00%] Post-Pop hook: 0 milli
		[0.00%] Pop : 0 milli
		[0.00%] Total context-switching time: 0 milli
	--- Proof Certificate ---
	Number of certified leaves: 0
	Number of leaves to delegate: 0
	Number of lemmas: 0

---
start solving without an agent
Performing precision restoration. Degradation before: 0.001049057508907. After: 0.000000000000137

Engine::solve: sat assignment found

10:40:05 Statistics update:
	--- Time Statistics ---
	Total time elapsed: 2066438 milli (00:34:26)
		Main loop: 2066063 milli (00:34:26)
		Preprocessing time: 62 milli (00:00:00)
		Unknown: 313 milli (00:00:00)
	Breakdown for main loop:
		[28.96%] Simplex steps: 598319 milli
		[8.72%] Explicit-basis bound tightening: 180164 milli
		[0.00%] Constraint-matrix bound tightening: 0 milli
		[0.15%] Degradation checking: 3048 milli
		[0.00%] Precision restoration: 11 milli
		[0.06%] Statistics handling: 1255 milli
		[0.00%] Constraint-fixing steps: 0 milli
		[0.34%] Valid case splits: 6942 milli. Average per split: 0.00 milli
		[0.07%] Applying stored bound-tightening: 1548 milli
		[3.70%] SMT core: 76455 milli
		[45.48%] Symbolic Bound Tightening: 939550 milli
		[23.49%] SoI-based local search: 485294 milli
		[0.00%] SoI-based local search: 0 milli
		[12.52%] Unaccounted for: 258766 milli
	--- Preprocessor Statistics ---
	Number of preprocessor bound-tightening loop iterations: 8
	Number of eliminated variables: 0
	Number of constraints removed due to variable elimination: 0
	Number of equations removed due to variable elimination: 0
	--- Engine Statistics ---
	Number of main loop iterations: 1036782
		930551 iterations were simplex steps. Total time: 598319 milli. Average: 0.64 milli.
		0 iterations were constraint-fixing steps. Total time: 0 milli. Average: 0.00 milli
	Number of active piecewise-linear constraints: 82 / 300
		Constraints disabled by valid splits: 207. By SMT-originated splits: 11
	Last reported degradation: 0.0000000000. Max degradation so far: 0.0010406425. Restorations so far: 1
	Number of simplex pivots we attempted to skip because of instability: 120.
	Unstable pivots performed anyway: 7
	--- Tableau Statistics ---
	Total number of pivots performed: 615412
		Real pivots: 610240. Degenerate: 5172 (0.84%)
		Degenerate pivots by request (e.g., to fix a PL constraint): 0 (0.00%)
		Average time per pivot: 0.08 milli
	Total number of fake pivots performed: 70319
	Total number of rows added: 0. Number of merged columns: 0
	Current tableau dimensions: M = 604, N = 1518
	--- SMT Core Statistics ---
	Total depth is 15. Total visited states: 90400. Number of splits: 45206. Number of pops: 45193
	Max stack depth: 68
	--- Bound Tightening Statistics ---
	Number of tightened bounds: 14192899.
		Number of rows examined by row tightener: 615412. Consequent tightenings: 292351
		Number of explicit basis matrices examined by row tightener: 11617. Consequent tightenings: 2822119
		Number of bound tightening rounds on the entire constraint matrix: 0. Consequent tightenings: 0
		Number of bound notifications sent to PL constraints: 25322546. Tightenings proposed: 0
	--- Basis Factorization statistics ---
	Number of basis refactorizations: 4655
	--- Projected Steepest Edge Statistics ---
	Number of iterations: 685844.
	Number of resets to reference space: 45210. Avg. iterations per reset: 15
	--- SBT ---
	Number of tightened bounds: 14190600
	--- SoI-based local search ---
	Number of proposed phase pattern update: 53808. Number of accepted update: 89397 [166.14%]
	Total time (% of local search time) updating SoI phase pattern : 6559883 milli [1.35%]
	Total time obtaining current assignment: 22483860 milli [4.63%]
	Total time getting SoI phase pattern : 1362060 milli [0.07%]
	--- Context dependent statistics ---
	Number of pushes / pops: 90404 / 90389
		[0.14%] Pre-Push hook: 2939 milli
		[0.00%] Push : 0 milli
		[0.14%] Post-Pop hook: 2814 milli
		[0.09%] Pop : 1889 milli
		[0.37%] Total context-switching time: 7643 milli
	--- Proof Certificate ---
	Number of certified leaves: 0
	Number of leaves to delegate: 0
	Number of lemmas: 0
sat
Input assignment:
	x0 = 0.524080
	x1 = 0.002736
	x2 = -0.132180
	x3 = 0.408610
	x4 = -0.401343

Output:
	y0 = -0.017755
	y1 = -0.017630
	y2 = -0.015583
	y3 = -0.017755
	y4 = -0.014124

end run time: 10:40:05
DQN: Done solving. Time : 2066455 milli. 

start run time: 10:40:05
Network: /cs/labs/guykatz/maya.swisa/elbit/20_8/Marabou/resources/nnet/acasxu/ACASXU_experimental_v2a_1_1.nnet
Number of layers: 8. Input layer size: 5. Output layer size: 5. Number of ReLUs: 300
Total number of variables: 610
Property: /cs/labs/guykatz/maya.swisa/elbit/PROPERTY_1_08091/ex_0620_label_0/eps02.txt

Engine::processInputQuery: Input query (before preprocessing): 309 equations, 610 variables
Engine::processInputQuery: Input query (after preprocessing): 604 equations, 914 variables


Engine::solve: Initial statistics

10:40:05 Statistics update:
	--- Time Statistics ---
	Total time elapsed: 58 milli (00:00:00)
		Main loop: 0 milli (00:00:00)
		Preprocessing time: 46 milli (00:00:00)
		Unknown: 12 milli (00:00:00)
	Breakdown for main loop:
		[0.00%] Simplex steps: 0 milli
		[0.00%] Explicit-basis bound tightening: 0 milli
		[0.00%] Constraint-matrix bound tightening: 0 milli
		[0.00%] Degradation checking: 0 milli
		[0.00%] Precision restoration: 0 milli
		[0.00%] Statistics handling: 0 milli
		[0.00%] Constraint-fixing steps: 0 milli
		[0.00%] Valid case splits: 2 milli. Average per split: 0.00 milli
		[0.00%] Applying stored bound-tightening: 0 milli
		[0.00%] SMT core: 0 milli
		[0.00%] Symbolic Bound Tightening: 8 milli
		[0.00%] SoI-based local search: 0 milli
		[0.00%] SoI-based local search: 0 milli
		[0.00%] Unaccounted for: 0 milli
	--- Preprocessor Statistics ---
	Number of preprocessor bound-tightening loop iterations: 8
	Number of eliminated variables: 0
	Number of constraints removed due to variable elimination: 0
	Number of equations removed due to variable elimination: 0
	--- Engine Statistics ---
	Number of main loop iterations: 1
		0 iterations were simplex steps. Total time: 0 milli. Average: 0.00 milli.
		0 iterations were constraint-fixing steps. Total time: 0 milli. Average: 0.00 milli
	Number of active piecewise-linear constraints: 195 / 300
		Constraints disabled by valid splits: 105. By SMT-originated splits: 0
	Last reported degradation: 0.0000000000. Max degradation so far: 0.0000000000. Restorations so far: 0
	Number of simplex pivots we attempted to skip because of instability: 0.
	Unstable pivots performed anyway: 0
	--- Tableau Statistics ---
	Total number of pivots performed: 0
		Real pivots: 0. Degenerate: 0 (0.00%)
		Degenerate pivots by request (e.g., to fix a PL constraint): 0 (0.00%)
		Average time per pivot: 0.00 milli
	Total number of fake pivots performed: 0
	Total number of rows added: 0. Number of merged columns: 0
	Current tableau dimensions: M = 604, N = 1518
	--- SMT Core Statistics ---
	Total depth is 0. Total visited states: 1. Number of splits: 0. Number of pops: 0
	Max stack depth: 0
	--- Bound Tightening Statistics ---
	Number of tightened bounds: 0.
		Number of rows examined by row tightener: 0. Consequent tightenings: 0
		Number of explicit basis matrices examined by row tightener: 0. Consequent tightenings: 0
		Number of bound tightening rounds on the entire constraint matrix: 0. Consequent tightenings: 0
		Number of bound notifications sent to PL constraints: 1800. Tightenings proposed: 0
	--- Basis Factorization statistics ---
	Number of basis refactorizations: 2
	--- Projected Steepest Edge Statistics ---
	Number of iterations: 0.
	Number of resets to reference space: 1. Avg. iterations per reset: 0
	--- SBT ---
	Number of tightened bounds: 737
	--- SoI-based local search ---
	Number of proposed phase pattern update: 0. Number of accepted update: 0 [0.00%]
	Total time (% of local search time) updating SoI phase pattern : 0 milli [0.00%]
	Total time obtaining current assignment: 0 milli [0.00%]
	Total time getting SoI phase pattern : 0 milli [0.00%]
	--- Context dependent statistics ---
	Number of pushes / pops: 0 / 0
		[0.00%] Pre-Push hook: 0 milli
		[0.00%] Push : 0 milli
		[0.00%] Post-Pop hook: 0 milli
		[0.00%] Pop : 0 milli
		[0.00%] Total context-switching time: 0 milli
	--- Proof Certificate ---
	Number of certified leaves: 0
	Number of leaves to delegate: 0
	Number of lemmas: 0

---
start solving without an agent

Engine::solve: sat assignment found

10:54:01 Statistics update:
	--- Time Statistics ---
	Total time elapsed: 836165 milli (00:13:56)
		Main loop: 835997 milli (00:13:55)
		Preprocessing time: 46 milli (00:00:00)
		Unknown: 121 milli (00:00:00)
	Breakdown for main loop:
		[28.81%] Simplex steps: 240890 milli
		[8.57%] Explicit-basis bound tightening: 71633 milli
		[0.00%] Constraint-matrix bound tightening: 0 milli
		[0.15%] Degradation checking: 1252 milli
		[0.00%] Precision restoration: 0 milli
		[0.07%] Statistics handling: 560 milli
		[0.00%] Constraint-fixing steps: 0 milli
		[0.35%] Valid case splits: 2913 milli. Average per split: 0.00 milli
		[0.07%] Applying stored bound-tightening: 622 milli
		[3.80%] SMT core: 31748 milli
		[45.65%] Symbolic Bound Tightening: 381672 milli
		[23.67%] SoI-based local search: 197897 milli
		[0.00%] SoI-based local search: 0 milli
		[12.52%] Unaccounted for: 104702 milli
	--- Preprocessor Statistics ---
	Number of preprocessor bound-tightening loop iterations: 8
	Number of eliminated variables: 0
	Number of constraints removed due to variable elimination: 0
	Number of equations removed due to variable elimination: 0
	--- Engine Statistics ---
	Number of main loop iterations: 426134
		380920 iterations were simplex steps. Total time: 240890 milli. Average: 0.63 milli.
		0 iterations were constraint-fixing steps. Total time: 0 milli. Average: 0.00 milli
	Number of active piecewise-linear constraints: 94 / 300
		Constraints disabled by valid splits: 190. By SMT-originated splits: 16
	Last reported degradation: 0.0000000000. Max degradation so far: 0.0000001088. Restorations so far: 0
	Number of simplex pivots we attempted to skip because of instability: 36.
	Unstable pivots performed anyway: 1
	--- Tableau Statistics ---
	Total number of pivots performed: 255474
		Real pivots: 253153. Degenerate: 2321 (0.91%)
		Degenerate pivots by request (e.g., to fix a PL constraint): 0 (0.00%)
		Average time per pivot: 0.08 milli
	Total number of fake pivots performed: 23226
	Total number of rows added: 0. Number of merged columns: 0
	Current tableau dimensions: M = 604, N = 1518
	--- SMT Core Statistics ---
	Total depth is 20. Total visited states: 37809. Number of splits: 18913. Number of pops: 18895
	Max stack depth: 72
	--- Bound Tightening Statistics ---
	Number of tightened bounds: 5462066.
		Number of rows examined by row tightener: 255474. Consequent tightenings: 120406
		Number of explicit basis matrices examined by row tightener: 5088. Consequent tightenings: 1147918
		Number of bound tightening rounds on the entire constraint matrix: 0. Consequent tightenings: 0
		Number of bound notifications sent to PL constraints: 9747769. Tightenings proposed: 0
	--- Basis Factorization statistics ---
	Number of basis refactorizations: 1984
	--- Projected Steepest Edge Statistics ---
	Number of iterations: 278735.
	Number of resets to reference space: 18899. Avg. iterations per reset: 14
	--- SBT ---
	Number of tightened bounds: 5462803
	--- SoI-based local search ---
	Number of proposed phase pattern update: 22836. Number of accepted update: 37346 [163.54%]
	Total time (% of local search time) updating SoI phase pattern : 2702003 milli [1.37%]
	Total time obtaining current assignment: 9369310 milli [4.73%]
	Total time getting SoI phase pattern : 578776 milli [0.07%]
	--- Context dependent statistics ---
	Number of pushes / pops: 37811 / 37791
		[0.15%] Pre-Push hook: 1218 milli
		[0.00%] Push : 0 milli
		[0.14%] Post-Pop hook: 1210 milli
		[0.10%] Pop : 834 milli
		[0.39%] Total context-switching time: 3262 milli
	--- Proof Certificate ---
	Number of certified leaves: 0
	Number of leaves to delegate: 0
	Number of lemmas: 0
sat
Input assignment:
	x0 = 0.514080
	x1 = -0.000464
	x2 = -0.147537
	x3 = 0.469856
	x4 = -0.437963

Output:
	y0 = -0.017832
	y1 = -0.017715
	y2 = -0.014985
	y3 = -0.017832
	y4 = -0.013411

end run time: 10:54:01
DQN: Done solving. Time : 836192 milli. 

start run time: 10:54:01
Network: /cs/labs/guykatz/maya.swisa/elbit/20_8/Marabou/resources/nnet/acasxu/ACASXU_experimental_v2a_1_1.nnet
Number of layers: 8. Input layer size: 5. Output layer size: 5. Number of ReLUs: 300
Total number of variables: 610
Property: /cs/labs/guykatz/maya.swisa/elbit/PROPERTY_1_08091/ex_0620_label_0/eps03.txt

Engine::processInputQuery: Input query (before preprocessing): 309 equations, 610 variables
Engine::processInputQuery: Input query (after preprocessing): 604 equations, 914 variables


Engine::solve: Initial statistics

10:54:01 Statistics update:
	--- Time Statistics ---
	Total time elapsed: 98 milli (00:00:00)
		Main loop: 0 milli (00:00:00)
		Preprocessing time: 48 milli (00:00:00)
		Unknown: 50 milli (00:00:00)
	Breakdown for main loop:
		[0.00%] Simplex steps: 0 milli
		[0.00%] Explicit-basis bound tightening: 0 milli
		[0.00%] Constraint-matrix bound tightening: 0 milli
		[0.00%] Degradation checking: 0 milli
		[0.00%] Precision restoration: 0 milli
		[0.00%] Statistics handling: 0 milli
		[0.00%] Constraint-fixing steps: 0 milli
		[0.00%] Valid case splits: 2 milli. Average per split: 0.00 milli
		[0.00%] Applying stored bound-tightening: 0 milli
		[0.00%] SMT core: 0 milli
		[0.00%] Symbolic Bound Tightening: 8 milli
		[0.00%] SoI-based local search: 0 milli
		[0.00%] SoI-based local search: 0 milli
		[0.00%] Unaccounted for: 0 milli
	--- Preprocessor Statistics ---
	Number of preprocessor bound-tightening loop iterations: 8
	Number of eliminated variables: 0
	Number of constraints removed due to variable elimination: 0
	Number of equations removed due to variable elimination: 0
	--- Engine Statistics ---
	Number of main loop iterations: 1
		0 iterations were simplex steps. Total time: 0 milli. Average: 0.00 milli.
		0 iterations were constraint-fixing steps. Total time: 0 milli. Average: 0.00 milli
	Number of active piecewise-linear constraints: 209 / 300
		Constraints disabled by valid splits: 91. By SMT-originated splits: 0
	Last reported degradation: 0.0000000000. Max degradation so far: 0.0000000000. Restorations so far: 0
	Number of simplex pivots we attempted to skip because of instability: 0.
	Unstable pivots performed anyway: 0
	--- Tableau Statistics ---
	Total number of pivots performed: 0
		Real pivots: 0. Degenerate: 0 (0.00%)
		Degenerate pivots by request (e.g., to fix a PL constraint): 0 (0.00%)
		Average time per pivot: 0.00 milli
	Total number of fake pivots performed: 0
	Total number of rows added: 0. Number of merged columns: 0
	Current tableau dimensions: M = 604, N = 1518
	--- SMT Core Statistics ---
	Total depth is 0. Total visited states: 1. Number of splits: 0. Number of pops: 0
	Max stack depth: 0
	--- Bound Tightening Statistics ---
	Number of tightened bounds: 0.
		Number of rows examined by row tightener: 0. Consequent tightenings: 0
		Number of explicit basis matrices examined by row tightener: 0. Consequent tightenings: 0
		Number of bound tightening rounds on the entire constraint matrix: 0. Consequent tightenings: 0
		Number of bound notifications sent to PL constraints: 1800. Tightenings proposed: 0
	--- Basis Factorization statistics ---
	Number of basis refactorizations: 2
	--- Projected Steepest Edge Statistics ---
	Number of iterations: 0.
	Number of resets to reference space: 1. Avg. iterations per reset: 0
	--- SBT ---
	Number of tightened bounds: 735
	--- SoI-based local search ---
	Number of proposed phase pattern update: 0. Number of accepted update: 0 [0.00%]
	Total time (% of local search time) updating SoI phase pattern : 0 milli [0.00%]
	Total time obtaining current assignment: 0 milli [0.00%]
	Total time getting SoI phase pattern : 0 milli [0.00%]
	--- Context dependent statistics ---
	Number of pushes / pops: 0 / 0
		[0.00%] Pre-Push hook: 0 milli
		[0.00%] Push : 0 milli
		[0.00%] Post-Pop hook: 0 milli
		[0.00%] Pop : 0 milli
		[0.00%] Total context-switching time: 0 milli
	--- Proof Certificate ---
	Number of certified leaves: 0
	Number of leaves to delegate: 0
	Number of lemmas: 0

---
start solving without an agent
Performing precision restoration. Degradation before: 0.000188970380220. After: 0.000000000000119

Engine::solve: sat assignment found

11:01:22 Statistics update:
	--- Time Statistics ---
	Total time elapsed: 440803 milli (00:07:20)
		Main loop: 440647 milli (00:07:20)
		Preprocessing time: 48 milli (00:00:00)
		Unknown: 107 milli (00:00:00)
	Breakdown for main loop:
		[27.03%] Simplex steps: 119127 milli
		[8.98%] Explicit-basis bound tightening: 39554 milli
		[0.00%] Constraint-matrix bound tightening: 0 milli
		[0.14%] Degradation checking: 635 milli
		[0.00%] Precision restoration: 9 milli
		[0.07%] Statistics handling: 287 milli
		[0.00%] Constraint-fixing steps: 0 milli
		[0.41%] Valid case splits: 1787 milli. Average per split: 0.00 milli
		[0.08%] Applying stored bound-tightening: 338 milli
		[3.64%] SMT core: 16049 milli
		[45.26%] Symbolic Bound Tightening: 199425 milli
		[21.34%] SoI-based local search: 94016 milli
		[0.00%] SoI-based local search: 0 milli
		[14.40%] Unaccounted for: 63431 milli
	--- Preprocessor Statistics ---
	Number of preprocessor bound-tightening loop iterations: 8
	Number of eliminated variables: 0
	Number of constraints removed due to variable elimination: 0
	Number of equations removed due to variable elimination: 0
	--- Engine Statistics ---
	Number of main loop iterations: 214643
		192048 iterations were simplex steps. Total time: 119127 milli. Average: 0.62 milli.
		0 iterations were constraint-fixing steps. Total time: 0 milli. Average: 0.00 milli
	Number of active piecewise-linear constraints: 107 / 300
		Constraints disabled by valid splits: 177. By SMT-originated splits: 16
	Last reported degradation: 0.0000000000. Max degradation so far: 0.0001889335. Restorations so far: 1
	Number of simplex pivots we attempted to skip because of instability: 27.
	Unstable pivots performed anyway: 3
	--- Tableau Statistics ---
	Total number of pivots performed: 128269
		Real pivots: 127243. Degenerate: 1026 (0.80%)
		Degenerate pivots by request (e.g., to fix a PL constraint): 0 (0.00%)
		Average time per pivot: 0.07 milli
	Total number of fake pivots performed: 12744
	Total number of rows added: 0. Number of merged columns: 0
	Current tableau dimensions: M = 604, N = 1518
	--- SMT Core Statistics ---
	Total depth is 20. Total visited states: 19089. Number of splits: 9552. Number of pops: 9536
	Max stack depth: 75
	--- Bound Tightening Statistics ---
	Number of tightened bounds: 3053203.
		Number of rows examined by row tightener: 128269. Consequent tightenings: 54947
		Number of explicit basis matrices examined by row tightener: 2651. Consequent tightenings: 621915
		Number of bound tightening rounds on the entire constraint matrix: 0. Consequent tightenings: 0
		Number of bound notifications sent to PL constraints: 5440882. Tightenings proposed: 0
	--- Basis Factorization statistics ---
	Number of basis refactorizations: 895
	--- Projected Steepest Edge Statistics ---
	Number of iterations: 141037.
	Number of resets to reference space: 9547. Avg. iterations per reset: 14
	--- SBT ---
	Number of tightened bounds: 3050902
	--- SoI-based local search ---
	Number of proposed phase pattern update: 11474. Number of accepted update: 18807 [163.91%]
	Total time (% of local search time) updating SoI phase pattern : 1420523 milli [1.51%]
	Total time obtaining current assignment: 4798819 milli [5.10%]
	Total time getting SoI phase pattern : 408608 milli [0.09%]
	--- Context dependent statistics ---
	Number of pushes / pops: 19088 / 19068
		[0.14%] Pre-Push hook: 634 milli
		[0.00%] Push : 0 milli
		[0.14%] Post-Pop hook: 597 milli
		[0.10%] Pop : 454 milli
		[0.38%] Total context-switching time: 1686 milli
	--- Proof Certificate ---
	Number of certified leaves: 0
	Number of leaves to delegate: 0
	Number of lemmas: 0
sat
Input assignment:
	x0 = 0.504080
	x1 = 0.004259
	x2 = -0.129753
	x3 = 0.388610
	x4 = -0.432963

Output:
	y0 = -0.017446
	y1 = -0.017533
	y2 = -0.015391
	y3 = -0.017580
	y4 = -0.013995

end run time: 11:01:22
DQN: Done solving. Time : 440817 milli. 

