[170] processing ex_0171_label_0 …
start run time: 09:58:28
Network: /cs/labs/guykatz/maya.swisa/elbit/20_8/Marabou/resources/nnet/acasxu/ACASXU_experimental_v2a_1_1.nnet
Number of layers: 8. Input layer size: 5. Output layer size: 5. Number of ReLUs: 300
Total number of variables: 610
Property: /cs/labs/guykatz/maya.swisa/elbit/PROPERTY_1_08091/ex_0171_label_0/eps01.txt

Engine::processInputQuery: Input query (before preprocessing): 309 equations, 610 variables
Engine::processInputQuery: Input query (after preprocessing): 604 equations, 914 variables


Engine::solve: Initial statistics

09:58:28 Statistics update:
	--- Time Statistics ---
	Total time elapsed: 83 milli (00:00:00)
		Main loop: 0 milli (00:00:00)
		Preprocessing time: 61 milli (00:00:00)
		Unknown: 22 milli (00:00:00)
	Breakdown for main loop:
		[0.00%] Simplex steps: 0 milli
		[0.00%] Explicit-basis bound tightening: 0 milli
		[0.00%] Constraint-matrix bound tightening: 0 milli
		[0.00%] Degradation checking: 0 milli
		[0.00%] Precision restoration: 0 milli
		[0.00%] Statistics handling: 0 milli
		[0.00%] Constraint-fixing steps: 0 milli
		[0.00%] Valid case splits: 4 milli. Average per split: 0.00 milli
		[0.00%] Applying stored bound-tightening: 0 milli
		[0.00%] SMT core: 0 milli
		[0.00%] Symbolic Bound Tightening: 8 milli
		[0.00%] SoI-based local search: 0 milli
		[0.00%] SoI-based local search: 0 milli
		[0.00%] Unaccounted for: 0 milli
	--- Preprocessor Statistics ---
	Number of preprocessor bound-tightening loop iterations: 8
	Number of eliminated variables: 0
	Number of constraints removed due to variable elimination: 0
	Number of equations removed due to variable elimination: 0
	--- Engine Statistics ---
	Number of main loop iterations: 1
		0 iterations were simplex steps. Total time: 0 milli. Average: 0.00 milli.
		0 iterations were constraint-fixing steps. Total time: 0 milli. Average: 0.00 milli
	Number of active piecewise-linear constraints: 136 / 300
		Constraints disabled by valid splits: 164. By SMT-originated splits: 0
	Last reported degradation: 0.0000000000. Max degradation so far: 0.0000000000. Restorations so far: 0
	Number of simplex pivots we attempted to skip because of instability: 0.
	Unstable pivots performed anyway: 0
	--- Tableau Statistics ---
	Total number of pivots performed: 0
		Real pivots: 0. Degenerate: 0 (0.00%)
		Degenerate pivots by request (e.g., to fix a PL constraint): 0 (0.00%)
		Average time per pivot: 0.00 milli
	Total number of fake pivots performed: 0
	Total number of rows added: 0. Number of merged columns: 0
	Current tableau dimensions: M = 604, N = 1518
	--- SMT Core Statistics ---
	Total depth is 0. Total visited states: 1. Number of splits: 0. Number of pops: 0
	Max stack depth: 0
	--- Bound Tightening Statistics ---
	Number of tightened bounds: 0.
		Number of rows examined by row tightener: 0. Consequent tightenings: 0
		Number of explicit basis matrices examined by row tightener: 0. Consequent tightenings: 0
		Number of bound tightening rounds on the entire constraint matrix: 0. Consequent tightenings: 0
		Number of bound notifications sent to PL constraints: 1800. Tightenings proposed: 0
	--- Basis Factorization statistics ---
	Number of basis refactorizations: 2
	--- Projected Steepest Edge Statistics ---
	Number of iterations: 0.
	Number of resets to reference space: 1. Avg. iterations per reset: 0
	--- SBT ---
	Number of tightened bounds: 743
	--- SoI-based local search ---
	Number of proposed phase pattern update: 0. Number of accepted update: 0 [0.00%]
	Total time (% of local search time) updating SoI phase pattern : 0 milli [0.00%]
	Total time obtaining current assignment: 0 milli [0.00%]
	Total time getting SoI phase pattern : 0 milli [0.00%]
	--- Context dependent statistics ---
	Number of pushes / pops: 0 / 0
		[0.00%] Pre-Push hook: 0 milli
		[0.00%] Push : 0 milli
		[0.00%] Post-Pop hook: 0 milli
		[0.00%] Pop : 0 milli
		[0.00%] Total context-switching time: 0 milli
	--- Proof Certificate ---
	Number of certified leaves: 0
	Number of leaves to delegate: 0
	Number of lemmas: 0

---
start solving without an agent

Engine::solve: unsat query

10:08:22 Statistics update:
	--- Time Statistics ---
	Total time elapsed: 593197 milli (00:09:53)
		Main loop: 593024 milli (00:09:53)
		Preprocessing time: 61 milli (00:00:00)
		Unknown: 111 milli (00:00:00)
	Breakdown for main loop:
		[31.42%] Simplex steps: 186353 milli
		[11.98%] Explicit-basis bound tightening: 71062 milli
		[0.00%] Constraint-matrix bound tightening: 0 milli
		[0.16%] Degradation checking: 946 milli
		[0.00%] Precision restoration: 0 milli
		[0.06%] Statistics handling: 330 milli
		[0.00%] Constraint-fixing steps: 0 milli
		[0.40%] Valid case splits: 2357 milli. Average per split: 0.00 milli
		[0.06%] Applying stored bound-tightening: 348 milli
		[3.37%] SMT core: 20008 milli
		[43.96%] Symbolic Bound Tightening: 260697 milli
		[25.27%] SoI-based local search: 149835 milli
		[0.00%] SoI-based local search: 0 milli
		[8.59%] Unaccounted for: 50920 milli
	--- Preprocessor Statistics ---
	Number of preprocessor bound-tightening loop iterations: 8
	Number of eliminated variables: 0
	Number of constraints removed due to variable elimination: 0
	Number of equations removed due to variable elimination: 0
	--- Engine Statistics ---
	Number of main loop iterations: 339935
		309792 iterations were simplex steps. Total time: 186353 milli. Average: 0.60 milli.
		0 iterations were constraint-fixing steps. Total time: 0 milli. Average: 0.00 milli
	Number of active piecewise-linear constraints: 86 / 300
		Constraints disabled by valid splits: 207. By SMT-originated splits: 7
	Last reported degradation: 0.0000000000. Max degradation so far: 0.0000003301. Restorations so far: 0
	Number of simplex pivots we attempted to skip because of instability: 257.
	Unstable pivots performed anyway: 35
	--- Tableau Statistics ---
	Total number of pivots performed: 218069
		Real pivots: 216152. Degenerate: 1917 (0.88%)
		Degenerate pivots by request (e.g., to fix a PL constraint): 0 (0.00%)
		Average time per pivot: 0.07 milli
	Total number of fake pivots performed: 27587
	Total number of rows added: 0. Number of merged columns: 0
	Current tableau dimensions: M = 604, N = 1518
	--- SMT Core Statistics ---
	Total depth is 11. Total visited states: 23848. Number of splits: 11924. Number of pops: 11923
	Max stack depth: 45
	--- Bound Tightening Statistics ---
	Number of tightened bounds: 5272733.
		Number of rows examined by row tightener: 218069. Consequent tightenings: 79649
		Number of explicit basis matrices examined by row tightener: 3567. Consequent tightenings: 1049389
		Number of bound tightening rounds on the entire constraint matrix: 0. Consequent tightenings: 0
		Number of bound notifications sent to PL constraints: 9342092. Tightenings proposed: 0
	--- Basis Factorization statistics ---
	Number of basis refactorizations: 1777
	--- Projected Steepest Edge Statistics ---
	Number of iterations: 245878.
	Number of resets to reference space: 11926. Avg. iterations per reset: 20
	--- SBT ---
	Number of tightened bounds: 5273476
	--- SoI-based local search ---
	Number of proposed phase pattern update: 14284. Number of accepted update: 23666 [165.68%]
	Total time (% of local search time) updating SoI phase pattern : 1701866 milli [1.14%]
	Total time obtaining current assignment: 5448170 milli [3.64%]
	Total time getting SoI phase pattern : 374100 milli [0.06%]
	--- Context dependent statistics ---
	Number of pushes / pops: 23848 / 23848
		[0.12%] Pre-Push hook: 700 milli
		[0.00%] Push : 0 milli
		[0.13%] Post-Pop hook: 775 milli
		[0.09%] Pop : 543 milli
		[0.34%] Total context-switching time: 2020 milli
	--- Proof Certificate ---
	Number of certified leaves: 0
	Number of leaves to delegate: 0
	Number of lemmas: 0
unsat
end run time: 10:08:22
DQN: Done solving. Time : 593205 milli. 

start run time: 10:08:22
Network: /cs/labs/guykatz/maya.swisa/elbit/20_8/Marabou/resources/nnet/acasxu/ACASXU_experimental_v2a_1_1.nnet
Number of layers: 8. Input layer size: 5. Output layer size: 5. Number of ReLUs: 300
Total number of variables: 610
Property: /cs/labs/guykatz/maya.swisa/elbit/PROPERTY_1_08091/ex_0171_label_0/eps02.txt

Engine::processInputQuery: Input query (before preprocessing): 309 equations, 610 variables
Engine::processInputQuery: Input query (after preprocessing): 604 equations, 914 variables


Engine::solve: Initial statistics

10:08:22 Statistics update:
	--- Time Statistics ---
	Total time elapsed: 58 milli (00:00:00)
		Main loop: 0 milli (00:00:00)
		Preprocessing time: 46 milli (00:00:00)
		Unknown: 12 milli (00:00:00)
	Breakdown for main loop:
		[0.00%] Simplex steps: 0 milli
		[0.00%] Explicit-basis bound tightening: 0 milli
		[0.00%] Constraint-matrix bound tightening: 0 milli
		[0.00%] Degradation checking: 0 milli
		[0.00%] Precision restoration: 0 milli
		[0.00%] Statistics handling: 0 milli
		[0.00%] Constraint-fixing steps: 0 milli
		[0.00%] Valid case splits: 3 milli. Average per split: 0.00 milli
		[0.00%] Applying stored bound-tightening: 0 milli
		[0.00%] SMT core: 0 milli
		[0.00%] Symbolic Bound Tightening: 8 milli
		[0.00%] SoI-based local search: 0 milli
		[0.00%] SoI-based local search: 0 milli
		[0.00%] Unaccounted for: 0 milli
	--- Preprocessor Statistics ---
	Number of preprocessor bound-tightening loop iterations: 8
	Number of eliminated variables: 0
	Number of constraints removed due to variable elimination: 0
	Number of equations removed due to variable elimination: 0
	--- Engine Statistics ---
	Number of main loop iterations: 1
		0 iterations were simplex steps. Total time: 0 milli. Average: 0.00 milli.
		0 iterations were constraint-fixing steps. Total time: 0 milli. Average: 0.00 milli
	Number of active piecewise-linear constraints: 162 / 300
		Constraints disabled by valid splits: 138. By SMT-originated splits: 0
	Last reported degradation: 0.0000000000. Max degradation so far: 0.0000000000. Restorations so far: 0
	Number of simplex pivots we attempted to skip because of instability: 0.
	Unstable pivots performed anyway: 0
	--- Tableau Statistics ---
	Total number of pivots performed: 0
		Real pivots: 0. Degenerate: 0 (0.00%)
		Degenerate pivots by request (e.g., to fix a PL constraint): 0 (0.00%)
		Average time per pivot: 0.00 milli
	Total number of fake pivots performed: 0
	Total number of rows added: 0. Number of merged columns: 0
	Current tableau dimensions: M = 604, N = 1518
	--- SMT Core Statistics ---
	Total depth is 0. Total visited states: 1. Number of splits: 0. Number of pops: 0
	Max stack depth: 0
	--- Bound Tightening Statistics ---
	Number of tightened bounds: 0.
		Number of rows examined by row tightener: 0. Consequent tightenings: 0
		Number of explicit basis matrices examined by row tightener: 0. Consequent tightenings: 0
		Number of bound tightening rounds on the entire constraint matrix: 0. Consequent tightenings: 0
		Number of bound notifications sent to PL constraints: 1800. Tightenings proposed: 0
	--- Basis Factorization statistics ---
	Number of basis refactorizations: 2
	--- Projected Steepest Edge Statistics ---
	Number of iterations: 0.
	Number of resets to reference space: 1. Avg. iterations per reset: 0
	--- SBT ---
	Number of tightened bounds: 742
	--- SoI-based local search ---
	Number of proposed phase pattern update: 0. Number of accepted update: 0 [0.00%]
	Total time (% of local search time) updating SoI phase pattern : 0 milli [0.00%]
	Total time obtaining current assignment: 0 milli [0.00%]
	Total time getting SoI phase pattern : 0 milli [0.00%]
	--- Context dependent statistics ---
	Number of pushes / pops: 0 / 0
		[0.00%] Pre-Push hook: 0 milli
		[0.00%] Push : 0 milli
		[0.00%] Post-Pop hook: 0 milli
		[0.00%] Pop : 0 milli
		[0.00%] Total context-switching time: 0 milli
	--- Proof Certificate ---
	Number of certified leaves: 0
	Number of leaves to delegate: 0
	Number of lemmas: 0

---
start solving without an agent

Engine::solve: unsat query

10:32:53 Statistics update:
	--- Time Statistics ---
	Total time elapsed: 1470972 milli (00:24:30)
		Main loop: 1470693 milli (00:24:30)
		Preprocessing time: 46 milli (00:00:00)
		Unknown: 232 milli (00:00:00)
	Breakdown for main loop:
		[29.62%] Simplex steps: 435562 milli
		[12.27%] Explicit-basis bound tightening: 180434 milli
		[0.00%] Constraint-matrix bound tightening: 0 milli
		[0.16%] Degradation checking: 2281 milli
		[0.00%] Precision restoration: 0 milli
		[0.06%] Statistics handling: 952 milli
		[0.00%] Constraint-fixing steps: 0 milli
		[0.42%] Valid case splits: 6138 milli. Average per split: 0.00 milli
		[0.06%] Applying stored bound-tightening: 892 milli
		[3.58%] SMT core: 52659 milli
		[43.55%] Symbolic Bound Tightening: 640467 milli
		[23.59%] SoI-based local search: 346871 milli
		[0.00%] SoI-based local search: 0 milli
		[10.29%] Unaccounted for: 151304 milli
	--- Preprocessor Statistics ---
	Number of preprocessor bound-tightening loop iterations: 8
	Number of eliminated variables: 0
	Number of constraints removed due to variable elimination: 0
	Number of equations removed due to variable elimination: 0
	--- Engine Statistics ---
	Number of main loop iterations: 839043
		760778 iterations were simplex steps. Total time: 435562 milli. Average: 0.57 milli.
		0 iterations were constraint-fixing steps. Total time: 0 milli. Average: 0.00 milli
	Number of active piecewise-linear constraints: 34 / 300
		Constraints disabled by valid splits: 259. By SMT-originated splits: 7
	Last reported degradation: 0.0000000000. Max degradation so far: 0.0000001238. Restorations so far: 0
	Number of simplex pivots we attempted to skip because of instability: 370.
	Unstable pivots performed anyway: 42
	--- Tableau Statistics ---
	Total number of pivots performed: 527365
		Real pivots: 522761. Degenerate: 4604 (0.87%)
		Degenerate pivots by request (e.g., to fix a PL constraint): 0 (0.00%)
		Average time per pivot: 0.07 milli
	Total number of fake pivots performed: 62111
	Total number of rows added: 0. Number of merged columns: 0
	Current tableau dimensions: M = 604, N = 1518
	--- SMT Core Statistics ---
	Total depth is 11. Total visited states: 63347. Number of splits: 31678. Number of pops: 31668
	Max stack depth: 54
	--- Bound Tightening Statistics ---
	Number of tightened bounds: 12362827.
		Number of rows examined by row tightener: 527365. Consequent tightenings: 217815
		Number of explicit basis matrices examined by row tightener: 10017. Consequent tightenings: 2856672
		Number of bound tightening rounds on the entire constraint matrix: 0. Consequent tightenings: 0
		Number of bound notifications sent to PL constraints: 22434705. Tightenings proposed: 0
	--- Basis Factorization statistics ---
	Number of basis refactorizations: 4225
	--- Projected Steepest Edge Statistics ---
	Number of iterations: 589804.
	Number of resets to reference space: 31679. Avg. iterations per reset: 18
	--- SBT ---
	Number of tightened bounds: 12363569
	--- SoI-based local search ---
	Number of proposed phase pattern update: 38337. Number of accepted update: 62674 [163.48%]
	Total time (% of local search time) updating SoI phase pattern : 4374387 milli [1.26%]
	Total time obtaining current assignment: 14215673 milli [4.10%]
	Total time getting SoI phase pattern : 960752 milli [0.07%]
	--- Context dependent statistics ---
	Number of pushes / pops: 63356 / 63356
		[0.13%] Pre-Push hook: 1894 milli
		[0.00%] Push : 1 milli
		[0.13%] Post-Pop hook: 1946 milli
		[0.10%] Pop : 1509 milli
		[0.36%] Total context-switching time: 5352 milli
	--- Proof Certificate ---
	Number of certified leaves: 0
	Number of leaves to delegate: 0
	Number of lemmas: 0
unsat
end run time: 10:32:53
DQN: Done solving. Time : 1471031 milli. 

start run time: 10:32:53
Network: /cs/labs/guykatz/maya.swisa/elbit/20_8/Marabou/resources/nnet/acasxu/ACASXU_experimental_v2a_1_1.nnet
Number of layers: 8. Input layer size: 5. Output layer size: 5. Number of ReLUs: 300
Total number of variables: 610
Property: /cs/labs/guykatz/maya.swisa/elbit/PROPERTY_1_08091/ex_0171_label_0/eps03.txt

Engine::processInputQuery: Input query (before preprocessing): 309 equations, 610 variables
Engine::processInputQuery: Input query (after preprocessing): 604 equations, 914 variables


Engine::solve: Initial statistics

10:32:53 Statistics update:
	--- Time Statistics ---
	Total time elapsed: 59 milli (00:00:00)
		Main loop: 0 milli (00:00:00)
		Preprocessing time: 45 milli (00:00:00)
		Unknown: 14 milli (00:00:00)
	Breakdown for main loop:
		[0.00%] Simplex steps: 0 milli
		[0.00%] Explicit-basis bound tightening: 0 milli
		[0.00%] Constraint-matrix bound tightening: 0 milli
		[0.00%] Degradation checking: 0 milli
		[0.00%] Precision restoration: 0 milli
		[0.00%] Statistics handling: 0 milli
		[0.00%] Constraint-fixing steps: 0 milli
		[0.00%] Valid case splits: 3 milli. Average per split: 0.00 milli
		[0.00%] Applying stored bound-tightening: 0 milli
		[0.00%] SMT core: 0 milli
		[0.00%] Symbolic Bound Tightening: 8 milli
		[0.00%] SoI-based local search: 0 milli
		[0.00%] SoI-based local search: 0 milli
		[0.00%] Unaccounted for: 0 milli
	--- Preprocessor Statistics ---
	Number of preprocessor bound-tightening loop iterations: 8
	Number of eliminated variables: 0
	Number of constraints removed due to variable elimination: 0
	Number of equations removed due to variable elimination: 0
	--- Engine Statistics ---
	Number of main loop iterations: 1
		0 iterations were simplex steps. Total time: 0 milli. Average: 0.00 milli.
		0 iterations were constraint-fixing steps. Total time: 0 milli. Average: 0.00 milli
	Number of active piecewise-linear constraints: 184 / 300
		Constraints disabled by valid splits: 116. By SMT-originated splits: 0
	Last reported degradation: 0.0000000000. Max degradation so far: 0.0000000000. Restorations so far: 0
	Number of simplex pivots we attempted to skip because of instability: 0.
	Unstable pivots performed anyway: 0
	--- Tableau Statistics ---
	Total number of pivots performed: 0
		Real pivots: 0. Degenerate: 0 (0.00%)
		Degenerate pivots by request (e.g., to fix a PL constraint): 0 (0.00%)
		Average time per pivot: 0.00 milli
	Total number of fake pivots performed: 0
	Total number of rows added: 0. Number of merged columns: 0
	Current tableau dimensions: M = 604, N = 1518
	--- SMT Core Statistics ---
	Total depth is 0. Total visited states: 1. Number of splits: 0. Number of pops: 0
	Max stack depth: 0
	--- Bound Tightening Statistics ---
	Number of tightened bounds: 0.
		Number of rows examined by row tightener: 0. Consequent tightenings: 0
		Number of explicit basis matrices examined by row tightener: 0. Consequent tightenings: 0
		Number of bound tightening rounds on the entire constraint matrix: 0. Consequent tightenings: 0
		Number of bound notifications sent to PL constraints: 1800. Tightenings proposed: 0
	--- Basis Factorization statistics ---
	Number of basis refactorizations: 2
	--- Projected Steepest Edge Statistics ---
	Number of iterations: 0.
	Number of resets to reference space: 1. Avg. iterations per reset: 0
	--- SBT ---
	Number of tightened bounds: 740
	--- SoI-based local search ---
	Number of proposed phase pattern update: 0. Number of accepted update: 0 [0.00%]
	Total time (% of local search time) updating SoI phase pattern : 0 milli [0.00%]
	Total time obtaining current assignment: 0 milli [0.00%]
	Total time getting SoI phase pattern : 0 milli [0.00%]
	--- Context dependent statistics ---
	Number of pushes / pops: 0 / 0
		[0.00%] Pre-Push hook: 0 milli
		[0.00%] Push : 0 milli
		[0.00%] Post-Pop hook: 0 milli
		[0.00%] Pop : 0 milli
		[0.00%] Total context-switching time: 0 milli
	--- Proof Certificate ---
	Number of certified leaves: 0
	Number of leaves to delegate: 0
	Number of lemmas: 0

---
start solving without an agent
Performing precision restoration. Degradation before: 0.000020302099609. After: 0.000000000000096

Engine::solve: unsat query

11:24:45 Statistics update:
	--- Time Statistics ---
	Total time elapsed: 3112607 milli (00:51:52)
		Main loop: 3112056 milli (00:51:52)
		Preprocessing time: 45 milli (00:00:00)
		Unknown: 506 milli (00:00:00)
	Breakdown for main loop:
		[29.43%] Simplex steps: 915801 milli
		[11.41%] Explicit-basis bound tightening: 355140 milli
		[0.00%] Constraint-matrix bound tightening: 0 milli
		[0.16%] Degradation checking: 4996 milli
		[0.00%] Precision restoration: 9 milli
		[0.08%] Statistics handling: 2482 milli
		[0.00%] Constraint-fixing steps: 0 milli
		[0.37%] Valid case splits: 11581 milli. Average per split: 0.00 milli
		[0.06%] Applying stored bound-tightening: 1953 milli
		[3.74%] SMT core: 116266 milli
		[44.22%] Symbolic Bound Tightening: 1376132 milli
		[22.74%] SoI-based local search: 707656 milli
		[0.00%] SoI-based local search: 0 milli
		[10.53%] Unaccounted for: 327691 milli
	--- Preprocessor Statistics ---
	Number of preprocessor bound-tightening loop iterations: 8
	Number of eliminated variables: 0
	Number of constraints removed due to variable elimination: 0
	Number of equations removed due to variable elimination: 0
	--- Engine Statistics ---
	Number of main loop iterations: 1811135
		1641942 iterations were simplex steps. Total time: 915801 milli. Average: 0.56 milli.
		0 iterations were constraint-fixing steps. Total time: 0 milli. Average: 0.00 milli
	Number of active piecewise-linear constraints: 89 / 300
		Constraints disabled by valid splits: 204. By SMT-originated splits: 7
	Last reported degradation: 0.0000000000. Max degradation so far: 0.0000201796. Restorations so far: 1
	Number of simplex pivots we attempted to skip because of instability: 640.
	Unstable pivots performed anyway: 68
	--- Tableau Statistics ---
	Total number of pivots performed: 1123367
		Real pivots: 1113576. Degenerate: 9791 (0.87%)
		Degenerate pivots by request (e.g., to fix a PL constraint): 0 (0.00%)
		Average time per pivot: 0.07 milli
	Total number of fake pivots performed: 139008
	Total number of rows added: 0. Number of merged columns: 0
	Current tableau dimensions: M = 604, N = 1518
	--- SMT Core Statistics ---
	Total depth is 11. Total visited states: 139834. Number of splits: 69924. Number of pops: 69909
	Max stack depth: 60
	--- Bound Tightening Statistics ---
	Number of tightened bounds: 25354639.
		Number of rows examined by row tightener: 1123367. Consequent tightenings: 531280
		Number of explicit basis matrices examined by row tightener: 20110. Consequent tightenings: 5645875
		Number of bound tightening rounds on the entire constraint matrix: 0. Consequent tightenings: 0
		Number of bound notifications sent to PL constraints: 46144219. Tightenings proposed: 0
	--- Basis Factorization statistics ---
	Number of basis refactorizations: 8838
	--- Projected Steepest Edge Statistics ---
	Number of iterations: 1262947.
	Number of resets to reference space: 69936. Avg. iterations per reset: 18
	--- SBT ---
	Number of tightened bounds: 25352343
	--- SoI-based local search ---
	Number of proposed phase pattern update: 83676. Number of accepted update: 138413 [165.42%]
	Total time (% of local search time) updating SoI phase pattern : 9694721 milli [1.37%]
	Total time obtaining current assignment: 31540542 milli [4.46%]
	Total time getting SoI phase pattern : 2153094 milli [0.07%]
	--- Context dependent statistics ---
	Number of pushes / pops: 139848 / 139848
		[0.14%] Pre-Push hook: 4206 milli
		[0.00%] Push : 2 milli
		[0.13%] Post-Pop hook: 4132 milli
		[0.09%] Pop : 2950 milli
		[0.36%] Total context-switching time: 11291 milli
	--- Proof Certificate ---
	Number of certified leaves: 0
	Number of leaves to delegate: 0
	Number of lemmas: 0
unsat
end run time: 11:24:45
DQN: Done solving. Time : 3112623 milli. 

