[303] processing ex_0304_label_0 …
start run time: 09:59:14
Network: /cs/labs/guykatz/maya.swisa/elbit/20_8/Marabou/resources/nnet/acasxu/ACASXU_experimental_v2a_1_1.nnet
Number of layers: 8. Input layer size: 5. Output layer size: 5. Number of ReLUs: 300
Total number of variables: 610
Property: /cs/labs/guykatz/maya.swisa/elbit/PROPERTY_1_08091/ex_0304_label_0/eps01.txt

Engine::processInputQuery: Input query (before preprocessing): 309 equations, 610 variables
Engine::processInputQuery: Input query (after preprocessing): 604 equations, 914 variables


Engine::solve: Initial statistics

09:59:14 Statistics update:
	--- Time Statistics ---
	Total time elapsed: 55 milli (00:00:00)
		Main loop: 0 milli (00:00:00)
		Preprocessing time: 39 milli (00:00:00)
		Unknown: 15 milli (00:00:00)
	Breakdown for main loop:
		[0.00%] Simplex steps: 0 milli
		[0.00%] Explicit-basis bound tightening: 0 milli
		[0.00%] Constraint-matrix bound tightening: 0 milli
		[0.00%] Degradation checking: 0 milli
		[0.00%] Precision restoration: 0 milli
		[0.00%] Statistics handling: 0 milli
		[0.00%] Constraint-fixing steps: 0 milli
		[0.00%] Valid case splits: 2 milli. Average per split: 0.00 milli
		[0.00%] Applying stored bound-tightening: 0 milli
		[0.00%] SMT core: 0 milli
		[0.00%] Symbolic Bound Tightening: 4 milli
		[0.00%] SoI-based local search: 0 milli
		[0.00%] SoI-based local search: 0 milli
		[0.00%] Unaccounted for: 0 milli
	--- Preprocessor Statistics ---
	Number of preprocessor bound-tightening loop iterations: 8
	Number of eliminated variables: 0
	Number of constraints removed due to variable elimination: 0
	Number of equations removed due to variable elimination: 0
	--- Engine Statistics ---
	Number of main loop iterations: 1
		0 iterations were simplex steps. Total time: 0 milli. Average: 0.00 milli.
		0 iterations were constraint-fixing steps. Total time: 0 milli. Average: 0.00 milli
	Number of active piecewise-linear constraints: 156 / 300
		Constraints disabled by valid splits: 144. By SMT-originated splits: 0
	Last reported degradation: 0.0000000000. Max degradation so far: 0.0000000000. Restorations so far: 0
	Number of simplex pivots we attempted to skip because of instability: 0.
	Unstable pivots performed anyway: 0
	--- Tableau Statistics ---
	Total number of pivots performed: 0
		Real pivots: 0. Degenerate: 0 (0.00%)
		Degenerate pivots by request (e.g., to fix a PL constraint): 0 (0.00%)
		Average time per pivot: 0.00 milli
	Total number of fake pivots performed: 0
	Total number of rows added: 0. Number of merged columns: 0
	Current tableau dimensions: M = 604, N = 1518
	--- SMT Core Statistics ---
	Total depth is 0. Total visited states: 1. Number of splits: 0. Number of pops: 0
	Max stack depth: 0
	--- Bound Tightening Statistics ---
	Number of tightened bounds: 0.
		Number of rows examined by row tightener: 0. Consequent tightenings: 0
		Number of explicit basis matrices examined by row tightener: 0. Consequent tightenings: 0
		Number of bound tightening rounds on the entire constraint matrix: 0. Consequent tightenings: 0
		Number of bound notifications sent to PL constraints: 1800. Tightenings proposed: 0
	--- Basis Factorization statistics ---
	Number of basis refactorizations: 2
	--- Projected Steepest Edge Statistics ---
	Number of iterations: 0.
	Number of resets to reference space: 1. Avg. iterations per reset: 0
	--- SBT ---
	Number of tightened bounds: 742
	--- SoI-based local search ---
	Number of proposed phase pattern update: 0. Number of accepted update: 0 [0.00%]
	Total time (% of local search time) updating SoI phase pattern : 0 milli [0.00%]
	Total time obtaining current assignment: 0 milli [0.00%]
	Total time getting SoI phase pattern : 0 milli [0.00%]
	--- Context dependent statistics ---
	Number of pushes / pops: 0 / 0
		[0.00%] Pre-Push hook: 0 milli
		[0.00%] Push : 0 milli
		[0.00%] Post-Pop hook: 0 milli
		[0.00%] Pop : 0 milli
		[0.00%] Total context-switching time: 0 milli
	--- Proof Certificate ---
	Number of certified leaves: 0
	Number of leaves to delegate: 0
	Number of lemmas: 0

---
start solving without an agent

Engine::solve: unsat query

09:59:15 Statistics update:
	--- Time Statistics ---
	Total time elapsed: 827 milli (00:00:00)
		Main loop: 771 milli (00:00:00)
		Preprocessing time: 39 milli (00:00:00)
		Unknown: 16 milli (00:00:00)
	Breakdown for main loop:
		[46.74%] Simplex steps: 360 milli
		[7.84%] Explicit-basis bound tightening: 60 milli
		[0.00%] Constraint-matrix bound tightening: 0 milli
		[0.16%] Degradation checking: 1 milli
		[0.00%] Precision restoration: 0 milli
		[0.05%] Statistics handling: 0 milli
		[0.00%] Constraint-fixing steps: 0 milli
		[1.92%] Valid case splits: 14 milli. Average per split: 0.00 milli
		[0.04%] Applying stored bound-tightening: 0 milli
		[1.98%] SMT core: 15 milli
		[38.49%] Symbolic Bound Tightening: 296 milli
		[34.62%] SoI-based local search: 267 milli
		[0.00%] SoI-based local search: 0 milli
		[2.78%] Unaccounted for: 21 milli
	--- Preprocessor Statistics ---
	Number of preprocessor bound-tightening loop iterations: 8
	Number of eliminated variables: 0
	Number of constraints removed due to variable elimination: 0
	Number of equations removed due to variable elimination: 0
	--- Engine Statistics ---
	Number of main loop iterations: 896
		846 iterations were simplex steps. Total time: 360 milli. Average: 0.43 milli.
		0 iterations were constraint-fixing steps. Total time: 0 milli. Average: 0.00 milli
	Number of active piecewise-linear constraints: 129 / 300
		Constraints disabled by valid splits: 171. By SMT-originated splits: 0
	Last reported degradation: 0.0000000000. Max degradation so far: 0.0000000000. Restorations so far: 0
	Number of simplex pivots we attempted to skip because of instability: 25.
	Unstable pivots performed anyway: 3
	--- Tableau Statistics ---
	Total number of pivots performed: 718
		Real pivots: 709. Degenerate: 9 (1.25%)
		Degenerate pivots by request (e.g., to fix a PL constraint): 0 (0.00%)
		Average time per pivot: 0.03 milli
	Total number of fake pivots performed: 42
	Total number of rows added: 0. Number of merged columns: 0
	Current tableau dimensions: M = 604, N = 1518
	--- SMT Core Statistics ---
	Total depth is 2. Total visited states: 36. Number of splits: 17. Number of pops: 18
	Max stack depth: 8
	--- Bound Tightening Statistics ---
	Number of tightened bounds: 15047.
		Number of rows examined by row tightener: 718. Consequent tightenings: 40
		Number of explicit basis matrices examined by row tightener: 3. Consequent tightenings: 226
		Number of bound tightening rounds on the entire constraint matrix: 0. Consequent tightenings: 0
		Number of bound notifications sent to PL constraints: 26293. Tightenings proposed: 0
	--- Basis Factorization statistics ---
	Number of basis refactorizations: 10
	--- Projected Steepest Edge Statistics ---
	Number of iterations: 782.
	Number of resets to reference space: 18. Avg. iterations per reset: 43
	--- SBT ---
	Number of tightened bounds: 15789
	--- SoI-based local search ---
	Number of proposed phase pattern update: 22. Number of accepted update: 31 [140.91%]
	Total time (% of local search time) updating SoI phase pattern : 2008 milli [0.75%]
	Total time obtaining current assignment: 4521 milli [1.69%]
	Total time getting SoI phase pattern : 1040 milli [0.13%]
	--- Context dependent statistics ---
	Number of pushes / pops: 34 / 34
		[0.11%] Pre-Push hook: 0 milli
		[0.00%] Push : 0 milli
		[0.14%] Post-Pop hook: 1 milli
		[0.12%] Pop : 0 milli
		[0.38%] Total context-switching time: 2 milli
	--- Proof Certificate ---
	Number of certified leaves: 0
	Number of leaves to delegate: 0
	Number of lemmas: 0
unsat
end run time: 09:59:15
DQN: Done solving. Time : 835 milli. 

start run time: 09:59:15
Network: /cs/labs/guykatz/maya.swisa/elbit/20_8/Marabou/resources/nnet/acasxu/ACASXU_experimental_v2a_1_1.nnet
Number of layers: 8. Input layer size: 5. Output layer size: 5. Number of ReLUs: 300
Total number of variables: 610
Property: /cs/labs/guykatz/maya.swisa/elbit/PROPERTY_1_08091/ex_0304_label_0/eps02.txt

Engine::processInputQuery: Input query (before preprocessing): 309 equations, 610 variables
Engine::processInputQuery: Input query (after preprocessing): 604 equations, 914 variables


Engine::solve: Initial statistics

09:59:15 Statistics update:
	--- Time Statistics ---
	Total time elapsed: 55 milli (00:00:00)
		Main loop: 0 milli (00:00:00)
		Preprocessing time: 31 milli (00:00:00)
		Unknown: 24 milli (00:00:00)
	Breakdown for main loop:
		[0.00%] Simplex steps: 0 milli
		[0.00%] Explicit-basis bound tightening: 0 milli
		[0.00%] Constraint-matrix bound tightening: 0 milli
		[0.00%] Degradation checking: 0 milli
		[0.00%] Precision restoration: 0 milli
		[0.00%] Statistics handling: 0 milli
		[0.00%] Constraint-fixing steps: 0 milli
		[0.00%] Valid case splits: 2 milli. Average per split: 0.00 milli
		[0.00%] Applying stored bound-tightening: 0 milli
		[0.00%] SMT core: 0 milli
		[0.00%] Symbolic Bound Tightening: 4 milli
		[0.00%] SoI-based local search: 0 milli
		[0.00%] SoI-based local search: 0 milli
		[0.00%] Unaccounted for: 0 milli
	--- Preprocessor Statistics ---
	Number of preprocessor bound-tightening loop iterations: 8
	Number of eliminated variables: 0
	Number of constraints removed due to variable elimination: 0
	Number of equations removed due to variable elimination: 0
	--- Engine Statistics ---
	Number of main loop iterations: 1
		0 iterations were simplex steps. Total time: 0 milli. Average: 0.00 milli.
		0 iterations were constraint-fixing steps. Total time: 0 milli. Average: 0.00 milli
	Number of active piecewise-linear constraints: 181 / 300
		Constraints disabled by valid splits: 119. By SMT-originated splits: 0
	Last reported degradation: 0.0000000000. Max degradation so far: 0.0000000000. Restorations so far: 0
	Number of simplex pivots we attempted to skip because of instability: 0.
	Unstable pivots performed anyway: 0
	--- Tableau Statistics ---
	Total number of pivots performed: 0
		Real pivots: 0. Degenerate: 0 (0.00%)
		Degenerate pivots by request (e.g., to fix a PL constraint): 0 (0.00%)
		Average time per pivot: 0.00 milli
	Total number of fake pivots performed: 0
	Total number of rows added: 0. Number of merged columns: 0
	Current tableau dimensions: M = 604, N = 1518
	--- SMT Core Statistics ---
	Total depth is 0. Total visited states: 1. Number of splits: 0. Number of pops: 0
	Max stack depth: 0
	--- Bound Tightening Statistics ---
	Number of tightened bounds: 0.
		Number of rows examined by row tightener: 0. Consequent tightenings: 0
		Number of explicit basis matrices examined by row tightener: 0. Consequent tightenings: 0
		Number of bound tightening rounds on the entire constraint matrix: 0. Consequent tightenings: 0
		Number of bound notifications sent to PL constraints: 1800. Tightenings proposed: 0
	--- Basis Factorization statistics ---
	Number of basis refactorizations: 2
	--- Projected Steepest Edge Statistics ---
	Number of iterations: 0.
	Number of resets to reference space: 1. Avg. iterations per reset: 0
	--- SBT ---
	Number of tightened bounds: 738
	--- SoI-based local search ---
	Number of proposed phase pattern update: 0. Number of accepted update: 0 [0.00%]
	Total time (% of local search time) updating SoI phase pattern : 0 milli [0.00%]
	Total time obtaining current assignment: 0 milli [0.00%]
	Total time getting SoI phase pattern : 0 milli [0.00%]
	--- Context dependent statistics ---
	Number of pushes / pops: 0 / 0
		[0.00%] Pre-Push hook: 0 milli
		[0.00%] Push : 0 milli
		[0.00%] Post-Pop hook: 0 milli
		[0.00%] Pop : 0 milli
		[0.00%] Total context-switching time: 0 milli
	--- Proof Certificate ---
	Number of certified leaves: 0
	Number of leaves to delegate: 0
	Number of lemmas: 0

---
start solving without an agent

Engine::solve: unsat query

10:00:05 Statistics update:
	--- Time Statistics ---
	Total time elapsed: 50195 milli (00:00:50)
		Main loop: 50129 milli (00:00:50)
		Preprocessing time: 31 milli (00:00:00)
		Unknown: 34 milli (00:00:00)
	Breakdown for main loop:
		[34.67%] Simplex steps: 17380 milli
		[14.40%] Explicit-basis bound tightening: 7219 milli
		[0.00%] Constraint-matrix bound tightening: 0 milli
		[0.14%] Degradation checking: 70 milli
		[0.00%] Precision restoration: 0 milli
		[0.08%] Statistics handling: 38 milli
		[0.00%] Constraint-fixing steps: 0 milli
		[0.67%] Valid case splits: 337 milli. Average per split: 0.00 milli
		[0.05%] Applying stored bound-tightening: 26 milli
		[3.32%] SMT core: 1666 milli
		[39.00%] Symbolic Bound Tightening: 19548 milli
		[29.06%] SoI-based local search: 14566 milli
		[0.00%] SoI-based local search: 0 milli
		[7.67%] Unaccounted for: 3843 milli
	--- Preprocessor Statistics ---
	Number of preprocessor bound-tightening loop iterations: 8
	Number of eliminated variables: 0
	Number of constraints removed due to variable elimination: 0
	Number of equations removed due to variable elimination: 0
	--- Engine Statistics ---
	Number of main loop iterations: 43606
		39900 iterations were simplex steps. Total time: 17380 milli. Average: 0.44 milli.
		0 iterations were constraint-fixing steps. Total time: 0 milli. Average: 0.00 milli
	Number of active piecewise-linear constraints: 158 / 300
		Constraints disabled by valid splits: 142. By SMT-originated splits: 0
	Last reported degradation: 0.0000000000. Max degradation so far: 0.0000000147. Restorations so far: 0
	Number of simplex pivots we attempted to skip because of instability: 1290.
	Unstable pivots performed anyway: 167
	--- Tableau Statistics ---
	Total number of pivots performed: 28793
		Real pivots: 28550. Degenerate: 243 (0.84%)
		Degenerate pivots by request (e.g., to fix a PL constraint): 0 (0.00%)
		Average time per pivot: 0.04 milli
	Total number of fake pivots performed: 3837
	Total number of rows added: 0. Number of merged columns: 0
	Current tableau dimensions: M = 604, N = 1518
	--- SMT Core Statistics ---
	Total depth is 2. Total visited states: 2712. Number of splits: 1355. Number of pops: 1356
	Max stack depth: 35
	--- Bound Tightening Statistics ---
	Number of tightened bounds: 795015.
		Number of rows examined by row tightener: 28793. Consequent tightenings: 8386
		Number of explicit basis matrices examined by row tightener: 452. Consequent tightenings: 114717
		Number of bound tightening rounds on the entire constraint matrix: 0. Consequent tightenings: 0
		Number of bound notifications sent to PL constraints: 1300780. Tightenings proposed: 0
	--- Basis Factorization statistics ---
	Number of basis refactorizations: 420
	--- Projected Steepest Edge Statistics ---
	Number of iterations: 33753.
	Number of resets to reference space: 1358. Avg. iterations per reset: 24
	--- SBT ---
	Number of tightened bounds: 795753
	--- SoI-based local search ---
	Number of proposed phase pattern update: 1759. Number of accepted update: 2627 [149.35%]
	Total time (% of local search time) updating SoI phase pattern : 142627 milli [0.98%]
	Total time obtaining current assignment: 480286 milli [3.30%]
	Total time getting SoI phase pattern : 50946 milli [0.10%]
	--- Context dependent statistics ---
	Number of pushes / pops: 2710 / 2710
		[0.14%] Pre-Push hook: 67 milli
		[0.00%] Push : 0 milli
		[0.14%] Post-Pop hook: 70 milli
		[0.16%] Pop : 80 milli
		[0.44%] Total context-switching time: 218 milli
	--- Proof Certificate ---
	Number of certified leaves: 0
	Number of leaves to delegate: 0
	Number of lemmas: 0
unsat
end run time: 10:00:05
DQN: Done solving. Time : 50201 milli. 

start run time: 10:00:05
Network: /cs/labs/guykatz/maya.swisa/elbit/20_8/Marabou/resources/nnet/acasxu/ACASXU_experimental_v2a_1_1.nnet
Number of layers: 8. Input layer size: 5. Output layer size: 5. Number of ReLUs: 300
Total number of variables: 610
Property: /cs/labs/guykatz/maya.swisa/elbit/PROPERTY_1_08091/ex_0304_label_0/eps03.txt

Engine::processInputQuery: Input query (before preprocessing): 309 equations, 610 variables
Engine::processInputQuery: Input query (after preprocessing): 604 equations, 914 variables


Engine::solve: Initial statistics

10:00:05 Statistics update:
	--- Time Statistics ---
	Total time elapsed: 48 milli (00:00:00)
		Main loop: 0 milli (00:00:00)
		Preprocessing time: 30 milli (00:00:00)
		Unknown: 18 milli (00:00:00)
	Breakdown for main loop:
		[0.00%] Simplex steps: 0 milli
		[0.00%] Explicit-basis bound tightening: 0 milli
		[0.00%] Constraint-matrix bound tightening: 0 milli
		[0.00%] Degradation checking: 0 milli
		[0.00%] Precision restoration: 0 milli
		[0.00%] Statistics handling: 0 milli
		[0.00%] Constraint-fixing steps: 0 milli
		[0.00%] Valid case splits: 1 milli. Average per split: 0.00 milli
		[0.00%] Applying stored bound-tightening: 0 milli
		[0.00%] SMT core: 0 milli
		[0.00%] Symbolic Bound Tightening: 5 milli
		[0.00%] SoI-based local search: 0 milli
		[0.00%] SoI-based local search: 0 milli
		[0.00%] Unaccounted for: 0 milli
	--- Preprocessor Statistics ---
	Number of preprocessor bound-tightening loop iterations: 8
	Number of eliminated variables: 0
	Number of constraints removed due to variable elimination: 0
	Number of equations removed due to variable elimination: 0
	--- Engine Statistics ---
	Number of main loop iterations: 1
		0 iterations were simplex steps. Total time: 0 milli. Average: 0.00 milli.
		0 iterations were constraint-fixing steps. Total time: 0 milli. Average: 0.00 milli
	Number of active piecewise-linear constraints: 196 / 300
		Constraints disabled by valid splits: 104. By SMT-originated splits: 0
	Last reported degradation: 0.0000000000. Max degradation so far: 0.0000000000. Restorations so far: 0
	Number of simplex pivots we attempted to skip because of instability: 0.
	Unstable pivots performed anyway: 0
	--- Tableau Statistics ---
	Total number of pivots performed: 0
		Real pivots: 0. Degenerate: 0 (0.00%)
		Degenerate pivots by request (e.g., to fix a PL constraint): 0 (0.00%)
		Average time per pivot: 0.00 milli
	Total number of fake pivots performed: 0
	Total number of rows added: 0. Number of merged columns: 0
	Current tableau dimensions: M = 604, N = 1518
	--- SMT Core Statistics ---
	Total depth is 0. Total visited states: 1. Number of splits: 0. Number of pops: 0
	Max stack depth: 0
	--- Bound Tightening Statistics ---
	Number of tightened bounds: 0.
		Number of rows examined by row tightener: 0. Consequent tightenings: 0
		Number of explicit basis matrices examined by row tightener: 0. Consequent tightenings: 0
		Number of bound tightening rounds on the entire constraint matrix: 0. Consequent tightenings: 0
		Number of bound notifications sent to PL constraints: 1800. Tightenings proposed: 0
	--- Basis Factorization statistics ---
	Number of basis refactorizations: 2
	--- Projected Steepest Edge Statistics ---
	Number of iterations: 0.
	Number of resets to reference space: 1. Avg. iterations per reset: 0
	--- SBT ---
	Number of tightened bounds: 736
	--- SoI-based local search ---
	Number of proposed phase pattern update: 0. Number of accepted update: 0 [0.00%]
	Total time (% of local search time) updating SoI phase pattern : 0 milli [0.00%]
	Total time obtaining current assignment: 0 milli [0.00%]
	Total time getting SoI phase pattern : 0 milli [0.00%]
	--- Context dependent statistics ---
	Number of pushes / pops: 0 / 0
		[0.00%] Pre-Push hook: 0 milli
		[0.00%] Push : 0 milli
		[0.00%] Post-Pop hook: 0 milli
		[0.00%] Pop : 0 milli
		[0.00%] Total context-switching time: 0 milli
	--- Proof Certificate ---
	Number of certified leaves: 0
	Number of leaves to delegate: 0
	Number of lemmas: 0

---
start solving without an agent
MalformedBasisException caught!
Performing precision restoration. Degradation before: 0.000000039608596. After: 0.000000000000087
Performing precision restoration. Degradation before: 0.000000000027907. After: 0.000000003577449
Performing precision restoration. Degradation before: 0.000043551073279. After: 0.000000000000058

Engine::solve: unsat query

10:06:15 Statistics update:
	--- Time Statistics ---
	Total time elapsed: 369775 milli (00:06:09)
		Main loop: 369653 milli (00:06:09)
		Preprocessing time: 30 milli (00:00:00)
		Unknown: 91 milli (00:00:00)
	Breakdown for main loop:
		[37.84%] Simplex steps: 139868 milli
		[15.53%] Explicit-basis bound tightening: 57398 milli
		[0.00%] Constraint-matrix bound tightening: 0 milli
		[0.16%] Degradation checking: 608 milli
		[0.01%] Precision restoration: 19 milli
		[0.12%] Statistics handling: 436 milli
		[0.00%] Constraint-fixing steps: 0 milli
		[0.57%] Valid case splits: 2107 milli. Average per split: 0.00 milli
		[0.05%] Applying stored bound-tightening: 195 milli
		[3.50%] SMT core: 12926 milli
		[33.57%] Symbolic Bound Tightening: 124087 milli
		[27.52%] SoI-based local search: 101719 milli
		[0.00%] SoI-based local search: 0 milli
		[8.66%] Unaccounted for: 32006 milli
	--- Preprocessor Statistics ---
	Number of preprocessor bound-tightening loop iterations: 8
	Number of eliminated variables: 0
	Number of constraints removed due to variable elimination: 0
	Number of equations removed due to variable elimination: 0
	--- Engine Statistics ---
	Number of main loop iterations: 304522
		278911 iterations were simplex steps. Total time: 139868 milli. Average: 0.50 milli.
		0 iterations were constraint-fixing steps. Total time: 0 milli. Average: 0.00 milli
	Number of active piecewise-linear constraints: 129 / 300
		Constraints disabled by valid splits: 171. By SMT-originated splits: 0
	Last reported degradation: 0.0000000000. Max degradation so far: 0.0000434428. Restorations so far: 3
	Number of simplex pivots we attempted to skip because of instability: 8552.
	Unstable pivots performed anyway: 2420
	--- Tableau Statistics ---
	Total number of pivots performed: 211031
		Real pivots: 207967. Degenerate: 3064 (1.45%)
		Degenerate pivots by request (e.g., to fix a PL constraint): 0 (0.00%)
		Average time per pivot: 0.06 milli
	Total number of fake pivots performed: 19314
	Total number of rows added: 0. Number of merged columns: 0
	Current tableau dimensions: M = 604, N = 1518
	--- SMT Core Statistics ---
	Total depth is 2. Total visited states: 17306. Number of splits: 8654. Number of pops: 8651
	Max stack depth: 41
	--- Bound Tightening Statistics ---
	Number of tightened bounds: 4686919.
		Number of rows examined by row tightener: 211031. Consequent tightenings: 64762
		Number of explicit basis matrices examined by row tightener: 2695. Consequent tightenings: 715722
		Number of bound tightening rounds on the entire constraint matrix: 0. Consequent tightenings: 0
		Number of bound notifications sent to PL constraints: 8025158. Tightenings proposed: 0
	--- Basis Factorization statistics ---
	Number of basis refactorizations: 4108
	--- Projected Steepest Edge Statistics ---
	Number of iterations: 236477.
	Number of resets to reference space: 8690. Avg. iterations per reset: 27
	--- SBT ---
	Number of tightened bounds: 4678547
	--- SoI-based local search ---
	Number of proposed phase pattern update: 11338. Number of accepted update: 16656 [146.90%]
	Total time (% of local search time) updating SoI phase pattern : 1322338 milli [1.30%]
	Total time obtaining current assignment: 3653587 milli [3.59%]
	Total time getting SoI phase pattern : 376159 milli [0.10%]
	--- Context dependent statistics ---
	Number of pushes / pops: 17308 / 17308
		[0.17%] Pre-Push hook: 620 milli
		[0.00%] Push : 0 milli
		[0.13%] Post-Pop hook: 469 milli
		[0.16%] Pop : 588 milli
		[0.45%] Total context-switching time: 1679 milli
	--- Proof Certificate ---
	Number of certified leaves: 0
	Number of leaves to delegate: 0
	Number of lemmas: 0
unsat
end run time: 10:06:15
DQN: Done solving. Time : 369785 milli. 

