[679] processing ex_0680_label_0 …
start run time: 10:11:14
Network: /cs/labs/guykatz/maya.swisa/elbit/20_8/Marabou/resources/nnet/acasxu/ACASXU_experimental_v2a_1_1.nnet
Number of layers: 8. Input layer size: 5. Output layer size: 5. Number of ReLUs: 300
Total number of variables: 610
Property: /cs/labs/guykatz/maya.swisa/elbit/PROPERTY_1_08091/ex_0680_label_0/eps01.txt

Engine::processInputQuery: Input query (before preprocessing): 309 equations, 610 variables
Engine::processInputQuery: Input query (after preprocessing): 604 equations, 914 variables


Engine::solve: Initial statistics

10:11:14 Statistics update:
	--- Time Statistics ---
	Total time elapsed: 63 milli (00:00:00)
		Main loop: 0 milli (00:00:00)
		Preprocessing time: 40 milli (00:00:00)
		Unknown: 23 milli (00:00:00)
	Breakdown for main loop:
		[0.00%] Simplex steps: 0 milli
		[0.00%] Explicit-basis bound tightening: 0 milli
		[0.00%] Constraint-matrix bound tightening: 0 milli
		[0.00%] Degradation checking: 0 milli
		[0.00%] Precision restoration: 0 milli
		[0.00%] Statistics handling: 0 milli
		[0.00%] Constraint-fixing steps: 0 milli
		[0.00%] Valid case splits: 2 milli. Average per split: 0.00 milli
		[0.00%] Applying stored bound-tightening: 0 milli
		[0.00%] SMT core: 0 milli
		[0.00%] Symbolic Bound Tightening: 5 milli
		[0.00%] SoI-based local search: 0 milli
		[0.00%] SoI-based local search: 0 milli
		[0.00%] Unaccounted for: 0 milli
	--- Preprocessor Statistics ---
	Number of preprocessor bound-tightening loop iterations: 8
	Number of eliminated variables: 0
	Number of constraints removed due to variable elimination: 0
	Number of equations removed due to variable elimination: 0
	--- Engine Statistics ---
	Number of main loop iterations: 1
		0 iterations were simplex steps. Total time: 0 milli. Average: 0.00 milli.
		0 iterations were constraint-fixing steps. Total time: 0 milli. Average: 0.00 milli
	Number of active piecewise-linear constraints: 183 / 300
		Constraints disabled by valid splits: 117. By SMT-originated splits: 0
	Last reported degradation: 0.0000000000. Max degradation so far: 0.0000000000. Restorations so far: 0
	Number of simplex pivots we attempted to skip because of instability: 0.
	Unstable pivots performed anyway: 0
	--- Tableau Statistics ---
	Total number of pivots performed: 0
		Real pivots: 0. Degenerate: 0 (0.00%)
		Degenerate pivots by request (e.g., to fix a PL constraint): 0 (0.00%)
		Average time per pivot: 0.00 milli
	Total number of fake pivots performed: 0
	Total number of rows added: 0. Number of merged columns: 0
	Current tableau dimensions: M = 604, N = 1518
	--- SMT Core Statistics ---
	Total depth is 0. Total visited states: 1. Number of splits: 0. Number of pops: 0
	Max stack depth: 0
	--- Bound Tightening Statistics ---
	Number of tightened bounds: 0.
		Number of rows examined by row tightener: 0. Consequent tightenings: 0
		Number of explicit basis matrices examined by row tightener: 0. Consequent tightenings: 0
		Number of bound tightening rounds on the entire constraint matrix: 0. Consequent tightenings: 0
		Number of bound notifications sent to PL constraints: 1800. Tightenings proposed: 0
	--- Basis Factorization statistics ---
	Number of basis refactorizations: 2
	--- Projected Steepest Edge Statistics ---
	Number of iterations: 0.
	Number of resets to reference space: 1. Avg. iterations per reset: 0
	--- SBT ---
	Number of tightened bounds: 737
	--- SoI-based local search ---
	Number of proposed phase pattern update: 0. Number of accepted update: 0 [0.00%]
	Total time (% of local search time) updating SoI phase pattern : 0 milli [0.00%]
	Total time obtaining current assignment: 0 milli [0.00%]
	Total time getting SoI phase pattern : 0 milli [0.00%]
	--- Context dependent statistics ---
	Number of pushes / pops: 0 / 0
		[0.00%] Pre-Push hook: 0 milli
		[0.00%] Push : 0 milli
		[0.00%] Post-Pop hook: 0 milli
		[0.00%] Pop : 0 milli
		[0.00%] Total context-switching time: 0 milli
	--- Proof Certificate ---
	Number of certified leaves: 0
	Number of leaves to delegate: 0
	Number of lemmas: 0

---
start solving without an agent
Performing precision restoration. Degradation before: 0.000015122750341. After: 0.000000000000110
Performing precision restoration. Degradation before: 0.002150793119058. After: 0.000000000000229
Performing precision restoration. Degradation before: 0.000000508384324. After: 0.000000000000101
Performing precision restoration. Degradation before: 0.000005483867878. After: 0.000000000000086
Performing precision restoration. Degradation before: 0.002883109955150. After: 0.000000000000129
Performing precision restoration. Degradation before: 0.000004957080297. After: 0.000000000000223


Engine: quitting due to timeout...

Final statistics:

11:11:14 Statistics update:
	--- Time Statistics ---
	Total time elapsed: 3600000 milli (01:00:00)
		Main loop: 3599194 milli (00:59:59)
		Preprocessing time: 40 milli (00:00:00)
		Unknown: 765 milli (00:00:00)
	Breakdown for main loop:
		[30.83%] Simplex steps: 1109727 milli
		[14.18%] Explicit-basis bound tightening: 510467 milli
		[0.00%] Constraint-matrix bound tightening: 0 milli
		[0.13%] Degradation checking: 4689 milli
		[0.00%] Precision restoration: 47 milli
		[0.04%] Statistics handling: 1579 milli
		[0.00%] Constraint-fixing steps: 0 milli
		[0.38%] Valid case splits: 13593 milli. Average per split: 0.00 milli
		[0.06%] Applying stored bound-tightening: 2112 milli
		[4.28%] SMT core: 154099 milli
		[34.96%] Symbolic Bound Tightening: 1258227 milli
		[22.42%] SoI-based local search: 807032 milli
		[0.00%] SoI-based local search: 0 milli
		[15.13%] Unaccounted for: 544649 milli
	--- Preprocessor Statistics ---
	Number of preprocessor bound-tightening loop iterations: 8
	Number of eliminated variables: 0
	Number of constraints removed due to variable elimination: 0
	Number of equations removed due to variable elimination: 0
	--- Engine Statistics ---
	Number of main loop iterations: 2720707
		2473736 iterations were simplex steps. Total time: 1109727 milli. Average: 0.45 milli.
		0 iterations were constraint-fixing steps. Total time: 0 milli. Average: 0.00 milli
	Number of active piecewise-linear constraints: 45 / 300
		Constraints disabled by valid splits: 229. By SMT-originated splits: 26
	Last reported degradation: 0.0000000000. Max degradation so far: 0.0028577124. Restorations so far: 6
	Number of simplex pivots we attempted to skip because of instability: 796.
	Unstable pivots performed anyway: 60
	--- Tableau Statistics ---
	Total number of pivots performed: 1734378
		Real pivots: 1722069. Degenerate: 12309 (0.71%)
		Degenerate pivots by request (e.g., to fix a PL constraint): 0 (0.00%)
		Average time per pivot: 0.05 milli
	Total number of fake pivots performed: 183804
	Total number of rows added: 0. Number of merged columns: 0
	Current tableau dimensions: M = 604, N = 1518
	--- SMT Core Statistics ---
	Total depth is 30. Total visited states: 205826. Number of splits: 102927. Number of pops: 102898
	Max stack depth: 65
	--- Bound Tightening Statistics ---
	Number of tightened bounds: 34446705.
		Number of rows examined by row tightener: 1734378. Consequent tightenings: 780609
		Number of explicit basis matrices examined by row tightener: 30645. Consequent tightenings: 8104499
		Number of bound tightening rounds on the entire constraint matrix: 0. Consequent tightenings: 0
		Number of bound notifications sent to PL constraints: 63570800. Tightenings proposed: 0
	--- Basis Factorization statistics ---
	Number of basis refactorizations: 13199
	--- Projected Steepest Edge Statistics ---
	Number of iterations: 1918918.
	Number of resets to reference space: 102971. Avg. iterations per reset: 18
	--- SBT ---
	Number of tightened bounds: 34429226
	--- SoI-based local search ---
	Number of proposed phase pattern update: 124345. Number of accepted update: 203202 [163.42%]
	Total time (% of local search time) updating SoI phase pattern : 10780554 milli [1.34%]
	Total time obtaining current assignment: 38361217 milli [4.75%]
	Total time getting SoI phase pattern : 2391341 milli [0.07%]
	--- Context dependent statistics ---
	Number of pushes / pops: 205835 / 205805
		[0.16%] Pre-Push hook: 5638 milli
		[0.00%] Push : 0 milli
		[0.13%] Post-Pop hook: 4623 milli
		[0.15%] Pop : 5332 milli
		[0.43%] Total context-switching time: 15595 milli
	--- Proof Certificate ---
	Number of certified leaves: 0
	Number of leaves to delegate: 0
	Number of lemmas: 0
Timeout
end run time: 11:11:14
DQN: Done solving. Time : 3600029 milli. 

start run time: 11:11:14
Network: /cs/labs/guykatz/maya.swisa/elbit/20_8/Marabou/resources/nnet/acasxu/ACASXU_experimental_v2a_1_1.nnet
Number of layers: 8. Input layer size: 5. Output layer size: 5. Number of ReLUs: 300
Total number of variables: 610
Property: /cs/labs/guykatz/maya.swisa/elbit/PROPERTY_1_08091/ex_0680_label_0/eps02.txt

Engine::processInputQuery: Input query (before preprocessing): 309 equations, 610 variables
Engine::processInputQuery: Input query (after preprocessing): 604 equations, 914 variables


Engine::solve: Initial statistics

11:11:14 Statistics update:
	--- Time Statistics ---
	Total time elapsed: 206 milli (00:00:00)
		Main loop: 0 milli (00:00:00)
		Preprocessing time: 28 milli (00:00:00)
		Unknown: 177 milli (00:00:00)
	Breakdown for main loop:
		[0.00%] Simplex steps: 0 milli
		[0.00%] Explicit-basis bound tightening: 0 milli
		[0.00%] Constraint-matrix bound tightening: 0 milli
		[0.00%] Degradation checking: 0 milli
		[0.00%] Precision restoration: 0 milli
		[0.00%] Statistics handling: 0 milli
		[0.00%] Constraint-fixing steps: 0 milli
		[0.00%] Valid case splits: 1 milli. Average per split: 0.00 milli
		[0.00%] Applying stored bound-tightening: 0 milli
		[0.00%] SMT core: 0 milli
		[0.00%] Symbolic Bound Tightening: 5 milli
		[0.00%] SoI-based local search: 0 milli
		[0.00%] SoI-based local search: 0 milli
		[0.00%] Unaccounted for: 0 milli
	--- Preprocessor Statistics ---
	Number of preprocessor bound-tightening loop iterations: 8
	Number of eliminated variables: 0
	Number of constraints removed due to variable elimination: 0
	Number of equations removed due to variable elimination: 0
	--- Engine Statistics ---
	Number of main loop iterations: 1
		0 iterations were simplex steps. Total time: 0 milli. Average: 0.00 milli.
		0 iterations were constraint-fixing steps. Total time: 0 milli. Average: 0.00 milli
	Number of active piecewise-linear constraints: 193 / 300
		Constraints disabled by valid splits: 107. By SMT-originated splits: 0
	Last reported degradation: 0.0000000000. Max degradation so far: 0.0000000000. Restorations so far: 0
	Number of simplex pivots we attempted to skip because of instability: 0.
	Unstable pivots performed anyway: 0
	--- Tableau Statistics ---
	Total number of pivots performed: 0
		Real pivots: 0. Degenerate: 0 (0.00%)
		Degenerate pivots by request (e.g., to fix a PL constraint): 0 (0.00%)
		Average time per pivot: 0.00 milli
	Total number of fake pivots performed: 0
	Total number of rows added: 0. Number of merged columns: 0
	Current tableau dimensions: M = 604, N = 1518
	--- SMT Core Statistics ---
	Total depth is 0. Total visited states: 1. Number of splits: 0. Number of pops: 0
	Max stack depth: 0
	--- Bound Tightening Statistics ---
	Number of tightened bounds: 0.
		Number of rows examined by row tightener: 0. Consequent tightenings: 0
		Number of explicit basis matrices examined by row tightener: 0. Consequent tightenings: 0
		Number of bound tightening rounds on the entire constraint matrix: 0. Consequent tightenings: 0
		Number of bound notifications sent to PL constraints: 1800. Tightenings proposed: 0
	--- Basis Factorization statistics ---
	Number of basis refactorizations: 2
	--- Projected Steepest Edge Statistics ---
	Number of iterations: 0.
	Number of resets to reference space: 1. Avg. iterations per reset: 0
	--- SBT ---
	Number of tightened bounds: 737
	--- SoI-based local search ---
	Number of proposed phase pattern update: 0. Number of accepted update: 0 [0.00%]
	Total time (% of local search time) updating SoI phase pattern : 0 milli [0.00%]
	Total time obtaining current assignment: 0 milli [0.00%]
	Total time getting SoI phase pattern : 0 milli [0.00%]
	--- Context dependent statistics ---
	Number of pushes / pops: 0 / 0
		[0.00%] Pre-Push hook: 0 milli
		[0.00%] Push : 0 milli
		[0.00%] Post-Pop hook: 0 milli
		[0.00%] Pop : 0 milli
		[0.00%] Total context-switching time: 0 milli
	--- Proof Certificate ---
	Number of certified leaves: 0
	Number of leaves to delegate: 0
	Number of lemmas: 0

---
start solving without an agent
Performing precision restoration. Degradation before: 0.000003316274007. After: 0.000000000000141
Performing precision restoration. Degradation before: 0.000000231389903. After: 0.000000000000160
Performing precision restoration. Degradation before: 0.007338978000964. After: 0.000000000000122
Performing precision restoration. Degradation before: 0.000000156730986. After: 0.000000000000091
Performing precision restoration. Degradation before: 0.000000180284707. After: 0.000000000000099
Performing precision restoration. Degradation before: 0.000849179671546. After: 0.000000000000088


Engine: quitting due to timeout...

Final statistics:

12:11:14 Statistics update:
	--- Time Statistics ---
	Total time elapsed: 3600000 milli (01:00:00)
		Main loop: 3599052 milli (00:59:59)
		Preprocessing time: 28 milli (00:00:00)
		Unknown: 919 milli (00:00:00)
	Breakdown for main loop:
		[30.57%] Simplex steps: 1100287 milli
		[13.76%] Explicit-basis bound tightening: 495222 milli
		[0.00%] Constraint-matrix bound tightening: 0 milli
		[0.13%] Degradation checking: 4650 milli
		[0.00%] Precision restoration: 45 milli
		[0.08%] Statistics handling: 3012 milli
		[0.00%] Constraint-fixing steps: 0 milli
		[0.38%] Valid case splits: 13744 milli. Average per split: 0.00 milli
		[0.06%] Applying stored bound-tightening: 2099 milli
		[3.65%] SMT core: 131391 milli
		[34.60%] Symbolic Bound Tightening: 1245376 milli
		[22.45%] SoI-based local search: 807845 milli
		[0.00%] SoI-based local search: 0 milli
		[16.76%] Unaccounted for: 603220 milli
	--- Preprocessor Statistics ---
	Number of preprocessor bound-tightening loop iterations: 8
	Number of eliminated variables: 0
	Number of constraints removed due to variable elimination: 0
	Number of equations removed due to variable elimination: 0
	--- Engine Statistics ---
	Number of main loop iterations: 2732411
		2485521 iterations were simplex steps. Total time: 1100287 milli. Average: 0.44 milli.
		0 iterations were constraint-fixing steps. Total time: 0 milli. Average: 0.00 milli
	Number of active piecewise-linear constraints: 10 / 300
		Constraints disabled by valid splits: 267. By SMT-originated splits: 23
	Last reported degradation: 0.0000000000. Max degradation so far: 0.0073078673. Restorations so far: 6
	Number of simplex pivots we attempted to skip because of instability: 717.
	Unstable pivots performed anyway: 72
	--- Tableau Statistics ---
	Total number of pivots performed: 1753754
		Real pivots: 1742275. Degenerate: 11479 (0.65%)
		Degenerate pivots by request (e.g., to fix a PL constraint): 0 (0.00%)
		Average time per pivot: 0.05 milli
	Total number of fake pivots performed: 172025
	Total number of rows added: 0. Number of merged columns: 0
	Current tableau dimensions: M = 604, N = 1518
	--- SMT Core Statistics ---
	Total depth is 26. Total visited states: 206915. Number of splits: 103469. Number of pops: 103445
	Max stack depth: 75
	--- Bound Tightening Statistics ---
	Number of tightened bounds: 33183428.
		Number of rows examined by row tightener: 1753754. Consequent tightenings: 747527
		Number of explicit basis matrices examined by row tightener: 32390. Consequent tightenings: 7853729
		Number of bound tightening rounds on the entire constraint matrix: 0. Consequent tightenings: 0
		Number of bound notifications sent to PL constraints: 61618345. Tightenings proposed: 0
	--- Basis Factorization statistics ---
	Number of basis refactorizations: 13455
	--- Projected Steepest Edge Statistics ---
	Number of iterations: 1926424.
	Number of resets to reference space: 103522. Avg. iterations per reset: 18
	--- SBT ---
	Number of tightened bounds: 33165949
	--- SoI-based local search ---
	Number of proposed phase pattern update: 125861. Number of accepted update: 203588 [161.76%]
	Total time (% of local search time) updating SoI phase pattern : 10833586 milli [1.34%]
	Total time obtaining current assignment: 36300485 milli [4.49%]
	Total time getting SoI phase pattern : 2730993 milli [0.08%]
	--- Context dependent statistics ---
	Number of pushes / pops: 206926 / 206900
		[0.14%] Pre-Push hook: 5172 milli
		[0.00%] Push : 0 milli
		[0.12%] Post-Pop hook: 4167 milli
		[0.12%] Pop : 4292 milli
		[0.38%] Total context-switching time: 13632 milli
	--- Proof Certificate ---
	Number of certified leaves: 0
	Number of leaves to delegate: 0
	Number of lemmas: 0
Timeout
end run time: 12:11:14
DQN: Done solving. Time : 3600015 milli. 

start run time: 12:11:14
Network: /cs/labs/guykatz/maya.swisa/elbit/20_8/Marabou/resources/nnet/acasxu/ACASXU_experimental_v2a_1_1.nnet
Number of layers: 8. Input layer size: 5. Output layer size: 5. Number of ReLUs: 300
Total number of variables: 610
Property: /cs/labs/guykatz/maya.swisa/elbit/PROPERTY_1_08091/ex_0680_label_0/eps03.txt

Engine::processInputQuery: Input query (before preprocessing): 309 equations, 610 variables
Engine::processInputQuery: Input query (after preprocessing): 604 equations, 914 variables


Engine::solve: Initial statistics

12:11:14 Statistics update:
	--- Time Statistics ---
	Total time elapsed: 111 milli (00:00:00)
		Main loop: 0 milli (00:00:00)
		Preprocessing time: 31 milli (00:00:00)
		Unknown: 80 milli (00:00:00)
	Breakdown for main loop:
		[0.00%] Simplex steps: 0 milli
		[0.00%] Explicit-basis bound tightening: 0 milli
		[0.00%] Constraint-matrix bound tightening: 0 milli
		[0.00%] Degradation checking: 0 milli
		[0.00%] Precision restoration: 0 milli
		[0.00%] Statistics handling: 0 milli
		[0.00%] Constraint-fixing steps: 0 milli
		[0.00%] Valid case splits: 1 milli. Average per split: 0.00 milli
		[0.00%] Applying stored bound-tightening: 0 milli
		[0.00%] SMT core: 0 milli
		[0.00%] Symbolic Bound Tightening: 5 milli
		[0.00%] SoI-based local search: 0 milli
		[0.00%] SoI-based local search: 0 milli
		[0.00%] Unaccounted for: 0 milli
	--- Preprocessor Statistics ---
	Number of preprocessor bound-tightening loop iterations: 8
	Number of eliminated variables: 0
	Number of constraints removed due to variable elimination: 0
	Number of equations removed due to variable elimination: 0
	--- Engine Statistics ---
	Number of main loop iterations: 1
		0 iterations were simplex steps. Total time: 0 milli. Average: 0.00 milli.
		0 iterations were constraint-fixing steps. Total time: 0 milli. Average: 0.00 milli
	Number of active piecewise-linear constraints: 203 / 300
		Constraints disabled by valid splits: 97. By SMT-originated splits: 0
	Last reported degradation: 0.0000000000. Max degradation so far: 0.0000000000. Restorations so far: 0
	Number of simplex pivots we attempted to skip because of instability: 0.
	Unstable pivots performed anyway: 0
	--- Tableau Statistics ---
	Total number of pivots performed: 0
		Real pivots: 0. Degenerate: 0 (0.00%)
		Degenerate pivots by request (e.g., to fix a PL constraint): 0 (0.00%)
		Average time per pivot: 0.00 milli
	Total number of fake pivots performed: 0
	Total number of rows added: 0. Number of merged columns: 0
	Current tableau dimensions: M = 604, N = 1518
	--- SMT Core Statistics ---
	Total depth is 0. Total visited states: 1. Number of splits: 0. Number of pops: 0
	Max stack depth: 0
	--- Bound Tightening Statistics ---
	Number of tightened bounds: 0.
		Number of rows examined by row tightener: 0. Consequent tightenings: 0
		Number of explicit basis matrices examined by row tightener: 0. Consequent tightenings: 0
		Number of bound tightening rounds on the entire constraint matrix: 0. Consequent tightenings: 0
		Number of bound notifications sent to PL constraints: 1800. Tightenings proposed: 0
	--- Basis Factorization statistics ---
	Number of basis refactorizations: 2
	--- Projected Steepest Edge Statistics ---
	Number of iterations: 0.
	Number of resets to reference space: 1. Avg. iterations per reset: 0
	--- SBT ---
	Number of tightened bounds: 739
	--- SoI-based local search ---
	Number of proposed phase pattern update: 0. Number of accepted update: 0 [0.00%]
	Total time (% of local search time) updating SoI phase pattern : 0 milli [0.00%]
	Total time obtaining current assignment: 0 milli [0.00%]
	Total time getting SoI phase pattern : 0 milli [0.00%]
	--- Context dependent statistics ---
	Number of pushes / pops: 0 / 0
		[0.00%] Pre-Push hook: 0 milli
		[0.00%] Push : 0 milli
		[0.00%] Post-Pop hook: 0 milli
		[0.00%] Pop : 0 milli
		[0.00%] Total context-switching time: 0 milli
	--- Proof Certificate ---
	Number of certified leaves: 0
	Number of leaves to delegate: 0
	Number of lemmas: 0

---
start solving without an agent
High degradation found!
Performing precision restoration. Degradation before: 0.101292404560145. After: 0.000000000000080
Performing precision restoration. Degradation before: 0.000001100084652. After: 0.000000000000101
Performing precision restoration. Degradation before: 0.000033091312254. After: 0.000000000000145
Performing precision restoration. Degradation before: 0.001510410429607. After: 0.000000000000098
Performing precision restoration. Degradation before: 0.001961806120708. After: 0.000000000000086
Performing precision restoration. Degradation before: 0.000266507027424. After: 0.000000000000122
Performing precision restoration. Degradation before: 0.000973351304105. After: 0.000000000000140
Performing precision restoration. Degradation before: 0.000183563893667. After: 0.000000000000106
Performing precision restoration. Degradation before: 0.000001464879096. After: 0.000000000000103
Performing precision restoration. Degradation before: 0.000094217001223. After: 0.000000000000146
Performing precision restoration. Degradation before: 0.001978206637384. After: 0.000000000005583
Performing precision restoration. Degradation before: 0.004708143552647. After: 0.000000000000192


Engine: quitting due to timeout...

Final statistics:

13:11:14 Statistics update:
	--- Time Statistics ---
	Total time elapsed: 3600013 milli (01:00:00)
		Main loop: 3599181 milli (00:59:59)
		Preprocessing time: 31 milli (00:00:00)
		Unknown: 801 milli (00:00:00)
	Breakdown for main loop:
		[30.17%] Simplex steps: 1085970 milli
		[14.44%] Explicit-basis bound tightening: 519857 milli
		[0.00%] Constraint-matrix bound tightening: 0 milli
		[0.12%] Degradation checking: 4386 milli
		[0.00%] Precision restoration: 80 milli
		[0.08%] Statistics handling: 2890 milli
		[0.00%] Constraint-fixing steps: 0 milli
		[0.38%] Valid case splits: 13498 milli. Average per split: 0.00 milli
		[0.05%] Applying stored bound-tightening: 1751 milli
		[2.78%] SMT core: 100105 milli
		[32.97%] Symbolic Bound Tightening: 1186619 milli
		[21.80%] SoI-based local search: 784511 milli
		[0.00%] SoI-based local search: 0 milli
		[19.00%] Unaccounted for: 684019 milli
	--- Preprocessor Statistics ---
	Number of preprocessor bound-tightening loop iterations: 8
	Number of eliminated variables: 0
	Number of constraints removed due to variable elimination: 0
	Number of equations removed due to variable elimination: 0
	--- Engine Statistics ---
	Number of main loop iterations: 2650151
		2412038 iterations were simplex steps. Total time: 1085970 milli. Average: 0.45 milli.
		0 iterations were constraint-fixing steps. Total time: 0 milli. Average: 0.00 milli
	Number of active piecewise-linear constraints: 51 / 300
		Constraints disabled by valid splits: 211. By SMT-originated splits: 38
	Last reported degradation: 0.0000000000. Max degradation so far: 0.1012924046. Restorations so far: 12
	Number of simplex pivots we attempted to skip because of instability: 867.
	Unstable pivots performed anyway: 79
	--- Tableau Statistics ---
	Total number of pivots performed: 1712018
		Real pivots: 1701313. Degenerate: 10705 (0.63%)
		Degenerate pivots by request (e.g., to fix a PL constraint): 0 (0.00%)
		Average time per pivot: 0.05 milli
	Total number of fake pivots performed: 167257
	Total number of rows added: 0. Number of merged columns: 0
	Current tableau dimensions: M = 604, N = 1518
	--- SMT Core Statistics ---
	Total depth is 42. Total visited states: 197918. Number of splits: 98979. Number of pops: 98938
	Max stack depth: 78
	--- Bound Tightening Statistics ---
	Number of tightened bounds: 31898205.
		Number of rows examined by row tightener: 1712018. Consequent tightenings: 673652
		Number of explicit basis matrices examined by row tightener: 32795. Consequent tightenings: 7395811
		Number of bound tightening rounds on the entire constraint matrix: 0. Consequent tightenings: 0
		Number of bound notifications sent to PL constraints: 58860123. Tightenings proposed: 0
	--- Basis Factorization statistics ---
	Number of basis refactorizations: 12697
	--- Projected Steepest Edge Statistics ---
	Number of iterations: 1880063.
	Number of resets to reference space: 99075. Avg. iterations per reset: 18
	--- SBT ---
	Number of tightened bounds: 31862512
	--- SoI-based local search ---
	Number of proposed phase pattern update: 121034. Number of accepted update: 194507 [160.70%]
	Total time (% of local search time) updating SoI phase pattern : 9918322 milli [1.26%]
	Total time obtaining current assignment: 26771992 milli [3.41%]
	Total time getting SoI phase pattern : 2761867 milli [0.08%]
	--- Context dependent statistics ---
	Number of pushes / pops: 197926 / 197884
		[0.12%] Pre-Push hook: 4289 milli
		[0.00%] Push : 0 milli
		[0.10%] Post-Pop hook: 3570 milli
		[0.10%] Pop : 3767 milli
		[0.32%] Total context-switching time: 11627 milli
	--- Proof Certificate ---
	Number of certified leaves: 0
	Number of leaves to delegate: 0
	Number of lemmas: 0
Timeout
end run time: 13:11:14
DQN: Done solving. Time : 3600032 milli. 

