[815] processing ex_0816_label_0 …
start run time: 10:27:28
Network: /cs/labs/guykatz/maya.swisa/elbit/20_8/Marabou/resources/nnet/acasxu/ACASXU_experimental_v2a_1_1.nnet
Number of layers: 8. Input layer size: 5. Output layer size: 5. Number of ReLUs: 300
Total number of variables: 610
Property: /cs/labs/guykatz/maya.swisa/elbit/PROPERTY_1_08091/ex_0816_label_0/eps01.txt

Engine::processInputQuery: Input query (before preprocessing): 309 equations, 610 variables
Engine::processInputQuery: Input query (after preprocessing): 604 equations, 914 variables


Engine::solve: Initial statistics

10:27:28 Statistics update:
	--- Time Statistics ---
	Total time elapsed: 111 milli (00:00:00)
		Main loop: 0 milli (00:00:00)
		Preprocessing time: 40 milli (00:00:00)
		Unknown: 71 milli (00:00:00)
	Breakdown for main loop:
		[0.00%] Simplex steps: 0 milli
		[0.00%] Explicit-basis bound tightening: 0 milli
		[0.00%] Constraint-matrix bound tightening: 0 milli
		[0.00%] Degradation checking: 0 milli
		[0.00%] Precision restoration: 0 milli
		[0.00%] Statistics handling: 0 milli
		[0.00%] Constraint-fixing steps: 0 milli
		[0.00%] Valid case splits: 2 milli. Average per split: 0.00 milli
		[0.00%] Applying stored bound-tightening: 0 milli
		[0.00%] SMT core: 0 milli
		[0.00%] Symbolic Bound Tightening: 5 milli
		[0.00%] SoI-based local search: 0 milli
		[0.00%] SoI-based local search: 0 milli
		[0.00%] Unaccounted for: 0 milli
	--- Preprocessor Statistics ---
	Number of preprocessor bound-tightening loop iterations: 8
	Number of eliminated variables: 0
	Number of constraints removed due to variable elimination: 0
	Number of equations removed due to variable elimination: 0
	--- Engine Statistics ---
	Number of main loop iterations: 1
		0 iterations were simplex steps. Total time: 0 milli. Average: 0.00 milli.
		0 iterations were constraint-fixing steps. Total time: 0 milli. Average: 0.00 milli
	Number of active piecewise-linear constraints: 183 / 300
		Constraints disabled by valid splits: 117. By SMT-originated splits: 0
	Last reported degradation: 0.0000000000. Max degradation so far: 0.0000000000. Restorations so far: 0
	Number of simplex pivots we attempted to skip because of instability: 0.
	Unstable pivots performed anyway: 0
	--- Tableau Statistics ---
	Total number of pivots performed: 0
		Real pivots: 0. Degenerate: 0 (0.00%)
		Degenerate pivots by request (e.g., to fix a PL constraint): 0 (0.00%)
		Average time per pivot: 0.00 milli
	Total number of fake pivots performed: 0
	Total number of rows added: 0. Number of merged columns: 0
	Current tableau dimensions: M = 604, N = 1518
	--- SMT Core Statistics ---
	Total depth is 0. Total visited states: 1. Number of splits: 0. Number of pops: 0
	Max stack depth: 0
	--- Bound Tightening Statistics ---
	Number of tightened bounds: 0.
		Number of rows examined by row tightener: 0. Consequent tightenings: 0
		Number of explicit basis matrices examined by row tightener: 0. Consequent tightenings: 0
		Number of bound tightening rounds on the entire constraint matrix: 0. Consequent tightenings: 0
		Number of bound notifications sent to PL constraints: 1800. Tightenings proposed: 0
	--- Basis Factorization statistics ---
	Number of basis refactorizations: 2
	--- Projected Steepest Edge Statistics ---
	Number of iterations: 0.
	Number of resets to reference space: 1. Avg. iterations per reset: 0
	--- SBT ---
	Number of tightened bounds: 729
	--- SoI-based local search ---
	Number of proposed phase pattern update: 0. Number of accepted update: 0 [0.00%]
	Total time (% of local search time) updating SoI phase pattern : 0 milli [0.00%]
	Total time obtaining current assignment: 0 milli [0.00%]
	Total time getting SoI phase pattern : 0 milli [0.00%]
	--- Context dependent statistics ---
	Number of pushes / pops: 0 / 0
		[0.00%] Pre-Push hook: 0 milli
		[0.00%] Push : 0 milli
		[0.00%] Post-Pop hook: 0 milli
		[0.00%] Pop : 0 milli
		[0.00%] Total context-switching time: 0 milli
	--- Proof Certificate ---
	Number of certified leaves: 0
	Number of leaves to delegate: 0
	Number of lemmas: 0

---
start solving without an agent
Performing precision restoration. Degradation before: 0.000022514828719. After: 0.000000000000135
Performing precision restoration. Degradation before: 0.000277856386475. After: 0.000000000000184
Performing precision restoration. Degradation before: 0.000096871380275. After: 0.000000000000101

Engine::solve: unsat query

11:00:57 Statistics update:
	--- Time Statistics ---
	Total time elapsed: 2009070 milli (00:33:29)
		Main loop: 2008592 milli (00:33:28)
		Preprocessing time: 40 milli (00:00:00)
		Unknown: 437 milli (00:00:00)
	Breakdown for main loop:
		[29.52%] Simplex steps: 592908 milli
		[10.95%] Explicit-basis bound tightening: 220031 milli
		[0.00%] Constraint-matrix bound tightening: 0 milli
		[0.13%] Degradation checking: 2541 milli
		[0.00%] Precision restoration: 23 milli
		[0.04%] Statistics handling: 803 milli
		[0.00%] Constraint-fixing steps: 0 milli
		[0.42%] Valid case splits: 8506 milli. Average per split: 0.00 milli
		[0.07%] Applying stored bound-tightening: 1332 milli
		[4.61%] SMT core: 92591 milli
		[37.00%] Symbolic Bound Tightening: 743159 milli
		[23.65%] SoI-based local search: 475126 milli
		[0.00%] SoI-based local search: 0 milli
		[17.26%] Unaccounted for: 346694 milli
	--- Preprocessor Statistics ---
	Number of preprocessor bound-tightening loop iterations: 8
	Number of eliminated variables: 0
	Number of constraints removed due to variable elimination: 0
	Number of equations removed due to variable elimination: 0
	--- Engine Statistics ---
	Number of main loop iterations: 1485993
		1333549 iterations were simplex steps. Total time: 592908 milli. Average: 0.44 milli.
		0 iterations were constraint-fixing steps. Total time: 0 milli. Average: 0.00 milli
	Number of active piecewise-linear constraints: 55 / 300
		Constraints disabled by valid splits: 238. By SMT-originated splits: 7
	Last reported degradation: 0.0000000000. Max degradation so far: 0.0002772703. Restorations so far: 3
	Number of simplex pivots we attempted to skip because of instability: 536.
	Unstable pivots performed anyway: 37
	--- Tableau Statistics ---
	Total number of pivots performed: 877941
		Real pivots: 872042. Degenerate: 5899 (0.67%)
		Degenerate pivots by request (e.g., to fix a PL constraint): 0 (0.00%)
		Average time per pivot: 0.05 milli
	Total number of fake pivots performed: 117980
	Total number of rows added: 0. Number of merged columns: 0
	Current tableau dimensions: M = 604, N = 1518
	--- SMT Core Statistics ---
	Total depth is 11. Total visited states: 126132. Number of splits: 63068. Number of pops: 63063
	Max stack depth: 90
	--- Bound Tightening Statistics ---
	Number of tightened bounds: 17887465.
		Number of rows examined by row tightener: 877941. Consequent tightenings: 334597
		Number of explicit basis matrices examined by row tightener: 19673. Consequent tightenings: 4013327
		Number of bound tightening rounds on the entire constraint matrix: 0. Consequent tightenings: 0
		Number of bound notifications sent to PL constraints: 32133848. Tightenings proposed: 0
	--- Basis Factorization statistics ---
	Number of basis refactorizations: 6410
	--- Projected Steepest Edge Statistics ---
	Number of iterations: 996420.
	Number of resets to reference space: 63102. Avg. iterations per reset: 15
	--- SBT ---
	Number of tightened bounds: 17879086
	--- SoI-based local search ---
	Number of proposed phase pattern update: 76439. Number of accepted update: 123984 [162.20%]
	Total time (% of local search time) updating SoI phase pattern : 6449112 milli [1.36%]
	Total time obtaining current assignment: 23598225 milli [4.97%]
	Total time getting SoI phase pattern : 1560180 milli [0.08%]
	--- Context dependent statistics ---
	Number of pushes / pops: 126136 / 126136
		[0.17%] Pre-Push hook: 3448 milli
		[0.00%] Push : 0 milli
		[0.14%] Post-Pop hook: 2829 milli
		[0.17%] Pop : 3478 milli
		[0.49%] Total context-switching time: 9757 milli
	--- Proof Certificate ---
	Number of certified leaves: 0
	Number of leaves to delegate: 0
	Number of lemmas: 0
unsat
end run time: 11:00:57
DQN: Done solving. Time : 2009082 milli. 

start run time: 11:00:57
Network: /cs/labs/guykatz/maya.swisa/elbit/20_8/Marabou/resources/nnet/acasxu/ACASXU_experimental_v2a_1_1.nnet
Number of layers: 8. Input layer size: 5. Output layer size: 5. Number of ReLUs: 300
Total number of variables: 610
Property: /cs/labs/guykatz/maya.swisa/elbit/PROPERTY_1_08091/ex_0816_label_0/eps02.txt

Engine::processInputQuery: Input query (before preprocessing): 309 equations, 610 variables
Engine::processInputQuery: Input query (after preprocessing): 604 equations, 914 variables


Engine::solve: Initial statistics

11:00:57 Statistics update:
	--- Time Statistics ---
	Total time elapsed: 60 milli (00:00:00)
		Main loop: 0 milli (00:00:00)
		Preprocessing time: 29 milli (00:00:00)
		Unknown: 30 milli (00:00:00)
	Breakdown for main loop:
		[0.00%] Simplex steps: 0 milli
		[0.00%] Explicit-basis bound tightening: 0 milli
		[0.00%] Constraint-matrix bound tightening: 0 milli
		[0.00%] Degradation checking: 0 milli
		[0.00%] Precision restoration: 0 milli
		[0.00%] Statistics handling: 0 milli
		[0.00%] Constraint-fixing steps: 0 milli
		[0.00%] Valid case splits: 1 milli. Average per split: 0.00 milli
		[0.00%] Applying stored bound-tightening: 0 milli
		[0.00%] SMT core: 0 milli
		[0.00%] Symbolic Bound Tightening: 5 milli
		[0.00%] SoI-based local search: 0 milli
		[0.00%] SoI-based local search: 0 milli
		[0.00%] Unaccounted for: 0 milli
	--- Preprocessor Statistics ---
	Number of preprocessor bound-tightening loop iterations: 8
	Number of eliminated variables: 0
	Number of constraints removed due to variable elimination: 0
	Number of equations removed due to variable elimination: 0
	--- Engine Statistics ---
	Number of main loop iterations: 1
		0 iterations were simplex steps. Total time: 0 milli. Average: 0.00 milli.
		0 iterations were constraint-fixing steps. Total time: 0 milli. Average: 0.00 milli
	Number of active piecewise-linear constraints: 192 / 300
		Constraints disabled by valid splits: 108. By SMT-originated splits: 0
	Last reported degradation: 0.0000000000. Max degradation so far: 0.0000000000. Restorations so far: 0
	Number of simplex pivots we attempted to skip because of instability: 0.
	Unstable pivots performed anyway: 0
	--- Tableau Statistics ---
	Total number of pivots performed: 0
		Real pivots: 0. Degenerate: 0 (0.00%)
		Degenerate pivots by request (e.g., to fix a PL constraint): 0 (0.00%)
		Average time per pivot: 0.00 milli
	Total number of fake pivots performed: 0
	Total number of rows added: 0. Number of merged columns: 0
	Current tableau dimensions: M = 604, N = 1518
	--- SMT Core Statistics ---
	Total depth is 0. Total visited states: 1. Number of splits: 0. Number of pops: 0
	Max stack depth: 0
	--- Bound Tightening Statistics ---
	Number of tightened bounds: 0.
		Number of rows examined by row tightener: 0. Consequent tightenings: 0
		Number of explicit basis matrices examined by row tightener: 0. Consequent tightenings: 0
		Number of bound tightening rounds on the entire constraint matrix: 0. Consequent tightenings: 0
		Number of bound notifications sent to PL constraints: 1800. Tightenings proposed: 0
	--- Basis Factorization statistics ---
	Number of basis refactorizations: 2
	--- Projected Steepest Edge Statistics ---
	Number of iterations: 0.
	Number of resets to reference space: 1. Avg. iterations per reset: 0
	--- SBT ---
	Number of tightened bounds: 729
	--- SoI-based local search ---
	Number of proposed phase pattern update: 0. Number of accepted update: 0 [0.00%]
	Total time (% of local search time) updating SoI phase pattern : 0 milli [0.00%]
	Total time obtaining current assignment: 0 milli [0.00%]
	Total time getting SoI phase pattern : 0 milli [0.00%]
	--- Context dependent statistics ---
	Number of pushes / pops: 0 / 0
		[0.00%] Pre-Push hook: 0 milli
		[0.00%] Push : 0 milli
		[0.00%] Post-Pop hook: 0 milli
		[0.00%] Pop : 0 milli
		[0.00%] Total context-switching time: 0 milli
	--- Proof Certificate ---
	Number of certified leaves: 0
	Number of leaves to delegate: 0
	Number of lemmas: 0

---
start solving without an agent
Performing precision restoration. Degradation before: 0.016672512761564. After: 0.000000000000166
Performing precision restoration. Degradation before: 0.000081233309766. After: 0.000000000000108
Performing precision restoration. Degradation before: 0.000053871484222. After: 0.000000000000120
Performing precision restoration. Degradation before: 0.000006404151500. After: 0.000000000000119

Engine::solve: unsat query

11:57:17 Statistics update:
	--- Time Statistics ---
	Total time elapsed: 3379740 milli (00:56:19)
		Main loop: 3379120 milli (00:56:19)
		Preprocessing time: 29 milli (00:00:00)
		Unknown: 590 milli (00:00:00)
	Breakdown for main loop:
		[29.33%] Simplex steps: 991005 milli
		[11.72%] Explicit-basis bound tightening: 395910 milli
		[0.00%] Constraint-matrix bound tightening: 0 milli
		[0.12%] Degradation checking: 4038 milli
		[0.00%] Precision restoration: 29 milli
		[0.07%] Statistics handling: 2440 milli
		[0.00%] Constraint-fixing steps: 0 milli
		[0.41%] Valid case splits: 13767 milli. Average per split: 0.00 milli
		[0.06%] Applying stored bound-tightening: 2149 milli
		[4.35%] SMT core: 146941 milli
		[34.21%] Symbolic Bound Tightening: 1155944 milli
		[23.22%] SoI-based local search: 784569 milli
		[0.00%] SoI-based local search: 0 milli
		[19.74%] Unaccounted for: 666893 milli
	--- Preprocessor Statistics ---
	Number of preprocessor bound-tightening loop iterations: 8
	Number of eliminated variables: 0
	Number of constraints removed due to variable elimination: 0
	Number of equations removed due to variable elimination: 0
	--- Engine Statistics ---
	Number of main loop iterations: 2308727
		2071201 iterations were simplex steps. Total time: 991005 milli. Average: 0.48 milli.
		0 iterations were constraint-fixing steps. Total time: 0 milli. Average: 0.00 milli
	Number of active piecewise-linear constraints: 48 / 300
		Constraints disabled by valid splits: 247. By SMT-originated splits: 5
	Last reported degradation: 0.0000000035. Max degradation so far: 0.0760365782. Restorations so far: 4
	Number of simplex pivots we attempted to skip because of instability: 797.
	Unstable pivots performed anyway: 49
	--- Tableau Statistics ---
	Total number of pivots performed: 1357674
		Real pivots: 1348928. Degenerate: 8746 (0.64%)
		Degenerate pivots by request (e.g., to fix a PL constraint): 0 (0.00%)
		Average time per pivot: 0.05 milli
	Total number of fake pivots performed: 183463
	Total number of rows added: 0. Number of merged columns: 0
	Current tableau dimensions: M = 604, N = 1518
	--- SMT Core Statistics ---
	Total depth is 9. Total visited states: 197796. Number of splits: 98907. Number of pops: 98888
	Max stack depth: 96
	--- Bound Tightening Statistics ---
	Number of tightened bounds: 27396061.
		Number of rows examined by row tightener: 1357674. Consequent tightenings: 498745
		Number of explicit basis matrices examined by row tightener: 30769. Consequent tightenings: 6118504
		Number of bound tightening rounds on the entire constraint matrix: 0. Consequent tightenings: 0
		Number of bound notifications sent to PL constraints: 49494954. Tightenings proposed: 0
	--- Basis Factorization statistics ---
	Number of basis refactorizations: 10009
	--- Projected Steepest Edge Statistics ---
	Number of iterations: 1541885.
	Number of resets to reference space: 98954. Avg. iterations per reset: 15
	--- SBT ---
	Number of tightened bounds: 27384646
	--- SoI-based local search ---
	Number of proposed phase pattern update: 120019. Number of accepted update: 193970 [161.62%]
	Total time (% of local search time) updating SoI phase pattern : 10116523 milli [1.29%]
	Total time obtaining current assignment: 36666969 milli [4.67%]
	Total time getting SoI phase pattern : 3030500 milli [0.09%]
	--- Context dependent statistics ---
	Number of pushes / pops: 197814 / 197814
		[0.18%] Pre-Push hook: 6107 milli
		[0.00%] Push : 0 milli
		[0.13%] Post-Pop hook: 4454 milli
		[0.20%] Pop : 6652 milli
		[0.51%] Total context-switching time: 17213 milli
	--- Proof Certificate ---
	Number of certified leaves: 0
	Number of leaves to delegate: 0
	Number of lemmas: 0
unsat
end run time: 11:57:17
DQN: Done solving. Time : 3379751 milli. 

start run time: 11:57:17
Network: /cs/labs/guykatz/maya.swisa/elbit/20_8/Marabou/resources/nnet/acasxu/ACASXU_experimental_v2a_1_1.nnet
Number of layers: 8. Input layer size: 5. Output layer size: 5. Number of ReLUs: 300
Total number of variables: 610
Property: /cs/labs/guykatz/maya.swisa/elbit/PROPERTY_1_08091/ex_0816_label_0/eps03.txt

Engine::processInputQuery: Input query (before preprocessing): 309 equations, 610 variables
Engine::processInputQuery: Input query (after preprocessing): 604 equations, 914 variables


Engine::solve: Initial statistics

11:57:17 Statistics update:
	--- Time Statistics ---
	Total time elapsed: 56 milli (00:00:00)
		Main loop: 0 milli (00:00:00)
		Preprocessing time: 30 milli (00:00:00)
		Unknown: 25 milli (00:00:00)
	Breakdown for main loop:
		[0.00%] Simplex steps: 0 milli
		[0.00%] Explicit-basis bound tightening: 0 milli
		[0.00%] Constraint-matrix bound tightening: 0 milli
		[0.00%] Degradation checking: 0 milli
		[0.00%] Precision restoration: 0 milli
		[0.00%] Statistics handling: 0 milli
		[0.00%] Constraint-fixing steps: 0 milli
		[0.00%] Valid case splits: 1 milli. Average per split: 0.00 milli
		[0.00%] Applying stored bound-tightening: 0 milli
		[0.00%] SMT core: 0 milli
		[0.00%] Symbolic Bound Tightening: 5 milli
		[0.00%] SoI-based local search: 0 milli
		[0.00%] SoI-based local search: 0 milli
		[0.00%] Unaccounted for: 0 milli
	--- Preprocessor Statistics ---
	Number of preprocessor bound-tightening loop iterations: 8
	Number of eliminated variables: 0
	Number of constraints removed due to variable elimination: 0
	Number of equations removed due to variable elimination: 0
	--- Engine Statistics ---
	Number of main loop iterations: 1
		0 iterations were simplex steps. Total time: 0 milli. Average: 0.00 milli.
		0 iterations were constraint-fixing steps. Total time: 0 milli. Average: 0.00 milli
	Number of active piecewise-linear constraints: 200 / 300
		Constraints disabled by valid splits: 100. By SMT-originated splits: 0
	Last reported degradation: 0.0000000000. Max degradation so far: 0.0000000000. Restorations so far: 0
	Number of simplex pivots we attempted to skip because of instability: 0.
	Unstable pivots performed anyway: 0
	--- Tableau Statistics ---
	Total number of pivots performed: 0
		Real pivots: 0. Degenerate: 0 (0.00%)
		Degenerate pivots by request (e.g., to fix a PL constraint): 0 (0.00%)
		Average time per pivot: 0.00 milli
	Total number of fake pivots performed: 0
	Total number of rows added: 0. Number of merged columns: 0
	Current tableau dimensions: M = 604, N = 1518
	--- SMT Core Statistics ---
	Total depth is 0. Total visited states: 1. Number of splits: 0. Number of pops: 0
	Max stack depth: 0
	--- Bound Tightening Statistics ---
	Number of tightened bounds: 0.
		Number of rows examined by row tightener: 0. Consequent tightenings: 0
		Number of explicit basis matrices examined by row tightener: 0. Consequent tightenings: 0
		Number of bound tightening rounds on the entire constraint matrix: 0. Consequent tightenings: 0
		Number of bound notifications sent to PL constraints: 1800. Tightenings proposed: 0
	--- Basis Factorization statistics ---
	Number of basis refactorizations: 2
	--- Projected Steepest Edge Statistics ---
	Number of iterations: 0.
	Number of resets to reference space: 1. Avg. iterations per reset: 0
	--- SBT ---
	Number of tightened bounds: 728
	--- SoI-based local search ---
	Number of proposed phase pattern update: 0. Number of accepted update: 0 [0.00%]
	Total time (% of local search time) updating SoI phase pattern : 0 milli [0.00%]
	Total time obtaining current assignment: 0 milli [0.00%]
	Total time getting SoI phase pattern : 0 milli [0.00%]
	--- Context dependent statistics ---
	Number of pushes / pops: 0 / 0
		[0.00%] Pre-Push hook: 0 milli
		[0.00%] Push : 0 milli
		[0.00%] Post-Pop hook: 0 milli
		[0.00%] Pop : 0 milli
		[0.00%] Total context-switching time: 0 milli
	--- Proof Certificate ---
	Number of certified leaves: 0
	Number of leaves to delegate: 0
	Number of lemmas: 0

---
start solving without an agent
Performing precision restoration. Degradation before: 0.000384972775263. After: 0.000000000000212
Performing precision restoration. Degradation before: 0.000000000000104. After: 0.000000000000100


Engine: quitting due to timeout...

Final statistics:

12:57:17 Statistics update:
	--- Time Statistics ---
	Total time elapsed: 3600004 milli (01:00:00)
		Main loop: 3599363 milli (00:59:59)
		Preprocessing time: 30 milli (00:00:00)
		Unknown: 610 milli (00:00:00)
	Breakdown for main loop:
		[29.20%] Simplex steps: 1051138 milli
		[11.40%] Explicit-basis bound tightening: 410232 milli
		[0.00%] Constraint-matrix bound tightening: 0 milli
		[0.12%] Degradation checking: 4395 milli
		[0.00%] Precision restoration: 13 milli
		[0.10%] Statistics handling: 3554 milli
		[0.00%] Constraint-fixing steps: 0 milli
		[0.41%] Valid case splits: 14872 milli. Average per split: 0.00 milli
		[0.06%] Applying stored bound-tightening: 2013 milli
		[4.09%] SMT core: 147119 milli
		[34.90%] Symbolic Bound Tightening: 1256160 milli
		[23.41%] SoI-based local search: 842439 milli
		[0.00%] SoI-based local search: 0 milli
		[19.72%] Unaccounted for: 709862 milli
	--- Preprocessor Statistics ---
	Number of preprocessor bound-tightening loop iterations: 8
	Number of eliminated variables: 0
	Number of constraints removed due to variable elimination: 0
	Number of equations removed due to variable elimination: 0
	--- Engine Statistics ---
	Number of main loop iterations: 2466649
		2207494 iterations were simplex steps. Total time: 1051138 milli. Average: 0.48 milli.
		0 iterations were constraint-fixing steps. Total time: 0 milli. Average: 0.00 milli
	Number of active piecewise-linear constraints: 13 / 300
		Constraints disabled by valid splits: 243. By SMT-originated splits: 44
	Last reported degradation: 0.0000000000. Max degradation so far: 0.0013871233. Restorations so far: 2
	Number of simplex pivots we attempted to skip because of instability: 795.
	Unstable pivots performed anyway: 51
	--- Tableau Statistics ---
	Total number of pivots performed: 1443851
		Real pivots: 1432918. Degenerate: 10933 (0.76%)
		Degenerate pivots by request (e.g., to fix a PL constraint): 0 (0.00%)
		Average time per pivot: 0.05 milli
	Total number of fake pivots performed: 183086
	Total number of rows added: 0. Number of merged columns: 0
	Current tableau dimensions: M = 604, N = 1518
	--- SMT Core Statistics ---
	Total depth is 48. Total visited states: 214935. Number of splits: 107489. Number of pops: 107445
	Max stack depth: 99
	--- Bound Tightening Statistics ---
	Number of tightened bounds: 29300923.
		Number of rows examined by row tightener: 1443851. Consequent tightenings: 530970
		Number of explicit basis matrices examined by row tightener: 33656. Consequent tightenings: 6623196
		Number of bound tightening rounds on the entire constraint matrix: 0. Consequent tightenings: 0
		Number of bound notifications sent to PL constraints: 53643853. Tightenings proposed: 0
	--- Basis Factorization statistics ---
	Number of basis refactorizations: 10874
	--- Projected Steepest Edge Statistics ---
	Number of iterations: 1627681.
	Number of resets to reference space: 107477. Avg. iterations per reset: 15
	--- SBT ---
	Number of tightened bounds: 29295579
	--- SoI-based local search ---
	Number of proposed phase pattern update: 132752. Number of accepted update: 211879 [159.61%]
	Total time (% of local search time) updating SoI phase pattern : 11006144 milli [1.31%]
	Total time obtaining current assignment: 36046108 milli [4.28%]
	Total time getting SoI phase pattern : 3509052 milli [0.10%]
	--- Context dependent statistics ---
	Number of pushes / pops: 214947 / 214899
		[0.17%] Pre-Push hook: 6120 milli
		[0.00%] Push : 0 milli
		[0.13%] Post-Pop hook: 4560 milli
		[0.16%] Pop : 5891 milli
		[0.46%] Total context-switching time: 16572 milli
	--- Proof Certificate ---
	Number of certified leaves: 0
	Number of leaves to delegate: 0
	Number of lemmas: 0
Timeout
end run time: 12:57:17
DQN: Done solving. Time : 3600025 milli. 

