[251] processing ex_0252_label_0 …
start run time: 09:58:35
Network: /cs/labs/guykatz/maya.swisa/elbit/20_8/Marabou/resources/nnet/acasxu/ACASXU_experimental_v2a_1_1.nnet
Number of layers: 8. Input layer size: 5. Output layer size: 5. Number of ReLUs: 300
Total number of variables: 610
Property: /cs/labs/guykatz/maya.swisa/elbit/PROPERTY_1_08091/ex_0252_label_0/eps01.txt

Engine::processInputQuery: Input query (before preprocessing): 309 equations, 610 variables
Engine::processInputQuery: Input query (after preprocessing): 604 equations, 914 variables


Engine::solve: Initial statistics

09:58:35 Statistics update:
	--- Time Statistics ---
	Total time elapsed: 79 milli (00:00:00)
		Main loop: 0 milli (00:00:00)
		Preprocessing time: 61 milli (00:00:00)
		Unknown: 18 milli (00:00:00)
	Breakdown for main loop:
		[0.00%] Simplex steps: 0 milli
		[0.00%] Explicit-basis bound tightening: 0 milli
		[0.00%] Constraint-matrix bound tightening: 0 milli
		[0.00%] Degradation checking: 0 milli
		[0.00%] Precision restoration: 0 milli
		[0.00%] Statistics handling: 0 milli
		[0.00%] Constraint-fixing steps: 0 milli
		[0.00%] Valid case splits: 3 milli. Average per split: 0.00 milli
		[0.00%] Applying stored bound-tightening: 0 milli
		[0.00%] SMT core: 0 milli
		[0.00%] Symbolic Bound Tightening: 9 milli
		[0.00%] SoI-based local search: 0 milli
		[0.00%] SoI-based local search: 0 milli
		[0.00%] Unaccounted for: 0 milli
	--- Preprocessor Statistics ---
	Number of preprocessor bound-tightening loop iterations: 8
	Number of eliminated variables: 0
	Number of constraints removed due to variable elimination: 0
	Number of equations removed due to variable elimination: 0
	--- Engine Statistics ---
	Number of main loop iterations: 1
		0 iterations were simplex steps. Total time: 0 milli. Average: 0.00 milli.
		0 iterations were constraint-fixing steps. Total time: 0 milli. Average: 0.00 milli
	Number of active piecewise-linear constraints: 181 / 300
		Constraints disabled by valid splits: 119. By SMT-originated splits: 0
	Last reported degradation: 0.0000000000. Max degradation so far: 0.0000000000. Restorations so far: 0
	Number of simplex pivots we attempted to skip because of instability: 0.
	Unstable pivots performed anyway: 0
	--- Tableau Statistics ---
	Total number of pivots performed: 0
		Real pivots: 0. Degenerate: 0 (0.00%)
		Degenerate pivots by request (e.g., to fix a PL constraint): 0 (0.00%)
		Average time per pivot: 0.00 milli
	Total number of fake pivots performed: 0
	Total number of rows added: 0. Number of merged columns: 0
	Current tableau dimensions: M = 604, N = 1518
	--- SMT Core Statistics ---
	Total depth is 0. Total visited states: 1. Number of splits: 0. Number of pops: 0
	Max stack depth: 0
	--- Bound Tightening Statistics ---
	Number of tightened bounds: 0.
		Number of rows examined by row tightener: 0. Consequent tightenings: 0
		Number of explicit basis matrices examined by row tightener: 0. Consequent tightenings: 0
		Number of bound tightening rounds on the entire constraint matrix: 0. Consequent tightenings: 0
		Number of bound notifications sent to PL constraints: 1800. Tightenings proposed: 0
	--- Basis Factorization statistics ---
	Number of basis refactorizations: 2
	--- Projected Steepest Edge Statistics ---
	Number of iterations: 0.
	Number of resets to reference space: 1. Avg. iterations per reset: 0
	--- SBT ---
	Number of tightened bounds: 735
	--- SoI-based local search ---
	Number of proposed phase pattern update: 0. Number of accepted update: 0 [0.00%]
	Total time (% of local search time) updating SoI phase pattern : 0 milli [0.00%]
	Total time obtaining current assignment: 0 milli [0.00%]
	Total time getting SoI phase pattern : 0 milli [0.00%]
	--- Context dependent statistics ---
	Number of pushes / pops: 0 / 0
		[0.00%] Pre-Push hook: 0 milli
		[0.00%] Push : 0 milli
		[0.00%] Post-Pop hook: 0 milli
		[0.00%] Pop : 0 milli
		[0.00%] Total context-switching time: 0 milli
	--- Proof Certificate ---
	Number of certified leaves: 0
	Number of leaves to delegate: 0
	Number of lemmas: 0

---
start solving without an agent
Performing precision restoration. Degradation before: 0.000276847661588. After: 0.000000000000126


Engine: quitting due to timeout...

Final statistics:

10:58:35 Statistics update:
	--- Time Statistics ---
	Total time elapsed: 3600000 milli (01:00:00)
		Main loop: 3599487 milli (00:59:59)
		Preprocessing time: 61 milli (00:00:00)
		Unknown: 451 milli (00:00:00)
	Breakdown for main loop:
		[27.37%] Simplex steps: 985144 milli
		[8.56%] Explicit-basis bound tightening: 308281 milli
		[0.00%] Constraint-matrix bound tightening: 0 milli
		[0.14%] Degradation checking: 5044 milli
		[0.00%] Precision restoration: 12 milli
		[0.05%] Statistics handling: 1933 milli
		[0.00%] Constraint-fixing steps: 0 milli
		[0.36%] Valid case splits: 12799 milli. Average per split: 0.00 milli
		[0.07%] Applying stored bound-tightening: 2637 milli
		[3.88%] SMT core: 139638 milli
		[45.19%] Symbolic Bound Tightening: 1626754 milli
		[22.94%] SoI-based local search: 825764 milli
		[0.00%] SoI-based local search: 0 milli
		[14.37%] Unaccounted for: 517239 milli
	--- Preprocessor Statistics ---
	Number of preprocessor bound-tightening loop iterations: 8
	Number of eliminated variables: 0
	Number of constraints removed due to variable elimination: 0
	Number of equations removed due to variable elimination: 0
	--- Engine Statistics ---
	Number of main loop iterations: 1728946
		1534437 iterations were simplex steps. Total time: 985144 milli. Average: 0.64 milli.
		0 iterations were constraint-fixing steps. Total time: 0 milli. Average: 0.00 milli
	Number of active piecewise-linear constraints: 9 / 300
		Constraints disabled by valid splits: 247. By SMT-originated splits: 44
	Last reported degradation: 0.0000000000. Max degradation so far: 0.0002747141. Restorations so far: 1
	Number of simplex pivots we attempted to skip because of instability: 171.
	Unstable pivots performed anyway: 10
	--- Tableau Statistics ---
	Total number of pivots performed: 996705
		Real pivots: 989653. Degenerate: 7052 (0.71%)
		Degenerate pivots by request (e.g., to fix a PL constraint): 0 (0.00%)
		Average time per pivot: 0.08 milli
	Total number of fake pivots performed: 95601
	Total number of rows added: 0. Number of merged columns: 0
	Current tableau dimensions: M = 604, N = 1518
	--- SMT Core Statistics ---
	Total depth is 48. Total visited states: 166031. Number of splits: 83040. Number of pops: 82990
	Max stack depth: 87
	--- Bound Tightening Statistics ---
	Number of tightened bounds: 18634847.
		Number of rows examined by row tightener: 996705. Consequent tightenings: 412060
		Number of explicit basis matrices examined by row tightener: 23299. Consequent tightenings: 4948778
		Number of bound tightening rounds on the entire constraint matrix: 0. Consequent tightenings: 0
		Number of bound notifications sent to PL constraints: 33927831. Tightenings proposed: 0
	--- Basis Factorization statistics ---
	Number of basis refactorizations: 7452
	--- Projected Steepest Edge Statistics ---
	Number of iterations: 1092467.
	Number of resets to reference space: 83011. Avg. iterations per reset: 13
	--- SBT ---
	Number of tightened bounds: 18632546
	--- SoI-based local search ---
	Number of proposed phase pattern update: 99712. Number of accepted update: 163052 [163.52%]
	Total time (% of local search time) updating SoI phase pattern : 11927554 milli [1.44%]
	Total time obtaining current assignment: 41328809 milli [5.00%]
	Total time getting SoI phase pattern : 2750328 milli [0.08%]
	--- Context dependent statistics ---
	Number of pushes / pops: 166038 / 165990
		[0.15%] Pre-Push hook: 5289 milli
		[0.00%] Push : 1 milli
		[0.14%] Post-Pop hook: 5216 milli
		[0.10%] Pop : 3551 milli
		[0.39%] Total context-switching time: 14058 milli
	--- Proof Certificate ---
	Number of certified leaves: 0
	Number of leaves to delegate: 0
	Number of lemmas: 0
Timeout
end run time: 10:58:35
DQN: Done solving. Time : 3600019 milli. 

start run time: 10:58:35
Network: /cs/labs/guykatz/maya.swisa/elbit/20_8/Marabou/resources/nnet/acasxu/ACASXU_experimental_v2a_1_1.nnet
Number of layers: 8. Input layer size: 5. Output layer size: 5. Number of ReLUs: 300
Total number of variables: 610
Property: /cs/labs/guykatz/maya.swisa/elbit/PROPERTY_1_08091/ex_0252_label_0/eps02.txt

Engine::processInputQuery: Input query (before preprocessing): 309 equations, 610 variables
Engine::processInputQuery: Input query (after preprocessing): 604 equations, 914 variables


Engine::solve: Initial statistics

10:58:35 Statistics update:
	--- Time Statistics ---
	Total time elapsed: 141 milli (00:00:00)
		Main loop: 0 milli (00:00:00)
		Preprocessing time: 48 milli (00:00:00)
		Unknown: 92 milli (00:00:00)
	Breakdown for main loop:
		[0.00%] Simplex steps: 0 milli
		[0.00%] Explicit-basis bound tightening: 0 milli
		[0.00%] Constraint-matrix bound tightening: 0 milli
		[0.00%] Degradation checking: 0 milli
		[0.00%] Precision restoration: 0 milli
		[0.00%] Statistics handling: 0 milli
		[0.00%] Constraint-fixing steps: 0 milli
		[0.00%] Valid case splits: 3 milli. Average per split: 0.00 milli
		[0.00%] Applying stored bound-tightening: 0 milli
		[0.00%] SMT core: 0 milli
		[0.00%] Symbolic Bound Tightening: 8 milli
		[0.00%] SoI-based local search: 0 milli
		[0.00%] SoI-based local search: 0 milli
		[0.00%] Unaccounted for: 0 milli
	--- Preprocessor Statistics ---
	Number of preprocessor bound-tightening loop iterations: 8
	Number of eliminated variables: 0
	Number of constraints removed due to variable elimination: 0
	Number of equations removed due to variable elimination: 0
	--- Engine Statistics ---
	Number of main loop iterations: 1
		0 iterations were simplex steps. Total time: 0 milli. Average: 0.00 milli.
		0 iterations were constraint-fixing steps. Total time: 0 milli. Average: 0.00 milli
	Number of active piecewise-linear constraints: 192 / 300
		Constraints disabled by valid splits: 108. By SMT-originated splits: 0
	Last reported degradation: 0.0000000000. Max degradation so far: 0.0000000000. Restorations so far: 0
	Number of simplex pivots we attempted to skip because of instability: 0.
	Unstable pivots performed anyway: 0
	--- Tableau Statistics ---
	Total number of pivots performed: 0
		Real pivots: 0. Degenerate: 0 (0.00%)
		Degenerate pivots by request (e.g., to fix a PL constraint): 0 (0.00%)
		Average time per pivot: 0.00 milli
	Total number of fake pivots performed: 0
	Total number of rows added: 0. Number of merged columns: 0
	Current tableau dimensions: M = 604, N = 1518
	--- SMT Core Statistics ---
	Total depth is 0. Total visited states: 1. Number of splits: 0. Number of pops: 0
	Max stack depth: 0
	--- Bound Tightening Statistics ---
	Number of tightened bounds: 0.
		Number of rows examined by row tightener: 0. Consequent tightenings: 0
		Number of explicit basis matrices examined by row tightener: 0. Consequent tightenings: 0
		Number of bound tightening rounds on the entire constraint matrix: 0. Consequent tightenings: 0
		Number of bound notifications sent to PL constraints: 1800. Tightenings proposed: 0
	--- Basis Factorization statistics ---
	Number of basis refactorizations: 2
	--- Projected Steepest Edge Statistics ---
	Number of iterations: 0.
	Number of resets to reference space: 1. Avg. iterations per reset: 0
	--- SBT ---
	Number of tightened bounds: 736
	--- SoI-based local search ---
	Number of proposed phase pattern update: 0. Number of accepted update: 0 [0.00%]
	Total time (% of local search time) updating SoI phase pattern : 0 milli [0.00%]
	Total time obtaining current assignment: 0 milli [0.00%]
	Total time getting SoI phase pattern : 0 milli [0.00%]
	--- Context dependent statistics ---
	Number of pushes / pops: 0 / 0
		[0.00%] Pre-Push hook: 0 milli
		[0.00%] Push : 0 milli
		[0.00%] Post-Pop hook: 0 milli
		[0.00%] Pop : 0 milli
		[0.00%] Total context-switching time: 0 milli
	--- Proof Certificate ---
	Number of certified leaves: 0
	Number of leaves to delegate: 0
	Number of lemmas: 0

---
start solving without an agent
Performing precision restoration. Degradation before: 0.000579013782222. After: 0.000000000000132


Engine: quitting due to timeout...

Final statistics:

11:58:35 Statistics update:
	--- Time Statistics ---
	Total time elapsed: 3600002 milli (01:00:00)
		Main loop: 3599458 milli (00:59:59)
		Preprocessing time: 48 milli (00:00:00)
		Unknown: 495 milli (00:00:00)
	Breakdown for main loop:
		[29.15%] Simplex steps: 1049149 milli
		[8.16%] Explicit-basis bound tightening: 293594 milli
		[0.00%] Constraint-matrix bound tightening: 0 milli
		[0.14%] Degradation checking: 4928 milli
		[0.00%] Precision restoration: 13 milli
		[0.07%] Statistics handling: 2618 milli
		[0.00%] Constraint-fixing steps: 0 milli
		[0.31%] Valid case splits: 11295 milli. Average per split: 0.00 milli
		[0.07%] Applying stored bound-tightening: 2638 milli
		[3.91%] SMT core: 140702 milli
		[42.21%] Symbolic Bound Tightening: 1519329 milli
		[24.43%] SoI-based local search: 879222 milli
		[0.00%] SoI-based local search: 0 milli
		[15.98%] Unaccounted for: 575189 milli
	--- Preprocessor Statistics ---
	Number of preprocessor bound-tightening loop iterations: 8
	Number of eliminated variables: 0
	Number of constraints removed due to variable elimination: 0
	Number of equations removed due to variable elimination: 0
	--- Engine Statistics ---
	Number of main loop iterations: 1678759
		1492382 iterations were simplex steps. Total time: 1049149 milli. Average: 0.70 milli.
		0 iterations were constraint-fixing steps. Total time: 0 milli. Average: 0.00 milli
	Number of active piecewise-linear constraints: 13 / 300
		Constraints disabled by valid splits: 251. By SMT-originated splits: 36
	Last reported degradation: 0.0000000000. Max degradation so far: 0.0005788980. Restorations so far: 1
	Number of simplex pivots we attempted to skip because of instability: 172.
	Unstable pivots performed anyway: 13
	--- Tableau Statistics ---
	Total number of pivots performed: 975216
		Real pivots: 968880. Degenerate: 6336 (0.65%)
		Degenerate pivots by request (e.g., to fix a PL constraint): 0 (0.00%)
		Average time per pivot: 0.08 milli
	Total number of fake pivots performed: 82833
	Total number of rows added: 0. Number of merged columns: 0
	Current tableau dimensions: M = 604, N = 1518
	--- SMT Core Statistics ---
	Total depth is 40. Total visited states: 160386. Number of splits: 80211. Number of pops: 80174
	Max stack depth: 99
	--- Bound Tightening Statistics ---
	Number of tightened bounds: 15699718.
		Number of rows examined by row tightener: 975216. Consequent tightenings: 374072
		Number of explicit basis matrices examined by row tightener: 21882. Consequent tightenings: 4430754
		Number of bound tightening rounds on the entire constraint matrix: 0. Consequent tightenings: 0
		Number of bound notifications sent to PL constraints: 29185022. Tightenings proposed: 0
	--- Basis Factorization statistics ---
	Number of basis refactorizations: 7287
	--- Projected Steepest Edge Statistics ---
	Number of iterations: 1058208.
	Number of resets to reference space: 80195. Avg. iterations per reset: 13
	--- SBT ---
	Number of tightened bounds: 15697418
	--- SoI-based local search ---
	Number of proposed phase pattern update: 97644. Number of accepted update: 157050 [160.84%]
	Total time (% of local search time) updating SoI phase pattern : 11779422 milli [1.34%]
	Total time obtaining current assignment: 42370605 milli [4.82%]
	Total time getting SoI phase pattern : 2816017 milli [0.08%]
	--- Context dependent statistics ---
	Number of pushes / pops: 160394 / 160354
		[0.16%] Pre-Push hook: 5758 milli
		[0.00%] Push : 3 milli
		[0.14%] Post-Pop hook: 5080 milli
		[0.11%] Pop : 3936 milli
		[0.41%] Total context-switching time: 14778 milli
	--- Proof Certificate ---
	Number of certified leaves: 0
	Number of leaves to delegate: 0
	Number of lemmas: 0
Timeout
end run time: 11:58:35
DQN: Done solving. Time : 3600020 milli. 

start run time: 11:58:35
Network: /cs/labs/guykatz/maya.swisa/elbit/20_8/Marabou/resources/nnet/acasxu/ACASXU_experimental_v2a_1_1.nnet
Number of layers: 8. Input layer size: 5. Output layer size: 5. Number of ReLUs: 300
Total number of variables: 610
Property: /cs/labs/guykatz/maya.swisa/elbit/PROPERTY_1_08091/ex_0252_label_0/eps03.txt

Engine::processInputQuery: Input query (before preprocessing): 309 equations, 610 variables
Engine::processInputQuery: Input query (after preprocessing): 604 equations, 914 variables


Engine::solve: Initial statistics

11:58:35 Statistics update:
	--- Time Statistics ---
	Total time elapsed: 149 milli (00:00:00)
		Main loop: 0 milli (00:00:00)
		Preprocessing time: 47 milli (00:00:00)
		Unknown: 101 milli (00:00:00)
	Breakdown for main loop:
		[0.00%] Simplex steps: 0 milli
		[0.00%] Explicit-basis bound tightening: 0 milli
		[0.00%] Constraint-matrix bound tightening: 0 milli
		[0.00%] Degradation checking: 0 milli
		[0.00%] Precision restoration: 0 milli
		[0.00%] Statistics handling: 0 milli
		[0.00%] Constraint-fixing steps: 0 milli
		[0.00%] Valid case splits: 2 milli. Average per split: 0.00 milli
		[0.00%] Applying stored bound-tightening: 0 milli
		[0.00%] SMT core: 0 milli
		[0.00%] Symbolic Bound Tightening: 8 milli
		[0.00%] SoI-based local search: 0 milli
		[0.00%] SoI-based local search: 0 milli
		[0.00%] Unaccounted for: 0 milli
	--- Preprocessor Statistics ---
	Number of preprocessor bound-tightening loop iterations: 8
	Number of eliminated variables: 0
	Number of constraints removed due to variable elimination: 0
	Number of equations removed due to variable elimination: 0
	--- Engine Statistics ---
	Number of main loop iterations: 1
		0 iterations were simplex steps. Total time: 0 milli. Average: 0.00 milli.
		0 iterations were constraint-fixing steps. Total time: 0 milli. Average: 0.00 milli
	Number of active piecewise-linear constraints: 201 / 300
		Constraints disabled by valid splits: 99. By SMT-originated splits: 0
	Last reported degradation: 0.0000000000. Max degradation so far: 0.0000000000. Restorations so far: 0
	Number of simplex pivots we attempted to skip because of instability: 0.
	Unstable pivots performed anyway: 0
	--- Tableau Statistics ---
	Total number of pivots performed: 0
		Real pivots: 0. Degenerate: 0 (0.00%)
		Degenerate pivots by request (e.g., to fix a PL constraint): 0 (0.00%)
		Average time per pivot: 0.00 milli
	Total number of fake pivots performed: 0
	Total number of rows added: 0. Number of merged columns: 0
	Current tableau dimensions: M = 604, N = 1518
	--- SMT Core Statistics ---
	Total depth is 0. Total visited states: 1. Number of splits: 0. Number of pops: 0
	Max stack depth: 0
	--- Bound Tightening Statistics ---
	Number of tightened bounds: 0.
		Number of rows examined by row tightener: 0. Consequent tightenings: 0
		Number of explicit basis matrices examined by row tightener: 0. Consequent tightenings: 0
		Number of bound tightening rounds on the entire constraint matrix: 0. Consequent tightenings: 0
		Number of bound notifications sent to PL constraints: 1800. Tightenings proposed: 0
	--- Basis Factorization statistics ---
	Number of basis refactorizations: 2
	--- Projected Steepest Edge Statistics ---
	Number of iterations: 0.
	Number of resets to reference space: 1. Avg. iterations per reset: 0
	--- SBT ---
	Number of tightened bounds: 734
	--- SoI-based local search ---
	Number of proposed phase pattern update: 0. Number of accepted update: 0 [0.00%]
	Total time (% of local search time) updating SoI phase pattern : 0 milli [0.00%]
	Total time obtaining current assignment: 0 milli [0.00%]
	Total time getting SoI phase pattern : 0 milli [0.00%]
	--- Context dependent statistics ---
	Number of pushes / pops: 0 / 0
		[0.00%] Pre-Push hook: 0 milli
		[0.00%] Push : 0 milli
		[0.00%] Post-Pop hook: 0 milli
		[0.00%] Pop : 0 milli
		[0.00%] Total context-switching time: 0 milli
	--- Proof Certificate ---
	Number of certified leaves: 0
	Number of leaves to delegate: 0
	Number of lemmas: 0

---
start solving without an agent
Performing precision restoration. Degradation before: 0.000682763261251. After: 0.000000000000090


Engine: quitting due to timeout...

Final statistics:

12:58:35 Statistics update:
	--- Time Statistics ---
	Total time elapsed: 3600012 milli (01:00:00)
		Main loop: 3599445 milli (00:59:59)
		Preprocessing time: 47 milli (00:00:00)
		Unknown: 519 milli (00:00:00)
	Breakdown for main loop:
		[28.73%] Simplex steps: 1034251 milli
		[7.98%] Explicit-basis bound tightening: 287285 milli
		[0.00%] Constraint-matrix bound tightening: 0 milli
		[0.14%] Degradation checking: 4940 milli
		[0.00%] Precision restoration: 9 milli
		[0.08%] Statistics handling: 2796 milli
		[0.00%] Constraint-fixing steps: 0 milli
		[0.32%] Valid case splits: 11593 milli. Average per split: 0.00 milli
		[0.07%] Applying stored bound-tightening: 2512 milli
		[3.90%] SMT core: 140257 milli
		[42.53%] Symbolic Bound Tightening: 1530860 milli
		[24.26%] SoI-based local search: 873395 milli
		[0.00%] SoI-based local search: 0 milli
		[16.25%] Unaccounted for: 584938 milli
	--- Preprocessor Statistics ---
	Number of preprocessor bound-tightening loop iterations: 8
	Number of eliminated variables: 0
	Number of constraints removed due to variable elimination: 0
	Number of equations removed due to variable elimination: 0
	--- Engine Statistics ---
	Number of main loop iterations: 1751720
		1555115 iterations were simplex steps. Total time: 1034251 milli. Average: 0.67 milli.
		0 iterations were constraint-fixing steps. Total time: 0 milli. Average: 0.00 milli
	Number of active piecewise-linear constraints: 73 / 300
		Constraints disabled by valid splits: 185. By SMT-originated splits: 42
	Last reported degradation: 0.0000000000. Max degradation so far: 0.0006812332. Restorations so far: 1
	Number of simplex pivots we attempted to skip because of instability: 160.
	Unstable pivots performed anyway: 16
	--- Tableau Statistics ---
	Total number of pivots performed: 1010960
		Real pivots: 1004462. Degenerate: 6498 (0.64%)
		Degenerate pivots by request (e.g., to fix a PL constraint): 0 (0.00%)
		Average time per pivot: 0.08 milli
	Total number of fake pivots performed: 88089
	Total number of rows added: 0. Number of merged columns: 0
	Current tableau dimensions: M = 604, N = 1518
	--- SMT Core Statistics ---
	Total depth is 46. Total visited states: 169267. Number of splits: 84654. Number of pops: 84612
	Max stack depth: 107
	--- Bound Tightening Statistics ---
	Number of tightened bounds: 15773589.
		Number of rows examined by row tightener: 1010960. Consequent tightenings: 375859
		Number of explicit basis matrices examined by row tightener: 23702. Consequent tightenings: 4626005
		Number of bound tightening rounds on the entire constraint matrix: 0. Consequent tightenings: 0
		Number of bound notifications sent to PL constraints: 29536651. Tightenings proposed: 0
	--- Basis Factorization statistics ---
	Number of basis refactorizations: 7611
	--- Projected Steepest Edge Statistics ---
	Number of iterations: 1099193.
	Number of resets to reference space: 84631. Avg. iterations per reset: 12
	--- SBT ---
	Number of tightened bounds: 15771287
	--- SoI-based local search ---
	Number of proposed phase pattern update: 102655. Number of accepted update: 165811 [161.52%]
	Total time (% of local search time) updating SoI phase pattern : 11885364 milli [1.36%]
	Total time obtaining current assignment: 41112810 milli [4.71%]
	Total time getting SoI phase pattern : 2984266 milli [0.08%]
	--- Context dependent statistics ---
	Number of pushes / pops: 169274 / 169228
		[0.16%] Pre-Push hook: 5635 milli
		[0.00%] Push : 1 milli
		[0.14%] Post-Pop hook: 4991 milli
		[0.11%] Pop : 3883 milli
		[0.40%] Total context-switching time: 14513 milli
	--- Proof Certificate ---
	Number of certified leaves: 0
	Number of leaves to delegate: 0
	Number of lemmas: 0
Timeout
end run time: 12:58:35
DQN: Done solving. Time : 3600039 milli. 

