[263] processing ex_0264_label_0 …
start run time: 09:58:35
Network: /cs/labs/guykatz/maya.swisa/elbit/20_8/Marabou/resources/nnet/acasxu/ACASXU_experimental_v2a_1_1.nnet
Number of layers: 8. Input layer size: 5. Output layer size: 5. Number of ReLUs: 300
Total number of variables: 610
Property: /cs/labs/guykatz/maya.swisa/elbit/PROPERTY_1_08091/ex_0264_label_0/eps01.txt

Engine::processInputQuery: Input query (before preprocessing): 309 equations, 610 variables
Engine::processInputQuery: Input query (after preprocessing): 604 equations, 914 variables


Engine::solve: Initial statistics

09:58:35 Statistics update:
	--- Time Statistics ---
	Total time elapsed: 80 milli (00:00:00)
		Main loop: 0 milli (00:00:00)
		Preprocessing time: 61 milli (00:00:00)
		Unknown: 19 milli (00:00:00)
	Breakdown for main loop:
		[0.00%] Simplex steps: 0 milli
		[0.00%] Explicit-basis bound tightening: 0 milli
		[0.00%] Constraint-matrix bound tightening: 0 milli
		[0.00%] Degradation checking: 0 milli
		[0.00%] Precision restoration: 0 milli
		[0.00%] Statistics handling: 0 milli
		[0.00%] Constraint-fixing steps: 0 milli
		[0.00%] Valid case splits: 3 milli. Average per split: 0.00 milli
		[0.00%] Applying stored bound-tightening: 0 milli
		[0.00%] SMT core: 0 milli
		[0.00%] Symbolic Bound Tightening: 9 milli
		[0.00%] SoI-based local search: 0 milli
		[0.00%] SoI-based local search: 0 milli
		[0.00%] Unaccounted for: 0 milli
	--- Preprocessor Statistics ---
	Number of preprocessor bound-tightening loop iterations: 8
	Number of eliminated variables: 0
	Number of constraints removed due to variable elimination: 0
	Number of equations removed due to variable elimination: 0
	--- Engine Statistics ---
	Number of main loop iterations: 1
		0 iterations were simplex steps. Total time: 0 milli. Average: 0.00 milli.
		0 iterations were constraint-fixing steps. Total time: 0 milli. Average: 0.00 milli
	Number of active piecewise-linear constraints: 185 / 300
		Constraints disabled by valid splits: 115. By SMT-originated splits: 0
	Last reported degradation: 0.0000000000. Max degradation so far: 0.0000000000. Restorations so far: 0
	Number of simplex pivots we attempted to skip because of instability: 0.
	Unstable pivots performed anyway: 0
	--- Tableau Statistics ---
	Total number of pivots performed: 0
		Real pivots: 0. Degenerate: 0 (0.00%)
		Degenerate pivots by request (e.g., to fix a PL constraint): 0 (0.00%)
		Average time per pivot: 0.00 milli
	Total number of fake pivots performed: 0
	Total number of rows added: 0. Number of merged columns: 0
	Current tableau dimensions: M = 604, N = 1518
	--- SMT Core Statistics ---
	Total depth is 0. Total visited states: 1. Number of splits: 0. Number of pops: 0
	Max stack depth: 0
	--- Bound Tightening Statistics ---
	Number of tightened bounds: 0.
		Number of rows examined by row tightener: 0. Consequent tightenings: 0
		Number of explicit basis matrices examined by row tightener: 0. Consequent tightenings: 0
		Number of bound tightening rounds on the entire constraint matrix: 0. Consequent tightenings: 0
		Number of bound notifications sent to PL constraints: 1800. Tightenings proposed: 0
	--- Basis Factorization statistics ---
	Number of basis refactorizations: 2
	--- Projected Steepest Edge Statistics ---
	Number of iterations: 0.
	Number of resets to reference space: 1. Avg. iterations per reset: 0
	--- SBT ---
	Number of tightened bounds: 734
	--- SoI-based local search ---
	Number of proposed phase pattern update: 0. Number of accepted update: 0 [0.00%]
	Total time (% of local search time) updating SoI phase pattern : 0 milli [0.00%]
	Total time obtaining current assignment: 0 milli [0.00%]
	Total time getting SoI phase pattern : 0 milli [0.00%]
	--- Context dependent statistics ---
	Number of pushes / pops: 0 / 0
		[0.00%] Pre-Push hook: 0 milli
		[0.00%] Push : 0 milli
		[0.00%] Post-Pop hook: 0 milli
		[0.00%] Pop : 0 milli
		[0.00%] Total context-switching time: 0 milli
	--- Proof Certificate ---
	Number of certified leaves: 0
	Number of leaves to delegate: 0
	Number of lemmas: 0

---
start solving without an agent
High degradation found!
Performing precision restoration. Degradation before: 0.114062350907732. After: 0.000000000000125
Performing precision restoration. Degradation before: 0.000084049879837. After: 0.000000000000095
Performing precision restoration. Degradation before: 0.000001472982563. After: 0.000000000000186
Performing precision restoration. Degradation before: 0.000000000001339. After: 0.000000000000195
Performing precision restoration. Degradation before: 0.000028050804625. After: 0.000000000000098
Performing precision restoration. Degradation before: 0.000397878843616. After: 0.000000000000093

Engine::solve: unsat query

10:57:51 Statistics update:
	--- Time Statistics ---
	Total time elapsed: 3556218 milli (00:59:16)
		Main loop: 3555727 milli (00:59:15)
		Preprocessing time: 61 milli (00:00:00)
		Unknown: 429 milli (00:00:00)
	Breakdown for main loop:
		[30.35%] Simplex steps: 1078992 milli
		[12.89%] Explicit-basis bound tightening: 458174 milli
		[0.00%] Constraint-matrix bound tightening: 0 milli
		[0.13%] Degradation checking: 4670 milli
		[0.00%] Precision restoration: 74 milli
		[0.05%] Statistics handling: 1812 milli
		[0.00%] Constraint-fixing steps: 0 milli
		[0.36%] Valid case splits: 12936 milli. Average per split: 0.00 milli
		[0.06%] Applying stored bound-tightening: 2168 milli
		[3.19%] SMT core: 113415 milli
		[38.61%] Symbolic Bound Tightening: 1372888 milli
		[23.27%] SoI-based local search: 827586 milli
		[0.00%] SoI-based local search: 0 milli
		[14.36%] Unaccounted for: 510594 milli
	--- Preprocessor Statistics ---
	Number of preprocessor bound-tightening loop iterations: 8
	Number of eliminated variables: 0
	Number of constraints removed due to variable elimination: 0
	Number of equations removed due to variable elimination: 0
	--- Engine Statistics ---
	Number of main loop iterations: 1588410
		1434486 iterations were simplex steps. Total time: 1078992 milli. Average: 0.75 milli.
		0 iterations were constraint-fixing steps. Total time: 0 milli. Average: 0.00 milli
	Number of active piecewise-linear constraints: 27 / 300
		Constraints disabled by valid splits: 266. By SMT-originated splits: 7
	Last reported degradation: 0.0000000000. Max degradation so far: 0.1140623509. Restorations so far: 6
	Number of simplex pivots we attempted to skip because of instability: 434.
	Unstable pivots performed anyway: 20
	--- Tableau Statistics ---
	Total number of pivots performed: 975647
		Real pivots: 968371. Degenerate: 7276 (0.75%)
		Degenerate pivots by request (e.g., to fix a PL constraint): 0 (0.00%)
		Average time per pivot: 0.08 milli
	Total number of fake pivots performed: 112676
	Total number of rows added: 0. Number of merged columns: 0
	Current tableau dimensions: M = 604, N = 1518
	--- SMT Core Statistics ---
	Total depth is 11. Total visited states: 127610. Number of splits: 63810. Number of pops: 63799
	Max stack depth: 73
	--- Bound Tightening Statistics ---
	Number of tightened bounds: 20376124.
		Number of rows examined by row tightener: 975647. Consequent tightenings: 387986
		Number of explicit basis matrices examined by row tightener: 18288. Consequent tightenings: 4566991
		Number of bound tightening rounds on the entire constraint matrix: 0. Consequent tightenings: 0
		Number of bound notifications sent to PL constraints: 36519216. Tightenings proposed: 0
	--- Basis Factorization statistics ---
	Number of basis refactorizations: 7130
	--- Projected Steepest Edge Statistics ---
	Number of iterations: 1088737.
	Number of resets to reference space: 63866. Avg. iterations per reset: 17
	--- SBT ---
	Number of tightened bounds: 20358642
	--- SoI-based local search ---
	Number of proposed phase pattern update: 78549. Number of accepted update: 124906 [159.02%]
	Total time (% of local search time) updating SoI phase pattern : 9507099 milli [1.15%]
	Total time obtaining current assignment: 35184633 milli [4.25%]
	Total time getting SoI phase pattern : 2293196 milli [0.06%]
	--- Context dependent statistics ---
	Number of pushes / pops: 127620 / 127620
		[0.12%] Pre-Push hook: 4245 milli
		[0.00%] Push : 2 milli
		[0.12%] Post-Pop hook: 4415 milli
		[0.08%] Pop : 2971 milli
		[0.33%] Total context-switching time: 11634 milli
	--- Proof Certificate ---
	Number of certified leaves: 0
	Number of leaves to delegate: 0
	Number of lemmas: 0
unsat
end run time: 10:57:51
DQN: Done solving. Time : 3556230 milli. 

start run time: 10:57:51
Network: /cs/labs/guykatz/maya.swisa/elbit/20_8/Marabou/resources/nnet/acasxu/ACASXU_experimental_v2a_1_1.nnet
Number of layers: 8. Input layer size: 5. Output layer size: 5. Number of ReLUs: 300
Total number of variables: 610
Property: /cs/labs/guykatz/maya.swisa/elbit/PROPERTY_1_08091/ex_0264_label_0/eps02.txt

Engine::processInputQuery: Input query (before preprocessing): 309 equations, 610 variables
Engine::processInputQuery: Input query (after preprocessing): 604 equations, 914 variables


Engine::solve: Initial statistics

10:57:51 Statistics update:
	--- Time Statistics ---
	Total time elapsed: 65 milli (00:00:00)
		Main loop: 0 milli (00:00:00)
		Preprocessing time: 50 milli (00:00:00)
		Unknown: 15 milli (00:00:00)
	Breakdown for main loop:
		[0.00%] Simplex steps: 0 milli
		[0.00%] Explicit-basis bound tightening: 0 milli
		[0.00%] Constraint-matrix bound tightening: 0 milli
		[0.00%] Degradation checking: 0 milli
		[0.00%] Precision restoration: 0 milli
		[0.00%] Statistics handling: 0 milli
		[0.00%] Constraint-fixing steps: 0 milli
		[0.00%] Valid case splits: 2 milli. Average per split: 0.00 milli
		[0.00%] Applying stored bound-tightening: 0 milli
		[0.00%] SMT core: 0 milli
		[0.00%] Symbolic Bound Tightening: 8 milli
		[0.00%] SoI-based local search: 0 milli
		[0.00%] SoI-based local search: 0 milli
		[0.00%] Unaccounted for: 0 milli
	--- Preprocessor Statistics ---
	Number of preprocessor bound-tightening loop iterations: 8
	Number of eliminated variables: 0
	Number of constraints removed due to variable elimination: 0
	Number of equations removed due to variable elimination: 0
	--- Engine Statistics ---
	Number of main loop iterations: 1
		0 iterations were simplex steps. Total time: 0 milli. Average: 0.00 milli.
		0 iterations were constraint-fixing steps. Total time: 0 milli. Average: 0.00 milli
	Number of active piecewise-linear constraints: 197 / 300
		Constraints disabled by valid splits: 103. By SMT-originated splits: 0
	Last reported degradation: 0.0000000000. Max degradation so far: 0.0000000000. Restorations so far: 0
	Number of simplex pivots we attempted to skip because of instability: 0.
	Unstable pivots performed anyway: 0
	--- Tableau Statistics ---
	Total number of pivots performed: 0
		Real pivots: 0. Degenerate: 0 (0.00%)
		Degenerate pivots by request (e.g., to fix a PL constraint): 0 (0.00%)
		Average time per pivot: 0.00 milli
	Total number of fake pivots performed: 0
	Total number of rows added: 0. Number of merged columns: 0
	Current tableau dimensions: M = 604, N = 1518
	--- SMT Core Statistics ---
	Total depth is 0. Total visited states: 1. Number of splits: 0. Number of pops: 0
	Max stack depth: 0
	--- Bound Tightening Statistics ---
	Number of tightened bounds: 0.
		Number of rows examined by row tightener: 0. Consequent tightenings: 0
		Number of explicit basis matrices examined by row tightener: 0. Consequent tightenings: 0
		Number of bound tightening rounds on the entire constraint matrix: 0. Consequent tightenings: 0
		Number of bound notifications sent to PL constraints: 1800. Tightenings proposed: 0
	--- Basis Factorization statistics ---
	Number of basis refactorizations: 2
	--- Projected Steepest Edge Statistics ---
	Number of iterations: 0.
	Number of resets to reference space: 1. Avg. iterations per reset: 0
	--- SBT ---
	Number of tightened bounds: 730
	--- SoI-based local search ---
	Number of proposed phase pattern update: 0. Number of accepted update: 0 [0.00%]
	Total time (% of local search time) updating SoI phase pattern : 0 milli [0.00%]
	Total time obtaining current assignment: 0 milli [0.00%]
	Total time getting SoI phase pattern : 0 milli [0.00%]
	--- Context dependent statistics ---
	Number of pushes / pops: 0 / 0
		[0.00%] Pre-Push hook: 0 milli
		[0.00%] Push : 0 milli
		[0.00%] Post-Pop hook: 0 milli
		[0.00%] Pop : 0 milli
		[0.00%] Total context-switching time: 0 milli
	--- Proof Certificate ---
	Number of certified leaves: 0
	Number of leaves to delegate: 0
	Number of lemmas: 0

---
start solving without an agent
Performing precision restoration. Degradation before: 0.000359424996299. After: 0.000000000000112
Performing precision restoration. Degradation before: 0.000420789730878. After: 0.000000000000114


Engine: quitting due to timeout...

Final statistics:

11:57:51 Statistics update:
	--- Time Statistics ---
	Total time elapsed: 3600000 milli (01:00:00)
		Main loop: 3599516 milli (00:59:59)
		Preprocessing time: 50 milli (00:00:00)
		Unknown: 433 milli (00:00:00)
	Breakdown for main loop:
		[29.52%] Simplex steps: 1062429 milli
		[10.78%] Explicit-basis bound tightening: 387940 milli
		[0.00%] Constraint-matrix bound tightening: 0 milli
		[0.14%] Degradation checking: 5082 milli
		[0.00%] Precision restoration: 21 milli
		[0.08%] Statistics handling: 2802 milli
		[0.00%] Constraint-fixing steps: 0 milli
		[0.41%] Valid case splits: 14655 milli. Average per split: 0.00 milli
		[0.07%] Applying stored bound-tightening: 2498 milli
		[3.41%] SMT core: 122683 milli
		[40.91%] Symbolic Bound Tightening: 1472610 milli
		[23.68%] SoI-based local search: 852249 milli
		[0.00%] SoI-based local search: 0 milli
		[14.69%] Unaccounted for: 528792 milli
	--- Preprocessor Statistics ---
	Number of preprocessor bound-tightening loop iterations: 8
	Number of eliminated variables: 0
	Number of constraints removed due to variable elimination: 0
	Number of equations removed due to variable elimination: 0
	--- Engine Statistics ---
	Number of main loop iterations: 1675078
		1507460 iterations were simplex steps. Total time: 1062429 milli. Average: 0.70 milli.
		0 iterations were constraint-fixing steps. Total time: 0 milli. Average: 0.00 milli
	Number of active piecewise-linear constraints: 14 / 300
		Constraints disabled by valid splits: 257. By SMT-originated splits: 29
	Last reported degradation: 0.0000000000. Max degradation so far: 0.0004168478. Restorations so far: 2
	Number of simplex pivots we attempted to skip because of instability: 323.
	Unstable pivots performed anyway: 13
	--- Tableau Statistics ---
	Total number of pivots performed: 1009629
		Real pivots: 1002564. Degenerate: 7065 (0.70%)
		Degenerate pivots by request (e.g., to fix a PL constraint): 0 (0.00%)
		Average time per pivot: 0.08 milli
	Total number of fake pivots performed: 117375
	Total number of rows added: 0. Number of merged columns: 0
	Current tableau dimensions: M = 604, N = 1518
	--- SMT Core Statistics ---
	Total depth is 34. Total visited states: 139981. Number of splits: 70003. Number of pops: 69977
	Max stack depth: 82
	--- Bound Tightening Statistics ---
	Number of tightened bounds: 19683815.
		Number of rows examined by row tightener: 1009629. Consequent tightenings: 398084
		Number of explicit basis matrices examined by row tightener: 21652. Consequent tightenings: 5065863
		Number of bound tightening rounds on the entire constraint matrix: 0. Consequent tightenings: 0
		Number of bound notifications sent to PL constraints: 36301938. Tightenings proposed: 0
	--- Basis Factorization statistics ---
	Number of basis refactorizations: 7609
	--- Projected Steepest Edge Statistics ---
	Number of iterations: 1127314.
	Number of resets to reference space: 70004. Avg. iterations per reset: 16
	--- SBT ---
	Number of tightened bounds: 19678473
	--- SoI-based local search ---
	Number of proposed phase pattern update: 86529. Number of accepted update: 136987 [158.31%]
	Total time (% of local search time) updating SoI phase pattern : 10665022 milli [1.25%]
	Total time obtaining current assignment: 38499096 milli [4.52%]
	Total time getting SoI phase pattern : 3028078 milli [0.08%]
	--- Context dependent statistics ---
	Number of pushes / pops: 139984 / 139950
		[0.13%] Pre-Push hook: 4824 milli
		[0.00%] Push : 3 milli
		[0.13%] Post-Pop hook: 4693 milli
		[0.09%] Pop : 3410 milli
		[0.36%] Total context-switching time: 12931 milli
	--- Proof Certificate ---
	Number of certified leaves: 0
	Number of leaves to delegate: 0
	Number of lemmas: 0
Timeout
end run time: 11:57:51
DQN: Done solving. Time : 3600016 milli. 

start run time: 11:57:51
Network: /cs/labs/guykatz/maya.swisa/elbit/20_8/Marabou/resources/nnet/acasxu/ACASXU_experimental_v2a_1_1.nnet
Number of layers: 8. Input layer size: 5. Output layer size: 5. Number of ReLUs: 300
Total number of variables: 610
Property: /cs/labs/guykatz/maya.swisa/elbit/PROPERTY_1_08091/ex_0264_label_0/eps03.txt

Engine::processInputQuery: Input query (before preprocessing): 309 equations, 610 variables
Engine::processInputQuery: Input query (after preprocessing): 604 equations, 914 variables


Engine::solve: Initial statistics

11:57:51 Statistics update:
	--- Time Statistics ---
	Total time elapsed: 67 milli (00:00:00)
		Main loop: 0 milli (00:00:00)
		Preprocessing time: 46 milli (00:00:00)
		Unknown: 21 milli (00:00:00)
	Breakdown for main loop:
		[0.00%] Simplex steps: 0 milli
		[0.00%] Explicit-basis bound tightening: 0 milli
		[0.00%] Constraint-matrix bound tightening: 0 milli
		[0.00%] Degradation checking: 0 milli
		[0.00%] Precision restoration: 0 milli
		[0.00%] Statistics handling: 0 milli
		[0.00%] Constraint-fixing steps: 0 milli
		[0.00%] Valid case splits: 2 milli. Average per split: 0.00 milli
		[0.00%] Applying stored bound-tightening: 0 milli
		[0.00%] SMT core: 0 milli
		[0.00%] Symbolic Bound Tightening: 8 milli
		[0.00%] SoI-based local search: 0 milli
		[0.00%] SoI-based local search: 0 milli
		[0.00%] Unaccounted for: 0 milli
	--- Preprocessor Statistics ---
	Number of preprocessor bound-tightening loop iterations: 8
	Number of eliminated variables: 0
	Number of constraints removed due to variable elimination: 0
	Number of equations removed due to variable elimination: 0
	--- Engine Statistics ---
	Number of main loop iterations: 1
		0 iterations were simplex steps. Total time: 0 milli. Average: 0.00 milli.
		0 iterations were constraint-fixing steps. Total time: 0 milli. Average: 0.00 milli
	Number of active piecewise-linear constraints: 205 / 300
		Constraints disabled by valid splits: 95. By SMT-originated splits: 0
	Last reported degradation: 0.0000000000. Max degradation so far: 0.0000000000. Restorations so far: 0
	Number of simplex pivots we attempted to skip because of instability: 0.
	Unstable pivots performed anyway: 0
	--- Tableau Statistics ---
	Total number of pivots performed: 0
		Real pivots: 0. Degenerate: 0 (0.00%)
		Degenerate pivots by request (e.g., to fix a PL constraint): 0 (0.00%)
		Average time per pivot: 0.00 milli
	Total number of fake pivots performed: 0
	Total number of rows added: 0. Number of merged columns: 0
	Current tableau dimensions: M = 604, N = 1518
	--- SMT Core Statistics ---
	Total depth is 0. Total visited states: 1. Number of splits: 0. Number of pops: 0
	Max stack depth: 0
	--- Bound Tightening Statistics ---
	Number of tightened bounds: 0.
		Number of rows examined by row tightener: 0. Consequent tightenings: 0
		Number of explicit basis matrices examined by row tightener: 0. Consequent tightenings: 0
		Number of bound tightening rounds on the entire constraint matrix: 0. Consequent tightenings: 0
		Number of bound notifications sent to PL constraints: 1800. Tightenings proposed: 0
	--- Basis Factorization statistics ---
	Number of basis refactorizations: 2
	--- Projected Steepest Edge Statistics ---
	Number of iterations: 0.
	Number of resets to reference space: 1. Avg. iterations per reset: 0
	--- SBT ---
	Number of tightened bounds: 729
	--- SoI-based local search ---
	Number of proposed phase pattern update: 0. Number of accepted update: 0 [0.00%]
	Total time (% of local search time) updating SoI phase pattern : 0 milli [0.00%]
	Total time obtaining current assignment: 0 milli [0.00%]
	Total time getting SoI phase pattern : 0 milli [0.00%]
	--- Context dependent statistics ---
	Number of pushes / pops: 0 / 0
		[0.00%] Pre-Push hook: 0 milli
		[0.00%] Push : 0 milli
		[0.00%] Post-Pop hook: 0 milli
		[0.00%] Pop : 0 milli
		[0.00%] Total context-switching time: 0 milli
	--- Proof Certificate ---
	Number of certified leaves: 0
	Number of leaves to delegate: 0
	Number of lemmas: 0

---
start solving without an agent
Performing precision restoration. Degradation before: 0.001371064171678. After: 0.000000000000263
Performing precision restoration. Degradation before: 0.000040303130540. After: 0.000000000000105
Performing precision restoration. Degradation before: 0.000186451130966. After: 0.000000000003147


Engine: quitting due to timeout...

Final statistics:

12:57:51 Statistics update:
	--- Time Statistics ---
	Total time elapsed: 3600001 milli (01:00:00)
		Main loop: 3599506 milli (00:59:59)
		Preprocessing time: 46 milli (00:00:00)
		Unknown: 448 milli (00:00:00)
	Breakdown for main loop:
		[29.94%] Simplex steps: 1077559 milli
		[10.84%] Explicit-basis bound tightening: 390331 milli
		[0.00%] Constraint-matrix bound tightening: 0 milli
		[0.14%] Degradation checking: 5083 milli
		[0.00%] Precision restoration: 32 milli
		[0.09%] Statistics handling: 3101 milli
		[0.00%] Constraint-fixing steps: 0 milli
		[0.46%] Valid case splits: 16459 milli. Average per split: 0.00 milli
		[0.07%] Applying stored bound-tightening: 2443 milli
		[3.38%] SMT core: 121679 milli
		[40.27%] Symbolic Bound Tightening: 1449698 milli
		[24.16%] SoI-based local search: 869725 milli
		[0.00%] SoI-based local search: 0 milli
		[14.81%] Unaccounted for: 533118 milli
	--- Preprocessor Statistics ---
	Number of preprocessor bound-tightening loop iterations: 8
	Number of eliminated variables: 0
	Number of constraints removed due to variable elimination: 0
	Number of equations removed due to variable elimination: 0
	--- Engine Statistics ---
	Number of main loop iterations: 1755049
		1584492 iterations were simplex steps. Total time: 1077559 milli. Average: 0.68 milli.
		0 iterations were constraint-fixing steps. Total time: 0 milli. Average: 0.00 milli
	Number of active piecewise-linear constraints: 8 / 300
		Constraints disabled by valid splits: 259. By SMT-originated splits: 33
	Last reported degradation: 0.0000000000. Max degradation so far: 0.0013707897. Restorations so far: 3
	Number of simplex pivots we attempted to skip because of instability: 316.
	Unstable pivots performed anyway: 18
	--- Tableau Statistics ---
	Total number of pivots performed: 1083972
		Real pivots: 1076983. Degenerate: 6989 (0.64%)
		Degenerate pivots by request (e.g., to fix a PL constraint): 0 (0.00%)
		Average time per pivot: 0.08 milli
	Total number of fake pivots performed: 113955
	Total number of rows added: 0. Number of merged columns: 0
	Current tableau dimensions: M = 604, N = 1518
	--- SMT Core Statistics ---
	Total depth is 37. Total visited states: 141234. Number of splits: 70633. Number of pops: 70600
	Max stack depth: 82
	--- Bound Tightening Statistics ---
	Number of tightened bounds: 20705555.
		Number of rows examined by row tightener: 1083972. Consequent tightenings: 400081
		Number of explicit basis matrices examined by row tightener: 23578. Consequent tightenings: 5421398
		Number of bound tightening rounds on the entire constraint matrix: 0. Consequent tightenings: 0
		Number of bound notifications sent to PL constraints: 38619043. Tightenings proposed: 0
	--- Basis Factorization statistics ---
	Number of basis refactorizations: 8191
	--- Projected Steepest Edge Statistics ---
	Number of iterations: 1198225.
	Number of resets to reference space: 70639. Avg. iterations per reset: 16
	--- SBT ---
	Number of tightened bounds: 20697176
	--- SoI-based local search ---
	Number of proposed phase pattern update: 87809. Number of accepted update: 137937 [157.09%]
	Total time (% of local search time) updating SoI phase pattern : 10496123 milli [1.21%]
	Total time obtaining current assignment: 37118157 milli [4.27%]
	Total time getting SoI phase pattern : 3058066 milli [0.08%]
	--- Context dependent statistics ---
	Number of pushes / pops: 141238 / 141201
		[0.14%] Pre-Push hook: 4924 milli
		[0.00%] Push : 1 milli
		[0.13%] Post-Pop hook: 4548 milli
		[0.10%] Pop : 3744 milli
		[0.37%] Total context-switching time: 13219 milli
	--- Proof Certificate ---
	Number of certified leaves: 0
	Number of leaves to delegate: 0
	Number of lemmas: 0
Timeout
end run time: 12:57:51
DQN: Done solving. Time : 3600025 milli. 

