[] ex=acas_property_1.txt net=ACASXU_experimental_v2a_3_8.onnx …
[25] processing acas_property_1.txt …
start run time: 14:38:51
Network: /cs/labs/guykatz/maya.swisa/elbit/20_8/Marabou/resources/onnx/acasxu/ACASXU_experimental_v2a_3_8.onnx
Property: /cs/labs/guykatz/maya.swisa/elbit/20_8/Marabou/resources/properties/acas_property_1.txt

Engine::processInputQuery: Input query (before preprocessing): 310 equations, 615 variables
Engine::processInputQuery: Input query (after preprocessing): 605 equations, 915 variables


Engine::solve: Initial statistics

14:38:51 Statistics update:
	--- Time Statistics ---
	Total time elapsed: 73 milli (00:00:00)
		Main loop: 0 milli (00:00:00)
		Preprocessing time: 44 milli (00:00:00)
		Unknown: 28 milli (00:00:00)
	Breakdown for main loop:
		[0.00%] Simplex steps: 0 milli
		[0.00%] Explicit-basis bound tightening: 0 milli
		[0.00%] Constraint-matrix bound tightening: 0 milli
		[0.00%] Degradation checking: 0 milli
		[0.00%] Precision restoration: 0 milli
		[0.00%] Statistics handling: 0 milli
		[0.00%] Constraint-fixing steps: 0 milli
		[0.00%] Valid case splits: 0 milli. Average per split: 0.00 milli
		[0.00%] Applying stored bound-tightening: 0 milli
		[0.00%] SMT core: 0 milli
		[0.00%] Symbolic Bound Tightening: 6 milli
		[0.00%] SoI-based local search: 0 milli
		[0.00%] SoI-based local search: 0 milli
		[0.00%] Unaccounted for: 0 milli
	--- Preprocessor Statistics ---
	Number of preprocessor bound-tightening loop iterations: 9
	Number of eliminated variables: 0
	Number of constraints removed due to variable elimination: 0
	Number of equations removed due to variable elimination: 0
	--- Engine Statistics ---
	Number of main loop iterations: 1
		0 iterations were simplex steps. Total time: 0 milli. Average: 0.00 milli.
		0 iterations were constraint-fixing steps. Total time: 0 milli. Average: 0.00 milli
	Number of active piecewise-linear constraints: 273 / 300
		Constraints disabled by valid splits: 27. By SMT-originated splits: 0
	Last reported degradation: 0.0000000000. Max degradation so far: 0.0000000000. Restorations so far: 0
	Number of simplex pivots we attempted to skip because of instability: 0.
	Unstable pivots performed anyway: 0
	--- Tableau Statistics ---
	Total number of pivots performed: 0
		Real pivots: 0. Degenerate: 0 (0.00%)
		Degenerate pivots by request (e.g., to fix a PL constraint): 0 (0.00%)
		Average time per pivot: 0.00 milli
	Total number of fake pivots performed: 0
	Total number of rows added: 0. Number of merged columns: 0
	Current tableau dimensions: M = 605, N = 1520
	--- SMT Core Statistics ---
	Total depth is 0. Total visited states: 1. Number of splits: 0. Number of pops: 0
	Max stack depth: 0
	--- Bound Tightening Statistics ---
	Number of tightened bounds: 0.
		Number of rows examined by row tightener: 0. Consequent tightenings: 0
		Number of explicit basis matrices examined by row tightener: 0. Consequent tightenings: 0
		Number of bound tightening rounds on the entire constraint matrix: 0. Consequent tightenings: 0
		Number of bound notifications sent to PL constraints: 1800. Tightenings proposed: 0
	--- Basis Factorization statistics ---
	Number of basis refactorizations: 2
	--- Projected Steepest Edge Statistics ---
	Number of iterations: 0.
	Number of resets to reference space: 1. Avg. iterations per reset: 0
	--- SBT ---
	Number of tightened bounds: 752
	--- SoI-based local search ---
	Number of proposed phase pattern update: 0. Number of accepted update: 0 [0.00%]
	Total time (% of local search time) updating SoI phase pattern : 0 milli [0.00%]
	Total time obtaining current assignment: 0 milli [0.00%]
	Total time getting SoI phase pattern : 0 milli [0.00%]
	--- Context dependent statistics ---
	Number of pushes / pops: 0 / 0
		[0.00%] Pre-Push hook: 0 milli
		[0.00%] Push : 0 milli
		[0.00%] Post-Pop hook: 0 milli
		[0.00%] Pop : 0 milli
		[0.00%] Total context-switching time: 0 milli
	--- Proof Certificate ---
	Number of certified leaves: 0
	Number of leaves to delegate: 0
	Number of lemmas: 0

---
start solving without an agent
MalformedBasisException caught!
Performing precision restoration. Degradation before: 0.000008378139179. After: 0.000000000000071
MalformedBasisException caught!
Performing precision restoration. Degradation before: 0.000003989549150. After: 0.000000000000310
High degradation found!
Performing precision restoration. Degradation before: 6.229480055392313. After: 0.000000000004187
MalformedBasisException caught!
Performing precision restoration. Degradation before: 0.000009948647935. After: 0.000000000000086
High degradation found!
Performing precision restoration. Degradation before: 1.893787386866483. After: 0.000000000036967
MalformedBasisException caught!
Performing precision restoration. Degradation before: 0.000000351552627. After: 0.000000000000225
Performing precision restoration. Degradation before: 0.002137571708419. After: 0.000000000003159
High degradation found!
Performing precision restoration. Degradation before: 0.481634148563684. After: 0.000000000007922
High degradation found!
Performing precision restoration. Degradation before: 0.483004285800529. After: 0.000000000002877
Performing precision restoration. Degradation before: 0.014929905398638. After: 0.000000000001946
MalformedBasisException caught!
Performing precision restoration. Degradation before: 0.000000677686417. After: 0.000000000000061
Performing precision restoration. Degradation before: 0.072514758768079. After: 0.000000000043971
High degradation found!
Performing precision restoration. Degradation before: 0.238447445793891. After: 0.000000000008168
MalformedBasisException caught!
Performing precision restoration. Degradation before: 0.000003571059951. After: 0.000000000000064
Performing precision restoration. Degradation before: 0.001284487807585. After: 0.000000000004470
Performing precision restoration. Degradation before: 0.002993443124558. After: 0.000000000004011
MalformedBasisException caught!
Performing precision restoration. Degradation before: 0.000008509385112. After: 0.000000000000348
MalformedBasisException caught!
Performing precision restoration. Degradation before: 0.000994638905221. After: 0.000000000000079
MalformedBasisException caught!
Performing precision restoration. Degradation before: 0.003939415525318. After: 0.000000000000106
MalformedBasisException caught!
Performing precision restoration. Degradation before: 0.000007260607297. After: 0.000000000000103
MalformedBasisException caught!
Performing precision restoration. Degradation before: 0.000007167851924. After: 0.000000000000090
Performing precision restoration. Degradation before: 0.034590904187621. After: 0.000000000009595
MalformedBasisException caught!
Performing precision restoration. Degradation before: 0.000000380548416. After: 0.000000000000086
MalformedBasisException caught!
Performing precision restoration. Degradation before: 0.000027649061862. After: 0.000000000000231
Performing precision restoration. Degradation before: 0.008785855091915. After: 0.000000000001261
High degradation found!
Performing precision restoration. Degradation before: 1.162351650906850. After: 0.000000000005636


Engine: quitting due to timeout...

Final statistics:

15:38:51 Statistics update:
	--- Time Statistics ---
	Total time elapsed: 3600000 milli (01:00:00)
		Main loop: 3599192 milli (00:59:59)
		Preprocessing time: 44 milli (00:00:00)
		Unknown: 763 milli (00:00:00)
	Breakdown for main loop:
		[68.12%] Simplex steps: 2451791 milli
		[18.91%] Explicit-basis bound tightening: 680544 milli
		[0.00%] Constraint-matrix bound tightening: 0 milli
		[0.19%] Degradation checking: 6807 milli
		[0.01%] Precision restoration: 230 milli
		[0.07%] Statistics handling: 2537 milli
		[0.00%] Constraint-fixing steps: 0 milli
		[0.09%] Valid case splits: 3081 milli. Average per split: 0.00 milli
		[0.01%] Applying stored bound-tightening: 279 milli
		[0.99%] SMT core: 35566 milli
		[9.15%] Symbolic Bound Tightening: 329400 milli
		[53.62%] SoI-based local search: 1929893 milli
		[0.00%] SoI-based local search: 0 milli
		[2.47%] Unaccounted for: 88953 milli
	--- Preprocessor Statistics ---
	Number of preprocessor bound-tightening loop iterations: 9
	Number of eliminated variables: 0
	Number of constraints removed due to variable elimination: 0
	Number of equations removed due to variable elimination: 0
	--- Engine Statistics ---
	Number of main loop iterations: 3408366
		3350183 iterations were simplex steps. Total time: 2451791 milli. Average: 0.73 milli.
		0 iterations were constraint-fixing steps. Total time: 0 milli. Average: 0.00 milli
	Number of active piecewise-linear constraints: 102 / 300
		Constraints disabled by valid splits: 150. By SMT-originated splits: 48
	Last reported degradation: 0.0000000004. Max degradation so far: 6.2294800554. Restorations so far: 26
	Number of simplex pivots we attempted to skip because of instability: 9502.
	Unstable pivots performed anyway: 151
	--- Tableau Statistics ---
	Total number of pivots performed: 3116646
		Real pivots: 3107974. Degenerate: 8672 (0.28%)
		Degenerate pivots by request (e.g., to fix a PL constraint): 0 (0.00%)
		Average time per pivot: 0.08 milli
	Total number of fake pivots performed: 133907
	Total number of rows added: 0. Number of merged columns: 0
	Current tableau dimensions: M = 605, N = 1520
	--- SMT Core Statistics ---
	Total depth is 52. Total visited states: 41212. Number of splits: 20628. Number of pops: 20583
	Max stack depth: 76
	--- Bound Tightening Statistics ---
	Number of tightened bounds: 7433909.
		Number of rows examined by row tightener: 3116646. Consequent tightenings: 125168
		Number of explicit basis matrices examined by row tightener: 15492. Consequent tightenings: 562519
		Number of bound tightening rounds on the entire constraint matrix: 0. Consequent tightenings: 0
		Number of bound notifications sent to PL constraints: 12427174. Tightenings proposed: 0
	--- Basis Factorization statistics ---
	Number of basis refactorizations: 27725
	--- Projected Steepest Edge Statistics ---
	Number of iterations: 3259904.
	Number of resets to reference space: 21146. Avg. iterations per reset: 154
	--- SBT ---
	Number of tightened bounds: 7355621
	--- SoI-based local search ---
	Number of proposed phase pattern update: 22659. Number of accepted update: 41351 [182.49%]
	Total time (% of local search time) updating SoI phase pattern : 3460354 milli [0.18%]
	Total time obtaining current assignment: 8269854 milli [0.43%]
	Total time getting SoI phase pattern : 1888139 milli [0.05%]
	--- Context dependent statistics ---
	Number of pushes / pops: 41212 / 41160
		[0.04%] Pre-Push hook: 1473 milli
		[0.00%] Push : 0 milli
		[0.04%] Post-Pop hook: 1478 milli
		[0.05%] Pop : 1783 milli
		[0.13%] Total context-switching time: 4735 milli
	--- Proof Certificate ---
	Number of certified leaves: 0
	Number of leaves to delegate: 0
	Number of lemmas: 0
Timeout
end run time: 15:38:51
