[] ex=acas_property_1.txt net=ACASXU_experimental_v2a_2_6.onnx …
[14] processing acas_property_1.txt …
start run time: 14:37:26
Network: /cs/labs/guykatz/maya.swisa/elbit/20_8/Marabou/resources/onnx/acasxu/ACASXU_experimental_v2a_2_6.onnx
Property: /cs/labs/guykatz/maya.swisa/elbit/20_8/Marabou/resources/properties/acas_property_1.txt

Engine::processInputQuery: Input query (before preprocessing): 310 equations, 615 variables
Engine::processInputQuery: Input query (after preprocessing): 605 equations, 915 variables


Engine::solve: Initial statistics

14:37:26 Statistics update:
	--- Time Statistics ---
	Total time elapsed: 105 milli (00:00:00)
		Main loop: 0 milli (00:00:00)
		Preprocessing time: 43 milli (00:00:00)
		Unknown: 61 milli (00:00:00)
	Breakdown for main loop:
		[0.00%] Simplex steps: 0 milli
		[0.00%] Explicit-basis bound tightening: 0 milli
		[0.00%] Constraint-matrix bound tightening: 0 milli
		[0.00%] Degradation checking: 0 milli
		[0.00%] Precision restoration: 0 milli
		[0.00%] Statistics handling: 0 milli
		[0.00%] Constraint-fixing steps: 0 milli
		[0.00%] Valid case splits: 0 milli. Average per split: 0.00 milli
		[0.00%] Applying stored bound-tightening: 0 milli
		[0.00%] SMT core: 0 milli
		[0.00%] Symbolic Bound Tightening: 6 milli
		[0.00%] SoI-based local search: 0 milli
		[0.00%] SoI-based local search: 0 milli
		[0.00%] Unaccounted for: 0 milli
	--- Preprocessor Statistics ---
	Number of preprocessor bound-tightening loop iterations: 9
	Number of eliminated variables: 0
	Number of constraints removed due to variable elimination: 0
	Number of equations removed due to variable elimination: 0
	--- Engine Statistics ---
	Number of main loop iterations: 1
		0 iterations were simplex steps. Total time: 0 milli. Average: 0.00 milli.
		0 iterations were constraint-fixing steps. Total time: 0 milli. Average: 0.00 milli
	Number of active piecewise-linear constraints: 274 / 300
		Constraints disabled by valid splits: 26. By SMT-originated splits: 0
	Last reported degradation: 0.0000000000. Max degradation so far: 0.0000000000. Restorations so far: 0
	Number of simplex pivots we attempted to skip because of instability: 0.
	Unstable pivots performed anyway: 0
	--- Tableau Statistics ---
	Total number of pivots performed: 0
		Real pivots: 0. Degenerate: 0 (0.00%)
		Degenerate pivots by request (e.g., to fix a PL constraint): 0 (0.00%)
		Average time per pivot: 0.00 milli
	Total number of fake pivots performed: 0
	Total number of rows added: 0. Number of merged columns: 0
	Current tableau dimensions: M = 605, N = 1520
	--- SMT Core Statistics ---
	Total depth is 0. Total visited states: 1. Number of splits: 0. Number of pops: 0
	Max stack depth: 0
	--- Bound Tightening Statistics ---
	Number of tightened bounds: 0.
		Number of rows examined by row tightener: 0. Consequent tightenings: 0
		Number of explicit basis matrices examined by row tightener: 0. Consequent tightenings: 0
		Number of bound tightening rounds on the entire constraint matrix: 0. Consequent tightenings: 0
		Number of bound notifications sent to PL constraints: 1800. Tightenings proposed: 0
	--- Basis Factorization statistics ---
	Number of basis refactorizations: 2
	--- Projected Steepest Edge Statistics ---
	Number of iterations: 0.
	Number of resets to reference space: 1. Avg. iterations per reset: 0
	--- SBT ---
	Number of tightened bounds: 758
	--- SoI-based local search ---
	Number of proposed phase pattern update: 0. Number of accepted update: 0 [0.00%]
	Total time (% of local search time) updating SoI phase pattern : 0 milli [0.00%]
	Total time obtaining current assignment: 0 milli [0.00%]
	Total time getting SoI phase pattern : 0 milli [0.00%]
	--- Context dependent statistics ---
	Number of pushes / pops: 0 / 0
		[0.00%] Pre-Push hook: 0 milli
		[0.00%] Push : 0 milli
		[0.00%] Post-Pop hook: 0 milli
		[0.00%] Pop : 0 milli
		[0.00%] Total context-switching time: 0 milli
	--- Proof Certificate ---
	Number of certified leaves: 0
	Number of leaves to delegate: 0
	Number of lemmas: 0

---
start solving without an agent
High degradation found!
Performing precision restoration. Degradation before: 0.132489167454659. After: 0.000000000005146
MalformedBasisException caught!
Performing precision restoration. Degradation before: 0.000001312912265. After: 0.000000000000075
High degradation found!
Performing precision restoration. Degradation before: 0.300748554967826. After: 0.000000000013837
High degradation found!
Performing precision restoration. Degradation before: 0.142168554747751. After: 0.000000000070355
MalformedBasisException caught!
Performing precision restoration. Degradation before: 0.009935079726752. After: 0.000000000000092
MalformedBasisException caught!
Performing precision restoration. Degradation before: 0.000006412434971. After: 0.000000000000063
MalformedBasisException caught!
Performing precision restoration. Degradation before: 0.002806965007299. After: 0.000000000000059
High degradation found!
Performing precision restoration. Degradation before: 0.113822586601783. After: 0.000000000009371
MalformedBasisException caught!
Performing precision restoration. Degradation before: 0.000000082385219. After: 0.000000000000110
MalformedBasisException caught!
Performing precision restoration. Degradation before: 0.000005030048433. After: 0.000000000000811


Engine: quitting due to timeout...

Final statistics:

15:37:26 Statistics update:
	--- Time Statistics ---
	Total time elapsed: 3600111 milli (01:00:00)
		Main loop: 3599051 milli (00:59:59)
		Preprocessing time: 43 milli (00:00:00)
		Unknown: 1016 milli (00:00:01)
	Breakdown for main loop:
		[65.75%] Simplex steps: 2366499 milli
		[21.41%] Explicit-basis bound tightening: 770391 milli
		[0.00%] Constraint-matrix bound tightening: 0 milli
		[0.18%] Degradation checking: 6374 milli
		[0.00%] Precision restoration: 72 milli
		[0.10%] Statistics handling: 3579 milli
		[0.00%] Constraint-fixing steps: 0 milli
		[0.11%] Valid case splits: 3875 milli. Average per split: 0.00 milli
		[0.01%] Applying stored bound-tightening: 340 milli
		[0.72%] SMT core: 25766 milli
		[9.38%] Symbolic Bound Tightening: 337545 milli
		[46.87%] SoI-based local search: 1686917 milli
		[0.00%] SoI-based local search: 0 milli
		[2.35%] Unaccounted for: 84604 milli
	--- Preprocessor Statistics ---
	Number of preprocessor bound-tightening loop iterations: 9
	Number of eliminated variables: 0
	Number of constraints removed due to variable elimination: 0
	Number of equations removed due to variable elimination: 0
	--- Engine Statistics ---
	Number of main loop iterations: 3482308
		3426189 iterations were simplex steps. Total time: 2366499 milli. Average: 0.69 milli.
		0 iterations were constraint-fixing steps. Total time: 0 milli. Average: 0.00 milli
	Number of active piecewise-linear constraints: 89 / 300
		Constraints disabled by valid splits: 164. By SMT-originated splits: 47
	Last reported degradation: 0.0000000000. Max degradation so far: 0.3007485550. Restorations so far: 10
	Number of simplex pivots we attempted to skip because of instability: 6698.
	Unstable pivots performed anyway: 96
	--- Tableau Statistics ---
	Total number of pivots performed: 3226234
		Real pivots: 3212655. Degenerate: 13579 (0.42%)
		Degenerate pivots by request (e.g., to fix a PL constraint): 0 (0.00%)
		Average time per pivot: 0.08 milli
	Total number of fake pivots performed: 96520
	Total number of rows added: 0. Number of merged columns: 0
	Current tableau dimensions: M = 605, N = 1520
	--- SMT Core Statistics ---
	Total depth is 51. Total visited states: 41510. Number of splits: 20775. Number of pops: 20734
	Max stack depth: 61
	--- Bound Tightening Statistics ---
	Number of tightened bounds: 6774944.
		Number of rows examined by row tightener: 3226234. Consequent tightenings: 219165
		Number of explicit basis matrices examined by row tightener: 19358. Consequent tightenings: 431226
		Number of bound tightening rounds on the entire constraint matrix: 0. Consequent tightenings: 0
		Number of bound notifications sent to PL constraints: 11678580. Tightenings proposed: 0
	--- Basis Factorization statistics ---
	Number of basis refactorizations: 29783
	--- Projected Steepest Edge Statistics ---
	Number of iterations: 3329356.
	Number of resets to reference space: 20970. Avg. iterations per reset: 158
	--- SBT ---
	Number of tightened bounds: 6745302
	--- SoI-based local search ---
	Number of proposed phase pattern update: 22784. Number of accepted update: 41546 [182.35%]
	Total time (% of local search time) updating SoI phase pattern : 3269120 milli [0.19%]
	Total time obtaining current assignment: 7953927 milli [0.47%]
	Total time getting SoI phase pattern : 2119201 milli [0.06%]
	--- Context dependent statistics ---
	Number of pushes / pops: 41509 / 41458
		[0.03%] Pre-Push hook: 939 milli
		[0.00%] Push : 0 milli
		[0.04%] Post-Pop hook: 1451 milli
		[0.02%] Pop : 619 milli
		[0.08%] Total context-switching time: 3011 milli
	--- Proof Certificate ---
	Number of certified leaves: 0
	Number of leaves to delegate: 0
	Number of lemmas: 0
Timeout
end run time: 15:37:26
